# nnet3-latgen-faster --frames-per-chunk=50 --extra-left-context=0 --extra-right-context=0 --extra-left-context-initial=-1 --extra-right-context-final=-1 --minimize=false --max-active=7000 --min-active=200 --beam=15.0 --lattice-beam=8.0 --acoustic-scale=0.1 --allow-partial=true --word-symbol-table=exp/tri5a/graph/words.txt exp/nnet3/new_dnn_sp/final.mdl exp/tri5a/graph/HCLG.fst "ark,s,cs:apply-cmvn --norm-means=false --norm-vars=false --utt2spk=ark:data/test_hires/split20/1/utt2spk scp:data/test_hires/split20/1/cmvn.scp scp:data/test_hires/split20/1/feats.scp ark:- |" "ark:|gzip -c >exp/nnet3/new_dnn_sp/decode_test/lat.1.gz" 
# Started at Sat Jun 18 21:11:39 CST 2022
#
nnet3-latgen-faster --frames-per-chunk=50 --extra-left-context=0 --extra-right-context=0 --extra-left-context-initial=-1 --extra-right-context-final=-1 --minimize=false --max-active=7000 --min-active=200 --beam=15.0 --lattice-beam=8.0 --acoustic-scale=0.1 --allow-partial=true --word-symbol-table=exp/tri5a/graph/words.txt exp/nnet3/new_dnn_sp/final.mdl exp/tri5a/graph/HCLG.fst 'ark,s,cs:apply-cmvn --norm-means=false --norm-vars=false --utt2spk=ark:data/test_hires/split20/1/utt2spk scp:data/test_hires/split20/1/cmvn.scp scp:data/test_hires/split20/1/feats.scp ark:- |' 'ark:|gzip -c >exp/nnet3/new_dnn_sp/decode_test/lat.1.gz' 
LOG (nnet3-latgen-faster[5.5]:RemoveOrphanNodes():nnet-nnet.cc:948) Removed 1 orphan nodes.
LOG (nnet3-latgen-faster[5.5]:RemoveOrphanComponents():nnet-nnet.cc:847) Removing 2 orphan components.
LOG (nnet3-latgen-faster[5.5]:Collapse():nnet-utils.cc:1488) Added 1 components, removed 2
apply-cmvn --norm-means=false --norm-vars=false --utt2spk=ark:data/test_hires/split20/1/utt2spk scp:data/test_hires/split20/1/cmvn.scp scp:data/test_hires/split20/1/feats.scp ark:- 
BAC009S0764W0121 甚至 出现 交易 几乎 停止 的 情况 
LOG (nnet3-latgen-faster[5.5]:DecodeUtteranceLatticeFaster():decoder-wrappers.cc:375) Log-like per frame for utterance BAC009S0764W0121 is 0.411538 over 418 frames.
BAC009S0764W0122 一二 线 城市 虽然 也 处于 调整 中 
LOG (nnet3-latgen-faster[5.5]:DecodeUtteranceLatticeFaster():decoder-wrappers.cc:375) Log-like per frame for utterance BAC009S0764W0122 is 0.417654 over 410 frames.
BAC009S0764W0123 但 因为 聚集 了 过多 功过 四元 
LOG (nnet3-latgen-faster[5.5]:DecodeUtteranceLatticeFaster():decoder-wrappers.cc:375) Log-like per frame for utterance BAC009S0764W0123 is 0.378424 over 398 frames.
BAC009S0764W0124 为了 规避 三四 线 城市 明显 过剩 的 市场 风险 
LOG (nnet3-latgen-faster[5.5]:DecodeUtteranceLatticeFaster():decoder-wrappers.cc:375) Log-like per frame for utterance BAC009S0764W0124 is 0.477121 over 522 frames.
BAC009S0764W0125 标杆 房企 必然 调整 市场 战略 
LOG (nnet3-latgen-faster[5.5]:DecodeUtteranceLatticeFaster():decoder-wrappers.cc:375) Log-like per frame for utterance BAC009S0764W0125 is 0.424957 over 429 frames.
BAC009S0764W0126 因此 土地 储备 至关 重要 
LOG (nnet3-latgen-faster[5.5]:DecodeUtteranceLatticeFaster():decoder-wrappers.cc:375) Log-like per frame for utterance BAC009S0764W0126 is 0.447956 over 348 frames.
BAC009S0764W0127 中原 地产 首席 分析 师 张大 伟 说 
LOG (nnet3-latgen-faster[5.5]:DecodeUtteranceLatticeFaster():decoder-wrappers.cc:375) Log-like per frame for utterance BAC009S0764W0127 is 0.520678 over 443 frames.
BAC009S0764W0128 一 线 城市 土地 供应 量 减少 
LOG (nnet3-latgen-faster[5.5]:DecodeUtteranceLatticeFaster():decoder-wrappers.cc:375) Log-like per frame for utterance BAC009S0764W0128 is 0.457349 over 355 frames.
BAC009S0764W0129 也 助推 了 土地 市场 的 火爆 
LOG (nnet3-latgen-faster[5.5]:DecodeUtteranceLatticeFaster():decoder-wrappers.cc:375) Log-like per frame for utterance BAC009S0764W0129 is 0.423651 over 357 frames.
BAC009S0764W0130 被 精简 以新 宗 住宅 土地 供应 石松 
LOG (nnet3-latgen-faster[5.5]:DecodeUtteranceLatticeFaster():decoder-wrappers.cc:375) Log-like per frame for utterance BAC009S0764W0130 is 0.375011 over 523 frames.
BAC009S0764W0131 开发 边界 将 作为 城市 发展 的刚 性 约定 
LOG (nnet3-latgen-faster[5.5]:DecodeUtteranceLatticeFaster():decoder-wrappers.cc:375) Log-like per frame for utterance BAC009S0764W0131 is 0.511947 over 498 frames.
BAC009S0764W0132 不 得超 越界 限 盲目 扩张 
LOG (nnet3-latgen-faster[5.5]:DecodeUtteranceLatticeFaster():decoder-wrappers.cc:375) Log-like per frame for utterance BAC009S0764W0132 is 0.493844 over 364 frames.
BAC009S0764W0133 目前 挂牌 的 只要 给 宗 土地 
LOG (nnet3-latgen-faster[5.5]:DecodeUtteranceLatticeFaster():decoder-wrappers.cc:375) Log-like per frame for utterance BAC009S0764W0133 is 0.358945 over 354 frames.
BAC009S0764W0134 再 加 上 近期 一二 线 楼市 升温 
LOG (nnet3-latgen-faster[5.5]:DecodeUtteranceLatticeFaster():decoder-wrappers.cc:375) Log-like per frame for utterance BAC009S0764W0134 is 0.431517 over 417 frames.
BAC009S0764W0135 房企 对 土地 的 争抢 更加 积极 
LOG (nnet3-latgen-faster[5.5]:DecodeUtteranceLatticeFaster():decoder-wrappers.cc:375) Log-like per frame for utterance BAC009S0764W0135 is 0.425041 over 388 frames.
BAC009S0764W0136 土地 市场 体现 了 房企 对 一二 线 市场 的 看中 
LOG (nnet3-latgen-faster[5.5]:DecodeUtteranceLatticeFaster():decoder-wrappers.cc:375) Log-like per frame for utterance BAC009S0764W0136 is 0.436633 over 502 frames.
BAC009S0764W0137 年报 价格 会 跟风 上涨 吗 
LOG (nnet3-latgen-faster[5.5]:DecodeUtteranceLatticeFaster():decoder-wrappers.cc:375) Log-like per frame for utterance BAC009S0764W0137 is 0.403319 over 359 frames.
BAC009S0764W0138 成交 量 环比 大幅 增加 
LOG (nnet3-latgen-faster[5.5]:DecodeUtteranceLatticeFaster():decoder-wrappers.cc:375) Log-like per frame for utterance BAC009S0764W0138 is 0.462027 over 356 frames.
BAC009S0764W0139 国家 统计 局 的 数据 显示 
LOG (nnet3-latgen-faster[5.5]:DecodeUtteranceLatticeFaster():decoder-wrappers.cc:375) Log-like per frame for utterance BAC009S0764W0139 is 0.463027 over 331 frames.
BAC009S0764W0140 其中 广州 深圳 甚至 出现 了 多 个 日光 盘 
LOG (nnet3-latgen-faster[5.5]:DecodeUtteranceLatticeFaster():decoder-wrappers.cc:375) Log-like per frame for utterance BAC009S0764W0140 is 0.440917 over 615 frames.
BAC009S0764W0141 刘 三年 到 去年 
LOG (nnet3-latgen-faster[5.5]:DecodeUtteranceLatticeFaster():decoder-wrappers.cc:375) Log-like per frame for utterance BAC009S0764W0141 is 0.350581 over 248 frames.
BAC009S0764W0142 市场 基数 也 不 可 同日 而 语 
LOG (nnet3-latgen-faster[5.5]:DecodeUtteranceLatticeFaster():decoder-wrappers.cc:375) Log-like per frame for utterance BAC009S0764W0142 is 0.443305 over 345 frames.
BAC009S0764W0143 赛 市场 整体 从 高速 增长 进入 中 高速 增长 区间 的 同时 
LOG (nnet3-latgen-faster[5.5]:DecodeUtteranceLatticeFaster():decoder-wrappers.cc:375) Log-like per frame for utterance BAC009S0764W0143 is 0.421898 over 710 frames.
BAC009S0764W0144 一 线 城市 在 价格 较高 的 基础 上 整体 回升 并 领涨 全国 
LOG (nnet3-latgen-faster[5.5]:DecodeUtteranceLatticeFaster():decoder-wrappers.cc:375) Log-like per frame for utterance BAC009S0764W0144 is 0.452782 over 685 frames.
BAC009S0764W0145 绝 大部 分 三线 城市 房价 仍然 下降 
LOG (nnet3-latgen-faster[5.5]:DecodeUtteranceLatticeFaster():decoder-wrappers.cc:375) Log-like per frame for utterance BAC009S0764W0145 is 0.470025 over 534 frames.
BAC009S0764W0146 一 线 楼市 成交 量 激增 
LOG (nnet3-latgen-faster[5.5]:DecodeUtteranceLatticeFaster():decoder-wrappers.cc:375) Log-like per frame for utterance BAC009S0764W0146 is 0.389607 over 373 frames.
BAC009S0764W0147 三四 线 城市 依然 隆情 
LOG (nnet3-latgen-faster[5.5]:DecodeUtteranceLatticeFaster():decoder-wrappers.cc:375) Log-like per frame for utterance BAC009S0764W0147 is 0.354669 over 314 frames.
BAC009S0764W0148 根据 中原 地产 研究 中心 最 新 数据 
LOG (nnet3-latgen-faster[5.5]:DecodeUtteranceLatticeFaster():decoder-wrappers.cc:375) Log-like per frame for utterance BAC009S0764W0148 is 0.497587 over 425 frames.
BAC009S0764W0149 一 线 城市 签约 十七 万 套 
LOG (nnet3-latgen-faster[5.5]:DecodeUtteranceLatticeFaster():decoder-wrappers.cc:375) Log-like per frame for utterance BAC009S0764W0149 is 0.403475 over 332 frames.
BAC009S0764W0150 同比 涨幅 达到 百分 之 四 
LOG (nnet3-latgen-faster[5.5]:DecodeUtteranceLatticeFaster():decoder-wrappers.cc:375) Log-like per frame for utterance BAC009S0764W0150 is 0.478663 over 337 frames.
BAC009S0764W0151 三线 城市 签约 十六 万 套 
LOG (nnet3-latgen-faster[5.5]:DecodeUtteranceLatticeFaster():decoder-wrappers.cc:375) Log-like per frame for utterance BAC009S0764W0151 is 0.389145 over 348 frames.
BAC009S0764W0152 四 线 城市 成交 量 有 轻微 下调 
LOG (nnet3-latgen-faster[5.5]:DecodeUtteranceLatticeFaster():decoder-wrappers.cc:375) Log-like per frame for utterance BAC009S0764W0152 is 0.433461 over 386 frames.
BAC009S0764W0153 住房 城乡 建设 部 政策 研究 中心 主任 秦 虹 表示 
LOG (nnet3-latgen-faster[5.5]:DecodeUtteranceLatticeFaster():decoder-wrappers.cc:375) Log-like per frame for utterance BAC009S0764W0153 is 0.506426 over 611 frames.
BAC009S0764W0154 我 国房 地产 市场 过去 从 体 偏紧 部分 地区 国际 
LOG (nnet3-latgen-faster[5.5]:DecodeUtteranceLatticeFaster():decoder-wrappers.cc:375) Log-like per frame for utterance BAC009S0764W0154 is 0.43143 over 585 frames.
BAC009S0764W0155 总体 片 松 部分 地区 过剩 
LOG (nnet3-latgen-faster[5.5]:DecodeUtteranceLatticeFaster():decoder-wrappers.cc:375) Log-like per frame for utterance BAC009S0764W0155 is 0.362048 over 340 frames.
BAC009S0764W0156 当 供给 原来 会 与 需求 时 
LOG (nnet3-latgen-faster[5.5]:DecodeUtteranceLatticeFaster():decoder-wrappers.cc:375) Log-like per frame for utterance BAC009S0764W0156 is 0.322978 over 362 frames.
BAC009S0764W0157 很 难 出现 去年 那样 的 楼市 暴涨 
LOG (nnet3-latgen-faster[5.5]:DecodeUtteranceLatticeFaster():decoder-wrappers.cc:375) Log-like per frame for utterance BAC009S0764W0157 is 0.438797 over 393 frames.
BAC009S0764W0158 即便 是 北上 广深 等 供应 偏紧 的 一 线 城市 
LOG (nnet3-latgen-faster[5.5]:DecodeUtteranceLatticeFaster():decoder-wrappers.cc:375) Log-like per frame for utterance BAC009S0764W0158 is 0.423771 over 586 frames.
BAC009S0764W0159 也有 限 购 政策 赛 控制 需求 规模 
LOG (nnet3-latgen-faster[5.5]:DecodeUtteranceLatticeFaster():decoder-wrappers.cc:375) Log-like per frame for utterance BAC009S0764W0159 is 0.435236 over 431 frames.
BAC009S0764W0160 从而 有 利于 抑制 楼市 过 快 上涨 
LOG (nnet3-latgen-faster[5.5]:DecodeUtteranceLatticeFaster():decoder-wrappers.cc:375) Log-like per frame for utterance BAC009S0764W0160 is 0.397783 over 535 frames.
BAC009S0764W0161 楼市 调控 的 行政 手段 意见 不 一 家 
LOG (nnet3-latgen-faster[5.5]:DecodeUtteranceLatticeFaster():decoder-wrappers.cc:375) Log-like per frame for utterance BAC009S0764W0161 is 0.392738 over 524 frames.
BAC009S0764W0162 稳 增长 措施 需 更 全面 的 考虑 化解 楼市 风险 问题 
LOG (nnet3-latgen-faster[5.5]:DecodeUtteranceLatticeFaster():decoder-wrappers.cc:375) Log-like per frame for utterance BAC009S0764W0162 is 0.43358 over 735 frames.
BAC009S0764W0163 楼市 调控 将 去向 何方 
LOG (nnet3-latgen-faster[5.5]:DecodeUtteranceLatticeFaster():decoder-wrappers.cc:375) Log-like per frame for utterance BAC009S0764W0163 is 0.379114 over 320 frames.
BAC009S0764W0164 进一步 发挥 市场 在 资源 配置 中 的 决定 性 作用 
LOG (nnet3-latgen-faster[5.5]:DecodeUtteranceLatticeFaster():decoder-wrappers.cc:375) Log-like per frame for utterance BAC009S0764W0164 is 0.420239 over 556 frames.
BAC009S0764W0165 楼市 调控 的 行政 手段 意见 不 一 家 
LOG (nnet3-latgen-faster[5.5]:DecodeUtteranceLatticeFaster():decoder-wrappers.cc:375) Log-like per frame for utterance BAC009S0764W0165 is 0.425845 over 429 frames.
BAC009S0764W0166 去 行政 化 
LOG (nnet3-latgen-faster[5.5]:DecodeUtteranceLatticeFaster():decoder-wrappers.cc:375) Log-like per frame for utterance BAC009S0764W0166 is 0.367719 over 207 frames.
BAC009S0764W0167 随着 市场 调整 的 深入 
LOG (nnet3-latgen-faster[5.5]:DecodeUtteranceLatticeFaster():decoder-wrappers.cc:375) Log-like per frame for utterance BAC009S0764W0167 is 0.434691 over 304 frames.
BAC009S0764W0168 一些 三线 城市 取消 限 购 极限 大 
LOG (nnet3-latgen-faster[5.5]:DecodeUtteranceLatticeFaster():decoder-wrappers.cc:375) Log-like per frame for utterance BAC009S0764W0168 is 0.423475 over 412 frames.
BAC009S0764W0169 实施 较大 幅度 的 补贴 政策 
LOG (nnet3-latgen-faster[5.5]:DecodeUtteranceLatticeFaster():decoder-wrappers.cc:375) Log-like per frame for utterance BAC009S0764W0169 is 0.409483 over 365 frames.
BAC009S0764W0170 当地 新建 商品 住宅 的 房价 多 在 每平 方米 三万 四千 元 
LOG (nnet3-latgen-faster[5.5]:DecodeUtteranceLatticeFaster():decoder-wrappers.cc:375) Log-like per frame for utterance BAC009S0764W0170 is 0.440787 over 656 frames.
BAC009S0764W0171 政府 出台 每平 方米 补贴 五百 元 的 托 市政 策 
LOG (nnet3-latgen-faster[5.5]:DecodeUtteranceLatticeFaster():decoder-wrappers.cc:375) Log-like per frame for utterance BAC009S0764W0171 is 0.416688 over 637 frames.
BAC009S0764W0172 由于 不 可能 从 根本 上 改变 供求 关系 
LOG (nnet3-latgen-faster[5.5]:DecodeUtteranceLatticeFaster():decoder-wrappers.cc:375) Log-like per frame for utterance BAC009S0764W0172 is 0.468126 over 498 frames.
BAC009S0764W0173 类似 的 补贴 政策 常常 是 短小 刺激 
LOG (nnet3-latgen-faster[5.5]:DecodeUtteranceLatticeFaster():decoder-wrappers.cc:375) Log-like per frame for utterance BAC009S0764W0173 is 0.393497 over 473 frames.
BAC009S0764W0174 会 对 市场 造成 新 一轮 的 干扰 
LOG (nnet3-latgen-faster[5.5]:DecodeUtteranceLatticeFaster():decoder-wrappers.cc:375) Log-like per frame for utterance BAC009S0764W0174 is 0.38083 over 370 frames.
BAC009S0764W0175 安徽 同龄 结束 了 当地 去 说 补贴 政策 
LOG (nnet3-latgen-faster[5.5]:DecodeUtteranceLatticeFaster():decoder-wrappers.cc:375) Log-like per frame for utterance BAC009S0764W0175 is 0.396378 over 548 frames.
BAC009S0764W0176 当月 住宅 类 商品 房 成交 套数 轴 跌 
LOG (nnet3-latgen-faster[5.5]:DecodeUtteranceLatticeFaster():decoder-wrappers.cc:375) Log-like per frame for utterance BAC009S0764W0176 is 0.379884 over 589 frames.
BAC009S0764W0177 在 经济 下行 压力 加大 的 背景 下 
LOG (nnet3-latgen-faster[5.5]:DecodeUtteranceLatticeFaster():decoder-wrappers.cc:375) Log-like per frame for utterance BAC009S0764W0177 is 0.456621 over 422 frames.
BAC009S0764W0178 稳 增长 措施 需 更 全面 的 考虑 化解 楼市 风险 问题 
LOG (nnet3-latgen-faster[5.5]:DecodeUtteranceLatticeFaster():decoder-wrappers.cc:375) Log-like per frame for utterance BAC009S0764W0178 is 0.415239 over 613 frames.
BAC009S0764W0179 国务院 发展研究中心 市场 经济 研究 所 副 所长 等 与 松 认为 
LOG (nnet3-latgen-faster[5.5]:DecodeUtteranceLatticeFaster():decoder-wrappers.cc:375) Log-like per frame for utterance BAC009S0764W0179 is 0.434659 over 790 frames.
BAC009S0764W0180 可能 引发 房价 泡沫 风险 
LOG (nnet3-latgen-faster[5.5]:DecodeUtteranceLatticeFaster():decoder-wrappers.cc:375) Log-like per frame for utterance BAC009S0764W0180 is 0.414772 over 331 frames.
BAC009S0764W0181 在 经济 增速 放缓 阶段 运用 货币 政策 工具 时 
LOG (nnet3-latgen-faster[5.5]:DecodeUtteranceLatticeFaster():decoder-wrappers.cc:375) Log-like per frame for utterance BAC009S0764W0181 is 0.418005 over 598 frames.
BAC009S0764W0183 基本 住房 需求 得到 满足 后 
LOG (nnet3-latgen-faster[5.5]:DecodeUtteranceLatticeFaster():decoder-wrappers.cc:375) Log-like per frame for utterance BAC009S0764W0183 is 0.416554 over 342 frames.
BAC009S0764W0184 对 绿色 高校 宜居 的 高品 质 住房 需求 快速 上升 
LOG (nnet3-latgen-faster[5.5]:DecodeUtteranceLatticeFaster():decoder-wrappers.cc:375) Log-like per frame for utterance BAC009S0764W0184 is 0.396076 over 568 frames.
BAC009S0764W0185 通过 改革 和 政策 调整 
LOG (nnet3-latgen-faster[5.5]:DecodeUtteranceLatticeFaster():decoder-wrappers.cc:375) Log-like per frame for utterance BAC009S0764W0185 is 0.448011 over 306 frames.
BAC009S0764W0186 实现 我 国房 地产 市场 的 平稳 运行 
LOG (nnet3-latgen-faster[5.5]:DecodeUtteranceLatticeFaster():decoder-wrappers.cc:375) Log-like per frame for utterance BAC009S0764W0186 is 0.465209 over 423 frames.
BAC009S0764W0187 及时 发现 产业 发展 中 的 倾向 性 苗头 性 问题 
LOG (nnet3-latgen-faster[5.5]:DecodeUtteranceLatticeFaster():decoder-wrappers.cc:375) Log-like per frame for utterance BAC009S0764W0187 is 0.430092 over 598 frames.
BAC009S0764W0188 促进 战略 性 新兴 产业 健康 发展 
LOG (nnet3-latgen-faster[5.5]:DecodeUtteranceLatticeFaster():decoder-wrappers.cc:375) Log-like per frame for utterance BAC009S0764W0188 is 0.464007 over 396 frames.
BAC009S0764W0189 有 关 部门 和 社会 各界 积极 响应 
LOG (nnet3-latgen-faster[5.5]:DecodeUtteranceLatticeFaster():decoder-wrappers.cc:375) Log-like per frame for utterance BAC009S0764W0189 is 0.468763 over 406 frames.
BAC009S0764W0190 采取 了 一 系列 的 政策 措施 
LOG (nnet3-latgen-faster[5.5]:DecodeUtteranceLatticeFaster():decoder-wrappers.cc:375) Log-like per frame for utterance BAC009S0764W0190 is 0.430939 over 368 frames.
BAC009S0764W0191 促使 我 国战 略 性 新兴 产业 发展 实现 了 良好 开局 
LOG (nnet3-latgen-faster[5.5]:DecodeUtteranceLatticeFaster():decoder-wrappers.cc:375) Log-like per frame for utterance BAC009S0764W0191 is 0.473402 over 578 frames.
BAC009S0764W0192 战略 性 新兴 产业 三 个 的 呈现 出 聚集 蓬勃 发展 的 态势 
LOG (nnet3-latgen-faster[5.5]:DecodeUtteranceLatticeFaster():decoder-wrappers.cc:375) Log-like per frame for utterance BAC009S0764W0192 is 0.428171 over 654 frames.
BAC009S0764W0193 先后 出台 的 战略 性 新兴 产业 的 政策 措施 主要 有 六 项 
LOG (nnet3-latgen-faster[5.5]:DecodeUtteranceLatticeFaster():decoder-wrappers.cc:375) Log-like per frame for utterance BAC009S0764W0193 is 0.436292 over 626 frames.
BAC009S0764W0194 在 加强 宏观 引导 方面 
LOG (nnet3-latgen-faster[5.5]:DecodeUtteranceLatticeFaster():decoder-wrappers.cc:375) Log-like per frame for utterance BAC009S0764W0194 is 0.370803 over 312 frames.
BAC009S0764W0195 形成 了 系统 完整 的 规划 体系 
LOG (nnet3-latgen-faster[5.5]:DecodeUtteranceLatticeFaster():decoder-wrappers.cc:375) Log-like per frame for utterance BAC009S0764W0195 is 0.397349 over 359 frames.
BAC009S0764W0196 明确 了 发展 目标 和 重点 任务 
LOG (nnet3-latgen-faster[5.5]:DecodeUtteranceLatticeFaster():decoder-wrappers.cc:375) Log-like per frame for utterance BAC009S0764W0196 is 0.418888 over 367 frames.
BAC009S0764W0197 在 加大 要素 支持 方面 
LOG (nnet3-latgen-faster[5.5]:DecodeUtteranceLatticeFaster():decoder-wrappers.cc:375) Log-like per frame for utterance BAC009S0764W0197 is 0.396628 over 305 frames.
BAC009S0764W0198 新 批复 了 七 支 创新 投 基金 的 设立 方案 
LOG (nnet3-latgen-faster[5.5]:DecodeUtteranceLatticeFaster():decoder-wrappers.cc:375) Log-like per frame for utterance BAC009S0764W0198 is 0.382798 over 567 frames.
BAC009S0764W0199 吸引 社会 资本 七亿 元 
LOG (nnet3-latgen-faster[5.5]:DecodeUtteranceLatticeFaster():decoder-wrappers.cc:375) Log-like per frame for utterance BAC009S0764W0199 is 0.374047 over 329 frames.
BAC009S0764W0200 在 加快 体制 改革 方面 
LOG (nnet3-latgen-faster[5.5]:DecodeUtteranceLatticeFaster():decoder-wrappers.cc:375) Log-like per frame for utterance BAC009S0764W0200 is 0.467236 over 298 frames.
BAC009S0764W0201 阻止 了 第 一批 七 个 地区 城市 开展 三网 融合 试点 
LOG (nnet3-latgen-faster[5.5]:DecodeUtteranceLatticeFaster():decoder-wrappers.cc:375) Log-like per frame for utterance BAC009S0764W0201 is 0.42227 over 574 frames.
BAC009S0764W0202 第 二批 三网 融合 试点 工作 业已 启动 
LOG (nnet3-latgen-faster[5.5]:DecodeUtteranceLatticeFaster():decoder-wrappers.cc:375) Log-like per frame for utterance BAC009S0764W0202 is 0.403454 over 457 frames.
BAC009S0764W0203 制定 了 可 再生 能源 电价 附加 补贴 和 配额 交易 法案 
LOG (nnet3-latgen-faster[5.5]:DecodeUtteranceLatticeFaster():decoder-wrappers.cc:375) Log-like per frame for utterance BAC009S0764W0203 is 0.445375 over 639 frames.
BAC009S0764W0204 发 改 委 双节 期间 重点 关注 电商 苏 相 行为 
LOG (nnet3-latgen-faster[5.5]:DecodeUtteranceLatticeFaster():decoder-wrappers.cc:375) Log-like per frame for utterance BAC009S0764W0204 is 0.400629 over 525 frames.
BAC009S0764W0205 本报 记者 王 用车 中国 家发 改 委 近日 发出 通知 
LOG (nnet3-latgen-faster[5.5]:DecodeUtteranceLatticeFaster():decoder-wrappers.cc:375) Log-like per frame for utterance BAC009S0764W0205 is 0.413857 over 630 frames.
BAC009S0764W0206 相关 公司 股票 走势 农产 品 
LOG (nnet3-latgen-faster[5.5]:DecodeUtteranceLatticeFaster():decoder-wrappers.cc:375) Log-like per frame for utterance BAC009S0764W0206 is 0.508268 over 379 frames.
BAC009S0764W0207 积极 防范 和 妥善 应对 市场 价格 异常 波动 
LOG (nnet3-latgen-faster[5.5]:DecodeUtteranceLatticeFaster():decoder-wrappers.cc:375) Log-like per frame for utterance BAC009S0764W0207 is 0.413751 over 528 frames.
BAC009S0764W0208 维护 正常 的 市场 价格 秩序 
LOG (nnet3-latgen-faster[5.5]:DecodeUtteranceLatticeFaster():decoder-wrappers.cc:375) Log-like per frame for utterance BAC009S0764W0208 is 0.424901 over 371 frames.
BAC009S0764W0209 严厉 打击 穿越 期间 违规 上调 票价 假 外 收费 等 违法 行为 
LOG (nnet3-latgen-faster[5.5]:DecodeUtteranceLatticeFaster():decoder-wrappers.cc:375) Log-like per frame for utterance BAC009S0764W0209 is 0.394724 over 805 frames.
BAC009S0764W0210 切实 降低 农产 品 流通 成本 
LOG (nnet3-latgen-faster[5.5]:DecodeUtteranceLatticeFaster():decoder-wrappers.cc:375) Log-like per frame for utterance BAC009S0764W0210 is 0.421608 over 391 frames.
BAC009S0764W0211 要 加强 节目 期间 旅游 市场 价格 坚果 
LOG (nnet3-latgen-faster[5.5]:DecodeUtteranceLatticeFaster():decoder-wrappers.cc:375) Log-like per frame for utterance BAC009S0764W0211 is 0.438558 over 464 frames.
BAC009S0764W0212 以及 提供 服务 中 的 变相 涨价 和 价格 欺诈 行为 
LOG (nnet3-latgen-faster[5.5]:DecodeUtteranceLatticeFaster():decoder-wrappers.cc:375) Log-like per frame for utterance BAC009S0764W0212 is 0.431032 over 569 frames.
BAC009S0764W0213 构建 良好 的 旅游 市场 环境 
LOG (nnet3-latgen-faster[5.5]:DecodeUtteranceLatticeFaster():decoder-wrappers.cc:375) Log-like per frame for utterance BAC009S0764W0213 is 0.403803 over 361 frames.
BAC009S0764W0214 要 继续 开展 商贸 零售 领域 价格 只是 整治 
LOG (nnet3-latgen-faster[5.5]:DecodeUtteranceLatticeFaster():decoder-wrappers.cc:375) Log-like per frame for utterance BAC009S0764W0214 is 0.428217 over 534 frames.
BAC009S0764W0215 重点 关注 大型 电子 商务 经营 者 的 促销 行为 
LOG (nnet3-latgen-faster[5.5]:DecodeUtteranceLatticeFaster():decoder-wrappers.cc:375) Log-like per frame for utterance BAC009S0764W0215 is 0.389647 over 548 frames.
BAC009S0764W0216 规范 降价 打折 返券 赠送 等 促销 行为 
LOG (nnet3-latgen-faster[5.5]:DecodeUtteranceLatticeFaster():decoder-wrappers.cc:375) Log-like per frame for utterance BAC009S0764W0216 is 0.320761 over 579 frames.
BAC009S0764W0217 营造 良好 的 消费 环节 
LOG (nnet3-latgen-faster[5.5]:DecodeUtteranceLatticeFaster():decoder-wrappers.cc:375) Log-like per frame for utterance BAC009S0764W0217 is 0.414808 over 304 frames.
BAC009S0764W0218 发 改 委 多 渠道 超级 保障 房 建设 丝巾 到 
LOG (nnet3-latgen-faster[5.5]:DecodeUtteranceLatticeFaster():decoder-wrappers.cc:375) Log-like per frame for utterance BAC009S0764W0218 is 0.434106 over 532 frames.
BAC009S0764W0219 要 加大 保障 性 安居 工程 建设 投资 计划 落实 力度 
LOG (nnet3-latgen-faster[5.5]:DecodeUtteranceLatticeFaster():decoder-wrappers.cc:375) Log-like per frame for utterance BAC009S0764W0219 is 0.477106 over 663 frames.
BAC009S0764W0220 二零一二 年 中央 进一步 加大 了 丝巾 支持 力度 
LOG (nnet3-latgen-faster[5.5]:DecodeUtteranceLatticeFaster():decoder-wrappers.cc:375) Log-like per frame for utterance BAC009S0764W0220 is 0.470253 over 515 frames.
BAC009S0764W0221 地方 政府 也 要 加大 丝巾 筹措 力度 
LOG (nnet3-latgen-faster[5.5]:DecodeUtteranceLatticeFaster():decoder-wrappers.cc:375) Log-like per frame for utterance BAC009S0764W0221 is 0.402173 over 408 frames.
BAC009S0764W0222 加强 建设 丝巾 统筹 和 组织 实施 工作 
LOG (nnet3-latgen-faster[5.5]:DecodeUtteranceLatticeFaster():decoder-wrappers.cc:375) Log-like per frame for utterance BAC009S0764W0222 is 0.424976 over 539 frames.
BAC009S0764W0223 确保 保障 性 安居 工程 年度 建设 任务 的 完成 
LOG (nnet3-latgen-faster[5.5]:DecodeUtteranceLatticeFaster():decoder-wrappers.cc:375) Log-like per frame for utterance BAC009S0764W0223 is 0.453293 over 612 frames.
BAC009S0764W0224 充分 发挥 地方 政府 融资 平台 作用 
LOG (nnet3-latgen-faster[5.5]:DecodeUtteranceLatticeFaster():decoder-wrappers.cc:375) Log-like per frame for utterance BAC009S0764W0224 is 0.413364 over 467 frames.
BAC009S0764W0225 鼓励 引导 社会 力量 参与 建设 保障 性 住房 及 配套 设施 
LOG (nnet3-latgen-faster[5.5]:DecodeUtteranceLatticeFaster():decoder-wrappers.cc:375) Log-like per frame for utterance BAC009S0764W0225 is 0.465119 over 665 frames.
BAC009S0764W0226 尽快 江中 要 补助 投资 和 省级 配套 司机 因 分解 下达 到时 限 
LOG (nnet3-latgen-faster[5.5]:DecodeUtteranceLatticeFaster():decoder-wrappers.cc:375) Log-like per frame for utterance BAC009S0764W0226 is 0.384161 over 798 frames.
BAC009S0764W0227 二零一二 保障 房 建设 
LOG (nnet3-latgen-faster[5.5]:DecodeUtteranceLatticeFaster():decoder-wrappers.cc:375) Log-like per frame for utterance BAC009S0764W0227 is 0.429649 over 301 frames.
BAC009S0764W0228 七千万 套 保障 房 多少 钢材 
LOG (nnet3-latgen-faster[5.5]:DecodeUtteranceLatticeFaster():decoder-wrappers.cc:375) Log-like per frame for utterance BAC009S0764W0228 is 0.366424 over 418 frames.
BAC009S0764W0229 如何 在 五天 内 筹集 到 七万 元 
LOG (nnet3-latgen-faster[5.5]:DecodeUtteranceLatticeFaster():decoder-wrappers.cc:375) Log-like per frame for utterance BAC009S0764W0229 is 0.381152 over 354 frames.
BAC009S0764W0230 各地 保障 房 建设 的 套数 
LOG (nnet3-latgen-faster[5.5]:DecodeUtteranceLatticeFaster():decoder-wrappers.cc:375) Log-like per frame for utterance BAC009S0764W0230 is 0.468965 over 325 frames.
BAC009S0764W0231 保障 房 和 水利 建设 概念 股 
LOG (nnet3-latgen-faster[5.5]:DecodeUtteranceLatticeFaster():decoder-wrappers.cc:375) Log-like per frame for utterance BAC009S0764W0231 is 0.401565 over 386 frames.
BAC009S0764W0232 发 改 委 将 定制 战略 避免 境外 投资 恶性 竞争 到 
LOG (nnet3-latgen-faster[5.5]:DecodeUtteranceLatticeFaster():decoder-wrappers.cc:375) Log-like per frame for utterance BAC009S0764W0232 is 0.371821 over 622 frames.
BAC009S0764W0233 新京 报 讯 记者 钟 晶晶 发 改 委 所 日 表示 
LOG (nnet3-latgen-faster[5.5]:DecodeUtteranceLatticeFaster():decoder-wrappers.cc:375) Log-like per frame for utterance BAC009S0764W0233 is 0.438503 over 565 frames.
BAC009S0764W0234 政府 将 制定 境外 投资 总体 战略 
LOG (nnet3-latgen-faster[5.5]:DecodeUtteranceLatticeFaster():decoder-wrappers.cc:375) Log-like per frame for utterance BAC009S0764W0234 is 0.422601 over 410 frames.
BAC009S0764W0235 避免 中国 企业 境外 恶性 竞争 
LOG (nnet3-latgen-faster[5.5]:DecodeUtteranceLatticeFaster():decoder-wrappers.cc:375) Log-like per frame for utterance BAC009S0764W0235 is 0.455977 over 405 frames.
BAC009S0764W0236 并 鼓励 企业 在 境外 上市 
LOG (nnet3-latgen-faster[5.5]:DecodeUtteranceLatticeFaster():decoder-wrappers.cc:375) Log-like per frame for utterance BAC009S0764W0236 is 0.407684 over 364 frames.
BAC009S0764W0237 加强 海外 信息 监测 为 企业 提供 对外 投资 指导 
LOG (nnet3-latgen-faster[5.5]:DecodeUtteranceLatticeFaster():decoder-wrappers.cc:375) Log-like per frame for utterance BAC009S0764W0237 is 0.446235 over 547 frames.
BAC009S0764W0238 形成 一批 具有 国际 竞争 力 的 中国 企业 
LOG (nnet3-latgen-faster[5.5]:DecodeUtteranceLatticeFaster():decoder-wrappers.cc:375) Log-like per frame for utterance BAC009S0764W0238 is 0.443084 over 461 frames.
BAC009S0764W0239 十一 五 期间 我 国内 及 境外 投资 七千亿 美元 
LOG (nnet3-latgen-faster[5.5]:DecodeUtteranceLatticeFaster():decoder-wrappers.cc:375) Log-like per frame for utterance BAC009S0764W0239 is 0.44683 over 587 frames.
BAC009S0764W0240 年均 松 速 百分 之 七 
LOG (nnet3-latgen-faster[5.5]:DecodeUtteranceLatticeFaster():decoder-wrappers.cc:375) Log-like per frame for utterance BAC009S0764W0240 is 0.369245 over 308 frames.
BAC009S0764W0242 单项 投资 规模 日益 增大 
LOG (nnet3-latgen-faster[5.5]:DecodeUtteranceLatticeFaster():decoder-wrappers.cc:375) Log-like per frame for utterance BAC009S0764W0242 is 0.41616 over 326 frames.
BAC009S0764W0243 几 个 亿美 元 的 项目 不 断 出现 
LOG (nnet3-latgen-faster[5.5]:DecodeUtteranceLatticeFaster():decoder-wrappers.cc:375) Log-like per frame for utterance BAC009S0764W0243 is 0.392412 over 364 frames.
BAC009S0764W0244 规划 对 十二五 的 投资 规模 萎缩 预测 
LOG (nnet3-latgen-faster[5.5]:DecodeUtteranceLatticeFaster():decoder-wrappers.cc:375) Log-like per frame for utterance BAC009S0764W0244 is 0.436626 over 448 frames.
BAC009S0764W0245 但 在 鼓励 企业 走出 去 方面 是 出 多 个 信号 
LOG (nnet3-latgen-faster[5.5]:DecodeUtteranceLatticeFaster():decoder-wrappers.cc:375) Log-like per frame for utterance BAC009S0764W0245 is 0.411308 over 517 frames.
BAC009S0764W0246 鼓励 传统 纺织 家电 汽车 等 一般 制造 业 外溢 
LOG (nnet3-latgen-faster[5.5]:DecodeUtteranceLatticeFaster():decoder-wrappers.cc:375) Log-like per frame for utterance BAC009S0764W0246 is 0.402777 over 718 frames.
BAC009S0764W0247 鼓励 商业 银行 去 境外 开设 分支 机构 
LOG (nnet3-latgen-faster[5.5]:DecodeUtteranceLatticeFaster():decoder-wrappers.cc:375) Log-like per frame for utterance BAC009S0764W0247 is 0.439563 over 472 frames.
BAC009S0764W0248 政府 将 晚上 境外 投资 统计 制度 
LOG (nnet3-latgen-faster[5.5]:DecodeUtteranceLatticeFaster():decoder-wrappers.cc:375) Log-like per frame for utterance BAC009S0764W0248 is 0.39323 over 407 frames.
BAC009S0764W0249 实行 一 场 口 净 统计 和 动态 监测 
LOG (nnet3-latgen-faster[5.5]:DecodeUtteranceLatticeFaster():decoder-wrappers.cc:375) Log-like per frame for utterance BAC009S0764W0249 is 0.404812 over 459 frames.
BAC009S0764W0250 确保 境外 企业 和 人员 安全 
LOG (nnet3-latgen-faster[5.5]:DecodeUtteranceLatticeFaster():decoder-wrappers.cc:375) Log-like per frame for utterance BAC009S0764W0250 is 0.399599 over 378 frames.
BAC009S0764W0251 但 目前 还 存在 服务 架构 不 完善 
LOG (nnet3-latgen-faster[5.5]:DecodeUtteranceLatticeFaster():decoder-wrappers.cc:375) Log-like per frame for utterance BAC009S0764W0251 is 0.365456 over 402 frames.
BAC009S0764W0252 缺乏 对外 投资 长远 规划 等 问题 
LOG (nnet3-latgen-faster[5.5]:DecodeUtteranceLatticeFaster():decoder-wrappers.cc:375) Log-like per frame for utterance BAC009S0764W0252 is 0.39993 over 472 frames.
BAC009S0764W0253 可 库施 病毒 误区 最 基本 的 要求 
LOG (nnet3-latgen-faster[5.5]:DecodeUtteranceLatticeFaster():decoder-wrappers.cc:375) Log-like per frame for utterance BAC009S0764W0253 is 0.383652 over 398 frames.
BAC009S0764W0254 她 必须 尽量 做到 只 针对 的 对 国家 的 计算机 和 网络 
LOG (nnet3-latgen-faster[5.5]:DecodeUtteranceLatticeFaster():decoder-wrappers.cc:375) Log-like per frame for utterance BAC009S0764W0254 is 0.446873 over 653 frames.
BAC009S0764W0255 不 能 波及 和 影响 其他 无 关 国家 甚至 把 我 国 
LOG (nnet3-latgen-faster[5.5]:DecodeUtteranceLatticeFaster():decoder-wrappers.cc:375) Log-like per frame for utterance BAC009S0764W0255 is 0.381292 over 532 frames.
BAC009S0764W0256 具有 精确 的 目标 定位 和 识别 能力 
LOG (nnet3-latgen-faster[5.5]:DecodeUtteranceLatticeFaster():decoder-wrappers.cc:375) Log-like per frame for utterance BAC009S0764W0256 is 0.364569 over 447 frames.
BAC009S0764W0257 一旦 战士 结束 和 处于 特殊 需要 可以 实现 四会 
LOG (nnet3-latgen-faster[5.5]:DecodeUtteranceLatticeFaster():decoder-wrappers.cc:375) Log-like per frame for utterance BAC009S0764W0257 is 0.396778 over 552 frames.
BAC009S0764W0258 病毒 武器 的 传染 性 超强 
LOG (nnet3-latgen-faster[5.5]:DecodeUtteranceLatticeFaster():decoder-wrappers.cc:375) Log-like per frame for utterance BAC009S0764W0258 is 0.327712 over 348 frames.
BAC009S0764W0259 它 可以 跨 硬件 平台 传染 
LOG (nnet3-latgen-faster[5.5]:DecodeUtteranceLatticeFaster():decoder-wrappers.cc:375) Log-like per frame for utterance BAC009S0764W0259 is 0.394963 over 348 frames.
BAC009S0764W0260 除了 浦东 计算机 意外 
LOG (nnet3-latgen-faster[5.5]:DecodeUtteranceLatticeFaster():decoder-wrappers.cc:375) Log-like per frame for utterance BAC009S0764W0260 is 0.341234 over 299 frames.
BAC009S0764W0261 病毒 武器 的 隐蔽 性 及 家 
LOG (nnet3-latgen-faster[5.5]:DecodeUtteranceLatticeFaster():decoder-wrappers.cc:375) Log-like per frame for utterance BAC009S0764W0261 is 0.348054 over 344 frames.
BAC009S0764W0262 可以 实现 散 的 国 网络 中 的 长期 潜伏 
LOG (nnet3-latgen-faster[5.5]:DecodeUtteranceLatticeFaster():decoder-wrappers.cc:375) Log-like per frame for utterance BAC009S0764W0262 is 0.392925 over 492 frames.
BAC009S0764W0263 实为 李 巨大 的 定时 炸弹 
LOG (nnet3-latgen-faster[5.5]:DecodeUtteranceLatticeFaster():decoder-wrappers.cc:375) Log-like per frame for utterance BAC009S0764W0263 is 0.341118 over 348 frames.
BAC009S0764W0264 用 电脑 进行 战争 给予 用 核武器 还有 小 
LOG (nnet3-latgen-faster[5.5]:DecodeUtteranceLatticeFaster():decoder-wrappers.cc:375) Log-like per frame for utterance BAC009S0764W0264 is 0.375951 over 486 frames.
BAC009S0764W0265 核武器 并 不 能 征服 类似 美国 这样 的 国家 
LOG (nnet3-latgen-faster[5.5]:DecodeUtteranceLatticeFaster():decoder-wrappers.cc:375) Log-like per frame for utterance BAC009S0764W0265 is 0.409851 over 456 frames.
BAC009S0764W0266 利用 电脑病毒 却 可以 赛 一秒 中 内 从银 行 盗走 过 亿美 元 
LOG (nnet3-latgen-faster[5.5]:DecodeUtteranceLatticeFaster():decoder-wrappers.cc:375) Log-like per frame for utterance BAC009S0764W0266 is 0.407434 over 706 frames.
BAC009S0764W0267 苏 够 是 美国 失去 战争 基础 因此 彻底失败 
LOG (nnet3-latgen-faster[5.5]:DecodeUtteranceLatticeFaster():decoder-wrappers.cc:375) Log-like per frame for utterance BAC009S0764W0267 is 0.352082 over 557 frames.
BAC009S0764W0268 但是 病毒 五七 的 出现 
LOG (nnet3-latgen-faster[5.5]:DecodeUtteranceLatticeFaster():decoder-wrappers.cc:375) Log-like per frame for utterance BAC009S0764W0268 is 0.378503 over 297 frames.
BAC009S0764W0269 预示 着 未来 战争 模样 将 完全 改变 
LOG (nnet3-latgen-faster[5.5]:DecodeUtteranceLatticeFaster():decoder-wrappers.cc:375) Log-like per frame for utterance BAC009S0764W0269 is 0.373057 over 420 frames.
BAC009S0764W0270 病毒 武器 被 认为 是 目前 说 具有 代表 性 的 网络 武器 
LOG (nnet3-latgen-faster[5.5]:DecodeUtteranceLatticeFaster():decoder-wrappers.cc:375) Log-like per frame for utterance BAC009S0764W0270 is 0.400886 over 585 frames.
BAC009S0764W0271 美国 芯片 行 业 兴起 并购 热潮 搜狐 科技 
LOG (nnet3-latgen-faster[5.5]:DecodeUtteranceLatticeFaster():decoder-wrappers.cc:375) Log-like per frame for utterance BAC009S0764W0271 is 0.424478 over 526 frames.
BAC009S0764W0272 反映 了 芯片 行业 出现 整合 热潮 
LOG (nnet3-latgen-faster[5.5]:DecodeUtteranceLatticeFaster():decoder-wrappers.cc:375) Log-like per frame for utterance BAC009S0764W0272 is 0.421711 over 408 frames.
BAC009S0764W0273 英特尔 是 世界 头号 芯片 制造 商 
LOG (nnet3-latgen-faster[5.5]:DecodeUtteranceLatticeFaster():decoder-wrappers.cc:375) Log-like per frame for utterance BAC009S0764W0273 is 0.455858 over 432 frames.
BAC009S0764W0274 此次 以 一百六十七 亿美 元 收购 脱 了 
LOG (nnet3-latgen-faster[5.5]:DecodeUtteranceLatticeFaster():decoder-wrappers.cc:375) Log-like per frame for utterance BAC009S0764W0274 is 0.411582 over 458 frames.
BAC009S0764W0275 将 创 下 该 公司 成立 四七 年 来 岁 大 收购 交易 的 纪录 
LOG (nnet3-latgen-faster[5.5]:DecodeUtteranceLatticeFaster():decoder-wrappers.cc:375) Log-like per frame for utterance BAC009S0764W0275 is 0.423755 over 708 frames.
BAC009S0764W0276 正在 寻求 扩大 移动 市场 份额 
LOG (nnet3-latgen-faster[5.5]:DecodeUtteranceLatticeFaster():decoder-wrappers.cc:375) Log-like per frame for utterance BAC009S0764W0276 is 0.427619 over 409 frames.
BAC009S0764W0277 同样 的 主打 产品 是 现场 可编程 来运 并列 芯片 
LOG (nnet3-latgen-faster[5.5]:DecodeUtteranceLatticeFaster():decoder-wrappers.cc:375) Log-like per frame for utterance BAC009S0764W0277 is 0.339841 over 585 frames.
BAC009S0764W0278 可控 客户 为 特定 任务 重新 编程 
LOG (nnet3-latgen-faster[5.5]:DecodeUtteranceLatticeFaster():decoder-wrappers.cc:375) Log-like per frame for utterance BAC009S0764W0278 is 0.3878 over 486 frames.
BAC009S0764W0279 要 有 一 汽车 医疗 等 行业 
LOG (nnet3-latgen-faster[5.5]:DecodeUtteranceLatticeFaster():decoder-wrappers.cc:375) Log-like per frame for utterance BAC009S0764W0279 is 0.373176 over 328 frames.
BAC009S0764W0280 英特尔 首席 执行 官 布赖恩 克 而 查 一 起 在 一 份 声明 中 说 
LOG (nnet3-latgen-faster[5.5]:DecodeUtteranceLatticeFaster():decoder-wrappers.cc:375) Log-like per frame for utterance BAC009S0764W0280 is 0.41279 over 798 frames.
BAC009S0764W0281 合并 特 网 之后 将 推出 新 的 产品 
LOG (nnet3-latgen-faster[5.5]:DecodeUtteranceLatticeFaster():decoder-wrappers.cc:375) Log-like per frame for utterance BAC009S0764W0281 is 0.387152 over 428 frames.
BAC009S0764W0282 那 组 数据 中心 和 物 联网 细分 市场 的 用户 需求 
LOG (nnet3-latgen-faster[5.5]:DecodeUtteranceLatticeFaster():decoder-wrappers.cc:375) Log-like per frame for utterance BAC009S0764W0282 is 0.442034 over 591 frames.
BAC009S0764W0283 形成 高强 度 定制化 的 几 成 产品 
LOG (nnet3-latgen-faster[5.5]:DecodeUtteranceLatticeFaster():decoder-wrappers.cc:375) Log-like per frame for utterance BAC009S0764W0283 is 0.366195 over 525 frames.
BAC009S0764W0284 为 芯片 科技 公司 表示 
LOG (nnet3-latgen-faster[5.5]:DecodeUtteranceLatticeFaster():decoder-wrappers.cc:375) Log-like per frame for utterance BAC009S0764W0284 is 0.443986 over 328 frames.
BAC009S0764W0285 两家 公司 是 联网 汽车 的 主要 芯片 供应 商 
LOG (nnet3-latgen-faster[5.5]:DecodeUtteranceLatticeFaster():decoder-wrappers.cc:375) Log-like per frame for utterance BAC009S0764W0285 is 0.448014 over 473 frames.
BAC009S0764W0287 今年 芯片 行业 并购 交易 额 赛 八百 亿美 元 以上 
LOG (nnet3-latgen-faster[5.5]:DecodeUtteranceLatticeFaster():decoder-wrappers.cc:375) Log-like per frame for utterance BAC009S0764W0287 is 0.440194 over 567 frames.
BAC009S0764W0288 半导 体 行业 的大 公司 正在 寻求 通过 并购 
LOG (nnet3-latgen-faster[5.5]:DecodeUtteranceLatticeFaster():decoder-wrappers.cc:375) Log-like per frame for utterance BAC009S0764W0288 is 0.438228 over 509 frames.
BAC009S0764W0289 扩大 他们 在新 的 芯片 市场 的 份额 
LOG (nnet3-latgen-faster[5.5]:DecodeUtteranceLatticeFaster():decoder-wrappers.cc:375) Log-like per frame for utterance BAC009S0764W0289 is 0.397051 over 436 frames.
BAC009S0764W0290 随着 个人 计算机 芯片 的 需求 放缓 
LOG (nnet3-latgen-faster[5.5]:DecodeUtteranceLatticeFaster():decoder-wrappers.cc:375) Log-like per frame for utterance BAC009S0764W0290 is 0.415625 over 423 frames.
BAC009S0764W0291 英特尔 需要 找到 新 的 增长 点 
LOG (nnet3-latgen-faster[5.5]:DecodeUtteranceLatticeFaster():decoder-wrappers.cc:375) Log-like per frame for utterance BAC009S0764W0291 is 0.411496 over 357 frames.
BAC009S0764W0292 高德纳 咨询 公司 分析 师 马克 话说 
LOG (nnet3-latgen-faster[5.5]:DecodeUtteranceLatticeFaster():decoder-wrappers.cc:375) Log-like per frame for utterance BAC009S0764W0292 is 0.381329 over 448 frames.
BAC009S0764W0293 如今 泽蒙 搜 到 一 两亿 美元 
LOG (nnet3-latgen-faster[5.5]:DecodeUtteranceLatticeFaster():decoder-wrappers.cc:375) Log-like per frame for utterance BAC009S0764W0293 is 0.339665 over 420 frames.
BAC009S0764W0294 解决 小小 芯片 上 的 连线 核物理 问题 需要 打 了 昂贵 设备 
LOG (nnet3-latgen-faster[5.5]:DecodeUtteranceLatticeFaster():decoder-wrappers.cc:375) Log-like per frame for utterance BAC009S0764W0294 is 0.418028 over 674 frames.
BAC009S0764W0295 芯片 行业 的 并购 方 体现 了 整个 科技 行业 的 一 种 趋势 
LOG (nnet3-latgen-faster[5.5]:DecodeUtteranceLatticeFaster():decoder-wrappers.cc:375) Log-like per frame for utterance BAC009S0764W0295 is 0.442437 over 719 frames.
BAC009S0764W0296 即 一些 财大气粗 的 科技 公司 自己 不 创新 
LOG (nnet3-latgen-faster[5.5]:DecodeUtteranceLatticeFaster():decoder-wrappers.cc:375) Log-like per frame for utterance BAC009S0764W0296 is 0.378248 over 523 frames.
BAC009S0764W0297 而是 寻求 收购 规模 娇小 更 为 灵活 的 公司 
LOG (nnet3-latgen-faster[5.5]:DecodeUtteranceLatticeFaster():decoder-wrappers.cc:375) Log-like per frame for utterance BAC009S0764W0297 is 0.442087 over 520 frames.
BAC009S0764W0298 反映 了 芯片 行业 出现 整合 了 
LOG (nnet3-latgen-faster[5.5]:DecodeUtteranceLatticeFaster():decoder-wrappers.cc:375) Log-like per frame for utterance BAC009S0764W0298 is 0.355734 over 342 frames.
BAC009S0764W0299 因为 难以忍受 股价 长期 被 低估 
LOG (nnet3-latgen-faster[5.5]:DecodeUtteranceLatticeFaster():decoder-wrappers.cc:375) Log-like per frame for utterance BAC009S0764W0299 is 0.388613 over 419 frames.
BAC009S0764W0300 中国 游戏 公司 纷纷 忙 着 退市 
LOG (nnet3-latgen-faster[5.5]:DecodeUtteranceLatticeFaster():decoder-wrappers.cc:375) Log-like per frame for utterance BAC009S0764W0300 is 0.380914 over 348 frames.
BAC009S0764W0301 巨人 网络 盛大 有信 以及 完美世界 君仪 选择 了 私有 化 
LOG (nnet3-latgen-faster[5.5]:DecodeUtteranceLatticeFaster():decoder-wrappers.cc:375) Log-like per frame for utterance BAC009S0764W0301 is 0.407503 over 596 frames.
BAC009S0764W0302 使 这 类 公司 在美 国 市场 的 估值 长期 受 低估 
LOG (nnet3-latgen-faster[5.5]:DecodeUtteranceLatticeFaster():decoder-wrappers.cc:375) Log-like per frame for utterance BAC009S0764W0302 is 0.389161 over 532 frames.
BAC009S0764W0303 北京 商报 讯 记者 王 叶 均 日前 
LOG (nnet3-latgen-faster[5.5]:DecodeUtteranceLatticeFaster():decoder-wrappers.cc:375) Log-like per frame for utterance BAC009S0764W0303 is 0.449569 over 448 frames.
BAC009S0764W0304 裁员 两千 人 是 由于 销售 模式 发生 改变 
LOG (nnet3-latgen-faster[5.5]:DecodeUtteranceLatticeFaster():decoder-wrappers.cc:375) Log-like per frame for utterance BAC009S0764W0304 is 0.439717 over 483 frames.
BAC009S0764W0305 公司 已 将 原有 的 直销 模式 改 为 经销 模式 
LOG (nnet3-latgen-faster[5.5]:DecodeUtteranceLatticeFaster():decoder-wrappers.cc:375) Log-like per frame for utterance BAC009S0764W0305 is 0.408075 over 508 frames.
BAC009S0764W0306 因此 需要 的 人员 大幅 下降 
LOG (nnet3-latgen-faster[5.5]:DecodeUtteranceLatticeFaster():decoder-wrappers.cc:375) Log-like per frame for utterance BAC009S0764W0306 is 0.403639 over 372 frames.
BAC009S0764W0307 由于 去年 底 制定 的 销售 涨 阅世 直销 模式 
LOG (nnet3-latgen-faster[5.5]:DecodeUtteranceLatticeFaster():decoder-wrappers.cc:375) Log-like per frame for utterance BAC009S0764W0307 is 0.402126 over 539 frames.
BAC009S0764W0308 所以 今年 上 半年 公司 在全 国 各地 的 员工 人数 大幅 增加 
LOG (nnet3-latgen-faster[5.5]:DecodeUtteranceLatticeFaster():decoder-wrappers.cc:375) Log-like per frame for utterance BAC009S0764W0308 is 0.460178 over 648 frames.
BAC009S0764W0309 由于 近期 销售 模式 的 调整 
LOG (nnet3-latgen-faster[5.5]:DecodeUtteranceLatticeFaster():decoder-wrappers.cc:375) Log-like per frame for utterance BAC009S0764W0309 is 0.457744 over 349 frames.
BAC009S0764W0310 即 由 直销 模式 转变 为 经销 模式 
LOG (nnet3-latgen-faster[5.5]:DecodeUtteranceLatticeFaster():decoder-wrappers.cc:375) Log-like per frame for utterance BAC009S0764W0310 is 0.38725 over 410 frames.
BAC009S0764W0311 公司 将 更多 地 依靠 经销 商 进行 销售 
LOG (nnet3-latgen-faster[5.5]:DecodeUtteranceLatticeFaster():decoder-wrappers.cc:375) Log-like per frame for utterance BAC009S0764W0311 is 0.451019 over 467 frames.
BAC009S0764W0312 正 是 由于 销售 模式 的 改变 
LOG (nnet3-latgen-faster[5.5]:DecodeUtteranceLatticeFaster():decoder-wrappers.cc:375) Log-like per frame for utterance BAC009S0764W0312 is 0.431992 over 327 frames.
BAC009S0764W0313 盼 能 直接 销售 与 人员 大幅 度 减少 
LOG (nnet3-latgen-faster[5.5]:DecodeUtteranceLatticeFaster():decoder-wrappers.cc:375) Log-like per frame for utterance BAC009S0764W0313 is 0.39768 over 409 frames.
BAC009S0764W0314 还能 发布 中 悉 财报 披露 
LOG (nnet3-latgen-faster[5.5]:DecodeUtteranceLatticeFaster():decoder-wrappers.cc:375) Log-like per frame for utterance BAC009S0764W0314 is 0.379598 over 426 frames.
BAC009S0764W0315 上 半年 营业 收入 二十一 点 零八 亿 港元 
LOG (nnet3-latgen-faster[5.5]:DecodeUtteranceLatticeFaster():decoder-wrappers.cc:375) Log-like per frame for utterance BAC009S0764W0315 is 0.459134 over 563 frames.
BAC009S0764W0316 同比 减少 百分 之 三十四 毛利 十四 点 六一 亿 港元 
LOG (nnet3-latgen-faster[5.5]:DecodeUtteranceLatticeFaster():decoder-wrappers.cc:375) Log-like per frame for utterance BAC009S0764W0316 is 0.471909 over 611 frames.
BAC009S0764W0317 同比 减少 约 百分 之 四十六 亏损 额 为 五百九十三 二二 万 港元 
LOG (nnet3-latgen-faster[5.5]:DecodeUtteranceLatticeFaster():decoder-wrappers.cc:375) Log-like per frame for utterance BAC009S0764W0317 is 0.464389 over 757 frames.
BAC009S0764W0318 而 去年 同期 盈利 十六 点 七六 亿 港元 
LOG (nnet3-latgen-faster[5.5]:DecodeUtteranceLatticeFaster():decoder-wrappers.cc:375) Log-like per frame for utterance BAC009S0764W0318 is 0.409011 over 482 frames.
BAC009S0764W0319 十四 二零一一 年 借壳 上市 以来 首次 出现 亏损 
LOG (nnet3-latgen-faster[5.5]:DecodeUtteranceLatticeFaster():decoder-wrappers.cc:375) Log-like per frame for utterance BAC009S0764W0319 is 0.483047 over 597 frames.
BAC009S0764W0320 同时 公布 了 中暑 计划 
LOG (nnet3-latgen-faster[5.5]:DecodeUtteranceLatticeFaster():decoder-wrappers.cc:375) Log-like per frame for utterance BAC009S0764W0320 is 0.385961 over 317 frames.
BAC009S0764W0321 撤销 旗 下 高端 产业 集团 和 产品 开发 集团 
LOG (nnet3-latgen-faster[5.5]:DecodeUtteranceLatticeFaster():decoder-wrappers.cc:375) Log-like per frame for utterance BAC009S0764W0321 is 0.40673 over 525 frames.
BAC009S0764W0322 并 将 四 从 总部 事业 部 及 各区 域 公司 共 裁员 两千 人 
LOG (nnet3-latgen-faster[5.5]:DecodeUtteranceLatticeFaster():decoder-wrappers.cc:375) Log-like per frame for utterance BAC009S0764W0322 is 0.378497 over 660 frames.
BAC009S0764W0323 汉能 曾 计划 今年 底 前 将 这 一数 四 提高 到 三百 家 
LOG (nnet3-latgen-faster[5.5]:DecodeUtteranceLatticeFaster():decoder-wrappers.cc:375) Log-like per frame for utterance BAC009S0764W0323 is 0.405806 over 624 frames.
BAC009S0764W0324 还能 上 半年 业绩 出现 大幅 下滑 
LOG (nnet3-latgen-faster[5.5]:DecodeUtteranceLatticeFaster():decoder-wrappers.cc:375) Log-like per frame for utterance BAC009S0764W0324 is 0.460919 over 424 frames.
BAC009S0764W0325 当 务 之 急 是 右转 业绩 
LOG (nnet3-latgen-faster[5.5]:DecodeUtteranceLatticeFaster():decoder-wrappers.cc:375) Log-like per frame for utterance BAC009S0764W0325 is 0.362321 over 307 frames.
BAC009S0764W0326 而 有 直销 模式 改 为 经销 模式 
LOG (nnet3-latgen-faster[5.5]:DecodeUtteranceLatticeFaster():decoder-wrappers.cc:375) Log-like per frame for utterance BAC009S0764W0326 is 0.372395 over 375 frames.
BAC009S0764W0327 可以 缩减 很多 人力 成本 
LOG (nnet3-latgen-faster[5.5]:DecodeUtteranceLatticeFaster():decoder-wrappers.cc:375) Log-like per frame for utterance BAC009S0764W0327 is 0.405903 over 338 frames.
BAC009S0764W0328 有 利于 降低 公司 运营 成本 
LOG (nnet3-latgen-faster[5.5]:DecodeUtteranceLatticeFaster():decoder-wrappers.cc:375) Log-like per frame for utterance BAC009S0764W0328 is 0.444085 over 385 frames.
BAC009S0764W0329 但是 由于 直销 改 为 金 少 
LOG (nnet3-latgen-faster[5.5]:DecodeUtteranceLatticeFaster():decoder-wrappers.cc:375) Log-like per frame for utterance BAC009S0764W0329 is 0.33845 over 329 frames.
BAC009S0764W0330 还能 对 四声 产品 的 溢价 能力 推广 里 都 将 减弱 
LOG (nnet3-latgen-faster[5.5]:DecodeUtteranceLatticeFaster():decoder-wrappers.cc:375) Log-like per frame for utterance BAC009S0764W0330 is 0.386151 over 614 frames.
BAC009S0764W0331 公司 已经 占 停 和 终止 部分 关联 交易 项目 
LOG (nnet3-latgen-faster[5.5]:DecodeUtteranceLatticeFaster():decoder-wrappers.cc:375) Log-like per frame for utterance BAC009S0764W0331 is 0.415296 over 521 frames.
BAC009S0764W0332 已经 花费 了 一定 的 思源 和成 本 
LOG (nnet3-latgen-faster[5.5]:DecodeUtteranceLatticeFaster():decoder-wrappers.cc:375) Log-like per frame for utterance BAC009S0764W0332 is 0.401576 over 360 frames.
BAC009S0764W0333 因此 栅条 和 终止 这些 项目 
LOG (nnet3-latgen-faster[5.5]:DecodeUtteranceLatticeFaster():decoder-wrappers.cc:375) Log-like per frame for utterance BAC009S0764W0333 is 0.317007 over 388 frames.
BAC009S0764W0334 对 本 公司 了 上 半年 业绩 带来 了 负面 影响 
LOG (nnet3-latgen-faster[5.5]:DecodeUtteranceLatticeFaster():decoder-wrappers.cc:375) Log-like per frame for utterance BAC009S0764W0334 is 0.456859 over 486 frames.
BAC009S0764W0335 北京 商报 讯 记者 王 也 均 日前 
LOG (nnet3-latgen-faster[5.5]:DecodeUtteranceLatticeFaster():decoder-wrappers.cc:375) Log-like per frame for utterance BAC009S0764W0335 is 0.451221 over 413 frames.
BAC009S0764W0336 裁员 两千 人 是 由 
LOG (nnet3-latgen-faster[5.5]:DecodeUtteranceLatticeFaster():decoder-wrappers.cc:375) Log-like per frame for utterance BAC009S0764W0336 is 0.391479 over 272 frames.
BAC009S0764W0338 他们 在 训练 和 比赛 过程 之 中 的 速度 也 会 逐渐 钟 落 下来 
LOG (nnet3-latgen-faster[5.5]:DecodeUtteranceLatticeFaster():decoder-wrappers.cc:375) Log-like per frame for utterance BAC009S0764W0338 is 0.402562 over 603 frames.
BAC009S0764W0339 但是 根据 国外 科学 家 最 新 的 研究 结果 
LOG (nnet3-latgen-faster[5.5]:DecodeUtteranceLatticeFaster():decoder-wrappers.cc:375) Log-like per frame for utterance BAC009S0764W0339 is 0.418643 over 446 frames.
BAC009S0764W0340 通过 对 脚踝 和 消退 等 部委 的 强化 
LOG (nnet3-latgen-faster[5.5]:DecodeUtteranceLatticeFaster():decoder-wrappers.cc:375) Log-like per frame for utterance BAC009S0764W0340 is 0.369948 over 398 frames.
BAC009S0764W0341 可以 有效 的 抵消 年龄 所 带来 的 速度 劣势 
LOG (nnet3-latgen-faster[5.5]:DecodeUtteranceLatticeFaster():decoder-wrappers.cc:375) Log-like per frame for utterance BAC009S0764W0341 is 0.379234 over 479 frames.
BAC009S0764W0342 视 上年 机 的 跑 者 也 能 保持 较快 的 速度 
LOG (nnet3-latgen-faster[5.5]:DecodeUtteranceLatticeFaster():decoder-wrappers.cc:375) Log-like per frame for utterance BAC009S0764W0342 is 0.367014 over 439 frames.
BAC009S0764W0343 美国 东卡 罗莱纳 大学 和维 缂丝 连 大学 的 研究 者 认为 
LOG (nnet3-latgen-faster[5.5]:DecodeUtteranceLatticeFaster():decoder-wrappers.cc:375) Log-like per frame for utterance BAC009S0764W0343 is 0.413468 over 675 frames.
BAC009S0764W0344 较 晚 和 小腿 的 能力 便 弱 
LOG (nnet3-latgen-faster[5.5]:DecodeUtteranceLatticeFaster():decoder-wrappers.cc:375) Log-like per frame for utterance BAC009S0764W0344 is 0.295181 over 307 frames.
BAC009S0764W0345 如果 能够 所 加强 这方 面 的 锻炼 
LOG (nnet3-latgen-faster[5.5]:DecodeUtteranceLatticeFaster():decoder-wrappers.cc:375) Log-like per frame for utterance BAC009S0764W0345 is 0.404149 over 407 frames.
BAC009S0764W0346 他们 会 拥有 较快 的 速度 
LOG (nnet3-latgen-faster[5.5]:DecodeUtteranceLatticeFaster():decoder-wrappers.cc:375) Log-like per frame for utterance BAC009S0764W0346 is 0.405428 over 298 frames.
BAC009S0764W0347 研究 者 来 选取 了 一些 年龄 大 的 跑 者 作为 研究 对象 
LOG (nnet3-latgen-faster[5.5]:DecodeUtteranceLatticeFaster():decoder-wrappers.cc:375) Log-like per frame for utterance BAC009S0764W0347 is 0.379734 over 519 frames.
BAC009S0764W0348 并 让 年轻 跑 者 所 为 参照 
LOG (nnet3-latgen-faster[5.5]:DecodeUtteranceLatticeFaster():decoder-wrappers.cc:375) Log-like per frame for utterance BAC009S0764W0348 is 0.331981 over 316 frames.
BAC009S0764W0349 他们 的 不 平 大使 相同 
LOG (nnet3-latgen-faster[5.5]:DecodeUtteranceLatticeFaster():decoder-wrappers.cc:375) Log-like per frame for utterance BAC009S0764W0349 is 0.350245 over 285 frames.
BAC009S0764W0350 年龄 大 跑 者 的 不 服 明显 段 为 年轻 人 
LOG (nnet3-latgen-faster[5.5]:DecodeUtteranceLatticeFaster():decoder-wrappers.cc:375) Log-like per frame for utterance BAC009S0764W0350 is 0.365387 over 445 frames.
BAC009S0764W0351 使得 他们 的 速度 变 慢 了 
LOG (nnet3-latgen-faster[5.5]:DecodeUtteranceLatticeFaster():decoder-wrappers.cc:375) Log-like per frame for utterance BAC009S0764W0351 is 0.350789 over 278 frames.
BAC009S0764W0352 研究 者 们 宣萱 十九 位 跑 者 
LOG (nnet3-latgen-faster[5.5]:DecodeUtteranceLatticeFaster():decoder-wrappers.cc:375) Log-like per frame for utterance BAC009S0764W0352 is 0.354324 over 316 frames.
BAC009S0764W0353 年龄 从 二十三 岁 的 五十九 岁 
LOG (nnet3-latgen-faster[5.5]:DecodeUtteranceLatticeFaster():decoder-wrappers.cc:375) Log-like per frame for utterance BAC009S0764W0353 is 0.391118 over 347 frames.
BAC009S0764W0354 身体质量指数 平均 为 二十三 点 四 
LOG (nnet3-latgen-faster[5.5]:DecodeUtteranceLatticeFaster():decoder-wrappers.cc:375) Log-like per frame for utterance BAC009S0764W0354 is 0.381585 over 455 frames.
BAC009S0764W0355 身材 片 涉 而且 比较 健康 木 
LOG (nnet3-latgen-faster[5.5]:DecodeUtteranceLatticeFaster():decoder-wrappers.cc:375) Log-like per frame for utterance BAC009S0764W0355 is 0.311681 over 328 frames.
BAC009S0764W0356 跑 者 从 二十多 岁到 五十九 岁 
LOG (nnet3-latgen-faster[5.5]:DecodeUtteranceLatticeFaster():decoder-wrappers.cc:375) Log-like per frame for utterance BAC009S0764W0356 is 0.401863 over 356 frames.
BAC009S0764W0357 不 服 长度 和 跑步 速度 大约 下降 了 百分 之二 十 
LOG (nnet3-latgen-faster[5.5]:DecodeUtteranceLatticeFaster():decoder-wrappers.cc:375) Log-like per frame for utterance BAC009S0764W0357 is 0.430801 over 532 frames.
BAC009S0764W0358 脚踝 的 能力 损失 了 大约 百分 之 四十八 
LOG (nnet3-latgen-faster[5.5]:DecodeUtteranceLatticeFaster():decoder-wrappers.cc:375) Log-like per frame for utterance BAC009S0764W0358 is 0.369622 over 418 frames.
BAC009S0764W0359 按照 平时 训练 的 速度 进行 跑步 
LOG (nnet3-latgen-faster[5.5]:DecodeUtteranceLatticeFaster():decoder-wrappers.cc:375) Log-like per frame for utterance BAC009S0764W0359 is 0.382211 over 348 frames.
BAC009S0764W0360 二十 岁 的 跑 者 平均 每 迎利 好 十八 三十八 秒 
LOG (nnet3-latgen-faster[5.5]:DecodeUtteranceLatticeFaster():decoder-wrappers.cc:375) Log-like per frame for utterance BAC009S0764W0360 is 0.407177 over 468 frames.
BAC009S0764W0361 而 六十 岁 的 跑 者 没 有理 好 实施 三十八 秒 
LOG (nnet3-latgen-faster[5.5]:DecodeUtteranceLatticeFaster():decoder-wrappers.cc:375) Log-like per frame for utterance BAC009S0764W0361 is 0.395058 over 477 frames.
BAC009S0764W0362 已经 有 过 不 少 关于 这方 面的 研究 
LOG (nnet3-latgen-faster[5.5]:DecodeUtteranceLatticeFaster():decoder-wrappers.cc:375) Log-like per frame for utterance BAC009S0764W0362 is 0.354404 over 373 frames.
BAC009S0764W0363 但是 研究 对象 都 是 研究 跑 者 和 阎老 跑 者 
LOG (nnet3-latgen-faster[5.5]:DecodeUtteranceLatticeFaster():decoder-wrappers.cc:375) Log-like per frame for utterance BAC009S0764W0363 is 0.356678 over 461 frames.
BAC009S0764W0364 年龄 段 的 复 盖 范围 比较 展 
LOG (nnet3-latgen-faster[5.5]:DecodeUtteranceLatticeFaster():decoder-wrappers.cc:375) Log-like per frame for utterance BAC009S0764W0364 is 0.371174 over 346 frames.
BAC009S0764W0365 岁 令 不 得 维塔 感到 不 可思 议 的 是 
LOG (nnet3-latgen-faster[5.5]:DecodeUtteranceLatticeFaster():decoder-wrappers.cc:375) Log-like per frame for utterance BAC009S0764W0365 is 0.344612 over 451 frames.
BAC009S0764W0366 跑 者 们 随着 年龄 的 增长 
LOG (nnet3-latgen-faster[5.5]:DecodeUtteranceLatticeFaster():decoder-wrappers.cc:375) Log-like per frame for utterance BAC009S0764W0366 is 0.34273 over 291 frames.
BAC009S0764W0367 辅助 呈现 出 直线 下降 
LOG (nnet3-latgen-faster[5.5]:DecodeUtteranceLatticeFaster():decoder-wrappers.cc:375) Log-like per frame for utterance BAC009S0764W0367 is 0.363851 over 330 frames.
BAC009S0764W0368 速度 的 下降 地 更加 明显 
LOG (nnet3-latgen-faster[5.5]:DecodeUtteranceLatticeFaster():decoder-wrappers.cc:375) Log-like per frame for utterance BAC009S0764W0368 is 0.387571 over 328 frames.
BAC009S0764W0369 很多 六 七十 岁 的 跑 者 看到 这个 研究 结果 时 
LOG (nnet3-latgen-faster[5.5]:DecodeUtteranceLatticeFaster():decoder-wrappers.cc:375) Log-like per frame for utterance BAC009S0764W0369 is 0.411102 over 498 frames.
BAC009S0764W0370 疑似 是 他们 比较 认同 这个 结果 
LOG (nnet3-latgen-faster[5.5]:DecodeUtteranceLatticeFaster():decoder-wrappers.cc:375) Log-like per frame for utterance BAC009S0764W0370 is 0.371736 over 355 frames.
BAC009S0764W0371 研究 者 来 希望 年龄 大 的 跑 者 都 能够 注意 奖牌 的 锻炼 
LOG (nnet3-latgen-faster[5.5]:DecodeUtteranceLatticeFaster():decoder-wrappers.cc:375) Log-like per frame for utterance BAC009S0764W0371 is 0.386152 over 572 frames.
BAC009S0764W0372 当 得 维塔 觉得 归根到底 还是 小腿 肌肉 的 问题 
LOG (nnet3-latgen-faster[5.5]:DecodeUtteranceLatticeFaster():decoder-wrappers.cc:375) Log-like per frame for utterance BAC009S0764W0372 is 0.411659 over 533 frames.
BAC009S0764W0373 尤其 是 比目鱼 机 和 非常 机 
LOG (nnet3-latgen-faster[5.5]:DecodeUtteranceLatticeFaster():decoder-wrappers.cc:375) Log-like per frame for utterance BAC009S0764W0373 is 0.391428 over 407 frames.
BAC009S0764W0374 这 才 是 产生 跑步 力量 的 个 月 
LOG (nnet3-latgen-faster[5.5]:DecodeUtteranceLatticeFaster():decoder-wrappers.cc:375) Log-like per frame for utterance BAC009S0764W0374 is 0.360155 over 347 frames.
BAC009S0764W0375 这 两种 方式 的 结合 能够 有效 锻炼 小腿 肌肉 
LOG (nnet3-latgen-faster[5.5]:DecodeUtteranceLatticeFaster():decoder-wrappers.cc:375) Log-like per frame for utterance BAC009S0764W0375 is 0.412716 over 508 frames.
BAC009S0764W0376 对于 高 年龄 跑 者 来说 
LOG (nnet3-latgen-faster[5.5]:DecodeUtteranceLatticeFaster():decoder-wrappers.cc:375) Log-like per frame for utterance BAC009S0764W0376 is 0.39367 over 298 frames.
BAC009S0764W0377 开始 一项 新 的 锻炼 方式 具有 一定 的 风险 性 
LOG (nnet3-latgen-faster[5.5]:DecodeUtteranceLatticeFaster():decoder-wrappers.cc:375) Log-like per frame for utterance BAC009S0764W0377 is 0.4062 over 443 frames.
BAC009S0764W0378 想通 过 训练 提升 狡猾 和 消退 的 能力 
LOG (nnet3-latgen-faster[5.5]:DecodeUtteranceLatticeFaster():decoder-wrappers.cc:375) Log-like per frame for utterance BAC009S0764W0378 is 0.377633 over 423 frames.
BAC009S0764W0379 这些 常年 坚持 跑步 的 人 身体质量指数 偏低 
LOG (nnet3-latgen-faster[5.5]:DecodeUtteranceLatticeFaster():decoder-wrappers.cc:375) Log-like per frame for utterance BAC009S0764W0379 is 0.409146 over 499 frames.
BAC009S0764W0380 长期 跑步 可能 是一 种 不 需要 要 未来 维持 身材 的有 效 方式 
LOG (nnet3-latgen-faster[5.5]:DecodeUtteranceLatticeFaster():decoder-wrappers.cc:375) Log-like per frame for utterance BAC009S0764W0380 is 0.399574 over 588 frames.
BAC009S0764W0381 在 二零二 二年 冬季 奥运 会 的 精神 当中 
LOG (nnet3-latgen-faster[5.5]:DecodeUtteranceLatticeFaster():decoder-wrappers.cc:375) Log-like per frame for utterance BAC009S0764W0381 is 0.468379 over 442 frames.
BAC009S0764W0382 北京 和 张家口 水中 击败 了 强大 的 对手 阿拉木图 
LOG (nnet3-latgen-faster[5.5]:DecodeUtteranceLatticeFaster():decoder-wrappers.cc:375) Log-like per frame for utterance BAC009S0764W0382 is 0.465948 over 565 frames.
BAC009S0764W0383 设立 获得 了 冬奥 会 的 主办 权 
LOG (nnet3-latgen-faster[5.5]:DecodeUtteranceLatticeFaster():decoder-wrappers.cc:375) Log-like per frame for utterance BAC009S0764W0383 is 0.418979 over 370 frames.
BAC009S0764W0384 这 也是 这 项 冰雪 顶级 盛世 首次 来到 中国 
LOG (nnet3-latgen-faster[5.5]:DecodeUtteranceLatticeFaster():decoder-wrappers.cc:375) Log-like per frame for utterance BAC009S0764W0384 is 0.403585 over 558 frames.
BAC009S0764W0385 在此 次 申办 冬奥 会 的 过程 中 
LOG (nnet3-latgen-faster[5.5]:DecodeUtteranceLatticeFaster():decoder-wrappers.cc:375) Log-like per frame for utterance BAC009S0764W0385 is 0.399943 over 354 frames.
BAC009S0764W0386 我们 看到 了 四 身 强大 的 综合 实力 
LOG (nnet3-latgen-faster[5.5]:DecodeUtteranceLatticeFaster():decoder-wrappers.cc:375) Log-like per frame for utterance BAC009S0764W0386 is 0.406384 over 398 frames.
BAC009S0764W0387 也 看到 了 赛 冰雪 运动 松 和 十 以上 的 欠缺 和 部署 
LOG (nnet3-latgen-faster[5.5]:DecodeUtteranceLatticeFaster():decoder-wrappers.cc:375) Log-like per frame for utterance BAC009S0764W0387 is 0.39513 over 548 frames.
BAC009S0764W0388 经历 过 向 奥 会 的 沉淀 
LOG (nnet3-latgen-faster[5.5]:DecodeUtteranceLatticeFaster():decoder-wrappers.cc:375) Log-like per frame for utterance BAC009S0764W0388 is 0.351921 over 298 frames.
BAC009S0764W0389 加 上 近 几 年 承办 诸多 国际 性 赛事 的 经验 积累 
LOG (nnet3-latgen-faster[5.5]:DecodeUtteranceLatticeFaster():decoder-wrappers.cc:375) Log-like per frame for utterance BAC009S0764W0389 is 0.410818 over 554 frames.
BAC009S0764W0390 在 这 场 亚洲国家 锁定 胜局 的 申办 博弈 中 
LOG (nnet3-latgen-faster[5.5]:DecodeUtteranceLatticeFaster():decoder-wrappers.cc:375) Log-like per frame for utterance BAC009S0764W0390 is 0.418443 over 494 frames.
BAC009S0764W0391 被 生大 此次 冬奥 会 的 价值 要 远远 超过 承办 本身 
LOG (nnet3-latgen-faster[5.5]:DecodeUtteranceLatticeFaster():decoder-wrappers.cc:375) Log-like per frame for utterance BAC009S0764W0391 is 0.388035 over 618 frames.
BAC009S0764W0392 而 对于 北京 申办 冬奥 会 的 最终 结果 
LOG (nnet3-latgen-faster[5.5]:DecodeUtteranceLatticeFaster():decoder-wrappers.cc:375) Log-like per frame for utterance BAC009S0764W0392 is 0.39746 over 454 frames.
BAC009S0764W0393 我们 也应 该 抱 着 更加 长远 和 看 过 的 视角 来看 待 
LOG (nnet3-latgen-faster[5.5]:DecodeUtteranceLatticeFaster():decoder-wrappers.cc:375) Log-like per frame for utterance BAC009S0764W0393 is 0.376309 over 565 frames.
BAC009S0764W0394 北京 申办 冬奥 会 强大 实力 成 获胜 武器 
LOG (nnet3-latgen-faster[5.5]:DecodeUtteranceLatticeFaster():decoder-wrappers.cc:375) Log-like per frame for utterance BAC009S0764W0394 is 0.387427 over 526 frames.
BAC009S0764W0395 此次 北京 联手 张家口 申办 冬奥 会 
LOG (nnet3-latgen-faster[5.5]:DecodeUtteranceLatticeFaster():decoder-wrappers.cc:375) Log-like per frame for utterance BAC009S0764W0395 is 0.436842 over 405 frames.
BAC009S0764W0396 在 与 阿拉木图 的 直接 博弈 中 
LOG (nnet3-latgen-faster[5.5]:DecodeUtteranceLatticeFaster():decoder-wrappers.cc:375) Log-like per frame for utterance BAC009S0764W0396 is 0.399808 over 376 frames.
BAC009S0764W0397 财政 能力 和 硬件 设施 的 优势 是 我们 最终 取胜 的 关键 银 
LOG (nnet3-latgen-faster[5.5]:DecodeUtteranceLatticeFaster():decoder-wrappers.cc:375) Log-like per frame for utterance BAC009S0764W0397 is 0.389296 over 617 frames.
BAC009S0764W0398 而 二零零八 年 举办 夏季 奥运 会 所 留 下 的 宝贵 一 场 
LOG (nnet3-latgen-faster[5.5]:DecodeUtteranceLatticeFaster():decoder-wrappers.cc:375) Log-like per frame for utterance BAC009S0764W0398 is 0.464535 over 586 frames.
BAC009S0764W0399 也是 最终 打动 国家 奥运 组委会 评审团 的 法宝 
LOG (nnet3-latgen-faster[5.5]:DecodeUtteranceLatticeFaster():decoder-wrappers.cc:375) Log-like per frame for utterance BAC009S0764W0399 is 0.376095 over 518 frames.
BAC009S0764W0400 从 经济 实力 和 基础 设施 建设 上 看 
LOG (nnet3-latgen-faster[5.5]:DecodeUtteranceLatticeFaster():decoder-wrappers.cc:375) Log-like per frame for utterance BAC009S0764W0400 is 0.456039 over 481 frames.
BAC009S0764W0401 北京 和 张家口 要 占据 着 相当 明显 的 优势 
LOG (nnet3-latgen-faster[5.5]:DecodeUtteranceLatticeFaster():decoder-wrappers.cc:375) Log-like per frame for utterance BAC009S0764W0401 is 0.449341 over 485 frames.
BAC009S0764W0402 北京 和 张家口 两地 的 生产 总值 是 二万 二千七百 三十 点 八亿 元 
LOG (nnet3-latgen-faster[5.5]:DecodeUtteranceLatticeFaster():decoder-wrappers.cc:375) Log-like per frame for utterance BAC009S0764W0402 is 0.472434 over 825 frames.
BAC009S0764W0403 而 阿拉木图 仅 为 子 百亿 美元 
LOG (nnet3-latgen-faster[5.5]:DecodeUtteranceLatticeFaster():decoder-wrappers.cc:375) Log-like per frame for utterance BAC009S0764W0403 is 0.394255 over 398 frames.
BAC009S0764W0404 影片 将 在 二零一五 年 一月 赛 慕尼黑 正式 开机 
LOG (nnet3-latgen-faster[5.5]:DecodeUtteranceLatticeFaster():decoder-wrappers.cc:375) Log-like per frame for utterance BAC009S0764W0404 is 0.461022 over 602 frames.
BAC009S0764W0405 好莱坞 当红 明星 之 前 曾 被 盛传 将 扮演 斯诺 登 
LOG (nnet3-latgen-faster[5.5]:DecodeUtteranceLatticeFaster():decoder-wrappers.cc:375) Log-like per frame for utterance BAC009S0764W0405 is 0.403998 over 648 frames.
BAC009S0764W0406 好莱坞 当红 明星 之 前 曾 被 盛传 将 扮演 斯诺 登 
LOG (nnet3-latgen-faster[5.5]:DecodeUtteranceLatticeFaster():decoder-wrappers.cc:375) Log-like per frame for utterance BAC009S0764W0406 is 0.401451 over 508 frames.
BAC009S0764W0407 他 确实 拿 下 了 这个 角色 
LOG (nnet3-latgen-faster[5.5]:DecodeUtteranceLatticeFaster():decoder-wrappers.cc:375) Log-like per frame for utterance BAC009S0764W0407 is 0.423125 over 299 frames.
BAC009S0764W0408 对 男友 有 什么 条件 
LOG (nnet3-latgen-faster[5.5]:DecodeUtteranceLatticeFaster():decoder-wrappers.cc:375) Log-like per frame for utterance BAC009S0764W0408 is 0.389542 over 264 frames.
BAC009S0764W0409 他 表示 最 重要 的 就 是 乘客 
LOG (nnet3-latgen-faster[5.5]:DecodeUtteranceLatticeFaster():decoder-wrappers.cc:375) Log-like per frame for utterance BAC009S0764W0409 is 0.347192 over 363 frames.
BAC009S0764W0410 对于 死 的 链 也 不 排斥 
LOG (nnet3-latgen-faster[5.5]:DecodeUtteranceLatticeFaster():decoder-wrappers.cc:375) Log-like per frame for utterance BAC009S0764W0410 is 0.351451 over 319 frames.
BAC009S0764W0411 搜狐 娱乐 讯 七 月 十日 消息 
LOG (nnet3-latgen-faster[5.5]:DecodeUtteranceLatticeFaster():decoder-wrappers.cc:375) Log-like per frame for utterance BAC009S0764W0411 is 0.532681 over 356 frames.
BAC009S0764W0412 据 台湾 媒体 报道 
LOG (nnet3-latgen-faster[5.5]:DecodeUtteranceLatticeFaster():decoder-wrappers.cc:375) Log-like per frame for utterance BAC009S0764W0412 is 0.511886 over 254 frames.
BAC009S0764W0413 徐 炜 应 最近 到 法国 工作 
LOG (nnet3-latgen-faster[5.5]:DecodeUtteranceLatticeFaster():decoder-wrappers.cc:375) Log-like per frame for utterance BAC009S0764W0413 is 0.373077 over 359 frames.
BAC009S0764W0414 仍 在 个人 社群 网站 平房 更新 动态 
LOG (nnet3-latgen-faster[5.5]:DecodeUtteranceLatticeFaster():decoder-wrappers.cc:375) Log-like per frame for utterance BAC009S0764W0414 is 0.386834 over 489 frames.
BAC009S0764W0415 甚至 被 外界 揣测 是 因为 和 阮 经天 分手 后 所 次 
LOG (nnet3-latgen-faster[5.5]:DecodeUtteranceLatticeFaster():decoder-wrappers.cc:375) Log-like per frame for utterance BAC009S0764W0415 is 0.433244 over 580 frames.
BAC009S0764W0416 她 近日 终于 算 受 访 时 松口 公开 重点 
LOG (nnet3-latgen-faster[5.5]:DecodeUtteranceLatticeFaster():decoder-wrappers.cc:375) Log-like per frame for utterance BAC009S0764W0416 is 0.344321 over 465 frames.
BAC009S0764W0417 背后 依旧 只是 不 要 往 及 四级 从 哪里 来 
LOG (nnet3-latgen-faster[5.5]:DecodeUtteranceLatticeFaster():decoder-wrappers.cc:375) Log-like per frame for utterance BAC009S0764W0417 is 0.384844 over 493 frames.
BAC009S0764W0418 搜狐 娱乐 讯 据 台湾 媒体 报道 
LOG (nnet3-latgen-faster[5.5]:DecodeUtteranceLatticeFaster():decoder-wrappers.cc:375) Log-like per frame for utterance BAC009S0764W0418 is 0.533726 over 385 frames.
BAC009S0764W0419 阮 经天 和 许 玮 宁 交往 八 年 渔船 婚 讯 
LOG (nnet3-latgen-faster[5.5]:DecodeUtteranceLatticeFaster():decoder-wrappers.cc:375) Log-like per frame for utterance BAC009S0764W0419 is 0.329521 over 477 frames.
BAC009S0764W0420 今年 三月 底 京报 分手 
LOG (nnet3-latgen-faster[5.5]:DecodeUtteranceLatticeFaster():decoder-wrappers.cc:375) Log-like per frame for utterance BAC009S0764W0420 is 0.400503 over 329 frames.
BAC009S0764W0421 当时 女方 坦承 以 分居 
LOG (nnet3-latgen-faster[5.5]:DecodeUtteranceLatticeFaster():decoder-wrappers.cc:375) Log-like per frame for utterance BAC009S0764W0421 is 0.364671 over 308 frames.
BAC009S0764W0422 但 小天 坚持 为 应 依然 是 我 的 女人 
LOG (nnet3-latgen-faster[5.5]:DecodeUtteranceLatticeFaster():decoder-wrappers.cc:375) Log-like per frame for utterance BAC009S0764W0422 is 0.354663 over 435 frames.
BAC009S0764W0423 有 网友 日前 募集 他 俩 在 打 大潮 损失 炒饭 
LOG (nnet3-latgen-faster[5.5]:DecodeUtteranceLatticeFaster():decoder-wrappers.cc:375) Log-like per frame for utterance BAC009S0764W0423 is 0.355797 over 529 frames.
BAC009S0764W0424 昨天 他 出席 保养 品 活动 
LOG (nnet3-latgen-faster[5.5]:DecodeUtteranceLatticeFaster():decoder-wrappers.cc:375) Log-like per frame for utterance BAC009S0764W0424 is 0.395521 over 353 frames.
BAC009S0764W0425 随后 仍有 联络 
LOG (nnet3-latgen-faster[5.5]:DecodeUtteranceLatticeFaster():decoder-wrappers.cc:375) Log-like per frame for utterance BAC009S0764W0425 is 0.318226 over 239 frames.
BAC009S0764W0426 但 称 自己 大山 
LOG (nnet3-latgen-faster[5.5]:DecodeUtteranceLatticeFaster():decoder-wrappers.cc:375) Log-like per frame for utterance BAC009S0764W0426 is 0.269514 over 258 frames.
BAC009S0764W0427 恰巧 昨日 记者 碰见 阮 经天 除了 倒 垃圾 
LOG (nnet3-latgen-faster[5.5]:DecodeUtteranceLatticeFaster():decoder-wrappers.cc:375) Log-like per frame for utterance BAC009S0764W0427 is 0.366154 over 518 frames.
BAC009S0764W0428 对 许 玮 应 单身 说 与其 落寞 表示 我 没 有 什么 看法 
LOG (nnet3-latgen-faster[5.5]:DecodeUtteranceLatticeFaster():decoder-wrappers.cc:375) Log-like per frame for utterance BAC009S0764W0428 is 0.386557 over 578 frames.
BAC009S0764W0429 搜狐 娱乐 讯 男方 和 小三 还 藕断丝连 
LOG (nnet3-latgen-faster[5.5]:DecodeUtteranceLatticeFaster():decoder-wrappers.cc:375) Log-like per frame for utterance BAC009S0764W0429 is 0.424102 over 472 frames.
BAC009S0764W0430 因而 同 感情 司 他 除了 拥有 模特 生活 落 身材 
LOG (nnet3-latgen-faster[5.5]:DecodeUtteranceLatticeFaster():decoder-wrappers.cc:375) Log-like per frame for utterance BAC009S0764W0430 is 0.356776 over 554 frames.
BAC009S0764W0431 快报 讯 记者 赵 担当 快递 实名 制 时代 中 遇到 来 了 
LOG (nnet3-latgen-faster[5.5]:DecodeUtteranceLatticeFaster():decoder-wrappers.cc:375) Log-like per frame for utterance BAC009S0764W0431 is 0.41554 over 585 frames.
BAC009S0764W0432 按照 国家 有 种 总局 统一 部署 
LOG (nnet3-latgen-faster[5.5]:DecodeUtteranceLatticeFaster():decoder-wrappers.cc:375) Log-like per frame for utterance BAC009S0764W0432 is 0.371233 over 398 frames.
BAC009S0764W0433 从 下月 起 全面 实施 快递 实名 制 登记 
LOG (nnet3-latgen-faster[5.5]:DecodeUtteranceLatticeFaster():decoder-wrappers.cc:375) Log-like per frame for utterance BAC009S0764W0433 is 0.449262 over 492 frames.
BAC009S0764W0434 现代 快报 记者 从 省 邮政 管理 局 了解 到 
LOG (nnet3-latgen-faster[5.5]:DecodeUtteranceLatticeFaster():decoder-wrappers.cc:375) Log-like per frame for utterance BAC009S0764W0434 is 0.442241 over 575 frames.
BAC009S0764W0435 江苏 快递 实名 制 登记 动 真格 
LOG (nnet3-latgen-faster[5.5]:DecodeUtteranceLatticeFaster():decoder-wrappers.cc:375) Log-like per frame for utterance BAC009S0764W0435 is 0.399571 over 394 frames.
BAC009S0764W0436 本 周 内 动员 部署 全省 九连 零多 加快 的 企业 按 要求 执行 
LOG (nnet3-latgen-faster[5.5]:DecodeUtteranceLatticeFaster():decoder-wrappers.cc:375) Log-like per frame for utterance BAC009S0764W0436 is 0.402052 over 736 frames.
BAC009S0764W0437 各 人机 快递 必须 登记 有效 的 身份 证件 
LOG (nnet3-latgen-faster[5.5]:DecodeUtteranceLatticeFaster():decoder-wrappers.cc:375) Log-like per frame for utterance BAC009S0764W0437 is 0.40628 over 430 frames.
BAC009S0764W0438 本 擅长 为 回应 赵 本山 将 有新 所 品类 听说 
LOG (nnet3-latgen-faster[5.5]:DecodeUtteranceLatticeFaster():decoder-wrappers.cc:375) Log-like per frame for utterance BAC009S0764W0438 is 0.336988 over 563 frames.
BAC009S0764W0439 不仅 赢得 观众 好 口碑 
LOG (nnet3-latgen-faster[5.5]:DecodeUtteranceLatticeFaster():decoder-wrappers.cc:375) Log-like per frame for utterance BAC009S0764W0439 is 0.366759 over 318 frames.
BAC009S0764W0440 特别 是 师傅 赵 本山 也 公开 出面 为 大鹏 点 赞 
LOG (nnet3-latgen-faster[5.5]:DecodeUtteranceLatticeFaster():decoder-wrappers.cc:375) Log-like per frame for utterance BAC009S0764W0440 is 0.388354 over 584 frames.
BAC009S0764W0441 本 月 二八 日 超级 月亮 盒 水源 中秋 月喜 相逢 
LOG (nnet3-latgen-faster[5.5]:DecodeUtteranceLatticeFaster():decoder-wrappers.cc:375) Log-like per frame for utterance BAC009S0764W0441 is 0.386445 over 581 frames.
BAC009S0764W0442 月亮 盒 地球 之间 的 平均 纪律 仅 为 三五六八 九六 万 公里 
LOG (nnet3-latgen-faster[5.5]:DecodeUtteranceLatticeFaster():decoder-wrappers.cc:375) Log-like per frame for utterance BAC009S0764W0442 is 0.429952 over 674 frames.
BAC009S0764W0443 月亮 看 起来 会 比 往常 大 
LOG (nnet3-latgen-faster[5.5]:DecodeUtteranceLatticeFaster():decoder-wrappers.cc:375) Log-like per frame for utterance BAC009S0764W0443 is 0.335788 over 314 frames.
BAC009S0764W0444 也 就 是 我们 场 说 的 超级 月亮 
LOG (nnet3-latgen-faster[5.5]:DecodeUtteranceLatticeFaster():decoder-wrappers.cc:375) Log-like per frame for utterance BAC009S0764W0444 is 0.387871 over 336 frames.
BAC009S0764W0445 这 一天 还 将 上演 月全食 
LOG (nnet3-latgen-faster[5.5]:DecodeUtteranceLatticeFaster():decoder-wrappers.cc:375) Log-like per frame for utterance BAC009S0764W0445 is 0.415574 over 346 frames.
BAC009S0764W0446 超级 月亮 可 上月 全食 
LOG (nnet3-latgen-faster[5.5]:DecodeUtteranceLatticeFaster():decoder-wrappers.cc:375) Log-like per frame for utterance BAC009S0764W0446 is 0.393057 over 319 frames.
BAC009S0764W0447 错过 了 这次 就要 到 二零三 三年 了 
LOG (nnet3-latgen-faster[5.5]:DecodeUtteranceLatticeFaster():decoder-wrappers.cc:375) Log-like per frame for utterance BAC009S0764W0447 is 0.374621 over 420 frames.
BAC009S0764W0448 本 月下 旬 天宇 将 县 五星 连线 器官 
LOG (nnet3-latgen-faster[5.5]:DecodeUtteranceLatticeFaster():decoder-wrappers.cc:375) Log-like per frame for utterance BAC009S0764W0448 is 0.345964 over 446 frames.
BAC009S0764W0449 中科院 紫金山天文台 公布 了 一 脸 月天 象 
LOG (nnet3-latgen-faster[5.5]:DecodeUtteranceLatticeFaster():decoder-wrappers.cc:375) Log-like per frame for utterance BAC009S0764W0449 is 0.415005 over 476 frames.
BAC009S0764W0450 现代 快报 记者 注意 到 
LOG (nnet3-latgen-faster[5.5]:DecodeUtteranceLatticeFaster():decoder-wrappers.cc:375) Log-like per frame for utterance BAC009S0764W0450 is 0.418422 over 380 frames.
BAC009S0764W0451 天龙座 流星雨 猎户座流星雨 
LOG (nnet3-latgen-faster[5.5]:DecodeUtteranceLatticeFaster():decoder-wrappers.cc:375) Log-like per frame for utterance BAC009S0764W0451 is 0.388211 over 417 frames.
BAC009S0764W0452 让 一零 月 的 天空 由 两天 凌厉 的 味道 
LOG (nnet3-latgen-faster[5.5]:DecodeUtteranceLatticeFaster():decoder-wrappers.cc:375) Log-like per frame for utterance BAC009S0764W0452 is 0.29039 over 406 frames.
BAC009S0764W0453 水星 金星 也 将 迎来 观测 良机 
LOG (nnet3-latgen-faster[5.5]:DecodeUtteranceLatticeFaster():decoder-wrappers.cc:375) Log-like per frame for utterance BAC009S0764W0453 is 0.328187 over 362 frames.
BAC009S0764W0454 现代 快报 记者 评委 
LOG (nnet3-latgen-faster[5.5]:DecodeUtteranceLatticeFaster():decoder-wrappers.cc:375) Log-like per frame for utterance BAC009S0764W0454 is 0.344734 over 341 frames.
BAC009S0764W0455 本 月中 下旬 小行 星 撞 地球 
LOG (nnet3-latgen-faster[5.5]:DecodeUtteranceLatticeFaster():decoder-wrappers.cc:375) Log-like per frame for utterance BAC009S0764W0455 is 0.37302 over 428 frames.
BAC009S0764W0456 专家 没 有 科学 依据 
LOG (nnet3-latgen-faster[5.5]:DecodeUtteranceLatticeFaster():decoder-wrappers.cc:375) Log-like per frame for utterance BAC009S0764W0456 is 0.38254 over 274 frames.
BAC009S0764W0457 京华 时报 讯 记者 人伤 记者 从 北京 市 教育 考试院 获悉 
LOG (nnet3-latgen-faster[5.5]:DecodeUtteranceLatticeFaster():decoder-wrappers.cc:375) Log-like per frame for utterance BAC009S0764W0457 is 0.475429 over 628 frames.
BAC009S0764W0458 高招 本科 二一 今天 开始 进行 征集 志愿 欲 录取 
LOG (nnet3-latgen-faster[5.5]:DecodeUtteranceLatticeFaster():decoder-wrappers.cc:375) Log-like per frame for utterance BAC009S0764W0458 is 0.355353 over 616 frames.
BAC009S0764W0459 一八一 所 院校 将 步入 一九四九 人 
LOG (nnet3-latgen-faster[5.5]:DecodeUtteranceLatticeFaster():decoder-wrappers.cc:375) Log-like per frame for utterance BAC009S0764W0459 is 0.395533 over 498 frames.
BAC009S0764W0460 主角 允许 阅兵式 家 曾 参与 一九八四 年 阅兵 君悦 演奏 
LOG (nnet3-latgen-faster[5.5]:DecodeUtteranceLatticeFaster():decoder-wrappers.cc:375) Log-like per frame for utterance BAC009S0764W0460 is 0.402198 over 714 frames.
BAC009S0764W0461 朱 圣 委 办 王 思聪 女友 被诉 法官 送达 起诉书 遇阻 
LOG (nnet3-latgen-faster[5.5]:DecodeUtteranceLatticeFaster():decoder-wrappers.cc:375) Log-like per frame for utterance BAC009S0764W0461 is 0.41062 over 669 frames.
BAC009S0764W0462 王 思聪 将 朱 胜文 素质 北京 朝阳 法院 
LOG (nnet3-latgen-faster[5.5]:DecodeUtteranceLatticeFaster():decoder-wrappers.cc:375) Log-like per frame for utterance BAC009S0764W0462 is 0.419131 over 511 frames.
BAC009S0764W0463 要求 停止 侵权 公开 道歉 赔偿 精神 损失 亿元 
LOG (nnet3-latgen-faster[5.5]:DecodeUtteranceLatticeFaster():decoder-wrappers.cc:375) Log-like per frame for utterance BAC009S0764W0463 is 0.42978 over 550 frames.
BAC009S0764W0464 法官 送达 起诉书 副本 等 罂粟 材料 遇阻 
LOG (nnet3-latgen-faster[5.5]:DecodeUtteranceLatticeFaster():decoder-wrappers.cc:375) Log-like per frame for utterance BAC009S0764W0464 is 0.402973 over 494 frames.
BAC009S0764W0465 注意 说 斯亚 仙子 十来 养 不 是 我 可以 决定 的 
LOG (nnet3-latgen-faster[5.5]:DecodeUtteranceLatticeFaster():decoder-wrappers.cc:375) Log-like per frame for utterance BAC009S0764W0465 is 0.321591 over 447 frames.
BAC009S0764W0466 资料 图片 三 湖南 卫视 上周 开国 的 偶像 来 了 瞩目 
LOG (nnet3-latgen-faster[5.5]:DecodeUtteranceLatticeFaster():decoder-wrappers.cc:375) Log-like per frame for utterance BAC009S0764W0466 is 0.341257 over 501 frames.
BAC009S0764W0467 永远 的 私下 先 死 主因 的 亮相 延期 粉丝 的 热 捧 
LOG (nnet3-latgen-faster[5.5]:DecodeUtteranceLatticeFaster():decoder-wrappers.cc:375) Log-like per frame for utterance BAC009S0764W0467 is 0.340262 over 527 frames.
BAC009S0764W0468 永远 的 私下 仙子 主因 的 亮相 延期 粉丝 的 热 捧 
LOG (nnet3-latgen-faster[5.5]:DecodeUtteranceLatticeFaster():decoder-wrappers.cc:375) Log-like per frame for utterance BAC009S0764W0468 is 0.336737 over 533 frames.
BAC009S0764W0469 来自 全球 四七 个 国家 和 地区 的 二零零零 多名 选手 参赛 
LOG (nnet3-latgen-faster[5.5]:DecodeUtteranceLatticeFaster():decoder-wrappers.cc:375) Log-like per frame for utterance BAC009S0764W0469 is 0.452058 over 714 frames.
BAC009S0764W0470 机器 人 服务 员 现身 和 国电 顾客 直呼 女神 
LOG (nnet3-latgen-faster[5.5]:DecodeUtteranceLatticeFaster():decoder-wrappers.cc:375) Log-like per frame for utterance BAC009S0764W0470 is 0.399232 over 516 frames.
BAC009S0764W0471 女权 机器 人 在 火锅 店 内 工作 
LOG (nnet3-latgen-faster[5.5]:DecodeUtteranceLatticeFaster():decoder-wrappers.cc:375) Log-like per frame for utterance BAC009S0764W0471 is 0.372394 over 371 frames.
BAC009S0764W0472 机场 严查 亿 打火机 过 安检 放在 叶 寺里 算 藏匿 
LOG (nnet3-latgen-faster[5.5]:DecodeUtteranceLatticeFaster():decoder-wrappers.cc:375) Log-like per frame for utterance BAC009S0764W0472 is 0.365044 over 668 frames.
BAC009S0764W0473 本报 讯 记者 杨 有 所 言 
LOG (nnet3-latgen-faster[5.5]:DecodeUtteranceLatticeFaster():decoder-wrappers.cc:375) Log-like per frame for utterance BAC009S0764W0473 is 0.417581 over 321 frames.
BAC009S0764W0474 记者 从 首都 机场 公安 分局 航站 区 派出所 薪酬 获悉 
LOG (nnet3-latgen-faster[5.5]:DecodeUtteranceLatticeFaster():decoder-wrappers.cc:375) Log-like per frame for utterance BAC009S0764W0474 is 0.460667 over 639 frames.
BAC009S0764W0475 首都 机场 公安 分局 航站 区 派出所 联合 住宅 场 安检 员 
LOG (nnet3-latgen-faster[5.5]:DecodeUtteranceLatticeFaster():decoder-wrappers.cc:375) Log-like per frame for utterance BAC009S0764W0475 is 0.444367 over 715 frames.
BAC009S0764W0476 坚持 违法 零 容忍 和 高 现 处理 的 执法 态度 
LOG (nnet3-latgen-faster[5.5]:DecodeUtteranceLatticeFaster():decoder-wrappers.cc:375) Log-like per frame for utterance BAC009S0764W0476 is 0.443896 over 550 frames.
BAC009S0764W0477 严格 搜集 和 固定 相关 证据 
LOG (nnet3-latgen-faster[5.5]:DecodeUtteranceLatticeFaster():decoder-wrappers.cc:375) Log-like per frame for utterance BAC009S0764W0477 is 0.433316 over 383 frames.
BAC009S0764W0478 近日 在 违法 事实 认识 清楚 法律 法规 适用 明确 的 基础 上 
LOG (nnet3-latgen-faster[5.5]:DecodeUtteranceLatticeFaster():decoder-wrappers.cc:375) Log-like per frame for utterance BAC009S0764W0478 is 0.466168 over 643 frames.
BAC009S0764W0479 依法 对 一名 藏匿 打火机 过 减 的 旅客 进行 了 行政 处罚 
LOG (nnet3-latgen-faster[5.5]:DecodeUtteranceLatticeFaster():decoder-wrappers.cc:375) Log-like per frame for utterance BAC009S0764W0479 is 0.425992 over 598 frames.
BAC009S0764W0480 机场 公安 佳豪 航班 未 发生 性侵 实践 
LOG (nnet3-latgen-faster[5.5]:DecodeUtteranceLatticeFaster():decoder-wrappers.cc:375) Log-like per frame for utterance BAC009S0764W0480 is 0.400792 over 465 frames.
BAC009S0764W0482 网 传 该 航班 一名 男性 与 可 对 空姐 试图 性侵 导致 飞机 返航 
LOG (nnet3-latgen-faster[5.5]:DecodeUtteranceLatticeFaster():decoder-wrappers.cc:375) Log-like per frame for utterance BAC009S0764W0482 is 0.384235 over 776 frames.
BAC009S0764W0483 新京 报 记者 从 首都国际机场 公安 分局 相关 人员 处 获悉 
LOG (nnet3-latgen-faster[5.5]:DecodeUtteranceLatticeFaster():decoder-wrappers.cc:375) Log-like per frame for utterance BAC009S0764W0483 is 0.498038 over 722 frames.
BAC009S0764W0484 冲突 因 空姐 发 参 时 餐车 碰到 了 一名 旅客 
LOG (nnet3-latgen-faster[5.5]:DecodeUtteranceLatticeFaster():decoder-wrappers.cc:375) Log-like per frame for utterance BAC009S0764W0484 is 0.354169 over 546 frames.
BAC009S0764W0485 双方 一 预言 交 楼 不 创 导致 纠纷 
LOG (nnet3-latgen-faster[5.5]:DecodeUtteranceLatticeFaster():decoder-wrappers.cc:375) Log-like per frame for utterance BAC009S0764W0485 is 0.36719 over 439 frames.
BAC009S0764W0486 该 男子 因 影响 航班 正常 秩序 
LOG (nnet3-latgen-faster[5.5]:DecodeUtteranceLatticeFaster():decoder-wrappers.cc:375) Log-like per frame for utterance BAC009S0764W0486 is 0.413619 over 362 frames.
BAC009S0764W0487 明星 刘 晓庆 又 火 了 一 把 
LOG (nnet3-latgen-faster[5.5]:DecodeUtteranceLatticeFaster():decoder-wrappers.cc:375) Log-like per frame for utterance BAC009S0764W0487 is 0.385464 over 342 frames.
BAC009S0764W0488 他 几乎 刷 变 了 各 大媒 体 
LOG (nnet3-latgen-faster[5.5]:DecodeUtteranceLatticeFaster():decoder-wrappers.cc:375) Log-like per frame for utterance BAC009S0764W0488 is 0.432782 over 342 frames.
BAC009S0764W0489 不 是 他 的 戏 或 是 他 的 八卦 
LOG (nnet3-latgen-faster[5.5]:DecodeUtteranceLatticeFaster():decoder-wrappers.cc:375) Log-like per frame for utterance BAC009S0764W0489 is 0.381187 over 343 frames.
BAC009S0764W0490 而是 因为 他 也 中 了 天价 的 着 
LOG (nnet3-latgen-faster[5.5]:DecodeUtteranceLatticeFaster():decoder-wrappers.cc:375) Log-like per frame for utterance BAC009S0764W0490 is 0.422113 over 410 frames.
BAC009S0764W0491 极速 成功 处置 深 航 机 上 纵火 事件 获奖 二五零 王 
LOG (nnet3-latgen-faster[5.5]:DecodeUtteranceLatticeFaster():decoder-wrappers.cc:375) Log-like per frame for utterance BAC009S0764W0491 is 0.409268 over 645 frames.
LOG (apply-cmvn[5.5]:main():apply-cmvn.cc:81) Copied 370 utterances.
BAC009S0764W0492 成功 处置 深 航 机 上 纵火 事件 
LOG (nnet3-latgen-faster[5.5]:DecodeUtteranceLatticeFaster():decoder-wrappers.cc:375) Log-like per frame for utterance BAC009S0764W0492 is 0.416985 over 375 frames.
BAC009S0764W0493 砂 中 传 女生 嫌犯 就 想 找 个 人 发现 
LOG (nnet3-latgen-faster[5.5]:DecodeUtteranceLatticeFaster():decoder-wrappers.cc:375) Log-like per frame for utterance BAC009S0764W0493 is 0.318127 over 448 frames.
BAC009S0764W0494 其 是有 在 微 博 上 所 发 的 寻人 启事 
LOG (nnet3-latgen-faster[5.5]:DecodeUtteranceLatticeFaster():decoder-wrappers.cc:375) Log-like per frame for utterance BAC009S0764W0494 is 0.391938 over 437 frames.
BAC009S0764W0495 警方 正 时 周云 露 遇害 
LOG (nnet3-latgen-faster[5.5]:DecodeUtteranceLatticeFaster():decoder-wrappers.cc:375) Log-like per frame for utterance BAC009S0764W0495 is 0.359598 over 346 frames.
LOG (nnet3-latgen-faster[5.5]:main():nnet3-latgen-faster.cc:256) Time taken 2049.17s: real-time factor assuming 100 frames/sec is 1.1921
LOG (nnet3-latgen-faster[5.5]:main():nnet3-latgen-faster.cc:259) Done 370 utterances, failed for 0
LOG (nnet3-latgen-faster[5.5]:main():nnet3-latgen-faster.cc:261) Overall log-likelihood per frame is 0.408507 over 171896 frames.
LOG (nnet3-latgen-faster[5.5]:~CachingOptimizingCompiler():nnet-optimize.cc:710) 0.301 seconds taken in nnet3 compilation total (breakdown: 0.154 compilation, 0.0719 optimization, 0 shortcut expansion, 0.0136 checking, 7.2e-05 computing indexes, 0.0613 misc.) + 0 I/O.
# Accounting: time=2068 threads=1
# Ended (code 0) at Sat Jun 18 21:46:07 CST 2022, elapsed time 2068 seconds
