# nnet3-latgen-faster --frames-per-chunk=50 --extra-left-context=0 --extra-right-context=0 --extra-left-context-initial=-1 --extra-right-context-final=-1 --minimize=false --max-active=7000 --min-active=200 --beam=15.0 --lattice-beam=8.0 --acoustic-scale=0.1 --allow-partial=true --word-symbol-table=exp/tri5a/graph/words.txt exp/nnet3/new_dnn_sp/final.mdl exp/tri5a/graph/HCLG.fst "ark,s,cs:apply-cmvn --norm-means=false --norm-vars=false --utt2spk=ark:data/test_hires/split20/12/utt2spk scp:data/test_hires/split20/12/cmvn.scp scp:data/test_hires/split20/12/feats.scp ark:- |" "ark:|gzip -c >exp/nnet3/new_dnn_sp/decode_test/lat.12.gz" 
# Started at Sat Jun 18 21:47:01 CST 2022
#
nnet3-latgen-faster --frames-per-chunk=50 --extra-left-context=0 --extra-right-context=0 --extra-left-context-initial=-1 --extra-right-context-final=-1 --minimize=false --max-active=7000 --min-active=200 --beam=15.0 --lattice-beam=8.0 --acoustic-scale=0.1 --allow-partial=true --word-symbol-table=exp/tri5a/graph/words.txt exp/nnet3/new_dnn_sp/final.mdl exp/tri5a/graph/HCLG.fst 'ark,s,cs:apply-cmvn --norm-means=false --norm-vars=false --utt2spk=ark:data/test_hires/split20/12/utt2spk scp:data/test_hires/split20/12/cmvn.scp scp:data/test_hires/split20/12/feats.scp ark:- |' 'ark:|gzip -c >exp/nnet3/new_dnn_sp/decode_test/lat.12.gz' 
LOG (nnet3-latgen-faster[5.5]:RemoveOrphanNodes():nnet-nnet.cc:948) Removed 1 orphan nodes.
LOG (nnet3-latgen-faster[5.5]:RemoveOrphanComponents():nnet-nnet.cc:847) Removing 2 orphan components.
LOG (nnet3-latgen-faster[5.5]:Collapse():nnet-utils.cc:1488) Added 1 components, removed 2
apply-cmvn --norm-means=false --norm-vars=false --utt2spk=ark:data/test_hires/split20/12/utt2spk scp:data/test_hires/split20/12/cmvn.scp scp:data/test_hires/split20/12/feats.scp ark:- 
BAC009S0905W0121 公积金 贷款 额度 的 提高 
LOG (nnet3-latgen-faster[5.5]:DecodeUtteranceLatticeFaster():decoder-wrappers.cc:375) Log-like per frame for utterance BAC009S0905W0121 is 0.419744 over 358 frames.
BAC009S0905W0122 确实 降低 了 刚 需 人群 购房 成本 
LOG (nnet3-latgen-faster[5.5]:DecodeUtteranceLatticeFaster():decoder-wrappers.cc:375) Log-like per frame for utterance BAC009S0905W0122 is 0.409329 over 512 frames.
BAC009S0905W0123 对 房地 产 市场 的 利好 影响 将使 长期 的 
LOG (nnet3-latgen-faster[5.5]:DecodeUtteranceLatticeFaster():decoder-wrappers.cc:375) Log-like per frame for utterance BAC009S0905W0123 is 0.418988 over 569 frames.
BAC009S0905W0124 而 这 一 落 的 难题 也 会影 响 其 对 刚 需 市场 的 支持 效力 
LOG (nnet3-latgen-faster[5.5]:DecodeUtteranceLatticeFaster():decoder-wrappers.cc:375) Log-like per frame for utterance BAC009S0905W0124 is 0.427798 over 738 frames.
BAC009S0905W0125 这 一 公积金 新政 实际 上 仍然 存在 很多 门槛 
LOG (nnet3-latgen-faster[5.5]:DecodeUtteranceLatticeFaster():decoder-wrappers.cc:375) Log-like per frame for utterance BAC009S0905W0125 is 0.43681 over 620 frames.
BAC009S0905W0126 在 住房 公积金 贷款 的 申请 过程 中 
LOG (nnet3-latgen-faster[5.5]:DecodeUtteranceLatticeFaster():decoder-wrappers.cc:375) Log-like per frame for utterance BAC009S0905W0126 is 0.431559 over 487 frames.
BAC009S0905W0127 有 些 要 与 房企 具体 项目 挂钩 
LOG (nnet3-latgen-faster[5.5]:DecodeUtteranceLatticeFaster():decoder-wrappers.cc:375) Log-like per frame for utterance BAC009S0905W0127 is 0.409928 over 420 frames.
BAC009S0905W0128 在 公积金 贷款 额度 上调 后 一 个 月 内 
LOG (nnet3-latgen-faster[5.5]:DecodeUtteranceLatticeFaster():decoder-wrappers.cc:375) Log-like per frame for utterance BAC009S0905W0128 is 0.451927 over 476 frames.
BAC009S0905W0129 北京 公积金 贷款 成交 量 上涨 百分 之 五 
LOG (nnet3-latgen-faster[5.5]:DecodeUtteranceLatticeFaster():decoder-wrappers.cc:375) Log-like per frame for utterance BAC009S0905W0129 is 0.431648 over 562 frames.
BAC009S0905W0130 金融 市场 总体 平稳 如 只有 冲 高 回落 
LOG (nnet3-latgen-faster[5.5]:DecodeUtteranceLatticeFaster():decoder-wrappers.cc:375) Log-like per frame for utterance BAC009S0905W0130 is 0.380095 over 576 frames.
BAC009S0905W0131 但 专家 预计 短期 要好 仍 可能 会 积极 维 稳 
LOG (nnet3-latgen-faster[5.5]:DecodeUtteranceLatticeFaster():decoder-wrappers.cc:375) Log-like per frame for utterance BAC009S0905W0131 is 0.371214 over 620 frames.
BAC009S0905W0132 汇率 较大 概率 维持 方向 
LOG (nnet3-latgen-faster[5.5]:DecodeUtteranceLatticeFaster():decoder-wrappers.cc:375) Log-like per frame for utterance BAC009S0905W0132 is 0.354646 over 526 frames.
BAC009S0905W0133 相关 公司 股票 走势 招商 银行 
LOG (nnet3-latgen-faster[5.5]:DecodeUtteranceLatticeFaster():decoder-wrappers.cc:375) Log-like per frame for utterance BAC009S0905W0133 is 0.508386 over 457 frames.
BAC009S0905W0134 降 准 降息 或者 再 掀 收益 率 的 下降 潮 
LOG (nnet3-latgen-faster[5.5]:DecodeUtteranceLatticeFaster():decoder-wrappers.cc:375) Log-like per frame for utterance BAC009S0905W0134 is 0.384128 over 538 frames.
BAC009S0905W0135 霜降 加 上 广州 公积金 贷款 新政 落地 
LOG (nnet3-latgen-faster[5.5]:DecodeUtteranceLatticeFaster():decoder-wrappers.cc:375) Log-like per frame for utterance BAC009S0905W0135 is 0.387428 over 621 frames.
BAC009S0905W0136 上周 末 成为 潜在 买家 们 争相 咨询 看 楼 的 时机 
LOG (nnet3-latgen-faster[5.5]:DecodeUtteranceLatticeFaster():decoder-wrappers.cc:375) Log-like per frame for utterance BAC009S0905W0136 is 0.3903 over 691 frames.
BAC009S0905W0137 期待 说 没 能 有 更多 利好 出现 
LOG (nnet3-latgen-faster[5.5]:DecodeUtteranceLatticeFaster():decoder-wrappers.cc:375) Log-like per frame for utterance BAC009S0905W0137 is 0.368747 over 486 frames.
BAC009S0905W0138 第 四季 度 二手 住宅 成交 量 将 环比 增幅 在 百分 之 七 以内 
LOG (nnet3-latgen-faster[5.5]:DecodeUtteranceLatticeFaster():decoder-wrappers.cc:375) Log-like per frame for utterance BAC009S0905W0138 is 0.46297 over 823 frames.
BAC009S0905W0139 价格 要 到 明年 初 才 出现 上涨 
LOG (nnet3-latgen-faster[5.5]:DecodeUtteranceLatticeFaster():decoder-wrappers.cc:375) Log-like per frame for utterance BAC009S0905W0139 is 0.377773 over 405 frames.
BAC009S0905W0140 广州 日报 讯 记者 林 耘 上周 五 
LOG (nnet3-latgen-faster[5.5]:DecodeUtteranceLatticeFaster():decoder-wrappers.cc:375) Log-like per frame for utterance BAC009S0905W0140 is 0.403878 over 437 frames.
BAC009S0905W0141 再 加 上 广州 公积金 贷款 新政 终于 落地 
LOG (nnet3-latgen-faster[5.5]:DecodeUtteranceLatticeFaster():decoder-wrappers.cc:375) Log-like per frame for utterance BAC009S0905W0141 is 0.404772 over 583 frames.
BAC009S0905W0142 一 系列 利好 消息 影响 下 的 首 个 周末 
LOG (nnet3-latgen-faster[5.5]:DecodeUtteranceLatticeFaster():decoder-wrappers.cc:375) Log-like per frame for utterance BAC009S0905W0142 is 0.395767 over 510 frames.
BAC009S0905W0143 买家 积极 咨询 看 楼 
LOG (nnet3-latgen-faster[5.5]:DecodeUtteranceLatticeFaster():decoder-wrappers.cc:375) Log-like per frame for utterance BAC009S0905W0143 is 0.378173 over 331 frames.
BAC009S0905W0144 降息 消息 传出 后 首日 
LOG (nnet3-latgen-faster[5.5]:DecodeUtteranceLatticeFaster():decoder-wrappers.cc:375) Log-like per frame for utterance BAC009S0905W0144 is 0.407282 over 337 frames.
BAC009S0905W0145 的 不 门店 咨询 量 于 七 月 同期 相比 约 有 百分 之 七 左右 的 增幅 
LOG (nnet3-latgen-faster[5.5]:DecodeUtteranceLatticeFaster():decoder-wrappers.cc:375) Log-like per frame for utterance BAC009S0905W0145 is 0.43155 over 806 frames.
BAC009S0905W0146 满堂红 链 家 市场 研究 部 高级 经理 珠峰 透露 
LOG (nnet3-latgen-faster[5.5]:DecodeUtteranceLatticeFaster():decoder-wrappers.cc:375) Log-like per frame for utterance BAC009S0905W0146 is 0.424126 over 603 frames.
BAC009S0905W0147 殿军 电话 咨询 了 比 上一 个 周末 增加 实施 一 百分 之二 左右 
LOG (nnet3-latgen-faster[5.5]:DecodeUtteranceLatticeFaster():decoder-wrappers.cc:375) Log-like per frame for utterance BAC009S0905W0147 is 0.368616 over 824 frames.
BAC009S0905W0148 肯 楼 了 对比 上一 周末 大概 增加 百分 之 七 左右 
LOG (nnet3-latgen-faster[5.5]:DecodeUtteranceLatticeFaster():decoder-wrappers.cc:375) Log-like per frame for utterance BAC009S0905W0148 is 0.389713 over 642 frames.
BAC009S0905W0149 不过 他 认为 这种 增幅 并 不 算 太 明显 
LOG (nnet3-latgen-faster[5.5]:DecodeUtteranceLatticeFaster():decoder-wrappers.cc:375) Log-like per frame for utterance BAC009S0905W0149 is 0.434393 over 514 frames.
BAC009S0905W0150 搜房 网 广州 二手 房 电商 集团 市场 部 从 间 罗莱 平 发现 
LOG (nnet3-latgen-faster[5.5]:DecodeUtteranceLatticeFaster():decoder-wrappers.cc:375) Log-like per frame for utterance BAC009S0905W0150 is 0.406359 over 863 frames.
BAC009S0905W0151 市场 上 的 约 有 两 成 业主 反 价 
LOG (nnet3-latgen-faster[5.5]:DecodeUtteranceLatticeFaster():decoder-wrappers.cc:375) Log-like per frame for utterance BAC009S0905W0151 is 0.412366 over 428 frames.
BAC009S0905W0152 一 个 天河 区 的 中介 人士 告诉 记者 
LOG (nnet3-latgen-faster[5.5]:DecodeUtteranceLatticeFaster():decoder-wrappers.cc:375) Log-like per frame for utterance BAC009S0905W0152 is 0.43687 over 448 frames.
BAC009S0905W0153 市民 对 联系 多次 降息 已经 纳入 了 
LOG (nnet3-latgen-faster[5.5]:DecodeUtteranceLatticeFaster():decoder-wrappers.cc:375) Log-like per frame for utterance BAC009S0905W0153 is 0.402048 over 461 frames.
BAC009S0905W0154 公积金 贷款 新政 出台 
LOG (nnet3-latgen-faster[5.5]:DecodeUtteranceLatticeFaster():decoder-wrappers.cc:375) Log-like per frame for utterance BAC009S0905W0154 is 0.440156 over 336 frames.
BAC009S0905W0155 市场 不 可能 难 模块 有 反应 
LOG (nnet3-latgen-faster[5.5]:DecodeUtteranceLatticeFaster():decoder-wrappers.cc:375) Log-like per frame for utterance BAC009S0905W0155 is 0.389298 over 400 frames.
BAC009S0905W0156 七 月 广州 二手 楼市 焦头 升温 的 态势 以 相当 明确 
LOG (nnet3-latgen-faster[5.5]:DecodeUtteranceLatticeFaster():decoder-wrappers.cc:375) Log-like per frame for utterance BAC009S0905W0156 is 0.432862 over 669 frames.
BAC009S0905W0157 按照 这 一 趋势 发展 下去 
LOG (nnet3-latgen-faster[5.5]:DecodeUtteranceLatticeFaster():decoder-wrappers.cc:375) Log-like per frame for utterance BAC009S0905W0157 is 0.405432 over 357 frames.
BAC009S0905W0158 再 加 上 的 央行 降息 以及 公积金 新政 等 利好 的 叠加 效应 
LOG (nnet3-latgen-faster[5.5]:DecodeUtteranceLatticeFaster():decoder-wrappers.cc:375) Log-like per frame for utterance BAC009S0905W0158 is 0.377819 over 829 frames.
BAC009S0905W0159 有 望 进一步 激活 买家 在 接近 年底 这 段 时间 的 入市 积极 性 
LOG (nnet3-latgen-faster[5.5]:DecodeUtteranceLatticeFaster():decoder-wrappers.cc:375) Log-like per frame for utterance BAC009S0905W0159 is 0.445641 over 768 frames.
BAC009S0905W0160 据 阳光家园 网站 公布 数据 统计 
LOG (nnet3-latgen-faster[5.5]:DecodeUtteranceLatticeFaster():decoder-wrappers.cc:375) Log-like per frame for utterance BAC009S0905W0160 is 0.417821 over 456 frames.
BAC009S0905W0161 广州 二手 住宅 市场 七 月 的 网签 量 已达 一千 套 
LOG (nnet3-latgen-faster[5.5]:DecodeUtteranceLatticeFaster():decoder-wrappers.cc:375) Log-like per frame for utterance BAC009S0905W0161 is 0.483154 over 615 frames.
BAC009S0905W0162 广州 二手 住宅 市场 网签 量 达 一千 套 
LOG (nnet3-latgen-faster[5.5]:DecodeUtteranceLatticeFaster():decoder-wrappers.cc:375) Log-like per frame for utterance BAC009S0905W0162 is 0.461956 over 501 frames.
BAC009S0905W0163 超过 五月 七千 套 的 水平 
LOG (nnet3-latgen-faster[5.5]:DecodeUtteranceLatticeFaster():decoder-wrappers.cc:375) Log-like per frame for utterance BAC009S0905W0163 is 0.391204 over 358 frames.
BAC009S0905W0164 目前 市场 上 的 低价 房源 的 基本 消耗 完毕 
LOG (nnet3-latgen-faster[5.5]:DecodeUtteranceLatticeFaster():decoder-wrappers.cc:375) Log-like per frame for utterance BAC009S0905W0164 is 0.386791 over 559 frames.
BAC009S0905W0165 广州 二手 房 迎来 新 一轮 涨价 潮 
LOG (nnet3-latgen-faster[5.5]:DecodeUtteranceLatticeFaster():decoder-wrappers.cc:375) Log-like per frame for utterance BAC009S0905W0165 is 0.427119 over 416 frames.
BAC009S0905W0166 搜房 网 广州 二手 房 统计 中心 数据 显示 
LOG (nnet3-latgen-faster[5.5]:DecodeUtteranceLatticeFaster():decoder-wrappers.cc:375) Log-like per frame for utterance BAC009S0905W0166 is 0.471963 over 554 frames.
BAC009S0905W0167 广州 五月 二手 房 均价 为 一千 元 每平 方米 
LOG (nnet3-latgen-faster[5.5]:DecodeUtteranceLatticeFaster():decoder-wrappers.cc:375) Log-like per frame for utterance BAC009S0905W0167 is 0.483644 over 648 frames.
BAC009S0905W0168 比 月初 增长 了 一百 元 每平 方米 
LOG (nnet3-latgen-faster[5.5]:DecodeUtteranceLatticeFaster():decoder-wrappers.cc:375) Log-like per frame for utterance BAC009S0905W0168 is 0.407781 over 416 frames.
BAC009S0905W0169 因此 判断 随着 利好 政策 的 实施 和成 交 量 的 增加 
LOG (nnet3-latgen-faster[5.5]:DecodeUtteranceLatticeFaster():decoder-wrappers.cc:375) Log-like per frame for utterance BAC009S0905W0169 is 0.470196 over 677 frames.
BAC009S0905W0170 今年 的 房价 还会 有 上升 空间 
LOG (nnet3-latgen-faster[5.5]:DecodeUtteranceLatticeFaster():decoder-wrappers.cc:375) Log-like per frame for utterance BAC009S0905W0170 is 0.413404 over 424 frames.
BAC009S0905W0171 广州 还是 在 执行 严厉 的 限 购 政策 
LOG (nnet3-latgen-faster[5.5]:DecodeUtteranceLatticeFaster():decoder-wrappers.cc:375) Log-like per frame for utterance BAC009S0905W0171 is 0.440185 over 489 frames.
BAC009S0905W0172 我 预计 市场 成交 量 会 有 所 增加 
LOG (nnet3-latgen-faster[5.5]:DecodeUtteranceLatticeFaster():decoder-wrappers.cc:375) Log-like per frame for utterance BAC009S0905W0172 is 0.452875 over 437 frames.
BAC009S0905W0173 但 增加 的 幅度 不 会 太 大 
LOG (nnet3-latgen-faster[5.5]:DecodeUtteranceLatticeFaster():decoder-wrappers.cc:375) Log-like per frame for utterance BAC009S0905W0173 is 0.405415 over 337 frames.
BAC009S0905W0174 他 预测 今年 剩 馀 的 两 个 月 中 
LOG (nnet3-latgen-faster[5.5]:DecodeUtteranceLatticeFaster():decoder-wrappers.cc:375) Log-like per frame for utterance BAC009S0905W0174 is 0.386934 over 413 frames.
BAC009S0905W0175 昨日 人民 币 汇率 小幅 走弱 
LOG (nnet3-latgen-faster[5.5]:DecodeUtteranceLatticeFaster():decoder-wrappers.cc:375) Log-like per frame for utterance BAC009S0905W0175 is 0.416149 over 395 frames.
BAC009S0905W0176 人民 币 中间 价 
LOG (nnet3-latgen-faster[5.5]:DecodeUtteranceLatticeFaster():decoder-wrappers.cc:375) Log-like per frame for utterance BAC009S0905W0176 is 0.365389 over 272 frames.
BAC009S0905W0177 美丽 北京 大型 绿色 公益 品牌 项目 
LOG (nnet3-latgen-faster[5.5]:DecodeUtteranceLatticeFaster():decoder-wrappers.cc:375) Log-like per frame for utterance BAC009S0905W0177 is 0.400786 over 489 frames.
BAC009S0905W0178 在案 人民 币 兑 美元 收盘 下跌 百分 之 一 
LOG (nnet3-latgen-faster[5.5]:DecodeUtteranceLatticeFaster():decoder-wrappers.cc:375) Log-like per frame for utterance BAC009S0905W0178 is 0.420654 over 555 frames.
BAC009S0905W0179 霜降 后 首日 在案 人民 币 由 若 转强 
LOG (nnet3-latgen-faster[5.5]:DecodeUtteranceLatticeFaster():decoder-wrappers.cc:375) Log-like per frame for utterance BAC009S0905W0179 is 0.386203 over 481 frames.
BAC009S0905W0180 人民 币 成交 额 减少 百分 之 一 
LOG (nnet3-latgen-faster[5.5]:DecodeUtteranceLatticeFaster():decoder-wrappers.cc:375) Log-like per frame for utterance BAC009S0905W0180 is 0.436923 over 394 frames.
BAC009S0905W0181 包括 七千亿 美元 
LOG (nnet3-latgen-faster[5.5]:DecodeUtteranceLatticeFaster():decoder-wrappers.cc:375) Log-like per frame for utterance BAC009S0905W0181 is 0.380468 over 283 frames.
BAC009S0905W0182 上周 五 的 霜降 政策 让 市场 担忧 
LOG (nnet3-latgen-faster[5.5]:DecodeUtteranceLatticeFaster():decoder-wrappers.cc:375) Log-like per frame for utterance BAC009S0905W0182 is 0.38109 over 435 frames.
BAC009S0905W0183 头巾 和 在 经济 增长 速度 放缓 形势 下 加速 外流 
LOG (nnet3-latgen-faster[5.5]:DecodeUtteranceLatticeFaster():decoder-wrappers.cc:375) Log-like per frame for utterance BAC009S0905W0183 is 0.412645 over 644 frames.
BAC009S0905W0184 投资 者 担心 浙江 加注 人民 币 所 面临 的 压力 
LOG (nnet3-latgen-faster[5.5]:DecodeUtteranceLatticeFaster():decoder-wrappers.cc:375) Log-like per frame for utterance BAC009S0905W0184 is 0.447556 over 542 frames.
BAC009S0905W0185 就 在 上周 五 霜降 公布 之后 
LOG (nnet3-latgen-faster[5.5]:DecodeUtteranceLatticeFaster():decoder-wrappers.cc:375) Log-like per frame for utterance BAC009S0905W0185 is 0.377345 over 385 frames.
BAC009S0905W0186 招商 银行 同业 金融 不 高级 分析 师 刘 多 辆 指出 
LOG (nnet3-latgen-faster[5.5]:DecodeUtteranceLatticeFaster():decoder-wrappers.cc:375) Log-like per frame for utterance BAC009S0905W0186 is 0.416367 over 656 frames.
BAC009S0905W0187 加快 老旧 渔船 更新 改造 
LOG (nnet3-latgen-faster[5.5]:DecodeUtteranceLatticeFaster():decoder-wrappers.cc:375) Log-like per frame for utterance BAC009S0905W0187 is 0.355685 over 353 frames.
BAC009S0905W0188 不 断 增强 农业 可 持续 发展 能力 
LOG (nnet3-latgen-faster[5.5]:DecodeUtteranceLatticeFaster():decoder-wrappers.cc:375) Log-like per frame for utterance BAC009S0905W0188 is 0.443359 over 424 frames.
BAC009S0905W0189 创建 国家 现代 农业 示范 区 
LOG (nnet3-latgen-faster[5.5]:DecodeUtteranceLatticeFaster():decoder-wrappers.cc:375) Log-like per frame for utterance BAC009S0905W0189 is 0.406463 over 412 frames.
BAC009S0905W0190 加大 示范 区 建设 力度 
LOG (nnet3-latgen-faster[5.5]:DecodeUtteranceLatticeFaster():decoder-wrappers.cc:375) Log-like per frame for utterance BAC009S0905W0190 is 0.368368 over 353 frames.
BAC009S0905W0191 加大 示范 项目 建设 投入 力度 
LOG (nnet3-latgen-faster[5.5]:DecodeUtteranceLatticeFaster():decoder-wrappers.cc:375) Log-like per frame for utterance BAC009S0905W0191 is 0.432647 over 463 frames.
BAC009S0905W0192 努力 打造 现代 农业 发展 的 点 协和 样板 
LOG (nnet3-latgen-faster[5.5]:DecodeUtteranceLatticeFaster():decoder-wrappers.cc:375) Log-like per frame for utterance BAC009S0905W0192 is 0.400693 over 555 frames.
BAC009S0905W0193 发挥 示范 区 引领 作用 
LOG (nnet3-latgen-faster[5.5]:DecodeUtteranceLatticeFaster():decoder-wrappers.cc:375) Log-like per frame for utterance BAC009S0905W0193 is 0.378084 over 330 frames.
BAC009S0905W0194 通过 产业 拉动 技术 辐射 和 人员 培训 的 
LOG (nnet3-latgen-faster[5.5]:DecodeUtteranceLatticeFaster():decoder-wrappers.cc:375) Log-like per frame for utterance BAC009S0905W0194 is 0.415515 over 524 frames.
BAC009S0905W0195 带动 周边 地区 限 贷 农业 加快 发展 
LOG (nnet3-latgen-faster[5.5]:DecodeUtteranceLatticeFaster():decoder-wrappers.cc:375) Log-like per frame for utterance BAC009S0905W0195 is 0.397566 over 524 frames.
BAC009S0905W0196 引导 各地 简介 示范 区 发展 现代 农业 的 好 做法 和 和 经验 
LOG (nnet3-latgen-faster[5.5]:DecodeUtteranceLatticeFaster():decoder-wrappers.cc:375) Log-like per frame for utterance BAC009S0905W0196 is 0.399412 over 783 frames.
BAC009S0905W0197 推动 创建 不 同 层次 特色 鲜明 的 现代 农业 示范 区 
LOG (nnet3-latgen-faster[5.5]:DecodeUtteranceLatticeFaster():decoder-wrappers.cc:375) Log-like per frame for utterance BAC009S0905W0197 is 0.411215 over 649 frames.
BAC009S0905W0198 按照 分类 指导 突出 重点 梯次 推进 的 思路 
LOG (nnet3-latgen-faster[5.5]:DecodeUtteranceLatticeFaster():decoder-wrappers.cc:375) Log-like per frame for utterance BAC009S0905W0198 is 0.414944 over 582 frames.
BAC009S0905W0199 以期 区 二十三 大 农业 战略 格局 为 核心 
LOG (nnet3-latgen-faster[5.5]:DecodeUtteranceLatticeFaster():decoder-wrappers.cc:375) Log-like per frame for utterance BAC009S0905W0199 is 0.407738 over 653 frames.
BAC009S0905W0200 着力 建设 重点 推进 率先 实现 和 分步 发展 三类 区域 
LOG (nnet3-latgen-faster[5.5]:DecodeUtteranceLatticeFaster():decoder-wrappers.cc:375) Log-like per frame for utterance BAC009S0905W0200 is 0.426656 over 693 frames.
BAC009S0905W0201 因为 全国 现代 农业 加快 发展 
LOG (nnet3-latgen-faster[5.5]:DecodeUtteranceLatticeFaster():decoder-wrappers.cc:375) Log-like per frame for utterance BAC009S0905W0201 is 0.406347 over 399 frames.
BAC009S0905W0202 重点 推进 区域 
LOG (nnet3-latgen-faster[5.5]:DecodeUtteranceLatticeFaster():decoder-wrappers.cc:375) Log-like per frame for utterance BAC009S0905W0202 is 0.362538 over 289 frames.
BAC009S0905W0203 农业 生产 技术 较 为 成熟 
LOG (nnet3-latgen-faster[5.5]:DecodeUtteranceLatticeFaster():decoder-wrappers.cc:375) Log-like per frame for utterance BAC009S0905W0203 is 0.407041 over 378 frames.
BAC009S0905W0204 农业 生产 条件 具有 良好 基础 
LOG (nnet3-latgen-faster[5.5]:DecodeUtteranceLatticeFaster():decoder-wrappers.cc:375) Log-like per frame for utterance BAC009S0905W0204 is 0.415307 over 405 frames.
BAC009S0905W0205 承担 者 主要 农产 品 够 给 保证 的 主体 功能 
LOG (nnet3-latgen-faster[5.5]:DecodeUtteranceLatticeFaster():decoder-wrappers.cc:375) Log-like per frame for utterance BAC009S0905W0205 is 0.39772 over 574 frames.
BAC009S0905W0206 加快 推进 该 区域 现代 农业 建设 
LOG (nnet3-latgen-faster[5.5]:DecodeUtteranceLatticeFaster():decoder-wrappers.cc:375) Log-like per frame for utterance BAC009S0905W0206 is 0.463241 over 454 frames.
BAC009S0905W0207 事关 全国 农业 现代 化 进程 和国 家 量 是 安全 大举 
LOG (nnet3-latgen-faster[5.5]:DecodeUtteranceLatticeFaster():decoder-wrappers.cc:375) Log-like per frame for utterance BAC009S0905W0207 is 0.409021 over 740 frames.
BAC009S0905W0208 继续 发展 该 区域 了 是安 全 接触 到 账 作用 
LOG (nnet3-latgen-faster[5.5]:DecodeUtteranceLatticeFaster():decoder-wrappers.cc:375) Log-like per frame for utterance BAC009S0905W0208 is 0.366769 over 671 frames.
BAC009S0905W0209 调动 各方 发展 粮食 生产 积极 性 
LOG (nnet3-latgen-faster[5.5]:DecodeUtteranceLatticeFaster():decoder-wrappers.cc:375) Log-like per frame for utterance BAC009S0905W0209 is 0.400542 over 454 frames.
BAC009S0905W0210 与 建设 小卖 玉米 水稻 大豆 优势 产业 大 为 重点 
LOG (nnet3-latgen-faster[5.5]:DecodeUtteranceLatticeFaster():decoder-wrappers.cc:375) Log-like per frame for utterance BAC009S0905W0210 is 0.377925 over 731 frames.
BAC009S0905W0211 深入 开展 粮食 稳定 增产 行动 
LOG (nnet3-latgen-faster[5.5]:DecodeUtteranceLatticeFaster():decoder-wrappers.cc:375) Log-like per frame for utterance BAC009S0905W0211 is 0.351013 over 445 frames.
BAC009S0905W0212 加强 农田 水利 和 高标 准 农田 建设 
LOG (nnet3-latgen-faster[5.5]:DecodeUtteranceLatticeFaster():decoder-wrappers.cc:375) Log-like per frame for utterance BAC009S0905W0212 is 0.425711 over 525 frames.
BAC009S0905W0213 提高 农机 装备 和 作业 水平 
LOG (nnet3-latgen-faster[5.5]:DecodeUtteranceLatticeFaster():decoder-wrappers.cc:375) Log-like per frame for utterance BAC009S0905W0213 is 0.410356 over 400 frames.
BAC009S0905W0214 大力 开展 高产 创建 和 科技 知道 服务 
LOG (nnet3-latgen-faster[5.5]:DecodeUtteranceLatticeFaster():decoder-wrappers.cc:375) Log-like per frame for utterance BAC009S0905W0214 is 0.412266 over 581 frames.
BAC009S0905W0215 推广 防灾 减灾 增产 关键 技术 
LOG (nnet3-latgen-faster[5.5]:DecodeUtteranceLatticeFaster():decoder-wrappers.cc:375) Log-like per frame for utterance BAC009S0905W0215 is 0.342917 over 539 frames.
BAC009S0905W0216 加快 学 与 应用 优良 品种 
LOG (nnet3-latgen-faster[5.5]:DecodeUtteranceLatticeFaster():decoder-wrappers.cc:375) Log-like per frame for utterance BAC009S0905W0216 is 0.332351 over 386 frames.
BAC009S0905W0217 大幅 度 提升 了 是 组合 生产 能力 和 现代 化 生产 水平 
LOG (nnet3-latgen-faster[5.5]:DecodeUtteranceLatticeFaster():decoder-wrappers.cc:375) Log-like per frame for utterance BAC009S0905W0217 is 0.44069 over 686 frames.
BAC009S0905W0218 大力 发展 量 是 金 深 加工 及 仓储 物流 业 
LOG (nnet3-latgen-faster[5.5]:DecodeUtteranceLatticeFaster():decoder-wrappers.cc:375) Log-like per frame for utterance BAC009S0905W0218 is 0.35571 over 594 frames.
BAC009S0905W0219 完善 了 是 仓储 与 舒 设备 
LOG (nnet3-latgen-faster[5.5]:DecodeUtteranceLatticeFaster():decoder-wrappers.cc:375) Log-like per frame for utterance BAC009S0905W0219 is 0.376545 over 421 frames.
BAC009S0905W0220 引导 龙头 企业 向 优势 产 区 聚集 
LOG (nnet3-latgen-faster[5.5]:DecodeUtteranceLatticeFaster():decoder-wrappers.cc:375) Log-like per frame for utterance BAC009S0905W0220 is 0.387408 over 618 frames.
BAC009S0905W0221 提高 良 是 生产 都 和 效益 
LOG (nnet3-latgen-faster[5.5]:DecodeUtteranceLatticeFaster():decoder-wrappers.cc:375) Log-like per frame for utterance BAC009S0905W0221 is 0.384224 over 398 frames.
BAC009S0905W0222 其他 主要 如 产品 优势 区 
LOG (nnet3-latgen-faster[5.5]:DecodeUtteranceLatticeFaster():decoder-wrappers.cc:375) Log-like per frame for utterance BAC009S0905W0222 is 0.365882 over 369 frames.
BAC009S0905W0223 以 低于 蔬菜 餐桌 等 农产 品 生产 的 主体 区域 
LOG (nnet3-latgen-faster[5.5]:DecodeUtteranceLatticeFaster():decoder-wrappers.cc:375) Log-like per frame for utterance BAC009S0905W0223 is 0.370382 over 688 frames.
BAC009S0905W0224 以 建设 区域 内 各类 农产 品 优势 产业 大 为重 点 
LOG (nnet3-latgen-faster[5.5]:DecodeUtteranceLatticeFaster():decoder-wrappers.cc:375) Log-like per frame for utterance BAC009S0905W0224 is 0.420107 over 664 frames.
BAC009S0905W0225 提高 资源 利用 率 和 加工 转化 率 
LOG (nnet3-latgen-faster[5.5]:DecodeUtteranceLatticeFaster():decoder-wrappers.cc:375) Log-like per frame for utterance BAC009S0905W0225 is 0.393794 over 428 frames.
BAC009S0905W0226 继续 巩固 绵 刘 棠 水果 和 蔬菜 等 产品 供给 保证 政策 地位 
LOG (nnet3-latgen-faster[5.5]:DecodeUtteranceLatticeFaster():decoder-wrappers.cc:375) Log-like per frame for utterance BAC009S0905W0226 is 0.355333 over 892 frames.
BAC009S0905W0227 着力 桥 化 技术 装备 支撑 
LOG (nnet3-latgen-faster[5.5]:DecodeUtteranceLatticeFaster():decoder-wrappers.cc:375) Log-like per frame for utterance BAC009S0905W0227 is 0.361332 over 401 frames.
BAC009S0905W0228 提高 现代 化 生产 水平 
LOG (nnet3-latgen-faster[5.5]:DecodeUtteranceLatticeFaster():decoder-wrappers.cc:375) Log-like per frame for utterance BAC009S0905W0228 is 0.412401 over 352 frames.
BAC009S0905W0229 强化 出口 水 产品 生产 基地 功能 
LOG (nnet3-latgen-faster[5.5]:DecodeUtteranceLatticeFaster():decoder-wrappers.cc:375) Log-like per frame for utterance BAC009S0905W0229 is 0.351364 over 481 frames.
BAC009S0905W0230 加快 现代 养殖 业 发展 
LOG (nnet3-latgen-faster[5.5]:DecodeUtteranceLatticeFaster():decoder-wrappers.cc:375) Log-like per frame for utterance BAC009S0905W0230 is 0.415759 over 340 frames.
BAC009S0905W0231 率先 实现 区域 
LOG (nnet3-latgen-faster[5.5]:DecodeUtteranceLatticeFaster():decoder-wrappers.cc:375) Log-like per frame for utterance BAC009S0905W0231 is 0.408095 over 294 frames.
BAC009S0905W0232 该 区域 交通 区 为 市场 的 和 人力 资源 优势 明显 
LOG (nnet3-latgen-faster[5.5]:DecodeUtteranceLatticeFaster():decoder-wrappers.cc:375) Log-like per frame for utterance BAC009S0905W0232 is 0.426828 over 643 frames.
BAC009S0905W0233 资本 技术 的 现代 化 生产要素 集约 化 程度 高 
LOG (nnet3-latgen-faster[5.5]:DecodeUtteranceLatticeFaster():decoder-wrappers.cc:375) Log-like per frame for utterance BAC009S0905W0233 is 0.426772 over 621 frames.
BAC009S0905W0234 加快 该 区域 现代 农业 建设 
LOG (nnet3-latgen-faster[5.5]:DecodeUtteranceLatticeFaster():decoder-wrappers.cc:375) Log-like per frame for utterance BAC009S0905W0234 is 0.427234 over 422 frames.
BAC009S0905W0235 对于 引领 全国 现代 农业 加快 发展 具有 重要 意义 
LOG (nnet3-latgen-faster[5.5]:DecodeUtteranceLatticeFaster():decoder-wrappers.cc:375) Log-like per frame for utterance BAC009S0905W0235 is 0.452989 over 703 frames.
BAC009S0905W0236 东部 沿海 先导 农业区 
LOG (nnet3-latgen-faster[5.5]:DecodeUtteranceLatticeFaster():decoder-wrappers.cc:375) Log-like per frame for utterance BAC009S0905W0236 is 0.345386 over 416 frames.
BAC009S0905W0237 大力 发展 资本 技术 密集 型 农业 
LOG (nnet3-latgen-faster[5.5]:DecodeUtteranceLatticeFaster():decoder-wrappers.cc:375) Log-like per frame for utterance BAC009S0905W0237 is 0.422339 over 503 frames.
BAC009S0905W0238 保持 工地 面积 不 减少 
LOG (nnet3-latgen-faster[5.5]:DecodeUtteranceLatticeFaster():decoder-wrappers.cc:375) Log-like per frame for utterance BAC009S0905W0238 is 0.358449 over 324 frames.
BAC009S0905W0239 探索 企业 华 集团 化 发展 模式 
LOG (nnet3-latgen-faster[5.5]:DecodeUtteranceLatticeFaster():decoder-wrappers.cc:375) Log-like per frame for utterance BAC009S0905W0239 is 0.39915 over 427 frames.
BAC009S0905W0240 大力 推进 标准 化生 产 和集 约 华 经营 
LOG (nnet3-latgen-faster[5.5]:DecodeUtteranceLatticeFaster():decoder-wrappers.cc:375) Log-like per frame for utterance BAC009S0905W0240 is 0.389338 over 504 frames.
BAC009S0905W0241 提高 信息 化 优质 化 和 品牌 化 水平 
LOG (nnet3-latgen-faster[5.5]:DecodeUtteranceLatticeFaster():decoder-wrappers.cc:375) Log-like per frame for utterance BAC009S0905W0241 is 0.404023 over 548 frames.
BAC009S0905W0242 提升 产品 的 科技 含量 和 附加 值 
LOG (nnet3-latgen-faster[5.5]:DecodeUtteranceLatticeFaster():decoder-wrappers.cc:375) Log-like per frame for utterance BAC009S0905W0242 is 0.430171 over 457 frames.
BAC009S0905W0243 大城 市 郊区 多 功能 农业区 
LOG (nnet3-latgen-faster[5.5]:DecodeUtteranceLatticeFaster():decoder-wrappers.cc:375) Log-like per frame for utterance BAC009S0905W0243 is 0.346362 over 463 frames.
BAC009S0905W0244 主要 至 沿海 地区 以外 的 直辖 市 省会 城市 等 大城 市 郊区 
LOG (nnet3-latgen-faster[5.5]:DecodeUtteranceLatticeFaster():decoder-wrappers.cc:375) Log-like per frame for utterance BAC009S0905W0244 is 0.39016 over 844 frames.
BAC009S0905W0245 统筹 推进 新 一轮 菜篮子 工程 建设 
LOG (nnet3-latgen-faster[5.5]:DecodeUtteranceLatticeFaster():decoder-wrappers.cc:375) Log-like per frame for utterance BAC009S0905W0245 is 0.423131 over 555 frames.
BAC009S0905W0246 合理 确定 大城 市 郊区 菜篮子 产品 生产 用地 的 保有 数量 
LOG (nnet3-latgen-faster[5.5]:DecodeUtteranceLatticeFaster():decoder-wrappers.cc:375) Log-like per frame for utterance BAC009S0905W0246 is 0.395338 over 828 frames.
BAC009S0905W0247 提高 大城 市 菜篮子 产品 的 子 给 率 
LOG (nnet3-latgen-faster[5.5]:DecodeUtteranceLatticeFaster():decoder-wrappers.cc:375) Log-like per frame for utterance BAC009S0905W0247 is 0.366068 over 483 frames.
BAC009S0905W0248 在 稳定 城市 副食品 供应 保证 能力 的 基础 上 
LOG (nnet3-latgen-faster[5.5]:DecodeUtteranceLatticeFaster():decoder-wrappers.cc:375) Log-like per frame for utterance BAC009S0905W0248 is 0.406778 over 718 frames.
BAC009S0905W0249 全面 推进 机械 化 标准 化 品牌 化 产业 化 发展 
LOG (nnet3-latgen-faster[5.5]:DecodeUtteranceLatticeFaster():decoder-wrappers.cc:375) Log-like per frame for utterance BAC009S0905W0249 is 0.441196 over 690 frames.
BAC009S0905W0250 加快 农田 基础 设备 和 现代 农业 装备 建设 
LOG (nnet3-latgen-faster[5.5]:DecodeUtteranceLatticeFaster():decoder-wrappers.cc:375) Log-like per frame for utterance BAC009S0905W0250 is 0.384118 over 648 frames.
BAC009S0905W0251 着力 建设 国家 商品 量 共 给 重点 保证 去 
LOG (nnet3-latgen-faster[5.5]:DecodeUtteranceLatticeFaster():decoder-wrappers.cc:375) Log-like per frame for utterance BAC009S0905W0251 is 0.34376 over 676 frames.
BAC009S0905W0252 提香 垦区 限 贷 农业 发展 水平 
LOG (nnet3-latgen-faster[5.5]:DecodeUtteranceLatticeFaster():decoder-wrappers.cc:375) Log-like per frame for utterance BAC009S0905W0252 is 0.366739 over 509 frames.
BAC009S0905W0253 业界 首次 开始 认真 讨论 苹果 是 指 晋升 外地 大关 的 权利 
LOG (nnet3-latgen-faster[5.5]:DecodeUtteranceLatticeFaster():decoder-wrappers.cc:375) Log-like per frame for utterance BAC009S0905W0253 is 0.367382 over 851 frames.
BAC009S0905W0254 苹果 股票 价格 创 下 历史 新高 
LOG (nnet3-latgen-faster[5.5]:DecodeUtteranceLatticeFaster():decoder-wrappers.cc:375) Log-like per frame for utterance BAC009S0905W0254 is 0.457479 over 430 frames.
BAC009S0905W0255 苹果 市值 超过 七千亿 美元 
LOG (nnet3-latgen-faster[5.5]:DecodeUtteranceLatticeFaster():decoder-wrappers.cc:375) Log-like per frame for utterance BAC009S0905W0255 is 0.442489 over 465 frames.
BAC009S0905W0256 如果 按照 每股 一二 期 美元 的 股价 来 算 
LOG (nnet3-latgen-faster[5.5]:DecodeUtteranceLatticeFaster():decoder-wrappers.cc:375) Log-like per frame for utterance BAC009S0905W0256 is 0.427319 over 672 frames.
BAC009S0905W0257 那么 苹果 是 价 约 为 七 四 四 时 的 美元 
LOG (nnet3-latgen-faster[5.5]:DecodeUtteranceLatticeFaster():decoder-wrappers.cc:375) Log-like per frame for utterance BAC009S0905W0257 is 0.337371 over 750 frames.
BAC009S0905W0258 这 一 价格 也是 目前 华尔 街 给出 的 最 高 股价 
LOG (nnet3-latgen-faster[5.5]:DecodeUtteranceLatticeFaster():decoder-wrappers.cc:375) Log-like per frame for utterance BAC009S0905W0258 is 0.410169 over 678 frames.
BAC009S0905W0261 随着 思科 网络 的 在 中国 的 展开 
LOG (nnet3-latgen-faster[5.5]:DecodeUtteranceLatticeFaster():decoder-wrappers.cc:375) Log-like per frame for utterance BAC009S0905W0261 is 0.426316 over 494 frames.
BAC009S0905W0262 苹果 对 电动 汽车 表现 出 的 由 后 兴趣 
LOG (nnet3-latgen-faster[5.5]:DecodeUtteranceLatticeFaster():decoder-wrappers.cc:375) Log-like per frame for utterance BAC009S0905W0262 is 0.390827 over 560 frames.
BAC009S0905W0263 也 能够 给 股市 场 来 大 更多 兴奋 
LOG (nnet3-latgen-faster[5.5]:DecodeUtteranceLatticeFaster():decoder-wrappers.cc:375) Log-like per frame for utterance BAC009S0905W0263 is 0.369631 over 547 frames.
BAC009S0905W0264 苹果 将 继续 向 股东 返还 现金 
LOG (nnet3-latgen-faster[5.5]:DecodeUtteranceLatticeFaster():decoder-wrappers.cc:375) Log-like per frame for utterance BAC009S0905W0264 is 0.426156 over 497 frames.
BAC009S0905W0265 四月 份 或 将 采取 更多 的 举动 
LOG (nnet3-latgen-faster[5.5]:DecodeUtteranceLatticeFaster():decoder-wrappers.cc:375) Log-like per frame for utterance BAC009S0905W0265 is 0.421618 over 424 frames.
BAC009S0905W0266 这些 力量 的 结合 将会 推动 苹果 的 市盈 率 大幅 上升 
LOG (nnet3-latgen-faster[5.5]:DecodeUtteranceLatticeFaster():decoder-wrappers.cc:375) Log-like per frame for utterance BAC009S0905W0266 is 0.42256 over 739 frames.
BAC009S0905W0267 苹果 公司 的 市价 交 突破 一万 亿美 金 大关 
LOG (nnet3-latgen-faster[5.5]:DecodeUtteranceLatticeFaster():decoder-wrappers.cc:375) Log-like per frame for utterance BAC009S0905W0267 is 0.4044 over 576 frames.
BAC009S0905W0268 这 只是 对 乐观 的 估计 
LOG (nnet3-latgen-faster[5.5]:DecodeUtteranceLatticeFaster():decoder-wrappers.cc:375) Log-like per frame for utterance BAC009S0905W0268 is 0.380513 over 316 frames.
BAC009S0905W0269 苹果 在 成长 为 外 亿美 元 市场 的 巨无霸 之 前 
LOG (nnet3-latgen-faster[5.5]:DecodeUtteranceLatticeFaster():decoder-wrappers.cc:375) Log-like per frame for utterance BAC009S0905W0269 is 0.38277 over 571 frames.
BAC009S0905W0270 还有 很多 阻碍 要 解决 
LOG (nnet3-latgen-faster[5.5]:DecodeUtteranceLatticeFaster():decoder-wrappers.cc:375) Log-like per frame for utterance BAC009S0905W0270 is 0.357889 over 348 frames.
BAC009S0905W0271 先 是 价格 昂贵 功能 机 内 的 特点 遭到 了 一 种 业内 人士 吐槽 
LOG (nnet3-latgen-faster[5.5]:DecodeUtteranceLatticeFaster():decoder-wrappers.cc:375) Log-like per frame for utterance BAC009S0905W0271 is 0.399189 over 724 frames.
BAC009S0905W0273 屏幕 良 品 率 仅 在 百分 之 三十 至 百分 之 四十 之间 
LOG (nnet3-latgen-faster[5.5]:DecodeUtteranceLatticeFaster():decoder-wrappers.cc:375) Log-like per frame for utterance BAC009S0905W0273 is 0.404628 over 709 frames.
BAC009S0905W0274 苹果 公司 现在 已 将 约 三百万 的 原始 却 并 带 削减 了 一半 
LOG (nnet3-latgen-faster[5.5]:DecodeUtteranceLatticeFaster():decoder-wrappers.cc:375) Log-like per frame for utterance BAC009S0905W0274 is 0.407065 over 720 frames.
BAC009S0905W0275 准备 和 特斯拉 一较高下 
LOG (nnet3-latgen-faster[5.5]:DecodeUtteranceLatticeFaster():decoder-wrappers.cc:375) Log-like per frame for utterance BAC009S0905W0275 is 0.402413 over 361 frames.
BAC009S0905W0276 但 相对 于 传统 的 汽车 制造 工业 
LOG (nnet3-latgen-faster[5.5]:DecodeUtteranceLatticeFaster():decoder-wrappers.cc:375) Log-like per frame for utterance BAC009S0905W0276 is 0.430147 over 447 frames.
BAC009S0905W0277 苹果 作为 消费 数码 产品 的 公司 是否 具备 造车 能力 
LOG (nnet3-latgen-faster[5.5]:DecodeUtteranceLatticeFaster():decoder-wrappers.cc:375) Log-like per frame for utterance BAC009S0905W0277 is 0.462215 over 694 frames.
BAC009S0905W0279 目前 大部 分 华尔 街 分析 师 们 都 对 苹果 的 未来 保持 乐观 
LOG (nnet3-latgen-faster[5.5]:DecodeUtteranceLatticeFaster():decoder-wrappers.cc:375) Log-like per frame for utterance BAC009S0905W0279 is 0.435245 over 713 frames.
BAC009S0905W0280 仅有 三 点 百分 之 四 的 分析 师 建议 卖出 
LOG (nnet3-latgen-faster[5.5]:DecodeUtteranceLatticeFaster():decoder-wrappers.cc:375) Log-like per frame for utterance BAC009S0905W0280 is 0.395005 over 518 frames.
BAC009S0905W0281 中国 近 以往 着 有 国外 媒体 报道 称 
LOG (nnet3-latgen-faster[5.5]:DecodeUtteranceLatticeFaster():decoder-wrappers.cc:375) Log-like per frame for utterance BAC009S0905W0281 is 0.372349 over 511 frames.
BAC009S0905W0282 苹果 市场 价值 达到 七千亿 美元 刚刚 过去 几 个 月 
LOG (nnet3-latgen-faster[5.5]:DecodeUtteranceLatticeFaster():decoder-wrappers.cc:375) Log-like per frame for utterance BAC009S0905W0282 is 0.42128 over 619 frames.
BAC009S0905W0283 已有 股票 经纪 公司 预测 
LOG (nnet3-latgen-faster[5.5]:DecodeUtteranceLatticeFaster():decoder-wrappers.cc:375) Log-like per frame for utterance BAC009S0905W0283 is 0.391114 over 370 frames.
BAC009S0905W0284 苹果 能否 摆脱 王者 魔咒 
LOG (nnet3-latgen-faster[5.5]:DecodeUtteranceLatticeFaster():decoder-wrappers.cc:375) Log-like per frame for utterance BAC009S0905W0284 is 0.401904 over 368 frames.
BAC009S0905W0285 苹果 的 近身 到 只顾 数 众望 所 归 
LOG (nnet3-latgen-faster[5.5]:DecodeUtteranceLatticeFaster():decoder-wrappers.cc:375) Log-like per frame for utterance BAC009S0905W0285 is 0.344622 over 557 frames.
BAC009S0905W0287 而 苹果 得以 顺利 跻身 导致 
LOG (nnet3-latgen-faster[5.5]:DecodeUtteranceLatticeFaster():decoder-wrappers.cc:375) Log-like per frame for utterance BAC009S0905W0287 is 0.340343 over 499 frames.
BAC009S0905W0288 以 大 股份 去年 六月 一 差 七 所 次 
LOG (nnet3-latgen-faster[5.5]:DecodeUtteranceLatticeFaster():decoder-wrappers.cc:375) Log-like per frame for utterance BAC009S0905W0288 is 0.376894 over 481 frames.
BAC009S0905W0289 却 完全 不 足以 彰显 编制 机构 与 时 俱 并进 
LOG (nnet3-latgen-faster[5.5]:DecodeUtteranceLatticeFaster():decoder-wrappers.cc:375) Log-like per frame for utterance BAC009S0905W0289 is 0.382001 over 572 frames.
BAC009S0905W0290 苹果 固然 不 会 因此 而 升格 
LOG (nnet3-latgen-faster[5.5]:DecodeUtteranceLatticeFaster():decoder-wrappers.cc:375) Log-like per frame for utterance BAC009S0905W0290 is 0.403869 over 378 frames.
BAC009S0905W0292 比 仅 还有 许多 人 的 心愿 
LOG (nnet3-latgen-faster[5.5]:DecodeUtteranceLatticeFaster():decoder-wrappers.cc:375) Log-like per frame for utterance BAC009S0905W0292 is 0.383301 over 346 frames.
BAC009S0905W0293 老 比 与 跟 苹果 压住 太阳 能 无 一例 文本 过 大家 
LOG (nnet3-latgen-faster[5.5]:DecodeUtteranceLatticeFaster():decoder-wrappers.cc:375) Log-like per frame for utterance BAC009S0905W0293 is 0.32769 over 580 frames.
BAC009S0905W0294 苹果 股价 在 说不准 的 时间 内 有 望 上升 三成 
LOG (nnet3-latgen-faster[5.5]:DecodeUtteranceLatticeFaster():decoder-wrappers.cc:375) Log-like per frame for utterance BAC009S0905W0294 is 0.384178 over 604 frames.
BAC009S0905W0295 是否 能 令 捧场 克新 难以 族 
LOG (nnet3-latgen-faster[5.5]:DecodeUtteranceLatticeFaster():decoder-wrappers.cc:375) Log-like per frame for utterance BAC009S0905W0295 is 0.32497 over 428 frames.
BAC009S0905W0296 问题 焦点 弱势 太阳 能 
LOG (nnet3-latgen-faster[5.5]:DecodeUtteranceLatticeFaster():decoder-wrappers.cc:375) Log-like per frame for utterance BAC009S0905W0296 is 0.312858 over 343 frames.
BAC009S0905W0297 主委 自然 不 会 满足 与 全面 提及 的 潜在 回报 
LOG (nnet3-latgen-faster[5.5]:DecodeUtteranceLatticeFaster():decoder-wrappers.cc:375) Log-like per frame for utterance BAC009S0905W0297 is 0.376104 over 578 frames.
BAC009S0905W0298 这 将 是 实力 一万 亿美 元 不 远 的 股王 
LOG (nnet3-latgen-faster[5.5]:DecodeUtteranceLatticeFaster():decoder-wrappers.cc:375) Log-like per frame for utterance BAC009S0905W0298 is 0.337932 over 478 frames.
BAC009S0905W0299 难不成 真 能 第 三期 发育 
LOG (nnet3-latgen-faster[5.5]:DecodeUtteranceLatticeFaster():decoder-wrappers.cc:375) Log-like per frame for utterance BAC009S0905W0299 is 0.320682 over 382 frames.
BAC009S0905W0300 读者 若 信 经济学人 
LOG (nnet3-latgen-faster[5.5]:DecodeUtteranceLatticeFaster():decoder-wrappers.cc:375) Log-like per frame for utterance BAC009S0905W0300 is 0.343559 over 362 frames.
BAC009S0905W0302 落定 苹果 的 三 区 发育 的 立场 以 呼之欲出 
LOG (nnet3-latgen-faster[5.5]:DecodeUtteranceLatticeFaster():decoder-wrappers.cc:375) Log-like per frame for utterance BAC009S0905W0302 is 0.383013 over 560 frames.
BAC009S0905W0303 手机 辐射 的 比 吸收 率 最 高 的 限 值 为 二 网特 每 千克 
LOG (nnet3-latgen-faster[5.5]:DecodeUtteranceLatticeFaster():decoder-wrappers.cc:375) Log-like per frame for utterance BAC009S0905W0303 is 0.406521 over 771 frames.
BAC009S0905W0304 我 国 的 标准 和国 际 差 不 多 
LOG (nnet3-latgen-faster[5.5]:DecodeUtteranceLatticeFaster():decoder-wrappers.cc:375) Log-like per frame for utterance BAC009S0905W0304 is 0.435091 over 388 frames.
BAC009S0905W0306 对手 我 中 的 电磁 辐射 进行 了 全面 健康 风险 评估 
LOG (nnet3-latgen-faster[5.5]:DecodeUtteranceLatticeFaster():decoder-wrappers.cc:375) Log-like per frame for utterance BAC009S0905W0306 is 0.398725 over 639 frames.
BAC009S0905W0307 不 存在 实际 健康 问题 
LOG (nnet3-latgen-faster[5.5]:DecodeUtteranceLatticeFaster():decoder-wrappers.cc:375) Log-like per frame for utterance BAC009S0905W0307 is 0.416387 over 321 frames.
BAC009S0905W0308 辐射 吸收 率 在国 家 的 安全 标准 范围 之 内 
LOG (nnet3-latgen-faster[5.5]:DecodeUtteranceLatticeFaster():decoder-wrappers.cc:375) Log-like per frame for utterance BAC009S0905W0308 is 0.371072 over 517 frames.
BAC009S0905W0309 电话 手表 的 辐射 主要 来自 天线 
LOG (nnet3-latgen-faster[5.5]:DecodeUtteranceLatticeFaster():decoder-wrappers.cc:375) Log-like per frame for utterance BAC009S0905W0309 is 0.403109 over 439 frames.
BAC009S0905W0310 包括 外置 天线 和 内置 天线 
LOG (nnet3-latgen-faster[5.5]:DecodeUtteranceLatticeFaster():decoder-wrappers.cc:375) Log-like per frame for utterance BAC009S0905W0310 is 0.335604 over 363 frames.
BAC009S0905W0311 正规 厂家 生产 的 电话 手表 辐射 一般 符合 国家 标准 
LOG (nnet3-latgen-faster[5.5]:DecodeUtteranceLatticeFaster():decoder-wrappers.cc:375) Log-like per frame for utterance BAC009S0905W0311 is 0.384026 over 582 frames.
BAC009S0905W0312 以 小天才 电话 手表 为 例 
LOG (nnet3-latgen-faster[5.5]:DecodeUtteranceLatticeFaster():decoder-wrappers.cc:375) Log-like per frame for utterance BAC009S0905W0312 is 0.351682 over 332 frames.
BAC009S0905W0313 根据 权威 机构 检测 报告 显示 
LOG (nnet3-latgen-faster[5.5]:DecodeUtteranceLatticeFaster():decoder-wrappers.cc:375) Log-like per frame for utterance BAC009S0905W0313 is 0.385574 over 528 frames.
BAC009S0905W0314 小天才 电话 手表 辐射 元 小于 国家 标准 二 马特 维权 可 
LOG (nnet3-latgen-faster[5.5]:DecodeUtteranceLatticeFaster():decoder-wrappers.cc:375) Log-like per frame for utterance BAC009S0905W0314 is 0.389543 over 689 frames.
BAC009S0905W0315 只要 辐射 值 小于 或 等于 国家 标准 值 
LOG (nnet3-latgen-faster[5.5]:DecodeUtteranceLatticeFaster():decoder-wrappers.cc:375) Log-like per frame for utterance BAC009S0905W0315 is 0.4141 over 468 frames.
BAC009S0905W0316 就 是 符合 国家 标准 的 
LOG (nnet3-latgen-faster[5.5]:DecodeUtteranceLatticeFaster():decoder-wrappers.cc:375) Log-like per frame for utterance BAC009S0905W0316 is 0.422915 over 300 frames.
BAC009S0905W0317 要 天才 负责 人 介绍 说 
LOG (nnet3-latgen-faster[5.5]:DecodeUtteranceLatticeFaster():decoder-wrappers.cc:375) Log-like per frame for utterance BAC009S0905W0317 is 0.364549 over 321 frames.
BAC009S0905W0318 手机 是 直接 贴 着 耳朵 使用 
LOG (nnet3-latgen-faster[5.5]:DecodeUtteranceLatticeFaster():decoder-wrappers.cc:375) Log-like per frame for utterance BAC009S0905W0318 is 0.346279 over 361 frames.
BAC009S0905W0319 而 电话 手表 通话 实力 头部 还有 一百零 一百一十 五十 厘米 的 距离 
LOG (nnet3-latgen-faster[5.5]:DecodeUtteranceLatticeFaster():decoder-wrappers.cc:375) Log-like per frame for utterance BAC009S0905W0319 is 0.417717 over 851 frames.
BAC009S0905W0320 可见 电话 手表 的 辐射 比 手机 还 小 
LOG (nnet3-latgen-faster[5.5]:DecodeUtteranceLatticeFaster():decoder-wrappers.cc:375) Log-like per frame for utterance BAC009S0905W0320 is 0.371837 over 423 frames.
BAC009S0905W0321 不 排除 有 一些 杂牌 的 电话 手表 辐射 会 超标 
LOG (nnet3-latgen-faster[5.5]:DecodeUtteranceLatticeFaster():decoder-wrappers.cc:375) Log-like per frame for utterance BAC009S0905W0321 is 0.419124 over 581 frames.
BAC009S0905W0322 建议 家长 通过 正规 渠道 购买 正规 厂家 生产 的 产品 
LOG (nnet3-latgen-faster[5.5]:DecodeUtteranceLatticeFaster():decoder-wrappers.cc:375) Log-like per frame for utterance BAC009S0905W0322 is 0.402991 over 623 frames.
BAC009S0905W0323 电话 手表 因 如何 选购 
LOG (nnet3-latgen-faster[5.5]:DecodeUtteranceLatticeFaster():decoder-wrappers.cc:375) Log-like per frame for utterance BAC009S0905W0323 is 0.329203 over 323 frames.
BAC009S0905W0324 关于 儿童 电话 手表 应 该 如何 限 购 
LOG (nnet3-latgen-faster[5.5]:DecodeUtteranceLatticeFaster():decoder-wrappers.cc:375) Log-like per frame for utterance BAC009S0905W0324 is 0.396226 over 482 frames.
BAC009S0905W0325 也是 众多 家长 特别 想 了解 的 
LOG (nnet3-latgen-faster[5.5]:DecodeUtteranceLatticeFaster():decoder-wrappers.cc:375) Log-like per frame for utterance BAC009S0905W0325 is 0.365861 over 378 frames.
BAC009S0905W0326 除了 之 前提 到 的 关于 辐射 的 测试 报告 外 
LOG (nnet3-latgen-faster[5.5]:DecodeUtteranceLatticeFaster():decoder-wrappers.cc:375) Log-like per frame for utterance BAC009S0905W0326 is 0.397426 over 548 frames.
BAC009S0905W0327 专家 提醒 相关 的 产品 认证 也是 消费 者 必须 要 关注 的 
LOG (nnet3-latgen-faster[5.5]:DecodeUtteranceLatticeFaster():decoder-wrappers.cc:375) Log-like per frame for utterance BAC009S0905W0327 is 0.42275 over 583 frames.
BAC009S0905W0328 所有 在 中国 境内 销售 及 使用 的 无 线 电 组建 产品 
LOG (nnet3-latgen-faster[5.5]:DecodeUtteranceLatticeFaster():decoder-wrappers.cc:375) Log-like per frame for utterance BAC009S0905W0328 is 0.424252 over 621 frames.
BAC009S0905W0329 必须 取得 无线电 信号 的 和 个人 认证 
LOG (nnet3-latgen-faster[5.5]:DecodeUtteranceLatticeFaster():decoder-wrappers.cc:375) Log-like per frame for utterance BAC009S0905W0329 is 0.389548 over 522 frames.
BAC009S0905W0330 没 有 该 日正 的 产品 属于 违法 产品 
LOG (nnet3-latgen-faster[5.5]:DecodeUtteranceLatticeFaster():decoder-wrappers.cc:375) Log-like per frame for utterance BAC009S0905W0330 is 0.361877 over 430 frames.
BAC009S0905W0331 为 获得 既往 许可 证 的 
LOG (nnet3-latgen-faster[5.5]:DecodeUtteranceLatticeFaster():decoder-wrappers.cc:375) Log-like per frame for utterance BAC009S0905W0331 is 0.339365 over 327 frames.
BAC009S0905W0332 不 得 接入 过 用电 新网 使用 和 在国 内 销售 
LOG (nnet3-latgen-faster[5.5]:DecodeUtteranceLatticeFaster():decoder-wrappers.cc:375) Log-like per frame for utterance BAC009S0905W0332 is 0.350373 over 634 frames.
BAC009S0905W0333 小天才 电话 手表 等 国内 几 个 大 品牌 都 有 
LOG (nnet3-latgen-faster[5.5]:DecodeUtteranceLatticeFaster():decoder-wrappers.cc:375) Log-like per frame for utterance BAC009S0905W0333 is 0.356933 over 535 frames.
BAC009S0905W0334 这 也是 选购 电话 手表 要 注意 关注 的 
LOG (nnet3-latgen-faster[5.5]:DecodeUtteranceLatticeFaster():decoder-wrappers.cc:375) Log-like per frame for utterance BAC009S0905W0334 is 0.35252 over 524 frames.
BAC009S0905W0335 很多 家长 都 在 给 孩子 购置 各种 学习 有 
LOG (nnet3-latgen-faster[5.5]:DecodeUtteranceLatticeFaster():decoder-wrappers.cc:375) Log-like per frame for utterance BAC009S0905W0335 is 0.380981 over 564 frames.
BAC009S0905W0336 网络 安全 漏洞 达到 车 联网 阴霾 笼罩 搜狐 科技 
LOG (nnet3-latgen-faster[5.5]:DecodeUtteranceLatticeFaster():decoder-wrappers.cc:375) Log-like per frame for utterance BAC009S0905W0336 is 0.391202 over 811 frames.
BAC009S0905W0337 对 频频 的 骚扰 电话 显得 无可奈何 
LOG (nnet3-latgen-faster[5.5]:DecodeUtteranceLatticeFaster():decoder-wrappers.cc:375) Log-like per frame for utterance BAC009S0905W0337 is 0.409505 over 456 frames.
BAC009S0905W0338 由郎 平 挂帅 的 中国 女排 在 名古屋 赛区 
LOG (nnet3-latgen-faster[5.5]:DecodeUtteranceLatticeFaster():decoder-wrappers.cc:375) Log-like per frame for utterance BAC009S0905W0338 is 0.456295 over 604 frames.
BAC009S0905W0339 提升 战绩 为 九胜 一 负 反 超 至 榜首 位置 
LOG (nnet3-latgen-faster[5.5]:DecodeUtteranceLatticeFaster():decoder-wrappers.cc:375) Log-like per frame for utterance BAC009S0905W0339 is 0.422605 over 553 frames.
BAC009S0905W0340 只要 在明 天 的 最后 一战 中 赢 下 东道主 日本 
LOG (nnet3-latgen-faster[5.5]:DecodeUtteranceLatticeFaster():decoder-wrappers.cc:375) Log-like per frame for utterance BAC009S0905W0340 is 0.401319 over 562 frames.
BAC009S0905W0341 高清 女排 力 擒 俄罗斯 夺冠 占 主动 众 将 喜 极 而泣 
LOG (nnet3-latgen-faster[5.5]:DecodeUtteranceLatticeFaster():decoder-wrappers.cc:375) Log-like per frame for utterance BAC009S0905W0341 is 0.475575 over 721 frames.
BAC009S0905W0342 能够 赢得 比赛 真 的 很 开心 
LOG (nnet3-latgen-faster[5.5]:DecodeUtteranceLatticeFaster():decoder-wrappers.cc:375) Log-like per frame for utterance BAC009S0905W0342 is 0.407766 over 377 frames.
BAC009S0905W0343 对手 给 我们 制造 了 非常 多 的 困难 
LOG (nnet3-latgen-faster[5.5]:DecodeUtteranceLatticeFaster():decoder-wrappers.cc:375) Log-like per frame for utterance BAC009S0905W0343 is 0.377772 over 428 frames.
BAC009S0905W0344 我 和 队友 们 一 起 团结 努力 克服 了 这些 困难 
LOG (nnet3-latgen-faster[5.5]:DecodeUtteranceLatticeFaster():decoder-wrappers.cc:375) Log-like per frame for utterance BAC009S0905W0344 is 0.381077 over 504 frames.
BAC009S0905W0345 在 今天 的 比赛 中 曾 春蕾 手法 出场 
LOG (nnet3-latgen-faster[5.5]:DecodeUtteranceLatticeFaster():decoder-wrappers.cc:375) Log-like per frame for utterance BAC009S0905W0345 is 0.415793 over 457 frames.
BAC009S0905W0346 凭借 十三 分 位列 本 队 和 扣球 榜 第 二 位 
LOG (nnet3-latgen-faster[5.5]:DecodeUtteranceLatticeFaster():decoder-wrappers.cc:375) Log-like per frame for utterance BAC009S0905W0346 is 0.381848 over 510 frames.
BAC009S0905W0347 而 主教 练 郎平 则 在 全面 性 方面 对 大家 做 了 更多 要求 
LOG (nnet3-latgen-faster[5.5]:DecodeUtteranceLatticeFaster():decoder-wrappers.cc:375) Log-like per frame for utterance BAC009S0905W0347 is 0.405663 over 782 frames.
BAC009S0905W0348 说道 今天 获胜 的 原因 
LOG (nnet3-latgen-faster[5.5]:DecodeUtteranceLatticeFaster():decoder-wrappers.cc:375) Log-like per frame for utterance BAC009S0905W0348 is 0.326924 over 273 frames.
BAC009S0905W0349 作为 队长 出席 新闻 发布 会 的 曾 春蕾 提到 了 邻居 李 三 个 字 
LOG (nnet3-latgen-faster[5.5]:DecodeUtteranceLatticeFaster():decoder-wrappers.cc:375) Log-like per frame for utterance BAC009S0905W0349 is 0.380302 over 713 frames.
BAC009S0905W0350 凝聚 力 一直 都 是 中国 女排 的 传统 
LOG (nnet3-latgen-faster[5.5]:DecodeUtteranceLatticeFaster():decoder-wrappers.cc:375) Log-like per frame for utterance BAC009S0905W0350 is 0.37118 over 399 frames.
BAC009S0905W0351 他 都 是 女排 精神 的 一 部分 
LOG (nnet3-latgen-faster[5.5]:DecodeUtteranceLatticeFaster():decoder-wrappers.cc:375) Log-like per frame for utterance BAC009S0905W0351 is 0.348907 over 342 frames.
BAC009S0905W0352 当 队伍 遇到 一些 困难 的 时候 
LOG (nnet3-latgen-faster[5.5]:DecodeUtteranceLatticeFaster():decoder-wrappers.cc:375) Log-like per frame for utterance BAC009S0905W0352 is 0.367401 over 344 frames.
BAC009S0905W0353 我们 不 需要 教练 要求 就会 团结 在 一 起 
LOG (nnet3-latgen-faster[5.5]:DecodeUtteranceLatticeFaster():decoder-wrappers.cc:375) Log-like per frame for utterance BAC009S0905W0353 is 0.375566 over 424 frames.
BAC009S0905W0354 向 这种 无 形 的 消息 那 是 在 队伍 中 一直 存在 
LOG (nnet3-latgen-faster[5.5]:DecodeUtteranceLatticeFaster():decoder-wrappers.cc:375) Log-like per frame for utterance BAC009S0905W0354 is 0.322849 over 502 frames.
BAC009S0905W0355 在 今天 的 比赛 中 中国 女排 市中 相互 鼓励 相互 扶持 
LOG (nnet3-latgen-faster[5.5]:DecodeUtteranceLatticeFaster():decoder-wrappers.cc:375) Log-like per frame for utterance BAC009S0905W0355 is 0.405065 over 690 frames.
BAC009S0905W0356 在 季度 与 险 的 情况 下 南 将 有 助 
LOG (nnet3-latgen-faster[5.5]:DecodeUtteranceLatticeFaster():decoder-wrappers.cc:375) Log-like per frame for utterance BAC009S0905W0356 is 0.338338 over 407 frames.
BAC009S0905W0357 无 论 年轻 队员 还是 老 队员 都 可能 在 比赛 中 出现 起伏 
LOG (nnet3-latgen-faster[5.5]:DecodeUtteranceLatticeFaster():decoder-wrappers.cc:375) Log-like per frame for utterance BAC009S0905W0357 is 0.409137 over 605 frames.
BAC009S0905W0358 我们 要 做 的 就 是 相互 弥补 
LOG (nnet3-latgen-faster[5.5]:DecodeUtteranceLatticeFaster():decoder-wrappers.cc:375) Log-like per frame for utterance BAC009S0905W0358 is 0.355759 over 350 frames.
BAC009S0905W0359 今天 作为 队长 我 更多 是 在 精神 层面 上 提醒 大家 
LOG (nnet3-latgen-faster[5.5]:DecodeUtteranceLatticeFaster():decoder-wrappers.cc:375) Log-like per frame for utterance BAC009S0905W0359 is 0.347889 over 542 frames.
BAC009S0905W0360 而 在 技术 上 的 年轻 队员 也 弥补 了 我 的 不 足 
LOG (nnet3-latgen-faster[5.5]:DecodeUtteranceLatticeFaster():decoder-wrappers.cc:375) Log-like per frame for utterance BAC009S0905W0360 is 0.381258 over 446 frames.
BAC009S0905W0361 这 是 我们 每个 人 都 应该 做 的 
LOG (nnet3-latgen-faster[5.5]:DecodeUtteranceLatticeFaster():decoder-wrappers.cc:375) Log-like per frame for utterance BAC009S0905W0361 is 0.389974 over 340 frames.
BAC009S0905W0362 如果 能够 战 而 受制 的 话 
LOG (nnet3-latgen-faster[5.5]:DecodeUtteranceLatticeFaster():decoder-wrappers.cc:375) Log-like per frame for utterance BAC009S0905W0362 is 0.371314 over 323 frames.
BAC009S0905W0363 明年 还剩 最后 一 场 比赛 
LOG (nnet3-latgen-faster[5.5]:DecodeUtteranceLatticeFaster():decoder-wrappers.cc:375) Log-like per frame for utterance BAC009S0905W0363 is 0.320574 over 296 frames.
BAC009S0905W0364 对 我们 来讲 最 重要 的 就 是 兢兢业业 
LOG (nnet3-latgen-faster[5.5]:DecodeUtteranceLatticeFaster():decoder-wrappers.cc:375) Log-like per frame for utterance BAC009S0905W0364 is 0.362468 over 418 frames.
BAC009S0905W0365 大家 回去 之后 将 把 受 投入 到 对日 本 地 准备 中 
LOG (nnet3-latgen-faster[5.5]:DecodeUtteranceLatticeFaster():decoder-wrappers.cc:375) Log-like per frame for utterance BAC009S0905W0365 is 0.337954 over 523 frames.
BAC009S0905W0366 民间 比赛 里 我们 会 楼 接下来 落实 到 细节 
LOG (nnet3-latgen-faster[5.5]:DecodeUtteranceLatticeFaster():decoder-wrappers.cc:375) Log-like per frame for utterance BAC009S0905W0366 is 0.358629 over 498 frames.
BAC009S0905W0367 以 三 分 和 对手 频道 最后 
LOG (nnet3-latgen-faster[5.5]:DecodeUtteranceLatticeFaster():decoder-wrappers.cc:375) Log-like per frame for utterance BAC009S0905W0367 is 0.304508 over 320 frames.
BAC009S0905W0368 北京 时间 明天 软件 十八 点 
LOG (nnet3-latgen-faster[5.5]:DecodeUtteranceLatticeFaster():decoder-wrappers.cc:375) Log-like per frame for utterance BAC009S0905W0368 is 0.355418 over 344 frames.
BAC009S0905W0369 中国 女排 将 迎战 日本 队 
LOG (nnet3-latgen-faster[5.5]:DecodeUtteranceLatticeFaster():decoder-wrappers.cc:375) Log-like per frame for utterance BAC009S0905W0369 is 0.428901 over 322 frames.
BAC009S0905W0370 搜狐 体育 郭 健文 
LOG (nnet3-latgen-faster[5.5]:DecodeUtteranceLatticeFaster():decoder-wrappers.cc:375) Log-like per frame for utterance BAC009S0905W0370 is 0.431612 over 279 frames.
BAC009S0905W0371 女排 三零 阿根廷 朱 婷 复出 扣杀 状态 神勇 
LOG (nnet3-latgen-faster[5.5]:DecodeUtteranceLatticeFaster():decoder-wrappers.cc:375) Log-like per frame for utterance BAC009S0905W0371 is 0.465477 over 558 frames.
BAC009S0905W0372 搜狐 体育 郭 健 九月 一 日 发自 日本 冈山 今天 下午 
LOG (nnet3-latgen-faster[5.5]:DecodeUtteranceLatticeFaster():decoder-wrappers.cc:375) Log-like per frame for utterance BAC009S0905W0372 is 0.437107 over 664 frames.
BAC009S0905W0373 二零一五 年 第 十二 届 女排 世界 杯 单 循环 赛 战 至 第 八 轮 
LOG (nnet3-latgen-faster[5.5]:DecodeUtteranceLatticeFaster():decoder-wrappers.cc:375) Log-like per frame for utterance BAC009S0905W0373 is 0.508273 over 685 frames.
BAC009S0905W0374 从而 将 占据 提升 为 七 胜 一 负 积 二十一 分 
LOG (nnet3-latgen-faster[5.5]:DecodeUtteranceLatticeFaster():decoder-wrappers.cc:375) Log-like per frame for utterance BAC009S0905W0374 is 0.403956 over 535 frames.
BAC009S0905W0375 本 场 比赛 朱 婷 复出 担任 首发 主攻 并无 当选 为 当场 对价 
LOG (nnet3-latgen-faster[5.5]:DecodeUtteranceLatticeFaster():decoder-wrappers.cc:375) Log-like per frame for utterance BAC009S0905W0375 is 0.386417 over 835 frames.
BAC009S0905W0376 虽然 在 比赛 中 没 有 得到 出场 机会 
LOG (nnet3-latgen-faster[5.5]:DecodeUtteranceLatticeFaster():decoder-wrappers.cc:375) Log-like per frame for utterance BAC009S0905W0376 is 0.390987 over 400 frames.
BAC009S0905W0377 但 曾 春蕾 赛后 还是 以 队长 身份 出席 的 新闻 发布 会 
LOG (nnet3-latgen-faster[5.5]:DecodeUtteranceLatticeFaster():decoder-wrappers.cc:375) Log-like per frame for utterance BAC009S0905W0377 is 0.393279 over 566 frames.
BAC009S0905W0378 很 开心 赢得 今天 的 比赛 
LOG (nnet3-latgen-faster[5.5]:DecodeUtteranceLatticeFaster():decoder-wrappers.cc:375) Log-like per frame for utterance BAC009S0905W0378 is 0.377837 over 290 frames.
BAC009S0905W0379 队伍 凭借 稳定 的 整体 发挥 获得 了 三零 的 胜利 
LOG (nnet3-latgen-faster[5.5]:DecodeUtteranceLatticeFaster():decoder-wrappers.cc:375) Log-like per frame for utterance BAC009S0905W0379 is 0.402764 over 626 frames.
BAC009S0905W0380 曾 春蕾 表示 阿根廷 是一 支 拥有 良好 防守 能力 的 球队 
LOG (nnet3-latgen-faster[5.5]:DecodeUtteranceLatticeFaster():decoder-wrappers.cc:375) Log-like per frame for utterance BAC009S0905W0380 is 0.320395 over 628 frames.
BAC009S0905W0381 这 一 点 也 值得 中国 女排 学习 
LOG (nnet3-latgen-faster[5.5]:DecodeUtteranceLatticeFaster():decoder-wrappers.cc:375) Log-like per frame for utterance BAC009S0905W0381 is 0.393935 over 380 frames.
BAC009S0905W0382 中国 女排 队长 坦言 不仅 是 后面 的 几 场 比赛 
LOG (nnet3-latgen-faster[5.5]:DecodeUtteranceLatticeFaster():decoder-wrappers.cc:375) Log-like per frame for utterance BAC009S0905W0382 is 0.415901 over 512 frames.
BAC009S0905W0383 每场 较 了 对 球队 都 很 关键 
LOG (nnet3-latgen-faster[5.5]:DecodeUtteranceLatticeFaster():decoder-wrappers.cc:375) Log-like per frame for utterance BAC009S0905W0383 is 0.343286 over 356 frames.
BAC009S0905W0384 我们 球员 要 做 的 就 是 立足 于 自己 
LOG (nnet3-latgen-faster[5.5]:DecodeUtteranceLatticeFaster():decoder-wrappers.cc:375) Log-like per frame for utterance BAC009S0905W0384 is 0.410867 over 422 frames.
BAC009S0905W0385 争取 把 自身 水平 发挥 出来 
LOG (nnet3-latgen-faster[5.5]:DecodeUtteranceLatticeFaster():decoder-wrappers.cc:375) Log-like per frame for utterance BAC009S0905W0385 is 0.407772 over 342 frames.
BAC009S0905W0386 至于 其他 球队 的 比赛 结果 
LOG (nnet3-latgen-faster[5.5]:DecodeUtteranceLatticeFaster():decoder-wrappers.cc:375) Log-like per frame for utterance BAC009S0905W0386 is 0.384627 over 344 frames.
BAC009S0905W0387 阿根廷 队 队长 所 杀 认为 
LOG (nnet3-latgen-faster[5.5]:DecodeUtteranceLatticeFaster():decoder-wrappers.cc:375) Log-like per frame for utterance BAC009S0905W0387 is 0.353543 over 429 frames.
BAC009S0905W0388 中国 队 的 快速 打法 给 自己 的 球队 制造 了 很大 的 麻烦 
LOG (nnet3-latgen-faster[5.5]:DecodeUtteranceLatticeFaster():decoder-wrappers.cc:375) Log-like per frame for utterance BAC009S0905W0388 is 0.404446 over 590 frames.
BAC009S0905W0389 像 他们 这样 的 约 着 对手 速度 很快 
LOG (nnet3-latgen-faster[5.5]:DecodeUtteranceLatticeFaster():decoder-wrappers.cc:375) Log-like per frame for utterance BAC009S0905W0389 is 0.354724 over 371 frames.
BAC009S0905W0390 对 我们 来说 比赛 很 困难 
LOG (nnet3-latgen-faster[5.5]:DecodeUtteranceLatticeFaster():decoder-wrappers.cc:375) Log-like per frame for utterance BAC009S0905W0390 is 0.348955 over 294 frames.
BAC009S0905W0391 还有 三 场 非常 重要 的 比赛 
LOG (nnet3-latgen-faster[5.5]:DecodeUtteranceLatticeFaster():decoder-wrappers.cc:375) Log-like per frame for utterance BAC009S0905W0391 is 0.392269 over 318 frames.
BAC009S0905W0392 希望 得到 想要 的 结果 
LOG (nnet3-latgen-faster[5.5]:DecodeUtteranceLatticeFaster():decoder-wrappers.cc:375) Log-like per frame for utterance BAC009S0905W0392 is 0.355752 over 282 frames.
BAC009S0905W0393 对阵 中国 这样 的 球队 是 非常 困难 的 
LOG (nnet3-latgen-faster[5.5]:DecodeUtteranceLatticeFaster():decoder-wrappers.cc:375) Log-like per frame for utterance BAC009S0905W0393 is 0.395253 over 428 frames.
BAC009S0905W0394 令 我 满意 的 水 球队 能够 以 一 个 积极 的 态度 进行 比赛 
LOG (nnet3-latgen-faster[5.5]:DecodeUtteranceLatticeFaster():decoder-wrappers.cc:375) Log-like per frame for utterance BAC009S0905W0394 is 0.385751 over 538 frames.
BAC009S0905W0395 以前 接触 比较 多 的 巴西 队 速度 也 很快 
LOG (nnet3-latgen-faster[5.5]:DecodeUtteranceLatticeFaster():decoder-wrappers.cc:375) Log-like per frame for utterance BAC009S0905W0395 is 0.391142 over 536 frames.
BAC009S0905W0396 我们 应该 多 和 亚洲 球队 比赛 来 是有 这样 的 打法 
LOG (nnet3-latgen-faster[5.5]:DecodeUtteranceLatticeFaster():decoder-wrappers.cc:375) Log-like per frame for utterance BAC009S0905W0396 is 0.387827 over 513 frames.
BAC009S0905W0397 接 下来 中国 女排 将 转战 名古屋 
LOG (nnet3-latgen-faster[5.5]:DecodeUtteranceLatticeFaster():decoder-wrappers.cc:375) Log-like per frame for utterance BAC009S0905W0397 is 0.397201 over 475 frames.
BAC009S0905W0398 从 九月 四 日 七 名 迎接 多米尼加 俄罗斯 和 日本 的 挑战 
LOG (nnet3-latgen-faster[5.5]:DecodeUtteranceLatticeFaster():decoder-wrappers.cc:375) Log-like per frame for utterance BAC009S0905W0398 is 0.44015 over 624 frames.
BAC009S0905W0399 搜狐 体育 郭 健文 
LOG (nnet3-latgen-faster[5.5]:DecodeUtteranceLatticeFaster():decoder-wrappers.cc:375) Log-like per frame for utterance BAC009S0905W0399 is 0.449028 over 275 frames.
BAC009S0905W0400 广州 日报 社 记者 徐 配乐 前 
LOG (nnet3-latgen-faster[5.5]:DecodeUtteranceLatticeFaster():decoder-wrappers.cc:375) Log-like per frame for utterance BAC009S0905W0400 is 0.381916 over 363 frames.
BAC009S0905W0401 英国 人保 拉 拉德克利夫 公开 了 自己 的 血液 检测 结果 
LOG (nnet3-latgen-faster[5.5]:DecodeUtteranceLatticeFaster():decoder-wrappers.cc:375) Log-like per frame for utterance BAC009S0905W0401 is 0.379411 over 817 frames.
BAC009S0905W0402 因此 证明 自己 并 没 有 十六 个 等 违禁 药物 
LOG (nnet3-latgen-faster[5.5]:DecodeUtteranceLatticeFaster():decoder-wrappers.cc:375) Log-like per frame for utterance BAC009S0905W0402 is 0.287951 over 452 frames.
BAC009S0905W0403 在英 国 的 会 关于 学业 兴奋剂 的 听证会 中 
LOG (nnet3-latgen-faster[5.5]:DecodeUtteranceLatticeFaster():decoder-wrappers.cc:375) Log-like per frame for utterance BAC009S0905W0403 is 0.354942 over 620 frames.
BAC009S0905W0404 将 出任 玩具 总动员 四 的 导演 
LOG (nnet3-latgen-faster[5.5]:DecodeUtteranceLatticeFaster():decoder-wrappers.cc:375) Log-like per frame for utterance BAC009S0905W0404 is 0.335194 over 437 frames.
BAC009S0905W0405 影片 将 在 二零一 七年 东路 全国 
LOG (nnet3-latgen-faster[5.5]:DecodeUtteranceLatticeFaster():decoder-wrappers.cc:375) Log-like per frame for utterance BAC009S0905W0405 is 0.404454 over 432 frames.
BAC009S0905W0406 来源 时光 网 昨日 
LOG (nnet3-latgen-faster[5.5]:DecodeUtteranceLatticeFaster():decoder-wrappers.cc:375) Log-like per frame for utterance BAC009S0905W0406 is 0.423685 over 316 frames.
BAC009S0905W0407 在 英格兰 多三 特 情 的 博物 为 队伍 坦克 博物 馆 
LOG (nnet3-latgen-faster[5.5]:DecodeUtteranceLatticeFaster():decoder-wrappers.cc:375) Log-like per frame for utterance BAC009S0905W0407 is 0.333285 over 766 frames.
BAC009S0905W0408 至于 流传 拍 台庆 据 很 容易 和 点 
LOG (nnet3-latgen-faster[5.5]:DecodeUtteranceLatticeFaster():decoder-wrappers.cc:375) Log-like per frame for utterance BAC009S0905W0408 is 0.331145 over 597 frames.
BAC009S0905W0410 她笑 称 我 不 想 说 我 没 有信 心 
LOG (nnet3-latgen-faster[5.5]:DecodeUtteranceLatticeFaster():decoder-wrappers.cc:375) Log-like per frame for utterance BAC009S0905W0410 is 0.377906 over 484 frames.
BAC009S0905W0411 很多 圆圆 都 非常 吧 
LOG (nnet3-latgen-faster[5.5]:DecodeUtteranceLatticeFaster():decoder-wrappers.cc:375) Log-like per frame for utterance BAC009S0905W0411 is 0.343266 over 307 frames.
BAC009S0905W0412 搜狐 娱乐 讯 北京 时间 七 月 二十 日 消息 
LOG (nnet3-latgen-faster[5.5]:DecodeUtteranceLatticeFaster():decoder-wrappers.cc:375) Log-like per frame for utterance BAC009S0905W0412 is 0.456567 over 505 frames.
BAC009S0905W0413 据 香港 媒体 报道 
LOG (nnet3-latgen-faster[5.5]:DecodeUtteranceLatticeFaster():decoder-wrappers.cc:375) Log-like per frame for utterance BAC009S0905W0413 is 0.473065 over 268 frames.
BAC009S0905W0417 不 到 几 个 月 的 时间 已 爱 得 如此 火热 了 
LOG (nnet3-latgen-faster[5.5]:DecodeUtteranceLatticeFaster():decoder-wrappers.cc:375) Log-like per frame for utterance BAC009S0905W0417 is 0.390227 over 469 frames.
BAC009S0905W0418 两人 不 想 恋情 变得 高调 
LOG (nnet3-latgen-faster[5.5]:DecodeUtteranceLatticeFaster():decoder-wrappers.cc:375) Log-like per frame for utterance BAC009S0905W0418 is 0.358989 over 390 frames.
BAC009S0905W0419 却 多次 被 身边 的 人 将 他们 的 行踪 暴露 出来 
LOG (nnet3-latgen-faster[5.5]:DecodeUtteranceLatticeFaster():decoder-wrappers.cc:375) Log-like per frame for utterance BAC009S0905W0419 is 0.384506 over 601 frames.
BAC009S0905W0420 两人 被 传媒 追问 恋情 时 都 要 球 给予 空间 
LOG (nnet3-latgen-faster[5.5]:DecodeUtteranceLatticeFaster():decoder-wrappers.cc:375) Log-like per frame for utterance BAC009S0905W0420 is 0.38962 over 710 frames.
BAC009S0905W0421 看 起来 他们 需要 身边 的 朋友 保密 他们 的 行踪 
LOG (nnet3-latgen-faster[5.5]:DecodeUtteranceLatticeFaster():decoder-wrappers.cc:375) Log-like per frame for utterance BAC009S0905W0421 is 0.318311 over 529 frames.
BAC009S0905W0422 这样 做 反而 可 实际 
LOG (nnet3-latgen-faster[5.5]:DecodeUtteranceLatticeFaster():decoder-wrappers.cc:375) Log-like per frame for utterance BAC009S0905W0422 is 0.284621 over 304 frames.
BAC009S0905W0423 搜狐 娱乐 讯 北京 时间 六月 三十 日 消息 
LOG (nnet3-latgen-faster[5.5]:DecodeUtteranceLatticeFaster():decoder-wrappers.cc:375) Log-like per frame for utterance BAC009S0905W0423 is 0.525832 over 557 frames.
BAC009S0905W0424 据 香港 媒体 报道 
LOG (nnet3-latgen-faster[5.5]:DecodeUtteranceLatticeFaster():decoder-wrappers.cc:375) Log-like per frame for utterance BAC009S0905W0424 is 0.494029 over 280 frames.
BAC009S0905W0425 陈凯 琳 的 新 被 郑 嘉颖 成功 服务 
LOG (nnet3-latgen-faster[5.5]:DecodeUtteranceLatticeFaster():decoder-wrappers.cc:375) Log-like per frame for utterance BAC009S0905W0425 is 0.334308 over 604 frames.
BAC009S0905W0426 更 是 正 家银 愿意 公开 承认 的 女友 
LOG (nnet3-latgen-faster[5.5]:DecodeUtteranceLatticeFaster():decoder-wrappers.cc:375) Log-like per frame for utterance BAC009S0905W0426 is 0.359461 over 467 frames.
BAC009S0905W0427 不过 二人 因 给 成家 暴 打 生日 合照 在 网 上 公开 才 泄露 恋情 
LOG (nnet3-latgen-faster[5.5]:DecodeUtteranceLatticeFaster():decoder-wrappers.cc:375) Log-like per frame for utterance BAC009S0905W0427 is 0.377451 over 833 frames.
BAC009S0905W0428 对此 陈凯 琳 没 有 给 得 陈 较好 
LOG (nnet3-latgen-faster[5.5]:DecodeUtteranceLatticeFaster():decoder-wrappers.cc:375) Log-like per frame for utterance BAC009S0905W0428 is 0.325458 over 568 frames.
BAC009S0905W0429 觉得 对方 只是 分享 升至 上 的 喜悦 
LOG (nnet3-latgen-faster[5.5]:DecodeUtteranceLatticeFaster():decoder-wrappers.cc:375) Log-like per frame for utterance BAC009S0905W0429 is 0.349543 over 418 frames.
BAC009S0905W0430 陈凯 琳 之 前 说 没 交 过 男友 
LOG (nnet3-latgen-faster[5.5]:DecodeUtteranceLatticeFaster():decoder-wrappers.cc:375) Log-like per frame for utterance BAC009S0905W0430 is 0.354177 over 434 frames.
BAC009S0905W0431 温州 鹿城区 宣传 部 官 微 作出 回应 
LOG (nnet3-latgen-faster[5.5]:DecodeUtteranceLatticeFaster():decoder-wrappers.cc:375) Log-like per frame for utterance BAC009S0905W0431 is 0.397109 over 521 frames.
BAC009S0905W0432 称 涉 事 男子 为 某 接到 协 管 员 
LOG (nnet3-latgen-faster[5.5]:DecodeUtteranceLatticeFaster():decoder-wrappers.cc:375) Log-like per frame for utterance BAC009S0905W0432 is 0.393832 over 444 frames.
BAC009S0905W0433 其 发现 清洁 工 保洁 不 到位 
LOG (nnet3-latgen-faster[5.5]:DecodeUtteranceLatticeFaster():decoder-wrappers.cc:375) Log-like per frame for utterance BAC009S0905W0433 is 0.412197 over 433 frames.
BAC009S0905W0434 因此 与 清洁 工 引发 争执 
LOG (nnet3-latgen-faster[5.5]:DecodeUtteranceLatticeFaster():decoder-wrappers.cc:375) Log-like per frame for utterance BAC009S0905W0434 is 0.353281 over 376 frames.
BAC009S0905W0435 进一步 早 治 肢体 冲突 
LOG (nnet3-latgen-faster[5.5]:DecodeUtteranceLatticeFaster():decoder-wrappers.cc:375) Log-like per frame for utterance BAC009S0905W0435 is 0.328916 over 400 frames.
BAC009S0905W0436 目前 该 血管 已经 停止 
LOG (nnet3-latgen-faster[5.5]:DecodeUtteranceLatticeFaster():decoder-wrappers.cc:375) Log-like per frame for utterance BAC009S0905W0436 is 0.371466 over 340 frames.
BAC009S0905W0437 温州 多 的 商户 拉 横幅 球 校 钟 到 购 不 少 点 亏本 进行 
LOG (nnet3-latgen-faster[5.5]:DecodeUtteranceLatticeFaster():decoder-wrappers.cc:375) Log-like per frame for utterance BAC009S0905W0437 is 0.323415 over 925 frames.
BAC009S0905W0438 东越 华乐 不 少 商铺 都 关门 转 都 记者 谢 国林 摄 
LOG (nnet3-latgen-faster[5.5]:DecodeUtteranceLatticeFaster():decoder-wrappers.cc:375) Log-like per frame for utterance BAC009S0905W0438 is 0.350921 over 768 frames.
BAC009S0905W0439 温州 大腕 年逾 半百 冒充 女儿 成功 骗婚 多名 小鲜 肉 
LOG (nnet3-latgen-faster[5.5]:DecodeUtteranceLatticeFaster():decoder-wrappers.cc:375) Log-like per frame for utterance BAC009S0905W0439 is 0.308452 over 863 frames.
BAC009S0905W0440 该 女子 的 已经 行骗 多 的 
LOG (nnet3-latgen-faster[5.5]:DecodeUtteranceLatticeFaster():decoder-wrappers.cc:375) Log-like per frame for utterance BAC009S0905W0440 is 0.32361 over 405 frames.
BAC009S0905W0441 他 一直 假冒 的 零 某 近 是 他 的 女儿 
LOG (nnet3-latgen-faster[5.5]:DecodeUtteranceLatticeFaster():decoder-wrappers.cc:375) Log-like per frame for utterance BAC009S0905W0441 is 0.350489 over 546 frames.
BAC009S0905W0442 而且 她 还是 已婚 身份 
LOG (nnet3-latgen-faster[5.5]:DecodeUtteranceLatticeFaster():decoder-wrappers.cc:375) Log-like per frame for utterance BAC009S0905W0442 is 0.352424 over 298 frames.
BAC009S0905W0443 凭着 远 比 追寻 年龄 看 起来 要 年轻 许多 的 容貌 
LOG (nnet3-latgen-faster[5.5]:DecodeUtteranceLatticeFaster():decoder-wrappers.cc:375) Log-like per frame for utterance BAC009S0905W0443 is 0.330429 over 559 frames.
BAC009S0905W0444 雷 某 一直 在 河北 邢台 洪水 等 地 干 着 游走 骗婚 的 殴打 
LOG (nnet3-latgen-faster[5.5]:DecodeUtteranceLatticeFaster():decoder-wrappers.cc:375) Log-like per frame for utterance BAC009S0905W0444 is 0.348669 over 696 frames.
BAC009S0905W0445 温州 天价 我 投 事件 背后 顾客 要 问 持 陪 三 条 中华 
LOG (nnet3-latgen-faster[5.5]:DecodeUtteranceLatticeFaster():decoder-wrappers.cc:375) Log-like per frame for utterance BAC009S0905W0445 is 0.33364 over 765 frames.
BAC009S0905W0446 网络 上 一招 永嘉 桥头 国际 饭店 的 价 账单 十分 引人 注目 
LOG (nnet3-latgen-faster[5.5]:DecodeUtteranceLatticeFaster():decoder-wrappers.cc:375) Log-like per frame for utterance BAC009S0905W0446 is 0.364673 over 757 frames.
BAC009S0905W0447 菜单 显示 该 饭店 的 乔 卖国 窝头 卖 三 八 元 一 个 
LOG (nnet3-latgen-faster[5.5]:DecodeUtteranceLatticeFaster():decoder-wrappers.cc:375) Log-like per frame for utterance BAC009S0905W0447 is 0.359304 over 749 frames.
BAC009S0905W0448 三 令 与 为 时刻 吃 了 四五 个 窝窝头 
LOG (nnet3-latgen-faster[5.5]:DecodeUtteranceLatticeFaster():decoder-wrappers.cc:375) Log-like per frame for utterance BAC009S0905W0448 is 0.363697 over 554 frames.
BAC009S0905W0449 发现 事情 并 没 有 这么 简单 
LOG (nnet3-latgen-faster[5.5]:DecodeUtteranceLatticeFaster():decoder-wrappers.cc:375) Log-like per frame for utterance BAC009S0905W0449 is 0.375657 over 373 frames.
BAC009S0905W0450 温州 女 学 馆 原 侮辱 环卫 工 行尸走肉 以 辞职 
LOG (nnet3-latgen-faster[5.5]:DecodeUtteranceLatticeFaster():decoder-wrappers.cc:375) Log-like per frame for utterance BAC009S0905W0450 is 0.385422 over 710 frames.
BAC009S0905W0451 温州 女 协管员 发 回 入 秀 文字 还 未 结 一群 行尸走肉 
LOG (nnet3-latgen-faster[5.5]:DecodeUtteranceLatticeFaster():decoder-wrappers.cc:375) Log-like per frame for utterance BAC009S0905W0451 is 0.353725 over 934 frames.
BAC009S0905W0452 温州 语音 打 预留 后 口 吐 白沫 出处 昏迷 
LOG (nnet3-latgen-faster[5.5]:DecodeUtteranceLatticeFaster():decoder-wrappers.cc:375) Log-like per frame for utterance BAC009S0905W0452 is 0.342225 over 585 frames.
BAC009S0905W0453 温州 网讯 载人 一 大 附属 语音 儿童 医院 的 重症 监护 室 里 
LOG (nnet3-latgen-faster[5.5]:DecodeUtteranceLatticeFaster():decoder-wrappers.cc:375) Log-like per frame for utterance BAC009S0905W0453 is 0.327088 over 820 frames.
BAC009S0905W0454 才 七 个 月 大 的 绿 童 童 童 化名 已婚 一 了 两天 时间 
LOG (nnet3-latgen-faster[5.5]:DecodeUtteranceLatticeFaster():decoder-wrappers.cc:375) Log-like per frame for utterance BAC009S0905W0454 is 0.352972 over 828 frames.
BAC009S0905W0455 随即 被 送到 儿 透露 医院 进行 抢救 
LOG (nnet3-latgen-faster[5.5]:DecodeUtteranceLatticeFaster():decoder-wrappers.cc:375) Log-like per frame for utterance BAC009S0905W0455 is 0.385898 over 514 frames.
BAC009S0905W0456 趋势 省 三级 疾 控 部门 专家 已 介入 调查 
LOG (nnet3-latgen-faster[5.5]:DecodeUtteranceLatticeFaster():decoder-wrappers.cc:375) Log-like per frame for utterance BAC009S0905W0456 is 0.385101 over 615 frames.
BAC009S0905W0457 温州 家庭 务实 毒 蘑菇 后 续 小女 儿 亿 确 准 脑死 亡 
LOG (nnet3-latgen-faster[5.5]:DecodeUtteranceLatticeFaster():decoder-wrappers.cc:375) Log-like per frame for utterance BAC009S0905W0457 is 0.383733 over 828 frames.
BAC009S0905W0458 温州 少年 下 不 是 从 许 二零 万 馀 元 赔偿 款 举行 到位 
LOG (nnet3-latgen-faster[5.5]:DecodeUtteranceLatticeFaster():decoder-wrappers.cc:375) Log-like per frame for utterance BAC009S0905W0458 is 0.35007 over 1029 frames.
BAC009S0905W0459 金 报 讯 记者 男婴 还 记得 小文 满 
LOG (nnet3-latgen-faster[5.5]:DecodeUtteranceLatticeFaster():decoder-wrappers.cc:375) Log-like per frame for utterance BAC009S0905W0459 is 0.387732 over 526 frames.
BAC009S0905W0460 二零一三 六二三 
LOG (nnet3-latgen-faster[5.5]:DecodeUtteranceLatticeFaster():decoder-wrappers.cc:375) Log-like per frame for utterance BAC009S0905W0460 is 0.365838 over 317 frames.
BAC009S0905W0461 温州 一四 岁 少年 小文 迷失 率 西大 项目 
LOG (nnet3-latgen-faster[5.5]:DecodeUtteranceLatticeFaster():decoder-wrappers.cc:375) Log-like per frame for utterance BAC009S0905W0461 is 0.335062 over 722 frames.
BAC009S0905W0462 这 将 手 时尚 规模 最 大 的 户外 救援 行动 开始 了 
LOG (nnet3-latgen-faster[5.5]:DecodeUtteranceLatticeFaster():decoder-wrappers.cc:375) Log-like per frame for utterance BAC009S0905W0462 is 0.361967 over 604 frames.
BAC009S0905W0463 经过 长达 四 个 月 的 搜救 
LOG (nnet3-latgen-faster[5.5]:DecodeUtteranceLatticeFaster():decoder-wrappers.cc:375) Log-like per frame for utterance BAC009S0905W0463 is 0.392242 over 340 frames.
BAC009S0905W0464 最终 在下 滑 上游 的 石头 缴付 卡 
LOG (nnet3-latgen-faster[5.5]:DecodeUtteranceLatticeFaster():decoder-wrappers.cc:375) Log-like per frame for utterance BAC009S0905W0464 is 0.341672 over 462 frames.
BAC009S0905W0465 发现 小文 残缺 的 银牌 
LOG (nnet3-latgen-faster[5.5]:DecodeUtteranceLatticeFaster():decoder-wrappers.cc:375) Log-like per frame for utterance BAC009S0905W0465 is 0.308311 over 357 frames.
BAC009S0905W0466 温州 市场 的 线 浇注 虾 业内 不仅 增 重 卖相 更 好 
LOG (nnet3-latgen-faster[5.5]:DecodeUtteranceLatticeFaster():decoder-wrappers.cc:375) Log-like per frame for utterance BAC009S0905W0466 is 0.34192 over 773 frames.
BAC009S0905W0467 温州 是 与 郑 女士 在 农贸市场 购买 了 三 只 打 下 
LOG (nnet3-latgen-faster[5.5]:DecodeUtteranceLatticeFaster():decoder-wrappers.cc:375) Log-like per frame for utterance BAC009S0905W0467 is 0.328455 over 666 frames.
BAC009S0905W0468 回家 后 发现 大虾 体内 聚源 被 注射 了 不 明 胶状 物 
LOG (nnet3-latgen-faster[5.5]:DecodeUtteranceLatticeFaster():decoder-wrappers.cc:375) Log-like per frame for utterance BAC009S0905W0468 is 0.368287 over 627 frames.
BAC009S0905W0469 收 和 经验 让 周 女士 起 了 一些 
LOG (nnet3-latgen-faster[5.5]:DecodeUtteranceLatticeFaster():decoder-wrappers.cc:375) Log-like per frame for utterance BAC009S0905W0469 is 0.310216 over 401 frames.
BAC009S0905W0470 他 将 给 直销 的 图片 通过 微 博 发布 
LOG (nnet3-latgen-faster[5.5]:DecodeUtteranceLatticeFaster():decoder-wrappers.cc:375) Log-like per frame for utterance BAC009S0905W0470 is 0.389163 over 451 frames.
BAC009S0905W0471 迅速 引起 了 网友 以及 当地 监管 部门 的 关注 
LOG (nnet3-latgen-faster[5.5]:DecodeUtteranceLatticeFaster():decoder-wrappers.cc:375) Log-like per frame for utterance BAC009S0905W0471 is 0.422219 over 571 frames.
BAC009S0905W0472 温州 是 与 铁路 将 成为 全国 第 一 条 城市 交通 铁路 
LOG (nnet3-latgen-faster[5.5]:DecodeUtteranceLatticeFaster():decoder-wrappers.cc:375) Log-like per frame for utterance BAC009S0905W0472 is 0.396858 over 776 frames.
BAC009S0905W0475 温州市 制度 办 的 负责 人 表示 
LOG (nnet3-latgen-faster[5.5]:DecodeUtteranceLatticeFaster():decoder-wrappers.cc:375) Log-like per frame for utterance BAC009S0905W0475 is 0.415422 over 462 frames.
BAC009S0905W0477 温州 开水 浇 头 服务 员 被 批捕 涉嫌 故意 伤害 罪 
LOG (nnet3-latgen-faster[5.5]:DecodeUtteranceLatticeFaster():decoder-wrappers.cc:375) Log-like per frame for utterance BAC009S0905W0477 is 0.427429 over 808 frames.
BAC009S0905W0478 京华 时报 报 讯 昨天 下午 
LOG (nnet3-latgen-faster[5.5]:DecodeUtteranceLatticeFaster():decoder-wrappers.cc:375) Log-like per frame for utterance BAC009S0905W0478 is 0.387872 over 412 frames.
BAC009S0905W0479 浙江 温州 鹿城区 检察 院 通报 九月 六日 
LOG (nnet3-latgen-faster[5.5]:DecodeUtteranceLatticeFaster():decoder-wrappers.cc:375) Log-like per frame for utterance BAC009S0905W0479 is 0.427885 over 665 frames.
BAC009S0905W0480 开水 零 顾客 的 和 国电 服务 员 朱 某 被 依法 批准 逮捕 
LOG (nnet3-latgen-faster[5.5]:DecodeUtteranceLatticeFaster():decoder-wrappers.cc:375) Log-like per frame for utterance BAC009S0905W0480 is 0.383904 over 769 frames.
BAC009S0905W0481 温州 金县 注 胶 虾 续 苍南 在 查 六 公斤 注 胶 打 下 
LOG (nnet3-latgen-faster[5.5]:DecodeUtteranceLatticeFaster():decoder-wrappers.cc:375) Log-like per frame for utterance BAC009S0905W0481 is 0.342555 over 740 frames.
BAC009S0905W0482 温州 一 菜场 金县 注 胶 虾 追踪 
LOG (nnet3-latgen-faster[5.5]:DecodeUtteranceLatticeFaster():decoder-wrappers.cc:375) Log-like per frame for utterance BAC009S0905W0482 is 0.366005 over 516 frames.
BAC009S0905W0483 温州 昆明 出现 注 胶 虾 产地 均值 将 广东 战将 
LOG (nnet3-latgen-faster[5.5]:DecodeUtteranceLatticeFaster():decoder-wrappers.cc:375) Log-like per frame for utterance BAC009S0905W0483 is 0.360621 over 678 frames.
BAC009S0905W0484 浙江 温州 是一 位 市民 一零零 元 来回 赛制 单音节 下 
LOG (nnet3-latgen-faster[5.5]:DecodeUtteranceLatticeFaster():decoder-wrappers.cc:375) Log-like per frame for utterance BAC009S0905W0484 is 0.366877 over 768 frames.
BAC009S0905W0485 在 虾 体内 发现 疑似 胶状 物 至 七 月 二十一 日 
LOG (nnet3-latgen-faster[5.5]:DecodeUtteranceLatticeFaster():decoder-wrappers.cc:375) Log-like per frame for utterance BAC009S0905W0485 is 0.404415 over 730 frames.
BAC009S0905W0486 云南 昆明 市 同样 发现 类似 注 胶 虾 
LOG (nnet3-latgen-faster[5.5]:DecodeUtteranceLatticeFaster():decoder-wrappers.cc:375) Log-like per frame for utterance BAC009S0905W0486 is 0.369718 over 476 frames.
BAC009S0905W0487 国内 了 的 出现 注 胶 虾 踪迹 
LOG (nnet3-latgen-faster[5.5]:DecodeUtteranceLatticeFaster():decoder-wrappers.cc:375) Log-like per frame for utterance BAC009S0905W0487 is 0.366554 over 469 frames.
BAC009S0905W0488 且 产地 均 指向 广东 省 湛江市 
LOG (nnet3-latgen-faster[5.5]:DecodeUtteranceLatticeFaster():decoder-wrappers.cc:375) Log-like per frame for utterance BAC009S0905W0488 is 0.343543 over 467 frames.
BAC009S0905W0489 温州 景山 花木 市场 发生 大火 火势 已 得到 基本 控制 
LOG (nnet3-latgen-faster[5.5]:DecodeUtteranceLatticeFaster():decoder-wrappers.cc:375) Log-like per frame for utterance BAC009S0905W0489 is 0.388786 over 824 frames.
BAC009S0905W0490 温州 服务 员 相互 可 头上 破 开水 继而 已 被 批捕 
LOG (nnet3-latgen-faster[5.5]:DecodeUtteranceLatticeFaster():decoder-wrappers.cc:375) Log-like per frame for utterance BAC009S0905W0490 is 0.399226 over 695 frames.
BAC009S0905W0491 今天 九月 八 日下 午 
LOG (nnet3-latgen-faster[5.5]:DecodeUtteranceLatticeFaster():decoder-wrappers.cc:375) Log-like per frame for utterance BAC009S0905W0491 is 0.430882 over 364 frames.
BAC009S0905W0492 因 和 国家税 问题 与 顾客 发生 争执 
LOG (nnet3-latgen-faster[5.5]:DecodeUtteranceLatticeFaster():decoder-wrappers.cc:375) Log-like per frame for utterance BAC009S0905W0492 is 0.415421 over 464 frames.
LOG (apply-cmvn[5.5]:main():apply-cmvn.cc:81) Copied 360 utterances.
BAC009S0905W0493 为 泄愤 将 开水 领导 顾客 头上 
LOG (nnet3-latgen-faster[5.5]:DecodeUtteranceLatticeFaster():decoder-wrappers.cc:375) Log-like per frame for utterance BAC009S0905W0493 is 0.36378 over 415 frames.
BAC009S0905W0494 并 将 其 更 倒 在 地 殴打 
LOG (nnet3-latgen-faster[5.5]:DecodeUtteranceLatticeFaster():decoder-wrappers.cc:375) Log-like per frame for utterance BAC009S0905W0494 is 0.31385 over 327 frames.
BAC009S0905W0495 和 国电 服务 员 朱 某 被 温州市 主城 区 检察 院 依法 批准 逮捕 
LOG (nnet3-latgen-faster[5.5]:DecodeUtteranceLatticeFaster():decoder-wrappers.cc:375) Log-like per frame for utterance BAC009S0905W0495 is 0.422892 over 825 frames.
LOG (nnet3-latgen-faster[5.5]:main():nnet3-latgen-faster.cc:256) Time taken 2673.91s: real-time factor assuming 100 frames/sec is 1.41449
LOG (nnet3-latgen-faster[5.5]:main():nnet3-latgen-faster.cc:259) Done 360 utterances, failed for 0
LOG (nnet3-latgen-faster[5.5]:main():nnet3-latgen-faster.cc:261) Overall log-likelihood per frame is 0.390267 over 189038 frames.
LOG (nnet3-latgen-faster[5.5]:~CachingOptimizingCompiler():nnet-optimize.cc:710) 0.346 seconds taken in nnet3 compilation total (breakdown: 0.178 compilation, 0.0686 optimization, 0 shortcut expansion, 0.0166 checking, 6.6e-05 computing indexes, 0.0821 misc.) + 0 I/O.
# Accounting: time=2676 threads=1
# Ended (code 0) at Sat Jun 18 22:31:37 CST 2022, elapsed time 2676 seconds
