# lattice-depth-per-frame "ark:gunzip -c exp/nnet3/new_dnn_sp/decode_test/lat.18.gz|" "ark,t:|gzip -c > exp/nnet3/new_dnn_sp/decode_test/depth_tmp.18.gz" ark:- | lattice-best-path --acoustic-scale=0.1 ark:- ark:/dev/null "ark,t:|gzip -c >exp/nnet3/new_dnn_sp/decode_test/ali_tmp.18.gz" 
# Started at Sat Jun 18 23:01:55 CST 2022
#
lattice-depth-per-frame 'ark:gunzip -c exp/nnet3/new_dnn_sp/decode_test/lat.18.gz|' 'ark,t:|gzip -c > exp/nnet3/new_dnn_sp/decode_test/depth_tmp.18.gz' ark:- 
lattice-best-path --acoustic-scale=0.1 ark:- ark:/dev/null 'ark,t:|gzip -c >exp/nnet3/new_dnn_sp/decode_test/ali_tmp.18.gz' 
LOG (lattice-best-path[5.5]:main():lattice-best-path.cc:99) For utterance BAC009S0914W0121, best cost 109.223 + -350.707 = -241.483 over 633 frames.
LOG (lattice-best-path[5.5]:main():lattice-best-path.cc:99) For utterance BAC009S0914W0122, best cost 122.687 + -346.498 = -223.811 over 659 frames.
LOG (lattice-best-path[5.5]:main():lattice-best-path.cc:99) For utterance BAC009S0914W0123, best cost 83.0679 + -326.615 = -243.547 over 628 frames.
LOG (lattice-best-path[5.5]:main():lattice-best-path.cc:99) For utterance BAC009S0914W0124, best cost 149.423 + -473.304 = -323.881 over 908 frames.
LOG (lattice-best-path[5.5]:main():lattice-best-path.cc:99) For utterance BAC009S0914W0125, best cost 91.6562 + -319.701 = -228.045 over 692 frames.
LOG (lattice-best-path[5.5]:main():lattice-best-path.cc:99) For utterance BAC009S0914W0126, best cost 105.523 + -307.176 = -201.653 over 657 frames.
LOG (lattice-best-path[5.5]:main():lattice-best-path.cc:99) For utterance BAC009S0914W0127, best cost 76.5479 + -231.65 = -155.102 over 478 frames.
LOG (lattice-best-path[5.5]:main():lattice-best-path.cc:99) For utterance BAC009S0914W0128, best cost 125.154 + -381.488 = -256.334 over 774 frames.
LOG (lattice-best-path[5.5]:main():lattice-best-path.cc:99) For utterance BAC009S0914W0129, best cost 83.6357 + -303.62 = -219.984 over 622 frames.
LOG (lattice-best-path[5.5]:main():lattice-best-path.cc:99) For utterance BAC009S0914W0130, best cost 115.908 + -385.461 = -269.552 over 759 frames.
LOG (lattice-best-path[5.5]:main():lattice-best-path.cc:99) For utterance BAC009S0914W0131, best cost 66.3235 + -236.027 = -169.704 over 461 frames.
LOG (lattice-best-path[5.5]:main():lattice-best-path.cc:99) For utterance BAC009S0914W0132, best cost 113.78 + -333.796 = -220.016 over 626 frames.
LOG (lattice-best-path[5.5]:main():lattice-best-path.cc:99) For utterance BAC009S0914W0133, best cost 113.068 + -385.741 = -272.673 over 798 frames.
LOG (lattice-best-path[5.5]:main():lattice-best-path.cc:99) For utterance BAC009S0914W0134, best cost 83.7864 + -284.807 = -201.02 over 519 frames.
LOG (lattice-best-path[5.5]:main():lattice-best-path.cc:99) For utterance BAC009S0914W0135, best cost 81.0691 + -258.754 = -177.685 over 514 frames.
LOG (lattice-best-path[5.5]:main():lattice-best-path.cc:99) For utterance BAC009S0914W0136, best cost 66.6025 + -313.662 = -247.06 over 574 frames.
LOG (lattice-best-path[5.5]:main():lattice-best-path.cc:99) For utterance BAC009S0914W0137, best cost 104.804 + -370.648 = -265.844 over 704 frames.
LOG (lattice-best-path[5.5]:main():lattice-best-path.cc:99) For utterance BAC009S0914W0138, best cost 86.5693 + -311.72 = -225.151 over 654 frames.
LOG (lattice-best-path[5.5]:main():lattice-best-path.cc:99) For utterance BAC009S0914W0139, best cost 123.371 + -393.813 = -270.443 over 766 frames.
LOG (lattice-best-path[5.5]:main():lattice-best-path.cc:99) For utterance BAC009S0914W0140, best cost 66.2904 + -208.682 = -142.392 over 409 frames.
LOG (lattice-best-path[5.5]:main():lattice-best-path.cc:99) For utterance BAC009S0914W0141, best cost 87.6394 + -291.686 = -204.047 over 534 frames.
LOG (lattice-best-path[5.5]:main():lattice-best-path.cc:99) For utterance BAC009S0914W0142, best cost 59.2016 + -263.079 = -203.877 over 460 frames.
LOG (lattice-best-path[5.5]:main():lattice-best-path.cc:99) For utterance BAC009S0914W0143, best cost 137.501 + -436.361 = -298.86 over 817 frames.
LOG (lattice-best-path[5.5]:main():lattice-best-path.cc:99) For utterance BAC009S0914W0144, best cost 92.9346 + -349.4 = -256.465 over 684 frames.
LOG (lattice-best-path[5.5]:main():lattice-best-path.cc:99) For utterance BAC009S0914W0145, best cost 81.0695 + -273.639 = -192.569 over 473 frames.
LOG (lattice-best-path[5.5]:main():lattice-best-path.cc:99) For utterance BAC009S0914W0146, best cost 94.6866 + -377.393 = -282.706 over 627 frames.
LOG (lattice-best-path[5.5]:main():lattice-best-path.cc:99) For utterance BAC009S0914W0148, best cost 121.861 + -386.696 = -264.835 over 698 frames.
LOG (lattice-best-path[5.5]:main():lattice-best-path.cc:99) For utterance BAC009S0914W0149, best cost 76.3792 + -236.896 = -160.516 over 424 frames.
LOG (lattice-best-path[5.5]:main():lattice-best-path.cc:99) For utterance BAC009S0914W0150, best cost 107.658 + -306.911 = -199.252 over 584 frames.
LOG (lattice-best-path[5.5]:main():lattice-best-path.cc:99) For utterance BAC009S0914W0151, best cost 89.1213 + -218.287 = -129.166 over 419 frames.
LOG (lattice-best-path[5.5]:main():lattice-best-path.cc:99) For utterance BAC009S0914W0152, best cost 121.899 + -398.676 = -276.777 over 770 frames.
LOG (lattice-best-path[5.5]:main():lattice-best-path.cc:99) For utterance BAC009S0914W0153, best cost 80.6352 + -239.562 = -158.926 over 435 frames.
LOG (lattice-best-path[5.5]:main():lattice-best-path.cc:99) For utterance BAC009S0914W0154, best cost 121.893 + -422.522 = -300.63 over 850 frames.
LOG (lattice-best-path[5.5]:main():lattice-best-path.cc:99) For utterance BAC009S0914W0155, best cost 56.16 + -292.048 = -235.888 over 530 frames.
LOG (lattice-best-path[5.5]:main():lattice-best-path.cc:99) For utterance BAC009S0914W0156, best cost 125.513 + -435.738 = -310.225 over 835 frames.
LOG (lattice-best-path[5.5]:main():lattice-best-path.cc:99) For utterance BAC009S0914W0157, best cost 80.6799 + -274.503 = -193.823 over 573 frames.
LOG (lattice-best-path[5.5]:main():lattice-best-path.cc:99) For utterance BAC009S0914W0158, best cost 98.8716 + -319.094 = -220.222 over 588 frames.
LOG (lattice-best-path[5.5]:main():lattice-best-path.cc:99) For utterance BAC009S0914W0159, best cost 81.7304 + -291.764 = -210.033 over 527 frames.
LOG (lattice-best-path[5.5]:main():lattice-best-path.cc:99) For utterance BAC009S0914W0160, best cost 66.9998 + -209.79 = -142.79 over 413 frames.
LOG (lattice-best-path[5.5]:main():lattice-best-path.cc:99) For utterance BAC009S0914W0161, best cost 57.5473 + -308.878 = -251.331 over 562 frames.
LOG (lattice-best-path[5.5]:main():lattice-best-path.cc:99) For utterance BAC009S0914W0162, best cost 95.5078 + -332.998 = -237.49 over 601 frames.
LOG (lattice-best-path[5.5]:main():lattice-best-path.cc:99) For utterance BAC009S0914W0163, best cost 115.808 + -343.985 = -228.177 over 654 frames.
LOG (lattice-best-path[5.5]:main():lattice-best-path.cc:99) For utterance BAC009S0914W0164, best cost 109.149 + -424.847 = -315.698 over 796 frames.
LOG (lattice-best-path[5.5]:main():lattice-best-path.cc:99) For utterance BAC009S0914W0165, best cost 112.761 + -337.122 = -224.361 over 675 frames.
LOG (lattice-best-path[5.5]:main():lattice-best-path.cc:99) For utterance BAC009S0914W0166, best cost 128.624 + -462.341 = -333.717 over 926 frames.
LOG (lattice-best-path[5.5]:main():lattice-best-path.cc:99) For utterance BAC009S0914W0167, best cost 60.0011 + -236.942 = -176.941 over 429 frames.
LOG (lattice-best-path[5.5]:main():lattice-best-path.cc:99) For utterance BAC009S0914W0168, best cost 123.484 + -395.444 = -271.96 over 805 frames.
LOG (lattice-best-path[5.5]:main():lattice-best-path.cc:99) For utterance BAC009S0914W0169, best cost 123.968 + -424.708 = -300.74 over 878 frames.
LOG (lattice-best-path[5.5]:main():lattice-best-path.cc:99) For utterance BAC009S0914W0170, best cost 133.101 + -365.108 = -232.007 over 770 frames.
LOG (lattice-best-path[5.5]:main():lattice-best-path.cc:99) For utterance BAC009S0914W0171, best cost 80.7711 + -236.749 = -155.977 over 470 frames.
LOG (lattice-best-path[5.5]:main():lattice-best-path.cc:99) For utterance BAC009S0914W0172, best cost 115.051 + -367.464 = -252.413 over 700 frames.
LOG (lattice-best-path[5.5]:main():lattice-best-path.cc:99) For utterance BAC009S0914W0173, best cost 86.9915 + -344.065 = -257.073 over 647 frames.
LOG (lattice-best-path[5.5]:main():lattice-best-path.cc:99) For utterance BAC009S0914W0174, best cost 115.855 + -442.633 = -326.778 over 877 frames.
LOG (lattice-best-path[5.5]:main():lattice-best-path.cc:99) For utterance BAC009S0914W0175, best cost 63.6166 + -219.816 = -156.199 over 506 frames.
LOG (lattice-best-path[5.5]:main():lattice-best-path.cc:99) For utterance BAC009S0914W0176, best cost 128.572 + -422.114 = -293.542 over 792 frames.
LOG (lattice-best-path[5.5]:main():lattice-best-path.cc:99) For utterance BAC009S0914W0177, best cost 85.2032 + -213.319 = -128.116 over 403 frames.
LOG (lattice-best-path[5.5]:main():lattice-best-path.cc:99) For utterance BAC009S0914W0178, best cost 133.203 + -435.416 = -302.213 over 878 frames.
LOG (lattice-best-path[5.5]:main():lattice-best-path.cc:99) For utterance BAC009S0914W0179, best cost 102.654 + -294.316 = -191.662 over 546 frames.
LOG (lattice-best-path[5.5]:main():lattice-best-path.cc:99) For utterance BAC009S0914W0180, best cost 105.679 + -330.95 = -225.272 over 642 frames.
LOG (lattice-best-path[5.5]:main():lattice-best-path.cc:99) For utterance BAC009S0914W0181, best cost 111.762 + -322.32 = -210.558 over 605 frames.
LOG (lattice-best-path[5.5]:main():lattice-best-path.cc:99) For utterance BAC009S0914W0182, best cost 38.8388 + -81.6108 = -42.772 over 203 frames.
LOG (lattice-best-path[5.5]:main():lattice-best-path.cc:99) For utterance BAC009S0914W0183, best cost 83.1375 + -252.91 = -169.773 over 517 frames.
LOG (lattice-best-path[5.5]:main():lattice-best-path.cc:99) For utterance BAC009S0914W0184, best cost 87.7817 + -230.76 = -142.978 over 439 frames.
LOG (lattice-best-path[5.5]:main():lattice-best-path.cc:99) For utterance BAC009S0914W0185, best cost 86.5662 + -269.822 = -183.256 over 560 frames.
LOG (lattice-best-path[5.5]:main():lattice-best-path.cc:99) For utterance BAC009S0914W0186, best cost 108.705 + -267.834 = -159.129 over 534 frames.
LOG (lattice-best-path[5.5]:main():lattice-best-path.cc:99) For utterance BAC009S0914W0187, best cost 101.471 + -447.87 = -346.399 over 829 frames.
LOG (lattice-best-path[5.5]:main():lattice-best-path.cc:99) For utterance BAC009S0914W0188, best cost 83.174 + -275.87 = -192.696 over 588 frames.
LOG (lattice-best-path[5.5]:main():lattice-best-path.cc:99) For utterance BAC009S0914W0189, best cost 62.1086 + -259.334 = -197.225 over 505 frames.
LOG (lattice-best-path[5.5]:main():lattice-best-path.cc:99) For utterance BAC009S0914W0190, best cost 69.07 + -243.74 = -174.669 over 547 frames.
LOG (lattice-best-path[5.5]:main():lattice-best-path.cc:99) For utterance BAC009S0914W0191, best cost 121.267 + -346.736 = -225.469 over 731 frames.
LOG (lattice-best-path[5.5]:main():lattice-best-path.cc:99) For utterance BAC009S0914W0192, best cost 81.2844 + -205.088 = -123.803 over 409 frames.
LOG (lattice-best-path[5.5]:main():lattice-best-path.cc:99) For utterance BAC009S0914W0193, best cost 73.2212 + -222.202 = -148.981 over 468 frames.
LOG (lattice-best-path[5.5]:main():lattice-best-path.cc:99) For utterance BAC009S0914W0194, best cost 125.456 + -379.121 = -253.666 over 719 frames.
LOG (lattice-best-path[5.5]:main():lattice-best-path.cc:99) For utterance BAC009S0914W0195, best cost 111.826 + -337.087 = -225.261 over 642 frames.
LOG (lattice-best-path[5.5]:main():lattice-best-path.cc:99) For utterance BAC009S0914W0196, best cost 71.4228 + -261.352 = -189.93 over 481 frames.
LOG (lattice-best-path[5.5]:main():lattice-best-path.cc:99) For utterance BAC009S0914W0197, best cost 75.6963 + -243.451 = -167.754 over 466 frames.
LOG (lattice-best-path[5.5]:main():lattice-best-path.cc:99) For utterance BAC009S0914W0198, best cost 102.534 + -283.75 = -181.216 over 580 frames.
LOG (lattice-best-path[5.5]:main():lattice-best-path.cc:99) For utterance BAC009S0914W0199, best cost 86.1506 + -222.48 = -136.33 over 398 frames.
LOG (lattice-best-path[5.5]:main():lattice-best-path.cc:99) For utterance BAC009S0914W0200, best cost 58.1664 + -180.862 = -122.695 over 359 frames.
LOG (lattice-best-path[5.5]:main():lattice-best-path.cc:99) For utterance BAC009S0914W0201, best cost 63.0868 + -219.78 = -156.693 over 381 frames.
LOG (lattice-best-path[5.5]:main():lattice-best-path.cc:99) For utterance BAC009S0914W0202, best cost 54.922 + -195.505 = -140.583 over 392 frames.
LOG (lattice-best-path[5.5]:main():lattice-best-path.cc:99) For utterance BAC009S0914W0203, best cost 50.3211 + -265.992 = -215.671 over 479 frames.
LOG (lattice-best-path[5.5]:main():lattice-best-path.cc:99) For utterance BAC009S0914W0204, best cost 95.5851 + -270.263 = -174.678 over 532 frames.
LOG (lattice-best-path[5.5]:main():lattice-best-path.cc:99) For utterance BAC009S0914W0205, best cost 79.8555 + -355.598 = -275.742 over 648 frames.
LOG (lattice-best-path[5.5]:main():lattice-best-path.cc:99) For utterance BAC009S0914W0206, best cost 64.4475 + -346.36 = -281.913 over 636 frames.
LOG (lattice-best-path[5.5]:main():lattice-best-path.cc:99) For utterance BAC009S0914W0207, best cost 92.1462 + -326.192 = -234.045 over 620 frames.
LOG (lattice-best-path[5.5]:main():lattice-best-path.cc:99) For utterance BAC009S0914W0208, best cost 84.7203 + -336.887 = -252.167 over 649 frames.
LOG (lattice-best-path[5.5]:main():lattice-best-path.cc:99) For utterance BAC009S0914W0209, best cost 61.9747 + -199.84 = -137.866 over 441 frames.
LOG (lattice-best-path[5.5]:main():lattice-best-path.cc:99) For utterance BAC009S0914W0210, best cost 62.064 + -185.462 = -123.398 over 371 frames.
LOG (lattice-best-path[5.5]:main():lattice-best-path.cc:99) For utterance BAC009S0914W0211, best cost 87.1802 + -318.846 = -231.666 over 609 frames.
LOG (lattice-best-path[5.5]:main():lattice-best-path.cc:99) For utterance BAC009S0914W0212, best cost 154.802 + -427.099 = -272.298 over 794 frames.
LOG (lattice-best-path[5.5]:main():lattice-best-path.cc:99) For utterance BAC009S0914W0213, best cost 92.6054 + -251.033 = -158.428 over 505 frames.
LOG (lattice-best-path[5.5]:main():lattice-best-path.cc:99) For utterance BAC009S0914W0214, best cost 119.004 + -350.108 = -231.104 over 643 frames.
LOG (lattice-best-path[5.5]:main():lattice-best-path.cc:99) For utterance BAC009S0914W0215, best cost 68.053 + -240.646 = -172.593 over 462 frames.
LOG (lattice-best-path[5.5]:main():lattice-best-path.cc:99) For utterance BAC009S0914W0216, best cost 86.2654 + -300.068 = -213.802 over 590 frames.
LOG (lattice-best-path[5.5]:main():lattice-best-path.cc:99) For utterance BAC009S0914W0217, best cost 166.961 + -510.495 = -343.534 over 941 frames.
LOG (lattice-best-path[5.5]:main():lattice-best-path.cc:99) For utterance BAC009S0914W0218, best cost 120.42 + -355.436 = -235.016 over 685 frames.
LOG (lattice-best-path[5.5]:main():lattice-best-path.cc:99) For utterance BAC009S0914W0219, best cost 151.913 + -462.771 = -310.859 over 879 frames.
LOG (lattice-best-path[5.5]:main():lattice-best-path.cc:99) For utterance BAC009S0914W0220, best cost 43.2535 + -156.267 = -113.013 over 327 frames.
LOG (lattice-best-path[5.5]:main():lattice-best-path.cc:99) For utterance BAC009S0914W0221, best cost 94.8494 + -233.369 = -138.52 over 475 frames.
LOG (lattice-best-path[5.5]:main():lattice-best-path.cc:99) For utterance BAC009S0914W0222, best cost 74.3204 + -210.442 = -136.122 over 463 frames.
LOG (lattice-best-path[5.5]:main():lattice-best-path.cc:99) For utterance BAC009S0914W0223, best cost 100.589 + -350.992 = -250.403 over 703 frames.
LOG (lattice-best-path[5.5]:main():lattice-best-path.cc:99) For utterance BAC009S0914W0224, best cost 99.2478 + -282.815 = -183.567 over 546 frames.
LOG (lattice-best-path[5.5]:main():lattice-best-path.cc:99) For utterance BAC009S0914W0225, best cost 128.621 + -375.147 = -246.526 over 703 frames.
LOG (lattice-best-path[5.5]:main():lattice-best-path.cc:99) For utterance BAC009S0914W0226, best cost 98.9998 + -276.761 = -177.761 over 548 frames.
LOG (lattice-best-path[5.5]:main():lattice-best-path.cc:99) For utterance BAC009S0914W0227, best cost 169.864 + -503.947 = -334.083 over 1076 frames.
LOG (lattice-best-path[5.5]:main():lattice-best-path.cc:99) For utterance BAC009S0914W0228, best cost 39.3622 + -145.924 = -106.562 over 294 frames.
LOG (lattice-best-path[5.5]:main():lattice-best-path.cc:99) For utterance BAC009S0914W0229, best cost 141.307 + -484.41 = -343.103 over 920 frames.
LOG (lattice-best-path[5.5]:main():lattice-best-path.cc:99) For utterance BAC009S0914W0230, best cost 106.262 + -353.466 = -247.205 over 735 frames.
LOG (lattice-best-path[5.5]:main():lattice-best-path.cc:99) For utterance BAC009S0914W0231, best cost 120.752 + -388.072 = -267.32 over 748 frames.
LOG (lattice-best-path[5.5]:main():lattice-best-path.cc:99) For utterance BAC009S0914W0232, best cost 95.3657 + -308.408 = -213.042 over 643 frames.
LOG (lattice-best-path[5.5]:main():lattice-best-path.cc:99) For utterance BAC009S0914W0233, best cost 39.7289 + -136.743 = -97.0145 over 304 frames.
LOG (lattice-best-path[5.5]:main():lattice-best-path.cc:99) For utterance BAC009S0914W0234, best cost 129.603 + -510.892 = -381.289 over 956 frames.
LOG (lattice-best-path[5.5]:main():lattice-best-path.cc:99) For utterance BAC009S0914W0235, best cost 65.2093 + -193.232 = -128.022 over 375 frames.
LOG (lattice-best-path[5.5]:main():lattice-best-path.cc:99) For utterance BAC009S0914W0236, best cost 123.979 + -294.799 = -170.82 over 534 frames.
LOG (lattice-best-path[5.5]:main():lattice-best-path.cc:99) For utterance BAC009S0914W0237, best cost 148.458 + -405.614 = -257.156 over 765 frames.
LOG (lattice-best-path[5.5]:main():lattice-best-path.cc:99) For utterance BAC009S0914W0238, best cost 112.052 + -302.733 = -190.68 over 548 frames.
LOG (lattice-best-path[5.5]:main():lattice-best-path.cc:99) For utterance BAC009S0914W0239, best cost 45.1496 + -172.927 = -127.778 over 389 frames.
LOG (lattice-best-path[5.5]:main():lattice-best-path.cc:99) For utterance BAC009S0914W0240, best cost 54.9573 + -187.496 = -132.539 over 371 frames.
LOG (lattice-best-path[5.5]:main():lattice-best-path.cc:99) For utterance BAC009S0914W0241, best cost 63.296 + -236.929 = -173.633 over 548 frames.
LOG (lattice-best-path[5.5]:main():lattice-best-path.cc:99) For utterance BAC009S0914W0242, best cost 67.0254 + -240.605 = -173.579 over 495 frames.
LOG (lattice-best-path[5.5]:main():lattice-best-path.cc:99) For utterance BAC009S0914W0243, best cost 158.596 + -430.758 = -272.163 over 942 frames.
LOG (lattice-best-path[5.5]:main():lattice-best-path.cc:99) For utterance BAC009S0914W0244, best cost 130.601 + -433.665 = -303.065 over 748 frames.
LOG (lattice-best-path[5.5]:main():lattice-best-path.cc:99) For utterance BAC009S0914W0245, best cost 74.4869 + -275.153 = -200.666 over 542 frames.
LOG (lattice-best-path[5.5]:main():lattice-best-path.cc:99) For utterance BAC009S0914W0246, best cost 75.4411 + -196.482 = -121.041 over 426 frames.
LOG (lattice-best-path[5.5]:main():lattice-best-path.cc:99) For utterance BAC009S0914W0247, best cost 83.8807 + -281.745 = -197.864 over 527 frames.
LOG (lattice-best-path[5.5]:main():lattice-best-path.cc:99) For utterance BAC009S0914W0248, best cost 78.4707 + -215.277 = -136.807 over 453 frames.
LOG (lattice-best-path[5.5]:main():lattice-best-path.cc:99) For utterance BAC009S0914W0249, best cost 92.9051 + -281.729 = -188.824 over 624 frames.
LOG (lattice-best-path[5.5]:main():lattice-best-path.cc:99) For utterance BAC009S0914W0250, best cost 70.6634 + -199.135 = -128.472 over 373 frames.
LOG (lattice-best-path[5.5]:main():lattice-best-path.cc:99) For utterance BAC009S0914W0251, best cost 77.0222 + -347.161 = -270.139 over 747 frames.
LOG (lattice-best-path[5.5]:main():lattice-best-path.cc:99) For utterance BAC009S0914W0252, best cost 109.958 + -390.012 = -280.055 over 748 frames.
LOG (lattice-best-path[5.5]:main():lattice-best-path.cc:99) For utterance BAC009S0914W0254, best cost 108.383 + -306.929 = -198.545 over 662 frames.
LOG (lattice-best-path[5.5]:main():lattice-best-path.cc:99) For utterance BAC009S0914W0255, best cost 83.484 + -269.242 = -185.759 over 611 frames.
LOG (lattice-best-path[5.5]:main():lattice-best-path.cc:99) For utterance BAC009S0914W0256, best cost 83.5082 + -275.338 = -191.83 over 533 frames.
LOG (lattice-best-path[5.5]:main():lattice-best-path.cc:99) For utterance BAC009S0914W0257, best cost 80.1987 + -226.518 = -146.319 over 457 frames.
LOG (lattice-best-path[5.5]:main():lattice-best-path.cc:99) For utterance BAC009S0914W0258, best cost 77.2478 + -203.263 = -126.016 over 377 frames.
LOG (lattice-best-path[5.5]:main():lattice-best-path.cc:99) For utterance BAC009S0914W0259, best cost 135.508 + -340.833 = -205.325 over 621 frames.
LOG (lattice-best-path[5.5]:main():lattice-best-path.cc:99) For utterance BAC009S0914W0260, best cost 73.4958 + -177.027 = -103.531 over 389 frames.
LOG (lattice-best-path[5.5]:main():lattice-best-path.cc:99) For utterance BAC009S0914W0261, best cost 63.8272 + -200.053 = -136.226 over 391 frames.
LOG (lattice-best-path[5.5]:main():lattice-best-path.cc:99) For utterance BAC009S0914W0262, best cost 90.3924 + -281.386 = -190.994 over 538 frames.
LOG (lattice-best-path[5.5]:main():lattice-best-path.cc:99) For utterance BAC009S0914W0263, best cost 64.9805 + -171.105 = -106.124 over 330 frames.
LOG (lattice-best-path[5.5]:main():lattice-best-path.cc:99) For utterance BAC009S0914W0264, best cost 128.674 + -322.216 = -193.542 over 604 frames.
LOG (lattice-best-path[5.5]:main():lattice-best-path.cc:99) For utterance BAC009S0914W0265, best cost 107.034 + -280.036 = -173.002 over 535 frames.
LOG (lattice-best-path[5.5]:main():lattice-best-path.cc:99) For utterance BAC009S0914W0266, best cost 112.35 + -246.514 = -134.164 over 522 frames.
LOG (lattice-best-path[5.5]:main():lattice-best-path.cc:99) For utterance BAC009S0914W0267, best cost 77.1966 + -194.964 = -117.768 over 403 frames.
LOG (lattice-best-path[5.5]:main():lattice-best-path.cc:99) For utterance BAC009S0914W0268, best cost 87.2211 + -223.939 = -136.718 over 418 frames.
LOG (lattice-best-path[5.5]:main():lattice-best-path.cc:99) For utterance BAC009S0914W0270, best cost 74.9515 + -195.256 = -120.305 over 394 frames.
LOG (lattice-best-path[5.5]:main():lattice-best-path.cc:99) For utterance BAC009S0914W0271, best cost 119.165 + -308.151 = -188.986 over 571 frames.
LOG (lattice-best-path[5.5]:main():lattice-best-path.cc:99) For utterance BAC009S0914W0272, best cost 124.094 + -317.105 = -193.011 over 609 frames.
LOG (lattice-best-path[5.5]:main():lattice-best-path.cc:99) For utterance BAC009S0914W0273, best cost 86.3359 + -199.178 = -112.842 over 404 frames.
LOG (lattice-best-path[5.5]:main():lattice-best-path.cc:99) For utterance BAC009S0914W0276, best cost 147.958 + -365.994 = -218.036 over 706 frames.
LOG (lattice-best-path[5.5]:main():lattice-best-path.cc:99) For utterance BAC009S0914W0277, best cost 82.7778 + -233.532 = -150.754 over 489 frames.
LOG (lattice-best-path[5.5]:main():lattice-best-path.cc:99) For utterance BAC009S0914W0278, best cost 119.252 + -316.186 = -196.934 over 575 frames.
LOG (lattice-best-path[5.5]:main():lattice-best-path.cc:99) For utterance BAC009S0914W0279, best cost 100.061 + -213.199 = -113.139 over 434 frames.
LOG (lattice-best-path[5.5]:main():lattice-best-path.cc:99) For utterance BAC009S0914W0280, best cost 85.4458 + -270.261 = -184.815 over 488 frames.
LOG (lattice-best-path[5.5]:main():lattice-best-path.cc:99) For utterance BAC009S0914W0284, best cost 125.177 + -265.443 = -140.266 over 518 frames.
LOG (lattice-best-path[5.5]:main():lattice-best-path.cc:99) For utterance BAC009S0914W0285, best cost 89.5669 + -285.76 = -196.193 over 541 frames.
LOG (lattice-best-path[5.5]:main():lattice-best-path.cc:99) For utterance BAC009S0914W0286, best cost 74.2743 + -202.038 = -127.763 over 432 frames.
LOG (lattice-best-path[5.5]:main():lattice-best-path.cc:99) For utterance BAC009S0914W0287, best cost 63.9015 + -161.88 = -97.9783 over 363 frames.
LOG (lattice-best-path[5.5]:main():lattice-best-path.cc:99) For utterance BAC009S0914W0288, best cost 125.884 + -370.254 = -244.37 over 690 frames.
LOG (lattice-best-path[5.5]:main():lattice-best-path.cc:99) For utterance BAC009S0914W0290, best cost 86.9727 + -181.82 = -94.8475 over 362 frames.
LOG (lattice-best-path[5.5]:main():lattice-best-path.cc:99) For utterance BAC009S0914W0291, best cost 136.359 + -291.008 = -154.649 over 611 frames.
LOG (lattice-best-path[5.5]:main():lattice-best-path.cc:99) For utterance BAC009S0914W0292, best cost 150.228 + -331.494 = -181.266 over 707 frames.
LOG (lattice-best-path[5.5]:main():lattice-best-path.cc:99) For utterance BAC009S0914W0293, best cost 88.7016 + -187.851 = -99.1493 over 398 frames.
LOG (lattice-best-path[5.5]:main():lattice-best-path.cc:99) For utterance BAC009S0914W0294, best cost 58.3764 + -129.287 = -70.9107 over 288 frames.
LOG (lattice-best-path[5.5]:main():lattice-best-path.cc:99) For utterance BAC009S0914W0296, best cost 77.6575 + -208.472 = -130.815 over 420 frames.
LOG (lattice-best-path[5.5]:main():lattice-best-path.cc:99) For utterance BAC009S0914W0297, best cost 58.6574 + -175.546 = -116.889 over 327 frames.
LOG (lattice-best-path[5.5]:main():lattice-best-path.cc:99) For utterance BAC009S0914W0298, best cost 145.172 + -443.658 = -298.485 over 902 frames.
LOG (lattice-best-path[5.5]:main():lattice-best-path.cc:99) For utterance BAC009S0914W0300, best cost 80.5003 + -215.379 = -134.879 over 448 frames.
LOG (lattice-best-path[5.5]:main():lattice-best-path.cc:99) For utterance BAC009S0914W0301, best cost 88.091 + -228.359 = -140.268 over 471 frames.
LOG (lattice-best-path[5.5]:main():lattice-best-path.cc:99) For utterance BAC009S0914W0302, best cost 85.1102 + -221.146 = -136.036 over 451 frames.
LOG (lattice-best-path[5.5]:main():lattice-best-path.cc:99) For utterance BAC009S0914W0303, best cost 143.058 + -333.585 = -190.527 over 624 frames.
LOG (lattice-best-path[5.5]:main():lattice-best-path.cc:99) For utterance BAC009S0914W0304, best cost 168.634 + -372.771 = -204.137 over 780 frames.
LOG (lattice-best-path[5.5]:main():lattice-best-path.cc:99) For utterance BAC009S0914W0305, best cost 138.296 + -312.788 = -174.491 over 692 frames.
LOG (lattice-best-path[5.5]:main():lattice-best-path.cc:99) For utterance BAC009S0914W0306, best cost 99.5395 + -237.11 = -137.57 over 498 frames.
LOG (lattice-best-path[5.5]:main():lattice-best-path.cc:99) For utterance BAC009S0914W0307, best cost 99.5937 + -244.089 = -144.496 over 504 frames.
LOG (lattice-best-path[5.5]:main():lattice-best-path.cc:99) For utterance BAC009S0914W0308, best cost 106.642 + -280.778 = -174.136 over 519 frames.
LOG (lattice-best-path[5.5]:main():lattice-best-path.cc:99) For utterance BAC009S0914W0309, best cost 91.4016 + -219.129 = -127.727 over 455 frames.
LOG (lattice-best-path[5.5]:main():lattice-best-path.cc:99) For utterance BAC009S0914W0310, best cost 76.7139 + -204.645 = -127.931 over 410 frames.
LOG (lattice-best-path[5.5]:main():lattice-best-path.cc:99) For utterance BAC009S0914W0311, best cost 94.1891 + -246.373 = -152.184 over 510 frames.
LOG (lattice-best-path[5.5]:main():lattice-best-path.cc:99) For utterance BAC009S0914W0312, best cost 121.547 + -272.432 = -150.884 over 539 frames.
LOG (lattice-best-path[5.5]:main():lattice-best-path.cc:99) For utterance BAC009S0914W0314, best cost 130.962 + -368.878 = -237.916 over 648 frames.
LOG (lattice-best-path[5.5]:main():lattice-best-path.cc:99) For utterance BAC009S0914W0316, best cost 113.072 + -334.786 = -221.714 over 714 frames.
LOG (lattice-best-path[5.5]:main():lattice-best-path.cc:99) For utterance BAC009S0914W0317, best cost 123.581 + -302.015 = -178.434 over 628 frames.
LOG (lattice-best-path[5.5]:main():lattice-best-path.cc:99) For utterance BAC009S0914W0318, best cost 64.0649 + -179.6 = -115.536 over 387 frames.
LOG (lattice-best-path[5.5]:main():lattice-best-path.cc:99) For utterance BAC009S0914W0319, best cost 140.468 + -383.876 = -243.408 over 748 frames.
LOG (lattice-best-path[5.5]:main():lattice-best-path.cc:99) For utterance BAC009S0914W0320, best cost 138.929 + -378.18 = -239.251 over 722 frames.
LOG (lattice-best-path[5.5]:main():lattice-best-path.cc:99) For utterance BAC009S0914W0321, best cost 66.0056 + -154.212 = -88.2068 over 346 frames.
LOG (lattice-best-path[5.5]:main():lattice-best-path.cc:99) For utterance BAC009S0914W0322, best cost 139.266 + -424.811 = -285.545 over 828 frames.
LOG (lattice-best-path[5.5]:main():lattice-best-path.cc:99) For utterance BAC009S0914W0323, best cost 95.3579 + -280.58 = -185.222 over 559 frames.
LOG (lattice-best-path[5.5]:main():lattice-best-path.cc:99) For utterance BAC009S0914W0324, best cost 79.5084 + -185.874 = -106.366 over 357 frames.
LOG (lattice-best-path[5.5]:main():lattice-best-path.cc:99) For utterance BAC009S0914W0325, best cost 88.0093 + -222.53 = -134.52 over 435 frames.
LOG (lattice-best-path[5.5]:main():lattice-best-path.cc:99) For utterance BAC009S0914W0326, best cost 97.0001 + -226.457 = -129.457 over 476 frames.
LOG (lattice-best-path[5.5]:main():lattice-best-path.cc:99) For utterance BAC009S0914W0327, best cost 64.8332 + -210.007 = -145.174 over 439 frames.
LOG (lattice-best-path[5.5]:main():lattice-best-path.cc:99) For utterance BAC009S0914W0328, best cost 132.303 + -347.926 = -215.623 over 624 frames.
LOG (lattice-best-path[5.5]:main():lattice-best-path.cc:99) For utterance BAC009S0914W0329, best cost 60.932 + -155.847 = -94.9153 over 310 frames.
LOG (lattice-best-path[5.5]:main():lattice-best-path.cc:99) For utterance BAC009S0914W0330, best cost 79.0608 + -220.208 = -141.147 over 422 frames.
LOG (lattice-best-path[5.5]:main():lattice-best-path.cc:99) For utterance BAC009S0914W0331, best cost 91.4852 + -233.424 = -141.939 over 501 frames.
LOG (lattice-best-path[5.5]:main():lattice-best-path.cc:99) For utterance BAC009S0914W0332, best cost 145.458 + -423.681 = -278.223 over 904 frames.
LOG (lattice-best-path[5.5]:main():lattice-best-path.cc:99) For utterance BAC009S0914W0333, best cost 148.896 + -407.624 = -258.728 over 773 frames.
LOG (lattice-best-path[5.5]:main():lattice-best-path.cc:99) For utterance BAC009S0914W0334, best cost 85.0971 + -278.183 = -193.085 over 550 frames.
LOG (lattice-best-path[5.5]:main():lattice-best-path.cc:99) For utterance BAC009S0914W0335, best cost 78.434 + -186.176 = -107.742 over 364 frames.
LOG (lattice-best-path[5.5]:main():lattice-best-path.cc:99) For utterance BAC009S0914W0336, best cost 122.152 + -258.36 = -136.208 over 523 frames.
LOG (lattice-best-path[5.5]:main():lattice-best-path.cc:99) For utterance BAC009S0914W0337, best cost 98.5709 + -206.335 = -107.764 over 453 frames.
LOG (lattice-best-path[5.5]:main():lattice-best-path.cc:99) For utterance BAC009S0914W0338, best cost 89.1538 + -200.139 = -110.985 over 442 frames.
LOG (lattice-best-path[5.5]:main():lattice-best-path.cc:99) For utterance BAC009S0914W0339, best cost 124.742 + -321.17 = -196.428 over 642 frames.
LOG (lattice-best-path[5.5]:main():lattice-best-path.cc:99) For utterance BAC009S0914W0340, best cost 186.607 + -393.863 = -207.256 over 730 frames.
LOG (lattice-best-path[5.5]:main():lattice-best-path.cc:99) For utterance BAC009S0914W0341, best cost 122.106 + -289.004 = -166.898 over 518 frames.
LOG (lattice-best-path[5.5]:main():lattice-best-path.cc:99) For utterance BAC009S0914W0342, best cost 126.978 + -253.869 = -126.891 over 492 frames.
LOG (lattice-best-path[5.5]:main():lattice-best-path.cc:99) For utterance BAC009S0914W0343, best cost 85.5251 + -191.878 = -106.353 over 430 frames.
LOG (lattice-best-path[5.5]:main():lattice-best-path.cc:99) For utterance BAC009S0914W0344, best cost 103.581 + -219.207 = -115.626 over 483 frames.
LOG (lattice-best-path[5.5]:main():lattice-best-path.cc:99) For utterance BAC009S0914W0345, best cost 125.716 + -280.273 = -154.556 over 575 frames.
LOG (lattice-best-path[5.5]:main():lattice-best-path.cc:99) For utterance BAC009S0914W0346, best cost 125.764 + -284.455 = -158.692 over 571 frames.
LOG (lattice-best-path[5.5]:main():lattice-best-path.cc:99) For utterance BAC009S0914W0347, best cost 91.9639 + -225.972 = -134.008 over 480 frames.
LOG (lattice-best-path[5.5]:main():lattice-best-path.cc:99) For utterance BAC009S0914W0348, best cost 61.1583 + -154.572 = -93.4137 over 346 frames.
LOG (lattice-best-path[5.5]:main():lattice-best-path.cc:99) For utterance BAC009S0914W0349, best cost 76.1923 + -181.053 = -104.861 over 377 frames.
LOG (lattice-best-path[5.5]:main():lattice-best-path.cc:99) For utterance BAC009S0914W0350, best cost 96.7734 + -225.294 = -128.521 over 529 frames.
LOG (lattice-best-path[5.5]:main():lattice-best-path.cc:99) For utterance BAC009S0914W0351, best cost 136.731 + -325.003 = -188.273 over 741 frames.
LOG (lattice-best-path[5.5]:main():lattice-best-path.cc:99) For utterance BAC009S0914W0352, best cost 103.217 + -261.342 = -158.125 over 495 frames.
LOG (lattice-best-path[5.5]:main():lattice-best-path.cc:99) For utterance BAC009S0914W0353, best cost 134.595 + -302.308 = -167.713 over 631 frames.
LOG (lattice-best-path[5.5]:main():lattice-best-path.cc:99) For utterance BAC009S0914W0354, best cost 116.264 + -316.218 = -199.954 over 595 frames.
LOG (lattice-best-path[5.5]:main():lattice-best-path.cc:99) For utterance BAC009S0914W0355, best cost 106.219 + -258.824 = -152.605 over 524 frames.
LOG (lattice-best-path[5.5]:main():lattice-best-path.cc:99) For utterance BAC009S0914W0356, best cost 163.002 + -385.296 = -222.294 over 748 frames.
LOG (lattice-best-path[5.5]:main():lattice-best-path.cc:99) For utterance BAC009S0914W0357, best cost 115.625 + -269.637 = -154.012 over 565 frames.
LOG (lattice-best-path[5.5]:main():lattice-best-path.cc:99) For utterance BAC009S0914W0358, best cost 62.0359 + -181.945 = -119.91 over 398 frames.
LOG (lattice-best-path[5.5]:main():lattice-best-path.cc:99) For utterance BAC009S0914W0359, best cost 138.605 + -342.428 = -203.823 over 680 frames.
LOG (lattice-best-path[5.5]:main():lattice-best-path.cc:99) For utterance BAC009S0914W0360, best cost 111.48 + -299.321 = -187.84 over 540 frames.
LOG (lattice-best-path[5.5]:main():lattice-best-path.cc:99) For utterance BAC009S0914W0361, best cost 101.862 + -227.784 = -125.922 over 496 frames.
LOG (lattice-best-path[5.5]:main():lattice-best-path.cc:99) For utterance BAC009S0914W0362, best cost 89.066 + -221.278 = -132.212 over 457 frames.
LOG (lattice-best-path[5.5]:main():lattice-best-path.cc:99) For utterance BAC009S0914W0363, best cost 70.0106 + -208.167 = -138.157 over 425 frames.
LOG (lattice-best-path[5.5]:main():lattice-best-path.cc:99) For utterance BAC009S0914W0364, best cost 132.777 + -268.183 = -135.406 over 491 frames.
LOG (lattice-best-path[5.5]:main():lattice-best-path.cc:99) For utterance BAC009S0914W0365, best cost 117.986 + -312.754 = -194.768 over 603 frames.
LOG (lattice-best-path[5.5]:main():lattice-best-path.cc:99) For utterance BAC009S0914W0366, best cost 157.995 + -343.679 = -185.684 over 648 frames.
LOG (lattice-best-path[5.5]:main():lattice-best-path.cc:99) For utterance BAC009S0914W0367, best cost 119.016 + -272.074 = -153.059 over 524 frames.
LOG (lattice-best-path[5.5]:main():lattice-best-path.cc:99) For utterance BAC009S0914W0368, best cost 95.3294 + -219.102 = -123.773 over 453 frames.
LOG (lattice-best-path[5.5]:main():lattice-best-path.cc:99) For utterance BAC009S0914W0369, best cost 114.209 + -293.334 = -179.126 over 556 frames.
LOG (lattice-best-path[5.5]:main():lattice-best-path.cc:99) For utterance BAC009S0914W0370, best cost 151.418 + -321.698 = -170.279 over 642 frames.
LOG (lattice-best-path[5.5]:main():lattice-best-path.cc:99) For utterance BAC009S0914W0371, best cost 102.521 + -293.311 = -190.79 over 619 frames.
LOG (lattice-best-path[5.5]:main():lattice-best-path.cc:99) For utterance BAC009S0914W0372, best cost 114.835 + -262.703 = -147.868 over 457 frames.
LOG (lattice-best-path[5.5]:main():lattice-best-path.cc:99) For utterance BAC009S0914W0373, best cost 137.115 + -351.342 = -214.226 over 724 frames.
LOG (lattice-best-path[5.5]:main():lattice-best-path.cc:99) For utterance BAC009S0914W0374, best cost 129.344 + -280.046 = -150.702 over 560 frames.
LOG (lattice-best-path[5.5]:main():lattice-best-path.cc:99) For utterance BAC009S0914W0375, best cost 126.583 + -392.281 = -265.698 over 813 frames.
LOG (lattice-best-path[5.5]:main():lattice-best-path.cc:99) For utterance BAC009S0914W0376, best cost 135.375 + -344.995 = -209.621 over 808 frames.
LOG (lattice-best-path[5.5]:main():lattice-best-path.cc:99) For utterance BAC009S0914W0377, best cost 123.125 + -396.618 = -273.494 over 880 frames.
LOG (lattice-best-path[5.5]:main():lattice-best-path.cc:99) For utterance BAC009S0914W0378, best cost 81.3778 + -302.243 = -220.865 over 655 frames.
LOG (lattice-best-path[5.5]:main():lattice-best-path.cc:99) For utterance BAC009S0914W0379, best cost 80.8729 + -235.289 = -154.416 over 475 frames.
LOG (lattice-best-path[5.5]:main():lattice-best-path.cc:99) For utterance BAC009S0914W0380, best cost 93.6096 + -247.173 = -153.564 over 586 frames.
LOG (lattice-best-path[5.5]:main():lattice-best-path.cc:99) For utterance BAC009S0914W0381, best cost 85.3678 + -173.093 = -87.725 over 363 frames.
LOG (lattice-best-path[5.5]:main():lattice-best-path.cc:99) For utterance BAC009S0914W0382, best cost 98.3077 + -230.539 = -132.231 over 470 frames.
LOG (lattice-best-path[5.5]:main():lattice-best-path.cc:99) For utterance BAC009S0914W0383, best cost 86.9455 + -237.158 = -150.212 over 443 frames.
LOG (lattice-best-path[5.5]:main():lattice-best-path.cc:99) For utterance BAC009S0914W0385, best cost 58.034 + -201.64 = -143.606 over 430 frames.
LOG (lattice-best-path[5.5]:main():lattice-best-path.cc:99) For utterance BAC009S0914W0386, best cost 107.186 + -241.418 = -134.232 over 448 frames.
LOG (lattice-best-path[5.5]:main():lattice-best-path.cc:99) For utterance BAC009S0914W0387, best cost 174.714 + -410.296 = -235.582 over 833 frames.
LOG (lattice-best-path[5.5]:main():lattice-best-path.cc:99) For utterance BAC009S0914W0388, best cost 79.816 + -263.591 = -183.775 over 495 frames.
LOG (lattice-best-path[5.5]:main():lattice-best-path.cc:99) For utterance BAC009S0914W0389, best cost 139.242 + -269.633 = -130.391 over 620 frames.
LOG (lattice-best-path[5.5]:main():lattice-best-path.cc:99) For utterance BAC009S0914W0390, best cost 135.447 + -276.343 = -140.896 over 548 frames.
LOG (lattice-best-path[5.5]:main():lattice-best-path.cc:99) For utterance BAC009S0914W0391, best cost 125.678 + -268.112 = -142.434 over 548 frames.
LOG (lattice-best-path[5.5]:main():lattice-best-path.cc:99) For utterance BAC009S0914W0392, best cost 53.2071 + -134.083 = -80.8764 over 303 frames.
LOG (lattice-best-path[5.5]:main():lattice-best-path.cc:99) For utterance BAC009S0914W0393, best cost 94.7836 + -252.386 = -157.602 over 481 frames.
LOG (lattice-best-path[5.5]:main():lattice-best-path.cc:99) For utterance BAC009S0914W0394, best cost 67.0258 + -184.518 = -117.492 over 389 frames.
LOG (lattice-best-path[5.5]:main():lattice-best-path.cc:99) For utterance BAC009S0914W0395, best cost 144.073 + -323 = -178.927 over 624 frames.
LOG (lattice-best-path[5.5]:main():lattice-best-path.cc:99) For utterance BAC009S0914W0396, best cost 66.7121 + -166.753 = -100.041 over 355 frames.
LOG (lattice-best-path[5.5]:main():lattice-best-path.cc:99) For utterance BAC009S0914W0397, best cost 79.7268 + -175.212 = -95.4854 over 384 frames.
LOG (lattice-best-path[5.5]:main():lattice-best-path.cc:99) For utterance BAC009S0914W0398, best cost 79.1155 + -179.407 = -100.291 over 335 frames.
LOG (lattice-best-path[5.5]:main():lattice-best-path.cc:99) For utterance BAC009S0914W0399, best cost 108.089 + -266.88 = -158.79 over 511 frames.
LOG (lattice-best-path[5.5]:main():lattice-best-path.cc:99) For utterance BAC009S0914W0400, best cost 103.836 + -250.472 = -146.635 over 533 frames.
LOG (lattice-best-path[5.5]:main():lattice-best-path.cc:99) For utterance BAC009S0914W0401, best cost 68.2971 + -169.276 = -100.979 over 336 frames.
LOG (lattice-best-path[5.5]:main():lattice-best-path.cc:99) For utterance BAC009S0914W0402, best cost 89.3898 + -254.706 = -165.316 over 506 frames.
LOG (lattice-best-path[5.5]:main():lattice-best-path.cc:99) For utterance BAC009S0914W0403, best cost 85.7764 + -202.771 = -116.995 over 391 frames.
LOG (lattice-best-path[5.5]:main():lattice-best-path.cc:99) For utterance BAC009S0914W0404, best cost 81.2749 + -242.466 = -161.191 over 547 frames.
LOG (lattice-best-path[5.5]:main():lattice-best-path.cc:99) For utterance BAC009S0914W0405, best cost 84.7948 + -194.929 = -110.134 over 402 frames.
LOG (lattice-best-path[5.5]:main():lattice-best-path.cc:99) For utterance BAC009S0914W0406, best cost 68.5308 + -207.082 = -138.551 over 426 frames.
LOG (lattice-best-path[5.5]:main():lattice-best-path.cc:99) For utterance BAC009S0914W0407, best cost 126.75 + -329.199 = -202.449 over 659 frames.
LOG (lattice-best-path[5.5]:main():lattice-best-path.cc:99) For utterance BAC009S0914W0408, best cost 52.3484 + -124.364 = -72.0158 over 274 frames.
LOG (lattice-best-path[5.5]:main():lattice-best-path.cc:99) For utterance BAC009S0914W0409, best cost 41.0192 + -105.536 = -64.5164 over 269 frames.
LOG (lattice-best-path[5.5]:main():lattice-best-path.cc:99) For utterance BAC009S0914W0410, best cost 53.2281 + -124.918 = -71.6898 over 288 frames.
LOG (lattice-best-path[5.5]:main():lattice-best-path.cc:99) For utterance BAC009S0914W0411, best cost 148.555 + -321.615 = -173.06 over 688 frames.
LOG (lattice-best-path[5.5]:main():lattice-best-path.cc:99) For utterance BAC009S0914W0412, best cost 127.098 + -295.954 = -168.856 over 671 frames.
LOG (lattice-best-path[5.5]:main():lattice-best-path.cc:99) For utterance BAC009S0914W0413, best cost 35.0053 + -158.371 = -123.366 over 297 frames.
LOG (lattice-best-path[5.5]:main():lattice-best-path.cc:99) For utterance BAC009S0914W0414, best cost 73.3535 + -186.575 = -113.222 over 381 frames.
LOG (lattice-best-path[5.5]:main():lattice-best-path.cc:99) For utterance BAC009S0914W0415, best cost 66.4909 + -152.383 = -85.8917 over 320 frames.
LOG (lattice-best-path[5.5]:main():lattice-best-path.cc:99) For utterance BAC009S0914W0416, best cost 78.2068 + -139.478 = -61.2715 over 310 frames.
LOG (lattice-best-path[5.5]:main():lattice-best-path.cc:99) For utterance BAC009S0914W0417, best cost 52.6 + -131.956 = -79.3558 over 265 frames.
LOG (lattice-best-path[5.5]:main():lattice-best-path.cc:99) For utterance BAC009S0914W0418, best cost 54.752 + -155.382 = -100.629 over 341 frames.
LOG (lattice-best-path[5.5]:main():lattice-best-path.cc:99) For utterance BAC009S0914W0419, best cost 68.1301 + -154.34 = -86.2098 over 307 frames.
LOG (lattice-best-path[5.5]:main():lattice-best-path.cc:99) For utterance BAC009S0914W0420, best cost 85.7168 + -188.656 = -102.939 over 380 frames.
LOG (lattice-best-path[5.5]:main():lattice-best-path.cc:99) For utterance BAC009S0914W0421, best cost 57.9552 + -130.229 = -72.2738 over 280 frames.
LOG (lattice-best-path[5.5]:main():lattice-best-path.cc:99) For utterance BAC009S0914W0422, best cost 49.206 + -134.244 = -85.0378 over 298 frames.
LOG (lattice-best-path[5.5]:main():lattice-best-path.cc:99) For utterance BAC009S0914W0423, best cost 71.7473 + -181.574 = -109.827 over 403 frames.
LOG (lattice-best-path[5.5]:main():lattice-best-path.cc:99) For utterance BAC009S0914W0424, best cost 153.824 + -446.184 = -292.36 over 858 frames.
LOG (lattice-best-path[5.5]:main():lattice-best-path.cc:99) For utterance BAC009S0914W0425, best cost 127.443 + -288.122 = -160.679 over 583 frames.
LOG (lattice-best-path[5.5]:main():lattice-best-path.cc:99) For utterance BAC009S0914W0426, best cost 82.248 + -218.543 = -136.295 over 428 frames.
LOG (lattice-best-path[5.5]:main():lattice-best-path.cc:99) For utterance BAC009S0914W0427, best cost 135.814 + -319.374 = -183.56 over 706 frames.
LOG (lattice-best-path[5.5]:main():lattice-best-path.cc:99) For utterance BAC009S0914W0428, best cost 110.527 + -251.357 = -140.83 over 552 frames.
LOG (lattice-best-path[5.5]:main():lattice-best-path.cc:99) For utterance BAC009S0914W0429, best cost 69.1575 + -157.816 = -88.6589 over 303 frames.
LOG (lattice-best-path[5.5]:main():lattice-best-path.cc:99) For utterance BAC009S0914W0430, best cost 53.8163 + -131.181 = -77.3646 over 264 frames.
LOG (lattice-best-path[5.5]:main():lattice-best-path.cc:99) For utterance BAC009S0914W0431, best cost 83.1937 + -227.867 = -144.674 over 460 frames.
LOG (lattice-best-path[5.5]:main():lattice-best-path.cc:99) For utterance BAC009S0914W0432, best cost 61.3707 + -162.309 = -100.939 over 332 frames.
LOG (lattice-best-path[5.5]:main():lattice-best-path.cc:99) For utterance BAC009S0914W0433, best cost 164.575 + -411.053 = -246.478 over 833 frames.
LOG (lattice-best-path[5.5]:main():lattice-best-path.cc:99) For utterance BAC009S0914W0434, best cost 67.5104 + -206.771 = -139.261 over 421 frames.
LOG (lattice-best-path[5.5]:main():lattice-best-path.cc:99) For utterance BAC009S0914W0435, best cost 117.196 + -268.503 = -151.307 over 486 frames.
LOG (lattice-best-path[5.5]:main():lattice-best-path.cc:99) For utterance BAC009S0914W0436, best cost 189.368 + -429.692 = -240.324 over 942 frames.
LOG (lattice-best-path[5.5]:main():lattice-best-path.cc:99) For utterance BAC009S0914W0437, best cost 170.066 + -455.968 = -285.902 over 1012 frames.
LOG (lattice-best-path[5.5]:main():lattice-best-path.cc:99) For utterance BAC009S0914W0438, best cost 66.6209 + -286.359 = -219.738 over 598 frames.
LOG (lattice-best-path[5.5]:main():lattice-best-path.cc:99) For utterance BAC009S0914W0439, best cost 83.4686 + -194.353 = -110.884 over 382 frames.
LOG (lattice-best-path[5.5]:main():lattice-best-path.cc:99) For utterance BAC009S0914W0440, best cost 100.432 + -244.5 = -144.067 over 541 frames.
LOG (lattice-best-path[5.5]:main():lattice-best-path.cc:99) For utterance BAC009S0914W0441, best cost 71.5973 + -163.042 = -91.4452 over 350 frames.
LOG (lattice-best-path[5.5]:main():lattice-best-path.cc:99) For utterance BAC009S0914W0442, best cost 84.5373 + -213.931 = -129.393 over 414 frames.
LOG (lattice-best-path[5.5]:main():lattice-best-path.cc:99) For utterance BAC009S0914W0443, best cost 78.6774 + -257.828 = -179.151 over 512 frames.
LOG (lattice-best-path[5.5]:main():lattice-best-path.cc:99) For utterance BAC009S0914W0444, best cost 73.0798 + -191.93 = -118.85 over 427 frames.
LOG (lattice-best-path[5.5]:main():lattice-best-path.cc:99) For utterance BAC009S0914W0445, best cost 98.7858 + -244.95 = -146.164 over 512 frames.
LOG (lattice-best-path[5.5]:main():lattice-best-path.cc:99) For utterance BAC009S0914W0446, best cost 74.7068 + -175.397 = -100.691 over 358 frames.
LOG (lattice-best-path[5.5]:main():lattice-best-path.cc:99) For utterance BAC009S0914W0447, best cost 169.476 + -486.224 = -316.748 over 1119 frames.
LOG (lattice-best-path[5.5]:main():lattice-best-path.cc:99) For utterance BAC009S0914W0448, best cost 94.3792 + -193.402 = -99.0229 over 378 frames.
LOG (lattice-best-path[5.5]:main():lattice-best-path.cc:99) For utterance BAC009S0914W0449, best cost 94.8163 + -194.926 = -100.11 over 416 frames.
LOG (lattice-best-path[5.5]:main():lattice-best-path.cc:99) For utterance BAC009S0914W0450, best cost 121.668 + -311.929 = -190.261 over 648 frames.
LOG (lattice-best-path[5.5]:main():lattice-best-path.cc:99) For utterance BAC009S0914W0451, best cost 68.6329 + -151.682 = -83.0494 over 337 frames.
LOG (lattice-best-path[5.5]:main():lattice-best-path.cc:99) For utterance BAC009S0914W0452, best cost 88.5446 + -195.177 = -106.632 over 405 frames.
LOG (lattice-best-path[5.5]:main():lattice-best-path.cc:99) For utterance BAC009S0914W0453, best cost 108.838 + -240.199 = -131.361 over 478 frames.
LOG (lattice-best-path[5.5]:main():lattice-best-path.cc:99) For utterance BAC009S0914W0454, best cost 65.0237 + -217.041 = -152.017 over 472 frames.
LOG (lattice-best-path[5.5]:main():lattice-best-path.cc:99) For utterance BAC009S0914W0455, best cost 67.5809 + -236.148 = -168.567 over 488 frames.
LOG (lattice-best-path[5.5]:main():lattice-best-path.cc:99) For utterance BAC009S0914W0456, best cost 151.039 + -427.82 = -276.78 over 888 frames.
LOG (lattice-best-path[5.5]:main():lattice-best-path.cc:99) For utterance BAC009S0914W0457, best cost 86.6956 + -182.591 = -95.8951 over 364 frames.
LOG (lattice-best-path[5.5]:main():lattice-best-path.cc:99) For utterance BAC009S0914W0458, best cost 137.359 + -342.986 = -205.627 over 701 frames.
LOG (lattice-best-path[5.5]:main():lattice-best-path.cc:99) For utterance BAC009S0914W0459, best cost 161.307 + -422.428 = -261.121 over 848 frames.
LOG (lattice-best-path[5.5]:main():lattice-best-path.cc:99) For utterance BAC009S0914W0460, best cost 86.59 + -277.513 = -190.923 over 652 frames.
LOG (lattice-best-path[5.5]:main():lattice-best-path.cc:99) For utterance BAC009S0914W0461, best cost 149.057 + -352.605 = -203.548 over 722 frames.
LOG (lattice-best-path[5.5]:main():lattice-best-path.cc:99) For utterance BAC009S0914W0462, best cost 191.905 + -411.019 = -219.114 over 835 frames.
LOG (lattice-best-path[5.5]:main():lattice-best-path.cc:99) For utterance BAC009S0914W0463, best cost 116.432 + -342.78 = -226.347 over 667 frames.
LOG (lattice-best-path[5.5]:main():lattice-best-path.cc:99) For utterance BAC009S0914W0464, best cost 108.322 + -261.264 = -152.942 over 526 frames.
LOG (lattice-best-path[5.5]:main():lattice-best-path.cc:99) For utterance BAC009S0914W0465, best cost 120.919 + -271.528 = -150.609 over 574 frames.
LOG (lattice-best-path[5.5]:main():lattice-best-path.cc:99) For utterance BAC009S0914W0466, best cost 170.423 + -417.343 = -246.919 over 920 frames.
LOG (lattice-best-path[5.5]:main():lattice-best-path.cc:99) For utterance BAC009S0914W0467, best cost 73.0201 + -177.003 = -103.982 over 342 frames.
LOG (lattice-best-path[5.5]:main():lattice-best-path.cc:99) For utterance BAC009S0914W0468, best cost 73.148 + -153.016 = -79.8682 over 340 frames.
LOG (lattice-best-path[5.5]:main():lattice-best-path.cc:99) For utterance BAC009S0914W0469, best cost 107.736 + -256.49 = -148.754 over 465 frames.
LOG (lattice-best-path[5.5]:main():lattice-best-path.cc:99) For utterance BAC009S0914W0470, best cost 97.3224 + -260.341 = -163.018 over 475 frames.
LOG (lattice-best-path[5.5]:main():lattice-best-path.cc:99) For utterance BAC009S0914W0471, best cost 167.264 + -346.087 = -178.824 over 673 frames.
LOG (lattice-best-path[5.5]:main():lattice-best-path.cc:99) For utterance BAC009S0914W0472, best cost 102.271 + -300.319 = -198.047 over 548 frames.
LOG (lattice-best-path[5.5]:main():lattice-best-path.cc:99) For utterance BAC009S0914W0473, best cost 184.409 + -428.15 = -243.742 over 776 frames.
LOG (lattice-best-path[5.5]:main():lattice-best-path.cc:99) For utterance BAC009S0914W0474, best cost 117.084 + -342.268 = -225.184 over 636 frames.
LOG (lattice-best-path[5.5]:main():lattice-best-path.cc:99) For utterance BAC009S0914W0475, best cost 100.359 + -249.638 = -149.279 over 486 frames.
LOG (lattice-best-path[5.5]:main():lattice-best-path.cc:99) For utterance BAC009S0914W0476, best cost 112.976 + -239.294 = -126.318 over 454 frames.
LOG (lattice-best-path[5.5]:main():lattice-best-path.cc:99) For utterance BAC009S0914W0477, best cost 122.124 + -307.111 = -184.987 over 578 frames.
LOG (lattice-best-path[5.5]:main():lattice-best-path.cc:99) For utterance BAC009S0914W0478, best cost 116.943 + -282.686 = -165.743 over 560 frames.
LOG (lattice-best-path[5.5]:main():lattice-best-path.cc:99) For utterance BAC009S0914W0479, best cost 179.666 + -387.186 = -207.52 over 765 frames.
LOG (lattice-best-path[5.5]:main():lattice-best-path.cc:99) For utterance BAC009S0914W0480, best cost 102.18 + -228.328 = -126.149 over 525 frames.
LOG (lattice-best-path[5.5]:main():lattice-best-path.cc:99) For utterance BAC009S0914W0481, best cost 160.838 + -352.976 = -192.137 over 690 frames.
LOG (lattice-best-path[5.5]:main():lattice-best-path.cc:99) For utterance BAC009S0914W0482, best cost 84.8728 + -206.684 = -121.812 over 429 frames.
LOG (lattice-best-path[5.5]:main():lattice-best-path.cc:99) For utterance BAC009S0914W0483, best cost 177.548 + -388.888 = -211.339 over 781 frames.
LOG (lattice-best-path[5.5]:main():lattice-best-path.cc:99) For utterance BAC009S0914W0484, best cost 108.46 + -232.368 = -123.908 over 463 frames.
LOG (lattice-best-path[5.5]:main():lattice-best-path.cc:99) For utterance BAC009S0914W0485, best cost 68.1148 + -145.049 = -76.9344 over 328 frames.
LOG (lattice-best-path[5.5]:main():lattice-best-path.cc:99) For utterance BAC009S0914W0486, best cost 123.873 + -240.117 = -116.243 over 515 frames.
LOG (lattice-best-path[5.5]:main():lattice-best-path.cc:99) For utterance BAC009S0914W0487, best cost 76.314 + -169.422 = -93.1078 over 372 frames.
LOG (lattice-best-path[5.5]:main():lattice-best-path.cc:99) For utterance BAC009S0914W0488, best cost 165.408 + -383.473 = -218.066 over 798 frames.
LOG (lattice-best-path[5.5]:main():lattice-best-path.cc:99) For utterance BAC009S0914W0489, best cost 75.8883 + -193.202 = -117.314 over 448 frames.
LOG (lattice-best-path[5.5]:main():lattice-best-path.cc:99) For utterance BAC009S0914W0490, best cost 82.5009 + -220.998 = -138.498 over 465 frames.
LOG (lattice-best-path[5.5]:main():lattice-best-path.cc:99) For utterance BAC009S0914W0491, best cost 102.822 + -234.46 = -131.639 over 478 frames.
LOG (lattice-best-path[5.5]:main():lattice-best-path.cc:99) For utterance BAC009S0914W0492, best cost 66.0687 + -156.318 = -90.2494 over 335 frames.
LOG (lattice-best-path[5.5]:main():lattice-best-path.cc:99) For utterance BAC009S0914W0493, best cost 115.612 + -275.754 = -160.142 over 574 frames.
LOG (lattice-best-path[5.5]:main():lattice-best-path.cc:99) For utterance BAC009S0914W0494, best cost 128.005 + -279.066 = -151.061 over 621 frames.
LOG (lattice-depth-per-frame[5.5]:main():lattice-depth-per-frame.cc:82) Done 361 lattices.
LOG (lattice-best-path[5.5]:main():lattice-best-path.cc:99) For utterance BAC009S0914W0495, best cost 186.163 + -457.95 = -271.787 over 1025 frames.
LOG (lattice-best-path[5.5]:main():lattice-best-path.cc:124) Overall cost per frame is -0.318425 = 0.181297 [graph] + -0.499722 [acoustic] over 200511 frames.
LOG (lattice-best-path[5.5]:main():lattice-best-path.cc:128) Done 361 lattices, failed for 0
# Accounting: time=3 threads=1
# Ended (code 0) at Sat Jun 18 23:01:58 CST 2022, elapsed time 3 seconds
