# lattice-depth-per-frame "ark:gunzip -c exp/nnet3/new_dnn_sp/decode_test/lat.6.gz|" "ark,t:|gzip -c > exp/nnet3/new_dnn_sp/decode_test/depth_tmp.6.gz" ark:- | lattice-best-path --acoustic-scale=0.1 ark:- ark:/dev/null "ark,t:|gzip -c >exp/nnet3/new_dnn_sp/decode_test/ali_tmp.6.gz" 
# Started at Sat Jun 18 23:01:50 CST 2022
#
lattice-depth-per-frame 'ark:gunzip -c exp/nnet3/new_dnn_sp/decode_test/lat.6.gz|' 'ark,t:|gzip -c > exp/nnet3/new_dnn_sp/decode_test/depth_tmp.6.gz' ark:- 
lattice-best-path --acoustic-scale=0.1 ark:- ark:/dev/null 'ark,t:|gzip -c >exp/nnet3/new_dnn_sp/decode_test/ali_tmp.6.gz' 
LOG (lattice-best-path[5.5]:main():lattice-best-path.cc:99) For utterance BAC009S0769W0121, best cost 142.871 + -408.44 = -265.569 over 654 frames.
LOG (lattice-best-path[5.5]:main():lattice-best-path.cc:99) For utterance BAC009S0769W0122, best cost 82.874 + -318.846 = -235.972 over 500 frames.
LOG (lattice-best-path[5.5]:main():lattice-best-path.cc:99) For utterance BAC009S0769W0123, best cost 99.6247 + -244.371 = -144.746 over 412 frames.
LOG (lattice-best-path[5.5]:main():lattice-best-path.cc:99) For utterance BAC009S0769W0124, best cost 103.859 + -260.923 = -157.064 over 465 frames.
LOG (lattice-best-path[5.5]:main():lattice-best-path.cc:99) For utterance BAC009S0769W0125, best cost 51.7261 + -226.727 = -175.001 over 389 frames.
LOG (lattice-best-path[5.5]:main():lattice-best-path.cc:99) For utterance BAC009S0769W0126, best cost 86.5532 + -270.752 = -184.199 over 428 frames.
LOG (lattice-best-path[5.5]:main():lattice-best-path.cc:99) For utterance BAC009S0769W0127, best cost 121.171 + -371.649 = -250.477 over 657 frames.
LOG (lattice-best-path[5.5]:main():lattice-best-path.cc:99) For utterance BAC009S0769W0128, best cost 87.8181 + -352.181 = -264.363 over 554 frames.
LOG (lattice-best-path[5.5]:main():lattice-best-path.cc:99) For utterance BAC009S0769W0129, best cost 48.9611 + -194.717 = -145.756 over 344 frames.
LOG (lattice-best-path[5.5]:main():lattice-best-path.cc:99) For utterance BAC009S0769W0130, best cost 105.373 + -399.369 = -293.996 over 626 frames.
LOG (lattice-best-path[5.5]:main():lattice-best-path.cc:99) For utterance BAC009S0769W0131, best cost 80.9436 + -263.427 = -182.483 over 429 frames.
LOG (lattice-best-path[5.5]:main():lattice-best-path.cc:99) For utterance BAC009S0769W0132, best cost 105.592 + -334.141 = -228.55 over 567 frames.
LOG (lattice-best-path[5.5]:main():lattice-best-path.cc:99) For utterance BAC009S0769W0133, best cost 105.179 + -343.369 = -238.189 over 555 frames.
LOG (lattice-best-path[5.5]:main():lattice-best-path.cc:99) For utterance BAC009S0769W0134, best cost 140.321 + -416.764 = -276.443 over 682 frames.
LOG (lattice-best-path[5.5]:main():lattice-best-path.cc:99) For utterance BAC009S0769W0135, best cost 79.8827 + -261.725 = -181.842 over 425 frames.
LOG (lattice-best-path[5.5]:main():lattice-best-path.cc:99) For utterance BAC009S0769W0136, best cost 83.8838 + -267.49 = -183.606 over 434 frames.
LOG (lattice-best-path[5.5]:main():lattice-best-path.cc:99) For utterance BAC009S0769W0137, best cost 92.3668 + -333.172 = -240.805 over 548 frames.
LOG (lattice-best-path[5.5]:main():lattice-best-path.cc:99) For utterance BAC009S0769W0138, best cost 83.9082 + -253.06 = -169.152 over 453 frames.
LOG (lattice-best-path[5.5]:main():lattice-best-path.cc:99) For utterance BAC009S0769W0139, best cost 51.4828 + -167.608 = -116.125 over 324 frames.
LOG (lattice-best-path[5.5]:main():lattice-best-path.cc:99) For utterance BAC009S0769W0140, best cost 103.453 + -341.945 = -238.492 over 547 frames.
LOG (lattice-best-path[5.5]:main():lattice-best-path.cc:99) For utterance BAC009S0769W0141, best cost 70.5801 + -275.5 = -204.92 over 443 frames.
LOG (lattice-best-path[5.5]:main():lattice-best-path.cc:99) For utterance BAC009S0769W0142, best cost 80.1775 + -271.302 = -191.124 over 445 frames.
LOG (lattice-best-path[5.5]:main():lattice-best-path.cc:99) For utterance BAC009S0769W0143, best cost 73.0625 + -229.23 = -156.167 over 394 frames.
LOG (lattice-best-path[5.5]:main():lattice-best-path.cc:99) For utterance BAC009S0769W0144, best cost 102.745 + -302.857 = -200.112 over 519 frames.
LOG (lattice-best-path[5.5]:main():lattice-best-path.cc:99) For utterance BAC009S0769W0145, best cost 82.3904 + -317.817 = -235.427 over 501 frames.
LOG (lattice-best-path[5.5]:main():lattice-best-path.cc:99) For utterance BAC009S0769W0146, best cost 75.0877 + -279.807 = -204.72 over 469 frames.
LOG (lattice-best-path[5.5]:main():lattice-best-path.cc:99) For utterance BAC009S0769W0147, best cost 84.2701 + -289.241 = -204.971 over 515 frames.
LOG (lattice-best-path[5.5]:main():lattice-best-path.cc:99) For utterance BAC009S0769W0148, best cost 60.886 + -208.665 = -147.779 over 360 frames.
LOG (lattice-best-path[5.5]:main():lattice-best-path.cc:99) For utterance BAC009S0769W0149, best cost 82.7807 + -268.08 = -185.299 over 442 frames.
LOG (lattice-best-path[5.5]:main():lattice-best-path.cc:99) For utterance BAC009S0769W0150, best cost 123.143 + -409.993 = -286.85 over 657 frames.
LOG (lattice-best-path[5.5]:main():lattice-best-path.cc:99) For utterance BAC009S0769W0151, best cost 75.5675 + -295.077 = -219.51 over 481 frames.
LOG (lattice-best-path[5.5]:main():lattice-best-path.cc:99) For utterance BAC009S0769W0152, best cost 97.579 + -269.433 = -171.854 over 459 frames.
LOG (lattice-best-path[5.5]:main():lattice-best-path.cc:99) For utterance BAC009S0769W0153, best cost 121.537 + -418.977 = -297.439 over 675 frames.
LOG (lattice-best-path[5.5]:main():lattice-best-path.cc:99) For utterance BAC009S0769W0154, best cost 74.3081 + -222.373 = -148.065 over 385 frames.
LOG (lattice-best-path[5.5]:main():lattice-best-path.cc:99) For utterance BAC009S0769W0155, best cost 70.6658 + -199.332 = -128.666 over 357 frames.
LOG (lattice-best-path[5.5]:main():lattice-best-path.cc:99) For utterance BAC009S0769W0156, best cost 104.044 + -326.188 = -222.144 over 535 frames.
LOG (lattice-best-path[5.5]:main():lattice-best-path.cc:99) For utterance BAC009S0769W0157, best cost 102.583 + -380.654 = -278.071 over 611 frames.
LOG (lattice-best-path[5.5]:main():lattice-best-path.cc:99) For utterance BAC009S0769W0158, best cost 82.8367 + -266.04 = -183.203 over 431 frames.
LOG (lattice-best-path[5.5]:main():lattice-best-path.cc:99) For utterance BAC009S0769W0159, best cost 76.3607 + -277.716 = -201.355 over 454 frames.
LOG (lattice-best-path[5.5]:main():lattice-best-path.cc:99) For utterance BAC009S0769W0160, best cost 85.0632 + -315.815 = -230.751 over 519 frames.
LOG (lattice-best-path[5.5]:main():lattice-best-path.cc:99) For utterance BAC009S0769W0161, best cost 109.404 + -359.703 = -250.299 over 556 frames.
LOG (lattice-best-path[5.5]:main():lattice-best-path.cc:99) For utterance BAC009S0769W0162, best cost 64.6025 + -222.137 = -157.534 over 373 frames.
LOG (lattice-best-path[5.5]:main():lattice-best-path.cc:99) For utterance BAC009S0769W0163, best cost 28.3828 + -214.758 = -186.375 over 360 frames.
LOG (lattice-best-path[5.5]:main():lattice-best-path.cc:99) For utterance BAC009S0769W0164, best cost 44.802 + -194.21 = -149.408 over 337 frames.
LOG (lattice-best-path[5.5]:main():lattice-best-path.cc:99) For utterance BAC009S0769W0165, best cost 68.0939 + -207.198 = -139.104 over 357 frames.
LOG (lattice-best-path[5.5]:main():lattice-best-path.cc:99) For utterance BAC009S0769W0166, best cost 48.1649 + -214.247 = -166.082 over 351 frames.
LOG (lattice-best-path[5.5]:main():lattice-best-path.cc:99) For utterance BAC009S0769W0167, best cost 83.4974 + -333.799 = -250.301 over 579 frames.
LOG (lattice-best-path[5.5]:main():lattice-best-path.cc:99) For utterance BAC009S0769W0168, best cost 71.8315 + -215.547 = -143.716 over 374 frames.
LOG (lattice-best-path[5.5]:main():lattice-best-path.cc:99) For utterance BAC009S0769W0169, best cost 79.4414 + -277.684 = -198.242 over 451 frames.
LOG (lattice-best-path[5.5]:main():lattice-best-path.cc:99) For utterance BAC009S0769W0170, best cost 50.0578 + -159.077 = -109.019 over 304 frames.
LOG (lattice-best-path[5.5]:main():lattice-best-path.cc:99) For utterance BAC009S0769W0171, best cost 78.964 + -302.081 = -223.117 over 514 frames.
LOG (lattice-best-path[5.5]:main():lattice-best-path.cc:99) For utterance BAC009S0769W0172, best cost 66.4246 + -253.863 = -187.438 over 445 frames.
LOG (lattice-best-path[5.5]:main():lattice-best-path.cc:99) For utterance BAC009S0769W0173, best cost 100.608 + -363.412 = -262.804 over 583 frames.
LOG (lattice-best-path[5.5]:main():lattice-best-path.cc:99) For utterance BAC009S0769W0174, best cost 114.909 + -402.787 = -287.878 over 663 frames.
LOG (lattice-best-path[5.5]:main():lattice-best-path.cc:99) For utterance BAC009S0769W0175, best cost 74.7947 + -221.616 = -146.822 over 367 frames.
LOG (lattice-best-path[5.5]:main():lattice-best-path.cc:99) For utterance BAC009S0769W0176, best cost 67.4987 + -234.673 = -167.175 over 392 frames.
LOG (lattice-best-path[5.5]:main():lattice-best-path.cc:99) For utterance BAC009S0769W0177, best cost 124.514 + -351.275 = -226.761 over 570 frames.
LOG (lattice-best-path[5.5]:main():lattice-best-path.cc:99) For utterance BAC009S0769W0178, best cost 61.9296 + -169.861 = -107.931 over 285 frames.
LOG (lattice-best-path[5.5]:main():lattice-best-path.cc:99) For utterance BAC009S0769W0179, best cost 78.552 + -236.966 = -158.414 over 416 frames.
LOG (lattice-best-path[5.5]:main():lattice-best-path.cc:99) For utterance BAC009S0769W0180, best cost 69.8129 + -196.834 = -127.021 over 364 frames.
LOG (lattice-best-path[5.5]:main():lattice-best-path.cc:99) For utterance BAC009S0769W0181, best cost 88.7823 + -298.869 = -210.087 over 484 frames.
LOG (lattice-best-path[5.5]:main():lattice-best-path.cc:99) For utterance BAC009S0769W0182, best cost 93.3876 + -319.449 = -226.061 over 514 frames.
LOG (lattice-best-path[5.5]:main():lattice-best-path.cc:99) For utterance BAC009S0769W0183, best cost 71.727 + -291.13 = -219.403 over 467 frames.
LOG (lattice-best-path[5.5]:main():lattice-best-path.cc:99) For utterance BAC009S0769W0184, best cost 57.5833 + -252.079 = -194.496 over 441 frames.
LOG (lattice-best-path[5.5]:main():lattice-best-path.cc:99) For utterance BAC009S0769W0185, best cost 76.6147 + -355.589 = -278.974 over 618 frames.
LOG (lattice-best-path[5.5]:main():lattice-best-path.cc:99) For utterance BAC009S0769W0186, best cost 80.5528 + -363.674 = -283.121 over 589 frames.
LOG (lattice-best-path[5.5]:main():lattice-best-path.cc:99) For utterance BAC009S0769W0187, best cost 130.74 + -379.296 = -248.556 over 686 frames.
LOG (lattice-best-path[5.5]:main():lattice-best-path.cc:99) For utterance BAC009S0769W0188, best cost 129.177 + -406.152 = -276.975 over 654 frames.
LOG (lattice-best-path[5.5]:main():lattice-best-path.cc:99) For utterance BAC009S0769W0189, best cost 73.0575 + -253.303 = -180.246 over 413 frames.
LOG (lattice-best-path[5.5]:main():lattice-best-path.cc:99) For utterance BAC009S0769W0190, best cost 131.013 + -498.339 = -367.326 over 840 frames.
LOG (lattice-best-path[5.5]:main():lattice-best-path.cc:99) For utterance BAC009S0769W0191, best cost 72.4623 + -245.053 = -172.591 over 427 frames.
LOG (lattice-best-path[5.5]:main():lattice-best-path.cc:99) For utterance BAC009S0769W0192, best cost 144.008 + -421.136 = -277.127 over 664 frames.
LOG (lattice-best-path[5.5]:main():lattice-best-path.cc:99) For utterance BAC009S0769W0193, best cost 114.915 + -370.415 = -255.5 over 638 frames.
LOG (lattice-best-path[5.5]:main():lattice-best-path.cc:99) For utterance BAC009S0769W0194, best cost 59.9048 + -186.531 = -126.627 over 350 frames.
LOG (lattice-best-path[5.5]:main():lattice-best-path.cc:99) For utterance BAC009S0769W0195, best cost 78.6312 + -263.698 = -185.066 over 481 frames.
LOG (lattice-best-path[5.5]:main():lattice-best-path.cc:99) For utterance BAC009S0769W0196, best cost 93.483 + -311.765 = -218.282 over 524 frames.
LOG (lattice-best-path[5.5]:main():lattice-best-path.cc:99) For utterance BAC009S0769W0197, best cost 134.659 + -391.967 = -257.309 over 627 frames.
LOG (lattice-best-path[5.5]:main():lattice-best-path.cc:99) For utterance BAC009S0769W0198, best cost 69.3524 + -192.944 = -123.592 over 331 frames.
LOG (lattice-best-path[5.5]:main():lattice-best-path.cc:99) For utterance BAC009S0769W0199, best cost 54.7007 + -163.072 = -108.371 over 297 frames.
LOG (lattice-best-path[5.5]:main():lattice-best-path.cc:99) For utterance BAC009S0769W0200, best cost 57.0462 + -173.171 = -116.125 over 328 frames.
LOG (lattice-best-path[5.5]:main():lattice-best-path.cc:99) For utterance BAC009S0769W0201, best cost 97.3338 + -321.402 = -224.068 over 533 frames.
LOG (lattice-best-path[5.5]:main():lattice-best-path.cc:99) For utterance BAC009S0769W0202, best cost 85.9654 + -276.616 = -190.651 over 514 frames.
LOG (lattice-best-path[5.5]:main():lattice-best-path.cc:99) For utterance BAC009S0769W0203, best cost 85.1706 + -227.392 = -142.222 over 413 frames.
LOG (lattice-best-path[5.5]:main():lattice-best-path.cc:99) For utterance BAC009S0769W0204, best cost 108.08 + -340.062 = -231.982 over 563 frames.
LOG (lattice-best-path[5.5]:main():lattice-best-path.cc:99) For utterance BAC009S0769W0205, best cost 93.5359 + -298.167 = -204.631 over 501 frames.
LOG (lattice-best-path[5.5]:main():lattice-best-path.cc:99) For utterance BAC009S0769W0206, best cost 102.976 + -382.239 = -279.263 over 597 frames.
LOG (lattice-best-path[5.5]:main():lattice-best-path.cc:99) For utterance BAC009S0769W0207, best cost 70.1893 + -257.151 = -186.962 over 437 frames.
LOG (lattice-best-path[5.5]:main():lattice-best-path.cc:99) For utterance BAC009S0769W0208, best cost 114.371 + -326.22 = -211.849 over 555 frames.
LOG (lattice-best-path[5.5]:main():lattice-best-path.cc:99) For utterance BAC009S0769W0209, best cost 106.481 + -386.604 = -280.123 over 612 frames.
LOG (lattice-best-path[5.5]:main():lattice-best-path.cc:99) For utterance BAC009S0769W0210, best cost 111.371 + -351.783 = -240.412 over 586 frames.
LOG (lattice-best-path[5.5]:main():lattice-best-path.cc:99) For utterance BAC009S0769W0211, best cost 86.0407 + -241.036 = -154.995 over 421 frames.
LOG (lattice-best-path[5.5]:main():lattice-best-path.cc:99) For utterance BAC009S0769W0212, best cost 42.746 + -183.944 = -141.198 over 319 frames.
LOG (lattice-best-path[5.5]:main():lattice-best-path.cc:99) For utterance BAC009S0769W0213, best cost 88.7939 + -260.244 = -171.45 over 439 frames.
LOG (lattice-best-path[5.5]:main():lattice-best-path.cc:99) For utterance BAC009S0769W0214, best cost 93.455 + -249.12 = -155.665 over 420 frames.
LOG (lattice-best-path[5.5]:main():lattice-best-path.cc:99) For utterance BAC009S0769W0215, best cost 50.4719 + -189.34 = -138.868 over 383 frames.
LOG (lattice-best-path[5.5]:main():lattice-best-path.cc:99) For utterance BAC009S0769W0216, best cost 61.9597 + -191.925 = -129.965 over 348 frames.
LOG (lattice-best-path[5.5]:main():lattice-best-path.cc:99) For utterance BAC009S0769W0217, best cost 72.9101 + -187.606 = -114.696 over 333 frames.
LOG (lattice-best-path[5.5]:main():lattice-best-path.cc:99) For utterance BAC009S0769W0218, best cost 58.5656 + -169.996 = -111.43 over 302 frames.
LOG (lattice-best-path[5.5]:main():lattice-best-path.cc:99) For utterance BAC009S0769W0219, best cost 61.5965 + -256.104 = -194.508 over 429 frames.
LOG (lattice-best-path[5.5]:main():lattice-best-path.cc:99) For utterance BAC009S0769W0220, best cost 111.558 + -328.347 = -216.789 over 532 frames.
LOG (lattice-best-path[5.5]:main():lattice-best-path.cc:99) For utterance BAC009S0769W0221, best cost 62.9168 + -217.098 = -154.181 over 356 frames.
LOG (lattice-best-path[5.5]:main():lattice-best-path.cc:99) For utterance BAC009S0769W0222, best cost 106.274 + -320.009 = -213.736 over 550 frames.
LOG (lattice-best-path[5.5]:main():lattice-best-path.cc:99) For utterance BAC009S0769W0223, best cost 126.463 + -384.465 = -258.001 over 606 frames.
LOG (lattice-best-path[5.5]:main():lattice-best-path.cc:99) For utterance BAC009S0769W0224, best cost 122.667 + -338.951 = -216.284 over 568 frames.
LOG (lattice-best-path[5.5]:main():lattice-best-path.cc:99) For utterance BAC009S0769W0225, best cost 61.8625 + -191.691 = -129.829 over 344 frames.
LOG (lattice-best-path[5.5]:main():lattice-best-path.cc:99) For utterance BAC009S0769W0226, best cost 64.5073 + -196.152 = -131.645 over 351 frames.
LOG (lattice-best-path[5.5]:main():lattice-best-path.cc:99) For utterance BAC009S0769W0227, best cost 81.5287 + -188.281 = -106.753 over 332 frames.
LOG (lattice-best-path[5.5]:main():lattice-best-path.cc:99) For utterance BAC009S0769W0228, best cost 138.946 + -394.86 = -255.914 over 654 frames.
LOG (lattice-best-path[5.5]:main():lattice-best-path.cc:99) For utterance BAC009S0769W0229, best cost 151.18 + -417.862 = -266.682 over 694 frames.
LOG (lattice-best-path[5.5]:main():lattice-best-path.cc:99) For utterance BAC009S0769W0230, best cost 92.6353 + -371.734 = -279.099 over 572 frames.
LOG (lattice-best-path[5.5]:main():lattice-best-path.cc:99) For utterance BAC009S0769W0231, best cost 71.9675 + -214.979 = -143.011 over 375 frames.
LOG (lattice-best-path[5.5]:main():lattice-best-path.cc:99) For utterance BAC009S0769W0232, best cost 121.686 + -347.835 = -226.15 over 568 frames.
LOG (lattice-best-path[5.5]:main():lattice-best-path.cc:99) For utterance BAC009S0769W0233, best cost 86.8635 + -299.075 = -212.212 over 531 frames.
LOG (lattice-best-path[5.5]:main():lattice-best-path.cc:99) For utterance BAC009S0769W0234, best cost 117.404 + -416.601 = -299.198 over 672 frames.
LOG (lattice-best-path[5.5]:main():lattice-best-path.cc:99) For utterance BAC009S0769W0235, best cost 89.1144 + -287.668 = -198.553 over 473 frames.
LOG (lattice-best-path[5.5]:main():lattice-best-path.cc:99) For utterance BAC009S0769W0236, best cost 110.907 + -338.378 = -227.472 over 534 frames.
LOG (lattice-best-path[5.5]:main():lattice-best-path.cc:99) For utterance BAC009S0769W0237, best cost 71.9925 + -193.911 = -121.918 over 343 frames.
LOG (lattice-best-path[5.5]:main():lattice-best-path.cc:99) For utterance BAC009S0769W0238, best cost 137.839 + -381.548 = -243.71 over 602 frames.
LOG (lattice-best-path[5.5]:main():lattice-best-path.cc:99) For utterance BAC009S0769W0239, best cost 78.7822 + -223.532 = -144.75 over 396 frames.
LOG (lattice-best-path[5.5]:main():lattice-best-path.cc:99) For utterance BAC009S0769W0240, best cost 64.4606 + -232.625 = -168.164 over 384 frames.
LOG (lattice-best-path[5.5]:main():lattice-best-path.cc:99) For utterance BAC009S0769W0241, best cost 98.5921 + -289.49 = -190.897 over 478 frames.
LOG (lattice-best-path[5.5]:main():lattice-best-path.cc:99) For utterance BAC009S0769W0242, best cost 111.819 + -332.104 = -220.285 over 567 frames.
LOG (lattice-best-path[5.5]:main():lattice-best-path.cc:99) For utterance BAC009S0769W0243, best cost 63.3288 + -194.787 = -131.458 over 354 frames.
LOG (lattice-best-path[5.5]:main():lattice-best-path.cc:99) For utterance BAC009S0769W0244, best cost 138.746 + -402.882 = -264.136 over 656 frames.
LOG (lattice-best-path[5.5]:main():lattice-best-path.cc:99) For utterance BAC009S0769W0245, best cost 97.1969 + -294.284 = -197.087 over 517 frames.
LOG (lattice-best-path[5.5]:main():lattice-best-path.cc:99) For utterance BAC009S0769W0246, best cost 153.395 + -400.276 = -246.881 over 672 frames.
LOG (lattice-best-path[5.5]:main():lattice-best-path.cc:99) For utterance BAC009S0769W0247, best cost 129.023 + -325.046 = -196.023 over 530 frames.
LOG (lattice-best-path[5.5]:main():lattice-best-path.cc:99) For utterance BAC009S0769W0248, best cost 142.832 + -391.554 = -248.722 over 619 frames.
LOG (lattice-best-path[5.5]:main():lattice-best-path.cc:99) For utterance BAC009S0769W0249, best cost 81.004 + -250.108 = -169.104 over 509 frames.
LOG (lattice-best-path[5.5]:main():lattice-best-path.cc:99) For utterance BAC009S0769W0250, best cost 75.2087 + -279.542 = -204.333 over 481 frames.
LOG (lattice-best-path[5.5]:main():lattice-best-path.cc:99) For utterance BAC009S0769W0251, best cost 99.7484 + -294.511 = -194.762 over 483 frames.
LOG (lattice-best-path[5.5]:main():lattice-best-path.cc:99) For utterance BAC009S0769W0252, best cost 79.6755 + -261.297 = -181.622 over 446 frames.
LOG (lattice-best-path[5.5]:main():lattice-best-path.cc:99) For utterance BAC009S0769W0253, best cost 81.7517 + -237.961 = -156.209 over 449 frames.
LOG (lattice-best-path[5.5]:main():lattice-best-path.cc:99) For utterance BAC009S0769W0254, best cost 133.919 + -339.454 = -205.535 over 578 frames.
LOG (lattice-best-path[5.5]:main():lattice-best-path.cc:99) For utterance BAC009S0769W0255, best cost 85.3022 + -269.864 = -184.561 over 467 frames.
LOG (lattice-best-path[5.5]:main():lattice-best-path.cc:99) For utterance BAC009S0769W0256, best cost 111.602 + -299.413 = -187.811 over 484 frames.
LOG (lattice-best-path[5.5]:main():lattice-best-path.cc:99) For utterance BAC009S0769W0257, best cost 86.7943 + -240.911 = -154.116 over 402 frames.
LOG (lattice-best-path[5.5]:main():lattice-best-path.cc:99) For utterance BAC009S0769W0258, best cost 64.1689 + -172.49 = -108.321 over 338 frames.
LOG (lattice-best-path[5.5]:main():lattice-best-path.cc:99) For utterance BAC009S0769W0259, best cost 81.1591 + -223.127 = -141.968 over 383 frames.
LOG (lattice-best-path[5.5]:main():lattice-best-path.cc:99) For utterance BAC009S0769W0260, best cost 73.2327 + -236.254 = -163.021 over 400 frames.
LOG (lattice-best-path[5.5]:main():lattice-best-path.cc:99) For utterance BAC009S0769W0261, best cost 130.285 + -308.54 = -178.255 over 533 frames.
LOG (lattice-best-path[5.5]:main():lattice-best-path.cc:99) For utterance BAC009S0769W0262, best cost 117.231 + -289.204 = -171.973 over 520 frames.
LOG (lattice-best-path[5.5]:main():lattice-best-path.cc:99) For utterance BAC009S0769W0263, best cost 91.4178 + -262.861 = -171.443 over 495 frames.
LOG (lattice-best-path[5.5]:main():lattice-best-path.cc:99) For utterance BAC009S0769W0264, best cost 78.9195 + -235.991 = -157.072 over 438 frames.
LOG (lattice-best-path[5.5]:main():lattice-best-path.cc:99) For utterance BAC009S0769W0265, best cost 133.93 + -332.387 = -198.457 over 580 frames.
LOG (lattice-best-path[5.5]:main():lattice-best-path.cc:99) For utterance BAC009S0769W0266, best cost 82.1392 + -272.356 = -190.217 over 470 frames.
LOG (lattice-best-path[5.5]:main():lattice-best-path.cc:99) For utterance BAC009S0769W0267, best cost 65.6518 + -194.376 = -128.724 over 333 frames.
LOG (lattice-best-path[5.5]:main():lattice-best-path.cc:99) For utterance BAC009S0769W0269, best cost 126.769 + -319.721 = -192.952 over 558 frames.
LOG (lattice-best-path[5.5]:main():lattice-best-path.cc:99) For utterance BAC009S0769W0271, best cost 74.5549 + -276.116 = -201.561 over 486 frames.
LOG (lattice-best-path[5.5]:main():lattice-best-path.cc:99) For utterance BAC009S0769W0273, best cost 103.809 + -331.313 = -227.504 over 560 frames.
LOG (lattice-best-path[5.5]:main():lattice-best-path.cc:99) For utterance BAC009S0769W0274, best cost 88.1509 + -265.164 = -177.013 over 445 frames.
LOG (lattice-best-path[5.5]:main():lattice-best-path.cc:99) For utterance BAC009S0769W0276, best cost 86.9231 + -226.573 = -139.65 over 425 frames.
LOG (lattice-best-path[5.5]:main():lattice-best-path.cc:99) For utterance BAC009S0769W0277, best cost 91.4712 + -297.748 = -206.276 over 524 frames.
LOG (lattice-best-path[5.5]:main():lattice-best-path.cc:99) For utterance BAC009S0769W0278, best cost 132.832 + -361.883 = -229.051 over 617 frames.
LOG (lattice-best-path[5.5]:main():lattice-best-path.cc:99) For utterance BAC009S0769W0279, best cost 83.0199 + -282.998 = -199.978 over 514 frames.
LOG (lattice-best-path[5.5]:main():lattice-best-path.cc:99) For utterance BAC009S0769W0280, best cost 68.2448 + -213.229 = -144.984 over 366 frames.
LOG (lattice-best-path[5.5]:main():lattice-best-path.cc:99) For utterance BAC009S0769W0283, best cost 65.3005 + -214.279 = -148.978 over 379 frames.
LOG (lattice-best-path[5.5]:main():lattice-best-path.cc:99) For utterance BAC009S0769W0284, best cost 104.199 + -259.041 = -154.842 over 454 frames.
LOG (lattice-best-path[5.5]:main():lattice-best-path.cc:99) For utterance BAC009S0769W0285, best cost 137.337 + -446.313 = -308.976 over 851 frames.
LOG (lattice-best-path[5.5]:main():lattice-best-path.cc:99) For utterance BAC009S0769W0286, best cost 99.2741 + -350.554 = -251.28 over 584 frames.
LOG (lattice-best-path[5.5]:main():lattice-best-path.cc:99) For utterance BAC009S0769W0287, best cost 104.42 + -284.455 = -180.035 over 493 frames.
LOG (lattice-best-path[5.5]:main():lattice-best-path.cc:99) For utterance BAC009S0769W0288, best cost 95.1913 + -268.5 = -173.309 over 500 frames.
LOG (lattice-best-path[5.5]:main():lattice-best-path.cc:99) For utterance BAC009S0769W0289, best cost 97.6921 + -301.002 = -203.31 over 544 frames.
LOG (lattice-best-path[5.5]:main():lattice-best-path.cc:99) For utterance BAC009S0769W0290, best cost 55.718 + -260.658 = -204.94 over 430 frames.
LOG (lattice-best-path[5.5]:main():lattice-best-path.cc:99) For utterance BAC009S0769W0291, best cost 89.0753 + -221.16 = -132.085 over 410 frames.
LOG (lattice-best-path[5.5]:main():lattice-best-path.cc:99) For utterance BAC009S0769W0292, best cost 163.069 + -420.527 = -257.458 over 803 frames.
LOG (lattice-best-path[5.5]:main():lattice-best-path.cc:99) For utterance BAC009S0769W0293, best cost 63.6216 + -194.034 = -130.412 over 343 frames.
LOG (lattice-best-path[5.5]:main():lattice-best-path.cc:99) For utterance BAC009S0769W0294, best cost 111.066 + -298.39 = -187.324 over 533 frames.
LOG (lattice-best-path[5.5]:main():lattice-best-path.cc:99) For utterance BAC009S0769W0295, best cost 67.918 + -245.979 = -178.061 over 430 frames.
LOG (lattice-best-path[5.5]:main():lattice-best-path.cc:99) For utterance BAC009S0769W0296, best cost 101.528 + -312.015 = -210.486 over 537 frames.
LOG (lattice-best-path[5.5]:main():lattice-best-path.cc:99) For utterance BAC009S0769W0297, best cost 93.6648 + -267.039 = -173.374 over 456 frames.
LOG (lattice-best-path[5.5]:main():lattice-best-path.cc:99) For utterance BAC009S0769W0298, best cost 152.798 + -387.722 = -234.924 over 695 frames.
LOG (lattice-best-path[5.5]:main():lattice-best-path.cc:99) For utterance BAC009S0769W0299, best cost 114.803 + -321.631 = -206.829 over 526 frames.
LOG (lattice-best-path[5.5]:main():lattice-best-path.cc:99) For utterance BAC009S0769W0300, best cost 131.069 + -345.364 = -214.295 over 590 frames.
LOG (lattice-best-path[5.5]:main():lattice-best-path.cc:99) For utterance BAC009S0769W0301, best cost 54.2839 + -193.734 = -139.45 over 378 frames.
LOG (lattice-best-path[5.5]:main():lattice-best-path.cc:99) For utterance BAC009S0769W0302, best cost 105.845 + -265.992 = -160.147 over 463 frames.
LOG (lattice-best-path[5.5]:main():lattice-best-path.cc:99) For utterance BAC009S0769W0303, best cost 62.0741 + -232.339 = -170.264 over 421 frames.
LOG (lattice-best-path[5.5]:main():lattice-best-path.cc:99) For utterance BAC009S0769W0304, best cost 59.0439 + -202.688 = -143.644 over 370 frames.
LOG (lattice-best-path[5.5]:main():lattice-best-path.cc:99) For utterance BAC009S0769W0306, best cost 59.1215 + -212.903 = -153.782 over 365 frames.
LOG (lattice-best-path[5.5]:main():lattice-best-path.cc:99) For utterance BAC009S0769W0308, best cost 110 + -342.964 = -232.964 over 600 frames.
LOG (lattice-best-path[5.5]:main():lattice-best-path.cc:99) For utterance BAC009S0769W0309, best cost 61.5179 + -230.866 = -169.348 over 402 frames.
LOG (lattice-best-path[5.5]:main():lattice-best-path.cc:99) For utterance BAC009S0769W0310, best cost 70.0287 + -204.948 = -134.919 over 398 frames.
LOG (lattice-best-path[5.5]:main():lattice-best-path.cc:99) For utterance BAC009S0769W0311, best cost 65.9865 + -247.759 = -181.772 over 413 frames.
LOG (lattice-best-path[5.5]:main():lattice-best-path.cc:99) For utterance BAC009S0769W0312, best cost 63.0121 + -201.344 = -138.331 over 385 frames.
LOG (lattice-best-path[5.5]:main():lattice-best-path.cc:99) For utterance BAC009S0769W0313, best cost 153.775 + -415.89 = -262.115 over 717 frames.
LOG (lattice-best-path[5.5]:main():lattice-best-path.cc:99) For utterance BAC009S0769W0314, best cost 90.1035 + -273.366 = -183.263 over 468 frames.
LOG (lattice-best-path[5.5]:main():lattice-best-path.cc:99) For utterance BAC009S0769W0315, best cost 104.568 + -276.241 = -171.672 over 486 frames.
LOG (lattice-best-path[5.5]:main():lattice-best-path.cc:99) For utterance BAC009S0769W0318, best cost 88.1092 + -247.447 = -159.338 over 445 frames.
LOG (lattice-best-path[5.5]:main():lattice-best-path.cc:99) For utterance BAC009S0769W0319, best cost 93.8752 + -361.467 = -267.591 over 632 frames.
LOG (lattice-best-path[5.5]:main():lattice-best-path.cc:99) For utterance BAC009S0769W0320, best cost 73.8719 + -367.263 = -293.391 over 605 frames.
LOG (lattice-best-path[5.5]:main():lattice-best-path.cc:99) For utterance BAC009S0769W0321, best cost 142.636 + -446.46 = -303.824 over 726 frames.
LOG (lattice-best-path[5.5]:main():lattice-best-path.cc:99) For utterance BAC009S0769W0322, best cost 72.213 + -198.378 = -126.165 over 395 frames.
LOG (lattice-best-path[5.5]:main():lattice-best-path.cc:99) For utterance BAC009S0769W0323, best cost 87.248 + -312.705 = -225.457 over 516 frames.
LOG (lattice-best-path[5.5]:main():lattice-best-path.cc:99) For utterance BAC009S0769W0324, best cost 99.6933 + -265.004 = -165.311 over 435 frames.
LOG (lattice-best-path[5.5]:main():lattice-best-path.cc:99) For utterance BAC009S0769W0325, best cost 70.2553 + -214.549 = -144.294 over 398 frames.
LOG (lattice-best-path[5.5]:main():lattice-best-path.cc:99) For utterance BAC009S0769W0326, best cost 81.8277 + -236.865 = -155.037 over 398 frames.
LOG (lattice-best-path[5.5]:main():lattice-best-path.cc:99) For utterance BAC009S0769W0327, best cost 83.3086 + -235.672 = -152.364 over 397 frames.
LOG (lattice-best-path[5.5]:main():lattice-best-path.cc:99) For utterance BAC009S0769W0329, best cost 92.2902 + -261.055 = -168.765 over 467 frames.
LOG (lattice-best-path[5.5]:main():lattice-best-path.cc:99) For utterance BAC009S0769W0330, best cost 83.674 + -252.289 = -168.615 over 447 frames.
LOG (lattice-best-path[5.5]:main():lattice-best-path.cc:99) For utterance BAC009S0769W0331, best cost 60.1987 + -213.542 = -153.343 over 391 frames.
LOG (lattice-best-path[5.5]:main():lattice-best-path.cc:99) For utterance BAC009S0769W0332, best cost 96.4145 + -304.461 = -208.047 over 492 frames.
LOG (lattice-best-path[5.5]:main():lattice-best-path.cc:99) For utterance BAC009S0769W0334, best cost 108.776 + -318.764 = -209.988 over 594 frames.
LOG (lattice-best-path[5.5]:main():lattice-best-path.cc:99) For utterance BAC009S0769W0336, best cost 70.9906 + -305.451 = -234.46 over 546 frames.
LOG (lattice-best-path[5.5]:main():lattice-best-path.cc:99) For utterance BAC009S0769W0337, best cost 121.371 + -361.771 = -240.4 over 588 frames.
LOG (lattice-best-path[5.5]:main():lattice-best-path.cc:99) For utterance BAC009S0769W0338, best cost 89.0436 + -242.808 = -153.765 over 516 frames.
LOG (lattice-best-path[5.5]:main():lattice-best-path.cc:99) For utterance BAC009S0769W0339, best cost 140.071 + -330.854 = -190.782 over 634 frames.
LOG (lattice-best-path[5.5]:main():lattice-best-path.cc:99) For utterance BAC009S0769W0340, best cost 94.1035 + -281.371 = -187.268 over 559 frames.
LOG (lattice-best-path[5.5]:main():lattice-best-path.cc:99) For utterance BAC009S0769W0341, best cost 79.8376 + -207.281 = -127.443 over 424 frames.
LOG (lattice-best-path[5.5]:main():lattice-best-path.cc:99) For utterance BAC009S0769W0342, best cost 66.139 + -199.252 = -133.113 over 401 frames.
LOG (lattice-best-path[5.5]:main():lattice-best-path.cc:99) For utterance BAC009S0769W0343, best cost 85.8016 + -264.495 = -178.693 over 506 frames.
LOG (lattice-best-path[5.5]:main():lattice-best-path.cc:99) For utterance BAC009S0769W0344, best cost 102.973 + -329.516 = -226.543 over 620 frames.
LOG (lattice-best-path[5.5]:main():lattice-best-path.cc:99) For utterance BAC009S0769W0345, best cost 108.382 + -232.83 = -124.448 over 450 frames.
LOG (lattice-best-path[5.5]:main():lattice-best-path.cc:99) For utterance BAC009S0769W0346, best cost 67.2245 + -207.704 = -140.48 over 399 frames.
LOG (lattice-best-path[5.5]:main():lattice-best-path.cc:99) For utterance BAC009S0769W0347, best cost 68.337 + -190.152 = -121.815 over 361 frames.
LOG (lattice-best-path[5.5]:main():lattice-best-path.cc:99) For utterance BAC009S0769W0348, best cost 85.2649 + -227.716 = -142.452 over 421 frames.
LOG (lattice-best-path[5.5]:main():lattice-best-path.cc:99) For utterance BAC009S0769W0349, best cost 76.9738 + -209.043 = -132.069 over 452 frames.
LOG (lattice-best-path[5.5]:main():lattice-best-path.cc:99) For utterance BAC009S0769W0350, best cost 116.592 + -355.25 = -238.658 over 635 frames.
LOG (lattice-best-path[5.5]:main():lattice-best-path.cc:99) For utterance BAC009S0769W0351, best cost 83.1323 + -199.622 = -116.49 over 401 frames.
LOG (lattice-best-path[5.5]:main():lattice-best-path.cc:99) For utterance BAC009S0769W0352, best cost 101.672 + -234.21 = -132.539 over 439 frames.
LOG (lattice-best-path[5.5]:main():lattice-best-path.cc:99) For utterance BAC009S0769W0353, best cost 87.3179 + -351.462 = -264.144 over 581 frames.
LOG (lattice-best-path[5.5]:main():lattice-best-path.cc:99) For utterance BAC009S0769W0354, best cost 98.2169 + -291.147 = -192.93 over 527 frames.
LOG (lattice-best-path[5.5]:main():lattice-best-path.cc:99) For utterance BAC009S0769W0355, best cost 97.0888 + -295.844 = -198.755 over 527 frames.
LOG (lattice-best-path[5.5]:main():lattice-best-path.cc:99) For utterance BAC009S0769W0356, best cost 83.0999 + -218.777 = -135.678 over 374 frames.
LOG (lattice-best-path[5.5]:main():lattice-best-path.cc:99) For utterance BAC009S0769W0357, best cost 86.9705 + -249.791 = -162.82 over 475 frames.
LOG (lattice-best-path[5.5]:main():lattice-best-path.cc:99) For utterance BAC009S0769W0358, best cost 90.7465 + -340.879 = -250.133 over 579 frames.
LOG (lattice-best-path[5.5]:main():lattice-best-path.cc:99) For utterance BAC009S0769W0359, best cost 148.533 + -374.657 = -226.124 over 644 frames.
LOG (lattice-best-path[5.5]:main():lattice-best-path.cc:99) For utterance BAC009S0769W0360, best cost 93.8822 + -223.637 = -129.755 over 423 frames.
LOG (lattice-best-path[5.5]:main():lattice-best-path.cc:99) For utterance BAC009S0769W0361, best cost 59.1789 + -198.083 = -138.904 over 345 frames.
LOG (lattice-best-path[5.5]:main():lattice-best-path.cc:99) For utterance BAC009S0769W0362, best cost 74.3937 + -260.873 = -186.479 over 433 frames.
LOG (lattice-best-path[5.5]:main():lattice-best-path.cc:99) For utterance BAC009S0769W0363, best cost 63.6822 + -212.98 = -149.298 over 373 frames.
LOG (lattice-best-path[5.5]:main():lattice-best-path.cc:99) For utterance BAC009S0769W0364, best cost 128.203 + -321.025 = -192.822 over 556 frames.
LOG (lattice-best-path[5.5]:main():lattice-best-path.cc:99) For utterance BAC009S0769W0365, best cost 131.714 + -315.005 = -183.292 over 552 frames.
LOG (lattice-best-path[5.5]:main():lattice-best-path.cc:99) For utterance BAC009S0769W0366, best cost 101.22 + -278.623 = -177.404 over 477 frames.
LOG (lattice-best-path[5.5]:main():lattice-best-path.cc:99) For utterance BAC009S0769W0367, best cost 139.814 + -304.312 = -164.497 over 525 frames.
LOG (lattice-best-path[5.5]:main():lattice-best-path.cc:99) For utterance BAC009S0769W0368, best cost 108.961 + -248.113 = -139.152 over 440 frames.
LOG (lattice-best-path[5.5]:main():lattice-best-path.cc:99) For utterance BAC009S0769W0369, best cost 115.053 + -269.603 = -154.55 over 463 frames.
LOG (lattice-best-path[5.5]:main():lattice-best-path.cc:99) For utterance BAC009S0769W0370, best cost 62.0243 + -173.121 = -111.097 over 329 frames.
LOG (lattice-best-path[5.5]:main():lattice-best-path.cc:99) For utterance BAC009S0769W0371, best cost 92.5763 + -254.363 = -161.787 over 448 frames.
LOG (lattice-best-path[5.5]:main():lattice-best-path.cc:99) For utterance BAC009S0769W0372, best cost 78.4886 + -294.48 = -215.991 over 475 frames.
LOG (lattice-best-path[5.5]:main():lattice-best-path.cc:99) For utterance BAC009S0769W0373, best cost 94.8855 + -262.709 = -167.823 over 436 frames.
LOG (lattice-best-path[5.5]:main():lattice-best-path.cc:99) For utterance BAC009S0769W0374, best cost 95.8613 + -261.562 = -165.7 over 495 frames.
LOG (lattice-best-path[5.5]:main():lattice-best-path.cc:99) For utterance BAC009S0769W0375, best cost 64.8984 + -187.869 = -122.97 over 333 frames.
LOG (lattice-best-path[5.5]:main():lattice-best-path.cc:99) For utterance BAC009S0769W0376, best cost 98.8123 + -278.132 = -179.32 over 530 frames.
LOG (lattice-best-path[5.5]:main():lattice-best-path.cc:99) For utterance BAC009S0769W0377, best cost 84.7015 + -259.907 = -175.205 over 445 frames.
LOG (lattice-best-path[5.5]:main():lattice-best-path.cc:99) For utterance BAC009S0769W0378, best cost 93.4725 + -278.008 = -184.535 over 472 frames.
LOG (lattice-best-path[5.5]:main():lattice-best-path.cc:99) For utterance BAC009S0769W0379, best cost 113.494 + -287.241 = -173.747 over 501 frames.
LOG (lattice-best-path[5.5]:main():lattice-best-path.cc:99) For utterance BAC009S0769W0380, best cost 86.9133 + -224.591 = -137.677 over 388 frames.
LOG (lattice-best-path[5.5]:main():lattice-best-path.cc:99) For utterance BAC009S0769W0381, best cost 128.102 + -346.198 = -218.095 over 560 frames.
LOG (lattice-best-path[5.5]:main():lattice-best-path.cc:99) For utterance BAC009S0769W0382, best cost 64.4987 + -169.465 = -104.967 over 311 frames.
LOG (lattice-best-path[5.5]:main():lattice-best-path.cc:99) For utterance BAC009S0769W0383, best cost 39.5019 + -193.753 = -154.252 over 350 frames.
LOG (lattice-best-path[5.5]:main():lattice-best-path.cc:99) For utterance BAC009S0769W0384, best cost 43.1535 + -215.395 = -172.242 over 361 frames.
LOG (lattice-best-path[5.5]:main():lattice-best-path.cc:99) For utterance BAC009S0769W0385, best cost 80.1164 + -239.356 = -159.24 over 460 frames.
LOG (lattice-best-path[5.5]:main():lattice-best-path.cc:99) For utterance BAC009S0769W0386, best cost 83.2727 + -239.762 = -156.489 over 440 frames.
LOG (lattice-best-path[5.5]:main():lattice-best-path.cc:99) For utterance BAC009S0769W0387, best cost 117.766 + -307.814 = -190.048 over 560 frames.
LOG (lattice-best-path[5.5]:main():lattice-best-path.cc:99) For utterance BAC009S0769W0388, best cost 45.9427 + -163.056 = -117.113 over 298 frames.
LOG (lattice-best-path[5.5]:main():lattice-best-path.cc:99) For utterance BAC009S0769W0389, best cost 94.9676 + -276.064 = -181.097 over 518 frames.
LOG (lattice-best-path[5.5]:main():lattice-best-path.cc:99) For utterance BAC009S0769W0390, best cost 93.7324 + -310.746 = -217.014 over 495 frames.
LOG (lattice-best-path[5.5]:main():lattice-best-path.cc:99) For utterance BAC009S0769W0391, best cost 120.946 + -331.668 = -210.721 over 562 frames.
LOG (lattice-best-path[5.5]:main():lattice-best-path.cc:99) For utterance BAC009S0769W0392, best cost 115.357 + -353.198 = -237.841 over 572 frames.
LOG (lattice-best-path[5.5]:main():lattice-best-path.cc:99) For utterance BAC009S0769W0393, best cost 78.7879 + -195.065 = -116.277 over 346 frames.
LOG (lattice-best-path[5.5]:main():lattice-best-path.cc:99) For utterance BAC009S0769W0394, best cost 119.122 + -329.969 = -210.847 over 558 frames.
LOG (lattice-best-path[5.5]:main():lattice-best-path.cc:99) For utterance BAC009S0769W0395, best cost 101.551 + -240.327 = -138.776 over 412 frames.
LOG (lattice-best-path[5.5]:main():lattice-best-path.cc:99) For utterance BAC009S0769W0396, best cost 91.0196 + -316.313 = -225.293 over 523 frames.
LOG (lattice-best-path[5.5]:main():lattice-best-path.cc:99) For utterance BAC009S0769W0397, best cost 57.5994 + -201.057 = -143.458 over 399 frames.
LOG (lattice-best-path[5.5]:main():lattice-best-path.cc:99) For utterance BAC009S0769W0398, best cost 70.7982 + -165.389 = -94.5906 over 320 frames.
LOG (lattice-best-path[5.5]:main():lattice-best-path.cc:99) For utterance BAC009S0769W0399, best cost 122.461 + -289.661 = -167.2 over 502 frames.
LOG (lattice-best-path[5.5]:main():lattice-best-path.cc:99) For utterance BAC009S0769W0400, best cost 143.457 + -378.884 = -235.428 over 625 frames.
LOG (lattice-best-path[5.5]:main():lattice-best-path.cc:99) For utterance BAC009S0769W0401, best cost 93.9589 + -313.751 = -219.793 over 525 frames.
LOG (lattice-best-path[5.5]:main():lattice-best-path.cc:99) For utterance BAC009S0769W0402, best cost 107.806 + -262.724 = -154.918 over 461 frames.
LOG (lattice-best-path[5.5]:main():lattice-best-path.cc:99) For utterance BAC009S0769W0403, best cost 96.7098 + -301.367 = -204.657 over 524 frames.
LOG (lattice-best-path[5.5]:main():lattice-best-path.cc:99) For utterance BAC009S0769W0404, best cost 54.3184 + -150.677 = -96.3588 over 286 frames.
LOG (lattice-best-path[5.5]:main():lattice-best-path.cc:99) For utterance BAC009S0769W0405, best cost 125.445 + -360.275 = -234.83 over 623 frames.
LOG (lattice-best-path[5.5]:main():lattice-best-path.cc:99) For utterance BAC009S0769W0406, best cost 48.7967 + -173.273 = -124.476 over 305 frames.
LOG (lattice-best-path[5.5]:main():lattice-best-path.cc:99) For utterance BAC009S0769W0407, best cost 97.0317 + -261.889 = -164.857 over 470 frames.
LOG (lattice-best-path[5.5]:main():lattice-best-path.cc:99) For utterance BAC009S0769W0408, best cost 148.872 + -372.058 = -223.186 over 682 frames.
LOG (lattice-best-path[5.5]:main():lattice-best-path.cc:99) For utterance BAC009S0769W0409, best cost 99.0318 + -242.264 = -143.232 over 423 frames.
LOG (lattice-best-path[5.5]:main():lattice-best-path.cc:99) For utterance BAC009S0769W0410, best cost 133.849 + -366.491 = -232.642 over 666 frames.
LOG (lattice-best-path[5.5]:main():lattice-best-path.cc:99) For utterance BAC009S0769W0411, best cost 45.5199 + -110.608 = -65.0885 over 226 frames.
LOG (lattice-best-path[5.5]:main():lattice-best-path.cc:99) For utterance BAC009S0769W0412, best cost 53.234 + -155.197 = -101.963 over 271 frames.
LOG (lattice-best-path[5.5]:main():lattice-best-path.cc:99) For utterance BAC009S0769W0413, best cost 94.0776 + -242.219 = -148.142 over 408 frames.
LOG (lattice-best-path[5.5]:main():lattice-best-path.cc:99) For utterance BAC009S0769W0415, best cost 83.7699 + -212.519 = -128.749 over 403 frames.
LOG (lattice-best-path[5.5]:main():lattice-best-path.cc:99) For utterance BAC009S0769W0416, best cost 106.891 + -293.682 = -186.791 over 532 frames.
LOG (lattice-best-path[5.5]:main():lattice-best-path.cc:99) For utterance BAC009S0769W0417, best cost 75.5591 + -318.548 = -242.989 over 548 frames.
LOG (lattice-best-path[5.5]:main():lattice-best-path.cc:99) For utterance BAC009S0769W0418, best cost 112.424 + -333.907 = -221.483 over 601 frames.
LOG (lattice-best-path[5.5]:main():lattice-best-path.cc:99) For utterance BAC009S0769W0419, best cost 98.6445 + -204.721 = -106.076 over 366 frames.
LOG (lattice-best-path[5.5]:main():lattice-best-path.cc:99) For utterance BAC009S0769W0420, best cost 52.242 + -128.143 = -75.9015 over 244 frames.
LOG (lattice-best-path[5.5]:main():lattice-best-path.cc:99) For utterance BAC009S0769W0421, best cost 39.5548 + -279.086 = -239.531 over 463 frames.
LOG (lattice-best-path[5.5]:main():lattice-best-path.cc:99) For utterance BAC009S0769W0422, best cost 73.1137 + -235.432 = -162.319 over 439 frames.
LOG (lattice-best-path[5.5]:main():lattice-best-path.cc:99) For utterance BAC009S0769W0423, best cost 149.114 + -355.965 = -206.851 over 641 frames.
LOG (lattice-best-path[5.5]:main():lattice-best-path.cc:99) For utterance BAC009S0769W0424, best cost 44.8882 + -144.615 = -99.7272 over 267 frames.
LOG (lattice-best-path[5.5]:main():lattice-best-path.cc:99) For utterance BAC009S0769W0425, best cost 95.3726 + -256.736 = -161.364 over 499 frames.
LOG (lattice-best-path[5.5]:main():lattice-best-path.cc:99) For utterance BAC009S0769W0426, best cost 88.2541 + -212.651 = -124.397 over 396 frames.
LOG (lattice-best-path[5.5]:main():lattice-best-path.cc:99) For utterance BAC009S0769W0427, best cost 64.7206 + -329.565 = -264.844 over 553 frames.
LOG (lattice-best-path[5.5]:main():lattice-best-path.cc:99) For utterance BAC009S0769W0428, best cost 107.017 + -263.601 = -156.584 over 501 frames.
LOG (lattice-best-path[5.5]:main():lattice-best-path.cc:99) For utterance BAC009S0769W0429, best cost 118.405 + -327.574 = -209.169 over 557 frames.
LOG (lattice-best-path[5.5]:main():lattice-best-path.cc:99) For utterance BAC009S0769W0430, best cost 67.179 + -186.841 = -119.662 over 322 frames.
LOG (lattice-best-path[5.5]:main():lattice-best-path.cc:99) For utterance BAC009S0769W0431, best cost 98.4572 + -265.112 = -166.655 over 490 frames.
LOG (lattice-best-path[5.5]:main():lattice-best-path.cc:99) For utterance BAC009S0769W0432, best cost 51.1415 + -196.518 = -145.377 over 339 frames.
LOG (lattice-best-path[5.5]:main():lattice-best-path.cc:99) For utterance BAC009S0769W0433, best cost 40.5446 + -160.618 = -120.074 over 303 frames.
LOG (lattice-best-path[5.5]:main():lattice-best-path.cc:99) For utterance BAC009S0769W0434, best cost 121.692 + -332.179 = -210.487 over 581 frames.
LOG (lattice-best-path[5.5]:main():lattice-best-path.cc:99) For utterance BAC009S0769W0435, best cost 103.952 + -212.082 = -108.13 over 396 frames.
LOG (lattice-best-path[5.5]:main():lattice-best-path.cc:99) For utterance BAC009S0769W0436, best cost 163.274 + -421.3 = -258.026 over 721 frames.
LOG (lattice-best-path[5.5]:main():lattice-best-path.cc:99) For utterance BAC009S0769W0437, best cost 164.278 + -420.666 = -256.387 over 821 frames.
LOG (lattice-best-path[5.5]:main():lattice-best-path.cc:99) For utterance BAC009S0769W0438, best cost 149.437 + -404.63 = -255.193 over 744 frames.
LOG (lattice-best-path[5.5]:main():lattice-best-path.cc:99) For utterance BAC009S0769W0439, best cost 120.038 + -339.082 = -219.044 over 608 frames.
LOG (lattice-best-path[5.5]:main():lattice-best-path.cc:99) For utterance BAC009S0769W0440, best cost 167.514 + -517.574 = -350.06 over 1014 frames.
LOG (lattice-best-path[5.5]:main():lattice-best-path.cc:99) For utterance BAC009S0769W0441, best cost 93.1852 + -208.956 = -115.771 over 397 frames.
LOG (lattice-best-path[5.5]:main():lattice-best-path.cc:99) For utterance BAC009S0769W0442, best cost 147.871 + -394.068 = -246.197 over 689 frames.
LOG (lattice-best-path[5.5]:main():lattice-best-path.cc:99) For utterance BAC009S0769W0443, best cost 156.289 + -342.972 = -186.683 over 614 frames.
LOG (lattice-best-path[5.5]:main():lattice-best-path.cc:99) For utterance BAC009S0769W0444, best cost 85.3403 + -199.368 = -114.027 over 380 frames.
LOG (lattice-best-path[5.5]:main():lattice-best-path.cc:99) For utterance BAC009S0769W0445, best cost 80.6334 + -190.677 = -110.044 over 360 frames.
LOG (lattice-best-path[5.5]:main():lattice-best-path.cc:99) For utterance BAC009S0769W0446, best cost 86.6646 + -225.087 = -138.423 over 435 frames.
LOG (lattice-best-path[5.5]:main():lattice-best-path.cc:99) For utterance BAC009S0769W0447, best cost 78.2954 + -199.834 = -121.539 over 380 frames.
LOG (lattice-best-path[5.5]:main():lattice-best-path.cc:99) For utterance BAC009S0769W0448, best cost 107.199 + -267.361 = -160.162 over 500 frames.
LOG (lattice-best-path[5.5]:main():lattice-best-path.cc:99) For utterance BAC009S0769W0449, best cost 149.398 + -339.192 = -189.794 over 657 frames.
LOG (lattice-best-path[5.5]:main():lattice-best-path.cc:99) For utterance BAC009S0769W0450, best cost 86.8017 + -264.147 = -177.345 over 456 frames.
LOG (lattice-best-path[5.5]:main():lattice-best-path.cc:99) For utterance BAC009S0769W0451, best cost 153.743 + -370.227 = -216.484 over 713 frames.
LOG (lattice-best-path[5.5]:main():lattice-best-path.cc:99) For utterance BAC009S0769W0452, best cost 118.544 + -268.677 = -150.132 over 490 frames.
LOG (lattice-best-path[5.5]:main():lattice-best-path.cc:99) For utterance BAC009S0769W0453, best cost 122.99 + -304.082 = -181.092 over 589 frames.
LOG (lattice-best-path[5.5]:main():lattice-best-path.cc:99) For utterance BAC009S0769W0454, best cost 110.795 + -242.077 = -131.281 over 470 frames.
LOG (lattice-best-path[5.5]:main():lattice-best-path.cc:99) For utterance BAC009S0769W0455, best cost 66.7564 + -152.665 = -85.909 over 294 frames.
LOG (lattice-best-path[5.5]:main():lattice-best-path.cc:99) For utterance BAC009S0769W0456, best cost 154.448 + -351.652 = -197.204 over 634 frames.
LOG (lattice-best-path[5.5]:main():lattice-best-path.cc:99) For utterance BAC009S0769W0457, best cost 77.008 + -212.449 = -135.441 over 385 frames.
LOG (lattice-best-path[5.5]:main():lattice-best-path.cc:99) For utterance BAC009S0769W0458, best cost 74.122 + -175.342 = -101.22 over 311 frames.
LOG (lattice-best-path[5.5]:main():lattice-best-path.cc:99) For utterance BAC009S0769W0459, best cost 74.2065 + -163.815 = -89.6087 over 321 frames.
LOG (lattice-best-path[5.5]:main():lattice-best-path.cc:99) For utterance BAC009S0769W0460, best cost 101.09 + -241.939 = -140.848 over 445 frames.
LOG (lattice-best-path[5.5]:main():lattice-best-path.cc:99) For utterance BAC009S0769W0461, best cost 99.9553 + -229.639 = -129.684 over 416 frames.
LOG (lattice-best-path[5.5]:main():lattice-best-path.cc:99) For utterance BAC009S0769W0462, best cost 132.278 + -305.541 = -173.263 over 500 frames.
LOG (lattice-best-path[5.5]:main():lattice-best-path.cc:99) For utterance BAC009S0769W0463, best cost 102.402 + -206.113 = -103.711 over 384 frames.
LOG (lattice-best-path[5.5]:main():lattice-best-path.cc:99) For utterance BAC009S0769W0464, best cost 177.123 + -397.753 = -220.63 over 733 frames.
LOG (lattice-best-path[5.5]:main():lattice-best-path.cc:99) For utterance BAC009S0769W0465, best cost 178.73 + -393.913 = -215.183 over 686 frames.
LOG (lattice-best-path[5.5]:main():lattice-best-path.cc:99) For utterance BAC009S0769W0466, best cost 86.8447 + -233.429 = -146.585 over 419 frames.
LOG (lattice-best-path[5.5]:main():lattice-best-path.cc:99) For utterance BAC009S0769W0467, best cost 193.67 + -462.186 = -268.516 over 855 frames.
LOG (lattice-best-path[5.5]:main():lattice-best-path.cc:99) For utterance BAC009S0769W0468, best cost 110.793 + -297.277 = -186.484 over 535 frames.
LOG (lattice-best-path[5.5]:main():lattice-best-path.cc:99) For utterance BAC009S0769W0469, best cost 58.9528 + -223.459 = -164.506 over 386 frames.
LOG (lattice-best-path[5.5]:main():lattice-best-path.cc:99) For utterance BAC009S0769W0470, best cost 172.968 + -376.263 = -203.295 over 673 frames.
LOG (lattice-best-path[5.5]:main():lattice-best-path.cc:99) For utterance BAC009S0769W0471, best cost 143.271 + -335.519 = -192.248 over 608 frames.
LOG (lattice-best-path[5.5]:main():lattice-best-path.cc:99) For utterance BAC009S0769W0472, best cost 101.548 + -270.085 = -168.538 over 493 frames.
LOG (lattice-best-path[5.5]:main():lattice-best-path.cc:99) For utterance BAC009S0769W0473, best cost 109.719 + -316.589 = -206.87 over 550 frames.
LOG (lattice-best-path[5.5]:main():lattice-best-path.cc:99) For utterance BAC009S0769W0474, best cost 202.616 + -511.099 = -308.483 over 884 frames.
LOG (lattice-best-path[5.5]:main():lattice-best-path.cc:99) For utterance BAC009S0769W0475, best cost 172.944 + -371.347 = -198.403 over 654 frames.
LOG (lattice-best-path[5.5]:main():lattice-best-path.cc:99) For utterance BAC009S0769W0476, best cost 66.5891 + -210.758 = -144.169 over 366 frames.
LOG (lattice-best-path[5.5]:main():lattice-best-path.cc:99) For utterance BAC009S0769W0477, best cost 72.5363 + -192.898 = -120.362 over 343 frames.
LOG (lattice-best-path[5.5]:main():lattice-best-path.cc:99) For utterance BAC009S0769W0478, best cost 195.024 + -449.8 = -254.776 over 791 frames.
LOG (lattice-best-path[5.5]:main():lattice-best-path.cc:99) For utterance BAC009S0769W0479, best cost 163.054 + -371.299 = -208.246 over 650 frames.
LOG (lattice-best-path[5.5]:main():lattice-best-path.cc:99) For utterance BAC009S0769W0480, best cost 151.065 + -478.83 = -327.766 over 896 frames.
LOG (lattice-best-path[5.5]:main():lattice-best-path.cc:99) For utterance BAC009S0769W0481, best cost 112.951 + -335.817 = -222.866 over 570 frames.
LOG (lattice-best-path[5.5]:main():lattice-best-path.cc:99) For utterance BAC009S0769W0482, best cost 61.9233 + -171.61 = -109.687 over 318 frames.
LOG (lattice-best-path[5.5]:main():lattice-best-path.cc:99) For utterance BAC009S0769W0483, best cost 139.177 + -323.134 = -183.957 over 568 frames.
LOG (lattice-best-path[5.5]:main():lattice-best-path.cc:99) For utterance BAC009S0769W0484, best cost 76.3293 + -179.708 = -103.379 over 336 frames.
LOG (lattice-best-path[5.5]:main():lattice-best-path.cc:99) For utterance BAC009S0769W0485, best cost 134.157 + -278.993 = -144.835 over 487 frames.
LOG (lattice-best-path[5.5]:main():lattice-best-path.cc:99) For utterance BAC009S0769W0486, best cost 82.867 + -197.388 = -114.521 over 372 frames.
LOG (lattice-best-path[5.5]:main():lattice-best-path.cc:99) For utterance BAC009S0769W0487, best cost 156.886 + -351.431 = -194.546 over 599 frames.
LOG (lattice-best-path[5.5]:main():lattice-best-path.cc:99) For utterance BAC009S0769W0488, best cost 78.743 + -257.449 = -178.706 over 461 frames.
LOG (lattice-best-path[5.5]:main():lattice-best-path.cc:99) For utterance BAC009S0769W0489, best cost 159.01 + -408.932 = -249.923 over 681 frames.
LOG (lattice-best-path[5.5]:main():lattice-best-path.cc:99) For utterance BAC009S0769W0490, best cost 116.877 + -386.975 = -270.098 over 611 frames.
LOG (lattice-best-path[5.5]:main():lattice-best-path.cc:99) For utterance BAC009S0769W0491, best cost 104.093 + -263.918 = -159.825 over 442 frames.
LOG (lattice-best-path[5.5]:main():lattice-best-path.cc:99) For utterance BAC009S0769W0492, best cost 165.971 + -379.09 = -213.119 over 664 frames.
LOG (lattice-best-path[5.5]:main():lattice-best-path.cc:99) For utterance BAC009S0769W0493, best cost 146.852 + -351.756 = -204.904 over 648 frames.
LOG (lattice-depth-per-frame[5.5]:main():lattice-depth-per-frame.cc:82) Done 361 lattices.
LOG (lattice-best-path[5.5]:main():lattice-best-path.cc:99) For utterance BAC009S0769W0494, best cost 171.471 + -492.777 = -321.307 over 836 frames.
LOG (lattice-best-path[5.5]:main():lattice-best-path.cc:99) For utterance BAC009S0769W0495, best cost 64.0424 + -273.423 = -209.381 over 489 frames.
LOG (lattice-best-path[5.5]:main():lattice-best-path.cc:124) Overall cost per frame is -0.378223 = 0.195546 [graph] + -0.573768 [acoustic] over 177553 frames.
LOG (lattice-best-path[5.5]:main():lattice-best-path.cc:128) Done 361 lattices, failed for 0
# Accounting: time=2 threads=1
# Ended (code 0) at Sat Jun 18 23:01:52 CST 2022, elapsed time 2 seconds
