# lattice-depth-per-frame "ark:gunzip -c exp/nnet3/new_dnn_sp/decode_test/lat.4.gz|" "ark,t:|gzip -c > exp/nnet3/new_dnn_sp/decode_test/depth_tmp.4.gz" ark:- | lattice-best-path --acoustic-scale=0.1 ark:- ark:/dev/null "ark,t:|gzip -c >exp/nnet3/new_dnn_sp/decode_test/ali_tmp.4.gz" 
# Started at Sat Jun 18 23:01:50 CST 2022
#
lattice-depth-per-frame 'ark:gunzip -c exp/nnet3/new_dnn_sp/decode_test/lat.4.gz|' 'ark,t:|gzip -c > exp/nnet3/new_dnn_sp/decode_test/depth_tmp.4.gz' ark:- 
lattice-best-path --acoustic-scale=0.1 ark:- ark:/dev/null 'ark,t:|gzip -c >exp/nnet3/new_dnn_sp/decode_test/ali_tmp.4.gz' 
LOG (lattice-best-path[5.5]:main():lattice-best-path.cc:99) For utterance BAC009S0767W0121, best cost 78.2409 + -286.126 = -207.885 over 457 frames.
LOG (lattice-best-path[5.5]:main():lattice-best-path.cc:99) For utterance BAC009S0767W0122, best cost 112.503 + -410.257 = -297.754 over 656 frames.
LOG (lattice-best-path[5.5]:main():lattice-best-path.cc:99) For utterance BAC009S0767W0123, best cost 105.765 + -325.997 = -220.232 over 529 frames.
LOG (lattice-best-path[5.5]:main():lattice-best-path.cc:99) For utterance BAC009S0767W0124, best cost 66.0422 + -198.02 = -131.978 over 376 frames.
LOG (lattice-best-path[5.5]:main():lattice-best-path.cc:99) For utterance BAC009S0767W0125, best cost 67.6036 + -261.902 = -194.299 over 422 frames.
LOG (lattice-best-path[5.5]:main():lattice-best-path.cc:99) For utterance BAC009S0767W0126, best cost 52.536 + -243.897 = -191.361 over 399 frames.
LOG (lattice-best-path[5.5]:main():lattice-best-path.cc:99) For utterance BAC009S0767W0127, best cost 34.8903 + -239.4 = -204.509 over 404 frames.
LOG (lattice-best-path[5.5]:main():lattice-best-path.cc:99) For utterance BAC009S0767W0128, best cost 39.63 + -153.804 = -114.174 over 279 frames.
LOG (lattice-best-path[5.5]:main():lattice-best-path.cc:99) For utterance BAC009S0767W0129, best cost 55.713 + -294.914 = -239.201 over 461 frames.
LOG (lattice-best-path[5.5]:main():lattice-best-path.cc:99) For utterance BAC009S0767W0130, best cost 44.7648 + -200.103 = -155.339 over 338 frames.
LOG (lattice-best-path[5.5]:main():lattice-best-path.cc:99) For utterance BAC009S0767W0131, best cost 75.2505 + -315.219 = -239.969 over 521 frames.
LOG (lattice-best-path[5.5]:main():lattice-best-path.cc:99) For utterance BAC009S0767W0132, best cost 57.3035 + -259.847 = -202.544 over 432 frames.
LOG (lattice-best-path[5.5]:main():lattice-best-path.cc:99) For utterance BAC009S0767W0133, best cost 54.3592 + -219.191 = -164.832 over 359 frames.
LOG (lattice-best-path[5.5]:main():lattice-best-path.cc:99) For utterance BAC009S0767W0134, best cost 59.1496 + -186.628 = -127.479 over 314 frames.
LOG (lattice-best-path[5.5]:main():lattice-best-path.cc:99) For utterance BAC009S0767W0135, best cost 49.092 + -193.539 = -144.447 over 339 frames.
LOG (lattice-best-path[5.5]:main():lattice-best-path.cc:99) For utterance BAC009S0767W0136, best cost 52.1392 + -247.662 = -195.523 over 430 frames.
LOG (lattice-best-path[5.5]:main():lattice-best-path.cc:99) For utterance BAC009S0767W0137, best cost 113.096 + -368.965 = -255.868 over 572 frames.
LOG (lattice-best-path[5.5]:main():lattice-best-path.cc:99) For utterance BAC009S0767W0138, best cost 74.6265 + -296.395 = -221.768 over 497 frames.
LOG (lattice-best-path[5.5]:main():lattice-best-path.cc:99) For utterance BAC009S0767W0139, best cost 53.3028 + -331.05 = -277.747 over 529 frames.
LOG (lattice-best-path[5.5]:main():lattice-best-path.cc:99) For utterance BAC009S0767W0140, best cost 101.998 + -465.434 = -363.436 over 686 frames.
LOG (lattice-best-path[5.5]:main():lattice-best-path.cc:99) For utterance BAC009S0767W0141, best cost 81.5651 + -298.422 = -216.857 over 486 frames.
LOG (lattice-best-path[5.5]:main():lattice-best-path.cc:99) For utterance BAC009S0767W0142, best cost 59.1726 + -282.474 = -223.302 over 467 frames.
LOG (lattice-best-path[5.5]:main():lattice-best-path.cc:99) For utterance BAC009S0767W0143, best cost 76.187 + -282.702 = -206.515 over 470 frames.
LOG (lattice-best-path[5.5]:main():lattice-best-path.cc:99) For utterance BAC009S0767W0144, best cost 38.8423 + -234.367 = -195.524 over 386 frames.
LOG (lattice-best-path[5.5]:main():lattice-best-path.cc:99) For utterance BAC009S0767W0145, best cost 80.4065 + -261.215 = -180.809 over 422 frames.
LOG (lattice-best-path[5.5]:main():lattice-best-path.cc:99) For utterance BAC009S0767W0146, best cost 102.042 + -377.962 = -275.92 over 626 frames.
LOG (lattice-best-path[5.5]:main():lattice-best-path.cc:99) For utterance BAC009S0767W0147, best cost 51.6298 + -248.88 = -197.25 over 410 frames.
LOG (lattice-best-path[5.5]:main():lattice-best-path.cc:99) For utterance BAC009S0767W0148, best cost 64.8086 + -242.7 = -177.891 over 412 frames.
LOG (lattice-best-path[5.5]:main():lattice-best-path.cc:99) For utterance BAC009S0767W0149, best cost 75.3226 + -236.153 = -160.831 over 423 frames.
LOG (lattice-best-path[5.5]:main():lattice-best-path.cc:99) For utterance BAC009S0767W0150, best cost 102.881 + -350.562 = -247.681 over 564 frames.
LOG (lattice-best-path[5.5]:main():lattice-best-path.cc:99) For utterance BAC009S0767W0151, best cost 94.415 + -315.369 = -220.954 over 498 frames.
LOG (lattice-best-path[5.5]:main():lattice-best-path.cc:99) For utterance BAC009S0767W0152, best cost 49.7621 + -281.752 = -231.99 over 448 frames.
LOG (lattice-best-path[5.5]:main():lattice-best-path.cc:99) For utterance BAC009S0767W0153, best cost 34.3175 + -139.303 = -104.985 over 250 frames.
LOG (lattice-best-path[5.5]:main():lattice-best-path.cc:99) For utterance BAC009S0767W0154, best cost 69.4935 + -211.681 = -142.187 over 373 frames.
LOG (lattice-best-path[5.5]:main():lattice-best-path.cc:99) For utterance BAC009S0767W0155, best cost 124.745 + -360.58 = -235.834 over 566 frames.
LOG (lattice-best-path[5.5]:main():lattice-best-path.cc:99) For utterance BAC009S0767W0156, best cost 84.5053 + -285.539 = -201.034 over 467 frames.
LOG (lattice-best-path[5.5]:main():lattice-best-path.cc:99) For utterance BAC009S0767W0157, best cost 67.3378 + -230.026 = -162.688 over 388 frames.
LOG (lattice-best-path[5.5]:main():lattice-best-path.cc:99) For utterance BAC009S0767W0158, best cost 46.9307 + -234.673 = -187.742 over 398 frames.
LOG (lattice-best-path[5.5]:main():lattice-best-path.cc:99) For utterance BAC009S0767W0159, best cost 39.7138 + -206.324 = -166.61 over 350 frames.
LOG (lattice-best-path[5.5]:main():lattice-best-path.cc:99) For utterance BAC009S0767W0160, best cost 53.2881 + -250.887 = -197.599 over 404 frames.
LOG (lattice-best-path[5.5]:main():lattice-best-path.cc:99) For utterance BAC009S0767W0161, best cost 41.7265 + -137.599 = -95.8729 over 257 frames.
LOG (lattice-best-path[5.5]:main():lattice-best-path.cc:99) For utterance BAC009S0767W0162, best cost 58.5304 + -269.334 = -210.803 over 509 frames.
LOG (lattice-best-path[5.5]:main():lattice-best-path.cc:99) For utterance BAC009S0767W0163, best cost 84.0212 + -335.003 = -250.982 over 549 frames.
LOG (lattice-best-path[5.5]:main():lattice-best-path.cc:99) For utterance BAC009S0767W0164, best cost 58.0596 + -220.378 = -162.318 over 365 frames.
LOG (lattice-best-path[5.5]:main():lattice-best-path.cc:99) For utterance BAC009S0767W0165, best cost 58.8146 + -182.545 = -123.731 over 308 frames.
LOG (lattice-best-path[5.5]:main():lattice-best-path.cc:99) For utterance BAC009S0767W0166, best cost 42.15 + -276.421 = -234.271 over 444 frames.
LOG (lattice-best-path[5.5]:main():lattice-best-path.cc:99) For utterance BAC009S0767W0167, best cost 59.9791 + -202.856 = -142.877 over 372 frames.
LOG (lattice-best-path[5.5]:main():lattice-best-path.cc:99) For utterance BAC009S0767W0168, best cost 63.0652 + -224.576 = -161.511 over 389 frames.
LOG (lattice-best-path[5.5]:main():lattice-best-path.cc:99) For utterance BAC009S0767W0169, best cost 84.0954 + -371.48 = -287.385 over 566 frames.
LOG (lattice-best-path[5.5]:main():lattice-best-path.cc:99) For utterance BAC009S0767W0170, best cost 50.511 + -162.469 = -111.957 over 289 frames.
LOG (lattice-best-path[5.5]:main():lattice-best-path.cc:99) For utterance BAC009S0767W0171, best cost 39.6037 + -242.463 = -202.859 over 416 frames.
LOG (lattice-best-path[5.5]:main():lattice-best-path.cc:99) For utterance BAC009S0767W0172, best cost 57.2127 + -184.851 = -127.638 over 358 frames.
LOG (lattice-best-path[5.5]:main():lattice-best-path.cc:99) For utterance BAC009S0767W0173, best cost 76.7799 + -284.072 = -207.293 over 468 frames.
LOG (lattice-best-path[5.5]:main():lattice-best-path.cc:99) For utterance BAC009S0767W0174, best cost 76.2552 + -206 = -129.744 over 353 frames.
LOG (lattice-best-path[5.5]:main():lattice-best-path.cc:99) For utterance BAC009S0767W0175, best cost 82.3088 + -266.855 = -184.546 over 430 frames.
LOG (lattice-best-path[5.5]:main():lattice-best-path.cc:99) For utterance BAC009S0767W0176, best cost 92.7827 + -369.54 = -276.757 over 613 frames.
LOG (lattice-best-path[5.5]:main():lattice-best-path.cc:99) For utterance BAC009S0767W0177, best cost 69.3507 + -212.746 = -143.396 over 380 frames.
LOG (lattice-best-path[5.5]:main():lattice-best-path.cc:99) For utterance BAC009S0767W0178, best cost 60.5199 + -216.474 = -155.954 over 377 frames.
LOG (lattice-best-path[5.5]:main():lattice-best-path.cc:99) For utterance BAC009S0767W0179, best cost 59.4231 + -230.547 = -171.124 over 396 frames.
LOG (lattice-best-path[5.5]:main():lattice-best-path.cc:99) For utterance BAC009S0767W0180, best cost 88.9798 + -338.984 = -250.004 over 580 frames.
LOG (lattice-best-path[5.5]:main():lattice-best-path.cc:99) For utterance BAC009S0767W0181, best cost 36.921 + -155.468 = -118.547 over 281 frames.
LOG (lattice-best-path[5.5]:main():lattice-best-path.cc:99) For utterance BAC009S0767W0182, best cost 39.6488 + -153.652 = -114.003 over 286 frames.
LOG (lattice-best-path[5.5]:main():lattice-best-path.cc:99) For utterance BAC009S0767W0183, best cost 73.5617 + -247.116 = -173.555 over 407 frames.
LOG (lattice-best-path[5.5]:main():lattice-best-path.cc:99) For utterance BAC009S0767W0184, best cost 83.1442 + -284.198 = -201.054 over 488 frames.
LOG (lattice-best-path[5.5]:main():lattice-best-path.cc:99) For utterance BAC009S0767W0185, best cost 58.1923 + -217.737 = -159.544 over 380 frames.
LOG (lattice-best-path[5.5]:main():lattice-best-path.cc:99) For utterance BAC009S0767W0186, best cost 112.597 + -306.795 = -194.198 over 519 frames.
LOG (lattice-best-path[5.5]:main():lattice-best-path.cc:99) For utterance BAC009S0767W0187, best cost 97.1183 + -309.01 = -211.891 over 528 frames.
LOG (lattice-best-path[5.5]:main():lattice-best-path.cc:99) For utterance BAC009S0767W0188, best cost 94.0524 + -307.773 = -213.721 over 532 frames.
LOG (lattice-best-path[5.5]:main():lattice-best-path.cc:99) For utterance BAC009S0767W0189, best cost 66.7192 + -267.18 = -200.461 over 450 frames.
LOG (lattice-best-path[5.5]:main():lattice-best-path.cc:99) For utterance BAC009S0767W0190, best cost 101.955 + -342.036 = -240.081 over 558 frames.
LOG (lattice-best-path[5.5]:main():lattice-best-path.cc:99) For utterance BAC009S0767W0191, best cost 148.909 + -449.131 = -300.222 over 738 frames.
LOG (lattice-best-path[5.5]:main():lattice-best-path.cc:99) For utterance BAC009S0767W0192, best cost 106.68 + -335.58 = -228.9 over 572 frames.
LOG (lattice-best-path[5.5]:main():lattice-best-path.cc:99) For utterance BAC009S0767W0193, best cost 60.0397 + -224.752 = -164.713 over 372 frames.
LOG (lattice-best-path[5.5]:main():lattice-best-path.cc:99) For utterance BAC009S0767W0194, best cost 112.822 + -340.419 = -227.598 over 554 frames.
LOG (lattice-best-path[5.5]:main():lattice-best-path.cc:99) For utterance BAC009S0767W0195, best cost 121.738 + -368.102 = -246.363 over 640 frames.
LOG (lattice-best-path[5.5]:main():lattice-best-path.cc:99) For utterance BAC009S0767W0196, best cost 57.9543 + -184.021 = -126.067 over 335 frames.
LOG (lattice-best-path[5.5]:main():lattice-best-path.cc:99) For utterance BAC009S0767W0197, best cost 92.4421 + -263.583 = -171.141 over 480 frames.
LOG (lattice-best-path[5.5]:main():lattice-best-path.cc:99) For utterance BAC009S0767W0198, best cost 78.9189 + -281.799 = -202.881 over 513 frames.
LOG (lattice-best-path[5.5]:main():lattice-best-path.cc:99) For utterance BAC009S0767W0199, best cost 116.403 + -370.896 = -254.494 over 638 frames.
LOG (lattice-best-path[5.5]:main():lattice-best-path.cc:99) For utterance BAC009S0767W0200, best cost 108.456 + -298.665 = -190.209 over 509 frames.
LOG (lattice-best-path[5.5]:main():lattice-best-path.cc:99) For utterance BAC009S0767W0201, best cost 47.7977 + -174.019 = -126.222 over 326 frames.
LOG (lattice-best-path[5.5]:main():lattice-best-path.cc:99) For utterance BAC009S0767W0202, best cost 68.2109 + -164.436 = -96.2247 over 313 frames.
LOG (lattice-best-path[5.5]:main():lattice-best-path.cc:99) For utterance BAC009S0767W0203, best cost 72.7765 + -238.08 = -165.303 over 401 frames.
LOG (lattice-best-path[5.5]:main():lattice-best-path.cc:99) For utterance BAC009S0767W0204, best cost 104.775 + -372.49 = -267.715 over 588 frames.
LOG (lattice-best-path[5.5]:main():lattice-best-path.cc:99) For utterance BAC009S0767W0205, best cost 109.497 + -348.2 = -238.704 over 594 frames.
LOG (lattice-best-path[5.5]:main():lattice-best-path.cc:99) For utterance BAC009S0767W0206, best cost 95.7771 + -243.585 = -147.808 over 441 frames.
LOG (lattice-best-path[5.5]:main():lattice-best-path.cc:99) For utterance BAC009S0767W0207, best cost 61.1759 + -191.383 = -130.207 over 360 frames.
LOG (lattice-best-path[5.5]:main():lattice-best-path.cc:99) For utterance BAC009S0767W0208, best cost 135.578 + -406.924 = -271.345 over 625 frames.
LOG (lattice-best-path[5.5]:main():lattice-best-path.cc:99) For utterance BAC009S0767W0209, best cost 84.0266 + -235.224 = -151.197 over 418 frames.
LOG (lattice-best-path[5.5]:main():lattice-best-path.cc:99) For utterance BAC009S0767W0210, best cost 86.0399 + -334.292 = -248.252 over 585 frames.
LOG (lattice-best-path[5.5]:main():lattice-best-path.cc:99) For utterance BAC009S0767W0211, best cost 108.672 + -467.276 = -358.604 over 733 frames.
LOG (lattice-best-path[5.5]:main():lattice-best-path.cc:99) For utterance BAC009S0767W0212, best cost 115.879 + -431.821 = -315.942 over 706 frames.
LOG (lattice-best-path[5.5]:main():lattice-best-path.cc:99) For utterance BAC009S0767W0213, best cost 149.985 + -455.193 = -305.208 over 767 frames.
LOG (lattice-best-path[5.5]:main():lattice-best-path.cc:99) For utterance BAC009S0767W0214, best cost 45.4007 + -201.331 = -155.93 over 359 frames.
LOG (lattice-best-path[5.5]:main():lattice-best-path.cc:99) For utterance BAC009S0767W0215, best cost 73.9936 + -329.579 = -255.585 over 567 frames.
LOG (lattice-best-path[5.5]:main():lattice-best-path.cc:99) For utterance BAC009S0767W0216, best cost 55.3974 + -222.918 = -167.52 over 379 frames.
LOG (lattice-best-path[5.5]:main():lattice-best-path.cc:99) For utterance BAC009S0767W0217, best cost 102.611 + -327.21 = -224.599 over 531 frames.
LOG (lattice-best-path[5.5]:main():lattice-best-path.cc:99) For utterance BAC009S0767W0218, best cost 128.39 + -427.198 = -298.808 over 683 frames.
LOG (lattice-best-path[5.5]:main():lattice-best-path.cc:99) For utterance BAC009S0767W0219, best cost 75.9408 + -266.265 = -190.325 over 434 frames.
LOG (lattice-best-path[5.5]:main():lattice-best-path.cc:99) For utterance BAC009S0767W0220, best cost 132.035 + -381.95 = -249.915 over 634 frames.
LOG (lattice-best-path[5.5]:main():lattice-best-path.cc:99) For utterance BAC009S0767W0221, best cost 117.691 + -367.182 = -249.491 over 610 frames.
LOG (lattice-best-path[5.5]:main():lattice-best-path.cc:99) For utterance BAC009S0767W0222, best cost 86.4998 + -227.169 = -140.669 over 396 frames.
LOG (lattice-best-path[5.5]:main():lattice-best-path.cc:99) For utterance BAC009S0767W0223, best cost 76.9988 + -235.556 = -158.557 over 384 frames.
LOG (lattice-best-path[5.5]:main():lattice-best-path.cc:99) For utterance BAC009S0767W0224, best cost 140.709 + -400.199 = -259.49 over 669 frames.
LOG (lattice-best-path[5.5]:main():lattice-best-path.cc:99) For utterance BAC009S0767W0225, best cost 99.6936 + -342.723 = -243.03 over 575 frames.
LOG (lattice-best-path[5.5]:main():lattice-best-path.cc:99) For utterance BAC009S0767W0226, best cost 76.5724 + -310.909 = -234.337 over 478 frames.
LOG (lattice-best-path[5.5]:main():lattice-best-path.cc:99) For utterance BAC009S0767W0227, best cost 83.1054 + -321.099 = -237.993 over 515 frames.
LOG (lattice-best-path[5.5]:main():lattice-best-path.cc:99) For utterance BAC009S0767W0228, best cost 83.2209 + -257.399 = -174.178 over 420 frames.
LOG (lattice-best-path[5.5]:main():lattice-best-path.cc:99) For utterance BAC009S0767W0229, best cost 88.6371 + -363.114 = -274.477 over 578 frames.
LOG (lattice-best-path[5.5]:main():lattice-best-path.cc:99) For utterance BAC009S0767W0230, best cost 99.8489 + -373.5 = -273.651 over 619 frames.
LOG (lattice-best-path[5.5]:main():lattice-best-path.cc:99) For utterance BAC009S0767W0231, best cost 105.198 + -393.854 = -288.656 over 618 frames.
LOG (lattice-best-path[5.5]:main():lattice-best-path.cc:99) For utterance BAC009S0767W0232, best cost 90.9389 + -322.763 = -231.824 over 537 frames.
LOG (lattice-best-path[5.5]:main():lattice-best-path.cc:99) For utterance BAC009S0767W0233, best cost 96.7483 + -298.901 = -202.152 over 502 frames.
LOG (lattice-best-path[5.5]:main():lattice-best-path.cc:99) For utterance BAC009S0767W0234, best cost 107.996 + -412.932 = -304.936 over 630 frames.
LOG (lattice-best-path[5.5]:main():lattice-best-path.cc:99) For utterance BAC009S0767W0235, best cost 94.7301 + -298.445 = -203.715 over 497 frames.
LOG (lattice-best-path[5.5]:main():lattice-best-path.cc:99) For utterance BAC009S0767W0236, best cost 55.0193 + -165.238 = -110.219 over 316 frames.
LOG (lattice-best-path[5.5]:main():lattice-best-path.cc:99) For utterance BAC009S0767W0237, best cost 58.5868 + -172.056 = -113.469 over 299 frames.
LOG (lattice-best-path[5.5]:main():lattice-best-path.cc:99) For utterance BAC009S0767W0238, best cost 100.052 + -372.675 = -272.624 over 585 frames.
LOG (lattice-best-path[5.5]:main():lattice-best-path.cc:99) For utterance BAC009S0767W0239, best cost 107.695 + -344.905 = -237.21 over 543 frames.
LOG (lattice-best-path[5.5]:main():lattice-best-path.cc:99) For utterance BAC009S0767W0240, best cost 137.231 + -385.19 = -247.959 over 625 frames.
LOG (lattice-best-path[5.5]:main():lattice-best-path.cc:99) For utterance BAC009S0767W0241, best cost 28.4677 + -180.654 = -152.186 over 333 frames.
LOG (lattice-best-path[5.5]:main():lattice-best-path.cc:99) For utterance BAC009S0767W0242, best cost 62.5594 + -224.279 = -161.72 over 390 frames.
LOG (lattice-best-path[5.5]:main():lattice-best-path.cc:99) For utterance BAC009S0767W0243, best cost 139.344 + -431.533 = -292.189 over 677 frames.
LOG (lattice-best-path[5.5]:main():lattice-best-path.cc:99) For utterance BAC009S0767W0244, best cost 143.475 + -466.054 = -322.579 over 767 frames.
LOG (lattice-best-path[5.5]:main():lattice-best-path.cc:99) For utterance BAC009S0767W0245, best cost 75.014 + -215.488 = -140.474 over 389 frames.
LOG (lattice-best-path[5.5]:main():lattice-best-path.cc:99) For utterance BAC009S0767W0246, best cost 79.4487 + -280.914 = -201.465 over 462 frames.
LOG (lattice-best-path[5.5]:main():lattice-best-path.cc:99) For utterance BAC009S0767W0247, best cost 88.3728 + -238.776 = -150.404 over 395 frames.
LOG (lattice-best-path[5.5]:main():lattice-best-path.cc:99) For utterance BAC009S0767W0248, best cost 99.3067 + -309.376 = -210.069 over 487 frames.
LOG (lattice-best-path[5.5]:main():lattice-best-path.cc:99) For utterance BAC009S0767W0249, best cost 103.4 + -280.971 = -177.572 over 470 frames.
LOG (lattice-best-path[5.5]:main():lattice-best-path.cc:99) For utterance BAC009S0767W0250, best cost 82.4753 + -291.158 = -208.683 over 504 frames.
LOG (lattice-best-path[5.5]:main():lattice-best-path.cc:99) For utterance BAC009S0767W0251, best cost 89.3289 + -309.098 = -219.769 over 515 frames.
LOG (lattice-best-path[5.5]:main():lattice-best-path.cc:99) For utterance BAC009S0767W0252, best cost 161.824 + -461.248 = -299.424 over 739 frames.
LOG (lattice-best-path[5.5]:main():lattice-best-path.cc:99) For utterance BAC009S0767W0254, best cost 79.3941 + -236.097 = -156.703 over 367 frames.
LOG (lattice-best-path[5.5]:main():lattice-best-path.cc:99) For utterance BAC009S0767W0260, best cost 131.541 + -397.368 = -265.827 over 619 frames.
LOG (lattice-best-path[5.5]:main():lattice-best-path.cc:99) For utterance BAC009S0767W0264, best cost 94.4125 + -296.118 = -201.705 over 478 frames.
LOG (lattice-best-path[5.5]:main():lattice-best-path.cc:99) For utterance BAC009S0767W0265, best cost 91.9736 + -281.345 = -189.371 over 465 frames.
LOG (lattice-best-path[5.5]:main():lattice-best-path.cc:99) For utterance BAC009S0767W0266, best cost 63.0909 + -156.553 = -93.4621 over 294 frames.
LOG (lattice-best-path[5.5]:main():lattice-best-path.cc:99) For utterance BAC009S0767W0269, best cost 117.467 + -338.762 = -221.295 over 598 frames.
LOG (lattice-best-path[5.5]:main():lattice-best-path.cc:99) For utterance BAC009S0767W0270, best cost 80.6737 + -198.395 = -117.721 over 327 frames.
LOG (lattice-best-path[5.5]:main():lattice-best-path.cc:99) For utterance BAC009S0767W0271, best cost 83.2228 + -270.345 = -187.122 over 439 frames.
LOG (lattice-best-path[5.5]:main():lattice-best-path.cc:99) For utterance BAC009S0767W0272, best cost 118.657 + -324.541 = -205.884 over 561 frames.
LOG (lattice-best-path[5.5]:main():lattice-best-path.cc:99) For utterance BAC009S0767W0273, best cost 79.9471 + -260.431 = -180.484 over 430 frames.
LOG (lattice-best-path[5.5]:main():lattice-best-path.cc:99) For utterance BAC009S0767W0274, best cost 126.622 + -351.293 = -224.671 over 570 frames.
LOG (lattice-best-path[5.5]:main():lattice-best-path.cc:99) For utterance BAC009S0767W0276, best cost 88.2271 + -257.238 = -169.011 over 434 frames.
LOG (lattice-best-path[5.5]:main():lattice-best-path.cc:99) For utterance BAC009S0767W0277, best cost 148.327 + -395.228 = -246.901 over 644 frames.
LOG (lattice-best-path[5.5]:main():lattice-best-path.cc:99) For utterance BAC009S0767W0278, best cost 98.9923 + -376.366 = -277.374 over 621 frames.
LOG (lattice-best-path[5.5]:main():lattice-best-path.cc:99) For utterance BAC009S0767W0282, best cost 117.696 + -309.904 = -192.208 over 507 frames.
LOG (lattice-best-path[5.5]:main():lattice-best-path.cc:99) For utterance BAC009S0767W0284, best cost 85.6473 + -221.047 = -135.4 over 375 frames.
LOG (lattice-best-path[5.5]:main():lattice-best-path.cc:99) For utterance BAC009S0767W0285, best cost 75.9443 + -166.642 = -90.6979 over 298 frames.
LOG (lattice-best-path[5.5]:main():lattice-best-path.cc:99) For utterance BAC009S0767W0287, best cost 92.7077 + -241.653 = -148.946 over 420 frames.
LOG (lattice-best-path[5.5]:main():lattice-best-path.cc:99) For utterance BAC009S0767W0288, best cost 86.2867 + -266.232 = -179.946 over 487 frames.
LOG (lattice-best-path[5.5]:main():lattice-best-path.cc:99) For utterance BAC009S0767W0289, best cost 69.3385 + -210.651 = -141.313 over 361 frames.
LOG (lattice-best-path[5.5]:main():lattice-best-path.cc:99) For utterance BAC009S0767W0290, best cost 133.293 + -414.477 = -281.184 over 659 frames.
LOG (lattice-best-path[5.5]:main():lattice-best-path.cc:99) For utterance BAC009S0767W0291, best cost 165.195 + -426.851 = -261.656 over 685 frames.
LOG (lattice-best-path[5.5]:main():lattice-best-path.cc:99) For utterance BAC009S0767W0292, best cost 66.8741 + -199.489 = -132.615 over 360 frames.
LOG (lattice-best-path[5.5]:main():lattice-best-path.cc:99) For utterance BAC009S0767W0293, best cost 102.433 + -324.203 = -221.77 over 581 frames.
LOG (lattice-best-path[5.5]:main():lattice-best-path.cc:99) For utterance BAC009S0767W0294, best cost 109.347 + -307.701 = -198.353 over 506 frames.
LOG (lattice-best-path[5.5]:main():lattice-best-path.cc:99) For utterance BAC009S0767W0295, best cost 133.447 + -299.019 = -165.572 over 480 frames.
LOG (lattice-best-path[5.5]:main():lattice-best-path.cc:99) For utterance BAC009S0767W0296, best cost 110.802 + -310.534 = -199.732 over 509 frames.
LOG (lattice-best-path[5.5]:main():lattice-best-path.cc:99) For utterance BAC009S0767W0297, best cost 71.0272 + -171.824 = -100.797 over 326 frames.
LOG (lattice-best-path[5.5]:main():lattice-best-path.cc:99) For utterance BAC009S0767W0298, best cost 79.6304 + -211.131 = -131.501 over 362 frames.
LOG (lattice-best-path[5.5]:main():lattice-best-path.cc:99) For utterance BAC009S0767W0300, best cost 118.467 + -326.911 = -208.445 over 565 frames.
LOG (lattice-best-path[5.5]:main():lattice-best-path.cc:99) For utterance BAC009S0767W0301, best cost 158.013 + -432.715 = -274.702 over 746 frames.
LOG (lattice-best-path[5.5]:main():lattice-best-path.cc:99) For utterance BAC009S0767W0303, best cost 63.3036 + -312.981 = -249.678 over 503 frames.
LOG (lattice-best-path[5.5]:main():lattice-best-path.cc:99) For utterance BAC009S0767W0304, best cost 114.995 + -449.938 = -334.943 over 709 frames.
LOG (lattice-best-path[5.5]:main():lattice-best-path.cc:99) For utterance BAC009S0767W0305, best cost 61.6154 + -257.208 = -195.593 over 416 frames.
LOG (lattice-best-path[5.5]:main():lattice-best-path.cc:99) For utterance BAC009S0767W0306, best cost 58.8997 + -201.701 = -142.801 over 346 frames.
LOG (lattice-best-path[5.5]:main():lattice-best-path.cc:99) For utterance BAC009S0767W0307, best cost 111.463 + -302.263 = -190.8 over 507 frames.
LOG (lattice-best-path[5.5]:main():lattice-best-path.cc:99) For utterance BAC009S0767W0308, best cost 64.8629 + -220.917 = -156.054 over 362 frames.
LOG (lattice-best-path[5.5]:main():lattice-best-path.cc:99) For utterance BAC009S0767W0309, best cost 87.9638 + -315.524 = -227.56 over 515 frames.
LOG (lattice-best-path[5.5]:main():lattice-best-path.cc:99) For utterance BAC009S0767W0310, best cost 96.6471 + -326.919 = -230.272 over 552 frames.
LOG (lattice-best-path[5.5]:main():lattice-best-path.cc:99) For utterance BAC009S0767W0311, best cost 103.032 + -316.044 = -213.012 over 510 frames.
LOG (lattice-best-path[5.5]:main():lattice-best-path.cc:99) For utterance BAC009S0767W0312, best cost 61.7576 + -240.998 = -179.241 over 425 frames.
LOG (lattice-best-path[5.5]:main():lattice-best-path.cc:99) For utterance BAC009S0767W0313, best cost 85.6872 + -273.486 = -187.799 over 457 frames.
LOG (lattice-best-path[5.5]:main():lattice-best-path.cc:99) For utterance BAC009S0767W0314, best cost 115.247 + -373.309 = -258.061 over 610 frames.
LOG (lattice-best-path[5.5]:main():lattice-best-path.cc:99) For utterance BAC009S0767W0315, best cost 104.166 + -334.069 = -229.904 over 575 frames.
LOG (lattice-best-path[5.5]:main():lattice-best-path.cc:99) For utterance BAC009S0767W0316, best cost 100.644 + -347.937 = -247.293 over 611 frames.
LOG (lattice-best-path[5.5]:main():lattice-best-path.cc:99) For utterance BAC009S0767W0317, best cost 33.2573 + -208.314 = -175.057 over 350 frames.
LOG (lattice-best-path[5.5]:main():lattice-best-path.cc:99) For utterance BAC009S0767W0318, best cost 57.1596 + -262.338 = -205.179 over 428 frames.
LOG (lattice-best-path[5.5]:main():lattice-best-path.cc:99) For utterance BAC009S0767W0319, best cost 68.3588 + -277.395 = -209.036 over 449 frames.
LOG (lattice-best-path[5.5]:main():lattice-best-path.cc:99) For utterance BAC009S0767W0320, best cost 69.6805 + -296.72 = -227.039 over 555 frames.
LOG (lattice-best-path[5.5]:main():lattice-best-path.cc:99) For utterance BAC009S0767W0321, best cost 80.0376 + -280.988 = -200.95 over 467 frames.
LOG (lattice-best-path[5.5]:main():lattice-best-path.cc:99) For utterance BAC009S0767W0322, best cost 100.374 + -298.16 = -197.786 over 489 frames.
LOG (lattice-best-path[5.5]:main():lattice-best-path.cc:99) For utterance BAC009S0767W0323, best cost 104.715 + -245.846 = -141.131 over 418 frames.
LOG (lattice-best-path[5.5]:main():lattice-best-path.cc:99) For utterance BAC009S0767W0324, best cost 101.225 + -286.855 = -185.629 over 495 frames.
LOG (lattice-best-path[5.5]:main():lattice-best-path.cc:99) For utterance BAC009S0767W0325, best cost 122.924 + -364.97 = -242.046 over 598 frames.
LOG (lattice-best-path[5.5]:main():lattice-best-path.cc:99) For utterance BAC009S0767W0326, best cost 59.6069 + -222.393 = -162.786 over 407 frames.
LOG (lattice-best-path[5.5]:main():lattice-best-path.cc:99) For utterance BAC009S0767W0327, best cost 91.2373 + -283.759 = -192.522 over 452 frames.
LOG (lattice-best-path[5.5]:main():lattice-best-path.cc:99) For utterance BAC009S0767W0328, best cost 120.111 + -347.598 = -227.487 over 548 frames.
LOG (lattice-best-path[5.5]:main():lattice-best-path.cc:99) For utterance BAC009S0767W0329, best cost 158.455 + -506.965 = -348.51 over 865 frames.
LOG (lattice-best-path[5.5]:main():lattice-best-path.cc:99) For utterance BAC009S0767W0330, best cost 67.7035 + -238.976 = -171.272 over 397 frames.
LOG (lattice-best-path[5.5]:main():lattice-best-path.cc:99) For utterance BAC009S0767W0331, best cost 64.5734 + -238.58 = -174.006 over 391 frames.
LOG (lattice-best-path[5.5]:main():lattice-best-path.cc:99) For utterance BAC009S0767W0332, best cost 78.6641 + -311.076 = -232.412 over 546 frames.
LOG (lattice-best-path[5.5]:main():lattice-best-path.cc:99) For utterance BAC009S0767W0333, best cost 85.3031 + -243.898 = -158.595 over 412 frames.
LOG (lattice-best-path[5.5]:main():lattice-best-path.cc:99) For utterance BAC009S0767W0334, best cost 111.141 + -393.712 = -282.571 over 643 frames.
LOG (lattice-best-path[5.5]:main():lattice-best-path.cc:99) For utterance BAC009S0767W0335, best cost 93.4249 + -367.208 = -273.783 over 576 frames.
LOG (lattice-best-path[5.5]:main():lattice-best-path.cc:99) For utterance BAC009S0767W0336, best cost 81.6698 + -230.003 = -148.334 over 407 frames.
LOG (lattice-best-path[5.5]:main():lattice-best-path.cc:99) For utterance BAC009S0767W0337, best cost 123.342 + -353.047 = -229.705 over 565 frames.
LOG (lattice-best-path[5.5]:main():lattice-best-path.cc:99) For utterance BAC009S0767W0338, best cost 71.1942 + -186.063 = -114.869 over 318 frames.
LOG (lattice-best-path[5.5]:main():lattice-best-path.cc:99) For utterance BAC009S0767W0339, best cost 86.2166 + -247.998 = -161.782 over 446 frames.
LOG (lattice-best-path[5.5]:main():lattice-best-path.cc:99) For utterance BAC009S0767W0340, best cost 79.8221 + -223.07 = -143.248 over 395 frames.
LOG (lattice-best-path[5.5]:main():lattice-best-path.cc:99) For utterance BAC009S0767W0341, best cost 138.812 + -357.057 = -218.245 over 570 frames.
LOG (lattice-best-path[5.5]:main():lattice-best-path.cc:99) For utterance BAC009S0767W0342, best cost 119.833 + -257.949 = -138.115 over 427 frames.
LOG (lattice-best-path[5.5]:main():lattice-best-path.cc:99) For utterance BAC009S0767W0343, best cost 70.8572 + -223.652 = -152.795 over 429 frames.
LOG (lattice-best-path[5.5]:main():lattice-best-path.cc:99) For utterance BAC009S0767W0344, best cost 93.6329 + -232.224 = -138.591 over 394 frames.
LOG (lattice-best-path[5.5]:main():lattice-best-path.cc:99) For utterance BAC009S0767W0345, best cost 143.979 + -368.808 = -224.829 over 593 frames.
LOG (lattice-best-path[5.5]:main():lattice-best-path.cc:99) For utterance BAC009S0767W0346, best cost 74.0261 + -179.499 = -105.473 over 343 frames.
LOG (lattice-best-path[5.5]:main():lattice-best-path.cc:99) For utterance BAC009S0767W0347, best cost 74.6477 + -199.015 = -124.367 over 349 frames.
LOG (lattice-best-path[5.5]:main():lattice-best-path.cc:99) For utterance BAC009S0767W0348, best cost 88.5792 + -268.676 = -180.097 over 435 frames.
LOG (lattice-best-path[5.5]:main():lattice-best-path.cc:99) For utterance BAC009S0767W0349, best cost 75.9556 + -212.959 = -137.004 over 397 frames.
LOG (lattice-best-path[5.5]:main():lattice-best-path.cc:99) For utterance BAC009S0767W0350, best cost 139.658 + -453.933 = -314.275 over 744 frames.
LOG (lattice-best-path[5.5]:main():lattice-best-path.cc:99) For utterance BAC009S0767W0351, best cost 90.1395 + -239.299 = -149.16 over 384 frames.
LOG (lattice-best-path[5.5]:main():lattice-best-path.cc:99) For utterance BAC009S0767W0352, best cost 126.578 + -307.232 = -180.655 over 518 frames.
LOG (lattice-best-path[5.5]:main():lattice-best-path.cc:99) For utterance BAC009S0767W0353, best cost 87.9047 + -205.874 = -117.97 over 367 frames.
LOG (lattice-best-path[5.5]:main():lattice-best-path.cc:99) For utterance BAC009S0767W0354, best cost 161.133 + -397.011 = -235.878 over 627 frames.
LOG (lattice-best-path[5.5]:main():lattice-best-path.cc:99) For utterance BAC009S0767W0355, best cost 119.429 + -333.224 = -213.795 over 592 frames.
LOG (lattice-best-path[5.5]:main():lattice-best-path.cc:99) For utterance BAC009S0767W0356, best cost 84.4662 + -227.456 = -142.99 over 384 frames.
LOG (lattice-best-path[5.5]:main():lattice-best-path.cc:99) For utterance BAC009S0767W0357, best cost 106.823 + -388.431 = -281.608 over 599 frames.
LOG (lattice-best-path[5.5]:main():lattice-best-path.cc:99) For utterance BAC009S0767W0358, best cost 83.3716 + -295.549 = -212.177 over 491 frames.
LOG (lattice-best-path[5.5]:main():lattice-best-path.cc:99) For utterance BAC009S0767W0359, best cost 90.1622 + -370.151 = -279.989 over 625 frames.
LOG (lattice-best-path[5.5]:main():lattice-best-path.cc:99) For utterance BAC009S0767W0360, best cost 101.871 + -297.571 = -195.7 over 483 frames.
LOG (lattice-best-path[5.5]:main():lattice-best-path.cc:99) For utterance BAC009S0767W0361, best cost 91.4241 + -272.438 = -181.014 over 483 frames.
LOG (lattice-best-path[5.5]:main():lattice-best-path.cc:99) For utterance BAC009S0767W0362, best cost 86.0966 + -256.79 = -170.693 over 433 frames.
LOG (lattice-best-path[5.5]:main():lattice-best-path.cc:99) For utterance BAC009S0767W0363, best cost 78.0894 + -223.569 = -145.48 over 389 frames.
LOG (lattice-best-path[5.5]:main():lattice-best-path.cc:99) For utterance BAC009S0767W0364, best cost 106.164 + -317.908 = -211.744 over 528 frames.
LOG (lattice-best-path[5.5]:main():lattice-best-path.cc:99) For utterance BAC009S0767W0365, best cost 95.516 + -325.007 = -229.491 over 520 frames.
LOG (lattice-best-path[5.5]:main():lattice-best-path.cc:99) For utterance BAC009S0767W0366, best cost 121.393 + -332.661 = -211.268 over 536 frames.
LOG (lattice-best-path[5.5]:main():lattice-best-path.cc:99) For utterance BAC009S0767W0367, best cost 121.996 + -316.259 = -194.263 over 527 frames.
LOG (lattice-best-path[5.5]:main():lattice-best-path.cc:99) For utterance BAC009S0767W0368, best cost 105.492 + -267.193 = -161.701 over 449 frames.
LOG (lattice-best-path[5.5]:main():lattice-best-path.cc:99) For utterance BAC009S0767W0369, best cost 87.6853 + -270.942 = -183.256 over 516 frames.
LOG (lattice-best-path[5.5]:main():lattice-best-path.cc:99) For utterance BAC009S0767W0370, best cost 101.211 + -282.687 = -181.475 over 469 frames.
LOG (lattice-best-path[5.5]:main():lattice-best-path.cc:99) For utterance BAC009S0767W0371, best cost 81.3344 + -307.038 = -225.703 over 520 frames.
LOG (lattice-best-path[5.5]:main():lattice-best-path.cc:99) For utterance BAC009S0767W0372, best cost 52.8578 + -196.699 = -143.841 over 332 frames.
LOG (lattice-best-path[5.5]:main():lattice-best-path.cc:99) For utterance BAC009S0767W0373, best cost 134.689 + -411.166 = -276.477 over 647 frames.
LOG (lattice-best-path[5.5]:main():lattice-best-path.cc:99) For utterance BAC009S0767W0374, best cost 150.187 + -393.419 = -243.232 over 638 frames.
LOG (lattice-best-path[5.5]:main():lattice-best-path.cc:99) For utterance BAC009S0767W0375, best cost 79.2461 + -246.637 = -167.391 over 406 frames.
LOG (lattice-best-path[5.5]:main():lattice-best-path.cc:99) For utterance BAC009S0767W0376, best cost 96.9859 + -335.135 = -238.149 over 628 frames.
LOG (lattice-best-path[5.5]:main():lattice-best-path.cc:99) For utterance BAC009S0767W0377, best cost 87.6987 + -385.984 = -298.285 over 615 frames.
LOG (lattice-best-path[5.5]:main():lattice-best-path.cc:99) For utterance BAC009S0767W0378, best cost 88.7143 + -319.905 = -231.191 over 514 frames.
LOG (lattice-best-path[5.5]:main():lattice-best-path.cc:99) For utterance BAC009S0767W0379, best cost 109.16 + -322.351 = -213.191 over 520 frames.
LOG (lattice-best-path[5.5]:main():lattice-best-path.cc:99) For utterance BAC009S0767W0380, best cost 110.259 + -345.966 = -235.707 over 551 frames.
LOG (lattice-best-path[5.5]:main():lattice-best-path.cc:99) For utterance BAC009S0767W0381, best cost 60.0054 + -182.085 = -122.08 over 321 frames.
LOG (lattice-best-path[5.5]:main():lattice-best-path.cc:99) For utterance BAC009S0767W0382, best cost 93.2822 + -233.009 = -139.727 over 417 frames.
LOG (lattice-best-path[5.5]:main():lattice-best-path.cc:99) For utterance BAC009S0767W0383, best cost 87.6688 + -228.707 = -141.038 over 388 frames.
LOG (lattice-best-path[5.5]:main():lattice-best-path.cc:99) For utterance BAC009S0767W0384, best cost 77.1257 + -232.487 = -155.361 over 378 frames.
LOG (lattice-best-path[5.5]:main():lattice-best-path.cc:99) For utterance BAC009S0767W0385, best cost 57.5121 + -193.449 = -135.937 over 329 frames.
LOG (lattice-best-path[5.5]:main():lattice-best-path.cc:99) For utterance BAC009S0767W0386, best cost 163.298 + -435.523 = -272.225 over 760 frames.
LOG (lattice-best-path[5.5]:main():lattice-best-path.cc:99) For utterance BAC009S0767W0387, best cost 147.505 + -413.105 = -265.6 over 647 frames.
LOG (lattice-best-path[5.5]:main():lattice-best-path.cc:99) For utterance BAC009S0767W0388, best cost 133.059 + -347.928 = -214.869 over 561 frames.
LOG (lattice-best-path[5.5]:main():lattice-best-path.cc:99) For utterance BAC009S0767W0389, best cost 62.0921 + -169.494 = -107.402 over 307 frames.
LOG (lattice-best-path[5.5]:main():lattice-best-path.cc:99) For utterance BAC009S0767W0390, best cost 88.1189 + -201.9 = -113.781 over 351 frames.
LOG (lattice-best-path[5.5]:main():lattice-best-path.cc:99) For utterance BAC009S0767W0391, best cost 78.5319 + -197.314 = -118.782 over 330 frames.
LOG (lattice-best-path[5.5]:main():lattice-best-path.cc:99) For utterance BAC009S0767W0392, best cost 106.982 + -341.859 = -234.878 over 528 frames.
LOG (lattice-best-path[5.5]:main():lattice-best-path.cc:99) For utterance BAC009S0767W0393, best cost 103.038 + -326.948 = -223.91 over 538 frames.
LOG (lattice-best-path[5.5]:main():lattice-best-path.cc:99) For utterance BAC009S0767W0394, best cost 71.0684 + -179.732 = -108.664 over 310 frames.
LOG (lattice-best-path[5.5]:main():lattice-best-path.cc:99) For utterance BAC009S0767W0395, best cost 30.0517 + -178.132 = -148.08 over 307 frames.
LOG (lattice-best-path[5.5]:main():lattice-best-path.cc:99) For utterance BAC009S0767W0396, best cost 41.8177 + -193.355 = -151.537 over 315 frames.
LOG (lattice-best-path[5.5]:main():lattice-best-path.cc:99) For utterance BAC009S0767W0397, best cost 119.132 + -368.368 = -249.235 over 580 frames.
LOG (lattice-best-path[5.5]:main():lattice-best-path.cc:99) For utterance BAC009S0767W0398, best cost 82.0026 + -249.519 = -167.516 over 473 frames.
LOG (lattice-best-path[5.5]:main():lattice-best-path.cc:99) For utterance BAC009S0767W0399, best cost 110.81 + -324.857 = -214.047 over 577 frames.
LOG (lattice-best-path[5.5]:main():lattice-best-path.cc:99) For utterance BAC009S0767W0400, best cost 115.07 + -287.25 = -172.18 over 488 frames.
LOG (lattice-best-path[5.5]:main():lattice-best-path.cc:99) For utterance BAC009S0767W0401, best cost 84.4954 + -213.596 = -129.1 over 366 frames.
LOG (lattice-best-path[5.5]:main():lattice-best-path.cc:99) For utterance BAC009S0767W0402, best cost 64.6224 + -201.729 = -137.107 over 349 frames.
LOG (lattice-best-path[5.5]:main():lattice-best-path.cc:99) For utterance BAC009S0767W0403, best cost 142.089 + -372.624 = -230.534 over 593 frames.
LOG (lattice-best-path[5.5]:main():lattice-best-path.cc:99) For utterance BAC009S0767W0404, best cost 53.5273 + -126.713 = -73.186 over 252 frames.
LOG (lattice-best-path[5.5]:main():lattice-best-path.cc:99) For utterance BAC009S0767W0406, best cost 81.1245 + -231.814 = -150.689 over 416 frames.
LOG (lattice-best-path[5.5]:main():lattice-best-path.cc:99) For utterance BAC009S0767W0407, best cost 62.2394 + -144.865 = -82.6252 over 275 frames.
LOG (lattice-best-path[5.5]:main():lattice-best-path.cc:99) For utterance BAC009S0767W0408, best cost 63.0264 + -219.264 = -156.237 over 374 frames.
LOG (lattice-best-path[5.5]:main():lattice-best-path.cc:99) For utterance BAC009S0767W0409, best cost 44.1462 + -123.421 = -79.2744 over 239 frames.
LOG (lattice-best-path[5.5]:main():lattice-best-path.cc:99) For utterance BAC009S0767W0410, best cost 47.9607 + -137.157 = -89.1959 over 259 frames.
LOG (lattice-best-path[5.5]:main():lattice-best-path.cc:99) For utterance BAC009S0767W0411, best cost 50.9805 + -158.046 = -107.065 over 280 frames.
LOG (lattice-best-path[5.5]:main():lattice-best-path.cc:99) For utterance BAC009S0767W0412, best cost 121.242 + -287.702 = -166.46 over 470 frames.
LOG (lattice-best-path[5.5]:main():lattice-best-path.cc:99) For utterance BAC009S0767W0414, best cost 89.6849 + -222.682 = -132.997 over 379 frames.
LOG (lattice-best-path[5.5]:main():lattice-best-path.cc:99) For utterance BAC009S0767W0415, best cost 74.6436 + -342.789 = -268.146 over 521 frames.
LOG (lattice-best-path[5.5]:main():lattice-best-path.cc:99) For utterance BAC009S0767W0416, best cost 84.725 + -298.133 = -213.408 over 503 frames.
LOG (lattice-best-path[5.5]:main():lattice-best-path.cc:99) For utterance BAC009S0767W0417, best cost 94.1027 + -219.387 = -125.285 over 379 frames.
LOG (lattice-best-path[5.5]:main():lattice-best-path.cc:99) For utterance BAC009S0767W0418, best cost 58.9153 + -173.997 = -115.081 over 311 frames.
LOG (lattice-best-path[5.5]:main():lattice-best-path.cc:99) For utterance BAC009S0767W0419, best cost 40.3282 + -141.564 = -101.235 over 262 frames.
LOG (lattice-best-path[5.5]:main():lattice-best-path.cc:99) For utterance BAC009S0767W0420, best cost 82.3989 + -228.891 = -146.492 over 421 frames.
LOG (lattice-best-path[5.5]:main():lattice-best-path.cc:99) For utterance BAC009S0767W0421, best cost 65.2617 + -189.414 = -124.152 over 338 frames.
LOG (lattice-best-path[5.5]:main():lattice-best-path.cc:99) For utterance BAC009S0767W0422, best cost 52.1117 + -130.172 = -78.0607 over 251 frames.
LOG (lattice-best-path[5.5]:main():lattice-best-path.cc:99) For utterance BAC009S0767W0423, best cost 55.784 + -137.15 = -81.3663 over 254 frames.
LOG (lattice-best-path[5.5]:main():lattice-best-path.cc:99) For utterance BAC009S0767W0424, best cost 62.983 + -138.084 = -75.1008 over 251 frames.
LOG (lattice-best-path[5.5]:main():lattice-best-path.cc:99) For utterance BAC009S0767W0425, best cost 73.2992 + -191.634 = -118.335 over 342 frames.
LOG (lattice-best-path[5.5]:main():lattice-best-path.cc:99) For utterance BAC009S0767W0426, best cost 71.6367 + -324.902 = -253.265 over 497 frames.
LOG (lattice-best-path[5.5]:main():lattice-best-path.cc:99) For utterance BAC009S0767W0428, best cost 108.701 + -266.238 = -157.537 over 466 frames.
LOG (lattice-best-path[5.5]:main():lattice-best-path.cc:99) For utterance BAC009S0767W0429, best cost 70.5028 + -186.249 = -115.746 over 348 frames.
LOG (lattice-best-path[5.5]:main():lattice-best-path.cc:99) For utterance BAC009S0767W0430, best cost 64.4989 + -143.23 = -78.731 over 269 frames.
LOG (lattice-best-path[5.5]:main():lattice-best-path.cc:99) For utterance BAC009S0767W0431, best cost 145.79 + -317.601 = -171.811 over 507 frames.
LOG (lattice-best-path[5.5]:main():lattice-best-path.cc:99) For utterance BAC009S0767W0432, best cost 101.592 + -224.805 = -123.213 over 392 frames.
LOG (lattice-best-path[5.5]:main():lattice-best-path.cc:99) For utterance BAC009S0767W0433, best cost 132.968 + -349.663 = -216.695 over 573 frames.
LOG (lattice-best-path[5.5]:main():lattice-best-path.cc:99) For utterance BAC009S0767W0434, best cost 127.478 + -348.067 = -220.59 over 547 frames.
LOG (lattice-best-path[5.5]:main():lattice-best-path.cc:99) For utterance BAC009S0767W0435, best cost 116.41 + -300.185 = -183.775 over 501 frames.
LOG (lattice-best-path[5.5]:main():lattice-best-path.cc:99) For utterance BAC009S0767W0436, best cost 144.221 + -305.371 = -161.15 over 509 frames.
LOG (lattice-best-path[5.5]:main():lattice-best-path.cc:99) For utterance BAC009S0767W0437, best cost 132.378 + -388.043 = -255.664 over 688 frames.
LOG (lattice-best-path[5.5]:main():lattice-best-path.cc:99) For utterance BAC009S0767W0438, best cost 151.432 + -344.376 = -192.944 over 564 frames.
LOG (lattice-best-path[5.5]:main():lattice-best-path.cc:99) For utterance BAC009S0767W0439, best cost 155.257 + -451.536 = -296.28 over 750 frames.
LOG (lattice-best-path[5.5]:main():lattice-best-path.cc:99) For utterance BAC009S0767W0440, best cost 146.844 + -415.707 = -268.863 over 688 frames.
LOG (lattice-best-path[5.5]:main():lattice-best-path.cc:99) For utterance BAC009S0767W0441, best cost 114.283 + -322.498 = -208.215 over 540 frames.
LOG (lattice-best-path[5.5]:main():lattice-best-path.cc:99) For utterance BAC009S0767W0442, best cost 123.836 + -387.97 = -264.134 over 638 frames.
LOG (lattice-best-path[5.5]:main():lattice-best-path.cc:99) For utterance BAC009S0767W0443, best cost 168.411 + -394.354 = -225.943 over 659 frames.
LOG (lattice-best-path[5.5]:main():lattice-best-path.cc:99) For utterance BAC009S0767W0444, best cost 133.25 + -294.746 = -161.496 over 481 frames.
LOG (lattice-best-path[5.5]:main():lattice-best-path.cc:99) For utterance BAC009S0767W0445, best cost 89.3627 + -229.756 = -140.394 over 394 frames.
LOG (lattice-best-path[5.5]:main():lattice-best-path.cc:99) For utterance BAC009S0767W0446, best cost 126.098 + -428.199 = -302.101 over 755 frames.
LOG (lattice-best-path[5.5]:main():lattice-best-path.cc:99) For utterance BAC009S0767W0447, best cost 97.7061 + -274.008 = -176.302 over 478 frames.
LOG (lattice-best-path[5.5]:main():lattice-best-path.cc:99) For utterance BAC009S0767W0448, best cost 71.2823 + -189.495 = -118.213 over 351 frames.
LOG (lattice-best-path[5.5]:main():lattice-best-path.cc:99) For utterance BAC009S0767W0449, best cost 72.64 + -213.268 = -140.628 over 381 frames.
LOG (lattice-best-path[5.5]:main():lattice-best-path.cc:99) For utterance BAC009S0767W0450, best cost 154.718 + -403.598 = -248.88 over 650 frames.
LOG (lattice-best-path[5.5]:main():lattice-best-path.cc:99) For utterance BAC009S0767W0451, best cost 111.702 + -305.003 = -193.301 over 520 frames.
LOG (lattice-best-path[5.5]:main():lattice-best-path.cc:99) For utterance BAC009S0767W0452, best cost 92.0659 + -264.699 = -172.633 over 449 frames.
LOG (lattice-best-path[5.5]:main():lattice-best-path.cc:99) For utterance BAC009S0767W0453, best cost 67.1438 + -266.078 = -198.934 over 444 frames.
LOG (lattice-best-path[5.5]:main():lattice-best-path.cc:99) For utterance BAC009S0767W0454, best cost 62.1806 + -225.491 = -163.311 over 369 frames.
LOG (lattice-best-path[5.5]:main():lattice-best-path.cc:99) For utterance BAC009S0767W0455, best cost 64.5329 + -153.909 = -89.3761 over 298 frames.
LOG (lattice-best-path[5.5]:main():lattice-best-path.cc:99) For utterance BAC009S0767W0456, best cost 107.502 + -302.207 = -194.705 over 518 frames.
LOG (lattice-best-path[5.5]:main():lattice-best-path.cc:99) For utterance BAC009S0767W0457, best cost 180.13 + -497.106 = -316.976 over 869 frames.
LOG (lattice-best-path[5.5]:main():lattice-best-path.cc:99) For utterance BAC009S0767W0458, best cost 78.6111 + -291.225 = -212.614 over 510 frames.
LOG (lattice-best-path[5.5]:main():lattice-best-path.cc:99) For utterance BAC009S0767W0459, best cost 148.468 + -360.605 = -212.137 over 626 frames.
LOG (lattice-best-path[5.5]:main():lattice-best-path.cc:99) For utterance BAC009S0767W0460, best cost 113.318 + -338.552 = -225.234 over 559 frames.
LOG (lattice-best-path[5.5]:main():lattice-best-path.cc:99) For utterance BAC009S0767W0461, best cost 151.077 + -365.439 = -214.362 over 631 frames.
LOG (lattice-best-path[5.5]:main():lattice-best-path.cc:99) For utterance BAC009S0767W0462, best cost 96.8504 + -238.84 = -141.989 over 417 frames.
LOG (lattice-best-path[5.5]:main():lattice-best-path.cc:99) For utterance BAC009S0767W0463, best cost 74.5838 + -228.806 = -154.222 over 388 frames.
LOG (lattice-best-path[5.5]:main():lattice-best-path.cc:99) For utterance BAC009S0767W0464, best cost 121.011 + -286.752 = -165.74 over 488 frames.
LOG (lattice-best-path[5.5]:main():lattice-best-path.cc:99) For utterance BAC009S0767W0465, best cost 154.741 + -369.782 = -215.041 over 659 frames.
LOG (lattice-best-path[5.5]:main():lattice-best-path.cc:99) For utterance BAC009S0767W0466, best cost 166.823 + -368.047 = -201.224 over 548 frames.
LOG (lattice-best-path[5.5]:main():lattice-best-path.cc:99) For utterance BAC009S0767W0467, best cost 92.2396 + -192.015 = -99.7754 over 328 frames.
LOG (lattice-best-path[5.5]:main():lattice-best-path.cc:99) For utterance BAC009S0767W0468, best cost 43.3633 + -199.842 = -156.478 over 324 frames.
LOG (lattice-best-path[5.5]:main():lattice-best-path.cc:99) For utterance BAC009S0767W0469, best cost 67.4975 + -182.485 = -114.988 over 323 frames.
LOG (lattice-best-path[5.5]:main():lattice-best-path.cc:99) For utterance BAC009S0767W0470, best cost 171.213 + -394.755 = -223.541 over 652 frames.
LOG (lattice-best-path[5.5]:main():lattice-best-path.cc:99) For utterance BAC009S0767W0471, best cost 114.778 + -302.021 = -187.243 over 577 frames.
LOG (lattice-best-path[5.5]:main():lattice-best-path.cc:99) For utterance BAC009S0767W0472, best cost 108.771 + -229.863 = -121.092 over 404 frames.
LOG (lattice-best-path[5.5]:main():lattice-best-path.cc:99) For utterance BAC009S0767W0473, best cost 75.4639 + -164.607 = -89.143 over 308 frames.
LOG (lattice-best-path[5.5]:main():lattice-best-path.cc:99) For utterance BAC009S0767W0474, best cost 98.7238 + -289.292 = -190.568 over 491 frames.
LOG (lattice-best-path[5.5]:main():lattice-best-path.cc:99) For utterance BAC009S0767W0475, best cost 85.8594 + -270.104 = -184.245 over 470 frames.
LOG (lattice-best-path[5.5]:main():lattice-best-path.cc:99) For utterance BAC009S0767W0476, best cost 91.6475 + -265.934 = -174.287 over 493 frames.
LOG (lattice-best-path[5.5]:main():lattice-best-path.cc:99) For utterance BAC009S0767W0477, best cost 59.7338 + -174.018 = -114.284 over 323 frames.
LOG (lattice-best-path[5.5]:main():lattice-best-path.cc:99) For utterance BAC009S0767W0478, best cost 89.4217 + -228.844 = -139.422 over 398 frames.
LOG (lattice-best-path[5.5]:main():lattice-best-path.cc:99) For utterance BAC009S0767W0479, best cost 161.291 + -420.721 = -259.429 over 687 frames.
LOG (lattice-best-path[5.5]:main():lattice-best-path.cc:99) For utterance BAC009S0767W0480, best cost 169.798 + -437.495 = -267.697 over 735 frames.
LOG (lattice-best-path[5.5]:main():lattice-best-path.cc:99) For utterance BAC009S0767W0481, best cost 95.0464 + -302.979 = -207.933 over 512 frames.
LOG (lattice-best-path[5.5]:main():lattice-best-path.cc:99) For utterance BAC009S0767W0482, best cost 63.6727 + -180.433 = -116.761 over 348 frames.
LOG (lattice-best-path[5.5]:main():lattice-best-path.cc:99) For utterance BAC009S0767W0483, best cost 156.969 + -462.752 = -305.783 over 855 frames.
LOG (lattice-best-path[5.5]:main():lattice-best-path.cc:99) For utterance BAC009S0767W0484, best cost 147.155 + -375.494 = -228.339 over 663 frames.
LOG (lattice-best-path[5.5]:main():lattice-best-path.cc:99) For utterance BAC009S0767W0485, best cost 162.331 + -454.122 = -291.79 over 769 frames.
LOG (lattice-best-path[5.5]:main():lattice-best-path.cc:99) For utterance BAC009S0767W0486, best cost 184.076 + -555.962 = -371.885 over 982 frames.
LOG (lattice-best-path[5.5]:main():lattice-best-path.cc:99) For utterance BAC009S0767W0487, best cost 86.7124 + -235.653 = -148.941 over 396 frames.
LOG (lattice-best-path[5.5]:main():lattice-best-path.cc:99) For utterance BAC009S0767W0488, best cost 60.7252 + -161.202 = -100.477 over 297 frames.
LOG (lattice-best-path[5.5]:main():lattice-best-path.cc:99) For utterance BAC009S0767W0489, best cost 103.642 + -322.759 = -219.118 over 521 frames.
LOG (lattice-best-path[5.5]:main():lattice-best-path.cc:99) For utterance BAC009S0767W0490, best cost 69.5731 + -138.439 = -68.8659 over 292 frames.
LOG (lattice-best-path[5.5]:main():lattice-best-path.cc:99) For utterance BAC009S0767W0491, best cost 71.9616 + -158.179 = -86.2176 over 290 frames.
LOG (lattice-best-path[5.5]:main():lattice-best-path.cc:99) For utterance BAC009S0767W0492, best cost 161.76 + -430.281 = -268.521 over 764 frames.
LOG (lattice-best-path[5.5]:main():lattice-best-path.cc:99) For utterance BAC009S0767W0493, best cost 60.8498 + -250.349 = -189.499 over 408 frames.
LOG (lattice-best-path[5.5]:main():lattice-best-path.cc:99) For utterance BAC009S0767W0494, best cost 88.3533 + -276.419 = -188.066 over 460 frames.
LOG (lattice-depth-per-frame[5.5]:main():lattice-depth-per-frame.cc:82) Done 353 lattices.
LOG (lattice-best-path[5.5]:main():lattice-best-path.cc:99) For utterance BAC009S0767W0495, best cost 92.0307 + -227.963 = -135.932 over 396 frames.
LOG (lattice-best-path[5.5]:main():lattice-best-path.cc:124) Overall cost per frame is -0.402084 = 0.19179 [graph] + -0.593874 [acoustic] over 169111 frames.
LOG (lattice-best-path[5.5]:main():lattice-best-path.cc:128) Done 353 lattices, failed for 0
# Accounting: time=2 threads=1
# Ended (code 0) at Sat Jun 18 23:01:52 CST 2022, elapsed time 2 seconds
