# lattice-depth-per-frame "ark:gunzip -c exp/nnet3/new_dnn_sp/decode_test/lat.7.gz|" "ark,t:|gzip -c > exp/nnet3/new_dnn_sp/decode_test/depth_tmp.7.gz" ark:- | lattice-best-path --acoustic-scale=0.1 ark:- ark:/dev/null "ark,t:|gzip -c >exp/nnet3/new_dnn_sp/decode_test/ali_tmp.7.gz" 
# Started at Sat Jun 18 23:01:50 CST 2022
#
lattice-depth-per-frame 'ark:gunzip -c exp/nnet3/new_dnn_sp/decode_test/lat.7.gz|' 'ark,t:|gzip -c > exp/nnet3/new_dnn_sp/decode_test/depth_tmp.7.gz' ark:- 
lattice-best-path --acoustic-scale=0.1 ark:- ark:/dev/null 'ark,t:|gzip -c >exp/nnet3/new_dnn_sp/decode_test/ali_tmp.7.gz' 
LOG (lattice-best-path[5.5]:main():lattice-best-path.cc:99) For utterance BAC009S0770W0121, best cost 96.9452 + -459.243 = -362.298 over 841 frames.
LOG (lattice-best-path[5.5]:main():lattice-best-path.cc:99) For utterance BAC009S0770W0122, best cost 57.023 + -247.341 = -190.318 over 468 frames.
LOG (lattice-best-path[5.5]:main():lattice-best-path.cc:99) For utterance BAC009S0770W0123, best cost 42.7366 + -160.562 = -117.825 over 308 frames.
LOG (lattice-best-path[5.5]:main():lattice-best-path.cc:99) For utterance BAC009S0770W0124, best cost 59.1738 + -212.421 = -153.247 over 392 frames.
LOG (lattice-best-path[5.5]:main():lattice-best-path.cc:99) For utterance BAC009S0770W0125, best cost 88.3602 + -338.393 = -250.033 over 686 frames.
LOG (lattice-best-path[5.5]:main():lattice-best-path.cc:99) For utterance BAC009S0770W0126, best cost 49.8657 + -185.358 = -135.492 over 359 frames.
LOG (lattice-best-path[5.5]:main():lattice-best-path.cc:99) For utterance BAC009S0770W0127, best cost 50.0944 + -231.653 = -181.559 over 461 frames.
LOG (lattice-best-path[5.5]:main():lattice-best-path.cc:99) For utterance BAC009S0770W0128, best cost 65.498 + -218.011 = -152.513 over 438 frames.
LOG (lattice-best-path[5.5]:main():lattice-best-path.cc:99) For utterance BAC009S0770W0129, best cost 55.2254 + -243.529 = -188.303 over 528 frames.
LOG (lattice-best-path[5.5]:main():lattice-best-path.cc:99) For utterance BAC009S0770W0130, best cost 96.9623 + -393.289 = -296.327 over 707 frames.
LOG (lattice-best-path[5.5]:main():lattice-best-path.cc:99) For utterance BAC009S0770W0131, best cost 140.727 + -560.303 = -419.575 over 1082 frames.
LOG (lattice-best-path[5.5]:main():lattice-best-path.cc:99) For utterance BAC009S0770W0132, best cost 132.828 + -553.618 = -420.79 over 983 frames.
LOG (lattice-best-path[5.5]:main():lattice-best-path.cc:99) For utterance BAC009S0770W0133, best cost 99.7024 + -319.887 = -220.185 over 605 frames.
LOG (lattice-best-path[5.5]:main():lattice-best-path.cc:99) For utterance BAC009S0770W0134, best cost 69.1797 + -262.372 = -193.193 over 467 frames.
LOG (lattice-best-path[5.5]:main():lattice-best-path.cc:99) For utterance BAC009S0770W0135, best cost 71.3409 + -252.155 = -180.814 over 491 frames.
LOG (lattice-best-path[5.5]:main():lattice-best-path.cc:99) For utterance BAC009S0770W0136, best cost 91.4458 + -346.158 = -254.712 over 646 frames.
LOG (lattice-best-path[5.5]:main():lattice-best-path.cc:99) For utterance BAC009S0770W0137, best cost 72.9498 + -283.813 = -210.863 over 524 frames.
LOG (lattice-best-path[5.5]:main():lattice-best-path.cc:99) For utterance BAC009S0770W0138, best cost 70.2523 + -288.516 = -218.263 over 514 frames.
LOG (lattice-best-path[5.5]:main():lattice-best-path.cc:99) For utterance BAC009S0770W0139, best cost 73.0585 + -236.005 = -162.947 over 439 frames.
LOG (lattice-best-path[5.5]:main():lattice-best-path.cc:99) For utterance BAC009S0770W0140, best cost 52.264 + -216.602 = -164.338 over 404 frames.
LOG (lattice-best-path[5.5]:main():lattice-best-path.cc:99) For utterance BAC009S0770W0141, best cost 92.482 + -329.264 = -236.782 over 610 frames.
LOG (lattice-best-path[5.5]:main():lattice-best-path.cc:99) For utterance BAC009S0770W0142, best cost 72.8649 + -261.757 = -188.892 over 510 frames.
LOG (lattice-best-path[5.5]:main():lattice-best-path.cc:99) For utterance BAC009S0770W0143, best cost 161.866 + -468.904 = -307.038 over 815 frames.
LOG (lattice-best-path[5.5]:main():lattice-best-path.cc:99) For utterance BAC009S0770W0144, best cost 65.3301 + -291.294 = -225.964 over 556 frames.
LOG (lattice-best-path[5.5]:main():lattice-best-path.cc:99) For utterance BAC009S0770W0145, best cost 101.803 + -412.955 = -311.153 over 810 frames.
LOG (lattice-best-path[5.5]:main():lattice-best-path.cc:99) For utterance BAC009S0770W0146, best cost 70.329 + -237.862 = -167.533 over 431 frames.
LOG (lattice-best-path[5.5]:main():lattice-best-path.cc:99) For utterance BAC009S0770W0147, best cost 92.9325 + -315.754 = -222.822 over 562 frames.
LOG (lattice-best-path[5.5]:main():lattice-best-path.cc:99) For utterance BAC009S0770W0148, best cost 53.069 + -210.26 = -157.191 over 403 frames.
LOG (lattice-best-path[5.5]:main():lattice-best-path.cc:99) For utterance BAC009S0770W0149, best cost 101.717 + -321.382 = -219.665 over 611 frames.
LOG (lattice-best-path[5.5]:main():lattice-best-path.cc:99) For utterance BAC009S0770W0150, best cost 95.6116 + -354.001 = -258.389 over 666 frames.
LOG (lattice-best-path[5.5]:main():lattice-best-path.cc:99) For utterance BAC009S0770W0151, best cost 65.9355 + -283.359 = -217.423 over 594 frames.
LOG (lattice-best-path[5.5]:main():lattice-best-path.cc:99) For utterance BAC009S0770W0152, best cost 103.28 + -455.001 = -351.721 over 803 frames.
LOG (lattice-best-path[5.5]:main():lattice-best-path.cc:99) For utterance BAC009S0770W0153, best cost 109.688 + -409 = -299.312 over 704 frames.
LOG (lattice-best-path[5.5]:main():lattice-best-path.cc:99) For utterance BAC009S0770W0154, best cost 64.4031 + -242.283 = -177.879 over 498 frames.
LOG (lattice-best-path[5.5]:main():lattice-best-path.cc:99) For utterance BAC009S0770W0155, best cost 103.16 + -417.509 = -314.349 over 806 frames.
LOG (lattice-best-path[5.5]:main():lattice-best-path.cc:99) For utterance BAC009S0770W0156, best cost 144.479 + -556.925 = -412.446 over 1055 frames.
LOG (lattice-best-path[5.5]:main():lattice-best-path.cc:99) For utterance BAC009S0770W0157, best cost 74.1698 + -269.842 = -195.672 over 485 frames.
LOG (lattice-best-path[5.5]:main():lattice-best-path.cc:99) For utterance BAC009S0770W0158, best cost 75.2247 + -277.255 = -202.03 over 474 frames.
LOG (lattice-best-path[5.5]:main():lattice-best-path.cc:99) For utterance BAC009S0770W0159, best cost 35.8018 + -260.101 = -224.299 over 425 frames.
LOG (lattice-best-path[5.5]:main():lattice-best-path.cc:99) For utterance BAC009S0770W0160, best cost 89.1135 + -381.395 = -292.281 over 657 frames.
LOG (lattice-best-path[5.5]:main():lattice-best-path.cc:99) For utterance BAC009S0770W0161, best cost 85.4983 + -381.058 = -295.559 over 667 frames.
LOG (lattice-best-path[5.5]:main():lattice-best-path.cc:99) For utterance BAC009S0770W0162, best cost 72.4676 + -271.115 = -198.647 over 497 frames.
LOG (lattice-best-path[5.5]:main():lattice-best-path.cc:99) For utterance BAC009S0770W0163, best cost 94.3351 + -326.054 = -231.719 over 652 frames.
LOG (lattice-best-path[5.5]:main():lattice-best-path.cc:99) For utterance BAC009S0770W0164, best cost 88.0208 + -451.735 = -363.714 over 870 frames.
LOG (lattice-best-path[5.5]:main():lattice-best-path.cc:99) For utterance BAC009S0770W0165, best cost 71.2808 + -241.703 = -170.422 over 450 frames.
LOG (lattice-best-path[5.5]:main():lattice-best-path.cc:99) For utterance BAC009S0770W0166, best cost 127.06 + -472.445 = -345.385 over 843 frames.
LOG (lattice-best-path[5.5]:main():lattice-best-path.cc:99) For utterance BAC009S0770W0167, best cost 96.33 + -342.575 = -246.245 over 648 frames.
LOG (lattice-best-path[5.5]:main():lattice-best-path.cc:99) For utterance BAC009S0770W0168, best cost 115.525 + -504.204 = -388.679 over 954 frames.
LOG (lattice-best-path[5.5]:main():lattice-best-path.cc:99) For utterance BAC009S0770W0169, best cost 97.6667 + -440.459 = -342.792 over 745 frames.
LOG (lattice-best-path[5.5]:main():lattice-best-path.cc:99) For utterance BAC009S0770W0170, best cost 82.2521 + -296.129 = -213.877 over 521 frames.
LOG (lattice-best-path[5.5]:main():lattice-best-path.cc:99) For utterance BAC009S0770W0171, best cost 86.76 + -312.243 = -225.483 over 584 frames.
LOG (lattice-best-path[5.5]:main():lattice-best-path.cc:99) For utterance BAC009S0770W0172, best cost 45.8379 + -221.22 = -175.382 over 378 frames.
LOG (lattice-best-path[5.5]:main():lattice-best-path.cc:99) For utterance BAC009S0770W0173, best cost 57.5413 + -290.233 = -232.692 over 556 frames.
LOG (lattice-best-path[5.5]:main():lattice-best-path.cc:99) For utterance BAC009S0770W0174, best cost 75.7552 + -284.384 = -208.629 over 495 frames.
LOG (lattice-best-path[5.5]:main():lattice-best-path.cc:99) For utterance BAC009S0770W0175, best cost 111.663 + -426.472 = -314.81 over 718 frames.
LOG (lattice-best-path[5.5]:main():lattice-best-path.cc:99) For utterance BAC009S0770W0176, best cost 56.3808 + -230.486 = -174.105 over 434 frames.
LOG (lattice-best-path[5.5]:main():lattice-best-path.cc:99) For utterance BAC009S0770W0177, best cost 90.7736 + -308.676 = -217.902 over 547 frames.
LOG (lattice-best-path[5.5]:main():lattice-best-path.cc:99) For utterance BAC009S0770W0178, best cost 129.013 + -554.869 = -425.856 over 896 frames.
LOG (lattice-best-path[5.5]:main():lattice-best-path.cc:99) For utterance BAC009S0770W0179, best cost 92.682 + -270.32 = -177.638 over 515 frames.
LOG (lattice-best-path[5.5]:main():lattice-best-path.cc:99) For utterance BAC009S0770W0180, best cost 56.4872 + -214.24 = -157.753 over 398 frames.
LOG (lattice-best-path[5.5]:main():lattice-best-path.cc:99) For utterance BAC009S0770W0181, best cost 124.961 + -343.182 = -218.221 over 648 frames.
LOG (lattice-best-path[5.5]:main():lattice-best-path.cc:99) For utterance BAC009S0770W0182, best cost 81.1935 + -273.961 = -192.767 over 529 frames.
LOG (lattice-best-path[5.5]:main():lattice-best-path.cc:99) For utterance BAC009S0770W0183, best cost 63.3432 + -208.93 = -145.587 over 379 frames.
LOG (lattice-best-path[5.5]:main():lattice-best-path.cc:99) For utterance BAC009S0770W0184, best cost 82.8802 + -338.833 = -255.953 over 573 frames.
LOG (lattice-best-path[5.5]:main():lattice-best-path.cc:99) For utterance BAC009S0770W0185, best cost 121.48 + -466.92 = -345.44 over 786 frames.
LOG (lattice-best-path[5.5]:main():lattice-best-path.cc:99) For utterance BAC009S0770W0186, best cost 138.497 + -545.812 = -407.315 over 998 frames.
LOG (lattice-best-path[5.5]:main():lattice-best-path.cc:99) For utterance BAC009S0770W0187, best cost 140.313 + -544.035 = -403.722 over 971 frames.
LOG (lattice-best-path[5.5]:main():lattice-best-path.cc:99) For utterance BAC009S0770W0188, best cost 116.576 + -437.932 = -321.356 over 898 frames.
LOG (lattice-best-path[5.5]:main():lattice-best-path.cc:99) For utterance BAC009S0770W0189, best cost 93.2035 + -358.689 = -265.486 over 621 frames.
LOG (lattice-best-path[5.5]:main():lattice-best-path.cc:99) For utterance BAC009S0770W0190, best cost 99.7323 + -333.533 = -233.801 over 574 frames.
LOG (lattice-best-path[5.5]:main():lattice-best-path.cc:99) For utterance BAC009S0770W0191, best cost 78.2606 + -297.478 = -219.218 over 538 frames.
LOG (lattice-best-path[5.5]:main():lattice-best-path.cc:99) For utterance BAC009S0770W0192, best cost 90.8524 + -379.555 = -288.703 over 681 frames.
LOG (lattice-best-path[5.5]:main():lattice-best-path.cc:99) For utterance BAC009S0770W0193, best cost 121.594 + -464.321 = -342.727 over 840 frames.
LOG (lattice-best-path[5.5]:main():lattice-best-path.cc:99) For utterance BAC009S0770W0194, best cost 106.256 + -399.868 = -293.612 over 683 frames.
LOG (lattice-best-path[5.5]:main():lattice-best-path.cc:99) For utterance BAC009S0770W0195, best cost 75.7238 + -254.693 = -178.969 over 473 frames.
LOG (lattice-best-path[5.5]:main():lattice-best-path.cc:99) For utterance BAC009S0770W0196, best cost 95.4101 + -256.578 = -161.168 over 458 frames.
LOG (lattice-best-path[5.5]:main():lattice-best-path.cc:99) For utterance BAC009S0770W0197, best cost 125.803 + -455.361 = -329.558 over 786 frames.
LOG (lattice-best-path[5.5]:main():lattice-best-path.cc:99) For utterance BAC009S0770W0198, best cost 59.2776 + -200.602 = -141.324 over 358 frames.
LOG (lattice-best-path[5.5]:main():lattice-best-path.cc:99) For utterance BAC009S0770W0199, best cost 101.908 + -330.13 = -228.222 over 569 frames.
LOG (lattice-best-path[5.5]:main():lattice-best-path.cc:99) For utterance BAC009S0770W0200, best cost 79.3894 + -319.636 = -240.247 over 547 frames.
LOG (lattice-best-path[5.5]:main():lattice-best-path.cc:99) For utterance BAC009S0770W0201, best cost 115.868 + -409.212 = -293.344 over 730 frames.
LOG (lattice-best-path[5.5]:main():lattice-best-path.cc:99) For utterance BAC009S0770W0202, best cost 86.6988 + -309.56 = -222.861 over 570 frames.
LOG (lattice-best-path[5.5]:main():lattice-best-path.cc:99) For utterance BAC009S0770W0203, best cost 49.3771 + -199.697 = -150.32 over 353 frames.
LOG (lattice-best-path[5.5]:main():lattice-best-path.cc:99) For utterance BAC009S0770W0204, best cost 64.5269 + -211.109 = -146.582 over 417 frames.
LOG (lattice-best-path[5.5]:main():lattice-best-path.cc:99) For utterance BAC009S0770W0205, best cost 84.7071 + -344.26 = -259.552 over 564 frames.
LOG (lattice-best-path[5.5]:main():lattice-best-path.cc:99) For utterance BAC009S0770W0206, best cost 111.873 + -475.862 = -363.989 over 964 frames.
LOG (lattice-best-path[5.5]:main():lattice-best-path.cc:99) For utterance BAC009S0770W0207, best cost 127.397 + -403.39 = -275.993 over 685 frames.
LOG (lattice-best-path[5.5]:main():lattice-best-path.cc:99) For utterance BAC009S0770W0208, best cost 101.369 + -331.232 = -229.863 over 584 frames.
LOG (lattice-best-path[5.5]:main():lattice-best-path.cc:99) For utterance BAC009S0770W0209, best cost 61.6606 + -229.491 = -167.83 over 412 frames.
LOG (lattice-best-path[5.5]:main():lattice-best-path.cc:99) For utterance BAC009S0770W0210, best cost 156.173 + -658.764 = -502.59 over 1198 frames.
LOG (lattice-best-path[5.5]:main():lattice-best-path.cc:99) For utterance BAC009S0770W0211, best cost 78.2989 + -280.466 = -202.168 over 482 frames.
LOG (lattice-best-path[5.5]:main():lattice-best-path.cc:99) For utterance BAC009S0770W0212, best cost 87.7018 + -352.569 = -264.867 over 589 frames.
LOG (lattice-best-path[5.5]:main():lattice-best-path.cc:99) For utterance BAC009S0770W0213, best cost 116.512 + -474.285 = -357.773 over 842 frames.
LOG (lattice-best-path[5.5]:main():lattice-best-path.cc:99) For utterance BAC009S0770W0214, best cost 155.263 + -548.537 = -393.274 over 1059 frames.
LOG (lattice-best-path[5.5]:main():lattice-best-path.cc:99) For utterance BAC009S0770W0215, best cost 143.356 + -493.642 = -350.285 over 877 frames.
LOG (lattice-best-path[5.5]:main():lattice-best-path.cc:99) For utterance BAC009S0770W0216, best cost 51.9686 + -237.233 = -185.265 over 484 frames.
LOG (lattice-best-path[5.5]:main():lattice-best-path.cc:99) For utterance BAC009S0770W0217, best cost 67.7378 + -295.966 = -228.228 over 520 frames.
LOG (lattice-best-path[5.5]:main():lattice-best-path.cc:99) For utterance BAC009S0770W0218, best cost 55.3388 + -222.041 = -166.702 over 425 frames.
LOG (lattice-best-path[5.5]:main():lattice-best-path.cc:99) For utterance BAC009S0770W0219, best cost 107.365 + -414.312 = -306.947 over 790 frames.
LOG (lattice-best-path[5.5]:main():lattice-best-path.cc:99) For utterance BAC009S0770W0220, best cost 126.477 + -552.044 = -425.567 over 998 frames.
LOG (lattice-best-path[5.5]:main():lattice-best-path.cc:99) For utterance BAC009S0770W0221, best cost 68.3617 + -227.324 = -158.962 over 419 frames.
LOG (lattice-best-path[5.5]:main():lattice-best-path.cc:99) For utterance BAC009S0770W0222, best cost 146.883 + -569.31 = -422.427 over 973 frames.
LOG (lattice-best-path[5.5]:main():lattice-best-path.cc:99) For utterance BAC009S0770W0223, best cost 123.136 + -400.037 = -276.901 over 730 frames.
LOG (lattice-best-path[5.5]:main():lattice-best-path.cc:99) For utterance BAC009S0770W0224, best cost 84.5461 + -282.844 = -198.298 over 494 frames.
LOG (lattice-best-path[5.5]:main():lattice-best-path.cc:99) For utterance BAC009S0770W0225, best cost 76.3131 + -286.637 = -210.324 over 537 frames.
LOG (lattice-best-path[5.5]:main():lattice-best-path.cc:99) For utterance BAC009S0770W0226, best cost 147.507 + -520.399 = -372.892 over 918 frames.
LOG (lattice-best-path[5.5]:main():lattice-best-path.cc:99) For utterance BAC009S0770W0227, best cost 101.422 + -391.445 = -290.024 over 675 frames.
LOG (lattice-best-path[5.5]:main():lattice-best-path.cc:99) For utterance BAC009S0770W0228, best cost 81.81 + -370.793 = -288.983 over 606 frames.
LOG (lattice-best-path[5.5]:main():lattice-best-path.cc:99) For utterance BAC009S0770W0229, best cost 92.4656 + -358.763 = -266.298 over 604 frames.
LOG (lattice-best-path[5.5]:main():lattice-best-path.cc:99) For utterance BAC009S0770W0230, best cost 86.0208 + -315.26 = -229.239 over 542 frames.
LOG (lattice-best-path[5.5]:main():lattice-best-path.cc:99) For utterance BAC009S0770W0231, best cost 92.5813 + -385.465 = -292.884 over 677 frames.
LOG (lattice-best-path[5.5]:main():lattice-best-path.cc:99) For utterance BAC009S0770W0232, best cost 99.7277 + -372.673 = -272.945 over 622 frames.
LOG (lattice-best-path[5.5]:main():lattice-best-path.cc:99) For utterance BAC009S0770W0233, best cost 115.025 + -473.64 = -358.615 over 813 frames.
LOG (lattice-best-path[5.5]:main():lattice-best-path.cc:99) For utterance BAC009S0770W0234, best cost 102.892 + -464.581 = -361.688 over 874 frames.
LOG (lattice-best-path[5.5]:main():lattice-best-path.cc:99) For utterance BAC009S0770W0235, best cost 93.1163 + -287.499 = -194.383 over 513 frames.
LOG (lattice-best-path[5.5]:main():lattice-best-path.cc:99) For utterance BAC009S0770W0236, best cost 119.679 + -517.849 = -398.17 over 981 frames.
LOG (lattice-best-path[5.5]:main():lattice-best-path.cc:99) For utterance BAC009S0770W0237, best cost 96.4827 + -329.682 = -233.199 over 569 frames.
LOG (lattice-best-path[5.5]:main():lattice-best-path.cc:99) For utterance BAC009S0770W0238, best cost 56.3446 + -161.957 = -105.612 over 370 frames.
LOG (lattice-best-path[5.5]:main():lattice-best-path.cc:99) For utterance BAC009S0770W0239, best cost 59.6456 + -193.038 = -133.392 over 354 frames.
LOG (lattice-best-path[5.5]:main():lattice-best-path.cc:99) For utterance BAC009S0770W0240, best cost 106.735 + -465.17 = -358.436 over 784 frames.
LOG (lattice-best-path[5.5]:main():lattice-best-path.cc:99) For utterance BAC009S0770W0241, best cost 119.724 + -504.473 = -384.749 over 936 frames.
LOG (lattice-best-path[5.5]:main():lattice-best-path.cc:99) For utterance BAC009S0770W0242, best cost 29.3518 + -171.414 = -142.062 over 357 frames.
LOG (lattice-best-path[5.5]:main():lattice-best-path.cc:99) For utterance BAC009S0770W0243, best cost 66.5772 + -337.672 = -271.095 over 661 frames.
LOG (lattice-best-path[5.5]:main():lattice-best-path.cc:99) For utterance BAC009S0770W0244, best cost 77.178 + -289.05 = -211.872 over 522 frames.
LOG (lattice-best-path[5.5]:main():lattice-best-path.cc:99) For utterance BAC009S0770W0245, best cost 148.048 + -437.41 = -289.362 over 763 frames.
LOG (lattice-best-path[5.5]:main():lattice-best-path.cc:99) For utterance BAC009S0770W0246, best cost 63.7441 + -219.658 = -155.913 over 408 frames.
LOG (lattice-best-path[5.5]:main():lattice-best-path.cc:99) For utterance BAC009S0770W0247, best cost 126.963 + -452.613 = -325.65 over 820 frames.
LOG (lattice-best-path[5.5]:main():lattice-best-path.cc:99) For utterance BAC009S0770W0248, best cost 136.664 + -445.773 = -309.109 over 835 frames.
LOG (lattice-best-path[5.5]:main():lattice-best-path.cc:99) For utterance BAC009S0770W0249, best cost 82.6601 + -279.791 = -197.131 over 527 frames.
LOG (lattice-best-path[5.5]:main():lattice-best-path.cc:99) For utterance BAC009S0770W0250, best cost 151.043 + -506.528 = -355.485 over 932 frames.
LOG (lattice-best-path[5.5]:main():lattice-best-path.cc:99) For utterance BAC009S0770W0251, best cost 137.721 + -480.882 = -343.16 over 854 frames.
LOG (lattice-best-path[5.5]:main():lattice-best-path.cc:99) For utterance BAC009S0770W0252, best cost 129.645 + -413.407 = -283.762 over 745 frames.
LOG (lattice-best-path[5.5]:main():lattice-best-path.cc:99) For utterance BAC009S0770W0253, best cost 124.833 + -371.525 = -246.692 over 722 frames.
LOG (lattice-best-path[5.5]:main():lattice-best-path.cc:99) For utterance BAC009S0770W0254, best cost 77.3203 + -282.92 = -205.6 over 548 frames.
LOG (lattice-best-path[5.5]:main():lattice-best-path.cc:99) For utterance BAC009S0770W0255, best cost 107.175 + -302.19 = -195.015 over 547 frames.
LOG (lattice-best-path[5.5]:main():lattice-best-path.cc:99) For utterance BAC009S0770W0256, best cost 136.606 + -492.152 = -355.546 over 863 frames.
LOG (lattice-best-path[5.5]:main():lattice-best-path.cc:99) For utterance BAC009S0770W0257, best cost 121.276 + -509.906 = -388.63 over 924 frames.
LOG (lattice-best-path[5.5]:main():lattice-best-path.cc:99) For utterance BAC009S0770W0258, best cost 113.913 + -464.751 = -350.838 over 799 frames.
LOG (lattice-best-path[5.5]:main():lattice-best-path.cc:99) For utterance BAC009S0770W0259, best cost 70.2857 + -224.003 = -153.717 over 421 frames.
LOG (lattice-best-path[5.5]:main():lattice-best-path.cc:99) For utterance BAC009S0770W0260, best cost 83.5601 + -307.865 = -224.305 over 594 frames.
LOG (lattice-best-path[5.5]:main():lattice-best-path.cc:99) For utterance BAC009S0770W0261, best cost 48.5392 + -214.422 = -165.883 over 359 frames.
LOG (lattice-best-path[5.5]:main():lattice-best-path.cc:99) For utterance BAC009S0770W0263, best cost 84.9303 + -298.261 = -213.331 over 502 frames.
LOG (lattice-best-path[5.5]:main():lattice-best-path.cc:99) For utterance BAC009S0770W0264, best cost 102.731 + -354.387 = -251.657 over 771 frames.
LOG (lattice-best-path[5.5]:main():lattice-best-path.cc:99) For utterance BAC009S0770W0265, best cost 117.673 + -385.707 = -268.034 over 730 frames.
LOG (lattice-best-path[5.5]:main():lattice-best-path.cc:99) For utterance BAC009S0770W0267, best cost 136.859 + -454.581 = -317.721 over 862 frames.
LOG (lattice-best-path[5.5]:main():lattice-best-path.cc:99) For utterance BAC009S0770W0268, best cost 53.7819 + -218.379 = -164.597 over 387 frames.
LOG (lattice-best-path[5.5]:main():lattice-best-path.cc:99) For utterance BAC009S0770W0270, best cost 135.118 + -375.307 = -240.189 over 689 frames.
LOG (lattice-best-path[5.5]:main():lattice-best-path.cc:99) For utterance BAC009S0770W0271, best cost 86.558 + -292.826 = -206.268 over 591 frames.
LOG (lattice-best-path[5.5]:main():lattice-best-path.cc:99) For utterance BAC009S0770W0272, best cost 121.236 + -452.826 = -331.59 over 799 frames.
LOG (lattice-best-path[5.5]:main():lattice-best-path.cc:99) For utterance BAC009S0770W0274, best cost 110.274 + -421.496 = -311.222 over 772 frames.
LOG (lattice-best-path[5.5]:main():lattice-best-path.cc:99) For utterance BAC009S0770W0276, best cost 95.7473 + -362.154 = -266.407 over 615 frames.
LOG (lattice-best-path[5.5]:main():lattice-best-path.cc:99) For utterance BAC009S0770W0279, best cost 54.561 + -220.759 = -166.198 over 367 frames.
LOG (lattice-best-path[5.5]:main():lattice-best-path.cc:99) For utterance BAC009S0770W0280, best cost 95.6588 + -318.816 = -223.157 over 548 frames.
LOG (lattice-best-path[5.5]:main():lattice-best-path.cc:99) For utterance BAC009S0770W0282, best cost 69.1371 + -293.616 = -224.479 over 483 frames.
LOG (lattice-best-path[5.5]:main():lattice-best-path.cc:99) For utterance BAC009S0770W0283, best cost 115.218 + -367.594 = -252.376 over 656 frames.
LOG (lattice-best-path[5.5]:main():lattice-best-path.cc:99) For utterance BAC009S0770W0284, best cost 77.6239 + -289.534 = -211.91 over 517 frames.
LOG (lattice-best-path[5.5]:main():lattice-best-path.cc:99) For utterance BAC009S0770W0285, best cost 99.4672 + -293.491 = -194.024 over 555 frames.
LOG (lattice-best-path[5.5]:main():lattice-best-path.cc:99) For utterance BAC009S0770W0290, best cost 109.318 + -361.666 = -252.348 over 598 frames.
LOG (lattice-best-path[5.5]:main():lattice-best-path.cc:99) For utterance BAC009S0770W0291, best cost 57.9844 + -184.445 = -126.461 over 359 frames.
LOG (lattice-best-path[5.5]:main():lattice-best-path.cc:99) For utterance BAC009S0770W0292, best cost 112.219 + -446.507 = -334.288 over 728 frames.
LOG (lattice-best-path[5.5]:main():lattice-best-path.cc:99) For utterance BAC009S0770W0293, best cost 79.5056 + -224.251 = -144.746 over 423 frames.
LOG (lattice-best-path[5.5]:main():lattice-best-path.cc:99) For utterance BAC009S0770W0297, best cost 95.5722 + -327.988 = -232.416 over 551 frames.
LOG (lattice-best-path[5.5]:main():lattice-best-path.cc:99) For utterance BAC009S0770W0298, best cost 121.429 + -486.35 = -364.92 over 806 frames.
LOG (lattice-best-path[5.5]:main():lattice-best-path.cc:99) For utterance BAC009S0770W0299, best cost 71.7698 + -239.15 = -167.38 over 471 frames.
LOG (lattice-best-path[5.5]:main():lattice-best-path.cc:99) For utterance BAC009S0770W0300, best cost 149.746 + -475.011 = -325.265 over 863 frames.
LOG (lattice-best-path[5.5]:main():lattice-best-path.cc:99) For utterance BAC009S0770W0304, best cost 111.317 + -393.698 = -282.381 over 701 frames.
LOG (lattice-best-path[5.5]:main():lattice-best-path.cc:99) For utterance BAC009S0770W0305, best cost 120.159 + -404.342 = -284.183 over 731 frames.
LOG (lattice-best-path[5.5]:main():lattice-best-path.cc:99) For utterance BAC009S0770W0306, best cost 74.5323 + -283.719 = -209.187 over 493 frames.
LOG (lattice-best-path[5.5]:main():lattice-best-path.cc:99) For utterance BAC009S0770W0307, best cost 69.3066 + -209.676 = -140.369 over 380 frames.
LOG (lattice-best-path[5.5]:main():lattice-best-path.cc:99) For utterance BAC009S0770W0308, best cost 76.7327 + -300.441 = -223.708 over 549 frames.
LOG (lattice-best-path[5.5]:main():lattice-best-path.cc:99) For utterance BAC009S0770W0309, best cost 120.149 + -436.076 = -315.927 over 788 frames.
LOG (lattice-best-path[5.5]:main():lattice-best-path.cc:99) For utterance BAC009S0770W0310, best cost 64.662 + -212.881 = -148.219 over 360 frames.
LOG (lattice-best-path[5.5]:main():lattice-best-path.cc:99) For utterance BAC009S0770W0311, best cost 93.8891 + -327.886 = -233.997 over 574 frames.
LOG (lattice-best-path[5.5]:main():lattice-best-path.cc:99) For utterance BAC009S0770W0312, best cost 114.168 + -370.771 = -256.603 over 649 frames.
LOG (lattice-best-path[5.5]:main():lattice-best-path.cc:99) For utterance BAC009S0770W0313, best cost 97.3366 + -376.203 = -278.866 over 724 frames.
LOG (lattice-best-path[5.5]:main():lattice-best-path.cc:99) For utterance BAC009S0770W0314, best cost 71.3936 + -250.148 = -178.754 over 458 frames.
LOG (lattice-best-path[5.5]:main():lattice-best-path.cc:99) For utterance BAC009S0770W0315, best cost 66.3591 + -267.26 = -200.901 over 474 frames.
LOG (lattice-best-path[5.5]:main():lattice-best-path.cc:99) For utterance BAC009S0770W0316, best cost 74.0963 + -244.559 = -170.462 over 440 frames.
LOG (lattice-best-path[5.5]:main():lattice-best-path.cc:99) For utterance BAC009S0770W0317, best cost 122.982 + -444.399 = -321.417 over 838 frames.
LOG (lattice-best-path[5.5]:main():lattice-best-path.cc:99) For utterance BAC009S0770W0318, best cost 87.9706 + -271.34 = -183.369 over 489 frames.
LOG (lattice-best-path[5.5]:main():lattice-best-path.cc:99) For utterance BAC009S0770W0319, best cost 55.303 + -243.508 = -188.205 over 455 frames.
LOG (lattice-best-path[5.5]:main():lattice-best-path.cc:99) For utterance BAC009S0770W0320, best cost 119.213 + -439.631 = -320.418 over 737 frames.
LOG (lattice-best-path[5.5]:main():lattice-best-path.cc:99) For utterance BAC009S0770W0322, best cost 128.749 + -469.741 = -340.992 over 884 frames.
LOG (lattice-best-path[5.5]:main():lattice-best-path.cc:99) For utterance BAC009S0770W0323, best cost 59.7073 + -228.91 = -169.202 over 400 frames.
LOG (lattice-best-path[5.5]:main():lattice-best-path.cc:99) For utterance BAC009S0770W0324, best cost 89.4431 + -398.785 = -309.342 over 657 frames.
LOG (lattice-best-path[5.5]:main():lattice-best-path.cc:99) For utterance BAC009S0770W0325, best cost 82.5175 + -359.555 = -277.038 over 578 frames.
LOG (lattice-best-path[5.5]:main():lattice-best-path.cc:99) For utterance BAC009S0770W0326, best cost 100.203 + -310.652 = -210.449 over 541 frames.
LOG (lattice-best-path[5.5]:main():lattice-best-path.cc:99) For utterance BAC009S0770W0327, best cost 63.6763 + -237.335 = -173.659 over 404 frames.
LOG (lattice-best-path[5.5]:main():lattice-best-path.cc:99) For utterance BAC009S0770W0328, best cost 106.955 + -336.598 = -229.643 over 573 frames.
LOG (lattice-best-path[5.5]:main():lattice-best-path.cc:99) For utterance BAC009S0770W0329, best cost 139.144 + -535.161 = -396.017 over 953 frames.
LOG (lattice-best-path[5.5]:main():lattice-best-path.cc:99) For utterance BAC009S0770W0330, best cost 102.71 + -330.147 = -227.437 over 663 frames.
LOG (lattice-best-path[5.5]:main():lattice-best-path.cc:99) For utterance BAC009S0770W0331, best cost 110.231 + -333.951 = -223.719 over 623 frames.
LOG (lattice-best-path[5.5]:main():lattice-best-path.cc:99) For utterance BAC009S0770W0332, best cost 139.889 + -464.435 = -324.545 over 814 frames.
LOG (lattice-best-path[5.5]:main():lattice-best-path.cc:99) For utterance BAC009S0770W0333, best cost 80.1353 + -226.785 = -146.65 over 404 frames.
LOG (lattice-best-path[5.5]:main():lattice-best-path.cc:99) For utterance BAC009S0770W0334, best cost 97.1665 + -297.264 = -200.097 over 535 frames.
LOG (lattice-best-path[5.5]:main():lattice-best-path.cc:99) For utterance BAC009S0770W0335, best cost 157.149 + -611.967 = -454.818 over 1141 frames.
LOG (lattice-best-path[5.5]:main():lattice-best-path.cc:99) For utterance BAC009S0770W0336, best cost 104.092 + -361.637 = -257.545 over 626 frames.
LOG (lattice-best-path[5.5]:main():lattice-best-path.cc:99) For utterance BAC009S0770W0337, best cost 146.028 + -478.639 = -332.611 over 905 frames.
LOG (lattice-best-path[5.5]:main():lattice-best-path.cc:99) For utterance BAC009S0770W0338, best cost 114.718 + -410.534 = -295.816 over 698 frames.
LOG (lattice-best-path[5.5]:main():lattice-best-path.cc:99) For utterance BAC009S0770W0339, best cost 147.034 + -444.789 = -297.755 over 839 frames.
LOG (lattice-best-path[5.5]:main():lattice-best-path.cc:99) For utterance BAC009S0770W0340, best cost 135.036 + -483.731 = -348.695 over 849 frames.
LOG (lattice-best-path[5.5]:main():lattice-best-path.cc:99) For utterance BAC009S0770W0341, best cost 107.24 + -359.072 = -251.832 over 636 frames.
LOG (lattice-best-path[5.5]:main():lattice-best-path.cc:99) For utterance BAC009S0770W0342, best cost 67.5376 + -304.591 = -237.053 over 514 frames.
LOG (lattice-best-path[5.5]:main():lattice-best-path.cc:99) For utterance BAC009S0770W0343, best cost 81.5942 + -314.334 = -232.74 over 564 frames.
LOG (lattice-best-path[5.5]:main():lattice-best-path.cc:99) For utterance BAC009S0770W0344, best cost 101.024 + -304.601 = -203.577 over 553 frames.
LOG (lattice-best-path[5.5]:main():lattice-best-path.cc:99) For utterance BAC009S0770W0345, best cost 95.1636 + -345.093 = -249.93 over 624 frames.
LOG (lattice-best-path[5.5]:main():lattice-best-path.cc:99) For utterance BAC009S0770W0346, best cost 111.867 + -349.577 = -237.711 over 627 frames.
LOG (lattice-best-path[5.5]:main():lattice-best-path.cc:99) For utterance BAC009S0770W0347, best cost 69.6002 + -235.283 = -165.682 over 423 frames.
LOG (lattice-best-path[5.5]:main():lattice-best-path.cc:99) For utterance BAC009S0770W0348, best cost 55.9475 + -197.35 = -141.402 over 353 frames.
LOG (lattice-best-path[5.5]:main():lattice-best-path.cc:99) For utterance BAC009S0770W0349, best cost 169.292 + -545.452 = -376.159 over 971 frames.
LOG (lattice-best-path[5.5]:main():lattice-best-path.cc:99) For utterance BAC009S0770W0350, best cost 102.141 + -343.966 = -241.825 over 606 frames.
LOG (lattice-best-path[5.5]:main():lattice-best-path.cc:99) For utterance BAC009S0770W0351, best cost 130.215 + -415.766 = -285.551 over 684 frames.
LOG (lattice-best-path[5.5]:main():lattice-best-path.cc:99) For utterance BAC009S0770W0352, best cost 68.377 + -208.805 = -140.428 over 382 frames.
LOG (lattice-best-path[5.5]:main():lattice-best-path.cc:99) For utterance BAC009S0770W0353, best cost 101.34 + -294.056 = -192.716 over 500 frames.
LOG (lattice-best-path[5.5]:main():lattice-best-path.cc:99) For utterance BAC009S0770W0355, best cost 68.1555 + -230.338 = -162.183 over 410 frames.
LOG (lattice-best-path[5.5]:main():lattice-best-path.cc:99) For utterance BAC009S0770W0356, best cost 118.412 + -335.828 = -217.416 over 606 frames.
LOG (lattice-best-path[5.5]:main():lattice-best-path.cc:99) For utterance BAC009S0770W0357, best cost 112.07 + -327.782 = -215.712 over 569 frames.
LOG (lattice-best-path[5.5]:main():lattice-best-path.cc:99) For utterance BAC009S0770W0358, best cost 72.666 + -290.634 = -217.968 over 516 frames.
LOG (lattice-best-path[5.5]:main():lattice-best-path.cc:99) For utterance BAC009S0770W0359, best cost 150.749 + -420.362 = -269.614 over 736 frames.
LOG (lattice-best-path[5.5]:main():lattice-best-path.cc:99) For utterance BAC009S0770W0360, best cost 115.295 + -337.987 = -222.692 over 631 frames.
LOG (lattice-best-path[5.5]:main():lattice-best-path.cc:99) For utterance BAC009S0770W0361, best cost 94.0148 + -314.019 = -220.004 over 546 frames.
LOG (lattice-best-path[5.5]:main():lattice-best-path.cc:99) For utterance BAC009S0770W0362, best cost 100.63 + -241.478 = -140.848 over 415 frames.
LOG (lattice-best-path[5.5]:main():lattice-best-path.cc:99) For utterance BAC009S0770W0363, best cost 114.841 + -415.43 = -300.589 over 696 frames.
LOG (lattice-best-path[5.5]:main():lattice-best-path.cc:99) For utterance BAC009S0770W0364, best cost 99.3766 + -353.095 = -253.719 over 680 frames.
LOG (lattice-best-path[5.5]:main():lattice-best-path.cc:99) For utterance BAC009S0770W0365, best cost 88.8339 + -280.755 = -191.921 over 526 frames.
LOG (lattice-best-path[5.5]:main():lattice-best-path.cc:99) For utterance BAC009S0770W0366, best cost 95.9342 + -297.444 = -201.51 over 575 frames.
LOG (lattice-best-path[5.5]:main():lattice-best-path.cc:99) For utterance BAC009S0770W0367, best cost 131.647 + -437.046 = -305.399 over 784 frames.
LOG (lattice-best-path[5.5]:main():lattice-best-path.cc:99) For utterance BAC009S0770W0368, best cost 169.095 + -458.682 = -289.587 over 816 frames.
LOG (lattice-best-path[5.5]:main():lattice-best-path.cc:99) For utterance BAC009S0770W0369, best cost 92.2541 + -328.098 = -235.844 over 580 frames.
LOG (lattice-best-path[5.5]:main():lattice-best-path.cc:99) For utterance BAC009S0770W0370, best cost 153.267 + -508.216 = -354.948 over 889 frames.
LOG (lattice-best-path[5.5]:main():lattice-best-path.cc:99) For utterance BAC009S0770W0371, best cost 150.624 + -382.927 = -232.304 over 648 frames.
LOG (lattice-best-path[5.5]:main():lattice-best-path.cc:99) For utterance BAC009S0770W0372, best cost 68.522 + -222.776 = -154.254 over 395 frames.
LOG (lattice-best-path[5.5]:main():lattice-best-path.cc:99) For utterance BAC009S0770W0373, best cost 96.617 + -330.285 = -233.668 over 558 frames.
LOG (lattice-best-path[5.5]:main():lattice-best-path.cc:99) For utterance BAC009S0770W0374, best cost 184.808 + -556.583 = -371.774 over 1076 frames.
LOG (lattice-best-path[5.5]:main():lattice-best-path.cc:99) For utterance BAC009S0770W0375, best cost 72.9702 + -201.712 = -128.742 over 374 frames.
LOG (lattice-best-path[5.5]:main():lattice-best-path.cc:99) For utterance BAC009S0770W0376, best cost 76.3048 + -294.371 = -218.066 over 547 frames.
LOG (lattice-best-path[5.5]:main():lattice-best-path.cc:99) For utterance BAC009S0770W0377, best cost 81.5802 + -267.182 = -185.602 over 476 frames.
LOG (lattice-best-path[5.5]:main():lattice-best-path.cc:99) For utterance BAC009S0770W0378, best cost 69.7417 + -195.712 = -125.971 over 364 frames.
LOG (lattice-best-path[5.5]:main():lattice-best-path.cc:99) For utterance BAC009S0770W0379, best cost 65.1607 + -210.542 = -145.381 over 372 frames.
LOG (lattice-best-path[5.5]:main():lattice-best-path.cc:99) For utterance BAC009S0770W0380, best cost 137.355 + -421.231 = -283.876 over 723 frames.
LOG (lattice-best-path[5.5]:main():lattice-best-path.cc:99) For utterance BAC009S0770W0381, best cost 188.65 + -476.177 = -287.526 over 825 frames.
LOG (lattice-best-path[5.5]:main():lattice-best-path.cc:99) For utterance BAC009S0770W0382, best cost 150.649 + -439.821 = -289.172 over 830 frames.
LOG (lattice-best-path[5.5]:main():lattice-best-path.cc:99) For utterance BAC009S0770W0383, best cost 104.277 + -316.506 = -212.228 over 553 frames.
LOG (lattice-best-path[5.5]:main():lattice-best-path.cc:99) For utterance BAC009S0770W0384, best cost 118.834 + -344.903 = -226.069 over 607 frames.
LOG (lattice-best-path[5.5]:main():lattice-best-path.cc:99) For utterance BAC009S0770W0385, best cost 87.5011 + -258.304 = -170.803 over 466 frames.
LOG (lattice-best-path[5.5]:main():lattice-best-path.cc:99) For utterance BAC009S0770W0386, best cost 110.928 + -425.56 = -314.632 over 705 frames.
LOG (lattice-best-path[5.5]:main():lattice-best-path.cc:99) For utterance BAC009S0770W0387, best cost 106.039 + -331.301 = -225.262 over 589 frames.
LOG (lattice-best-path[5.5]:main():lattice-best-path.cc:99) For utterance BAC009S0770W0388, best cost 112.842 + -273.13 = -160.288 over 462 frames.
LOG (lattice-best-path[5.5]:main():lattice-best-path.cc:99) For utterance BAC009S0770W0389, best cost 61.3759 + -218.965 = -157.589 over 378 frames.
LOG (lattice-best-path[5.5]:main():lattice-best-path.cc:99) For utterance BAC009S0770W0390, best cost 96.3395 + -291.22 = -194.88 over 480 frames.
LOG (lattice-best-path[5.5]:main():lattice-best-path.cc:99) For utterance BAC009S0770W0391, best cost 97.7629 + -272.509 = -174.746 over 474 frames.
LOG (lattice-best-path[5.5]:main():lattice-best-path.cc:99) For utterance BAC009S0770W0392, best cost 111.748 + -341.634 = -229.886 over 573 frames.
LOG (lattice-best-path[5.5]:main():lattice-best-path.cc:99) For utterance BAC009S0770W0393, best cost 58.1448 + -214.356 = -156.211 over 359 frames.
LOG (lattice-best-path[5.5]:main():lattice-best-path.cc:99) For utterance BAC009S0770W0395, best cost 71.9592 + -223.905 = -151.945 over 375 frames.
LOG (lattice-best-path[5.5]:main():lattice-best-path.cc:99) For utterance BAC009S0770W0396, best cost 97.4208 + -289.068 = -191.647 over 507 frames.
LOG (lattice-best-path[5.5]:main():lattice-best-path.cc:99) For utterance BAC009S0770W0397, best cost 114.664 + -314.417 = -199.753 over 560 frames.
LOG (lattice-best-path[5.5]:main():lattice-best-path.cc:99) For utterance BAC009S0770W0398, best cost 89.9467 + -230.94 = -140.993 over 398 frames.
LOG (lattice-best-path[5.5]:main():lattice-best-path.cc:99) For utterance BAC009S0770W0399, best cost 63.4896 + -248.069 = -184.58 over 403 frames.
LOG (lattice-best-path[5.5]:main():lattice-best-path.cc:99) For utterance BAC009S0770W0400, best cost 86.8479 + -256.859 = -170.011 over 430 frames.
LOG (lattice-best-path[5.5]:main():lattice-best-path.cc:99) For utterance BAC009S0770W0401, best cost 79.5887 + -282.425 = -202.836 over 503 frames.
LOG (lattice-best-path[5.5]:main():lattice-best-path.cc:99) For utterance BAC009S0770W0402, best cost 109.922 + -387.52 = -277.599 over 699 frames.
LOG (lattice-best-path[5.5]:main():lattice-best-path.cc:99) For utterance BAC009S0770W0403, best cost 108.625 + -389.016 = -280.39 over 689 frames.
LOG (lattice-best-path[5.5]:main():lattice-best-path.cc:99) For utterance BAC009S0770W0404, best cost 56.9126 + -198.658 = -141.745 over 372 frames.
LOG (lattice-best-path[5.5]:main():lattice-best-path.cc:99) For utterance BAC009S0770W0405, best cost 140.08 + -498.926 = -358.846 over 955 frames.
LOG (lattice-best-path[5.5]:main():lattice-best-path.cc:99) For utterance BAC009S0770W0406, best cost 140.369 + -393.015 = -252.646 over 681 frames.
LOG (lattice-best-path[5.5]:main():lattice-best-path.cc:99) For utterance BAC009S0770W0407, best cost 53.5408 + -157.022 = -103.481 over 321 frames.
LOG (lattice-best-path[5.5]:main():lattice-best-path.cc:99) For utterance BAC009S0770W0408, best cost 40.1828 + -265.595 = -225.413 over 474 frames.
LOG (lattice-best-path[5.5]:main():lattice-best-path.cc:99) For utterance BAC009S0770W0409, best cost 93.8771 + -346.584 = -252.707 over 619 frames.
LOG (lattice-best-path[5.5]:main():lattice-best-path.cc:99) For utterance BAC009S0770W0410, best cost 92.1635 + -305.88 = -213.717 over 582 frames.
LOG (lattice-best-path[5.5]:main():lattice-best-path.cc:99) For utterance BAC009S0770W0411, best cost 88.0851 + -257.963 = -169.878 over 488 frames.
LOG (lattice-best-path[5.5]:main():lattice-best-path.cc:99) For utterance BAC009S0770W0412, best cost 64.9501 + -414.75 = -349.8 over 821 frames.
LOG (lattice-best-path[5.5]:main():lattice-best-path.cc:99) For utterance BAC009S0770W0413, best cost 28.5815 + -151.193 = -122.612 over 282 frames.
LOG (lattice-best-path[5.5]:main():lattice-best-path.cc:99) For utterance BAC009S0770W0414, best cost 84.0018 + -261.783 = -177.781 over 449 frames.
LOG (lattice-best-path[5.5]:main():lattice-best-path.cc:99) For utterance BAC009S0770W0415, best cost 172.096 + -543.276 = -371.18 over 1006 frames.
LOG (lattice-best-path[5.5]:main():lattice-best-path.cc:99) For utterance BAC009S0770W0416, best cost 96.746 + -295.752 = -199.006 over 529 frames.
LOG (lattice-best-path[5.5]:main():lattice-best-path.cc:99) For utterance BAC009S0770W0417, best cost 77.4903 + -234.416 = -156.926 over 423 frames.
LOG (lattice-best-path[5.5]:main():lattice-best-path.cc:99) For utterance BAC009S0770W0419, best cost 39.9002 + -300.334 = -260.434 over 525 frames.
LOG (lattice-best-path[5.5]:main():lattice-best-path.cc:99) For utterance BAC009S0770W0420, best cost 61.1019 + -156.513 = -95.4108 over 279 frames.
LOG (lattice-best-path[5.5]:main():lattice-best-path.cc:99) For utterance BAC009S0770W0421, best cost 95.1514 + -247.486 = -152.335 over 437 frames.
LOG (lattice-best-path[5.5]:main():lattice-best-path.cc:99) For utterance BAC009S0770W0422, best cost 48.9458 + -139.389 = -90.4433 over 246 frames.
LOG (lattice-best-path[5.5]:main():lattice-best-path.cc:99) For utterance BAC009S0770W0423, best cost 75.0163 + -246.189 = -171.173 over 481 frames.
LOG (lattice-best-path[5.5]:main():lattice-best-path.cc:99) For utterance BAC009S0770W0424, best cost 77.6951 + -203.464 = -125.769 over 348 frames.
LOG (lattice-best-path[5.5]:main():lattice-best-path.cc:99) For utterance BAC009S0770W0425, best cost 81.1763 + -246.05 = -164.874 over 498 frames.
LOG (lattice-best-path[5.5]:main():lattice-best-path.cc:99) For utterance BAC009S0770W0426, best cost 187.051 + -524.315 = -337.263 over 1080 frames.
LOG (lattice-best-path[5.5]:main():lattice-best-path.cc:99) For utterance BAC009S0770W0427, best cost 106.668 + -317.859 = -211.19 over 564 frames.
LOG (lattice-best-path[5.5]:main():lattice-best-path.cc:99) For utterance BAC009S0770W0428, best cost 59.5968 + -194.102 = -134.505 over 375 frames.
LOG (lattice-best-path[5.5]:main():lattice-best-path.cc:99) For utterance BAC009S0770W0429, best cost 51.1266 + -153.619 = -102.492 over 302 frames.
LOG (lattice-best-path[5.5]:main():lattice-best-path.cc:99) For utterance BAC009S0770W0430, best cost 107.132 + -332.594 = -225.461 over 673 frames.
LOG (lattice-best-path[5.5]:main():lattice-best-path.cc:99) For utterance BAC009S0770W0431, best cost 79.9518 + -235.301 = -155.35 over 465 frames.
LOG (lattice-best-path[5.5]:main():lattice-best-path.cc:99) For utterance BAC009S0770W0432, best cost 85.4353 + -289.03 = -203.595 over 485 frames.
LOG (lattice-best-path[5.5]:main():lattice-best-path.cc:99) For utterance BAC009S0770W0433, best cost 44.7088 + -173.407 = -128.698 over 342 frames.
LOG (lattice-best-path[5.5]:main():lattice-best-path.cc:99) For utterance BAC009S0770W0434, best cost 118.567 + -413.659 = -295.092 over 788 frames.
LOG (lattice-best-path[5.5]:main():lattice-best-path.cc:99) For utterance BAC009S0770W0435, best cost 145.775 + -500.652 = -354.877 over 842 frames.
LOG (lattice-best-path[5.5]:main():lattice-best-path.cc:99) For utterance BAC009S0770W0436, best cost 138.297 + -472.414 = -334.117 over 1048 frames.
LOG (lattice-best-path[5.5]:main():lattice-best-path.cc:99) For utterance BAC009S0770W0437, best cost 92.4278 + -340.512 = -248.085 over 738 frames.
LOG (lattice-best-path[5.5]:main():lattice-best-path.cc:99) For utterance BAC009S0770W0438, best cost 42.8383 + -277.619 = -234.781 over 522 frames.
LOG (lattice-best-path[5.5]:main():lattice-best-path.cc:99) For utterance BAC009S0770W0439, best cost 120.863 + -464.87 = -344.007 over 857 frames.
LOG (lattice-best-path[5.5]:main():lattice-best-path.cc:99) For utterance BAC009S0770W0440, best cost 146.133 + -461.825 = -315.691 over 840 frames.
LOG (lattice-best-path[5.5]:main():lattice-best-path.cc:99) For utterance BAC009S0770W0441, best cost 162.765 + -559.036 = -396.271 over 1048 frames.
LOG (lattice-best-path[5.5]:main():lattice-best-path.cc:99) For utterance BAC009S0770W0442, best cost 171.26 + -583.367 = -412.108 over 1034 frames.
LOG (lattice-best-path[5.5]:main():lattice-best-path.cc:99) For utterance BAC009S0770W0443, best cost 90.5722 + -340.526 = -249.954 over 638 frames.
LOG (lattice-best-path[5.5]:main():lattice-best-path.cc:99) For utterance BAC009S0770W0444, best cost 103.156 + -329.002 = -225.846 over 632 frames.
LOG (lattice-best-path[5.5]:main():lattice-best-path.cc:99) For utterance BAC009S0770W0445, best cost 126.551 + -360.997 = -234.446 over 678 frames.
LOG (lattice-best-path[5.5]:main():lattice-best-path.cc:99) For utterance BAC009S0770W0446, best cost 161.471 + -544.247 = -382.776 over 1024 frames.
LOG (lattice-best-path[5.5]:main():lattice-best-path.cc:99) For utterance BAC009S0770W0447, best cost 57.156 + -205.39 = -148.234 over 363 frames.
LOG (lattice-best-path[5.5]:main():lattice-best-path.cc:99) For utterance BAC009S0770W0448, best cost 86.9051 + -299.31 = -212.405 over 561 frames.
LOG (lattice-best-path[5.5]:main():lattice-best-path.cc:99) For utterance BAC009S0770W0449, best cost 168.122 + -560.541 = -392.419 over 1112 frames.
LOG (lattice-best-path[5.5]:main():lattice-best-path.cc:99) For utterance BAC009S0770W0450, best cost 144.947 + -490.691 = -345.745 over 775 frames.
LOG (lattice-best-path[5.5]:main():lattice-best-path.cc:99) For utterance BAC009S0770W0451, best cost 128.268 + -421.832 = -293.564 over 741 frames.
LOG (lattice-best-path[5.5]:main():lattice-best-path.cc:99) For utterance BAC009S0770W0452, best cost 119.116 + -369.151 = -250.034 over 637 frames.
LOG (lattice-best-path[5.5]:main():lattice-best-path.cc:99) For utterance BAC009S0770W0453, best cost 185.893 + -545.733 = -359.84 over 1041 frames.
LOG (lattice-best-path[5.5]:main():lattice-best-path.cc:99) For utterance BAC009S0770W0454, best cost 91.5712 + -264.647 = -173.076 over 483 frames.
LOG (lattice-best-path[5.5]:main():lattice-best-path.cc:99) For utterance BAC009S0770W0455, best cost 108.886 + -380.268 = -271.382 over 767 frames.
LOG (lattice-best-path[5.5]:main():lattice-best-path.cc:99) For utterance BAC009S0770W0456, best cost 78.1525 + -203.306 = -125.154 over 388 frames.
LOG (lattice-best-path[5.5]:main():lattice-best-path.cc:99) For utterance BAC009S0770W0457, best cost 177.652 + -542.772 = -365.12 over 969 frames.
LOG (lattice-best-path[5.5]:main():lattice-best-path.cc:99) For utterance BAC009S0770W0458, best cost 124.004 + -512.425 = -388.42 over 963 frames.
LOG (lattice-best-path[5.5]:main():lattice-best-path.cc:99) For utterance BAC009S0770W0459, best cost 184.328 + -472.545 = -288.217 over 869 frames.
LOG (lattice-best-path[5.5]:main():lattice-best-path.cc:99) For utterance BAC009S0770W0460, best cost 101.051 + -280.397 = -179.346 over 497 frames.
LOG (lattice-best-path[5.5]:main():lattice-best-path.cc:99) For utterance BAC009S0770W0461, best cost 58.0354 + -193.858 = -135.823 over 380 frames.
LOG (lattice-best-path[5.5]:main():lattice-best-path.cc:99) For utterance BAC009S0770W0462, best cost 145.876 + -494.641 = -348.765 over 869 frames.
LOG (lattice-best-path[5.5]:main():lattice-best-path.cc:99) For utterance BAC009S0770W0463, best cost 125.934 + -431.808 = -305.874 over 755 frames.
LOG (lattice-best-path[5.5]:main():lattice-best-path.cc:99) For utterance BAC009S0770W0464, best cost 97.0366 + -265.187 = -168.15 over 439 frames.
LOG (lattice-best-path[5.5]:main():lattice-best-path.cc:99) For utterance BAC009S0770W0465, best cost 93.9757 + -283.102 = -189.126 over 511 frames.
LOG (lattice-best-path[5.5]:main():lattice-best-path.cc:99) For utterance BAC009S0770W0466, best cost 81.8001 + -203.043 = -121.243 over 365 frames.
LOG (lattice-best-path[5.5]:main():lattice-best-path.cc:99) For utterance BAC009S0770W0467, best cost 96.6889 + -287.063 = -190.374 over 467 frames.
LOG (lattice-best-path[5.5]:main():lattice-best-path.cc:99) For utterance BAC009S0770W0468, best cost 59.2708 + -210.99 = -151.719 over 360 frames.
LOG (lattice-best-path[5.5]:main():lattice-best-path.cc:99) For utterance BAC009S0770W0469, best cost 63.5955 + -176.146 = -112.551 over 305 frames.
LOG (lattice-best-path[5.5]:main():lattice-best-path.cc:99) For utterance BAC009S0770W0470, best cost 161.604 + -528.77 = -367.166 over 1078 frames.
LOG (lattice-best-path[5.5]:main():lattice-best-path.cc:99) For utterance BAC009S0770W0471, best cost 121.462 + -441.354 = -319.892 over 762 frames.
LOG (lattice-best-path[5.5]:main():lattice-best-path.cc:99) For utterance BAC009S0770W0472, best cost 60.6448 + -258.628 = -197.983 over 435 frames.
LOG (lattice-best-path[5.5]:main():lattice-best-path.cc:99) For utterance BAC009S0770W0473, best cost 90.6389 + -264.963 = -174.324 over 476 frames.
LOG (lattice-best-path[5.5]:main():lattice-best-path.cc:99) For utterance BAC009S0770W0474, best cost 123.559 + -494.569 = -371.01 over 829 frames.
LOG (lattice-best-path[5.5]:main():lattice-best-path.cc:99) For utterance BAC009S0770W0475, best cost 88.1011 + -323.987 = -235.886 over 582 frames.
LOG (lattice-best-path[5.5]:main():lattice-best-path.cc:99) For utterance BAC009S0770W0476, best cost 183.919 + -551.51 = -367.591 over 1116 frames.
LOG (lattice-best-path[5.5]:main():lattice-best-path.cc:99) For utterance BAC009S0770W0477, best cost 81.857 + -249.37 = -167.513 over 426 frames.
LOG (lattice-best-path[5.5]:main():lattice-best-path.cc:99) For utterance BAC009S0770W0478, best cost 160.111 + -439.934 = -279.823 over 852 frames.
LOG (lattice-best-path[5.5]:main():lattice-best-path.cc:99) For utterance BAC009S0770W0479, best cost 85.8788 + -249.661 = -163.782 over 465 frames.
LOG (lattice-best-path[5.5]:main():lattice-best-path.cc:99) For utterance BAC009S0770W0480, best cost 103.179 + -265.593 = -162.413 over 441 frames.
LOG (lattice-best-path[5.5]:main():lattice-best-path.cc:99) For utterance BAC009S0770W0481, best cost 142.721 + -368.836 = -226.114 over 601 frames.
LOG (lattice-best-path[5.5]:main():lattice-best-path.cc:99) For utterance BAC009S0770W0482, best cost 94.4075 + -264.136 = -169.729 over 458 frames.
LOG (lattice-best-path[5.5]:main():lattice-best-path.cc:99) For utterance BAC009S0770W0483, best cost 86.7413 + -225.411 = -138.67 over 407 frames.
LOG (lattice-best-path[5.5]:main():lattice-best-path.cc:99) For utterance BAC009S0770W0484, best cost 72.7089 + -216.694 = -143.985 over 406 frames.
LOG (lattice-best-path[5.5]:main():lattice-best-path.cc:99) For utterance BAC009S0770W0485, best cost 106.576 + -295.41 = -188.834 over 520 frames.
LOG (lattice-best-path[5.5]:main():lattice-best-path.cc:99) For utterance BAC009S0770W0486, best cost 156.272 + -567.402 = -411.13 over 1111 frames.
LOG (lattice-best-path[5.5]:main():lattice-best-path.cc:99) For utterance BAC009S0770W0487, best cost 152.832 + -442.585 = -289.753 over 799 frames.
LOG (lattice-best-path[5.5]:main():lattice-best-path.cc:99) For utterance BAC009S0770W0488, best cost 176.716 + -493.34 = -316.623 over 898 frames.
LOG (lattice-best-path[5.5]:main():lattice-best-path.cc:99) For utterance BAC009S0770W0489, best cost 89.511 + -268.188 = -178.677 over 510 frames.
LOG (lattice-best-path[5.5]:main():lattice-best-path.cc:99) For utterance BAC009S0770W0490, best cost 42.5181 + -202.303 = -159.785 over 368 frames.
LOG (lattice-best-path[5.5]:main():lattice-best-path.cc:99) For utterance BAC009S0770W0491, best cost 107.481 + -368.686 = -261.205 over 572 frames.
LOG (lattice-best-path[5.5]:main():lattice-best-path.cc:99) For utterance BAC009S0770W0492, best cost 152.395 + -433.59 = -281.195 over 828 frames.
LOG (lattice-best-path[5.5]:main():lattice-best-path.cc:99) For utterance BAC009S0770W0493, best cost 103.078 + -388.456 = -285.378 over 778 frames.
LOG (lattice-best-path[5.5]:main():lattice-best-path.cc:99) For utterance BAC009S0770W0494, best cost 159.397 + -493.118 = -333.721 over 882 frames.
LOG (lattice-depth-per-frame[5.5]:main():lattice-depth-per-frame.cc:82) Done 353 lattices.
LOG (lattice-best-path[5.5]:main():lattice-best-path.cc:99) For utterance BAC009S0770W0495, best cost 122.825 + -334.689 = -211.864 over 574 frames.
LOG (lattice-best-path[5.5]:main():lattice-best-path.cc:124) Overall cost per frame is -0.392338 = 0.159313 [graph] + -0.551651 [acoustic] over 219793 frames.
LOG (lattice-best-path[5.5]:main():lattice-best-path.cc:128) Done 353 lattices, failed for 0
# Accounting: time=2 threads=1
# Ended (code 0) at Sat Jun 18 23:01:52 CST 2022, elapsed time 2 seconds
