# lattice-depth-per-frame "ark:gunzip -c exp/nnet3/new_dnn_sp/decode_test/lat.20.gz|" "ark,t:|gzip -c > exp/nnet3/new_dnn_sp/decode_test/depth_tmp.20.gz" ark:- | lattice-best-path --acoustic-scale=0.1 ark:- ark:/dev/null "ark,t:|gzip -c >exp/nnet3/new_dnn_sp/decode_test/ali_tmp.20.gz" 
# Started at Sat Jun 18 23:01:55 CST 2022
#
lattice-best-path --acoustic-scale=0.1 ark:- ark:/dev/null 'ark,t:|gzip -c >exp/nnet3/new_dnn_sp/decode_test/ali_tmp.20.gz' 
lattice-depth-per-frame 'ark:gunzip -c exp/nnet3/new_dnn_sp/decode_test/lat.20.gz|' 'ark,t:|gzip -c > exp/nnet3/new_dnn_sp/decode_test/depth_tmp.20.gz' ark:- 
LOG (lattice-best-path[5.5]:main():lattice-best-path.cc:99) For utterance BAC009S0916W0121, best cost 76.8285 + -218.525 = -141.696 over 366 frames.
LOG (lattice-best-path[5.5]:main():lattice-best-path.cc:99) For utterance BAC009S0916W0122, best cost 95.983 + -264.097 = -168.114 over 417 frames.
LOG (lattice-best-path[5.5]:main():lattice-best-path.cc:99) For utterance BAC009S0916W0123, best cost 78.4959 + -206.419 = -127.923 over 354 frames.
LOG (lattice-best-path[5.5]:main():lattice-best-path.cc:99) For utterance BAC009S0916W0124, best cost 68.8473 + -192.733 = -123.886 over 350 frames.
LOG (lattice-best-path[5.5]:main():lattice-best-path.cc:99) For utterance BAC009S0916W0125, best cost 73.1881 + -177.052 = -103.864 over 293 frames.
LOG (lattice-best-path[5.5]:main():lattice-best-path.cc:99) For utterance BAC009S0916W0126, best cost 86.9619 + -214.411 = -127.45 over 351 frames.
LOG (lattice-best-path[5.5]:main():lattice-best-path.cc:99) For utterance BAC009S0916W0127, best cost 60.9595 + -186.548 = -125.589 over 323 frames.
LOG (lattice-best-path[5.5]:main():lattice-best-path.cc:99) For utterance BAC009S0916W0128, best cost 83.7427 + -235.451 = -151.709 over 375 frames.
LOG (lattice-best-path[5.5]:main():lattice-best-path.cc:99) For utterance BAC009S0916W0129, best cost 123.809 + -364.972 = -241.163 over 579 frames.
LOG (lattice-best-path[5.5]:main():lattice-best-path.cc:99) For utterance BAC009S0916W0130, best cost 79.8408 + -190.376 = -110.535 over 312 frames.
LOG (lattice-best-path[5.5]:main():lattice-best-path.cc:99) For utterance BAC009S0916W0131, best cost 51.1973 + -176.168 = -124.971 over 306 frames.
LOG (lattice-best-path[5.5]:main():lattice-best-path.cc:99) For utterance BAC009S0916W0132, best cost 82.9396 + -224.259 = -141.319 over 381 frames.
LOG (lattice-best-path[5.5]:main():lattice-best-path.cc:99) For utterance BAC009S0916W0133, best cost 78.5341 + -258.09 = -179.556 over 401 frames.
LOG (lattice-best-path[5.5]:main():lattice-best-path.cc:99) For utterance BAC009S0916W0134, best cost 73.8927 + -219.688 = -145.795 over 359 frames.
LOG (lattice-best-path[5.5]:main():lattice-best-path.cc:99) For utterance BAC009S0916W0135, best cost 63.1461 + -228.967 = -165.82 over 372 frames.
LOG (lattice-best-path[5.5]:main():lattice-best-path.cc:99) For utterance BAC009S0916W0136, best cost 65.3797 + -177.363 = -111.983 over 289 frames.
LOG (lattice-best-path[5.5]:main():lattice-best-path.cc:99) For utterance BAC009S0916W0137, best cost 138.987 + -388.41 = -249.424 over 603 frames.
LOG (lattice-best-path[5.5]:main():lattice-best-path.cc:99) For utterance BAC009S0916W0138, best cost 106.635 + -286.406 = -179.771 over 461 frames.
LOG (lattice-best-path[5.5]:main():lattice-best-path.cc:99) For utterance BAC009S0916W0139, best cost 107.002 + -262.884 = -155.881 over 453 frames.
LOG (lattice-best-path[5.5]:main():lattice-best-path.cc:99) For utterance BAC009S0916W0140, best cost 77.0938 + -178.771 = -101.677 over 308 frames.
LOG (lattice-best-path[5.5]:main():lattice-best-path.cc:99) For utterance BAC009S0916W0141, best cost 114.044 + -316.043 = -202 over 497 frames.
LOG (lattice-best-path[5.5]:main():lattice-best-path.cc:99) For utterance BAC009S0916W0142, best cost 88.6128 + -235.305 = -146.692 over 399 frames.
LOG (lattice-best-path[5.5]:main():lattice-best-path.cc:99) For utterance BAC009S0916W0143, best cost 64.6238 + -179.213 = -114.59 over 316 frames.
LOG (lattice-best-path[5.5]:main():lattice-best-path.cc:99) For utterance BAC009S0916W0144, best cost 82.2079 + -221.255 = -139.047 over 358 frames.
LOG (lattice-best-path[5.5]:main():lattice-best-path.cc:99) For utterance BAC009S0916W0145, best cost 103.785 + -304.552 = -200.767 over 490 frames.
LOG (lattice-best-path[5.5]:main():lattice-best-path.cc:99) For utterance BAC009S0916W0147, best cost 80.5002 + -214.114 = -133.614 over 368 frames.
LOG (lattice-best-path[5.5]:main():lattice-best-path.cc:99) For utterance BAC009S0916W0148, best cost 115.325 + -317.324 = -201.999 over 490 frames.
LOG (lattice-best-path[5.5]:main():lattice-best-path.cc:99) For utterance BAC009S0916W0149, best cost 79.6163 + -217.348 = -137.732 over 359 frames.
LOG (lattice-best-path[5.5]:main():lattice-best-path.cc:99) For utterance BAC009S0916W0150, best cost 124.497 + -346.98 = -222.483 over 543 frames.
LOG (lattice-best-path[5.5]:main():lattice-best-path.cc:99) For utterance BAC009S0916W0151, best cost 53.3051 + -211.099 = -157.794 over 354 frames.
LOG (lattice-best-path[5.5]:main():lattice-best-path.cc:99) For utterance BAC009S0916W0152, best cost 99.465 + -279.7 = -180.235 over 456 frames.
LOG (lattice-best-path[5.5]:main():lattice-best-path.cc:99) For utterance BAC009S0916W0153, best cost 120.611 + -352.305 = -231.694 over 560 frames.
LOG (lattice-best-path[5.5]:main():lattice-best-path.cc:99) For utterance BAC009S0916W0154, best cost 76.1874 + -225.311 = -149.124 over 364 frames.
LOG (lattice-best-path[5.5]:main():lattice-best-path.cc:99) For utterance BAC009S0916W0155, best cost 101.734 + -301.68 = -199.946 over 480 frames.
LOG (lattice-best-path[5.5]:main():lattice-best-path.cc:99) For utterance BAC009S0916W0156, best cost 87.6394 + -233.595 = -145.955 over 384 frames.
LOG (lattice-best-path[5.5]:main():lattice-best-path.cc:99) For utterance BAC009S0916W0157, best cost 59.5179 + -198.669 = -139.151 over 318 frames.
LOG (lattice-best-path[5.5]:main():lattice-best-path.cc:99) For utterance BAC009S0916W0158, best cost 74.4197 + -198.067 = -123.647 over 320 frames.
LOG (lattice-best-path[5.5]:main():lattice-best-path.cc:99) For utterance BAC009S0916W0159, best cost 74.0177 + -238.926 = -164.908 over 371 frames.
LOG (lattice-best-path[5.5]:main():lattice-best-path.cc:99) For utterance BAC009S0916W0160, best cost 75.8012 + -214.982 = -139.181 over 360 frames.
LOG (lattice-best-path[5.5]:main():lattice-best-path.cc:99) For utterance BAC009S0916W0161, best cost 77.5781 + -202.15 = -124.571 over 342 frames.
LOG (lattice-best-path[5.5]:main():lattice-best-path.cc:99) For utterance BAC009S0916W0162, best cost 93.5311 + -227.929 = -134.398 over 375 frames.
LOG (lattice-best-path[5.5]:main():lattice-best-path.cc:99) For utterance BAC009S0916W0163, best cost 97.126 + -228.401 = -131.275 over 400 frames.
LOG (lattice-best-path[5.5]:main():lattice-best-path.cc:99) For utterance BAC009S0916W0164, best cost 104.916 + -220.699 = -115.783 over 360 frames.
LOG (lattice-best-path[5.5]:main():lattice-best-path.cc:99) For utterance BAC009S0916W0165, best cost 115.352 + -317.058 = -201.706 over 513 frames.
LOG (lattice-best-path[5.5]:main():lattice-best-path.cc:99) For utterance BAC009S0916W0166, best cost 114.549 + -313.111 = -198.562 over 489 frames.
LOG (lattice-best-path[5.5]:main():lattice-best-path.cc:99) For utterance BAC009S0916W0167, best cost 142.062 + -362.133 = -220.071 over 570 frames.
LOG (lattice-best-path[5.5]:main():lattice-best-path.cc:99) For utterance BAC009S0916W0168, best cost 58.2118 + -259.029 = -200.817 over 419 frames.
LOG (lattice-best-path[5.5]:main():lattice-best-path.cc:99) For utterance BAC009S0916W0169, best cost 145.316 + -322.8 = -177.485 over 539 frames.
LOG (lattice-best-path[5.5]:main():lattice-best-path.cc:99) For utterance BAC009S0916W0170, best cost 127.211 + -379.022 = -251.811 over 572 frames.
LOG (lattice-best-path[5.5]:main():lattice-best-path.cc:99) For utterance BAC009S0916W0171, best cost 78.9274 + -210.812 = -131.884 over 356 frames.
LOG (lattice-best-path[5.5]:main():lattice-best-path.cc:99) For utterance BAC009S0916W0172, best cost 75.3235 + -206.61 = -131.287 over 335 frames.
LOG (lattice-best-path[5.5]:main():lattice-best-path.cc:99) For utterance BAC009S0916W0173, best cost 68.9256 + -239.072 = -170.146 over 375 frames.
LOG (lattice-best-path[5.5]:main():lattice-best-path.cc:99) For utterance BAC009S0916W0174, best cost 71.7798 + -205.33 = -133.55 over 335 frames.
LOG (lattice-best-path[5.5]:main():lattice-best-path.cc:99) For utterance BAC009S0916W0175, best cost 125.288 + -375.074 = -249.786 over 596 frames.
LOG (lattice-best-path[5.5]:main():lattice-best-path.cc:99) For utterance BAC009S0916W0176, best cost 134.74 + -362.227 = -227.487 over 575 frames.
LOG (lattice-best-path[5.5]:main():lattice-best-path.cc:99) For utterance BAC009S0916W0177, best cost 123.351 + -359.933 = -236.582 over 539 frames.
LOG (lattice-best-path[5.5]:main():lattice-best-path.cc:99) For utterance BAC009S0916W0178, best cost 134.877 + -403.336 = -268.459 over 624 frames.
LOG (lattice-best-path[5.5]:main():lattice-best-path.cc:99) For utterance BAC009S0916W0179, best cost 117.241 + -314.662 = -197.421 over 503 frames.
LOG (lattice-best-path[5.5]:main():lattice-best-path.cc:99) For utterance BAC009S0916W0180, best cost 85.1323 + -203.628 = -118.496 over 342 frames.
LOG (lattice-best-path[5.5]:main():lattice-best-path.cc:99) For utterance BAC009S0916W0181, best cost 102.155 + -243.077 = -140.922 over 380 frames.
LOG (lattice-best-path[5.5]:main():lattice-best-path.cc:99) For utterance BAC009S0916W0182, best cost 70.5845 + -177.275 = -106.691 over 296 frames.
LOG (lattice-best-path[5.5]:main():lattice-best-path.cc:99) For utterance BAC009S0916W0183, best cost 81.8061 + -224.145 = -142.339 over 371 frames.
LOG (lattice-best-path[5.5]:main():lattice-best-path.cc:99) For utterance BAC009S0916W0184, best cost 86.0165 + -218.217 = -132.201 over 364 frames.
LOG (lattice-best-path[5.5]:main():lattice-best-path.cc:99) For utterance BAC009S0916W0185, best cost 115.078 + -253.991 = -138.912 over 404 frames.
LOG (lattice-best-path[5.5]:main():lattice-best-path.cc:99) For utterance BAC009S0916W0186, best cost 84.3121 + -221.766 = -137.453 over 357 frames.
LOG (lattice-best-path[5.5]:main():lattice-best-path.cc:99) For utterance BAC009S0916W0187, best cost 114.709 + -330.364 = -215.655 over 502 frames.
LOG (lattice-best-path[5.5]:main():lattice-best-path.cc:99) For utterance BAC009S0916W0188, best cost 63.1666 + -161.681 = -98.5146 over 273 frames.
LOG (lattice-best-path[5.5]:main():lattice-best-path.cc:99) For utterance BAC009S0916W0189, best cost 65.7662 + -173.242 = -107.475 over 281 frames.
LOG (lattice-best-path[5.5]:main():lattice-best-path.cc:99) For utterance BAC009S0916W0190, best cost 84.1031 + -217.845 = -133.742 over 357 frames.
LOG (lattice-best-path[5.5]:main():lattice-best-path.cc:99) For utterance BAC009S0916W0191, best cost 76.1194 + -182.597 = -106.477 over 308 frames.
LOG (lattice-best-path[5.5]:main():lattice-best-path.cc:99) For utterance BAC009S0916W0192, best cost 120.385 + -342.822 = -222.437 over 541 frames.
LOG (lattice-best-path[5.5]:main():lattice-best-path.cc:99) For utterance BAC009S0916W0193, best cost 93.7924 + -268.306 = -174.513 over 450 frames.
LOG (lattice-best-path[5.5]:main():lattice-best-path.cc:99) For utterance BAC009S0916W0194, best cost 118.12 + -390.341 = -272.221 over 604 frames.
LOG (lattice-best-path[5.5]:main():lattice-best-path.cc:99) For utterance BAC009S0916W0195, best cost 93.937 + -304.766 = -210.829 over 454 frames.
LOG (lattice-best-path[5.5]:main():lattice-best-path.cc:99) For utterance BAC009S0916W0196, best cost 73.3281 + -212.575 = -139.247 over 347 frames.
LOG (lattice-best-path[5.5]:main():lattice-best-path.cc:99) For utterance BAC009S0916W0197, best cost 90.0635 + -246.943 = -156.88 over 407 frames.
LOG (lattice-best-path[5.5]:main():lattice-best-path.cc:99) For utterance BAC009S0916W0198, best cost 108.745 + -343.88 = -235.135 over 551 frames.
LOG (lattice-best-path[5.5]:main():lattice-best-path.cc:99) For utterance BAC009S0916W0199, best cost 101.508 + -254.303 = -152.796 over 437 frames.
LOG (lattice-best-path[5.5]:main():lattice-best-path.cc:99) For utterance BAC009S0916W0200, best cost 74.6657 + -198.803 = -124.137 over 339 frames.
LOG (lattice-best-path[5.5]:main():lattice-best-path.cc:99) For utterance BAC009S0916W0201, best cost 59.505 + -194.012 = -134.507 over 320 frames.
LOG (lattice-best-path[5.5]:main():lattice-best-path.cc:99) For utterance BAC009S0916W0202, best cost 147.74 + -349.273 = -201.533 over 568 frames.
LOG (lattice-best-path[5.5]:main():lattice-best-path.cc:99) For utterance BAC009S0916W0203, best cost 77.1909 + -187.742 = -110.551 over 303 frames.
LOG (lattice-best-path[5.5]:main():lattice-best-path.cc:99) For utterance BAC009S0916W0204, best cost 76.4088 + -217.038 = -140.629 over 344 frames.
LOG (lattice-best-path[5.5]:main():lattice-best-path.cc:99) For utterance BAC009S0916W0205, best cost 102.582 + -300.156 = -197.574 over 474 frames.
LOG (lattice-best-path[5.5]:main():lattice-best-path.cc:99) For utterance BAC009S0916W0206, best cost 126.291 + -348.472 = -222.181 over 515 frames.
LOG (lattice-best-path[5.5]:main():lattice-best-path.cc:99) For utterance BAC009S0916W0207, best cost 129.826 + -352.712 = -222.886 over 542 frames.
LOG (lattice-best-path[5.5]:main():lattice-best-path.cc:99) For utterance BAC009S0916W0208, best cost 109.825 + -277.022 = -167.197 over 446 frames.
LOG (lattice-best-path[5.5]:main():lattice-best-path.cc:99) For utterance BAC009S0916W0209, best cost 64.8442 + -263.966 = -199.122 over 408 frames.
LOG (lattice-best-path[5.5]:main():lattice-best-path.cc:99) For utterance BAC009S0916W0210, best cost 51.018 + -172.278 = -121.26 over 310 frames.
LOG (lattice-best-path[5.5]:main():lattice-best-path.cc:99) For utterance BAC009S0916W0211, best cost 66.4806 + -201.369 = -134.888 over 318 frames.
LOG (lattice-best-path[5.5]:main():lattice-best-path.cc:99) For utterance BAC009S0916W0212, best cost 66.5542 + -173.294 = -106.74 over 267 frames.
LOG (lattice-best-path[5.5]:main():lattice-best-path.cc:99) For utterance BAC009S0916W0213, best cost 75.0887 + -194.822 = -119.733 over 302 frames.
LOG (lattice-best-path[5.5]:main():lattice-best-path.cc:99) For utterance BAC009S0916W0214, best cost 152.821 + -334.639 = -181.818 over 550 frames.
LOG (lattice-best-path[5.5]:main():lattice-best-path.cc:99) For utterance BAC009S0916W0215, best cost 33.9306 + -184.711 = -150.781 over 286 frames.
LOG (lattice-best-path[5.5]:main():lattice-best-path.cc:99) For utterance BAC009S0916W0216, best cost 89.0774 + -261.435 = -172.358 over 409 frames.
LOG (lattice-best-path[5.5]:main():lattice-best-path.cc:99) For utterance BAC009S0916W0217, best cost 95.6572 + -271.064 = -175.407 over 432 frames.
LOG (lattice-best-path[5.5]:main():lattice-best-path.cc:99) For utterance BAC009S0916W0218, best cost 122.078 + -310.619 = -188.541 over 483 frames.
LOG (lattice-best-path[5.5]:main():lattice-best-path.cc:99) For utterance BAC009S0916W0219, best cost 106.27 + -265.627 = -159.357 over 453 frames.
LOG (lattice-best-path[5.5]:main():lattice-best-path.cc:99) For utterance BAC009S0916W0220, best cost 79.8183 + -237.878 = -158.06 over 362 frames.
LOG (lattice-best-path[5.5]:main():lattice-best-path.cc:99) For utterance BAC009S0916W0221, best cost 89.2911 + -221.528 = -132.237 over 348 frames.
LOG (lattice-best-path[5.5]:main():lattice-best-path.cc:99) For utterance BAC009S0916W0222, best cost 119.8 + -332.151 = -212.35 over 531 frames.
LOG (lattice-best-path[5.5]:main():lattice-best-path.cc:99) For utterance BAC009S0916W0223, best cost 102.005 + -248.855 = -146.851 over 399 frames.
LOG (lattice-best-path[5.5]:main():lattice-best-path.cc:99) For utterance BAC009S0916W0224, best cost 121.891 + -298.953 = -177.062 over 481 frames.
LOG (lattice-best-path[5.5]:main():lattice-best-path.cc:99) For utterance BAC009S0916W0225, best cost 84.0066 + -191.495 = -107.488 over 315 frames.
LOG (lattice-best-path[5.5]:main():lattice-best-path.cc:99) For utterance BAC009S0916W0226, best cost 87.974 + -214.883 = -126.909 over 354 frames.
LOG (lattice-best-path[5.5]:main():lattice-best-path.cc:99) For utterance BAC009S0916W0227, best cost 64.5214 + -195.908 = -131.387 over 316 frames.
LOG (lattice-best-path[5.5]:main():lattice-best-path.cc:99) For utterance BAC009S0916W0228, best cost 87.6745 + -293.219 = -205.545 over 452 frames.
LOG (lattice-best-path[5.5]:main():lattice-best-path.cc:99) For utterance BAC009S0916W0229, best cost 80.4148 + -291.44 = -211.026 over 474 frames.
LOG (lattice-best-path[5.5]:main():lattice-best-path.cc:99) For utterance BAC009S0916W0230, best cost 55.7197 + -216.069 = -160.349 over 344 frames.
LOG (lattice-best-path[5.5]:main():lattice-best-path.cc:99) For utterance BAC009S0916W0231, best cost 68.9311 + -274.263 = -205.332 over 432 frames.
LOG (lattice-best-path[5.5]:main():lattice-best-path.cc:99) For utterance BAC009S0916W0232, best cost 58.1597 + -215.627 = -157.467 over 324 frames.
LOG (lattice-best-path[5.5]:main():lattice-best-path.cc:99) For utterance BAC009S0916W0233, best cost 142.214 + -458.068 = -315.854 over 704 frames.
LOG (lattice-best-path[5.5]:main():lattice-best-path.cc:99) For utterance BAC009S0916W0234, best cost 80.3587 + -266.011 = -185.653 over 411 frames.
LOG (lattice-best-path[5.5]:main():lattice-best-path.cc:99) For utterance BAC009S0916W0235, best cost 113.489 + -374.125 = -260.636 over 592 frames.
LOG (lattice-best-path[5.5]:main():lattice-best-path.cc:99) For utterance BAC009S0916W0236, best cost 53.1318 + -180.498 = -127.367 over 298 frames.
LOG (lattice-best-path[5.5]:main():lattice-best-path.cc:99) For utterance BAC009S0916W0237, best cost 47.9315 + -201.231 = -153.299 over 339 frames.
LOG (lattice-best-path[5.5]:main():lattice-best-path.cc:99) For utterance BAC009S0916W0238, best cost 103.75 + -328.624 = -224.874 over 526 frames.
LOG (lattice-best-path[5.5]:main():lattice-best-path.cc:99) For utterance BAC009S0916W0239, best cost 94.2925 + -305.629 = -211.336 over 502 frames.
LOG (lattice-best-path[5.5]:main():lattice-best-path.cc:99) For utterance BAC009S0916W0240, best cost 97.7847 + -346.706 = -248.921 over 550 frames.
LOG (lattice-best-path[5.5]:main():lattice-best-path.cc:99) For utterance BAC009S0916W0241, best cost 68.5375 + -298.034 = -229.497 over 461 frames.
LOG (lattice-best-path[5.5]:main():lattice-best-path.cc:99) For utterance BAC009S0916W0242, best cost 70.1693 + -252.835 = -182.665 over 397 frames.
LOG (lattice-best-path[5.5]:main():lattice-best-path.cc:99) For utterance BAC009S0916W0243, best cost 75.8931 + -295.995 = -220.102 over 434 frames.
LOG (lattice-best-path[5.5]:main():lattice-best-path.cc:99) For utterance BAC009S0916W0244, best cost 74.451 + -265.695 = -191.244 over 412 frames.
LOG (lattice-best-path[5.5]:main():lattice-best-path.cc:99) For utterance BAC009S0916W0245, best cost 80.6109 + -262.025 = -181.414 over 418 frames.
LOG (lattice-best-path[5.5]:main():lattice-best-path.cc:99) For utterance BAC009S0916W0246, best cost 81.399 + -268.902 = -187.503 over 417 frames.
LOG (lattice-best-path[5.5]:main():lattice-best-path.cc:99) For utterance BAC009S0916W0247, best cost 84.77 + -281.069 = -196.299 over 434 frames.
LOG (lattice-best-path[5.5]:main():lattice-best-path.cc:99) For utterance BAC009S0916W0248, best cost 67.6923 + -283.555 = -215.863 over 441 frames.
LOG (lattice-best-path[5.5]:main():lattice-best-path.cc:99) For utterance BAC009S0916W0249, best cost 129.009 + -419.429 = -290.42 over 663 frames.
LOG (lattice-best-path[5.5]:main():lattice-best-path.cc:99) For utterance BAC009S0916W0250, best cost 125.336 + -386.033 = -260.697 over 602 frames.
LOG (lattice-best-path[5.5]:main():lattice-best-path.cc:99) For utterance BAC009S0916W0251, best cost 64.935 + -244.677 = -179.742 over 387 frames.
LOG (lattice-best-path[5.5]:main():lattice-best-path.cc:99) For utterance BAC009S0916W0252, best cost 64.1094 + -250.494 = -186.385 over 404 frames.
LOG (lattice-best-path[5.5]:main():lattice-best-path.cc:99) For utterance BAC009S0916W0253, best cost 60.3191 + -181.406 = -121.087 over 302 frames.
LOG (lattice-best-path[5.5]:main():lattice-best-path.cc:99) For utterance BAC009S0916W0254, best cost 132.259 + -327.576 = -195.317 over 513 frames.
LOG (lattice-best-path[5.5]:main():lattice-best-path.cc:99) For utterance BAC009S0916W0255, best cost 100.637 + -289.182 = -188.545 over 464 frames.
LOG (lattice-best-path[5.5]:main():lattice-best-path.cc:99) For utterance BAC009S0916W0257, best cost 132.394 + -288.626 = -156.232 over 457 frames.
LOG (lattice-best-path[5.5]:main():lattice-best-path.cc:99) For utterance BAC009S0916W0260, best cost 98.7496 + -259.115 = -160.365 over 408 frames.
LOG (lattice-best-path[5.5]:main():lattice-best-path.cc:99) For utterance BAC009S0916W0261, best cost 70.0986 + -201.254 = -131.156 over 356 frames.
LOG (lattice-best-path[5.5]:main():lattice-best-path.cc:99) For utterance BAC009S0916W0263, best cost 78.5849 + -193.113 = -114.528 over 338 frames.
LOG (lattice-best-path[5.5]:main():lattice-best-path.cc:99) For utterance BAC009S0916W0264, best cost 97.7253 + -281.632 = -183.907 over 448 frames.
LOG (lattice-best-path[5.5]:main():lattice-best-path.cc:99) For utterance BAC009S0916W0265, best cost 74.7025 + -197.088 = -122.386 over 343 frames.
LOG (lattice-best-path[5.5]:main():lattice-best-path.cc:99) For utterance BAC009S0916W0266, best cost 63.6266 + -161.702 = -98.0759 over 270 frames.
LOG (lattice-best-path[5.5]:main():lattice-best-path.cc:99) For utterance BAC009S0916W0268, best cost 74.6209 + -195.479 = -120.858 over 328 frames.
LOG (lattice-best-path[5.5]:main():lattice-best-path.cc:99) For utterance BAC009S0916W0270, best cost 85.9174 + -214.264 = -128.347 over 336 frames.
LOG (lattice-best-path[5.5]:main():lattice-best-path.cc:99) For utterance BAC009S0916W0271, best cost 72.9537 + -221.754 = -148.8 over 355 frames.
LOG (lattice-best-path[5.5]:main():lattice-best-path.cc:99) For utterance BAC009S0916W0272, best cost 115.813 + -267.674 = -151.861 over 427 frames.
LOG (lattice-best-path[5.5]:main():lattice-best-path.cc:99) For utterance BAC009S0916W0273, best cost 94.0727 + -224.247 = -130.174 over 348 frames.
LOG (lattice-best-path[5.5]:main():lattice-best-path.cc:99) For utterance BAC009S0916W0274, best cost 76.7257 + -181.896 = -105.17 over 314 frames.
LOG (lattice-best-path[5.5]:main():lattice-best-path.cc:99) For utterance BAC009S0916W0275, best cost 104.064 + -257.864 = -153.8 over 389 frames.
LOG (lattice-best-path[5.5]:main():lattice-best-path.cc:99) For utterance BAC009S0916W0276, best cost 33.3082 + -185.205 = -151.897 over 334 frames.
LOG (lattice-best-path[5.5]:main():lattice-best-path.cc:99) For utterance BAC009S0916W0277, best cost 86.3595 + -278.325 = -191.965 over 428 frames.
LOG (lattice-best-path[5.5]:main():lattice-best-path.cc:99) For utterance BAC009S0916W0278, best cost 128.337 + -310.416 = -182.079 over 490 frames.
LOG (lattice-best-path[5.5]:main():lattice-best-path.cc:99) For utterance BAC009S0916W0279, best cost 68.2853 + -209.372 = -141.087 over 344 frames.
LOG (lattice-best-path[5.5]:main():lattice-best-path.cc:99) For utterance BAC009S0916W0280, best cost 156.201 + -350.563 = -194.362 over 553 frames.
LOG (lattice-best-path[5.5]:main():lattice-best-path.cc:99) For utterance BAC009S0916W0281, best cost 33.3403 + -190.746 = -157.406 over 306 frames.
LOG (lattice-best-path[5.5]:main():lattice-best-path.cc:99) For utterance BAC009S0916W0282, best cost 95.283 + -278.409 = -183.126 over 436 frames.
LOG (lattice-best-path[5.5]:main():lattice-best-path.cc:99) For utterance BAC009S0916W0284, best cost 143.306 + -353.946 = -210.64 over 559 frames.
LOG (lattice-best-path[5.5]:main():lattice-best-path.cc:99) For utterance BAC009S0916W0286, best cost 112.171 + -377.737 = -265.566 over 584 frames.
LOG (lattice-best-path[5.5]:main():lattice-best-path.cc:99) For utterance BAC009S0916W0287, best cost 158.735 + -435.762 = -277.027 over 689 frames.
LOG (lattice-best-path[5.5]:main():lattice-best-path.cc:99) For utterance BAC009S0916W0288, best cost 92.2671 + -238.698 = -146.431 over 388 frames.
LOG (lattice-best-path[5.5]:main():lattice-best-path.cc:99) For utterance BAC009S0916W0289, best cost 114.267 + -324.539 = -210.272 over 518 frames.
LOG (lattice-best-path[5.5]:main():lattice-best-path.cc:99) For utterance BAC009S0916W0290, best cost 122.47 + -368.297 = -245.828 over 577 frames.
LOG (lattice-best-path[5.5]:main():lattice-best-path.cc:99) For utterance BAC009S0916W0291, best cost 115.348 + -344.034 = -228.686 over 538 frames.
LOG (lattice-best-path[5.5]:main():lattice-best-path.cc:99) For utterance BAC009S0916W0292, best cost 109.394 + -346.429 = -237.035 over 538 frames.
LOG (lattice-best-path[5.5]:main():lattice-best-path.cc:99) For utterance BAC009S0916W0294, best cost 109.694 + -334.5 = -224.806 over 510 frames.
LOG (lattice-best-path[5.5]:main():lattice-best-path.cc:99) For utterance BAC009S0916W0295, best cost 120.299 + -376.311 = -256.012 over 580 frames.
LOG (lattice-best-path[5.5]:main():lattice-best-path.cc:99) For utterance BAC009S0916W0296, best cost 81.9129 + -244.558 = -162.645 over 397 frames.
LOG (lattice-best-path[5.5]:main():lattice-best-path.cc:99) For utterance BAC009S0916W0297, best cost 81.6585 + -237.982 = -156.324 over 384 frames.
LOG (lattice-best-path[5.5]:main():lattice-best-path.cc:99) For utterance BAC009S0916W0298, best cost 106.875 + -319.1 = -212.225 over 517 frames.
LOG (lattice-best-path[5.5]:main():lattice-best-path.cc:99) For utterance BAC009S0916W0299, best cost 80.2425 + -223.423 = -143.181 over 339 frames.
LOG (lattice-best-path[5.5]:main():lattice-best-path.cc:99) For utterance BAC009S0916W0300, best cost 53.5912 + -189.898 = -136.307 over 317 frames.
LOG (lattice-best-path[5.5]:main():lattice-best-path.cc:99) For utterance BAC009S0916W0301, best cost 123.174 + -363.429 = -240.255 over 571 frames.
LOG (lattice-best-path[5.5]:main():lattice-best-path.cc:99) For utterance BAC009S0916W0302, best cost 89.7582 + -261.05 = -171.291 over 404 frames.
LOG (lattice-best-path[5.5]:main():lattice-best-path.cc:99) For utterance BAC009S0916W0303, best cost 46.9467 + -162.4 = -115.453 over 284 frames.
LOG (lattice-best-path[5.5]:main():lattice-best-path.cc:99) For utterance BAC009S0916W0304, best cost 100.124 + -291.016 = -190.892 over 471 frames.
LOG (lattice-best-path[5.5]:main():lattice-best-path.cc:99) For utterance BAC009S0916W0305, best cost 97.8713 + -370.104 = -272.232 over 573 frames.
LOG (lattice-best-path[5.5]:main():lattice-best-path.cc:99) For utterance BAC009S0916W0306, best cost 121.244 + -375.067 = -253.823 over 577 frames.
LOG (lattice-best-path[5.5]:main():lattice-best-path.cc:99) For utterance BAC009S0916W0307, best cost 57.3003 + -167.137 = -109.837 over 307 frames.
LOG (lattice-best-path[5.5]:main():lattice-best-path.cc:99) For utterance BAC009S0916W0308, best cost 142.579 + -365.93 = -223.351 over 575 frames.
LOG (lattice-best-path[5.5]:main():lattice-best-path.cc:99) For utterance BAC009S0916W0309, best cost 124.372 + -392.737 = -268.365 over 591 frames.
LOG (lattice-best-path[5.5]:main():lattice-best-path.cc:99) For utterance BAC009S0916W0310, best cost 151.925 + -432.61 = -280.685 over 688 frames.
LOG (lattice-best-path[5.5]:main():lattice-best-path.cc:99) For utterance BAC009S0916W0311, best cost 96.9136 + -292.24 = -195.326 over 436 frames.
LOG (lattice-best-path[5.5]:main():lattice-best-path.cc:99) For utterance BAC009S0916W0312, best cost 72.0162 + -212.56 = -140.544 over 333 frames.
LOG (lattice-best-path[5.5]:main():lattice-best-path.cc:99) For utterance BAC009S0916W0313, best cost 120.936 + -400.377 = -279.44 over 629 frames.
LOG (lattice-best-path[5.5]:main():lattice-best-path.cc:99) For utterance BAC009S0916W0314, best cost 144.355 + -387.56 = -243.204 over 621 frames.
LOG (lattice-best-path[5.5]:main():lattice-best-path.cc:99) For utterance BAC009S0916W0315, best cost 107.118 + -296.827 = -189.709 over 481 frames.
LOG (lattice-best-path[5.5]:main():lattice-best-path.cc:99) For utterance BAC009S0916W0316, best cost 171.946 + -461.191 = -289.245 over 704 frames.
LOG (lattice-best-path[5.5]:main():lattice-best-path.cc:99) For utterance BAC009S0916W0317, best cost 109.358 + -278.735 = -169.377 over 467 frames.
LOG (lattice-best-path[5.5]:main():lattice-best-path.cc:99) For utterance BAC009S0916W0318, best cost 158.613 + -385.516 = -226.903 over 610 frames.
LOG (lattice-best-path[5.5]:main():lattice-best-path.cc:99) For utterance BAC009S0916W0319, best cost 153.818 + -418.818 = -265 over 665 frames.
LOG (lattice-best-path[5.5]:main():lattice-best-path.cc:99) For utterance BAC009S0916W0320, best cost 99.9668 + -281.384 = -181.417 over 453 frames.
LOG (lattice-best-path[5.5]:main():lattice-best-path.cc:99) For utterance BAC009S0916W0321, best cost 106.06 + -275.507 = -169.448 over 462 frames.
LOG (lattice-best-path[5.5]:main():lattice-best-path.cc:99) For utterance BAC009S0916W0322, best cost 123.558 + -357.838 = -234.28 over 547 frames.
LOG (lattice-best-path[5.5]:main():lattice-best-path.cc:99) For utterance BAC009S0916W0323, best cost 148.647 + -467.824 = -319.178 over 725 frames.
LOG (lattice-best-path[5.5]:main():lattice-best-path.cc:99) For utterance BAC009S0916W0324, best cost 94.6631 + -312.185 = -217.522 over 499 frames.
LOG (lattice-best-path[5.5]:main():lattice-best-path.cc:99) For utterance BAC009S0916W0325, best cost 132.288 + -421.948 = -289.66 over 679 frames.
LOG (lattice-best-path[5.5]:main():lattice-best-path.cc:99) For utterance BAC009S0916W0326, best cost 67.0778 + -231.502 = -164.424 over 360 frames.
LOG (lattice-best-path[5.5]:main():lattice-best-path.cc:99) For utterance BAC009S0916W0327, best cost 74.0425 + -256.227 = -182.184 over 402 frames.
LOG (lattice-best-path[5.5]:main():lattice-best-path.cc:99) For utterance BAC009S0916W0328, best cost 78.8164 + -251.01 = -172.194 over 376 frames.
LOG (lattice-best-path[5.5]:main():lattice-best-path.cc:99) For utterance BAC009S0916W0329, best cost 80.4577 + -229.041 = -148.583 over 384 frames.
LOG (lattice-best-path[5.5]:main():lattice-best-path.cc:99) For utterance BAC009S0916W0330, best cost 96.5766 + -309.372 = -212.795 over 492 frames.
LOG (lattice-best-path[5.5]:main():lattice-best-path.cc:99) For utterance BAC009S0916W0331, best cost 86.39 + -310.411 = -224.021 over 487 frames.
LOG (lattice-best-path[5.5]:main():lattice-best-path.cc:99) For utterance BAC009S0916W0332, best cost 134.653 + -397.952 = -263.299 over 598 frames.
LOG (lattice-best-path[5.5]:main():lattice-best-path.cc:99) For utterance BAC009S0916W0333, best cost 102.144 + -289.451 = -187.307 over 446 frames.
LOG (lattice-best-path[5.5]:main():lattice-best-path.cc:99) For utterance BAC009S0916W0334, best cost 114.515 + -331.592 = -217.077 over 525 frames.
LOG (lattice-best-path[5.5]:main():lattice-best-path.cc:99) For utterance BAC009S0916W0335, best cost 112.3 + -321.86 = -209.56 over 519 frames.
LOG (lattice-best-path[5.5]:main():lattice-best-path.cc:99) For utterance BAC009S0916W0336, best cost 100.716 + -270.901 = -170.185 over 432 frames.
LOG (lattice-best-path[5.5]:main():lattice-best-path.cc:99) For utterance BAC009S0916W0338, best cost 98.2192 + -309.296 = -211.077 over 508 frames.
LOG (lattice-best-path[5.5]:main():lattice-best-path.cc:99) For utterance BAC009S0916W0339, best cost 62.6441 + -376.584 = -313.94 over 594 frames.
LOG (lattice-best-path[5.5]:main():lattice-best-path.cc:99) For utterance BAC009S0916W0340, best cost 69.4141 + -176.837 = -107.423 over 291 frames.
LOG (lattice-best-path[5.5]:main():lattice-best-path.cc:99) For utterance BAC009S0916W0341, best cost 87.5874 + -219.638 = -132.051 over 347 frames.
LOG (lattice-best-path[5.5]:main():lattice-best-path.cc:99) For utterance BAC009S0916W0342, best cost 72.5857 + -209.511 = -136.925 over 365 frames.
LOG (lattice-best-path[5.5]:main():lattice-best-path.cc:99) For utterance BAC009S0916W0343, best cost 111.131 + -314.469 = -203.338 over 515 frames.
LOG (lattice-best-path[5.5]:main():lattice-best-path.cc:99) For utterance BAC009S0916W0344, best cost 138.263 + -366.282 = -228.019 over 582 frames.
LOG (lattice-best-path[5.5]:main():lattice-best-path.cc:99) For utterance BAC009S0916W0345, best cost 78.6525 + -254.351 = -175.698 over 404 frames.
LOG (lattice-best-path[5.5]:main():lattice-best-path.cc:99) For utterance BAC009S0916W0346, best cost 53.8777 + -147.847 = -93.969 over 261 frames.
LOG (lattice-best-path[5.5]:main():lattice-best-path.cc:99) For utterance BAC009S0916W0347, best cost 85.8599 + -264.181 = -178.321 over 402 frames.
LOG (lattice-best-path[5.5]:main():lattice-best-path.cc:99) For utterance BAC009S0916W0348, best cost 68.1795 + -211.346 = -143.166 over 339 frames.
LOG (lattice-best-path[5.5]:main():lattice-best-path.cc:99) For utterance BAC009S0916W0349, best cost 81.7953 + -236.079 = -154.283 over 383 frames.
LOG (lattice-best-path[5.5]:main():lattice-best-path.cc:99) For utterance BAC009S0916W0350, best cost 127.407 + -375.432 = -248.025 over 591 frames.
LOG (lattice-best-path[5.5]:main():lattice-best-path.cc:99) For utterance BAC009S0916W0351, best cost 65.9301 + -206.616 = -140.686 over 332 frames.
LOG (lattice-best-path[5.5]:main():lattice-best-path.cc:99) For utterance BAC009S0916W0352, best cost 112.409 + -285.116 = -172.707 over 471 frames.
LOG (lattice-best-path[5.5]:main():lattice-best-path.cc:99) For utterance BAC009S0916W0353, best cost 125.84 + -324.712 = -198.872 over 532 frames.
LOG (lattice-best-path[5.5]:main():lattice-best-path.cc:99) For utterance BAC009S0916W0354, best cost 56.0758 + -197.043 = -140.967 over 332 frames.
LOG (lattice-best-path[5.5]:main():lattice-best-path.cc:99) For utterance BAC009S0916W0355, best cost 105.879 + -303.699 = -197.82 over 459 frames.
LOG (lattice-best-path[5.5]:main():lattice-best-path.cc:99) For utterance BAC009S0916W0356, best cost 70.1141 + -191.118 = -121.004 over 308 frames.
LOG (lattice-best-path[5.5]:main():lattice-best-path.cc:99) For utterance BAC009S0916W0357, best cost 77.92 + -236.121 = -158.201 over 388 frames.
LOG (lattice-best-path[5.5]:main():lattice-best-path.cc:99) For utterance BAC009S0916W0358, best cost 70.8507 + -199.396 = -128.545 over 337 frames.
LOG (lattice-best-path[5.5]:main():lattice-best-path.cc:99) For utterance BAC009S0916W0359, best cost 88.9048 + -252.735 = -163.83 over 405 frames.
LOG (lattice-best-path[5.5]:main():lattice-best-path.cc:99) For utterance BAC009S0916W0360, best cost 108.998 + -296.629 = -187.631 over 453 frames.
LOG (lattice-best-path[5.5]:main():lattice-best-path.cc:99) For utterance BAC009S0916W0361, best cost 95.2103 + -246.083 = -150.872 over 391 frames.
LOG (lattice-best-path[5.5]:main():lattice-best-path.cc:99) For utterance BAC009S0916W0362, best cost 65.51 + -188.982 = -123.472 over 315 frames.
LOG (lattice-best-path[5.5]:main():lattice-best-path.cc:99) For utterance BAC009S0916W0363, best cost 126.75 + -366.552 = -239.803 over 602 frames.
LOG (lattice-best-path[5.5]:main():lattice-best-path.cc:99) For utterance BAC009S0916W0364, best cost 95.3341 + -276.516 = -181.182 over 448 frames.
LOG (lattice-best-path[5.5]:main():lattice-best-path.cc:99) For utterance BAC009S0916W0365, best cost 69.6422 + -176.58 = -106.938 over 312 frames.
LOG (lattice-best-path[5.5]:main():lattice-best-path.cc:99) For utterance BAC009S0916W0366, best cost 83.2062 + -198.798 = -115.592 over 330 frames.
LOG (lattice-best-path[5.5]:main():lattice-best-path.cc:99) For utterance BAC009S0916W0367, best cost 57.4976 + -203.264 = -145.767 over 330 frames.
LOG (lattice-best-path[5.5]:main():lattice-best-path.cc:99) For utterance BAC009S0916W0368, best cost 29.4202 + -158.929 = -129.509 over 262 frames.
LOG (lattice-best-path[5.5]:main():lattice-best-path.cc:99) For utterance BAC009S0916W0369, best cost 45.0526 + -221.295 = -176.242 over 378 frames.
LOG (lattice-best-path[5.5]:main():lattice-best-path.cc:99) For utterance BAC009S0916W0370, best cost 60.2797 + -246.779 = -186.499 over 403 frames.
LOG (lattice-best-path[5.5]:main():lattice-best-path.cc:99) For utterance BAC009S0916W0371, best cost 88.7387 + -334.86 = -246.121 over 511 frames.
LOG (lattice-best-path[5.5]:main():lattice-best-path.cc:99) For utterance BAC009S0916W0372, best cost 71.9318 + -194.997 = -123.065 over 333 frames.
LOG (lattice-best-path[5.5]:main():lattice-best-path.cc:99) For utterance BAC009S0916W0373, best cost 75.6572 + -214.745 = -139.087 over 353 frames.
LOG (lattice-best-path[5.5]:main():lattice-best-path.cc:99) For utterance BAC009S0916W0374, best cost 88.2578 + -249.122 = -160.864 over 413 frames.
LOG (lattice-best-path[5.5]:main():lattice-best-path.cc:99) For utterance BAC009S0916W0375, best cost 65.1338 + -203.894 = -138.761 over 340 frames.
LOG (lattice-best-path[5.5]:main():lattice-best-path.cc:99) For utterance BAC009S0916W0377, best cost 121.602 + -290.49 = -168.888 over 458 frames.
LOG (lattice-best-path[5.5]:main():lattice-best-path.cc:99) For utterance BAC009S0916W0378, best cost 54.9437 + -192.377 = -137.433 over 318 frames.
LOG (lattice-best-path[5.5]:main():lattice-best-path.cc:99) For utterance BAC009S0916W0379, best cost 70.0715 + -251.631 = -181.559 over 423 frames.
LOG (lattice-best-path[5.5]:main():lattice-best-path.cc:99) For utterance BAC009S0916W0380, best cost 110.791 + -273.156 = -162.365 over 446 frames.
LOG (lattice-best-path[5.5]:main():lattice-best-path.cc:99) For utterance BAC009S0916W0381, best cost 61.3497 + -188.309 = -126.96 over 344 frames.
LOG (lattice-best-path[5.5]:main():lattice-best-path.cc:99) For utterance BAC009S0916W0382, best cost 72.3804 + -179.809 = -107.429 over 278 frames.
LOG (lattice-best-path[5.5]:main():lattice-best-path.cc:99) For utterance BAC009S0916W0383, best cost 62.3646 + -160.265 = -97.9007 over 285 frames.
LOG (lattice-best-path[5.5]:main():lattice-best-path.cc:99) For utterance BAC009S0916W0384, best cost 100.249 + -271.034 = -170.785 over 451 frames.
LOG (lattice-best-path[5.5]:main():lattice-best-path.cc:99) For utterance BAC009S0916W0385, best cost 87.9014 + -243.106 = -155.204 over 390 frames.
LOG (lattice-best-path[5.5]:main():lattice-best-path.cc:99) For utterance BAC009S0916W0386, best cost 74.7388 + -174.932 = -100.193 over 297 frames.
LOG (lattice-best-path[5.5]:main():lattice-best-path.cc:99) For utterance BAC009S0916W0387, best cost 60.8297 + -181.797 = -120.967 over 307 frames.
LOG (lattice-best-path[5.5]:main():lattice-best-path.cc:99) For utterance BAC009S0916W0388, best cost 73.1043 + -329.965 = -256.861 over 534 frames.
LOG (lattice-best-path[5.5]:main():lattice-best-path.cc:99) For utterance BAC009S0916W0389, best cost 159.665 + -368.976 = -209.311 over 592 frames.
LOG (lattice-best-path[5.5]:main():lattice-best-path.cc:99) For utterance BAC009S0916W0390, best cost 90.8826 + -273.732 = -182.849 over 419 frames.
LOG (lattice-best-path[5.5]:main():lattice-best-path.cc:99) For utterance BAC009S0916W0391, best cost 85.9175 + -321.718 = -235.8 over 483 frames.
LOG (lattice-best-path[5.5]:main():lattice-best-path.cc:99) For utterance BAC009S0916W0392, best cost 91.8689 + -227.504 = -135.635 over 404 frames.
LOG (lattice-best-path[5.5]:main():lattice-best-path.cc:99) For utterance BAC009S0916W0393, best cost 83.6576 + -233.345 = -149.687 over 376 frames.
LOG (lattice-best-path[5.5]:main():lattice-best-path.cc:99) For utterance BAC009S0916W0394, best cost 65.5319 + -158.432 = -92.8996 over 265 frames.
LOG (lattice-best-path[5.5]:main():lattice-best-path.cc:99) For utterance BAC009S0916W0395, best cost 133.004 + -352.615 = -219.611 over 589 frames.
LOG (lattice-best-path[5.5]:main():lattice-best-path.cc:99) For utterance BAC009S0916W0396, best cost 74.2349 + -225.047 = -150.812 over 365 frames.
LOG (lattice-best-path[5.5]:main():lattice-best-path.cc:99) For utterance BAC009S0916W0397, best cost 104.074 + -333.137 = -229.063 over 517 frames.
LOG (lattice-best-path[5.5]:main():lattice-best-path.cc:99) For utterance BAC009S0916W0398, best cost 49.4897 + -145.323 = -95.8333 over 245 frames.
LOG (lattice-best-path[5.5]:main():lattice-best-path.cc:99) For utterance BAC009S0916W0399, best cost 102.383 + -256.721 = -154.338 over 419 frames.
LOG (lattice-best-path[5.5]:main():lattice-best-path.cc:99) For utterance BAC009S0916W0400, best cost 79.3725 + -189.054 = -109.682 over 323 frames.
LOG (lattice-best-path[5.5]:main():lattice-best-path.cc:99) For utterance BAC009S0916W0401, best cost 129.947 + -338.22 = -208.272 over 537 frames.
LOG (lattice-best-path[5.5]:main():lattice-best-path.cc:99) For utterance BAC009S0916W0402, best cost 113.78 + -270.565 = -156.785 over 454 frames.
LOG (lattice-best-path[5.5]:main():lattice-best-path.cc:99) For utterance BAC009S0916W0403, best cost 98.0923 + -267.546 = -169.454 over 421 frames.
LOG (lattice-best-path[5.5]:main():lattice-best-path.cc:99) For utterance BAC009S0916W0404, best cost 88.4076 + -315.004 = -226.596 over 488 frames.
LOG (lattice-best-path[5.5]:main():lattice-best-path.cc:99) For utterance BAC009S0916W0405, best cost 87.9852 + -257.929 = -169.943 over 420 frames.
LOG (lattice-best-path[5.5]:main():lattice-best-path.cc:99) For utterance BAC009S0916W0406, best cost 125.402 + -317.624 = -192.222 over 540 frames.
LOG (lattice-best-path[5.5]:main():lattice-best-path.cc:99) For utterance BAC009S0916W0407, best cost 152.103 + -351.704 = -199.601 over 548 frames.
LOG (lattice-best-path[5.5]:main():lattice-best-path.cc:99) For utterance BAC009S0916W0408, best cost 104.583 + -263.726 = -159.142 over 442 frames.
LOG (lattice-best-path[5.5]:main():lattice-best-path.cc:99) For utterance BAC009S0916W0409, best cost 106.944 + -277.23 = -170.286 over 445 frames.
LOG (lattice-best-path[5.5]:main():lattice-best-path.cc:99) For utterance BAC009S0916W0410, best cost 143.24 + -371.717 = -228.477 over 597 frames.
LOG (lattice-best-path[5.5]:main():lattice-best-path.cc:99) For utterance BAC009S0916W0411, best cost 77.6936 + -203.614 = -125.92 over 322 frames.
LOG (lattice-best-path[5.5]:main():lattice-best-path.cc:99) For utterance BAC009S0916W0412, best cost 44.6837 + -117.695 = -73.0117 over 227 frames.
LOG (lattice-best-path[5.5]:main():lattice-best-path.cc:99) For utterance BAC009S0916W0413, best cost 87.2056 + -224.016 = -136.811 over 359 frames.
LOG (lattice-best-path[5.5]:main():lattice-best-path.cc:99) For utterance BAC009S0916W0414, best cost 137.623 + -302.598 = -164.974 over 520 frames.
LOG (lattice-best-path[5.5]:main():lattice-best-path.cc:99) For utterance BAC009S0916W0415, best cost 109.356 + -356.891 = -247.535 over 557 frames.
LOG (lattice-best-path[5.5]:main():lattice-best-path.cc:99) For utterance BAC009S0916W0416, best cost 90.5399 + -251.977 = -161.437 over 430 frames.
LOG (lattice-best-path[5.5]:main():lattice-best-path.cc:99) For utterance BAC009S0916W0417, best cost 52.3208 + -125.342 = -73.0211 over 247 frames.
LOG (lattice-best-path[5.5]:main():lattice-best-path.cc:99) For utterance BAC009S0916W0418, best cost 47.6469 + -131.409 = -83.7623 over 215 frames.
LOG (lattice-best-path[5.5]:main():lattice-best-path.cc:99) For utterance BAC009S0916W0419, best cost 61.7633 + -160.394 = -98.6306 over 284 frames.
LOG (lattice-best-path[5.5]:main():lattice-best-path.cc:99) For utterance BAC009S0916W0420, best cost 53.6635 + -129.452 = -75.7884 over 231 frames.
LOG (lattice-best-path[5.5]:main():lattice-best-path.cc:99) For utterance BAC009S0916W0421, best cost 73.6294 + -208.537 = -134.908 over 344 frames.
LOG (lattice-best-path[5.5]:main():lattice-best-path.cc:99) For utterance BAC009S0916W0422, best cost 73.0986 + -194.565 = -121.466 over 319 frames.
LOG (lattice-best-path[5.5]:main():lattice-best-path.cc:99) For utterance BAC009S0916W0423, best cost 99.3246 + -394.532 = -295.207 over 627 frames.
LOG (lattice-best-path[5.5]:main():lattice-best-path.cc:99) For utterance BAC009S0916W0424, best cost 68.2293 + -232.578 = -164.349 over 356 frames.
LOG (lattice-best-path[5.5]:main():lattice-best-path.cc:99) For utterance BAC009S0916W0425, best cost 45.4581 + -138.29 = -92.8322 over 256 frames.
LOG (lattice-best-path[5.5]:main():lattice-best-path.cc:99) For utterance BAC009S0916W0426, best cost 38.9479 + -100.441 = -61.493 over 184 frames.
LOG (lattice-best-path[5.5]:main():lattice-best-path.cc:99) For utterance BAC009S0916W0427, best cost 49.8192 + -145.001 = -95.1818 over 241 frames.
LOG (lattice-best-path[5.5]:main():lattice-best-path.cc:99) For utterance BAC009S0916W0428, best cost 59.9103 + -358.834 = -298.924 over 554 frames.
LOG (lattice-best-path[5.5]:main():lattice-best-path.cc:99) For utterance BAC009S0916W0429, best cost 66.8849 + -199.305 = -132.42 over 351 frames.
LOG (lattice-best-path[5.5]:main():lattice-best-path.cc:99) For utterance BAC009S0916W0430, best cost 44.9318 + -139.516 = -94.5837 over 229 frames.
LOG (lattice-best-path[5.5]:main():lattice-best-path.cc:99) For utterance BAC009S0916W0431, best cost 182.735 + -416.29 = -233.555 over 664 frames.
LOG (lattice-best-path[5.5]:main():lattice-best-path.cc:99) For utterance BAC009S0916W0432, best cost 78.6846 + -160.599 = -81.9147 over 280 frames.
LOG (lattice-best-path[5.5]:main():lattice-best-path.cc:99) For utterance BAC009S0916W0433, best cost 123.065 + -269.593 = -146.528 over 441 frames.
LOG (lattice-best-path[5.5]:main():lattice-best-path.cc:99) For utterance BAC009S0916W0434, best cost 133.82 + -350.975 = -217.155 over 582 frames.
LOG (lattice-best-path[5.5]:main():lattice-best-path.cc:99) For utterance BAC009S0916W0435, best cost 167.82 + -453.137 = -285.316 over 718 frames.
LOG (lattice-best-path[5.5]:main():lattice-best-path.cc:99) For utterance BAC009S0916W0436, best cost 76.0541 + -260.636 = -184.582 over 482 frames.
LOG (lattice-best-path[5.5]:main():lattice-best-path.cc:99) For utterance BAC009S0916W0437, best cost 170.926 + -434.704 = -263.777 over 703 frames.
LOG (lattice-best-path[5.5]:main():lattice-best-path.cc:99) For utterance BAC009S0916W0438, best cost 78.8118 + -226.693 = -147.881 over 386 frames.
LOG (lattice-best-path[5.5]:main():lattice-best-path.cc:99) For utterance BAC009S0916W0439, best cost 50.6268 + -217.899 = -167.273 over 371 frames.
LOG (lattice-best-path[5.5]:main():lattice-best-path.cc:99) For utterance BAC009S0916W0440, best cost 166.684 + -411.317 = -244.633 over 678 frames.
LOG (lattice-best-path[5.5]:main():lattice-best-path.cc:99) For utterance BAC009S0916W0441, best cost 130.219 + -334.511 = -204.292 over 537 frames.
LOG (lattice-best-path[5.5]:main():lattice-best-path.cc:99) For utterance BAC009S0916W0442, best cost 90.7413 + -234.413 = -143.672 over 360 frames.
LOG (lattice-best-path[5.5]:main():lattice-best-path.cc:99) For utterance BAC009S0916W0443, best cost 135.626 + -379.986 = -244.36 over 590 frames.
LOG (lattice-best-path[5.5]:main():lattice-best-path.cc:99) For utterance BAC009S0916W0444, best cost 151.857 + -404.347 = -252.49 over 640 frames.
LOG (lattice-best-path[5.5]:main():lattice-best-path.cc:99) For utterance BAC009S0916W0445, best cost 79.5404 + -223.611 = -144.071 over 361 frames.
LOG (lattice-best-path[5.5]:main():lattice-best-path.cc:99) For utterance BAC009S0916W0446, best cost 63.078 + -207.477 = -144.399 over 355 frames.
LOG (lattice-best-path[5.5]:main():lattice-best-path.cc:99) For utterance BAC009S0916W0447, best cost 161.426 + -433.198 = -271.772 over 708 frames.
LOG (lattice-best-path[5.5]:main():lattice-best-path.cc:99) For utterance BAC009S0916W0448, best cost 58.4441 + -191.323 = -132.879 over 388 frames.
LOG (lattice-best-path[5.5]:main():lattice-best-path.cc:99) For utterance BAC009S0916W0449, best cost 123.051 + -339.051 = -216 over 577 frames.
LOG (lattice-best-path[5.5]:main():lattice-best-path.cc:99) For utterance BAC009S0916W0450, best cost 113.418 + -306.071 = -192.653 over 524 frames.
LOG (lattice-best-path[5.5]:main():lattice-best-path.cc:99) For utterance BAC009S0916W0452, best cost 111.222 + -276.399 = -165.177 over 461 frames.
LOG (lattice-best-path[5.5]:main():lattice-best-path.cc:99) For utterance BAC009S0916W0453, best cost 79.197 + -209.996 = -130.799 over 370 frames.
LOG (lattice-best-path[5.5]:main():lattice-best-path.cc:99) For utterance BAC009S0916W0454, best cost 68.122 + -242.428 = -174.306 over 413 frames.
LOG (lattice-best-path[5.5]:main():lattice-best-path.cc:99) For utterance BAC009S0916W0455, best cost 114.25 + -354.408 = -240.159 over 592 frames.
LOG (lattice-best-path[5.5]:main():lattice-best-path.cc:99) For utterance BAC009S0916W0456, best cost 151.288 + -444.86 = -293.573 over 733 frames.
LOG (lattice-best-path[5.5]:main():lattice-best-path.cc:99) For utterance BAC009S0916W0457, best cost 135.146 + -362.345 = -227.2 over 625 frames.
LOG (lattice-best-path[5.5]:main():lattice-best-path.cc:99) For utterance BAC009S0916W0458, best cost 120.09 + -324.721 = -204.631 over 552 frames.
LOG (lattice-best-path[5.5]:main():lattice-best-path.cc:99) For utterance BAC009S0916W0459, best cost 87.5821 + -242.716 = -155.134 over 414 frames.
LOG (lattice-best-path[5.5]:main():lattice-best-path.cc:99) For utterance BAC009S0916W0460, best cost 118.032 + -322.943 = -204.911 over 534 frames.
LOG (lattice-best-path[5.5]:main():lattice-best-path.cc:99) For utterance BAC009S0916W0461, best cost 131.977 + -396.291 = -264.314 over 638 frames.
LOG (lattice-best-path[5.5]:main():lattice-best-path.cc:99) For utterance BAC009S0916W0462, best cost 87.5753 + -368.103 = -280.528 over 638 frames.
LOG (lattice-best-path[5.5]:main():lattice-best-path.cc:99) For utterance BAC009S0916W0463, best cost 147.275 + -481.353 = -334.078 over 814 frames.
LOG (lattice-best-path[5.5]:main():lattice-best-path.cc:99) For utterance BAC009S0916W0464, best cost 139.375 + -478.721 = -339.346 over 768 frames.
LOG (lattice-best-path[5.5]:main():lattice-best-path.cc:99) For utterance BAC009S0916W0465, best cost 83.5622 + -300.713 = -217.151 over 539 frames.
LOG (lattice-best-path[5.5]:main():lattice-best-path.cc:99) For utterance BAC009S0916W0466, best cost 122.662 + -373.165 = -250.503 over 691 frames.
LOG (lattice-best-path[5.5]:main():lattice-best-path.cc:99) For utterance BAC009S0916W0467, best cost 44.6518 + -171.238 = -126.586 over 316 frames.
LOG (lattice-best-path[5.5]:main():lattice-best-path.cc:99) For utterance BAC009S0916W0468, best cost 132.794 + -431.928 = -299.134 over 735 frames.
LOG (lattice-best-path[5.5]:main():lattice-best-path.cc:99) For utterance BAC009S0916W0470, best cost 123.672 + -392.903 = -269.232 over 636 frames.
LOG (lattice-best-path[5.5]:main():lattice-best-path.cc:99) For utterance BAC009S0916W0471, best cost 114.555 + -329.031 = -214.475 over 556 frames.
LOG (lattice-best-path[5.5]:main():lattice-best-path.cc:99) For utterance BAC009S0916W0472, best cost 103.246 + -281.054 = -177.809 over 472 frames.
LOG (lattice-best-path[5.5]:main():lattice-best-path.cc:99) For utterance BAC009S0916W0473, best cost 62.5337 + -158.495 = -95.9614 over 322 frames.
LOG (lattice-best-path[5.5]:main():lattice-best-path.cc:99) For utterance BAC009S0916W0474, best cost 80.1451 + -212.123 = -131.978 over 386 frames.
LOG (lattice-best-path[5.5]:main():lattice-best-path.cc:99) For utterance BAC009S0916W0475, best cost 137.962 + -400.642 = -262.679 over 653 frames.
LOG (lattice-best-path[5.5]:main():lattice-best-path.cc:99) For utterance BAC009S0916W0476, best cost 86.3744 + -223.655 = -137.281 over 397 frames.
LOG (lattice-best-path[5.5]:main():lattice-best-path.cc:99) For utterance BAC009S0916W0477, best cost 136.146 + -325.982 = -189.836 over 556 frames.
LOG (lattice-best-path[5.5]:main():lattice-best-path.cc:99) For utterance BAC009S0916W0478, best cost 79.8632 + -207.489 = -127.626 over 369 frames.
LOG (lattice-best-path[5.5]:main():lattice-best-path.cc:99) For utterance BAC009S0916W0479, best cost 97.0327 + -434.828 = -337.795 over 731 frames.
LOG (lattice-best-path[5.5]:main():lattice-best-path.cc:99) For utterance BAC009S0916W0480, best cost 152.754 + -422.708 = -269.954 over 700 frames.
LOG (lattice-best-path[5.5]:main():lattice-best-path.cc:99) For utterance BAC009S0916W0481, best cost 130.557 + -326.919 = -196.362 over 583 frames.
LOG (lattice-best-path[5.5]:main():lattice-best-path.cc:99) For utterance BAC009S0916W0482, best cost 85.9687 + -241.38 = -155.411 over 411 frames.
LOG (lattice-best-path[5.5]:main():lattice-best-path.cc:99) For utterance BAC009S0916W0483, best cost 57.6782 + -183.3 = -125.622 over 327 frames.
LOG (lattice-best-path[5.5]:main():lattice-best-path.cc:99) For utterance BAC009S0916W0484, best cost 120.046 + -341.835 = -221.789 over 547 frames.
LOG (lattice-best-path[5.5]:main():lattice-best-path.cc:99) For utterance BAC009S0916W0485, best cost 66.9118 + -177.893 = -110.981 over 349 frames.
LOG (lattice-best-path[5.5]:main():lattice-best-path.cc:99) For utterance BAC009S0916W0486, best cost 113.332 + -382.669 = -269.337 over 614 frames.
LOG (lattice-best-path[5.5]:main():lattice-best-path.cc:99) For utterance BAC009S0916W0487, best cost 152.377 + -414.446 = -262.069 over 687 frames.
LOG (lattice-best-path[5.5]:main():lattice-best-path.cc:99) For utterance BAC009S0916W0488, best cost 169.348 + -408.086 = -238.738 over 671 frames.
LOG (lattice-best-path[5.5]:main():lattice-best-path.cc:99) For utterance BAC009S0916W0489, best cost 137.612 + -349.492 = -211.881 over 572 frames.
LOG (lattice-best-path[5.5]:main():lattice-best-path.cc:99) For utterance BAC009S0916W0490, best cost 94.3389 + -268.065 = -173.726 over 453 frames.
LOG (lattice-best-path[5.5]:main():lattice-best-path.cc:99) For utterance BAC009S0916W0491, best cost 83.8989 + -261.782 = -177.883 over 444 frames.
LOG (lattice-best-path[5.5]:main():lattice-best-path.cc:99) For utterance BAC009S0916W0492, best cost 108.423 + -327.616 = -219.192 over 541 frames.
LOG (lattice-best-path[5.5]:main():lattice-best-path.cc:99) For utterance BAC009S0916W0493, best cost 66.2517 + -208.895 = -142.643 over 344 frames.
LOG (lattice-depth-per-frame[5.5]:main():lattice-depth-per-frame.cc:82) Done 361 lattices.
LOG (lattice-best-path[5.5]:main():lattice-best-path.cc:99) For utterance BAC009S0916W0494, best cost 76.7353 + -218.097 = -141.362 over 373 frames.
LOG (lattice-best-path[5.5]:main():lattice-best-path.cc:99) For utterance BAC009S0916W0495, best cost 97.1184 + -240.062 = -142.943 over 415 frames.
LOG (lattice-best-path[5.5]:main():lattice-best-path.cc:124) Overall cost per frame is -0.402112 = 0.213939 [graph] + -0.616051 [acoustic] over 159851 frames.
LOG (lattice-best-path[5.5]:main():lattice-best-path.cc:128) Done 361 lattices, failed for 0
# Accounting: time=2 threads=1
# Ended (code 0) at Sat Jun 18 23:01:57 CST 2022, elapsed time 2 seconds
