# lattice-depth-per-frame "ark:gunzip -c exp/nnet3/new_dnn_sp/decode_test/lat.17.gz|" "ark,t:|gzip -c > exp/nnet3/new_dnn_sp/decode_test/depth_tmp.17.gz" ark:- | lattice-best-path --acoustic-scale=0.1 ark:- ark:/dev/null "ark,t:|gzip -c >exp/nnet3/new_dnn_sp/decode_test/ali_tmp.17.gz" 
# Started at Sat Jun 18 23:01:55 CST 2022
#
lattice-best-path --acoustic-scale=0.1 ark:- ark:/dev/null 'ark,t:|gzip -c >exp/nnet3/new_dnn_sp/decode_test/ali_tmp.17.gz' 
lattice-depth-per-frame 'ark:gunzip -c exp/nnet3/new_dnn_sp/decode_test/lat.17.gz|' 'ark,t:|gzip -c > exp/nnet3/new_dnn_sp/decode_test/depth_tmp.17.gz' ark:- 
LOG (lattice-best-path[5.5]:main():lattice-best-path.cc:99) For utterance BAC009S0913W0121, best cost 106.97 + -325.029 = -218.059 over 537 frames.
LOG (lattice-best-path[5.5]:main():lattice-best-path.cc:99) For utterance BAC009S0913W0122, best cost 92.5369 + -367.139 = -274.602 over 591 frames.
LOG (lattice-best-path[5.5]:main():lattice-best-path.cc:99) For utterance BAC009S0913W0123, best cost 89.6457 + -337.805 = -248.159 over 561 frames.
LOG (lattice-best-path[5.5]:main():lattice-best-path.cc:99) For utterance BAC009S0913W0124, best cost 91.6064 + -311.291 = -219.685 over 521 frames.
LOG (lattice-best-path[5.5]:main():lattice-best-path.cc:99) For utterance BAC009S0913W0125, best cost 103.364 + -374.923 = -271.559 over 591 frames.
LOG (lattice-best-path[5.5]:main():lattice-best-path.cc:99) For utterance BAC009S0913W0126, best cost 141.944 + -470.141 = -328.197 over 775 frames.
LOG (lattice-best-path[5.5]:main():lattice-best-path.cc:99) For utterance BAC009S0913W0127, best cost 90.9978 + -387.656 = -296.658 over 748 frames.
LOG (lattice-best-path[5.5]:main():lattice-best-path.cc:99) For utterance BAC009S0913W0128, best cost 87.7238 + -312.137 = -224.414 over 511 frames.
LOG (lattice-best-path[5.5]:main():lattice-best-path.cc:99) For utterance BAC009S0913W0129, best cost 60.6365 + -245.465 = -184.828 over 408 frames.
LOG (lattice-best-path[5.5]:main():lattice-best-path.cc:99) For utterance BAC009S0913W0130, best cost 86.8973 + -269.979 = -183.082 over 504 frames.
LOG (lattice-best-path[5.5]:main():lattice-best-path.cc:99) For utterance BAC009S0913W0131, best cost 142.813 + -459.134 = -316.321 over 767 frames.
LOG (lattice-best-path[5.5]:main():lattice-best-path.cc:99) For utterance BAC009S0913W0132, best cost 135.317 + -420.6 = -285.283 over 738 frames.
LOG (lattice-best-path[5.5]:main():lattice-best-path.cc:99) For utterance BAC009S0913W0133, best cost 122.019 + -371.29 = -249.271 over 623 frames.
LOG (lattice-best-path[5.5]:main():lattice-best-path.cc:99) For utterance BAC009S0913W0134, best cost 77.961 + -281.578 = -203.617 over 455 frames.
LOG (lattice-best-path[5.5]:main():lattice-best-path.cc:99) For utterance BAC009S0913W0135, best cost 82.9683 + -251.619 = -168.65 over 413 frames.
LOG (lattice-best-path[5.5]:main():lattice-best-path.cc:99) For utterance BAC009S0913W0136, best cost 55.8755 + -174.854 = -118.978 over 328 frames.
LOG (lattice-best-path[5.5]:main():lattice-best-path.cc:99) For utterance BAC009S0913W0137, best cost 57.8457 + -178.626 = -120.78 over 322 frames.
LOG (lattice-best-path[5.5]:main():lattice-best-path.cc:99) For utterance BAC009S0913W0138, best cost 60.4468 + -207.209 = -146.763 over 334 frames.
LOG (lattice-best-path[5.5]:main():lattice-best-path.cc:99) For utterance BAC009S0913W0139, best cost 95.3118 + -279.057 = -183.745 over 512 frames.
LOG (lattice-best-path[5.5]:main():lattice-best-path.cc:99) For utterance BAC009S0913W0140, best cost 165.889 + -584.877 = -418.988 over 1198 frames.
LOG (lattice-best-path[5.5]:main():lattice-best-path.cc:99) For utterance BAC009S0913W0141, best cost 90.0901 + -266.431 = -176.341 over 481 frames.
LOG (lattice-best-path[5.5]:main():lattice-best-path.cc:99) For utterance BAC009S0913W0142, best cost 106.426 + -341.051 = -234.624 over 592 frames.
LOG (lattice-best-path[5.5]:main():lattice-best-path.cc:99) For utterance BAC009S0913W0143, best cost 130.701 + -463.654 = -332.953 over 877 frames.
LOG (lattice-best-path[5.5]:main():lattice-best-path.cc:99) For utterance BAC009S0913W0144, best cost 63.5519 + -228.08 = -164.529 over 450 frames.
LOG (lattice-best-path[5.5]:main():lattice-best-path.cc:99) For utterance BAC009S0913W0145, best cost 148.43 + -549.056 = -400.626 over 1138 frames.
LOG (lattice-best-path[5.5]:main():lattice-best-path.cc:99) For utterance BAC009S0913W0146, best cost 158.704 + -530.822 = -372.119 over 1076 frames.
LOG (lattice-best-path[5.5]:main():lattice-best-path.cc:99) For utterance BAC009S0913W0147, best cost 58.3419 + -187.751 = -129.409 over 349 frames.
LOG (lattice-best-path[5.5]:main():lattice-best-path.cc:99) For utterance BAC009S0913W0148, best cost 56.844 + -201.643 = -144.799 over 344 frames.
LOG (lattice-best-path[5.5]:main():lattice-best-path.cc:99) For utterance BAC009S0913W0149, best cost 127.138 + -476.115 = -348.977 over 919 frames.
LOG (lattice-best-path[5.5]:main():lattice-best-path.cc:99) For utterance BAC009S0913W0150, best cost 121.109 + -397.31 = -276.201 over 708 frames.
LOG (lattice-best-path[5.5]:main():lattice-best-path.cc:99) For utterance BAC009S0913W0151, best cost 56.7636 + -200.604 = -143.841 over 379 frames.
LOG (lattice-best-path[5.5]:main():lattice-best-path.cc:99) For utterance BAC009S0913W0152, best cost 71.973 + -247.921 = -175.948 over 448 frames.
LOG (lattice-best-path[5.5]:main():lattice-best-path.cc:99) For utterance BAC009S0913W0153, best cost 74.7758 + -279.573 = -204.797 over 498 frames.
LOG (lattice-best-path[5.5]:main():lattice-best-path.cc:99) For utterance BAC009S0913W0154, best cost 118.359 + -413.986 = -295.627 over 675 frames.
LOG (lattice-best-path[5.5]:main():lattice-best-path.cc:99) For utterance BAC009S0913W0155, best cost 67.4821 + -244.712 = -177.23 over 426 frames.
LOG (lattice-best-path[5.5]:main():lattice-best-path.cc:99) For utterance BAC009S0913W0156, best cost 112.882 + -327.76 = -214.878 over 586 frames.
LOG (lattice-best-path[5.5]:main():lattice-best-path.cc:99) For utterance BAC009S0913W0157, best cost 64.9768 + -288.63 = -223.653 over 527 frames.
LOG (lattice-best-path[5.5]:main():lattice-best-path.cc:99) For utterance BAC009S0913W0158, best cost 65.5265 + -233.09 = -167.563 over 439 frames.
LOG (lattice-best-path[5.5]:main():lattice-best-path.cc:99) For utterance BAC009S0913W0159, best cost 90.4094 + -295.973 = -205.564 over 470 frames.
LOG (lattice-best-path[5.5]:main():lattice-best-path.cc:99) For utterance BAC009S0913W0160, best cost 77.6429 + -225.436 = -147.793 over 425 frames.
LOG (lattice-best-path[5.5]:main():lattice-best-path.cc:99) For utterance BAC009S0913W0161, best cost 66.3955 + -211.568 = -145.173 over 391 frames.
LOG (lattice-best-path[5.5]:main():lattice-best-path.cc:99) For utterance BAC009S0913W0162, best cost 149.653 + -444.024 = -294.372 over 848 frames.
LOG (lattice-best-path[5.5]:main():lattice-best-path.cc:99) For utterance BAC009S0913W0163, best cost 69.0812 + -200.139 = -131.058 over 422 frames.
LOG (lattice-best-path[5.5]:main():lattice-best-path.cc:99) For utterance BAC009S0913W0164, best cost 76.3868 + -217.868 = -141.481 over 430 frames.
LOG (lattice-best-path[5.5]:main():lattice-best-path.cc:99) For utterance BAC009S0913W0165, best cost 149.29 + -446.62 = -297.331 over 826 frames.
LOG (lattice-best-path[5.5]:main():lattice-best-path.cc:99) For utterance BAC009S0913W0166, best cost 101.805 + -258.95 = -157.144 over 505 frames.
LOG (lattice-best-path[5.5]:main():lattice-best-path.cc:99) For utterance BAC009S0913W0167, best cost 138.16 + -441.718 = -303.559 over 824 frames.
LOG (lattice-best-path[5.5]:main():lattice-best-path.cc:99) For utterance BAC009S0913W0168, best cost 75.055 + -175.281 = -100.226 over 322 frames.
LOG (lattice-best-path[5.5]:main():lattice-best-path.cc:99) For utterance BAC009S0913W0169, best cost 113.182 + -387.179 = -273.997 over 646 frames.
LOG (lattice-best-path[5.5]:main():lattice-best-path.cc:99) For utterance BAC009S0913W0170, best cost 72.1208 + -218.409 = -146.288 over 416 frames.
LOG (lattice-best-path[5.5]:main():lattice-best-path.cc:99) For utterance BAC009S0913W0171, best cost 118.568 + -332.202 = -213.634 over 578 frames.
LOG (lattice-best-path[5.5]:main():lattice-best-path.cc:99) For utterance BAC009S0913W0172, best cost 52.3695 + -228.881 = -176.511 over 427 frames.
LOG (lattice-best-path[5.5]:main():lattice-best-path.cc:99) For utterance BAC009S0913W0173, best cost 130.652 + -461.329 = -330.677 over 844 frames.
LOG (lattice-best-path[5.5]:main():lattice-best-path.cc:99) For utterance BAC009S0913W0174, best cost 98.1891 + -357.714 = -259.525 over 717 frames.
LOG (lattice-best-path[5.5]:main():lattice-best-path.cc:99) For utterance BAC009S0913W0175, best cost 74.8524 + -277.304 = -202.452 over 509 frames.
LOG (lattice-best-path[5.5]:main():lattice-best-path.cc:99) For utterance BAC009S0913W0176, best cost 96.2452 + -349.687 = -253.441 over 538 frames.
LOG (lattice-best-path[5.5]:main():lattice-best-path.cc:99) For utterance BAC009S0913W0177, best cost 72.455 + -191.433 = -118.978 over 337 frames.
LOG (lattice-best-path[5.5]:main():lattice-best-path.cc:99) For utterance BAC009S0913W0178, best cost 75.2805 + -209.361 = -134.081 over 385 frames.
LOG (lattice-best-path[5.5]:main():lattice-best-path.cc:99) For utterance BAC009S0913W0179, best cost 97.5343 + -318.787 = -221.252 over 527 frames.
LOG (lattice-best-path[5.5]:main():lattice-best-path.cc:99) For utterance BAC009S0913W0180, best cost 65.4823 + -214.656 = -149.174 over 378 frames.
LOG (lattice-best-path[5.5]:main():lattice-best-path.cc:99) For utterance BAC009S0913W0181, best cost 85.1622 + -304.754 = -219.592 over 548 frames.
LOG (lattice-best-path[5.5]:main():lattice-best-path.cc:99) For utterance BAC009S0913W0182, best cost 95.883 + -366.63 = -270.747 over 576 frames.
LOG (lattice-best-path[5.5]:main():lattice-best-path.cc:99) For utterance BAC009S0913W0183, best cost 42.8458 + -262.533 = -219.687 over 426 frames.
LOG (lattice-best-path[5.5]:main():lattice-best-path.cc:99) For utterance BAC009S0913W0184, best cost 61.2984 + -186.266 = -124.967 over 348 frames.
LOG (lattice-best-path[5.5]:main():lattice-best-path.cc:99) For utterance BAC009S0913W0185, best cost 73.6072 + -240.63 = -167.023 over 409 frames.
LOG (lattice-best-path[5.5]:main():lattice-best-path.cc:99) For utterance BAC009S0913W0186, best cost 66.2997 + -243.201 = -176.901 over 392 frames.
LOG (lattice-best-path[5.5]:main():lattice-best-path.cc:99) For utterance BAC009S0913W0187, best cost 105.499 + -313.107 = -207.608 over 512 frames.
LOG (lattice-best-path[5.5]:main():lattice-best-path.cc:99) For utterance BAC009S0913W0188, best cost 43.6046 + -175.981 = -132.377 over 315 frames.
LOG (lattice-best-path[5.5]:main():lattice-best-path.cc:99) For utterance BAC009S0913W0189, best cost 76.8775 + -232.031 = -155.154 over 432 frames.
LOG (lattice-best-path[5.5]:main():lattice-best-path.cc:99) For utterance BAC009S0913W0190, best cost 59.0062 + -193.133 = -134.127 over 341 frames.
LOG (lattice-best-path[5.5]:main():lattice-best-path.cc:99) For utterance BAC009S0913W0191, best cost 82.6694 + -244.172 = -161.503 over 435 frames.
LOG (lattice-best-path[5.5]:main():lattice-best-path.cc:99) For utterance BAC009S0913W0192, best cost 57.2573 + -187.567 = -130.31 over 333 frames.
LOG (lattice-best-path[5.5]:main():lattice-best-path.cc:99) For utterance BAC009S0913W0193, best cost 153.923 + -436.176 = -282.253 over 755 frames.
LOG (lattice-best-path[5.5]:main():lattice-best-path.cc:99) For utterance BAC009S0913W0194, best cost 131.975 + -385.268 = -253.293 over 681 frames.
LOG (lattice-best-path[5.5]:main():lattice-best-path.cc:99) For utterance BAC009S0913W0195, best cost 64.2606 + -180.922 = -116.661 over 333 frames.
LOG (lattice-best-path[5.5]:main():lattice-best-path.cc:99) For utterance BAC009S0913W0196, best cost 63.9528 + -170.921 = -106.968 over 340 frames.
LOG (lattice-best-path[5.5]:main():lattice-best-path.cc:99) For utterance BAC009S0913W0197, best cost 93.4598 + -297.925 = -204.465 over 504 frames.
LOG (lattice-best-path[5.5]:main():lattice-best-path.cc:99) For utterance BAC009S0913W0198, best cost 53.9568 + -170.886 = -116.929 over 323 frames.
LOG (lattice-best-path[5.5]:main():lattice-best-path.cc:99) For utterance BAC009S0913W0199, best cost 88.7511 + -220.322 = -131.571 over 405 frames.
LOG (lattice-best-path[5.5]:main():lattice-best-path.cc:99) For utterance BAC009S0913W0200, best cost 77.765 + -251.986 = -174.221 over 420 frames.
LOG (lattice-best-path[5.5]:main():lattice-best-path.cc:99) For utterance BAC009S0913W0201, best cost 42.8133 + -180.122 = -137.309 over 325 frames.
LOG (lattice-best-path[5.5]:main():lattice-best-path.cc:99) For utterance BAC009S0913W0202, best cost 68.1322 + -256.975 = -188.843 over 485 frames.
LOG (lattice-best-path[5.5]:main():lattice-best-path.cc:99) For utterance BAC009S0913W0203, best cost 66.3759 + -240.199 = -173.823 over 423 frames.
LOG (lattice-best-path[5.5]:main():lattice-best-path.cc:99) For utterance BAC009S0913W0204, best cost 115.838 + -316.452 = -200.614 over 624 frames.
LOG (lattice-best-path[5.5]:main():lattice-best-path.cc:99) For utterance BAC009S0913W0205, best cost 67.3887 + -228.436 = -161.047 over 481 frames.
LOG (lattice-best-path[5.5]:main():lattice-best-path.cc:99) For utterance BAC009S0913W0206, best cost 49.6329 + -190.677 = -141.044 over 342 frames.
LOG (lattice-best-path[5.5]:main():lattice-best-path.cc:99) For utterance BAC009S0913W0207, best cost 130.946 + -463.227 = -332.281 over 848 frames.
LOG (lattice-best-path[5.5]:main():lattice-best-path.cc:99) For utterance BAC009S0913W0208, best cost 98.1313 + -361.327 = -263.196 over 687 frames.
LOG (lattice-best-path[5.5]:main():lattice-best-path.cc:99) For utterance BAC009S0913W0209, best cost 155.36 + -510.733 = -355.373 over 914 frames.
LOG (lattice-best-path[5.5]:main():lattice-best-path.cc:99) For utterance BAC009S0913W0210, best cost 111.58 + -317.332 = -205.753 over 529 frames.
LOG (lattice-best-path[5.5]:main():lattice-best-path.cc:99) For utterance BAC009S0913W0211, best cost 96.2984 + -344.394 = -248.096 over 637 frames.
LOG (lattice-best-path[5.5]:main():lattice-best-path.cc:99) For utterance BAC009S0913W0212, best cost 72.6445 + -180.32 = -107.676 over 330 frames.
LOG (lattice-best-path[5.5]:main():lattice-best-path.cc:99) For utterance BAC009S0913W0213, best cost 121.918 + -361.445 = -239.527 over 626 frames.
LOG (lattice-best-path[5.5]:main():lattice-best-path.cc:99) For utterance BAC009S0913W0214, best cost 83.8231 + -238.225 = -154.402 over 428 frames.
LOG (lattice-best-path[5.5]:main():lattice-best-path.cc:99) For utterance BAC009S0913W0215, best cost 88.1951 + -223.825 = -135.63 over 415 frames.
LOG (lattice-best-path[5.5]:main():lattice-best-path.cc:99) For utterance BAC009S0913W0216, best cost 41.8284 + -97.8479 = -56.0194 over 232 frames.
LOG (lattice-best-path[5.5]:main():lattice-best-path.cc:99) For utterance BAC009S0913W0217, best cost 100.614 + -344.984 = -244.37 over 575 frames.
LOG (lattice-best-path[5.5]:main():lattice-best-path.cc:99) For utterance BAC009S0913W0218, best cost 72.0344 + -175.774 = -103.74 over 322 frames.
LOG (lattice-best-path[5.5]:main():lattice-best-path.cc:99) For utterance BAC009S0913W0219, best cost 91.67 + -252.81 = -161.14 over 433 frames.
LOG (lattice-best-path[5.5]:main():lattice-best-path.cc:99) For utterance BAC009S0913W0220, best cost 70.6768 + -189.714 = -119.037 over 343 frames.
LOG (lattice-best-path[5.5]:main():lattice-best-path.cc:99) For utterance BAC009S0913W0221, best cost 88.1162 + -217.757 = -129.641 over 391 frames.
LOG (lattice-best-path[5.5]:main():lattice-best-path.cc:99) For utterance BAC009S0913W0222, best cost 71.7738 + -218.715 = -146.942 over 386 frames.
LOG (lattice-best-path[5.5]:main():lattice-best-path.cc:99) For utterance BAC009S0913W0223, best cost 89.1277 + -246.598 = -157.47 over 417 frames.
LOG (lattice-best-path[5.5]:main():lattice-best-path.cc:99) For utterance BAC009S0913W0224, best cost 52.6069 + -125.293 = -72.6858 over 248 frames.
LOG (lattice-best-path[5.5]:main():lattice-best-path.cc:99) For utterance BAC009S0913W0225, best cost 91.742 + -321.33 = -229.588 over 545 frames.
LOG (lattice-best-path[5.5]:main():lattice-best-path.cc:99) For utterance BAC009S0913W0226, best cost 69.1606 + -208.722 = -139.562 over 393 frames.
LOG (lattice-best-path[5.5]:main():lattice-best-path.cc:99) For utterance BAC009S0913W0227, best cost 60.2139 + -194.136 = -133.922 over 369 frames.
LOG (lattice-best-path[5.5]:main():lattice-best-path.cc:99) For utterance BAC009S0913W0228, best cost 75.4723 + -170.165 = -94.6931 over 337 frames.
LOG (lattice-best-path[5.5]:main():lattice-best-path.cc:99) For utterance BAC009S0913W0229, best cost 92.4604 + -269.6 = -177.139 over 498 frames.
LOG (lattice-best-path[5.5]:main():lattice-best-path.cc:99) For utterance BAC009S0913W0230, best cost 61.4493 + -200.723 = -139.273 over 361 frames.
LOG (lattice-best-path[5.5]:main():lattice-best-path.cc:99) For utterance BAC009S0913W0231, best cost 74.4594 + -244.718 = -170.259 over 422 frames.
LOG (lattice-best-path[5.5]:main():lattice-best-path.cc:99) For utterance BAC009S0913W0232, best cost 86.1413 + -309.468 = -223.326 over 529 frames.
LOG (lattice-best-path[5.5]:main():lattice-best-path.cc:99) For utterance BAC009S0913W0233, best cost 37.6842 + -192.086 = -154.402 over 367 frames.
LOG (lattice-best-path[5.5]:main():lattice-best-path.cc:99) For utterance BAC009S0913W0234, best cost 119.54 + -370.57 = -251.03 over 598 frames.
LOG (lattice-best-path[5.5]:main():lattice-best-path.cc:99) For utterance BAC009S0913W0235, best cost 78.446 + -209.151 = -130.705 over 413 frames.
LOG (lattice-best-path[5.5]:main():lattice-best-path.cc:99) For utterance BAC009S0913W0236, best cost 87.3044 + -271.694 = -184.39 over 488 frames.
LOG (lattice-best-path[5.5]:main():lattice-best-path.cc:99) For utterance BAC009S0913W0237, best cost 73.1136 + -238.472 = -165.359 over 448 frames.
LOG (lattice-best-path[5.5]:main():lattice-best-path.cc:99) For utterance BAC009S0913W0238, best cost 61.0628 + -182.74 = -121.677 over 330 frames.
LOG (lattice-best-path[5.5]:main():lattice-best-path.cc:99) For utterance BAC009S0913W0239, best cost 74.902 + -228.777 = -153.875 over 385 frames.
LOG (lattice-best-path[5.5]:main():lattice-best-path.cc:99) For utterance BAC009S0913W0240, best cost 51.5171 + -176.861 = -125.343 over 328 frames.
LOG (lattice-best-path[5.5]:main():lattice-best-path.cc:99) For utterance BAC009S0913W0241, best cost 99.305 + -277.448 = -178.143 over 490 frames.
LOG (lattice-best-path[5.5]:main():lattice-best-path.cc:99) For utterance BAC009S0913W0242, best cost 125.138 + -349.115 = -223.978 over 653 frames.
LOG (lattice-best-path[5.5]:main():lattice-best-path.cc:99) For utterance BAC009S0913W0243, best cost 99.3936 + -318.517 = -219.123 over 512 frames.
LOG (lattice-best-path[5.5]:main():lattice-best-path.cc:99) For utterance BAC009S0913W0244, best cost 61.1049 + -175.878 = -114.773 over 343 frames.
LOG (lattice-best-path[5.5]:main():lattice-best-path.cc:99) For utterance BAC009S0913W0245, best cost 109.318 + -311.914 = -202.595 over 597 frames.
LOG (lattice-best-path[5.5]:main():lattice-best-path.cc:99) For utterance BAC009S0913W0246, best cost 77.2206 + -186.97 = -109.75 over 355 frames.
LOG (lattice-best-path[5.5]:main():lattice-best-path.cc:99) For utterance BAC009S0913W0247, best cost 99.5154 + -260.945 = -161.429 over 463 frames.
LOG (lattice-best-path[5.5]:main():lattice-best-path.cc:99) For utterance BAC009S0913W0248, best cost 86.7199 + -269.05 = -182.33 over 471 frames.
LOG (lattice-best-path[5.5]:main():lattice-best-path.cc:99) For utterance BAC009S0913W0249, best cost 133.549 + -411.789 = -278.24 over 871 frames.
LOG (lattice-best-path[5.5]:main():lattice-best-path.cc:99) For utterance BAC009S0913W0250, best cost 105.971 + -270.19 = -164.219 over 498 frames.
LOG (lattice-best-path[5.5]:main():lattice-best-path.cc:99) For utterance BAC009S0913W0251, best cost 129.178 + -488.17 = -358.992 over 1068 frames.
LOG (lattice-best-path[5.5]:main():lattice-best-path.cc:99) For utterance BAC009S0913W0252, best cost 80.5857 + -213.565 = -132.979 over 384 frames.
LOG (lattice-best-path[5.5]:main():lattice-best-path.cc:99) For utterance BAC009S0913W0254, best cost 93.7349 + -293.802 = -200.067 over 523 frames.
LOG (lattice-best-path[5.5]:main():lattice-best-path.cc:99) For utterance BAC009S0913W0255, best cost 54.8655 + -151.619 = -96.7536 over 312 frames.
LOG (lattice-best-path[5.5]:main():lattice-best-path.cc:99) For utterance BAC009S0913W0258, best cost 81.657 + -255.689 = -174.032 over 448 frames.
LOG (lattice-best-path[5.5]:main():lattice-best-path.cc:99) For utterance BAC009S0913W0259, best cost 69.057 + -152.121 = -83.0638 over 303 frames.
LOG (lattice-best-path[5.5]:main():lattice-best-path.cc:99) For utterance BAC009S0913W0260, best cost 46.5034 + -194.098 = -147.594 over 378 frames.
LOG (lattice-best-path[5.5]:main():lattice-best-path.cc:99) For utterance BAC009S0913W0261, best cost 98.0228 + -275.877 = -177.855 over 498 frames.
LOG (lattice-best-path[5.5]:main():lattice-best-path.cc:99) For utterance BAC009S0913W0262, best cost 141.122 + -333.1 = -191.978 over 625 frames.
LOG (lattice-best-path[5.5]:main():lattice-best-path.cc:99) For utterance BAC009S0913W0263, best cost 85.8963 + -237.7 = -151.804 over 458 frames.
LOG (lattice-best-path[5.5]:main():lattice-best-path.cc:99) For utterance BAC009S0913W0264, best cost 126.095 + -307.071 = -180.976 over 529 frames.
LOG (lattice-best-path[5.5]:main():lattice-best-path.cc:99) For utterance BAC009S0913W0265, best cost 106.36 + -287.695 = -181.335 over 482 frames.
LOG (lattice-best-path[5.5]:main():lattice-best-path.cc:99) For utterance BAC009S0913W0266, best cost 128.329 + -383.957 = -255.628 over 798 frames.
LOG (lattice-best-path[5.5]:main():lattice-best-path.cc:99) For utterance BAC009S0913W0267, best cost 94.6934 + -235.151 = -140.458 over 424 frames.
LOG (lattice-best-path[5.5]:main():lattice-best-path.cc:99) For utterance BAC009S0913W0268, best cost 78.9901 + -186.307 = -107.317 over 344 frames.
LOG (lattice-best-path[5.5]:main():lattice-best-path.cc:99) For utterance BAC009S0913W0269, best cost 91.0453 + -233.01 = -141.965 over 416 frames.
LOG (lattice-best-path[5.5]:main():lattice-best-path.cc:99) For utterance BAC009S0913W0270, best cost 73.0364 + -182.265 = -109.228 over 329 frames.
LOG (lattice-best-path[5.5]:main():lattice-best-path.cc:99) For utterance BAC009S0913W0271, best cost 79.3325 + -201.458 = -122.125 over 369 frames.
LOG (lattice-best-path[5.5]:main():lattice-best-path.cc:99) For utterance BAC009S0913W0272, best cost 71.8705 + -214.34 = -142.47 over 385 frames.
LOG (lattice-best-path[5.5]:main():lattice-best-path.cc:99) For utterance BAC009S0913W0274, best cost 118.335 + -302.246 = -183.911 over 529 frames.
LOG (lattice-best-path[5.5]:main():lattice-best-path.cc:99) For utterance BAC009S0913W0275, best cost 62.6099 + -187.992 = -125.382 over 325 frames.
LOG (lattice-best-path[5.5]:main():lattice-best-path.cc:99) For utterance BAC009S0913W0277, best cost 79.0632 + -239.483 = -160.42 over 403 frames.
LOG (lattice-best-path[5.5]:main():lattice-best-path.cc:99) For utterance BAC009S0913W0278, best cost 83.5437 + -205.104 = -121.56 over 348 frames.
LOG (lattice-best-path[5.5]:main():lattice-best-path.cc:99) For utterance BAC009S0913W0279, best cost 82.4493 + -253.108 = -170.658 over 432 frames.
LOG (lattice-best-path[5.5]:main():lattice-best-path.cc:99) For utterance BAC009S0913W0280, best cost 127.337 + -277.109 = -149.771 over 521 frames.
LOG (lattice-best-path[5.5]:main():lattice-best-path.cc:99) For utterance BAC009S0913W0281, best cost 68.7419 + -190.373 = -121.631 over 351 frames.
LOG (lattice-best-path[5.5]:main():lattice-best-path.cc:99) For utterance BAC009S0913W0282, best cost 129.875 + -266.302 = -136.426 over 509 frames.
LOG (lattice-best-path[5.5]:main():lattice-best-path.cc:99) For utterance BAC009S0913W0283, best cost 93.2814 + -252.037 = -158.756 over 447 frames.
LOG (lattice-best-path[5.5]:main():lattice-best-path.cc:99) For utterance BAC009S0913W0284, best cost 89.8579 + -187.794 = -97.936 over 364 frames.
LOG (lattice-best-path[5.5]:main():lattice-best-path.cc:99) For utterance BAC009S0913W0285, best cost 130.023 + -301.043 = -171.021 over 505 frames.
LOG (lattice-best-path[5.5]:main():lattice-best-path.cc:99) For utterance BAC009S0913W0286, best cost 79.8191 + -212.58 = -132.761 over 361 frames.
LOG (lattice-best-path[5.5]:main():lattice-best-path.cc:99) For utterance BAC009S0913W0288, best cost 119.255 + -274.153 = -154.898 over 476 frames.
LOG (lattice-best-path[5.5]:main():lattice-best-path.cc:99) For utterance BAC009S0913W0289, best cost 134.926 + -349.675 = -214.749 over 649 frames.
LOG (lattice-best-path[5.5]:main():lattice-best-path.cc:99) For utterance BAC009S0913W0291, best cost 85.0304 + -222.908 = -137.878 over 432 frames.
LOG (lattice-best-path[5.5]:main():lattice-best-path.cc:99) For utterance BAC009S0913W0293, best cost 106.062 + -270.5 = -164.438 over 482 frames.
LOG (lattice-best-path[5.5]:main():lattice-best-path.cc:99) For utterance BAC009S0913W0294, best cost 109.558 + -325.178 = -215.62 over 562 frames.
LOG (lattice-best-path[5.5]:main():lattice-best-path.cc:99) For utterance BAC009S0913W0295, best cost 89.0788 + -241.015 = -151.936 over 426 frames.
LOG (lattice-best-path[5.5]:main():lattice-best-path.cc:99) For utterance BAC009S0913W0296, best cost 130.123 + -277.33 = -147.207 over 503 frames.
LOG (lattice-best-path[5.5]:main():lattice-best-path.cc:99) For utterance BAC009S0913W0297, best cost 74.5429 + -180.868 = -106.325 over 369 frames.
LOG (lattice-best-path[5.5]:main():lattice-best-path.cc:99) For utterance BAC009S0913W0298, best cost 118.449 + -304.566 = -186.117 over 526 frames.
LOG (lattice-best-path[5.5]:main():lattice-best-path.cc:99) For utterance BAC009S0913W0299, best cost 157.819 + -338.324 = -180.506 over 627 frames.
LOG (lattice-best-path[5.5]:main():lattice-best-path.cc:99) For utterance BAC009S0913W0300, best cost 87.8105 + -306.247 = -218.436 over 643 frames.
LOG (lattice-best-path[5.5]:main():lattice-best-path.cc:99) For utterance BAC009S0913W0301, best cost 160.644 + -455.572 = -294.928 over 910 frames.
LOG (lattice-best-path[5.5]:main():lattice-best-path.cc:99) For utterance BAC009S0913W0302, best cost 117.876 + -309.679 = -191.803 over 542 frames.
LOG (lattice-best-path[5.5]:main():lattice-best-path.cc:99) For utterance BAC009S0913W0303, best cost 114.185 + -404.475 = -290.29 over 692 frames.
LOG (lattice-best-path[5.5]:main():lattice-best-path.cc:99) For utterance BAC009S0913W0304, best cost 101.369 + -303.375 = -202.005 over 642 frames.
LOG (lattice-best-path[5.5]:main():lattice-best-path.cc:99) For utterance BAC009S0913W0305, best cost 110.93 + -312.656 = -201.725 over 548 frames.
LOG (lattice-best-path[5.5]:main():lattice-best-path.cc:99) For utterance BAC009S0913W0306, best cost 89.9264 + -246.921 = -156.995 over 454 frames.
LOG (lattice-best-path[5.5]:main():lattice-best-path.cc:99) For utterance BAC009S0913W0307, best cost 124.615 + -346.679 = -222.064 over 618 frames.
LOG (lattice-best-path[5.5]:main():lattice-best-path.cc:99) For utterance BAC009S0913W0308, best cost 109.843 + -324.462 = -214.619 over 584 frames.
LOG (lattice-best-path[5.5]:main():lattice-best-path.cc:99) For utterance BAC009S0913W0309, best cost 97.9675 + -264.877 = -166.91 over 524 frames.
LOG (lattice-best-path[5.5]:main():lattice-best-path.cc:99) For utterance BAC009S0913W0310, best cost 149.892 + -450.806 = -300.914 over 940 frames.
LOG (lattice-best-path[5.5]:main():lattice-best-path.cc:99) For utterance BAC009S0913W0311, best cost 73.0753 + -179.15 = -106.075 over 341 frames.
LOG (lattice-best-path[5.5]:main():lattice-best-path.cc:99) For utterance BAC009S0913W0312, best cost 138.19 + -348.066 = -209.876 over 586 frames.
LOG (lattice-best-path[5.5]:main():lattice-best-path.cc:99) For utterance BAC009S0913W0313, best cost 149.487 + -477.964 = -328.478 over 843 frames.
LOG (lattice-best-path[5.5]:main():lattice-best-path.cc:99) For utterance BAC009S0913W0314, best cost 138.69 + -412.652 = -273.962 over 748 frames.
LOG (lattice-best-path[5.5]:main():lattice-best-path.cc:99) For utterance BAC009S0913W0315, best cost 103.699 + -272.26 = -168.562 over 505 frames.
LOG (lattice-best-path[5.5]:main():lattice-best-path.cc:99) For utterance BAC009S0913W0316, best cost 123.776 + -366.693 = -242.917 over 727 frames.
LOG (lattice-best-path[5.5]:main():lattice-best-path.cc:99) For utterance BAC009S0913W0317, best cost 71.824 + -192.97 = -121.146 over 392 frames.
LOG (lattice-best-path[5.5]:main():lattice-best-path.cc:99) For utterance BAC009S0913W0318, best cost 115.723 + -338.363 = -222.64 over 635 frames.
LOG (lattice-best-path[5.5]:main():lattice-best-path.cc:99) For utterance BAC009S0913W0319, best cost 112.91 + -301.754 = -188.844 over 563 frames.
LOG (lattice-best-path[5.5]:main():lattice-best-path.cc:99) For utterance BAC009S0913W0320, best cost 148.455 + -455.049 = -306.594 over 918 frames.
LOG (lattice-best-path[5.5]:main():lattice-best-path.cc:99) For utterance BAC009S0913W0321, best cost 110.312 + -250.276 = -139.964 over 448 frames.
LOG (lattice-best-path[5.5]:main():lattice-best-path.cc:99) For utterance BAC009S0913W0322, best cost 138.045 + -352.892 = -214.848 over 629 frames.
LOG (lattice-best-path[5.5]:main():lattice-best-path.cc:99) For utterance BAC009S0913W0323, best cost 109.888 + -257.2 = -147.312 over 440 frames.
LOG (lattice-best-path[5.5]:main():lattice-best-path.cc:99) For utterance BAC009S0913W0324, best cost 123.106 + -276.96 = -153.854 over 498 frames.
LOG (lattice-best-path[5.5]:main():lattice-best-path.cc:99) For utterance BAC009S0913W0325, best cost 95.1011 + -256.22 = -161.118 over 429 frames.
LOG (lattice-best-path[5.5]:main():lattice-best-path.cc:99) For utterance BAC009S0913W0326, best cost 141.289 + -406.434 = -265.145 over 654 frames.
LOG (lattice-best-path[5.5]:main():lattice-best-path.cc:99) For utterance BAC009S0913W0327, best cost 81.2377 + -336.587 = -255.35 over 566 frames.
LOG (lattice-best-path[5.5]:main():lattice-best-path.cc:99) For utterance BAC009S0913W0328, best cost 67.733 + -248.771 = -181.038 over 461 frames.
LOG (lattice-best-path[5.5]:main():lattice-best-path.cc:99) For utterance BAC009S0913W0329, best cost 94.4441 + -207.025 = -112.581 over 368 frames.
LOG (lattice-best-path[5.5]:main():lattice-best-path.cc:99) For utterance BAC009S0913W0330, best cost 92.8006 + -259.476 = -166.675 over 448 frames.
LOG (lattice-best-path[5.5]:main():lattice-best-path.cc:99) For utterance BAC009S0913W0331, best cost 177.837 + -429.576 = -251.739 over 714 frames.
LOG (lattice-best-path[5.5]:main():lattice-best-path.cc:99) For utterance BAC009S0913W0332, best cost 187.976 + -454.422 = -266.446 over 786 frames.
LOG (lattice-best-path[5.5]:main():lattice-best-path.cc:99) For utterance BAC009S0913W0333, best cost 93.6987 + -276.696 = -182.997 over 508 frames.
LOG (lattice-best-path[5.5]:main():lattice-best-path.cc:99) For utterance BAC009S0913W0334, best cost 64.6453 + -226.367 = -161.722 over 408 frames.
LOG (lattice-best-path[5.5]:main():lattice-best-path.cc:99) For utterance BAC009S0913W0335, best cost 114.792 + -268.267 = -153.475 over 461 frames.
LOG (lattice-best-path[5.5]:main():lattice-best-path.cc:99) For utterance BAC009S0913W0336, best cost 100.734 + -309.454 = -208.719 over 550 frames.
LOG (lattice-best-path[5.5]:main():lattice-best-path.cc:99) For utterance BAC009S0913W0337, best cost 83.8385 + -245.838 = -162 over 414 frames.
LOG (lattice-best-path[5.5]:main():lattice-best-path.cc:99) For utterance BAC009S0913W0338, best cost 108.969 + -337.952 = -228.984 over 568 frames.
LOG (lattice-best-path[5.5]:main():lattice-best-path.cc:99) For utterance BAC009S0913W0339, best cost 132.907 + -326.845 = -193.937 over 581 frames.
LOG (lattice-best-path[5.5]:main():lattice-best-path.cc:99) For utterance BAC009S0913W0340, best cost 79.9058 + -220.294 = -140.388 over 373 frames.
LOG (lattice-best-path[5.5]:main():lattice-best-path.cc:99) For utterance BAC009S0913W0341, best cost 111.024 + -261.133 = -150.109 over 461 frames.
LOG (lattice-best-path[5.5]:main():lattice-best-path.cc:99) For utterance BAC009S0913W0342, best cost 127.183 + -298.245 = -171.062 over 536 frames.
LOG (lattice-best-path[5.5]:main():lattice-best-path.cc:99) For utterance BAC009S0913W0343, best cost 67.4558 + -171.569 = -104.113 over 332 frames.
LOG (lattice-best-path[5.5]:main():lattice-best-path.cc:99) For utterance BAC009S0913W0344, best cost 122.63 + -284.712 = -162.081 over 520 frames.
LOG (lattice-best-path[5.5]:main():lattice-best-path.cc:99) For utterance BAC009S0913W0345, best cost 71.8516 + -179.55 = -107.698 over 348 frames.
LOG (lattice-best-path[5.5]:main():lattice-best-path.cc:99) For utterance BAC009S0913W0346, best cost 143.609 + -367.3 = -223.691 over 674 frames.
LOG (lattice-best-path[5.5]:main():lattice-best-path.cc:99) For utterance BAC009S0913W0347, best cost 83.2901 + -196.914 = -113.624 over 362 frames.
LOG (lattice-best-path[5.5]:main():lattice-best-path.cc:99) For utterance BAC009S0913W0348, best cost 130.095 + -312.053 = -181.958 over 548 frames.
LOG (lattice-best-path[5.5]:main():lattice-best-path.cc:99) For utterance BAC009S0913W0349, best cost 156.346 + -362.275 = -205.929 over 748 frames.
LOG (lattice-best-path[5.5]:main():lattice-best-path.cc:99) For utterance BAC009S0913W0351, best cost 86.4174 + -221.162 = -134.745 over 392 frames.
LOG (lattice-best-path[5.5]:main():lattice-best-path.cc:99) For utterance BAC009S0913W0354, best cost 107.958 + -333.694 = -225.736 over 637 frames.
LOG (lattice-best-path[5.5]:main():lattice-best-path.cc:99) For utterance BAC009S0913W0355, best cost 47.7486 + -158.994 = -111.246 over 291 frames.
LOG (lattice-best-path[5.5]:main():lattice-best-path.cc:99) For utterance BAC009S0913W0356, best cost 82.9584 + -281.795 = -198.837 over 523 frames.
LOG (lattice-best-path[5.5]:main():lattice-best-path.cc:99) For utterance BAC009S0913W0357, best cost 107.621 + -400.494 = -292.872 over 685 frames.
LOG (lattice-best-path[5.5]:main():lattice-best-path.cc:99) For utterance BAC009S0913W0358, best cost 83.4001 + -242.527 = -159.127 over 424 frames.
LOG (lattice-best-path[5.5]:main():lattice-best-path.cc:99) For utterance BAC009S0913W0359, best cost 121.117 + -318.11 = -196.994 over 537 frames.
LOG (lattice-best-path[5.5]:main():lattice-best-path.cc:99) For utterance BAC009S0913W0360, best cost 106.824 + -309.674 = -202.85 over 519 frames.
LOG (lattice-best-path[5.5]:main():lattice-best-path.cc:99) For utterance BAC009S0913W0361, best cost 127.879 + -349.669 = -221.79 over 584 frames.
LOG (lattice-best-path[5.5]:main():lattice-best-path.cc:99) For utterance BAC009S0913W0362, best cost 116.665 + -359.909 = -243.244 over 673 frames.
LOG (lattice-best-path[5.5]:main():lattice-best-path.cc:99) For utterance BAC009S0913W0363, best cost 58.6505 + -182.174 = -123.523 over 339 frames.
LOG (lattice-best-path[5.5]:main():lattice-best-path.cc:99) For utterance BAC009S0913W0364, best cost 137.697 + -373.129 = -235.432 over 670 frames.
LOG (lattice-best-path[5.5]:main():lattice-best-path.cc:99) For utterance BAC009S0913W0365, best cost 94.5181 + -222.075 = -127.556 over 404 frames.
LOG (lattice-best-path[5.5]:main():lattice-best-path.cc:99) For utterance BAC009S0913W0366, best cost 110.717 + -255.932 = -145.215 over 459 frames.
LOG (lattice-best-path[5.5]:main():lattice-best-path.cc:99) For utterance BAC009S0913W0367, best cost 149.91 + -309.866 = -159.956 over 594 frames.
LOG (lattice-best-path[5.5]:main():lattice-best-path.cc:99) For utterance BAC009S0913W0368, best cost 111.318 + -310.273 = -198.955 over 523 frames.
LOG (lattice-best-path[5.5]:main():lattice-best-path.cc:99) For utterance BAC009S0913W0369, best cost 103.225 + -300.069 = -196.844 over 520 frames.
LOG (lattice-best-path[5.5]:main():lattice-best-path.cc:99) For utterance BAC009S0913W0370, best cost 115.832 + -277.814 = -161.982 over 507 frames.
LOG (lattice-best-path[5.5]:main():lattice-best-path.cc:99) For utterance BAC009S0913W0371, best cost 56.0969 + -164.151 = -108.054 over 298 frames.
LOG (lattice-best-path[5.5]:main():lattice-best-path.cc:99) For utterance BAC009S0913W0372, best cost 146.236 + -318.605 = -172.369 over 545 frames.
LOG (lattice-best-path[5.5]:main():lattice-best-path.cc:99) For utterance BAC009S0913W0373, best cost 127.885 + -327.331 = -199.446 over 551 frames.
LOG (lattice-best-path[5.5]:main():lattice-best-path.cc:99) For utterance BAC009S0913W0374, best cost 151.147 + -385.78 = -234.632 over 657 frames.
LOG (lattice-best-path[5.5]:main():lattice-best-path.cc:99) For utterance BAC009S0913W0375, best cost 122.906 + -257.475 = -134.569 over 453 frames.
LOG (lattice-best-path[5.5]:main():lattice-best-path.cc:99) For utterance BAC009S0913W0376, best cost 97.1518 + -225.853 = -128.701 over 402 frames.
LOG (lattice-best-path[5.5]:main():lattice-best-path.cc:99) For utterance BAC009S0913W0377, best cost 87.7281 + -245.058 = -157.33 over 414 frames.
LOG (lattice-best-path[5.5]:main():lattice-best-path.cc:99) For utterance BAC009S0913W0378, best cost 98.8853 + -240.72 = -141.835 over 462 frames.
LOG (lattice-best-path[5.5]:main():lattice-best-path.cc:99) For utterance BAC009S0913W0379, best cost 78.9844 + -149.362 = -70.3772 over 298 frames.
LOG (lattice-best-path[5.5]:main():lattice-best-path.cc:99) For utterance BAC009S0913W0380, best cost 31.6206 + -141.324 = -109.703 over 275 frames.
LOG (lattice-best-path[5.5]:main():lattice-best-path.cc:99) For utterance BAC009S0913W0381, best cost 75.0732 + -213.894 = -138.821 over 377 frames.
LOG (lattice-best-path[5.5]:main():lattice-best-path.cc:99) For utterance BAC009S0913W0382, best cost 99.7088 + -295.92 = -196.211 over 557 frames.
LOG (lattice-best-path[5.5]:main():lattice-best-path.cc:99) For utterance BAC009S0913W0383, best cost 77.9935 + -199.973 = -121.98 over 383 frames.
LOG (lattice-best-path[5.5]:main():lattice-best-path.cc:99) For utterance BAC009S0913W0384, best cost 82.2108 + -237.481 = -155.27 over 397 frames.
LOG (lattice-best-path[5.5]:main():lattice-best-path.cc:99) For utterance BAC009S0913W0385, best cost 111.268 + -292.373 = -181.105 over 525 frames.
LOG (lattice-best-path[5.5]:main():lattice-best-path.cc:99) For utterance BAC009S0913W0386, best cost 134.945 + -426.942 = -291.997 over 748 frames.
LOG (lattice-best-path[5.5]:main():lattice-best-path.cc:99) For utterance BAC009S0913W0387, best cost 89.8806 + -203.511 = -113.63 over 353 frames.
LOG (lattice-best-path[5.5]:main():lattice-best-path.cc:99) For utterance BAC009S0913W0388, best cost 90.7886 + -222.316 = -131.528 over 415 frames.
LOG (lattice-best-path[5.5]:main():lattice-best-path.cc:99) For utterance BAC009S0913W0389, best cost 62.4459 + -199.548 = -137.102 over 348 frames.
LOG (lattice-best-path[5.5]:main():lattice-best-path.cc:99) For utterance BAC009S0913W0390, best cost 74.1648 + -320.573 = -246.408 over 610 frames.
LOG (lattice-best-path[5.5]:main():lattice-best-path.cc:99) For utterance BAC009S0913W0391, best cost 68.3432 + -339.161 = -270.818 over 571 frames.
LOG (lattice-best-path[5.5]:main():lattice-best-path.cc:99) For utterance BAC009S0913W0392, best cost 135.848 + -399.395 = -263.547 over 749 frames.
LOG (lattice-best-path[5.5]:main():lattice-best-path.cc:99) For utterance BAC009S0913W0393, best cost 105.545 + -272.389 = -166.844 over 489 frames.
LOG (lattice-best-path[5.5]:main():lattice-best-path.cc:99) For utterance BAC009S0913W0394, best cost 139.776 + -341.849 = -202.073 over 621 frames.
LOG (lattice-best-path[5.5]:main():lattice-best-path.cc:99) For utterance BAC009S0913W0395, best cost 126.889 + -310.897 = -184.008 over 604 frames.
LOG (lattice-best-path[5.5]:main():lattice-best-path.cc:99) For utterance BAC009S0913W0396, best cost 92.7897 + -237.604 = -144.814 over 423 frames.
LOG (lattice-best-path[5.5]:main():lattice-best-path.cc:99) For utterance BAC009S0913W0397, best cost 116.889 + -287.705 = -170.816 over 504 frames.
LOG (lattice-best-path[5.5]:main():lattice-best-path.cc:99) For utterance BAC009S0913W0398, best cost 164.357 + -493.914 = -329.556 over 771 frames.
LOG (lattice-best-path[5.5]:main():lattice-best-path.cc:99) For utterance BAC009S0913W0399, best cost 95.1176 + -254.529 = -159.412 over 467 frames.
LOG (lattice-best-path[5.5]:main():lattice-best-path.cc:99) For utterance BAC009S0913W0400, best cost 83.9556 + -243.892 = -159.937 over 442 frames.
LOG (lattice-best-path[5.5]:main():lattice-best-path.cc:99) For utterance BAC009S0913W0401, best cost 82.1228 + -206.942 = -124.819 over 419 frames.
LOG (lattice-best-path[5.5]:main():lattice-best-path.cc:99) For utterance BAC009S0913W0402, best cost 134.542 + -346.098 = -211.556 over 647 frames.
LOG (lattice-best-path[5.5]:main():lattice-best-path.cc:99) For utterance BAC009S0913W0403, best cost 99.5621 + -219.96 = -120.398 over 397 frames.
LOG (lattice-best-path[5.5]:main():lattice-best-path.cc:99) For utterance BAC009S0913W0404, best cost 71.5091 + -179.855 = -108.346 over 310 frames.
LOG (lattice-best-path[5.5]:main():lattice-best-path.cc:99) For utterance BAC009S0913W0405, best cost 105.727 + -269.541 = -163.814 over 509 frames.
LOG (lattice-best-path[5.5]:main():lattice-best-path.cc:99) For utterance BAC009S0913W0406, best cost 50.1766 + -129.793 = -79.6161 over 271 frames.
LOG (lattice-best-path[5.5]:main():lattice-best-path.cc:99) For utterance BAC009S0913W0407, best cost 70.96 + -241.888 = -170.928 over 404 frames.
LOG (lattice-best-path[5.5]:main():lattice-best-path.cc:99) For utterance BAC009S0913W0408, best cost 62.549 + -149.154 = -86.6055 over 291 frames.
LOG (lattice-best-path[5.5]:main():lattice-best-path.cc:99) For utterance BAC009S0913W0409, best cost 74.1535 + -180.193 = -106.04 over 364 frames.
LOG (lattice-best-path[5.5]:main():lattice-best-path.cc:99) For utterance BAC009S0913W0410, best cost 73.5621 + -175.587 = -102.025 over 311 frames.
LOG (lattice-best-path[5.5]:main():lattice-best-path.cc:99) For utterance BAC009S0913W0411, best cost 57.0357 + -311.374 = -254.338 over 650 frames.
LOG (lattice-best-path[5.5]:main():lattice-best-path.cc:99) For utterance BAC009S0913W0412, best cost 85.7541 + -301.463 = -215.709 over 531 frames.
LOG (lattice-best-path[5.5]:main():lattice-best-path.cc:99) For utterance BAC009S0913W0413, best cost 107.806 + -212.757 = -104.951 over 395 frames.
LOG (lattice-best-path[5.5]:main():lattice-best-path.cc:99) For utterance BAC009S0913W0414, best cost 95.3365 + -268.775 = -173.438 over 480 frames.
LOG (lattice-best-path[5.5]:main():lattice-best-path.cc:99) For utterance BAC009S0913W0415, best cost 111.244 + -291.172 = -179.927 over 724 frames.
LOG (lattice-best-path[5.5]:main():lattice-best-path.cc:99) For utterance BAC009S0913W0416, best cost 37.7471 + -125.469 = -87.7217 over 245 frames.
LOG (lattice-best-path[5.5]:main():lattice-best-path.cc:99) For utterance BAC009S0913W0417, best cost 62.8727 + -153.644 = -90.7715 over 304 frames.
LOG (lattice-best-path[5.5]:main():lattice-best-path.cc:99) For utterance BAC009S0913W0418, best cost 146.951 + -311.747 = -164.796 over 548 frames.
LOG (lattice-best-path[5.5]:main():lattice-best-path.cc:99) For utterance BAC009S0913W0419, best cost 73.4988 + -188.159 = -114.661 over 380 frames.
LOG (lattice-best-path[5.5]:main():lattice-best-path.cc:99) For utterance BAC009S0913W0420, best cost 41.1965 + -159.308 = -118.112 over 297 frames.
LOG (lattice-best-path[5.5]:main():lattice-best-path.cc:99) For utterance BAC009S0913W0421, best cost 91.3595 + -265.537 = -174.178 over 579 frames.
LOG (lattice-best-path[5.5]:main():lattice-best-path.cc:99) For utterance BAC009S0913W0422, best cost 92.5667 + -180.632 = -88.0652 over 341 frames.
LOG (lattice-best-path[5.5]:main():lattice-best-path.cc:99) For utterance BAC009S0913W0423, best cost 56.0097 + -130.978 = -74.9687 over 266 frames.
LOG (lattice-best-path[5.5]:main():lattice-best-path.cc:99) For utterance BAC009S0913W0424, best cost 95.3545 + -234.871 = -139.517 over 431 frames.
LOG (lattice-best-path[5.5]:main():lattice-best-path.cc:99) For utterance BAC009S0913W0425, best cost 87.7449 + -201.344 = -113.599 over 378 frames.
LOG (lattice-best-path[5.5]:main():lattice-best-path.cc:99) For utterance BAC009S0913W0426, best cost 81.1454 + -234.137 = -152.991 over 417 frames.
LOG (lattice-best-path[5.5]:main():lattice-best-path.cc:99) For utterance BAC009S0913W0427, best cost 126.09 + -338.36 = -212.27 over 577 frames.
LOG (lattice-best-path[5.5]:main():lattice-best-path.cc:99) For utterance BAC009S0913W0428, best cost 71.7522 + -181.303 = -109.551 over 351 frames.
LOG (lattice-best-path[5.5]:main():lattice-best-path.cc:99) For utterance BAC009S0913W0429, best cost 70.7015 + -205.276 = -134.575 over 376 frames.
LOG (lattice-best-path[5.5]:main():lattice-best-path.cc:99) For utterance BAC009S0913W0430, best cost 38.0346 + -103.569 = -65.5344 over 229 frames.
LOG (lattice-best-path[5.5]:main():lattice-best-path.cc:99) For utterance BAC009S0913W0431, best cost 77.1836 + -255.299 = -178.115 over 434 frames.
LOG (lattice-best-path[5.5]:main():lattice-best-path.cc:99) For utterance BAC009S0913W0432, best cost 99.2515 + -256.123 = -156.871 over 456 frames.
LOG (lattice-best-path[5.5]:main():lattice-best-path.cc:99) For utterance BAC009S0913W0433, best cost 85.3869 + -215.688 = -130.301 over 385 frames.
LOG (lattice-best-path[5.5]:main():lattice-best-path.cc:99) For utterance BAC009S0913W0434, best cost 73.2737 + -218.77 = -145.497 over 406 frames.
LOG (lattice-best-path[5.5]:main():lattice-best-path.cc:99) For utterance BAC009S0913W0435, best cost 61.2303 + -206.713 = -145.482 over 392 frames.
LOG (lattice-best-path[5.5]:main():lattice-best-path.cc:99) For utterance BAC009S0913W0436, best cost 145.617 + -365.331 = -219.714 over 663 frames.
LOG (lattice-best-path[5.5]:main():lattice-best-path.cc:99) For utterance BAC009S0913W0437, best cost 141.799 + -322.229 = -180.43 over 537 frames.
LOG (lattice-best-path[5.5]:main():lattice-best-path.cc:99) For utterance BAC009S0913W0438, best cost 112.319 + -343.926 = -231.607 over 631 frames.
LOG (lattice-best-path[5.5]:main():lattice-best-path.cc:99) For utterance BAC009S0913W0439, best cost 63.6186 + -150.542 = -86.9236 over 316 frames.
LOG (lattice-best-path[5.5]:main():lattice-best-path.cc:99) For utterance BAC009S0913W0440, best cost 144.075 + -451.56 = -307.485 over 971 frames.
LOG (lattice-best-path[5.5]:main():lattice-best-path.cc:99) For utterance BAC009S0913W0441, best cost 87.1762 + -276.64 = -189.464 over 505 frames.
LOG (lattice-best-path[5.5]:main():lattice-best-path.cc:99) For utterance BAC009S0913W0442, best cost 112.381 + -292.526 = -180.145 over 575 frames.
LOG (lattice-best-path[5.5]:main():lattice-best-path.cc:99) For utterance BAC009S0913W0444, best cost 100.481 + -248.756 = -148.274 over 447 frames.
LOG (lattice-best-path[5.5]:main():lattice-best-path.cc:99) For utterance BAC009S0913W0445, best cost 147.839 + -402.343 = -254.504 over 698 frames.
LOG (lattice-best-path[5.5]:main():lattice-best-path.cc:99) For utterance BAC009S0913W0446, best cost 68.7752 + -187.249 = -118.474 over 346 frames.
LOG (lattice-best-path[5.5]:main():lattice-best-path.cc:99) For utterance BAC009S0913W0447, best cost 71.9556 + -169.873 = -97.9173 over 311 frames.
LOG (lattice-best-path[5.5]:main():lattice-best-path.cc:99) For utterance BAC009S0913W0448, best cost 67.4397 + -197.853 = -130.414 over 351 frames.
LOG (lattice-best-path[5.5]:main():lattice-best-path.cc:99) For utterance BAC009S0913W0449, best cost 75.4065 + -198.853 = -123.447 over 387 frames.
LOG (lattice-best-path[5.5]:main():lattice-best-path.cc:99) For utterance BAC009S0913W0450, best cost 67.9262 + -163.417 = -95.4911 over 307 frames.
LOG (lattice-best-path[5.5]:main():lattice-best-path.cc:99) For utterance BAC009S0913W0451, best cost 68.4254 + -174.388 = -105.963 over 316 frames.
LOG (lattice-best-path[5.5]:main():lattice-best-path.cc:99) For utterance BAC009S0913W0452, best cost 143.428 + -285.589 = -142.161 over 503 frames.
LOG (lattice-best-path[5.5]:main():lattice-best-path.cc:99) For utterance BAC009S0913W0453, best cost 83.9977 + -339.003 = -255.006 over 667 frames.
LOG (lattice-best-path[5.5]:main():lattice-best-path.cc:99) For utterance BAC009S0913W0454, best cost 114.553 + -282.821 = -168.268 over 527 frames.
LOG (lattice-best-path[5.5]:main():lattice-best-path.cc:99) For utterance BAC009S0913W0455, best cost 45.6146 + -145.72 = -100.106 over 302 frames.
LOG (lattice-best-path[5.5]:main():lattice-best-path.cc:99) For utterance BAC009S0913W0456, best cost 70.879 + -179.939 = -109.06 over 376 frames.
LOG (lattice-best-path[5.5]:main():lattice-best-path.cc:99) For utterance BAC009S0913W0457, best cost 85.1552 + -182.917 = -97.7616 over 361 frames.
LOG (lattice-best-path[5.5]:main():lattice-best-path.cc:99) For utterance BAC009S0913W0458, best cost 95.1003 + -209.091 = -113.991 over 400 frames.
LOG (lattice-best-path[5.5]:main():lattice-best-path.cc:99) For utterance BAC009S0913W0459, best cost 87.5314 + -217.134 = -129.602 over 398 frames.
LOG (lattice-best-path[5.5]:main():lattice-best-path.cc:99) For utterance BAC009S0913W0460, best cost 95.2545 + -209.596 = -114.342 over 376 frames.
LOG (lattice-best-path[5.5]:main():lattice-best-path.cc:99) For utterance BAC009S0913W0461, best cost 124.635 + -295.272 = -170.637 over 507 frames.
LOG (lattice-best-path[5.5]:main():lattice-best-path.cc:99) For utterance BAC009S0913W0462, best cost 79.6992 + -168.63 = -88.9306 over 330 frames.
LOG (lattice-best-path[5.5]:main():lattice-best-path.cc:99) For utterance BAC009S0913W0463, best cost 121.506 + -231.835 = -110.329 over 411 frames.
LOG (lattice-best-path[5.5]:main():lattice-best-path.cc:99) For utterance BAC009S0913W0464, best cost 73.483 + -169.927 = -96.4444 over 305 frames.
LOG (lattice-best-path[5.5]:main():lattice-best-path.cc:99) For utterance BAC009S0913W0465, best cost 95.9041 + -181.725 = -85.821 over 382 frames.
LOG (lattice-best-path[5.5]:main():lattice-best-path.cc:99) For utterance BAC009S0913W0466, best cost 122.853 + -264.939 = -142.086 over 502 frames.
LOG (lattice-best-path[5.5]:main():lattice-best-path.cc:99) For utterance BAC009S0913W0467, best cost 118.18 + -245.179 = -126.999 over 447 frames.
LOG (lattice-best-path[5.5]:main():lattice-best-path.cc:99) For utterance BAC009S0913W0468, best cost 144.006 + -338.351 = -194.345 over 630 frames.
LOG (lattice-best-path[5.5]:main():lattice-best-path.cc:99) For utterance BAC009S0913W0469, best cost 98.9776 + -241.894 = -142.916 over 435 frames.
LOG (lattice-best-path[5.5]:main():lattice-best-path.cc:99) For utterance BAC009S0913W0470, best cost 135.243 + -290.133 = -154.89 over 546 frames.
LOG (lattice-best-path[5.5]:main():lattice-best-path.cc:99) For utterance BAC009S0913W0471, best cost 189.655 + -432.583 = -242.928 over 784 frames.
LOG (lattice-best-path[5.5]:main():lattice-best-path.cc:99) For utterance BAC009S0913W0472, best cost 106.038 + -263.57 = -157.532 over 550 frames.
LOG (lattice-best-path[5.5]:main():lattice-best-path.cc:99) For utterance BAC009S0913W0473, best cost 46.8078 + -154.519 = -107.711 over 293 frames.
LOG (lattice-best-path[5.5]:main():lattice-best-path.cc:99) For utterance BAC009S0913W0474, best cost 131.821 + -362.91 = -231.09 over 615 frames.
LOG (lattice-best-path[5.5]:main():lattice-best-path.cc:99) For utterance BAC009S0913W0475, best cost 106.985 + -250.749 = -143.765 over 448 frames.
LOG (lattice-best-path[5.5]:main():lattice-best-path.cc:99) For utterance BAC009S0913W0476, best cost 152.111 + -350.465 = -198.354 over 610 frames.
LOG (lattice-best-path[5.5]:main():lattice-best-path.cc:99) For utterance BAC009S0913W0477, best cost 130.288 + -313.401 = -183.114 over 603 frames.
LOG (lattice-best-path[5.5]:main():lattice-best-path.cc:99) For utterance BAC009S0913W0478, best cost 152.174 + -374.516 = -222.342 over 642 frames.
LOG (lattice-best-path[5.5]:main():lattice-best-path.cc:99) For utterance BAC009S0913W0479, best cost 82.984 + -189.053 = -106.069 over 365 frames.
LOG (lattice-best-path[5.5]:main():lattice-best-path.cc:99) For utterance BAC009S0913W0480, best cost 83.0927 + -247.784 = -164.691 over 448 frames.
LOG (lattice-best-path[5.5]:main():lattice-best-path.cc:99) For utterance BAC009S0913W0481, best cost 83.5674 + -231.13 = -147.563 over 420 frames.
LOG (lattice-best-path[5.5]:main():lattice-best-path.cc:99) For utterance BAC009S0913W0482, best cost 58.3637 + -142.107 = -83.7435 over 289 frames.
LOG (lattice-best-path[5.5]:main():lattice-best-path.cc:99) For utterance BAC009S0913W0483, best cost 133.286 + -303.399 = -170.114 over 557 frames.
LOG (lattice-best-path[5.5]:main():lattice-best-path.cc:99) For utterance BAC009S0913W0484, best cost 172.673 + -427.133 = -254.46 over 721 frames.
LOG (lattice-best-path[5.5]:main():lattice-best-path.cc:99) For utterance BAC009S0913W0485, best cost 36.1175 + -170.005 = -133.888 over 314 frames.
LOG (lattice-best-path[5.5]:main():lattice-best-path.cc:99) For utterance BAC009S0913W0486, best cost 56.5317 + -205.782 = -149.25 over 412 frames.
LOG (lattice-best-path[5.5]:main():lattice-best-path.cc:99) For utterance BAC009S0913W0487, best cost 154.704 + -378.898 = -224.194 over 660 frames.
LOG (lattice-best-path[5.5]:main():lattice-best-path.cc:99) For utterance BAC009S0913W0488, best cost 126.026 + -377.976 = -251.95 over 722 frames.
LOG (lattice-best-path[5.5]:main():lattice-best-path.cc:99) For utterance BAC009S0913W0489, best cost 110.053 + -261.258 = -151.204 over 458 frames.
LOG (lattice-best-path[5.5]:main():lattice-best-path.cc:99) For utterance BAC009S0913W0490, best cost 137.361 + -361.476 = -224.115 over 750 frames.
LOG (lattice-best-path[5.5]:main():lattice-best-path.cc:99) For utterance BAC009S0913W0491, best cost 98.5872 + -232.554 = -133.967 over 414 frames.
LOG (lattice-best-path[5.5]:main():lattice-best-path.cc:99) For utterance BAC009S0913W0492, best cost 74.6565 + -195.995 = -121.339 over 363 frames.
LOG (lattice-best-path[5.5]:main():lattice-best-path.cc:99) For utterance BAC009S0913W0493, best cost 125.87 + -319.226 = -193.355 over 541 frames.
LOG (lattice-best-path[5.5]:main():lattice-best-path.cc:99) For utterance BAC009S0913W0494, best cost 157.483 + -392.682 = -235.199 over 687 frames.
LOG (lattice-depth-per-frame[5.5]:main():lattice-depth-per-frame.cc:82) Done 363 lattices.
LOG (lattice-best-path[5.5]:main():lattice-best-path.cc:99) For utterance BAC009S0913W0495, best cost 204.877 + -518.106 = -313.229 over 913 frames.
LOG (lattice-best-path[5.5]:main():lattice-best-path.cc:124) Overall cost per frame is -0.355585 = 0.193999 [graph] + -0.549584 [acoustic] over 181685 frames.
LOG (lattice-best-path[5.5]:main():lattice-best-path.cc:128) Done 363 lattices, failed for 0
# Accounting: time=2 threads=1
# Ended (code 0) at Sat Jun 18 23:01:57 CST 2022, elapsed time 2 seconds
