# lattice-depth-per-frame "ark:gunzip -c exp/nnet3/new_dnn_sp/decode_test/lat.10.gz|" "ark,t:|gzip -c > exp/nnet3/new_dnn_sp/decode_test/depth_tmp.10.gz" ark:- | lattice-best-path --acoustic-scale=0.1 ark:- ark:/dev/null "ark,t:|gzip -c >exp/nnet3/new_dnn_sp/decode_test/ali_tmp.10.gz" 
# Started at Sat Jun 18 23:01:52 CST 2022
#
lattice-depth-per-frame 'ark:gunzip -c exp/nnet3/new_dnn_sp/decode_test/lat.10.gz|' 'ark,t:|gzip -c > exp/nnet3/new_dnn_sp/decode_test/depth_tmp.10.gz' ark:- 
lattice-best-path --acoustic-scale=0.1 ark:- ark:/dev/null 'ark,t:|gzip -c >exp/nnet3/new_dnn_sp/decode_test/ali_tmp.10.gz' 
LOG (lattice-best-path[5.5]:main():lattice-best-path.cc:99) For utterance BAC009S0903W0121, best cost 70.5933 + -222.966 = -152.373 over 382 frames.
LOG (lattice-best-path[5.5]:main():lattice-best-path.cc:99) For utterance BAC009S0903W0122, best cost 84.0685 + -263.184 = -179.116 over 463 frames.
LOG (lattice-best-path[5.5]:main():lattice-best-path.cc:99) For utterance BAC009S0903W0123, best cost 83.4436 + -238.222 = -154.778 over 439 frames.
LOG (lattice-best-path[5.5]:main():lattice-best-path.cc:99) For utterance BAC009S0903W0124, best cost 59.3906 + -234.064 = -174.674 over 375 frames.
LOG (lattice-best-path[5.5]:main():lattice-best-path.cc:99) For utterance BAC009S0903W0125, best cost 80.0048 + -233.48 = -153.475 over 428 frames.
LOG (lattice-best-path[5.5]:main():lattice-best-path.cc:99) For utterance BAC009S0903W0126, best cost 88.2502 + -262.764 = -174.513 over 490 frames.
LOG (lattice-best-path[5.5]:main():lattice-best-path.cc:99) For utterance BAC009S0903W0127, best cost 30.2382 + -151.899 = -121.661 over 274 frames.
LOG (lattice-best-path[5.5]:main():lattice-best-path.cc:99) For utterance BAC009S0903W0128, best cost 84.401 + -337.293 = -252.892 over 576 frames.
LOG (lattice-best-path[5.5]:main():lattice-best-path.cc:99) For utterance BAC009S0903W0129, best cost 123.931 + -432.605 = -308.673 over 791 frames.
LOG (lattice-best-path[5.5]:main():lattice-best-path.cc:99) For utterance BAC009S0903W0130, best cost 123.538 + -395.828 = -272.29 over 746 frames.
LOG (lattice-best-path[5.5]:main():lattice-best-path.cc:99) For utterance BAC009S0903W0131, best cost 71.4676 + -236.075 = -164.608 over 426 frames.
LOG (lattice-best-path[5.5]:main():lattice-best-path.cc:99) For utterance BAC009S0903W0132, best cost 63.5837 + -202.291 = -138.707 over 389 frames.
LOG (lattice-best-path[5.5]:main():lattice-best-path.cc:99) For utterance BAC009S0903W0133, best cost 53.4624 + -202.737 = -149.274 over 365 frames.
LOG (lattice-best-path[5.5]:main():lattice-best-path.cc:99) For utterance BAC009S0903W0134, best cost 80.8688 + -281.74 = -200.871 over 484 frames.
LOG (lattice-best-path[5.5]:main():lattice-best-path.cc:99) For utterance BAC009S0903W0135, best cost 69.479 + -202.446 = -132.967 over 402 frames.
LOG (lattice-best-path[5.5]:main():lattice-best-path.cc:99) For utterance BAC009S0903W0136, best cost 135.727 + -417.574 = -281.847 over 760 frames.
LOG (lattice-best-path[5.5]:main():lattice-best-path.cc:99) For utterance BAC009S0903W0137, best cost 56.0676 + -162.941 = -106.873 over 306 frames.
LOG (lattice-best-path[5.5]:main():lattice-best-path.cc:99) For utterance BAC009S0903W0138, best cost 79.1561 + -257.923 = -178.767 over 428 frames.
LOG (lattice-best-path[5.5]:main():lattice-best-path.cc:99) For utterance BAC009S0903W0139, best cost 95.7469 + -250.452 = -154.705 over 432 frames.
LOG (lattice-best-path[5.5]:main():lattice-best-path.cc:99) For utterance BAC009S0903W0140, best cost 72.3052 + -273.715 = -201.41 over 486 frames.
LOG (lattice-best-path[5.5]:main():lattice-best-path.cc:99) For utterance BAC009S0903W0141, best cost 100.9 + -271.572 = -170.671 over 510 frames.
LOG (lattice-best-path[5.5]:main():lattice-best-path.cc:99) For utterance BAC009S0903W0142, best cost 38.7719 + -128.033 = -89.2609 over 233 frames.
LOG (lattice-best-path[5.5]:main():lattice-best-path.cc:99) For utterance BAC009S0903W0143, best cost 88.583 + -272.397 = -183.814 over 488 frames.
LOG (lattice-best-path[5.5]:main():lattice-best-path.cc:99) For utterance BAC009S0903W0144, best cost 69.5052 + -242.514 = -173.009 over 425 frames.
LOG (lattice-best-path[5.5]:main():lattice-best-path.cc:99) For utterance BAC009S0903W0145, best cost 89.9323 + -314.741 = -224.808 over 538 frames.
LOG (lattice-best-path[5.5]:main():lattice-best-path.cc:99) For utterance BAC009S0903W0146, best cost 47.6519 + -191.662 = -144.01 over 353 frames.
LOG (lattice-best-path[5.5]:main():lattice-best-path.cc:99) For utterance BAC009S0903W0147, best cost 72.6598 + -312.085 = -239.425 over 507 frames.
LOG (lattice-best-path[5.5]:main():lattice-best-path.cc:99) For utterance BAC009S0903W0148, best cost 70.5098 + -203.158 = -132.649 over 359 frames.
LOG (lattice-best-path[5.5]:main():lattice-best-path.cc:99) For utterance BAC009S0903W0149, best cost 113.134 + -481.374 = -368.239 over 842 frames.
LOG (lattice-best-path[5.5]:main():lattice-best-path.cc:99) For utterance BAC009S0903W0150, best cost 65.3638 + -225.065 = -159.702 over 413 frames.
LOG (lattice-best-path[5.5]:main():lattice-best-path.cc:99) For utterance BAC009S0903W0151, best cost 113.926 + -343.229 = -229.303 over 635 frames.
LOG (lattice-best-path[5.5]:main():lattice-best-path.cc:99) For utterance BAC009S0903W0152, best cost 89.8591 + -245.232 = -155.373 over 438 frames.
LOG (lattice-best-path[5.5]:main():lattice-best-path.cc:99) For utterance BAC009S0903W0153, best cost 111.067 + -366.565 = -255.497 over 585 frames.
LOG (lattice-best-path[5.5]:main():lattice-best-path.cc:99) For utterance BAC009S0903W0154, best cost 82.8496 + -241.665 = -158.815 over 423 frames.
LOG (lattice-best-path[5.5]:main():lattice-best-path.cc:99) For utterance BAC009S0903W0155, best cost 75.2249 + -297.723 = -222.498 over 527 frames.
LOG (lattice-best-path[5.5]:main():lattice-best-path.cc:99) For utterance BAC009S0903W0156, best cost 108.379 + -244.391 = -136.012 over 414 frames.
LOG (lattice-best-path[5.5]:main():lattice-best-path.cc:99) For utterance BAC009S0903W0157, best cost 129.214 + -454.889 = -325.675 over 759 frames.
LOG (lattice-best-path[5.5]:main():lattice-best-path.cc:99) For utterance BAC009S0903W0158, best cost 68.7654 + -209.108 = -140.342 over 351 frames.
LOG (lattice-best-path[5.5]:main():lattice-best-path.cc:99) For utterance BAC009S0903W0159, best cost 88.4257 + -286.589 = -198.163 over 537 frames.
LOG (lattice-best-path[5.5]:main():lattice-best-path.cc:99) For utterance BAC009S0903W0160, best cost 75.9918 + -230.075 = -154.083 over 418 frames.
LOG (lattice-best-path[5.5]:main():lattice-best-path.cc:99) For utterance BAC009S0903W0161, best cost 89.7826 + -276.456 = -186.674 over 540 frames.
LOG (lattice-best-path[5.5]:main():lattice-best-path.cc:99) For utterance BAC009S0903W0162, best cost 61.7545 + -248.606 = -186.851 over 470 frames.
LOG (lattice-best-path[5.5]:main():lattice-best-path.cc:99) For utterance BAC009S0903W0163, best cost 101.154 + -301.788 = -200.634 over 539 frames.
LOG (lattice-best-path[5.5]:main():lattice-best-path.cc:99) For utterance BAC009S0903W0164, best cost 47.7006 + -149.147 = -101.446 over 282 frames.
LOG (lattice-best-path[5.5]:main():lattice-best-path.cc:99) For utterance BAC009S0903W0165, best cost 61.1831 + -199.049 = -137.866 over 361 frames.
LOG (lattice-best-path[5.5]:main():lattice-best-path.cc:99) For utterance BAC009S0903W0166, best cost 76.6464 + -184.276 = -107.629 over 322 frames.
LOG (lattice-best-path[5.5]:main():lattice-best-path.cc:99) For utterance BAC009S0903W0167, best cost 94.995 + -367.649 = -272.654 over 666 frames.
LOG (lattice-best-path[5.5]:main():lattice-best-path.cc:99) For utterance BAC009S0903W0168, best cost 98.9395 + -400.913 = -301.973 over 691 frames.
LOG (lattice-best-path[5.5]:main():lattice-best-path.cc:99) For utterance BAC009S0903W0169, best cost 100.775 + -320.53 = -219.755 over 542 frames.
LOG (lattice-best-path[5.5]:main():lattice-best-path.cc:99) For utterance BAC009S0903W0170, best cost 74.3624 + -243.901 = -169.539 over 431 frames.
LOG (lattice-best-path[5.5]:main():lattice-best-path.cc:99) For utterance BAC009S0903W0171, best cost 64.9008 + -173.945 = -109.044 over 338 frames.
LOG (lattice-best-path[5.5]:main():lattice-best-path.cc:99) For utterance BAC009S0903W0172, best cost 77.7705 + -223.847 = -146.077 over 403 frames.
LOG (lattice-best-path[5.5]:main():lattice-best-path.cc:99) For utterance BAC009S0903W0173, best cost 102.971 + -316.826 = -213.855 over 583 frames.
LOG (lattice-best-path[5.5]:main():lattice-best-path.cc:99) For utterance BAC009S0903W0174, best cost 79.7378 + -259.772 = -180.034 over 471 frames.
LOG (lattice-best-path[5.5]:main():lattice-best-path.cc:99) For utterance BAC009S0903W0175, best cost 93.2379 + -273.163 = -179.925 over 496 frames.
LOG (lattice-best-path[5.5]:main():lattice-best-path.cc:99) For utterance BAC009S0903W0176, best cost 104.34 + -283.78 = -179.439 over 469 frames.
LOG (lattice-best-path[5.5]:main():lattice-best-path.cc:99) For utterance BAC009S0903W0177, best cost 41.3163 + -166.736 = -125.42 over 307 frames.
LOG (lattice-best-path[5.5]:main():lattice-best-path.cc:99) For utterance BAC009S0903W0178, best cost 99.4393 + -299.616 = -200.177 over 518 frames.
LOG (lattice-best-path[5.5]:main():lattice-best-path.cc:99) For utterance BAC009S0903W0179, best cost 72.6541 + -211.946 = -139.292 over 375 frames.
LOG (lattice-best-path[5.5]:main():lattice-best-path.cc:99) For utterance BAC009S0903W0180, best cost 37.9364 + -128.293 = -90.3569 over 236 frames.
LOG (lattice-best-path[5.5]:main():lattice-best-path.cc:99) For utterance BAC009S0903W0181, best cost 118.097 + -399.914 = -281.816 over 626 frames.
LOG (lattice-best-path[5.5]:main():lattice-best-path.cc:99) For utterance BAC009S0903W0182, best cost 49.7446 + -184.851 = -135.107 over 378 frames.
LOG (lattice-best-path[5.5]:main():lattice-best-path.cc:99) For utterance BAC009S0903W0183, best cost 98.4908 + -251.655 = -153.164 over 448 frames.
LOG (lattice-best-path[5.5]:main():lattice-best-path.cc:99) For utterance BAC009S0903W0184, best cost 94.1812 + -320.386 = -226.205 over 571 frames.
LOG (lattice-best-path[5.5]:main():lattice-best-path.cc:99) For utterance BAC009S0903W0185, best cost 74.217 + -218.369 = -144.152 over 418 frames.
LOG (lattice-best-path[5.5]:main():lattice-best-path.cc:99) For utterance BAC009S0903W0186, best cost 82.3456 + -239.379 = -157.034 over 435 frames.
LOG (lattice-best-path[5.5]:main():lattice-best-path.cc:99) For utterance BAC009S0903W0187, best cost 131.643 + -403.13 = -271.487 over 668 frames.
LOG (lattice-best-path[5.5]:main():lattice-best-path.cc:99) For utterance BAC009S0903W0188, best cost 104.207 + -307.086 = -202.878 over 535 frames.
LOG (lattice-best-path[5.5]:main():lattice-best-path.cc:99) For utterance BAC009S0903W0189, best cost 61.753 + -203.968 = -142.215 over 351 frames.
LOG (lattice-best-path[5.5]:main():lattice-best-path.cc:99) For utterance BAC009S0903W0190, best cost 70.2979 + -206.237 = -135.939 over 346 frames.
LOG (lattice-best-path[5.5]:main():lattice-best-path.cc:99) For utterance BAC009S0903W0191, best cost 100.021 + -291.811 = -191.79 over 510 frames.
LOG (lattice-best-path[5.5]:main():lattice-best-path.cc:99) For utterance BAC009S0903W0192, best cost 104.604 + -383.977 = -279.373 over 638 frames.
LOG (lattice-best-path[5.5]:main():lattice-best-path.cc:99) For utterance BAC009S0903W0193, best cost 78.8423 + -296.23 = -217.387 over 500 frames.
LOG (lattice-best-path[5.5]:main():lattice-best-path.cc:99) For utterance BAC009S0903W0194, best cost 141.851 + -430.166 = -288.315 over 708 frames.
LOG (lattice-best-path[5.5]:main():lattice-best-path.cc:99) For utterance BAC009S0903W0195, best cost 58.0405 + -227.934 = -169.894 over 414 frames.
LOG (lattice-best-path[5.5]:main():lattice-best-path.cc:99) For utterance BAC009S0903W0196, best cost 57.1878 + -196.765 = -139.577 over 338 frames.
LOG (lattice-best-path[5.5]:main():lattice-best-path.cc:99) For utterance BAC009S0903W0197, best cost 75.3561 + -235.293 = -159.937 over 441 frames.
LOG (lattice-best-path[5.5]:main():lattice-best-path.cc:99) For utterance BAC009S0903W0198, best cost 125.001 + -309.516 = -184.515 over 518 frames.
LOG (lattice-best-path[5.5]:main():lattice-best-path.cc:99) For utterance BAC009S0903W0199, best cost 78.3204 + -265.098 = -186.778 over 471 frames.
LOG (lattice-best-path[5.5]:main():lattice-best-path.cc:99) For utterance BAC009S0903W0200, best cost 87.4166 + -316.099 = -228.683 over 648 frames.
LOG (lattice-best-path[5.5]:main():lattice-best-path.cc:99) For utterance BAC009S0903W0201, best cost 114.07 + -291.594 = -177.524 over 558 frames.
LOG (lattice-best-path[5.5]:main():lattice-best-path.cc:99) For utterance BAC009S0903W0202, best cost 107.05 + -260.739 = -153.689 over 503 frames.
LOG (lattice-best-path[5.5]:main():lattice-best-path.cc:99) For utterance BAC009S0903W0203, best cost 64.2988 + -200.988 = -136.689 over 344 frames.
LOG (lattice-best-path[5.5]:main():lattice-best-path.cc:99) For utterance BAC009S0903W0204, best cost 59.3933 + -196.442 = -137.049 over 361 frames.
LOG (lattice-best-path[5.5]:main():lattice-best-path.cc:99) For utterance BAC009S0903W0205, best cost 114.156 + -279.757 = -165.601 over 524 frames.
LOG (lattice-best-path[5.5]:main():lattice-best-path.cc:99) For utterance BAC009S0903W0206, best cost 107.146 + -309.48 = -202.333 over 508 frames.
LOG (lattice-best-path[5.5]:main():lattice-best-path.cc:99) For utterance BAC009S0903W0207, best cost 65.6861 + -187.728 = -122.041 over 337 frames.
LOG (lattice-best-path[5.5]:main():lattice-best-path.cc:99) For utterance BAC009S0903W0208, best cost 103.893 + -340.483 = -236.59 over 609 frames.
LOG (lattice-best-path[5.5]:main():lattice-best-path.cc:99) For utterance BAC009S0903W0209, best cost 105.534 + -289.375 = -183.841 over 497 frames.
LOG (lattice-best-path[5.5]:main():lattice-best-path.cc:99) For utterance BAC009S0903W0210, best cost 64.0321 + -181.517 = -117.485 over 335 frames.
LOG (lattice-best-path[5.5]:main():lattice-best-path.cc:99) For utterance BAC009S0903W0211, best cost 68.61 + -165.722 = -97.1117 over 329 frames.
LOG (lattice-best-path[5.5]:main():lattice-best-path.cc:99) For utterance BAC009S0903W0212, best cost 128.245 + -382.236 = -253.991 over 657 frames.
LOG (lattice-best-path[5.5]:main():lattice-best-path.cc:99) For utterance BAC009S0903W0213, best cost 137.241 + -397.967 = -260.726 over 665 frames.
LOG (lattice-best-path[5.5]:main():lattice-best-path.cc:99) For utterance BAC009S0903W0214, best cost 83.8253 + -252.881 = -169.056 over 420 frames.
LOG (lattice-best-path[5.5]:main():lattice-best-path.cc:99) For utterance BAC009S0903W0215, best cost 74.8431 + -234.92 = -160.077 over 409 frames.
LOG (lattice-best-path[5.5]:main():lattice-best-path.cc:99) For utterance BAC009S0903W0216, best cost 144.167 + -415.143 = -270.976 over 724 frames.
LOG (lattice-best-path[5.5]:main():lattice-best-path.cc:99) For utterance BAC009S0903W0217, best cost 76.0142 + -198.802 = -122.787 over 341 frames.
LOG (lattice-best-path[5.5]:main():lattice-best-path.cc:99) For utterance BAC009S0903W0218, best cost 49.3088 + -226.514 = -177.205 over 389 frames.
LOG (lattice-best-path[5.5]:main():lattice-best-path.cc:99) For utterance BAC009S0903W0219, best cost 136.549 + -385.277 = -248.728 over 852 frames.
LOG (lattice-best-path[5.5]:main():lattice-best-path.cc:99) For utterance BAC009S0903W0220, best cost 71.5713 + -208.12 = -136.549 over 401 frames.
LOG (lattice-best-path[5.5]:main():lattice-best-path.cc:99) For utterance BAC009S0903W0221, best cost 81.8258 + -193.517 = -111.691 over 342 frames.
LOG (lattice-best-path[5.5]:main():lattice-best-path.cc:99) For utterance BAC009S0903W0222, best cost 137.368 + -405.439 = -268.071 over 703 frames.
LOG (lattice-best-path[5.5]:main():lattice-best-path.cc:99) For utterance BAC009S0903W0223, best cost 118.541 + -272.691 = -154.15 over 486 frames.
LOG (lattice-best-path[5.5]:main():lattice-best-path.cc:99) For utterance BAC009S0903W0224, best cost 196.278 + -496.381 = -300.103 over 915 frames.
LOG (lattice-best-path[5.5]:main():lattice-best-path.cc:99) For utterance BAC009S0903W0225, best cost 131.12 + -358.605 = -227.484 over 632 frames.
LOG (lattice-best-path[5.5]:main():lattice-best-path.cc:99) For utterance BAC009S0903W0226, best cost 74.275 + -202.084 = -127.809 over 366 frames.
LOG (lattice-best-path[5.5]:main():lattice-best-path.cc:99) For utterance BAC009S0903W0227, best cost 119.457 + -367.364 = -247.907 over 623 frames.
LOG (lattice-best-path[5.5]:main():lattice-best-path.cc:99) For utterance BAC009S0903W0228, best cost 61.3327 + -183.514 = -122.181 over 342 frames.
LOG (lattice-best-path[5.5]:main():lattice-best-path.cc:99) For utterance BAC009S0903W0229, best cost 70.4679 + -188.24 = -117.772 over 379 frames.
LOG (lattice-best-path[5.5]:main():lattice-best-path.cc:99) For utterance BAC009S0903W0230, best cost 146.611 + -421.854 = -275.243 over 746 frames.
LOG (lattice-best-path[5.5]:main():lattice-best-path.cc:99) For utterance BAC009S0903W0231, best cost 130.396 + -366.17 = -235.774 over 742 frames.
LOG (lattice-best-path[5.5]:main():lattice-best-path.cc:99) For utterance BAC009S0903W0232, best cost 138.728 + -340.904 = -202.175 over 643 frames.
LOG (lattice-best-path[5.5]:main():lattice-best-path.cc:99) For utterance BAC009S0903W0233, best cost 77.1095 + -224.22 = -147.11 over 427 frames.
LOG (lattice-best-path[5.5]:main():lattice-best-path.cc:99) For utterance BAC009S0903W0234, best cost 63.617 + -189.559 = -125.942 over 328 frames.
LOG (lattice-best-path[5.5]:main():lattice-best-path.cc:99) For utterance BAC009S0903W0235, best cost 86.8531 + -219.394 = -132.541 over 386 frames.
LOG (lattice-best-path[5.5]:main():lattice-best-path.cc:99) For utterance BAC009S0903W0236, best cost 83.9313 + -225.882 = -141.951 over 418 frames.
LOG (lattice-best-path[5.5]:main():lattice-best-path.cc:99) For utterance BAC009S0903W0237, best cost 111.281 + -404.967 = -293.686 over 665 frames.
LOG (lattice-best-path[5.5]:main():lattice-best-path.cc:99) For utterance BAC009S0903W0238, best cost 149.185 + -396.206 = -247.021 over 730 frames.
LOG (lattice-best-path[5.5]:main():lattice-best-path.cc:99) For utterance BAC009S0903W0239, best cost 141.943 + -389.124 = -247.181 over 791 frames.
LOG (lattice-best-path[5.5]:main():lattice-best-path.cc:99) For utterance BAC009S0903W0240, best cost 81.3607 + -245.087 = -163.726 over 506 frames.
LOG (lattice-best-path[5.5]:main():lattice-best-path.cc:99) For utterance BAC009S0903W0241, best cost 131.892 + -389.606 = -257.714 over 701 frames.
LOG (lattice-best-path[5.5]:main():lattice-best-path.cc:99) For utterance BAC009S0903W0242, best cost 85.8188 + -248.176 = -162.358 over 493 frames.
LOG (lattice-best-path[5.5]:main():lattice-best-path.cc:99) For utterance BAC009S0903W0243, best cost 176.083 + -475.834 = -299.751 over 805 frames.
LOG (lattice-best-path[5.5]:main():lattice-best-path.cc:99) For utterance BAC009S0903W0244, best cost 82.841 + -218.968 = -136.127 over 415 frames.
LOG (lattice-best-path[5.5]:main():lattice-best-path.cc:99) For utterance BAC009S0903W0245, best cost 80.2482 + -194.881 = -114.633 over 379 frames.
LOG (lattice-best-path[5.5]:main():lattice-best-path.cc:99) For utterance BAC009S0903W0246, best cost 170.583 + -479.611 = -309.028 over 931 frames.
LOG (lattice-best-path[5.5]:main():lattice-best-path.cc:99) For utterance BAC009S0903W0247, best cost 148.316 + -449.651 = -301.335 over 759 frames.
LOG (lattice-best-path[5.5]:main():lattice-best-path.cc:99) For utterance BAC009S0903W0248, best cost 90.6815 + -225.004 = -134.323 over 387 frames.
LOG (lattice-best-path[5.5]:main():lattice-best-path.cc:99) For utterance BAC009S0903W0249, best cost 64.802 + -207.734 = -142.932 over 388 frames.
LOG (lattice-best-path[5.5]:main():lattice-best-path.cc:99) For utterance BAC009S0903W0250, best cost 122.083 + -350.795 = -228.712 over 696 frames.
LOG (lattice-best-path[5.5]:main():lattice-best-path.cc:99) For utterance BAC009S0903W0251, best cost 107.725 + -285.667 = -177.942 over 513 frames.
LOG (lattice-best-path[5.5]:main():lattice-best-path.cc:99) For utterance BAC009S0903W0252, best cost 141.882 + -478.52 = -336.638 over 886 frames.
LOG (lattice-best-path[5.5]:main():lattice-best-path.cc:99) For utterance BAC009S0903W0253, best cost 42.6538 + -192.097 = -149.443 over 332 frames.
LOG (lattice-best-path[5.5]:main():lattice-best-path.cc:99) For utterance BAC009S0903W0254, best cost 127.662 + -510.212 = -382.55 over 873 frames.
LOG (lattice-best-path[5.5]:main():lattice-best-path.cc:99) For utterance BAC009S0903W0255, best cost 75.4776 + -207.753 = -132.276 over 377 frames.
LOG (lattice-best-path[5.5]:main():lattice-best-path.cc:99) For utterance BAC009S0903W0256, best cost 96.1528 + -300.219 = -204.066 over 500 frames.
LOG (lattice-best-path[5.5]:main():lattice-best-path.cc:99) For utterance BAC009S0903W0257, best cost 92.8235 + -384.198 = -291.375 over 669 frames.
LOG (lattice-best-path[5.5]:main():lattice-best-path.cc:99) For utterance BAC009S0903W0258, best cost 141.495 + -452.397 = -310.902 over 811 frames.
LOG (lattice-best-path[5.5]:main():lattice-best-path.cc:99) For utterance BAC009S0903W0259, best cost 63.3194 + -214.06 = -150.741 over 372 frames.
LOG (lattice-best-path[5.5]:main():lattice-best-path.cc:99) For utterance BAC009S0903W0260, best cost 114.855 + -354.437 = -239.582 over 568 frames.
LOG (lattice-best-path[5.5]:main():lattice-best-path.cc:99) For utterance BAC009S0903W0261, best cost 97.7541 + -282.426 = -184.672 over 527 frames.
LOG (lattice-best-path[5.5]:main():lattice-best-path.cc:99) For utterance BAC009S0903W0262, best cost 102.588 + -296.496 = -193.908 over 515 frames.
LOG (lattice-best-path[5.5]:main():lattice-best-path.cc:99) For utterance BAC009S0903W0263, best cost 121.493 + -320.43 = -198.938 over 570 frames.
LOG (lattice-best-path[5.5]:main():lattice-best-path.cc:99) For utterance BAC009S0903W0264, best cost 119.372 + -374.901 = -255.529 over 629 frames.
LOG (lattice-best-path[5.5]:main():lattice-best-path.cc:99) For utterance BAC009S0903W0265, best cost 112.206 + -338.705 = -226.5 over 571 frames.
LOG (lattice-best-path[5.5]:main():lattice-best-path.cc:99) For utterance BAC009S0903W0266, best cost 111.349 + -382.325 = -270.976 over 651 frames.
LOG (lattice-best-path[5.5]:main():lattice-best-path.cc:99) For utterance BAC009S0903W0267, best cost 92.0188 + -302.191 = -210.172 over 505 frames.
LOG (lattice-best-path[5.5]:main():lattice-best-path.cc:99) For utterance BAC009S0903W0268, best cost 126.291 + -377.618 = -251.326 over 602 frames.
LOG (lattice-best-path[5.5]:main():lattice-best-path.cc:99) For utterance BAC009S0903W0269, best cost 135.203 + -444.924 = -309.721 over 795 frames.
LOG (lattice-best-path[5.5]:main():lattice-best-path.cc:99) For utterance BAC009S0903W0270, best cost 125.519 + -437.171 = -311.652 over 718 frames.
LOG (lattice-best-path[5.5]:main():lattice-best-path.cc:99) For utterance BAC009S0903W0271, best cost 127.14 + -389.439 = -262.299 over 652 frames.
LOG (lattice-best-path[5.5]:main():lattice-best-path.cc:99) For utterance BAC009S0903W0272, best cost 148.12 + -323.25 = -175.13 over 550 frames.
LOG (lattice-best-path[5.5]:main():lattice-best-path.cc:99) For utterance BAC009S0903W0273, best cost 78.0052 + -190.984 = -112.979 over 357 frames.
LOG (lattice-best-path[5.5]:main():lattice-best-path.cc:99) For utterance BAC009S0903W0274, best cost 64.3432 + -193.465 = -129.122 over 364 frames.
LOG (lattice-best-path[5.5]:main():lattice-best-path.cc:99) For utterance BAC009S0903W0275, best cost 137.488 + -399.85 = -262.362 over 724 frames.
LOG (lattice-best-path[5.5]:main():lattice-best-path.cc:99) For utterance BAC009S0903W0276, best cost 80.4594 + -208.57 = -128.111 over 369 frames.
LOG (lattice-best-path[5.5]:main():lattice-best-path.cc:99) For utterance BAC009S0903W0277, best cost 88.0737 + -236.228 = -148.155 over 427 frames.
LOG (lattice-best-path[5.5]:main():lattice-best-path.cc:99) For utterance BAC009S0903W0278, best cost 91.4246 + -261.518 = -170.093 over 444 frames.
LOG (lattice-best-path[5.5]:main():lattice-best-path.cc:99) For utterance BAC009S0903W0279, best cost 68.8995 + -217.186 = -148.287 over 382 frames.
LOG (lattice-best-path[5.5]:main():lattice-best-path.cc:99) For utterance BAC009S0903W0280, best cost 124.776 + -385.993 = -261.217 over 656 frames.
LOG (lattice-best-path[5.5]:main():lattice-best-path.cc:99) For utterance BAC009S0903W0281, best cost 144.356 + -385.108 = -240.752 over 659 frames.
LOG (lattice-best-path[5.5]:main():lattice-best-path.cc:99) For utterance BAC009S0903W0282, best cost 118.326 + -303.227 = -184.901 over 526 frames.
LOG (lattice-best-path[5.5]:main():lattice-best-path.cc:99) For utterance BAC009S0903W0283, best cost 77.8376 + -207.44 = -129.603 over 381 frames.
LOG (lattice-best-path[5.5]:main():lattice-best-path.cc:99) For utterance BAC009S0903W0284, best cost 85.0073 + -315.229 = -230.222 over 531 frames.
LOG (lattice-best-path[5.5]:main():lattice-best-path.cc:99) For utterance BAC009S0903W0285, best cost 157.966 + -529.802 = -371.835 over 924 frames.
LOG (lattice-best-path[5.5]:main():lattice-best-path.cc:99) For utterance BAC009S0903W0286, best cost 123.58 + -324.875 = -201.295 over 564 frames.
LOG (lattice-best-path[5.5]:main():lattice-best-path.cc:99) For utterance BAC009S0903W0287, best cost 132.426 + -460.642 = -328.216 over 768 frames.
LOG (lattice-best-path[5.5]:main():lattice-best-path.cc:99) For utterance BAC009S0903W0288, best cost 83.6001 + -262.425 = -178.825 over 467 frames.
LOG (lattice-best-path[5.5]:main():lattice-best-path.cc:99) For utterance BAC009S0903W0289, best cost 92.2862 + -239.17 = -146.884 over 464 frames.
LOG (lattice-best-path[5.5]:main():lattice-best-path.cc:99) For utterance BAC009S0903W0290, best cost 152.827 + -494.41 = -341.583 over 871 frames.
LOG (lattice-best-path[5.5]:main():lattice-best-path.cc:99) For utterance BAC009S0903W0292, best cost 106.215 + -290.294 = -184.079 over 511 frames.
LOG (lattice-best-path[5.5]:main():lattice-best-path.cc:99) For utterance BAC009S0903W0293, best cost 75.2088 + -283.061 = -207.852 over 484 frames.
LOG (lattice-best-path[5.5]:main():lattice-best-path.cc:99) For utterance BAC009S0903W0294, best cost 130.529 + -402.961 = -272.432 over 705 frames.
LOG (lattice-best-path[5.5]:main():lattice-best-path.cc:99) For utterance BAC009S0903W0295, best cost 136.179 + -339.879 = -203.701 over 626 frames.
LOG (lattice-best-path[5.5]:main():lattice-best-path.cc:99) For utterance BAC009S0903W0296, best cost 80.3814 + -215.484 = -135.102 over 370 frames.
LOG (lattice-best-path[5.5]:main():lattice-best-path.cc:99) For utterance BAC009S0903W0297, best cost 133.792 + -434.166 = -300.374 over 845 frames.
LOG (lattice-best-path[5.5]:main():lattice-best-path.cc:99) For utterance BAC009S0903W0298, best cost 60.9204 + -164.167 = -103.247 over 305 frames.
LOG (lattice-best-path[5.5]:main():lattice-best-path.cc:99) For utterance BAC009S0903W0299, best cost 97.1817 + -276.167 = -178.986 over 451 frames.
LOG (lattice-best-path[5.5]:main():lattice-best-path.cc:99) For utterance BAC009S0903W0300, best cost 129.148 + -382.635 = -253.488 over 629 frames.
LOG (lattice-best-path[5.5]:main():lattice-best-path.cc:99) For utterance BAC009S0903W0301, best cost 67.1965 + -215.295 = -148.098 over 386 frames.
LOG (lattice-best-path[5.5]:main():lattice-best-path.cc:99) For utterance BAC009S0903W0302, best cost 62.6241 + -204.654 = -142.03 over 368 frames.
LOG (lattice-best-path[5.5]:main():lattice-best-path.cc:99) For utterance BAC009S0903W0303, best cost 132.358 + -448.326 = -315.968 over 703 frames.
LOG (lattice-best-path[5.5]:main():lattice-best-path.cc:99) For utterance BAC009S0903W0304, best cost 84.8439 + -262.661 = -177.817 over 441 frames.
LOG (lattice-best-path[5.5]:main():lattice-best-path.cc:99) For utterance BAC009S0903W0305, best cost 71.2006 + -188.359 = -117.159 over 340 frames.
LOG (lattice-best-path[5.5]:main():lattice-best-path.cc:99) For utterance BAC009S0903W0306, best cost 56.6084 + -160.031 = -103.423 over 313 frames.
LOG (lattice-best-path[5.5]:main():lattice-best-path.cc:99) For utterance BAC009S0903W0307, best cost 96.3095 + -280.616 = -184.307 over 487 frames.
LOG (lattice-best-path[5.5]:main():lattice-best-path.cc:99) For utterance BAC009S0903W0308, best cost 105.54 + -317.695 = -212.155 over 511 frames.
LOG (lattice-best-path[5.5]:main():lattice-best-path.cc:99) For utterance BAC009S0903W0309, best cost 97.0202 + -255.683 = -158.663 over 446 frames.
LOG (lattice-best-path[5.5]:main():lattice-best-path.cc:99) For utterance BAC009S0903W0310, best cost 95.7939 + -240.775 = -144.982 over 429 frames.
LOG (lattice-best-path[5.5]:main():lattice-best-path.cc:99) For utterance BAC009S0903W0311, best cost 80.7711 + -242.779 = -162.007 over 451 frames.
LOG (lattice-best-path[5.5]:main():lattice-best-path.cc:99) For utterance BAC009S0903W0312, best cost 77.7422 + -204.261 = -126.519 over 351 frames.
LOG (lattice-best-path[5.5]:main():lattice-best-path.cc:99) For utterance BAC009S0903W0313, best cost 117.111 + -377.656 = -260.545 over 738 frames.
LOG (lattice-best-path[5.5]:main():lattice-best-path.cc:99) For utterance BAC009S0903W0314, best cost 102.808 + -338.034 = -235.226 over 545 frames.
LOG (lattice-best-path[5.5]:main():lattice-best-path.cc:99) For utterance BAC009S0903W0315, best cost 83.8775 + -230.188 = -146.31 over 407 frames.
LOG (lattice-best-path[5.5]:main():lattice-best-path.cc:99) For utterance BAC009S0903W0316, best cost 126.858 + -333.626 = -206.767 over 597 frames.
LOG (lattice-best-path[5.5]:main():lattice-best-path.cc:99) For utterance BAC009S0903W0317, best cost 106.032 + -311.929 = -205.897 over 509 frames.
LOG (lattice-best-path[5.5]:main():lattice-best-path.cc:99) For utterance BAC009S0903W0318, best cost 77.039 + -217.183 = -140.144 over 381 frames.
LOG (lattice-best-path[5.5]:main():lattice-best-path.cc:99) For utterance BAC009S0903W0319, best cost 77.7304 + -203.655 = -125.924 over 360 frames.
LOG (lattice-best-path[5.5]:main():lattice-best-path.cc:99) For utterance BAC009S0903W0320, best cost 63.6746 + -156.179 = -92.5049 over 285 frames.
LOG (lattice-best-path[5.5]:main():lattice-best-path.cc:99) For utterance BAC009S0903W0321, best cost 141.932 + -430.521 = -288.589 over 717 frames.
LOG (lattice-best-path[5.5]:main():lattice-best-path.cc:99) For utterance BAC009S0903W0322, best cost 53.3646 + -163.439 = -110.074 over 303 frames.
LOG (lattice-best-path[5.5]:main():lattice-best-path.cc:99) For utterance BAC009S0903W0323, best cost 75.2185 + -238.104 = -162.886 over 404 frames.
LOG (lattice-best-path[5.5]:main():lattice-best-path.cc:99) For utterance BAC009S0903W0324, best cost 81.5511 + -233.383 = -151.832 over 397 frames.
LOG (lattice-best-path[5.5]:main():lattice-best-path.cc:99) For utterance BAC009S0903W0325, best cost 114.326 + -321.765 = -207.44 over 603 frames.
LOG (lattice-best-path[5.5]:main():lattice-best-path.cc:99) For utterance BAC009S0903W0326, best cost 49.5263 + -169.592 = -120.066 over 334 frames.
LOG (lattice-best-path[5.5]:main():lattice-best-path.cc:99) For utterance BAC009S0903W0327, best cost 57.8188 + -135.769 = -77.9502 over 263 frames.
LOG (lattice-best-path[5.5]:main():lattice-best-path.cc:99) For utterance BAC009S0903W0328, best cost 120.012 + -351.003 = -230.991 over 581 frames.
LOG (lattice-best-path[5.5]:main():lattice-best-path.cc:99) For utterance BAC009S0903W0329, best cost 93.3931 + -286.609 = -193.216 over 484 frames.
LOG (lattice-best-path[5.5]:main():lattice-best-path.cc:99) For utterance BAC009S0903W0330, best cost 78.002 + -244.284 = -166.282 over 426 frames.
LOG (lattice-best-path[5.5]:main():lattice-best-path.cc:99) For utterance BAC009S0903W0331, best cost 78.7591 + -195.955 = -117.196 over 353 frames.
LOG (lattice-best-path[5.5]:main():lattice-best-path.cc:99) For utterance BAC009S0903W0332, best cost 76.4445 + -260.74 = -184.296 over 452 frames.
LOG (lattice-best-path[5.5]:main():lattice-best-path.cc:99) For utterance BAC009S0903W0333, best cost 68.0562 + -196.716 = -128.659 over 341 frames.
LOG (lattice-best-path[5.5]:main():lattice-best-path.cc:99) For utterance BAC009S0903W0334, best cost 65.8672 + -220.643 = -154.776 over 410 frames.
LOG (lattice-best-path[5.5]:main():lattice-best-path.cc:99) For utterance BAC009S0903W0335, best cost 111.152 + -400.947 = -289.795 over 657 frames.
LOG (lattice-best-path[5.5]:main():lattice-best-path.cc:99) For utterance BAC009S0903W0336, best cost 110.946 + -302.391 = -191.445 over 496 frames.
LOG (lattice-best-path[5.5]:main():lattice-best-path.cc:99) For utterance BAC009S0903W0337, best cost 105.827 + -323.865 = -218.038 over 530 frames.
LOG (lattice-best-path[5.5]:main():lattice-best-path.cc:99) For utterance BAC009S0903W0338, best cost 141.838 + -387.892 = -246.055 over 711 frames.
LOG (lattice-best-path[5.5]:main():lattice-best-path.cc:99) For utterance BAC009S0903W0339, best cost 78.1282 + -211.622 = -133.494 over 372 frames.
LOG (lattice-best-path[5.5]:main():lattice-best-path.cc:99) For utterance BAC009S0903W0340, best cost 72.9771 + -180.032 = -107.055 over 329 frames.
LOG (lattice-best-path[5.5]:main():lattice-best-path.cc:99) For utterance BAC009S0903W0341, best cost 86.529 + -209.018 = -122.489 over 369 frames.
LOG (lattice-best-path[5.5]:main():lattice-best-path.cc:99) For utterance BAC009S0903W0342, best cost 74.0284 + -149.524 = -75.4961 over 303 frames.
LOG (lattice-best-path[5.5]:main():lattice-best-path.cc:99) For utterance BAC009S0903W0343, best cost 57.2363 + -189.933 = -132.697 over 369 frames.
LOG (lattice-best-path[5.5]:main():lattice-best-path.cc:99) For utterance BAC009S0903W0344, best cost 109.982 + -275.5 = -165.518 over 443 frames.
LOG (lattice-best-path[5.5]:main():lattice-best-path.cc:99) For utterance BAC009S0903W0345, best cost 92.16 + -264.531 = -172.37 over 437 frames.
LOG (lattice-best-path[5.5]:main():lattice-best-path.cc:99) For utterance BAC009S0903W0346, best cost 103.605 + -270.831 = -167.226 over 488 frames.
LOG (lattice-best-path[5.5]:main():lattice-best-path.cc:99) For utterance BAC009S0903W0347, best cost 96.6281 + -346.967 = -250.339 over 692 frames.
LOG (lattice-best-path[5.5]:main():lattice-best-path.cc:99) For utterance BAC009S0903W0348, best cost 95.4277 + -229.203 = -133.775 over 411 frames.
LOG (lattice-best-path[5.5]:main():lattice-best-path.cc:99) For utterance BAC009S0903W0349, best cost 107.519 + -276.243 = -168.724 over 474 frames.
LOG (lattice-best-path[5.5]:main():lattice-best-path.cc:99) For utterance BAC009S0903W0350, best cost 102.808 + -254.031 = -151.223 over 442 frames.
LOG (lattice-best-path[5.5]:main():lattice-best-path.cc:99) For utterance BAC009S0903W0351, best cost 151.102 + -371.178 = -220.076 over 660 frames.
LOG (lattice-best-path[5.5]:main():lattice-best-path.cc:99) For utterance BAC009S0903W0352, best cost 101.783 + -343.805 = -242.022 over 623 frames.
LOG (lattice-best-path[5.5]:main():lattice-best-path.cc:99) For utterance BAC009S0903W0353, best cost 112.395 + -306.883 = -194.488 over 593 frames.
LOG (lattice-best-path[5.5]:main():lattice-best-path.cc:99) For utterance BAC009S0903W0354, best cost 67.8126 + -181.291 = -113.479 over 334 frames.
LOG (lattice-best-path[5.5]:main():lattice-best-path.cc:99) For utterance BAC009S0903W0355, best cost 93.6005 + -272.893 = -179.293 over 452 frames.
LOG (lattice-best-path[5.5]:main():lattice-best-path.cc:99) For utterance BAC009S0903W0356, best cost 78.7853 + -228.227 = -149.442 over 393 frames.
LOG (lattice-best-path[5.5]:main():lattice-best-path.cc:99) For utterance BAC009S0903W0357, best cost 138.201 + -372.45 = -234.249 over 665 frames.
LOG (lattice-best-path[5.5]:main():lattice-best-path.cc:99) For utterance BAC009S0903W0358, best cost 77.6979 + -245.615 = -167.918 over 433 frames.
LOG (lattice-best-path[5.5]:main():lattice-best-path.cc:99) For utterance BAC009S0903W0359, best cost 77.7156 + -204.64 = -126.924 over 355 frames.
LOG (lattice-best-path[5.5]:main():lattice-best-path.cc:99) For utterance BAC009S0903W0360, best cost 107.465 + -300.261 = -192.796 over 520 frames.
LOG (lattice-best-path[5.5]:main():lattice-best-path.cc:99) For utterance BAC009S0903W0361, best cost 91.7485 + -284.057 = -192.308 over 508 frames.
LOG (lattice-best-path[5.5]:main():lattice-best-path.cc:99) For utterance BAC009S0903W0362, best cost 126.915 + -375.772 = -248.857 over 651 frames.
LOG (lattice-best-path[5.5]:main():lattice-best-path.cc:99) For utterance BAC009S0903W0363, best cost 149.449 + -425.017 = -275.568 over 740 frames.
LOG (lattice-best-path[5.5]:main():lattice-best-path.cc:99) For utterance BAC009S0903W0364, best cost 141.982 + -375.378 = -233.396 over 653 frames.
LOG (lattice-best-path[5.5]:main():lattice-best-path.cc:99) For utterance BAC009S0903W0365, best cost 141.912 + -379.864 = -237.952 over 666 frames.
LOG (lattice-best-path[5.5]:main():lattice-best-path.cc:99) For utterance BAC009S0903W0366, best cost 62.7655 + -186.989 = -124.223 over 337 frames.
LOG (lattice-best-path[5.5]:main():lattice-best-path.cc:99) For utterance BAC009S0903W0367, best cost 68.0349 + -200.221 = -132.186 over 375 frames.
LOG (lattice-best-path[5.5]:main():lattice-best-path.cc:99) For utterance BAC009S0903W0368, best cost 132.974 + -306.373 = -173.399 over 549 frames.
LOG (lattice-best-path[5.5]:main():lattice-best-path.cc:99) For utterance BAC009S0903W0369, best cost 66.5386 + -206.712 = -140.173 over 358 frames.
LOG (lattice-best-path[5.5]:main():lattice-best-path.cc:99) For utterance BAC009S0903W0370, best cost 61.5835 + -155.468 = -93.8847 over 328 frames.
LOG (lattice-best-path[5.5]:main():lattice-best-path.cc:99) For utterance BAC009S0903W0371, best cost 107.887 + -274.986 = -167.099 over 537 frames.
LOG (lattice-best-path[5.5]:main():lattice-best-path.cc:99) For utterance BAC009S0903W0372, best cost 66.693 + -200.521 = -133.828 over 366 frames.
LOG (lattice-best-path[5.5]:main():lattice-best-path.cc:99) For utterance BAC009S0903W0373, best cost 152.798 + -456.112 = -303.313 over 823 frames.
LOG (lattice-best-path[5.5]:main():lattice-best-path.cc:99) For utterance BAC009S0903W0374, best cost 69.5069 + -189.663 = -120.157 over 369 frames.
LOG (lattice-best-path[5.5]:main():lattice-best-path.cc:99) For utterance BAC009S0903W0375, best cost 76.8706 + -206.96 = -130.09 over 373 frames.
LOG (lattice-best-path[5.5]:main():lattice-best-path.cc:99) For utterance BAC009S0903W0376, best cost 121.121 + -318.139 = -197.018 over 613 frames.
LOG (lattice-best-path[5.5]:main():lattice-best-path.cc:99) For utterance BAC009S0903W0377, best cost 129.314 + -338.601 = -209.287 over 623 frames.
LOG (lattice-best-path[5.5]:main():lattice-best-path.cc:99) For utterance BAC009S0903W0379, best cost 95.3728 + -284.814 = -189.441 over 591 frames.
LOG (lattice-best-path[5.5]:main():lattice-best-path.cc:99) For utterance BAC009S0903W0380, best cost 102.211 + -265.226 = -163.015 over 470 frames.
LOG (lattice-best-path[5.5]:main():lattice-best-path.cc:99) For utterance BAC009S0903W0381, best cost 114.254 + -260.381 = -146.127 over 527 frames.
LOG (lattice-best-path[5.5]:main():lattice-best-path.cc:99) For utterance BAC009S0903W0382, best cost 81.1827 + -255.361 = -174.179 over 513 frames.
LOG (lattice-best-path[5.5]:main():lattice-best-path.cc:99) For utterance BAC009S0903W0383, best cost 134.551 + -367.895 = -233.343 over 660 frames.
LOG (lattice-best-path[5.5]:main():lattice-best-path.cc:99) For utterance BAC009S0903W0384, best cost 136.219 + -442.164 = -305.945 over 705 frames.
LOG (lattice-best-path[5.5]:main():lattice-best-path.cc:99) For utterance BAC009S0903W0385, best cost 71.415 + -162.888 = -91.4734 over 309 frames.
LOG (lattice-best-path[5.5]:main():lattice-best-path.cc:99) For utterance BAC009S0903W0386, best cost 89.2569 + -263.616 = -174.36 over 469 frames.
LOG (lattice-best-path[5.5]:main():lattice-best-path.cc:99) For utterance BAC009S0903W0387, best cost 119.57 + -412.369 = -292.799 over 675 frames.
LOG (lattice-best-path[5.5]:main():lattice-best-path.cc:99) For utterance BAC009S0903W0388, best cost 73.7504 + -202.859 = -129.108 over 428 frames.
LOG (lattice-best-path[5.5]:main():lattice-best-path.cc:99) For utterance BAC009S0903W0389, best cost 70.1292 + -164.728 = -94.5992 over 292 frames.
LOG (lattice-best-path[5.5]:main():lattice-best-path.cc:99) For utterance BAC009S0903W0390, best cost 116.344 + -361.015 = -244.672 over 599 frames.
LOG (lattice-best-path[5.5]:main():lattice-best-path.cc:99) For utterance BAC009S0903W0391, best cost 135.197 + -408.177 = -272.981 over 740 frames.
LOG (lattice-best-path[5.5]:main():lattice-best-path.cc:99) For utterance BAC009S0903W0392, best cost 79.9863 + -194.857 = -114.871 over 370 frames.
LOG (lattice-best-path[5.5]:main():lattice-best-path.cc:99) For utterance BAC009S0903W0393, best cost 69.4483 + -186.717 = -117.269 over 355 frames.
LOG (lattice-best-path[5.5]:main():lattice-best-path.cc:99) For utterance BAC009S0903W0394, best cost 163.244 + -378.615 = -215.372 over 661 frames.
LOG (lattice-best-path[5.5]:main():lattice-best-path.cc:99) For utterance BAC009S0903W0395, best cost 88.8589 + -285.212 = -196.354 over 497 frames.
LOG (lattice-best-path[5.5]:main():lattice-best-path.cc:99) For utterance BAC009S0903W0396, best cost 110.874 + -296.554 = -185.68 over 546 frames.
LOG (lattice-best-path[5.5]:main():lattice-best-path.cc:99) For utterance BAC009S0903W0397, best cost 143.933 + -365.68 = -221.747 over 702 frames.
LOG (lattice-best-path[5.5]:main():lattice-best-path.cc:99) For utterance BAC009S0903W0398, best cost 66.4814 + -232.044 = -165.563 over 411 frames.
LOG (lattice-best-path[5.5]:main():lattice-best-path.cc:99) For utterance BAC009S0903W0399, best cost 65.3373 + -167.846 = -102.509 over 353 frames.
LOG (lattice-best-path[5.5]:main():lattice-best-path.cc:99) For utterance BAC009S0903W0400, best cost 138.719 + -403.133 = -264.415 over 720 frames.
LOG (lattice-best-path[5.5]:main():lattice-best-path.cc:99) For utterance BAC009S0903W0401, best cost 52.8167 + -187.243 = -134.427 over 342 frames.
LOG (lattice-best-path[5.5]:main():lattice-best-path.cc:99) For utterance BAC009S0903W0402, best cost 53.9327 + -154.193 = -100.261 over 302 frames.
LOG (lattice-best-path[5.5]:main():lattice-best-path.cc:99) For utterance BAC009S0903W0403, best cost 74.6564 + -216.489 = -141.833 over 387 frames.
LOG (lattice-best-path[5.5]:main():lattice-best-path.cc:99) For utterance BAC009S0903W0404, best cost 97.1248 + -227.069 = -129.944 over 432 frames.
LOG (lattice-best-path[5.5]:main():lattice-best-path.cc:99) For utterance BAC009S0903W0405, best cost 89.9281 + -262.554 = -172.626 over 470 frames.
LOG (lattice-best-path[5.5]:main():lattice-best-path.cc:99) For utterance BAC009S0903W0406, best cost 125.966 + -359.561 = -233.595 over 626 frames.
LOG (lattice-best-path[5.5]:main():lattice-best-path.cc:99) For utterance BAC009S0903W0407, best cost 80.3116 + -258.394 = -178.082 over 463 frames.
LOG (lattice-best-path[5.5]:main():lattice-best-path.cc:99) For utterance BAC009S0903W0408, best cost 43.4711 + -138.505 = -95.0337 over 243 frames.
LOG (lattice-best-path[5.5]:main():lattice-best-path.cc:99) For utterance BAC009S0903W0409, best cost 173.594 + -451.486 = -277.892 over 890 frames.
LOG (lattice-best-path[5.5]:main():lattice-best-path.cc:99) For utterance BAC009S0903W0410, best cost 92.9464 + -212.92 = -119.973 over 436 frames.
LOG (lattice-best-path[5.5]:main():lattice-best-path.cc:99) For utterance BAC009S0903W0411, best cost 159.848 + -450.344 = -290.497 over 796 frames.
LOG (lattice-best-path[5.5]:main():lattice-best-path.cc:99) For utterance BAC009S0903W0412, best cost 100.862 + -217.851 = -116.989 over 435 frames.
LOG (lattice-best-path[5.5]:main():lattice-best-path.cc:99) For utterance BAC009S0903W0413, best cost 153.922 + -440.174 = -286.253 over 853 frames.
LOG (lattice-best-path[5.5]:main():lattice-best-path.cc:99) For utterance BAC009S0903W0414, best cost 67.3615 + -188.855 = -121.494 over 361 frames.
LOG (lattice-best-path[5.5]:main():lattice-best-path.cc:99) For utterance BAC009S0903W0415, best cost 103.841 + -280.378 = -176.537 over 534 frames.
LOG (lattice-best-path[5.5]:main():lattice-best-path.cc:99) For utterance BAC009S0903W0416, best cost 82.5655 + -343.54 = -260.975 over 602 frames.
LOG (lattice-best-path[5.5]:main():lattice-best-path.cc:99) For utterance BAC009S0903W0417, best cost 113.854 + -299.259 = -185.405 over 588 frames.
LOG (lattice-best-path[5.5]:main():lattice-best-path.cc:99) For utterance BAC009S0903W0418, best cost 121.887 + -335.824 = -213.937 over 638 frames.
LOG (lattice-best-path[5.5]:main():lattice-best-path.cc:99) For utterance BAC009S0903W0419, best cost 94.5235 + -239.759 = -145.236 over 471 frames.
LOG (lattice-best-path[5.5]:main():lattice-best-path.cc:99) For utterance BAC009S0903W0420, best cost 57.8078 + -135.647 = -77.8395 over 250 frames.
LOG (lattice-best-path[5.5]:main():lattice-best-path.cc:99) For utterance BAC009S0903W0421, best cost 67.4801 + -155.678 = -88.1983 over 333 frames.
LOG (lattice-best-path[5.5]:main():lattice-best-path.cc:99) For utterance BAC009S0903W0422, best cost 66.4743 + -148.639 = -82.1651 over 299 frames.
LOG (lattice-best-path[5.5]:main():lattice-best-path.cc:99) For utterance BAC009S0903W0423, best cost 52.9374 + -318.079 = -265.142 over 520 frames.
LOG (lattice-best-path[5.5]:main():lattice-best-path.cc:99) For utterance BAC009S0903W0424, best cost 23.5364 + -142.702 = -119.166 over 248 frames.
LOG (lattice-best-path[5.5]:main():lattice-best-path.cc:99) For utterance BAC009S0903W0425, best cost 180.754 + -399.284 = -218.53 over 811 frames.
LOG (lattice-best-path[5.5]:main():lattice-best-path.cc:99) For utterance BAC009S0903W0426, best cost 63.0506 + -121.467 = -58.4159 over 267 frames.
LOG (lattice-best-path[5.5]:main():lattice-best-path.cc:99) For utterance BAC009S0903W0427, best cost 57.5556 + -124.635 = -67.0793 over 278 frames.
LOG (lattice-best-path[5.5]:main():lattice-best-path.cc:99) For utterance BAC009S0903W0428, best cost 79.3879 + -197.34 = -117.952 over 350 frames.
LOG (lattice-best-path[5.5]:main():lattice-best-path.cc:99) For utterance BAC009S0903W0429, best cost 95.4368 + -210.808 = -115.371 over 379 frames.
LOG (lattice-best-path[5.5]:main():lattice-best-path.cc:99) For utterance BAC009S0903W0430, best cost 95.715 + -249.828 = -154.113 over 462 frames.
LOG (lattice-best-path[5.5]:main():lattice-best-path.cc:99) For utterance BAC009S0903W0431, best cost 119.085 + -357.214 = -238.129 over 714 frames.
LOG (lattice-best-path[5.5]:main():lattice-best-path.cc:99) For utterance BAC009S0903W0432, best cost 135.001 + -351.622 = -216.621 over 667 frames.
LOG (lattice-best-path[5.5]:main():lattice-best-path.cc:99) For utterance BAC009S0903W0433, best cost 171.419 + -434.386 = -262.966 over 803 frames.
LOG (lattice-best-path[5.5]:main():lattice-best-path.cc:99) For utterance BAC009S0903W0434, best cost 118.754 + -437.302 = -318.548 over 758 frames.
LOG (lattice-best-path[5.5]:main():lattice-best-path.cc:99) For utterance BAC009S0903W0435, best cost 117.155 + -343.976 = -226.821 over 742 frames.
LOG (lattice-best-path[5.5]:main():lattice-best-path.cc:99) For utterance BAC009S0903W0436, best cost 95.1544 + -323.993 = -228.838 over 616 frames.
LOG (lattice-best-path[5.5]:main():lattice-best-path.cc:99) For utterance BAC009S0903W0437, best cost 101.695 + -295.31 = -193.615 over 527 frames.
LOG (lattice-best-path[5.5]:main():lattice-best-path.cc:99) For utterance BAC009S0903W0438, best cost 82.1574 + -205.358 = -123.2 over 387 frames.
LOG (lattice-best-path[5.5]:main():lattice-best-path.cc:99) For utterance BAC009S0903W0439, best cost 65.2839 + -216.968 = -151.684 over 379 frames.
LOG (lattice-best-path[5.5]:main():lattice-best-path.cc:99) For utterance BAC009S0903W0440, best cost 189.317 + -538.795 = -349.478 over 979 frames.
LOG (lattice-best-path[5.5]:main():lattice-best-path.cc:99) For utterance BAC009S0903W0441, best cost 104.515 + -292.866 = -188.351 over 478 frames.
LOG (lattice-best-path[5.5]:main():lattice-best-path.cc:99) For utterance BAC009S0903W0442, best cost 61.8283 + -152.916 = -91.0874 over 294 frames.
LOG (lattice-best-path[5.5]:main():lattice-best-path.cc:99) For utterance BAC009S0903W0443, best cost 103.893 + -249.339 = -145.446 over 476 frames.
LOG (lattice-best-path[5.5]:main():lattice-best-path.cc:99) For utterance BAC009S0903W0444, best cost 130.7 + -328.287 = -197.587 over 611 frames.
LOG (lattice-best-path[5.5]:main():lattice-best-path.cc:99) For utterance BAC009S0903W0445, best cost 60.1999 + -220.148 = -159.948 over 379 frames.
LOG (lattice-best-path[5.5]:main():lattice-best-path.cc:99) For utterance BAC009S0903W0446, best cost 133.487 + -441.002 = -307.515 over 744 frames.
LOG (lattice-best-path[5.5]:main():lattice-best-path.cc:99) For utterance BAC009S0903W0447, best cost 84.8433 + -271.49 = -186.647 over 486 frames.
LOG (lattice-best-path[5.5]:main():lattice-best-path.cc:99) For utterance BAC009S0903W0448, best cost 59.6304 + -200.945 = -141.314 over 338 frames.
LOG (lattice-best-path[5.5]:main():lattice-best-path.cc:99) For utterance BAC009S0903W0449, best cost 75.7514 + -214.645 = -138.894 over 378 frames.
LOG (lattice-best-path[5.5]:main():lattice-best-path.cc:99) For utterance BAC009S0903W0450, best cost 79.353 + -251.542 = -172.189 over 422 frames.
LOG (lattice-best-path[5.5]:main():lattice-best-path.cc:99) For utterance BAC009S0903W0451, best cost 56.3281 + -169.66 = -113.331 over 335 frames.
LOG (lattice-best-path[5.5]:main():lattice-best-path.cc:99) For utterance BAC009S0903W0452, best cost 62.7715 + -231.792 = -169.02 over 394 frames.
LOG (lattice-best-path[5.5]:main():lattice-best-path.cc:99) For utterance BAC009S0903W0453, best cost 198.578 + -556.235 = -357.657 over 1086 frames.
LOG (lattice-best-path[5.5]:main():lattice-best-path.cc:99) For utterance BAC009S0903W0454, best cost 104.998 + -322.485 = -217.486 over 602 frames.
LOG (lattice-best-path[5.5]:main():lattice-best-path.cc:99) For utterance BAC009S0903W0455, best cost 104.939 + -349.604 = -244.665 over 660 frames.
LOG (lattice-best-path[5.5]:main():lattice-best-path.cc:99) For utterance BAC009S0903W0456, best cost 125.93 + -393.979 = -268.05 over 709 frames.
LOG (lattice-best-path[5.5]:main():lattice-best-path.cc:99) For utterance BAC009S0903W0457, best cost 109.334 + -409.961 = -300.627 over 780 frames.
LOG (lattice-best-path[5.5]:main():lattice-best-path.cc:99) For utterance BAC009S0903W0458, best cost 132.081 + -388.784 = -256.703 over 778 frames.
LOG (lattice-best-path[5.5]:main():lattice-best-path.cc:99) For utterance BAC009S0903W0459, best cost 178.367 + -439.3 = -260.933 over 779 frames.
LOG (lattice-best-path[5.5]:main():lattice-best-path.cc:99) For utterance BAC009S0903W0460, best cost 92.298 + -246.624 = -154.326 over 482 frames.
LOG (lattice-best-path[5.5]:main():lattice-best-path.cc:99) For utterance BAC009S0903W0461, best cost 174.948 + -452.253 = -277.305 over 803 frames.
LOG (lattice-best-path[5.5]:main():lattice-best-path.cc:99) For utterance BAC009S0903W0462, best cost 157.788 + -372.137 = -214.348 over 715 frames.
LOG (lattice-best-path[5.5]:main():lattice-best-path.cc:99) For utterance BAC009S0903W0463, best cost 114.837 + -270.15 = -155.313 over 577 frames.
LOG (lattice-best-path[5.5]:main():lattice-best-path.cc:99) For utterance BAC009S0903W0464, best cost 63.6751 + -182.989 = -119.314 over 326 frames.
LOG (lattice-best-path[5.5]:main():lattice-best-path.cc:99) For utterance BAC009S0903W0465, best cost 144.215 + -417.473 = -273.258 over 792 frames.
LOG (lattice-best-path[5.5]:main():lattice-best-path.cc:99) For utterance BAC009S0903W0466, best cost 146.354 + -484.443 = -338.089 over 888 frames.
LOG (lattice-best-path[5.5]:main():lattice-best-path.cc:99) For utterance BAC009S0903W0467, best cost 163.971 + -421.747 = -257.776 over 822 frames.
LOG (lattice-best-path[5.5]:main():lattice-best-path.cc:99) For utterance BAC009S0903W0468, best cost 82.9742 + -274.22 = -191.246 over 517 frames.
LOG (lattice-best-path[5.5]:main():lattice-best-path.cc:99) For utterance BAC009S0903W0469, best cost 73.6992 + -264.432 = -190.733 over 490 frames.
LOG (lattice-best-path[5.5]:main():lattice-best-path.cc:99) For utterance BAC009S0903W0470, best cost 59.7266 + -183.951 = -124.224 over 339 frames.
LOG (lattice-best-path[5.5]:main():lattice-best-path.cc:99) For utterance BAC009S0903W0471, best cost 64.0346 + -182.483 = -118.448 over 330 frames.
LOG (lattice-best-path[5.5]:main():lattice-best-path.cc:99) For utterance BAC009S0903W0472, best cost 135.139 + -349.537 = -214.398 over 635 frames.
LOG (lattice-best-path[5.5]:main():lattice-best-path.cc:99) For utterance BAC009S0903W0473, best cost 169.157 + -454.932 = -285.775 over 815 frames.
LOG (lattice-best-path[5.5]:main():lattice-best-path.cc:99) For utterance BAC009S0903W0474, best cost 171.086 + -482.174 = -311.087 over 884 frames.
LOG (lattice-best-path[5.5]:main():lattice-best-path.cc:99) For utterance BAC009S0903W0475, best cost 118.266 + -421.889 = -303.623 over 815 frames.
LOG (lattice-best-path[5.5]:main():lattice-best-path.cc:99) For utterance BAC009S0903W0476, best cost 93.9649 + -210.703 = -116.738 over 379 frames.
LOG (lattice-best-path[5.5]:main():lattice-best-path.cc:99) For utterance BAC009S0903W0477, best cost 168.576 + -470.989 = -302.413 over 863 frames.
LOG (lattice-best-path[5.5]:main():lattice-best-path.cc:99) For utterance BAC009S0903W0478, best cost 62.0082 + -218.621 = -156.612 over 364 frames.
LOG (lattice-best-path[5.5]:main():lattice-best-path.cc:99) For utterance BAC009S0903W0479, best cost 125.715 + -326.311 = -200.595 over 560 frames.
LOG (lattice-best-path[5.5]:main():lattice-best-path.cc:99) For utterance BAC009S0903W0480, best cost 182.057 + -530.374 = -348.317 over 987 frames.
LOG (lattice-best-path[5.5]:main():lattice-best-path.cc:99) For utterance BAC009S0903W0481, best cost 155.66 + -422.955 = -267.294 over 742 frames.
LOG (lattice-best-path[5.5]:main():lattice-best-path.cc:99) For utterance BAC009S0903W0482, best cost 109.027 + -269.323 = -160.296 over 484 frames.
LOG (lattice-best-path[5.5]:main():lattice-best-path.cc:99) For utterance BAC009S0903W0483, best cost 97.123 + -219.08 = -121.957 over 408 frames.
LOG (lattice-best-path[5.5]:main():lattice-best-path.cc:99) For utterance BAC009S0903W0484, best cost 98.3542 + -227.816 = -129.462 over 399 frames.
LOG (lattice-best-path[5.5]:main():lattice-best-path.cc:99) For utterance BAC009S0903W0485, best cost 70.3757 + -194.554 = -124.178 over 363 frames.
LOG (lattice-best-path[5.5]:main():lattice-best-path.cc:99) For utterance BAC009S0903W0486, best cost 152.899 + -430.341 = -277.442 over 758 frames.
LOG (lattice-best-path[5.5]:main():lattice-best-path.cc:99) For utterance BAC009S0903W0487, best cost 87.8098 + -284.846 = -197.036 over 530 frames.
LOG (lattice-best-path[5.5]:main():lattice-best-path.cc:99) For utterance BAC009S0903W0488, best cost 116.406 + -392.653 = -276.247 over 710 frames.
LOG (lattice-best-path[5.5]:main():lattice-best-path.cc:99) For utterance BAC009S0903W0489, best cost 99.0126 + -317.369 = -218.356 over 582 frames.
LOG (lattice-best-path[5.5]:main():lattice-best-path.cc:99) For utterance BAC009S0903W0490, best cost 96.0301 + -289.255 = -193.225 over 498 frames.
LOG (lattice-best-path[5.5]:main():lattice-best-path.cc:99) For utterance BAC009S0903W0491, best cost 99.3293 + -420.51 = -321.181 over 762 frames.
LOG (lattice-best-path[5.5]:main():lattice-best-path.cc:99) For utterance BAC009S0903W0492, best cost 55.4012 + -218.664 = -163.263 over 404 frames.
LOG (lattice-best-path[5.5]:main():lattice-best-path.cc:99) For utterance BAC009S0903W0493, best cost 131.426 + -365.202 = -233.776 over 639 frames.
LOG (lattice-best-path[5.5]:main():lattice-best-path.cc:99) For utterance BAC009S0903W0494, best cost 83.9092 + -229.67 = -145.76 over 404 frames.
LOG (lattice-depth-per-frame[5.5]:main():lattice-depth-per-frame.cc:82) Done 373 lattices.
LOG (lattice-best-path[5.5]:main():lattice-best-path.cc:99) For utterance BAC009S0903W0495, best cost 132.121 + -443.029 = -310.908 over 866 frames.
LOG (lattice-best-path[5.5]:main():lattice-best-path.cc:124) Overall cost per frame is -0.366931 = 0.188918 [graph] + -0.555849 [acoustic] over 194504 frames.
LOG (lattice-best-path[5.5]:main():lattice-best-path.cc:128) Done 373 lattices, failed for 0
# Accounting: time=3 threads=1
# Ended (code 0) at Sat Jun 18 23:01:55 CST 2022, elapsed time 3 seconds
