# lattice-depth-per-frame "ark:gunzip -c exp/nnet3/new_dnn_sp/decode_test/lat.8.gz|" "ark,t:|gzip -c > exp/nnet3/new_dnn_sp/decode_test/depth_tmp.8.gz" ark:- | lattice-best-path --acoustic-scale=0.1 ark:- ark:/dev/null "ark,t:|gzip -c >exp/nnet3/new_dnn_sp/decode_test/ali_tmp.8.gz" 
# Started at Sat Jun 18 23:01:50 CST 2022
#
lattice-best-path --acoustic-scale=0.1 ark:- ark:/dev/null 'ark,t:|gzip -c >exp/nnet3/new_dnn_sp/decode_test/ali_tmp.8.gz' 
lattice-depth-per-frame 'ark:gunzip -c exp/nnet3/new_dnn_sp/decode_test/lat.8.gz|' 'ark,t:|gzip -c > exp/nnet3/new_dnn_sp/decode_test/depth_tmp.8.gz' ark:- 
LOG (lattice-best-path[5.5]:main():lattice-best-path.cc:99) For utterance BAC009S0901W0121, best cost 45.2297 + -167.51 = -122.28 over 308 frames.
LOG (lattice-best-path[5.5]:main():lattice-best-path.cc:99) For utterance BAC009S0901W0122, best cost 108.986 + -435.023 = -326.037 over 831 frames.
LOG (lattice-best-path[5.5]:main():lattice-best-path.cc:99) For utterance BAC009S0901W0123, best cost 106.538 + -360.305 = -253.767 over 661 frames.
LOG (lattice-best-path[5.5]:main():lattice-best-path.cc:99) For utterance BAC009S0901W0124, best cost 102.203 + -336.993 = -234.79 over 599 frames.
LOG (lattice-best-path[5.5]:main():lattice-best-path.cc:99) For utterance BAC009S0901W0125, best cost 55.8171 + -178.501 = -122.684 over 332 frames.
LOG (lattice-best-path[5.5]:main():lattice-best-path.cc:99) For utterance BAC009S0901W0126, best cost 88.0876 + -294.448 = -206.361 over 486 frames.
LOG (lattice-best-path[5.5]:main():lattice-best-path.cc:99) For utterance BAC009S0901W0127, best cost 59.8715 + -234.438 = -174.567 over 387 frames.
LOG (lattice-best-path[5.5]:main():lattice-best-path.cc:99) For utterance BAC009S0901W0128, best cost 77.2772 + -199.174 = -121.897 over 375 frames.
LOG (lattice-best-path[5.5]:main():lattice-best-path.cc:99) For utterance BAC009S0901W0129, best cost 44.3186 + -172.341 = -128.022 over 305 frames.
LOG (lattice-best-path[5.5]:main():lattice-best-path.cc:99) For utterance BAC009S0901W0130, best cost 107.94 + -353.757 = -245.817 over 663 frames.
LOG (lattice-best-path[5.5]:main():lattice-best-path.cc:99) For utterance BAC009S0901W0131, best cost 39.041 + -260.795 = -221.754 over 458 frames.
LOG (lattice-best-path[5.5]:main():lattice-best-path.cc:99) For utterance BAC009S0901W0132, best cost 153.84 + -477.977 = -324.138 over 880 frames.
LOG (lattice-best-path[5.5]:main():lattice-best-path.cc:99) For utterance BAC009S0901W0133, best cost 49.5543 + -170.61 = -121.056 over 322 frames.
LOG (lattice-best-path[5.5]:main():lattice-best-path.cc:99) For utterance BAC009S0901W0134, best cost 90.6264 + -239.301 = -148.675 over 426 frames.
LOG (lattice-best-path[5.5]:main():lattice-best-path.cc:99) For utterance BAC009S0901W0135, best cost 77.6251 + -225.034 = -147.409 over 419 frames.
LOG (lattice-best-path[5.5]:main():lattice-best-path.cc:99) For utterance BAC009S0901W0136, best cost 86.8628 + -254.753 = -167.89 over 471 frames.
LOG (lattice-best-path[5.5]:main():lattice-best-path.cc:99) For utterance BAC009S0901W0137, best cost 46.87 + -192.839 = -145.969 over 364 frames.
LOG (lattice-best-path[5.5]:main():lattice-best-path.cc:99) For utterance BAC009S0901W0138, best cost 72.1395 + -276.632 = -204.493 over 509 frames.
LOG (lattice-best-path[5.5]:main():lattice-best-path.cc:99) For utterance BAC009S0901W0139, best cost 96.7237 + -251.457 = -154.733 over 456 frames.
LOG (lattice-best-path[5.5]:main():lattice-best-path.cc:99) For utterance BAC009S0901W0140, best cost 83.2263 + -232.787 = -149.561 over 425 frames.
LOG (lattice-best-path[5.5]:main():lattice-best-path.cc:99) For utterance BAC009S0901W0141, best cost 93.4096 + -232.501 = -139.091 over 422 frames.
LOG (lattice-best-path[5.5]:main():lattice-best-path.cc:99) For utterance BAC009S0901W0142, best cost 81.0972 + -301.592 = -220.495 over 522 frames.
LOG (lattice-best-path[5.5]:main():lattice-best-path.cc:99) For utterance BAC009S0901W0143, best cost 89.3583 + -276.201 = -186.842 over 485 frames.
LOG (lattice-best-path[5.5]:main():lattice-best-path.cc:99) For utterance BAC009S0901W0144, best cost 81.7885 + -246.868 = -165.079 over 434 frames.
LOG (lattice-best-path[5.5]:main():lattice-best-path.cc:99) For utterance BAC009S0901W0145, best cost 62.8979 + -226.589 = -163.691 over 475 frames.
LOG (lattice-best-path[5.5]:main():lattice-best-path.cc:99) For utterance BAC009S0901W0146, best cost 69.9004 + -221.682 = -151.782 over 381 frames.
LOG (lattice-best-path[5.5]:main():lattice-best-path.cc:99) For utterance BAC009S0901W0147, best cost 67.1891 + -212.698 = -145.509 over 372 frames.
LOG (lattice-best-path[5.5]:main():lattice-best-path.cc:99) For utterance BAC009S0901W0148, best cost 58.9502 + -305.013 = -246.062 over 534 frames.
LOG (lattice-best-path[5.5]:main():lattice-best-path.cc:99) For utterance BAC009S0901W0149, best cost 127.95 + -443.277 = -315.327 over 831 frames.
LOG (lattice-best-path[5.5]:main():lattice-best-path.cc:99) For utterance BAC009S0901W0150, best cost 56.8246 + -152.536 = -95.7117 over 285 frames.
LOG (lattice-best-path[5.5]:main():lattice-best-path.cc:99) For utterance BAC009S0901W0151, best cost 117.453 + -444.814 = -327.361 over 780 frames.
LOG (lattice-best-path[5.5]:main():lattice-best-path.cc:99) For utterance BAC009S0901W0152, best cost 92.0284 + -321.925 = -229.896 over 581 frames.
LOG (lattice-best-path[5.5]:main():lattice-best-path.cc:99) For utterance BAC009S0901W0153, best cost 61.0464 + -199.833 = -138.786 over 326 frames.
LOG (lattice-best-path[5.5]:main():lattice-best-path.cc:99) For utterance BAC009S0901W0154, best cost 83.7982 + -270.06 = -186.262 over 473 frames.
LOG (lattice-best-path[5.5]:main():lattice-best-path.cc:99) For utterance BAC009S0901W0155, best cost 94.2434 + -354.924 = -260.681 over 640 frames.
LOG (lattice-best-path[5.5]:main():lattice-best-path.cc:99) For utterance BAC009S0901W0156, best cost 145.27 + -502.32 = -357.05 over 1084 frames.
LOG (lattice-best-path[5.5]:main():lattice-best-path.cc:99) For utterance BAC009S0901W0157, best cost 99.2012 + -363.582 = -264.381 over 641 frames.
LOG (lattice-best-path[5.5]:main():lattice-best-path.cc:99) For utterance BAC009S0901W0158, best cost 67.8543 + -239.616 = -171.762 over 576 frames.
LOG (lattice-best-path[5.5]:main():lattice-best-path.cc:99) For utterance BAC009S0901W0159, best cost 136.445 + -437.047 = -300.602 over 770 frames.
LOG (lattice-best-path[5.5]:main():lattice-best-path.cc:99) For utterance BAC009S0901W0160, best cost 65.8773 + -251.918 = -186.041 over 444 frames.
LOG (lattice-best-path[5.5]:main():lattice-best-path.cc:99) For utterance BAC009S0901W0161, best cost 59.0602 + -240.968 = -181.908 over 412 frames.
LOG (lattice-best-path[5.5]:main():lattice-best-path.cc:99) For utterance BAC009S0901W0162, best cost 49.1411 + -220.791 = -171.649 over 388 frames.
LOG (lattice-best-path[5.5]:main():lattice-best-path.cc:99) For utterance BAC009S0901W0163, best cost 38.6479 + -186.7 = -148.052 over 336 frames.
LOG (lattice-best-path[5.5]:main():lattice-best-path.cc:99) For utterance BAC009S0901W0164, best cost 67.5273 + -236.18 = -168.653 over 457 frames.
LOG (lattice-best-path[5.5]:main():lattice-best-path.cc:99) For utterance BAC009S0901W0165, best cost 70.2721 + -290.793 = -220.521 over 489 frames.
LOG (lattice-best-path[5.5]:main():lattice-best-path.cc:99) For utterance BAC009S0901W0166, best cost 103.93 + -262.085 = -158.155 over 457 frames.
LOG (lattice-best-path[5.5]:main():lattice-best-path.cc:99) For utterance BAC009S0901W0167, best cost 87.1107 + -222.682 = -135.572 over 416 frames.
LOG (lattice-best-path[5.5]:main():lattice-best-path.cc:99) For utterance BAC009S0901W0168, best cost 52.0603 + -212.262 = -160.202 over 381 frames.
LOG (lattice-best-path[5.5]:main():lattice-best-path.cc:99) For utterance BAC009S0901W0169, best cost 96.6763 + -293.709 = -197.033 over 529 frames.
LOG (lattice-best-path[5.5]:main():lattice-best-path.cc:99) For utterance BAC009S0901W0170, best cost 63.9502 + -183.702 = -119.752 over 365 frames.
LOG (lattice-best-path[5.5]:main():lattice-best-path.cc:99) For utterance BAC009S0901W0171, best cost 76.02 + -236.784 = -160.764 over 397 frames.
LOG (lattice-best-path[5.5]:main():lattice-best-path.cc:99) For utterance BAC009S0901W0172, best cost 105.688 + -288.858 = -183.17 over 518 frames.
LOG (lattice-best-path[5.5]:main():lattice-best-path.cc:99) For utterance BAC009S0901W0173, best cost 91.017 + -271.492 = -180.475 over 494 frames.
LOG (lattice-best-path[5.5]:main():lattice-best-path.cc:99) For utterance BAC009S0901W0174, best cost 84.5767 + -248.194 = -163.617 over 426 frames.
LOG (lattice-best-path[5.5]:main():lattice-best-path.cc:99) For utterance BAC009S0901W0175, best cost 59.3351 + -176.638 = -117.303 over 339 frames.
LOG (lattice-best-path[5.5]:main():lattice-best-path.cc:99) For utterance BAC009S0901W0176, best cost 89.3975 + -258.166 = -168.768 over 455 frames.
LOG (lattice-best-path[5.5]:main():lattice-best-path.cc:99) For utterance BAC009S0901W0177, best cost 109.938 + -341.018 = -231.08 over 580 frames.
LOG (lattice-best-path[5.5]:main():lattice-best-path.cc:99) For utterance BAC009S0901W0178, best cost 106.134 + -320.519 = -214.385 over 550 frames.
LOG (lattice-best-path[5.5]:main():lattice-best-path.cc:99) For utterance BAC009S0901W0179, best cost 76.7196 + -205.95 = -129.23 over 384 frames.
LOG (lattice-best-path[5.5]:main():lattice-best-path.cc:99) For utterance BAC009S0901W0180, best cost 45.3099 + -150.45 = -105.14 over 283 frames.
LOG (lattice-best-path[5.5]:main():lattice-best-path.cc:99) For utterance BAC009S0901W0181, best cost 75.0102 + -216.878 = -141.867 over 409 frames.
LOG (lattice-best-path[5.5]:main():lattice-best-path.cc:99) For utterance BAC009S0901W0182, best cost 73.8782 + -174.542 = -100.664 over 341 frames.
LOG (lattice-best-path[5.5]:main():lattice-best-path.cc:99) For utterance BAC009S0901W0183, best cost 135.005 + -465.801 = -330.797 over 812 frames.
LOG (lattice-best-path[5.5]:main():lattice-best-path.cc:99) For utterance BAC009S0901W0184, best cost 63.893 + -264.379 = -200.486 over 449 frames.
LOG (lattice-best-path[5.5]:main():lattice-best-path.cc:99) For utterance BAC009S0901W0185, best cost 90.2183 + -256.797 = -166.579 over 481 frames.
LOG (lattice-best-path[5.5]:main():lattice-best-path.cc:99) For utterance BAC009S0901W0186, best cost 113.834 + -326.906 = -213.072 over 546 frames.
LOG (lattice-best-path[5.5]:main():lattice-best-path.cc:99) For utterance BAC009S0901W0187, best cost 54.9945 + -196.862 = -141.867 over 353 frames.
LOG (lattice-best-path[5.5]:main():lattice-best-path.cc:99) For utterance BAC009S0901W0188, best cost 79.6106 + -246.1 = -166.489 over 425 frames.
LOG (lattice-best-path[5.5]:main():lattice-best-path.cc:99) For utterance BAC009S0901W0189, best cost 85.2472 + -267.576 = -182.328 over 527 frames.
LOG (lattice-best-path[5.5]:main():lattice-best-path.cc:99) For utterance BAC009S0901W0190, best cost 108.078 + -354.486 = -246.408 over 618 frames.
LOG (lattice-best-path[5.5]:main():lattice-best-path.cc:99) For utterance BAC009S0901W0191, best cost 47.6868 + -166.274 = -118.587 over 333 frames.
LOG (lattice-best-path[5.5]:main():lattice-best-path.cc:99) For utterance BAC009S0901W0192, best cost 57.7075 + -179.941 = -122.234 over 323 frames.
LOG (lattice-best-path[5.5]:main():lattice-best-path.cc:99) For utterance BAC009S0901W0193, best cost 53.5671 + -173.93 = -120.363 over 322 frames.
LOG (lattice-best-path[5.5]:main():lattice-best-path.cc:99) For utterance BAC009S0901W0194, best cost 68.1362 + -194.513 = -126.377 over 355 frames.
LOG (lattice-best-path[5.5]:main():lattice-best-path.cc:99) For utterance BAC009S0901W0195, best cost 96.67 + -302.201 = -205.531 over 504 frames.
LOG (lattice-best-path[5.5]:main():lattice-best-path.cc:99) For utterance BAC009S0901W0196, best cost 79.1675 + -293.172 = -214.004 over 516 frames.
LOG (lattice-best-path[5.5]:main():lattice-best-path.cc:99) For utterance BAC009S0901W0197, best cost 105.363 + -344.689 = -239.326 over 632 frames.
LOG (lattice-best-path[5.5]:main():lattice-best-path.cc:99) For utterance BAC009S0901W0198, best cost 74.0733 + -198.315 = -124.242 over 380 frames.
LOG (lattice-best-path[5.5]:main():lattice-best-path.cc:99) For utterance BAC009S0901W0199, best cost 49.4575 + -172.158 = -122.701 over 347 frames.
LOG (lattice-best-path[5.5]:main():lattice-best-path.cc:99) For utterance BAC009S0901W0200, best cost 95.3246 + -307.196 = -211.871 over 587 frames.
LOG (lattice-best-path[5.5]:main():lattice-best-path.cc:99) For utterance BAC009S0901W0201, best cost 78.5696 + -230.296 = -151.727 over 425 frames.
LOG (lattice-best-path[5.5]:main():lattice-best-path.cc:99) For utterance BAC009S0901W0202, best cost 73.5148 + -169.378 = -95.8629 over 348 frames.
LOG (lattice-best-path[5.5]:main():lattice-best-path.cc:99) For utterance BAC009S0901W0203, best cost 84.2619 + -285.837 = -201.575 over 512 frames.
LOG (lattice-best-path[5.5]:main():lattice-best-path.cc:99) For utterance BAC009S0901W0204, best cost 127.177 + -347.737 = -220.559 over 619 frames.
LOG (lattice-best-path[5.5]:main():lattice-best-path.cc:99) For utterance BAC009S0901W0205, best cost 68.7091 + -241.739 = -173.03 over 458 frames.
LOG (lattice-best-path[5.5]:main():lattice-best-path.cc:99) For utterance BAC009S0901W0206, best cost 67.7718 + -258.4 = -190.629 over 444 frames.
LOG (lattice-best-path[5.5]:main():lattice-best-path.cc:99) For utterance BAC009S0901W0207, best cost 110.285 + -299.804 = -189.519 over 540 frames.
LOG (lattice-best-path[5.5]:main():lattice-best-path.cc:99) For utterance BAC009S0901W0208, best cost 50.7068 + -194.152 = -143.445 over 343 frames.
LOG (lattice-best-path[5.5]:main():lattice-best-path.cc:99) For utterance BAC009S0901W0209, best cost 61.5444 + -212.013 = -150.468 over 388 frames.
LOG (lattice-best-path[5.5]:main():lattice-best-path.cc:99) For utterance BAC009S0901W0210, best cost 64.1875 + -185.583 = -121.395 over 372 frames.
LOG (lattice-best-path[5.5]:main():lattice-best-path.cc:99) For utterance BAC009S0901W0211, best cost 83.6157 + -265.352 = -181.737 over 519 frames.
LOG (lattice-best-path[5.5]:main():lattice-best-path.cc:99) For utterance BAC009S0901W0212, best cost 85.1739 + -213.309 = -128.135 over 384 frames.
LOG (lattice-best-path[5.5]:main():lattice-best-path.cc:99) For utterance BAC009S0901W0213, best cost 130.402 + -408.213 = -277.811 over 723 frames.
LOG (lattice-best-path[5.5]:main():lattice-best-path.cc:99) For utterance BAC009S0901W0214, best cost 97.2396 + -303.891 = -206.651 over 527 frames.
LOG (lattice-best-path[5.5]:main():lattice-best-path.cc:99) For utterance BAC009S0901W0215, best cost 108.982 + -320.613 = -211.631 over 562 frames.
LOG (lattice-best-path[5.5]:main():lattice-best-path.cc:99) For utterance BAC009S0901W0216, best cost 84.1611 + -211.772 = -127.611 over 405 frames.
LOG (lattice-best-path[5.5]:main():lattice-best-path.cc:99) For utterance BAC009S0901W0217, best cost 112.352 + -322.776 = -210.424 over 588 frames.
LOG (lattice-best-path[5.5]:main():lattice-best-path.cc:99) For utterance BAC009S0901W0218, best cost 77.7962 + -260.575 = -182.779 over 472 frames.
LOG (lattice-best-path[5.5]:main():lattice-best-path.cc:99) For utterance BAC009S0901W0219, best cost 114.886 + -247.19 = -132.303 over 435 frames.
LOG (lattice-best-path[5.5]:main():lattice-best-path.cc:99) For utterance BAC009S0901W0220, best cost 43.0506 + -227.481 = -184.43 over 417 frames.
LOG (lattice-best-path[5.5]:main():lattice-best-path.cc:99) For utterance BAC009S0901W0221, best cost 76.686 + -255.034 = -178.348 over 416 frames.
LOG (lattice-best-path[5.5]:main():lattice-best-path.cc:99) For utterance BAC009S0901W0222, best cost 66.9237 + -194.417 = -127.494 over 361 frames.
LOG (lattice-best-path[5.5]:main():lattice-best-path.cc:99) For utterance BAC009S0901W0223, best cost 143.169 + -372.999 = -229.831 over 613 frames.
LOG (lattice-best-path[5.5]:main():lattice-best-path.cc:99) For utterance BAC009S0901W0224, best cost 76.2028 + -227.227 = -151.024 over 400 frames.
LOG (lattice-best-path[5.5]:main():lattice-best-path.cc:99) For utterance BAC009S0901W0225, best cost 125.255 + -425.585 = -300.33 over 746 frames.
LOG (lattice-best-path[5.5]:main():lattice-best-path.cc:99) For utterance BAC009S0901W0226, best cost 65.3923 + -191.827 = -126.435 over 351 frames.
LOG (lattice-best-path[5.5]:main():lattice-best-path.cc:99) For utterance BAC009S0901W0227, best cost 120.42 + -329.766 = -209.346 over 593 frames.
LOG (lattice-best-path[5.5]:main():lattice-best-path.cc:99) For utterance BAC009S0901W0228, best cost 108.723 + -266.341 = -157.618 over 472 frames.
LOG (lattice-best-path[5.5]:main():lattice-best-path.cc:99) For utterance BAC009S0901W0229, best cost 45.9486 + -177.556 = -131.607 over 311 frames.
LOG (lattice-best-path[5.5]:main():lattice-best-path.cc:99) For utterance BAC009S0901W0230, best cost 92.8634 + -233.184 = -140.32 over 425 frames.
LOG (lattice-best-path[5.5]:main():lattice-best-path.cc:99) For utterance BAC009S0901W0231, best cost 80.1236 + -226.095 = -145.972 over 392 frames.
LOG (lattice-best-path[5.5]:main():lattice-best-path.cc:99) For utterance BAC009S0901W0232, best cost 132.842 + -372.851 = -240.009 over 648 frames.
LOG (lattice-best-path[5.5]:main():lattice-best-path.cc:99) For utterance BAC009S0901W0233, best cost 79.9276 + -293.264 = -213.336 over 619 frames.
LOG (lattice-best-path[5.5]:main():lattice-best-path.cc:99) For utterance BAC009S0901W0234, best cost 91.667 + -243.647 = -151.98 over 411 frames.
LOG (lattice-best-path[5.5]:main():lattice-best-path.cc:99) For utterance BAC009S0901W0235, best cost 98.627 + -324.001 = -225.374 over 550 frames.
LOG (lattice-best-path[5.5]:main():lattice-best-path.cc:99) For utterance BAC009S0901W0236, best cost 74.1956 + -294.489 = -220.293 over 521 frames.
LOG (lattice-best-path[5.5]:main():lattice-best-path.cc:99) For utterance BAC009S0901W0237, best cost 64.741 + -175.798 = -111.057 over 366 frames.
LOG (lattice-best-path[5.5]:main():lattice-best-path.cc:99) For utterance BAC009S0901W0238, best cost 91.6553 + -248.418 = -156.762 over 427 frames.
LOG (lattice-best-path[5.5]:main():lattice-best-path.cc:99) For utterance BAC009S0901W0239, best cost 60.544 + -195.035 = -134.491 over 341 frames.
LOG (lattice-best-path[5.5]:main():lattice-best-path.cc:99) For utterance BAC009S0901W0240, best cost 101.35 + -268.676 = -167.326 over 483 frames.
LOG (lattice-best-path[5.5]:main():lattice-best-path.cc:99) For utterance BAC009S0901W0241, best cost 57.7843 + -220.495 = -162.711 over 418 frames.
LOG (lattice-best-path[5.5]:main():lattice-best-path.cc:99) For utterance BAC009S0901W0242, best cost 52.6124 + -180.713 = -128.101 over 326 frames.
LOG (lattice-best-path[5.5]:main():lattice-best-path.cc:99) For utterance BAC009S0901W0243, best cost 95.4816 + -281.4 = -185.918 over 490 frames.
LOG (lattice-best-path[5.5]:main():lattice-best-path.cc:99) For utterance BAC009S0901W0244, best cost 60.9529 + -211.069 = -150.116 over 368 frames.
LOG (lattice-best-path[5.5]:main():lattice-best-path.cc:99) For utterance BAC009S0901W0245, best cost 113.115 + -323.34 = -210.225 over 546 frames.
LOG (lattice-best-path[5.5]:main():lattice-best-path.cc:99) For utterance BAC009S0901W0246, best cost 89.9125 + -245.124 = -155.211 over 462 frames.
LOG (lattice-best-path[5.5]:main():lattice-best-path.cc:99) For utterance BAC009S0901W0247, best cost 93.7858 + -270.486 = -176.7 over 463 frames.
LOG (lattice-best-path[5.5]:main():lattice-best-path.cc:99) For utterance BAC009S0901W0248, best cost 56.2448 + -186.347 = -130.103 over 336 frames.
LOG (lattice-best-path[5.5]:main():lattice-best-path.cc:99) For utterance BAC009S0901W0249, best cost 56.0714 + -201.818 = -145.746 over 361 frames.
LOG (lattice-best-path[5.5]:main():lattice-best-path.cc:99) For utterance BAC009S0901W0250, best cost 68.0499 + -234.817 = -166.767 over 394 frames.
LOG (lattice-best-path[5.5]:main():lattice-best-path.cc:99) For utterance BAC009S0901W0251, best cost 101.606 + -259.77 = -158.164 over 499 frames.
LOG (lattice-best-path[5.5]:main():lattice-best-path.cc:99) For utterance BAC009S0901W0252, best cost 61.5642 + -189.706 = -128.142 over 361 frames.
LOG (lattice-best-path[5.5]:main():lattice-best-path.cc:99) For utterance BAC009S0901W0253, best cost 59.275 + -140.543 = -81.2681 over 268 frames.
LOG (lattice-best-path[5.5]:main():lattice-best-path.cc:99) For utterance BAC009S0901W0254, best cost 94.1649 + -273.894 = -179.729 over 492 frames.
LOG (lattice-best-path[5.5]:main():lattice-best-path.cc:99) For utterance BAC009S0901W0255, best cost 67.0465 + -172.635 = -105.589 over 311 frames.
LOG (lattice-best-path[5.5]:main():lattice-best-path.cc:99) For utterance BAC009S0901W0256, best cost 74.6003 + -201.815 = -127.215 over 368 frames.
LOG (lattice-best-path[5.5]:main():lattice-best-path.cc:99) For utterance BAC009S0901W0257, best cost 50.5619 + -121.236 = -70.6738 over 257 frames.
LOG (lattice-best-path[5.5]:main():lattice-best-path.cc:99) For utterance BAC009S0901W0259, best cost 68.6795 + -161.473 = -92.7931 over 321 frames.
LOG (lattice-best-path[5.5]:main():lattice-best-path.cc:99) For utterance BAC009S0901W0261, best cost 54.9059 + -177.038 = -122.132 over 377 frames.
LOG (lattice-best-path[5.5]:main():lattice-best-path.cc:99) For utterance BAC009S0901W0262, best cost 98.5081 + -268.691 = -170.183 over 480 frames.
LOG (lattice-best-path[5.5]:main():lattice-best-path.cc:99) For utterance BAC009S0901W0263, best cost 68.5689 + -189.538 = -120.969 over 395 frames.
LOG (lattice-best-path[5.5]:main():lattice-best-path.cc:99) For utterance BAC009S0901W0264, best cost 61.5066 + -151.205 = -89.6979 over 269 frames.
LOG (lattice-best-path[5.5]:main():lattice-best-path.cc:99) For utterance BAC009S0901W0265, best cost 58.709 + -145.816 = -87.1065 over 284 frames.
LOG (lattice-best-path[5.5]:main():lattice-best-path.cc:99) For utterance BAC009S0901W0266, best cost 62.8178 + -159.199 = -96.381 over 286 frames.
LOG (lattice-best-path[5.5]:main():lattice-best-path.cc:99) For utterance BAC009S0901W0267, best cost 87.1344 + -264.431 = -177.296 over 449 frames.
LOG (lattice-best-path[5.5]:main():lattice-best-path.cc:99) For utterance BAC009S0901W0268, best cost 92.7005 + -210.508 = -117.807 over 393 frames.
LOG (lattice-best-path[5.5]:main():lattice-best-path.cc:99) For utterance BAC009S0901W0269, best cost 70.1871 + -161.685 = -91.4977 over 296 frames.
LOG (lattice-best-path[5.5]:main():lattice-best-path.cc:99) For utterance BAC009S0901W0270, best cost 57.793 + -177.973 = -120.18 over 322 frames.
LOG (lattice-best-path[5.5]:main():lattice-best-path.cc:99) For utterance BAC009S0901W0271, best cost 76.0105 + -177.621 = -101.61 over 332 frames.
LOG (lattice-best-path[5.5]:main():lattice-best-path.cc:99) For utterance BAC009S0901W0272, best cost 56.7909 + -149.505 = -92.7145 over 286 frames.
LOG (lattice-best-path[5.5]:main():lattice-best-path.cc:99) For utterance BAC009S0901W0273, best cost 74.7688 + -170.955 = -96.1863 over 306 frames.
LOG (lattice-best-path[5.5]:main():lattice-best-path.cc:99) For utterance BAC009S0901W0274, best cost 56.3134 + -174.784 = -118.471 over 316 frames.
LOG (lattice-best-path[5.5]:main():lattice-best-path.cc:99) For utterance BAC009S0901W0275, best cost 125.171 + -390.297 = -265.126 over 744 frames.
LOG (lattice-best-path[5.5]:main():lattice-best-path.cc:99) For utterance BAC009S0901W0276, best cost 80.92 + -176.142 = -95.2219 over 309 frames.
LOG (lattice-best-path[5.5]:main():lattice-best-path.cc:99) For utterance BAC009S0901W0277, best cost 88.5614 + -195.254 = -106.693 over 367 frames.
LOG (lattice-best-path[5.5]:main():lattice-best-path.cc:99) For utterance BAC009S0901W0278, best cost 93.6365 + -238.239 = -144.602 over 422 frames.
LOG (lattice-best-path[5.5]:main():lattice-best-path.cc:99) For utterance BAC009S0901W0279, best cost 92.4911 + -239.208 = -146.717 over 420 frames.
LOG (lattice-best-path[5.5]:main():lattice-best-path.cc:99) For utterance BAC009S0901W0280, best cost 83.7068 + -214.767 = -131.06 over 437 frames.
LOG (lattice-best-path[5.5]:main():lattice-best-path.cc:99) For utterance BAC009S0901W0281, best cost 100.603 + -321.43 = -220.827 over 580 frames.
LOG (lattice-best-path[5.5]:main():lattice-best-path.cc:99) For utterance BAC009S0901W0282, best cost 64.6074 + -147.706 = -83.0981 over 284 frames.
LOG (lattice-best-path[5.5]:main():lattice-best-path.cc:99) For utterance BAC009S0901W0283, best cost 76.0788 + -149.393 = -73.3146 over 302 frames.
LOG (lattice-best-path[5.5]:main():lattice-best-path.cc:99) For utterance BAC009S0901W0284, best cost 90.9483 + -228.483 = -137.534 over 430 frames.
LOG (lattice-best-path[5.5]:main():lattice-best-path.cc:99) For utterance BAC009S0901W0285, best cost 170.345 + -494.877 = -324.532 over 999 frames.
LOG (lattice-best-path[5.5]:main():lattice-best-path.cc:99) For utterance BAC009S0901W0286, best cost 89.5019 + -255.331 = -165.83 over 444 frames.
LOG (lattice-best-path[5.5]:main():lattice-best-path.cc:99) For utterance BAC009S0901W0287, best cost 88.2978 + -238.507 = -150.21 over 393 frames.
LOG (lattice-best-path[5.5]:main():lattice-best-path.cc:99) For utterance BAC009S0901W0288, best cost 116.624 + -533.064 = -416.44 over 1109 frames.
LOG (lattice-best-path[5.5]:main():lattice-best-path.cc:99) For utterance BAC009S0901W0289, best cost 93.3346 + -394.914 = -301.579 over 695 frames.
LOG (lattice-best-path[5.5]:main():lattice-best-path.cc:99) For utterance BAC009S0901W0290, best cost 126.659 + -339.181 = -212.522 over 585 frames.
LOG (lattice-best-path[5.5]:main():lattice-best-path.cc:99) For utterance BAC009S0901W0291, best cost 105.711 + -324.225 = -218.514 over 673 frames.
LOG (lattice-best-path[5.5]:main():lattice-best-path.cc:99) For utterance BAC009S0901W0292, best cost 60.9976 + -163.048 = -102.05 over 295 frames.
LOG (lattice-best-path[5.5]:main():lattice-best-path.cc:99) For utterance BAC009S0901W0293, best cost 63.3 + -175.656 = -112.356 over 331 frames.
LOG (lattice-best-path[5.5]:main():lattice-best-path.cc:99) For utterance BAC009S0901W0294, best cost 70.4003 + -230.696 = -160.295 over 427 frames.
LOG (lattice-best-path[5.5]:main():lattice-best-path.cc:99) For utterance BAC009S0901W0295, best cost 88.5532 + -243.534 = -154.981 over 439 frames.
LOG (lattice-best-path[5.5]:main():lattice-best-path.cc:99) For utterance BAC009S0901W0296, best cost 58.1097 + -161.06 = -102.95 over 284 frames.
LOG (lattice-best-path[5.5]:main():lattice-best-path.cc:99) For utterance BAC009S0901W0299, best cost 67.9929 + -193.442 = -125.449 over 340 frames.
LOG (lattice-best-path[5.5]:main():lattice-best-path.cc:99) For utterance BAC009S0901W0300, best cost 62.9934 + -151.033 = -88.0399 over 319 frames.
LOG (lattice-best-path[5.5]:main():lattice-best-path.cc:99) For utterance BAC009S0901W0301, best cost 93.7361 + -262.131 = -168.395 over 517 frames.
LOG (lattice-best-path[5.5]:main():lattice-best-path.cc:99) For utterance BAC009S0901W0302, best cost 112.745 + -404.18 = -291.435 over 653 frames.
LOG (lattice-best-path[5.5]:main():lattice-best-path.cc:99) For utterance BAC009S0901W0303, best cost 71.174 + -227.972 = -156.798 over 404 frames.
LOG (lattice-best-path[5.5]:main():lattice-best-path.cc:99) For utterance BAC009S0901W0304, best cost 71.4544 + -194.825 = -123.371 over 337 frames.
LOG (lattice-best-path[5.5]:main():lattice-best-path.cc:99) For utterance BAC009S0901W0305, best cost 77.3446 + -229.537 = -152.193 over 453 frames.
LOG (lattice-best-path[5.5]:main():lattice-best-path.cc:99) For utterance BAC009S0901W0306, best cost 68.3109 + -212.806 = -144.495 over 376 frames.
LOG (lattice-best-path[5.5]:main():lattice-best-path.cc:99) For utterance BAC009S0901W0307, best cost 100.111 + -280.088 = -179.977 over 490 frames.
LOG (lattice-best-path[5.5]:main():lattice-best-path.cc:99) For utterance BAC009S0901W0308, best cost 143.564 + -331.63 = -188.066 over 598 frames.
LOG (lattice-best-path[5.5]:main():lattice-best-path.cc:99) For utterance BAC009S0901W0309, best cost 108.833 + -227.625 = -118.792 over 429 frames.
LOG (lattice-best-path[5.5]:main():lattice-best-path.cc:99) For utterance BAC009S0901W0310, best cost 82.2394 + -207.777 = -125.537 over 360 frames.
LOG (lattice-best-path[5.5]:main():lattice-best-path.cc:99) For utterance BAC009S0901W0311, best cost 90.7096 + -211.926 = -121.217 over 386 frames.
LOG (lattice-best-path[5.5]:main():lattice-best-path.cc:99) For utterance BAC009S0901W0312, best cost 65.0447 + -235.743 = -170.698 over 473 frames.
LOG (lattice-best-path[5.5]:main():lattice-best-path.cc:99) For utterance BAC009S0901W0313, best cost 110.883 + -299.535 = -188.652 over 513 frames.
LOG (lattice-best-path[5.5]:main():lattice-best-path.cc:99) For utterance BAC009S0901W0314, best cost 54.8545 + -201.739 = -146.884 over 389 frames.
LOG (lattice-best-path[5.5]:main():lattice-best-path.cc:99) For utterance BAC009S0901W0315, best cost 130.565 + -377.701 = -247.135 over 661 frames.
LOG (lattice-best-path[5.5]:main():lattice-best-path.cc:99) For utterance BAC009S0901W0316, best cost 122.97 + -314.197 = -191.227 over 586 frames.
LOG (lattice-best-path[5.5]:main():lattice-best-path.cc:99) For utterance BAC009S0901W0317, best cost 100.217 + -289.797 = -189.581 over 512 frames.
LOG (lattice-best-path[5.5]:main():lattice-best-path.cc:99) For utterance BAC009S0901W0318, best cost 90.7289 + -339.565 = -248.837 over 764 frames.
LOG (lattice-best-path[5.5]:main():lattice-best-path.cc:99) For utterance BAC009S0901W0319, best cost 125.753 + -441.09 = -315.337 over 821 frames.
LOG (lattice-best-path[5.5]:main():lattice-best-path.cc:99) For utterance BAC009S0901W0320, best cost 114.732 + -360.384 = -245.652 over 667 frames.
LOG (lattice-best-path[5.5]:main():lattice-best-path.cc:99) For utterance BAC009S0901W0321, best cost 69.9371 + -154.192 = -84.2553 over 278 frames.
LOG (lattice-best-path[5.5]:main():lattice-best-path.cc:99) For utterance BAC009S0901W0322, best cost 87.0394 + -188.682 = -101.642 over 344 frames.
LOG (lattice-best-path[5.5]:main():lattice-best-path.cc:99) For utterance BAC009S0901W0323, best cost 103.577 + -275.333 = -171.755 over 497 frames.
LOG (lattice-best-path[5.5]:main():lattice-best-path.cc:99) For utterance BAC009S0901W0324, best cost 118.395 + -364.063 = -245.668 over 668 frames.
LOG (lattice-best-path[5.5]:main():lattice-best-path.cc:99) For utterance BAC009S0901W0325, best cost 62.3076 + -154.169 = -91.8612 over 281 frames.
LOG (lattice-best-path[5.5]:main():lattice-best-path.cc:99) For utterance BAC009S0901W0326, best cost 45.1537 + -160.44 = -115.286 over 291 frames.
LOG (lattice-best-path[5.5]:main():lattice-best-path.cc:99) For utterance BAC009S0901W0327, best cost 134.456 + -368.957 = -234.501 over 632 frames.
LOG (lattice-best-path[5.5]:main():lattice-best-path.cc:99) For utterance BAC009S0901W0328, best cost 138.18 + -364.214 = -226.034 over 612 frames.
LOG (lattice-best-path[5.5]:main():lattice-best-path.cc:99) For utterance BAC009S0901W0329, best cost 70.0262 + -184.517 = -114.491 over 317 frames.
LOG (lattice-best-path[5.5]:main():lattice-best-path.cc:99) For utterance BAC009S0901W0330, best cost 130.901 + -344.913 = -214.012 over 572 frames.
LOG (lattice-best-path[5.5]:main():lattice-best-path.cc:99) For utterance BAC009S0901W0332, best cost 69.4865 + -184.741 = -115.254 over 373 frames.
LOG (lattice-best-path[5.5]:main():lattice-best-path.cc:99) For utterance BAC009S0901W0333, best cost 112.282 + -336.225 = -223.943 over 596 frames.
LOG (lattice-best-path[5.5]:main():lattice-best-path.cc:99) For utterance BAC009S0901W0334, best cost 64.3169 + -212.534 = -148.218 over 370 frames.
LOG (lattice-best-path[5.5]:main():lattice-best-path.cc:99) For utterance BAC009S0901W0335, best cost 101.495 + -294.62 = -193.125 over 503 frames.
LOG (lattice-best-path[5.5]:main():lattice-best-path.cc:99) For utterance BAC009S0901W0336, best cost 67.9795 + -189.919 = -121.94 over 332 frames.
LOG (lattice-best-path[5.5]:main():lattice-best-path.cc:99) For utterance BAC009S0901W0337, best cost 109.544 + -337.836 = -228.292 over 626 frames.
LOG (lattice-best-path[5.5]:main():lattice-best-path.cc:99) For utterance BAC009S0901W0338, best cost 121.954 + -295.275 = -173.321 over 534 frames.
LOG (lattice-best-path[5.5]:main():lattice-best-path.cc:99) For utterance BAC009S0901W0339, best cost 61.0489 + -162.189 = -101.14 over 315 frames.
LOG (lattice-best-path[5.5]:main():lattice-best-path.cc:99) For utterance BAC009S0901W0340, best cost 108.636 + -253.423 = -144.786 over 450 frames.
LOG (lattice-best-path[5.5]:main():lattice-best-path.cc:99) For utterance BAC009S0901W0341, best cost 69.5786 + -162.14 = -92.5613 over 317 frames.
LOG (lattice-best-path[5.5]:main():lattice-best-path.cc:99) For utterance BAC009S0901W0342, best cost 71.4333 + -232.961 = -161.528 over 392 frames.
LOG (lattice-best-path[5.5]:main():lattice-best-path.cc:99) For utterance BAC009S0901W0343, best cost 33.4864 + -154.448 = -120.962 over 262 frames.
LOG (lattice-best-path[5.5]:main():lattice-best-path.cc:99) For utterance BAC009S0901W0344, best cost 92.1527 + -228.48 = -136.327 over 397 frames.
LOG (lattice-best-path[5.5]:main():lattice-best-path.cc:99) For utterance BAC009S0901W0345, best cost 108.498 + -281.468 = -172.97 over 545 frames.
LOG (lattice-best-path[5.5]:main():lattice-best-path.cc:99) For utterance BAC009S0901W0346, best cost 112.713 + -329.658 = -216.945 over 538 frames.
LOG (lattice-best-path[5.5]:main():lattice-best-path.cc:99) For utterance BAC009S0901W0347, best cost 81.2995 + -224.46 = -143.161 over 460 frames.
LOG (lattice-best-path[5.5]:main():lattice-best-path.cc:99) For utterance BAC009S0901W0348, best cost 57.257 + -160.209 = -102.952 over 282 frames.
LOG (lattice-best-path[5.5]:main():lattice-best-path.cc:99) For utterance BAC009S0901W0349, best cost 91.3313 + -194.25 = -102.919 over 385 frames.
LOG (lattice-best-path[5.5]:main():lattice-best-path.cc:99) For utterance BAC009S0901W0350, best cost 64.7666 + -152.04 = -87.2734 over 311 frames.
LOG (lattice-best-path[5.5]:main():lattice-best-path.cc:99) For utterance BAC009S0901W0351, best cost 125.877 + -322.228 = -196.352 over 536 frames.
LOG (lattice-best-path[5.5]:main():lattice-best-path.cc:99) For utterance BAC009S0901W0352, best cost 109.309 + -273.957 = -164.648 over 555 frames.
LOG (lattice-best-path[5.5]:main():lattice-best-path.cc:99) For utterance BAC009S0901W0353, best cost 78.3762 + -194.2 = -115.824 over 351 frames.
LOG (lattice-best-path[5.5]:main():lattice-best-path.cc:99) For utterance BAC009S0901W0354, best cost 74.9746 + -163.483 = -88.5082 over 308 frames.
LOG (lattice-best-path[5.5]:main():lattice-best-path.cc:99) For utterance BAC009S0901W0355, best cost 108.129 + -251.376 = -143.247 over 487 frames.
LOG (lattice-best-path[5.5]:main():lattice-best-path.cc:99) For utterance BAC009S0901W0356, best cost 80.9778 + -181.696 = -100.719 over 329 frames.
LOG (lattice-best-path[5.5]:main():lattice-best-path.cc:99) For utterance BAC009S0901W0357, best cost 91.6011 + -223.494 = -131.893 over 418 frames.
LOG (lattice-best-path[5.5]:main():lattice-best-path.cc:99) For utterance BAC009S0901W0358, best cost 114.657 + -292.264 = -177.608 over 509 frames.
LOG (lattice-best-path[5.5]:main():lattice-best-path.cc:99) For utterance BAC009S0901W0359, best cost 137.11 + -368.367 = -231.257 over 649 frames.
LOG (lattice-best-path[5.5]:main():lattice-best-path.cc:99) For utterance BAC009S0901W0360, best cost 64.8208 + -167.289 = -102.468 over 297 frames.
LOG (lattice-best-path[5.5]:main():lattice-best-path.cc:99) For utterance BAC009S0901W0361, best cost 120.937 + -295.28 = -174.344 over 520 frames.
LOG (lattice-best-path[5.5]:main():lattice-best-path.cc:99) For utterance BAC009S0901W0362, best cost 151.484 + -355.574 = -204.09 over 617 frames.
LOG (lattice-best-path[5.5]:main():lattice-best-path.cc:99) For utterance BAC009S0901W0363, best cost 140.237 + -405.998 = -265.762 over 739 frames.
LOG (lattice-best-path[5.5]:main():lattice-best-path.cc:99) For utterance BAC009S0901W0364, best cost 86.5343 + -168.496 = -81.9613 over 315 frames.
LOG (lattice-best-path[5.5]:main():lattice-best-path.cc:99) For utterance BAC009S0901W0365, best cost 146.429 + -386.016 = -239.587 over 656 frames.
LOG (lattice-best-path[5.5]:main():lattice-best-path.cc:99) For utterance BAC009S0901W0367, best cost 56.3032 + -143.981 = -87.6776 over 270 frames.
LOG (lattice-best-path[5.5]:main():lattice-best-path.cc:99) For utterance BAC009S0901W0368, best cost 124.144 + -328.731 = -204.587 over 588 frames.
LOG (lattice-best-path[5.5]:main():lattice-best-path.cc:99) For utterance BAC009S0901W0369, best cost 141.713 + -302.13 = -160.418 over 563 frames.
LOG (lattice-best-path[5.5]:main():lattice-best-path.cc:99) For utterance BAC009S0901W0370, best cost 73.7129 + -213.7 = -139.987 over 362 frames.
LOG (lattice-best-path[5.5]:main():lattice-best-path.cc:99) For utterance BAC009S0901W0372, best cost 137.999 + -362.911 = -224.912 over 701 frames.
LOG (lattice-best-path[5.5]:main():lattice-best-path.cc:99) For utterance BAC009S0901W0373, best cost 44.6272 + -168.043 = -123.416 over 314 frames.
LOG (lattice-best-path[5.5]:main():lattice-best-path.cc:99) For utterance BAC009S0901W0374, best cost 72.4687 + -192.672 = -120.203 over 326 frames.
LOG (lattice-best-path[5.5]:main():lattice-best-path.cc:99) For utterance BAC009S0901W0375, best cost 96.2302 + -239.239 = -143.009 over 445 frames.
LOG (lattice-best-path[5.5]:main():lattice-best-path.cc:99) For utterance BAC009S0901W0376, best cost 160.269 + -372.891 = -212.623 over 645 frames.
LOG (lattice-best-path[5.5]:main():lattice-best-path.cc:99) For utterance BAC009S0901W0377, best cost 112.965 + -282.273 = -169.308 over 472 frames.
LOG (lattice-best-path[5.5]:main():lattice-best-path.cc:99) For utterance BAC009S0901W0378, best cost 72.6943 + -192.137 = -119.442 over 339 frames.
LOG (lattice-best-path[5.5]:main():lattice-best-path.cc:99) For utterance BAC009S0901W0379, best cost 121.02 + -274.478 = -153.458 over 486 frames.
LOG (lattice-best-path[5.5]:main():lattice-best-path.cc:99) For utterance BAC009S0901W0380, best cost 88.4997 + -232.607 = -144.108 over 461 frames.
LOG (lattice-best-path[5.5]:main():lattice-best-path.cc:99) For utterance BAC009S0901W0381, best cost 43.5364 + -149.455 = -105.919 over 383 frames.
LOG (lattice-best-path[5.5]:main():lattice-best-path.cc:99) For utterance BAC009S0901W0382, best cost 80.2176 + -178.365 = -98.1475 over 329 frames.
LOG (lattice-best-path[5.5]:main():lattice-best-path.cc:99) For utterance BAC009S0901W0383, best cost 68.3961 + -208.959 = -140.563 over 399 frames.
LOG (lattice-best-path[5.5]:main():lattice-best-path.cc:99) For utterance BAC009S0901W0384, best cost 83.284 + -208.926 = -125.642 over 379 frames.
LOG (lattice-best-path[5.5]:main():lattice-best-path.cc:99) For utterance BAC009S0901W0385, best cost 97.9471 + -207.084 = -109.137 over 383 frames.
LOG (lattice-best-path[5.5]:main():lattice-best-path.cc:99) For utterance BAC009S0901W0386, best cost 116.068 + -308.33 = -192.262 over 567 frames.
LOG (lattice-best-path[5.5]:main():lattice-best-path.cc:99) For utterance BAC009S0901W0387, best cost 170.226 + -426.19 = -255.965 over 738 frames.
LOG (lattice-best-path[5.5]:main():lattice-best-path.cc:99) For utterance BAC009S0901W0388, best cost 69.5769 + -191.645 = -122.068 over 330 frames.
LOG (lattice-best-path[5.5]:main():lattice-best-path.cc:99) For utterance BAC009S0901W0389, best cost 141.837 + -330.556 = -188.719 over 581 frames.
LOG (lattice-best-path[5.5]:main():lattice-best-path.cc:99) For utterance BAC009S0901W0390, best cost 86.3988 + -206.986 = -120.588 over 368 frames.
LOG (lattice-best-path[5.5]:main():lattice-best-path.cc:99) For utterance BAC009S0901W0391, best cost 86.8393 + -235.344 = -148.505 over 434 frames.
LOG (lattice-best-path[5.5]:main():lattice-best-path.cc:99) For utterance BAC009S0901W0392, best cost 62.4659 + -149.283 = -86.8176 over 270 frames.
LOG (lattice-best-path[5.5]:main():lattice-best-path.cc:99) For utterance BAC009S0901W0393, best cost 86.3088 + -211.349 = -125.041 over 361 frames.
LOG (lattice-best-path[5.5]:main():lattice-best-path.cc:99) For utterance BAC009S0901W0394, best cost 71.3686 + -217.879 = -146.51 over 382 frames.
LOG (lattice-best-path[5.5]:main():lattice-best-path.cc:99) For utterance BAC009S0901W0395, best cost 92.2103 + -230.964 = -138.753 over 409 frames.
LOG (lattice-best-path[5.5]:main():lattice-best-path.cc:99) For utterance BAC009S0901W0396, best cost 109.877 + -241.183 = -131.306 over 413 frames.
LOG (lattice-best-path[5.5]:main():lattice-best-path.cc:99) For utterance BAC009S0901W0397, best cost 132.865 + -324.716 = -191.851 over 599 frames.
LOG (lattice-best-path[5.5]:main():lattice-best-path.cc:99) For utterance BAC009S0901W0398, best cost 84.9808 + -206.229 = -121.248 over 363 frames.
LOG (lattice-best-path[5.5]:main():lattice-best-path.cc:99) For utterance BAC009S0901W0399, best cost 106.92 + -227.694 = -120.774 over 414 frames.
LOG (lattice-best-path[5.5]:main():lattice-best-path.cc:99) For utterance BAC009S0901W0400, best cost 79.6276 + -172.414 = -92.7861 over 303 frames.
LOG (lattice-best-path[5.5]:main():lattice-best-path.cc:99) For utterance BAC009S0901W0401, best cost 83.075 + -166.039 = -82.9639 over 326 frames.
LOG (lattice-best-path[5.5]:main():lattice-best-path.cc:99) For utterance BAC009S0901W0402, best cost 63.5386 + -218.518 = -154.98 over 381 frames.
LOG (lattice-best-path[5.5]:main():lattice-best-path.cc:99) For utterance BAC009S0901W0403, best cost 118.248 + -261.871 = -143.623 over 489 frames.
LOG (lattice-best-path[5.5]:main():lattice-best-path.cc:99) For utterance BAC009S0901W0404, best cost 104.057 + -230.936 = -126.879 over 414 frames.
LOG (lattice-best-path[5.5]:main():lattice-best-path.cc:99) For utterance BAC009S0901W0405, best cost 140.896 + -347.332 = -206.436 over 678 frames.
LOG (lattice-best-path[5.5]:main():lattice-best-path.cc:99) For utterance BAC009S0901W0406, best cost 133.773 + -316.189 = -182.415 over 585 frames.
LOG (lattice-best-path[5.5]:main():lattice-best-path.cc:99) For utterance BAC009S0901W0407, best cost 27.2285 + -90.7662 = -63.5377 over 193 frames.
LOG (lattice-best-path[5.5]:main():lattice-best-path.cc:99) For utterance BAC009S0901W0408, best cost 71.933 + -247.953 = -176.02 over 438 frames.
LOG (lattice-best-path[5.5]:main():lattice-best-path.cc:99) For utterance BAC009S0901W0409, best cost 47.7315 + -230.573 = -182.841 over 443 frames.
LOG (lattice-best-path[5.5]:main():lattice-best-path.cc:99) For utterance BAC009S0901W0410, best cost 74.919 + -249.101 = -174.182 over 461 frames.
LOG (lattice-best-path[5.5]:main():lattice-best-path.cc:99) For utterance BAC009S0901W0411, best cost 152.492 + -320.472 = -167.98 over 554 frames.
LOG (lattice-best-path[5.5]:main():lattice-best-path.cc:99) For utterance BAC009S0901W0412, best cost 63.4545 + -121.234 = -57.7796 over 245 frames.
LOG (lattice-best-path[5.5]:main():lattice-best-path.cc:99) For utterance BAC009S0901W0413, best cost 43.7819 + -144.795 = -101.013 over 290 frames.
LOG (lattice-best-path[5.5]:main():lattice-best-path.cc:99) For utterance BAC009S0901W0414, best cost 48.8302 + -167.85 = -119.02 over 301 frames.
LOG (lattice-best-path[5.5]:main():lattice-best-path.cc:99) For utterance BAC009S0901W0415, best cost 71.4112 + -203.9 = -132.489 over 356 frames.
LOG (lattice-best-path[5.5]:main():lattice-best-path.cc:99) For utterance BAC009S0901W0416, best cost 110.505 + -262.277 = -151.772 over 503 frames.
LOG (lattice-best-path[5.5]:main():lattice-best-path.cc:99) For utterance BAC009S0901W0417, best cost 92.1346 + -266.285 = -174.15 over 467 frames.
LOG (lattice-best-path[5.5]:main():lattice-best-path.cc:99) For utterance BAC009S0901W0418, best cost 50.9591 + -111.479 = -60.5199 over 223 frames.
LOG (lattice-best-path[5.5]:main():lattice-best-path.cc:99) For utterance BAC009S0901W0419, best cost 41.9945 + -110.706 = -68.7114 over 233 frames.
LOG (lattice-best-path[5.5]:main():lattice-best-path.cc:99) For utterance BAC009S0901W0420, best cost 32.5885 + -233.369 = -200.78 over 386 frames.
LOG (lattice-best-path[5.5]:main():lattice-best-path.cc:99) For utterance BAC009S0901W0421, best cost 71.271 + -174.865 = -103.594 over 324 frames.
LOG (lattice-best-path[5.5]:main():lattice-best-path.cc:99) For utterance BAC009S0901W0422, best cost 55.0536 + -157.61 = -102.556 over 304 frames.
LOG (lattice-best-path[5.5]:main():lattice-best-path.cc:99) For utterance BAC009S0901W0423, best cost 65.6539 + -208.115 = -142.461 over 347 frames.
LOG (lattice-best-path[5.5]:main():lattice-best-path.cc:99) For utterance BAC009S0901W0424, best cost 84.6517 + -179.325 = -94.6728 over 338 frames.
LOG (lattice-best-path[5.5]:main():lattice-best-path.cc:99) For utterance BAC009S0901W0425, best cost 71.834 + -153.621 = -81.7874 over 322 frames.
LOG (lattice-best-path[5.5]:main():lattice-best-path.cc:99) For utterance BAC009S0901W0426, best cost 31.9881 + -205.075 = -173.087 over 341 frames.
LOG (lattice-best-path[5.5]:main():lattice-best-path.cc:99) For utterance BAC009S0901W0427, best cost 94.0406 + -204.792 = -110.751 over 364 frames.
LOG (lattice-best-path[5.5]:main():lattice-best-path.cc:99) For utterance BAC009S0901W0428, best cost 132.945 + -316.077 = -183.133 over 590 frames.
LOG (lattice-best-path[5.5]:main():lattice-best-path.cc:99) For utterance BAC009S0901W0429, best cost 64.6992 + -178.498 = -113.799 over 320 frames.
LOG (lattice-best-path[5.5]:main():lattice-best-path.cc:99) For utterance BAC009S0901W0430, best cost 108.594 + -233.662 = -125.068 over 422 frames.
LOG (lattice-best-path[5.5]:main():lattice-best-path.cc:99) For utterance BAC009S0901W0431, best cost 143.291 + -372.632 = -229.341 over 690 frames.
LOG (lattice-best-path[5.5]:main():lattice-best-path.cc:99) For utterance BAC009S0901W0432, best cost 101.228 + -272.153 = -170.926 over 535 frames.
LOG (lattice-best-path[5.5]:main():lattice-best-path.cc:99) For utterance BAC009S0901W0433, best cost 70.7486 + -184.373 = -113.624 over 392 frames.
LOG (lattice-best-path[5.5]:main():lattice-best-path.cc:99) For utterance BAC009S0901W0434, best cost 159.591 + -407.802 = -248.211 over 750 frames.
LOG (lattice-best-path[5.5]:main():lattice-best-path.cc:99) For utterance BAC009S0901W0435, best cost 130.649 + -357.759 = -227.11 over 676 frames.
LOG (lattice-best-path[5.5]:main():lattice-best-path.cc:99) For utterance BAC009S0901W0436, best cost 50.1428 + -175.141 = -124.998 over 354 frames.
LOG (lattice-best-path[5.5]:main():lattice-best-path.cc:99) For utterance BAC009S0901W0437, best cost 129.201 + -331.968 = -202.767 over 542 frames.
LOG (lattice-best-path[5.5]:main():lattice-best-path.cc:99) For utterance BAC009S0901W0438, best cost 115.051 + -320.009 = -204.958 over 572 frames.
LOG (lattice-best-path[5.5]:main():lattice-best-path.cc:99) For utterance BAC009S0901W0439, best cost 41.9214 + -174.56 = -132.639 over 304 frames.
LOG (lattice-best-path[5.5]:main():lattice-best-path.cc:99) For utterance BAC009S0901W0440, best cost 90.1295 + -241.598 = -151.468 over 406 frames.
LOG (lattice-best-path[5.5]:main():lattice-best-path.cc:99) For utterance BAC009S0901W0441, best cost 77.9886 + -156.571 = -78.5827 over 296 frames.
LOG (lattice-best-path[5.5]:main():lattice-best-path.cc:99) For utterance BAC009S0901W0442, best cost 131.786 + -350.594 = -218.808 over 757 frames.
LOG (lattice-best-path[5.5]:main():lattice-best-path.cc:99) For utterance BAC009S0901W0443, best cost 164.58 + -382.908 = -218.327 over 689 frames.
LOG (lattice-best-path[5.5]:main():lattice-best-path.cc:99) For utterance BAC009S0901W0444, best cost 75.9021 + -168.426 = -92.5236 over 338 frames.
LOG (lattice-best-path[5.5]:main():lattice-best-path.cc:99) For utterance BAC009S0901W0445, best cost 73.2584 + -160.692 = -87.4337 over 322 frames.
LOG (lattice-best-path[5.5]:main():lattice-best-path.cc:99) For utterance BAC009S0901W0446, best cost 119.558 + -282.988 = -163.43 over 496 frames.
LOG (lattice-best-path[5.5]:main():lattice-best-path.cc:99) For utterance BAC009S0901W0447, best cost 53.0099 + -145.88 = -92.8699 over 262 frames.
LOG (lattice-best-path[5.5]:main():lattice-best-path.cc:99) For utterance BAC009S0901W0448, best cost 75.2391 + -206.092 = -130.853 over 367 frames.
LOG (lattice-best-path[5.5]:main():lattice-best-path.cc:99) For utterance BAC009S0901W0449, best cost 86.0347 + -238.201 = -152.166 over 439 frames.
LOG (lattice-best-path[5.5]:main():lattice-best-path.cc:99) For utterance BAC009S0901W0450, best cost 188.044 + -498.863 = -310.819 over 1008 frames.
LOG (lattice-best-path[5.5]:main():lattice-best-path.cc:99) For utterance BAC009S0901W0451, best cost 138.765 + -320.672 = -181.907 over 582 frames.
LOG (lattice-best-path[5.5]:main():lattice-best-path.cc:99) For utterance BAC009S0901W0452, best cost 167.708 + -386.568 = -218.861 over 733 frames.
LOG (lattice-best-path[5.5]:main():lattice-best-path.cc:99) For utterance BAC009S0901W0453, best cost 68.718 + -175.229 = -106.511 over 330 frames.
LOG (lattice-best-path[5.5]:main():lattice-best-path.cc:99) For utterance BAC009S0901W0454, best cost 53.0631 + -154.552 = -101.489 over 293 frames.
LOG (lattice-best-path[5.5]:main():lattice-best-path.cc:99) For utterance BAC009S0901W0455, best cost 83.1663 + -246.235 = -163.068 over 551 frames.
LOG (lattice-best-path[5.5]:main():lattice-best-path.cc:99) For utterance BAC009S0901W0456, best cost 181.353 + -411.071 = -229.719 over 766 frames.
LOG (lattice-best-path[5.5]:main():lattice-best-path.cc:99) For utterance BAC009S0901W0457, best cost 59.935 + -207.008 = -147.073 over 381 frames.
LOG (lattice-best-path[5.5]:main():lattice-best-path.cc:99) For utterance BAC009S0901W0458, best cost 65.4849 + -213.53 = -148.045 over 384 frames.
LOG (lattice-best-path[5.5]:main():lattice-best-path.cc:99) For utterance BAC009S0901W0459, best cost 95.9639 + -277.312 = -181.348 over 521 frames.
LOG (lattice-best-path[5.5]:main():lattice-best-path.cc:99) For utterance BAC009S0901W0460, best cost 142.848 + -360.896 = -218.048 over 614 frames.
LOG (lattice-best-path[5.5]:main():lattice-best-path.cc:99) For utterance BAC009S0901W0461, best cost 78.7042 + -158.09 = -79.3854 over 273 frames.
LOG (lattice-best-path[5.5]:main():lattice-best-path.cc:99) For utterance BAC009S0901W0462, best cost 163.286 + -381.48 = -218.194 over 679 frames.
LOG (lattice-best-path[5.5]:main():lattice-best-path.cc:99) For utterance BAC009S0901W0463, best cost 174.727 + -486.486 = -311.759 over 916 frames.
LOG (lattice-best-path[5.5]:main():lattice-best-path.cc:99) For utterance BAC009S0901W0464, best cost 147.052 + -351.607 = -204.555 over 601 frames.
LOG (lattice-best-path[5.5]:main():lattice-best-path.cc:99) For utterance BAC009S0901W0465, best cost 155.559 + -453.55 = -297.992 over 908 frames.
LOG (lattice-best-path[5.5]:main():lattice-best-path.cc:99) For utterance BAC009S0901W0466, best cost 89.6345 + -291.64 = -202.005 over 671 frames.
LOG (lattice-best-path[5.5]:main():lattice-best-path.cc:99) For utterance BAC009S0901W0467, best cost 151.767 + -380.145 = -228.378 over 655 frames.
LOG (lattice-best-path[5.5]:main():lattice-best-path.cc:99) For utterance BAC009S0901W0468, best cost 62.438 + -149.471 = -87.0335 over 266 frames.
LOG (lattice-best-path[5.5]:main():lattice-best-path.cc:99) For utterance BAC009S0901W0469, best cost 79.4341 + -164.494 = -85.0603 over 304 frames.
LOG (lattice-best-path[5.5]:main():lattice-best-path.cc:99) For utterance BAC009S0901W0470, best cost 78.599 + -179.71 = -101.111 over 321 frames.
LOG (lattice-best-path[5.5]:main():lattice-best-path.cc:99) For utterance BAC009S0901W0471, best cost 47.636 + -148.633 = -100.997 over 269 frames.
LOG (lattice-best-path[5.5]:main():lattice-best-path.cc:99) For utterance BAC009S0901W0472, best cost 92.5144 + -255.693 = -163.178 over 555 frames.
LOG (lattice-best-path[5.5]:main():lattice-best-path.cc:99) For utterance BAC009S0901W0473, best cost 97.6187 + -264.874 = -167.255 over 440 frames.
LOG (lattice-best-path[5.5]:main():lattice-best-path.cc:99) For utterance BAC009S0901W0474, best cost 147.878 + -398.631 = -250.753 over 714 frames.
LOG (lattice-best-path[5.5]:main():lattice-best-path.cc:99) For utterance BAC009S0901W0475, best cost 86.8542 + -220.916 = -134.061 over 388 frames.
LOG (lattice-best-path[5.5]:main():lattice-best-path.cc:99) For utterance BAC009S0901W0476, best cost 144.539 + -370.025 = -225.486 over 616 frames.
LOG (lattice-best-path[5.5]:main():lattice-best-path.cc:99) For utterance BAC009S0901W0477, best cost 197.954 + -533.792 = -335.838 over 1062 frames.
LOG (lattice-best-path[5.5]:main():lattice-best-path.cc:99) For utterance BAC009S0901W0478, best cost 125.626 + -307.065 = -181.439 over 534 frames.
LOG (lattice-best-path[5.5]:main():lattice-best-path.cc:99) For utterance BAC009S0901W0479, best cost 187.67 + -487.122 = -299.452 over 959 frames.
LOG (lattice-best-path[5.5]:main():lattice-best-path.cc:99) For utterance BAC009S0901W0480, best cost 128.377 + -326.454 = -198.077 over 609 frames.
LOG (lattice-best-path[5.5]:main():lattice-best-path.cc:99) For utterance BAC009S0901W0481, best cost 141.105 + -449.22 = -308.114 over 897 frames.
LOG (lattice-best-path[5.5]:main():lattice-best-path.cc:99) For utterance BAC009S0901W0482, best cost 121.218 + -304.209 = -182.991 over 529 frames.
LOG (lattice-best-path[5.5]:main():lattice-best-path.cc:99) For utterance BAC009S0901W0483, best cost 141.661 + -328.021 = -186.36 over 570 frames.
LOG (lattice-best-path[5.5]:main():lattice-best-path.cc:99) For utterance BAC009S0901W0484, best cost 78.4485 + -228.498 = -150.05 over 467 frames.
LOG (lattice-best-path[5.5]:main():lattice-best-path.cc:99) For utterance BAC009S0901W0485, best cost 181.891 + -471.452 = -289.561 over 876 frames.
LOG (lattice-best-path[5.5]:main():lattice-best-path.cc:99) For utterance BAC009S0901W0486, best cost 125.209 + -303.308 = -178.1 over 562 frames.
LOG (lattice-best-path[5.5]:main():lattice-best-path.cc:99) For utterance BAC009S0901W0487, best cost 119.011 + -287.613 = -168.603 over 487 frames.
LOG (lattice-best-path[5.5]:main():lattice-best-path.cc:99) For utterance BAC009S0901W0488, best cost 117.281 + -267.208 = -149.927 over 452 frames.
LOG (lattice-best-path[5.5]:main():lattice-best-path.cc:99) For utterance BAC009S0901W0489, best cost 92.8969 + -232.523 = -139.626 over 408 frames.
LOG (lattice-best-path[5.5]:main():lattice-best-path.cc:99) For utterance BAC009S0901W0490, best cost 143.136 + -357.38 = -214.244 over 616 frames.
LOG (lattice-best-path[5.5]:main():lattice-best-path.cc:99) For utterance BAC009S0901W0491, best cost 117.935 + -285.307 = -167.372 over 499 frames.
LOG (lattice-best-path[5.5]:main():lattice-best-path.cc:99) For utterance BAC009S0901W0492, best cost 138.632 + -419.432 = -280.8 over 745 frames.
LOG (lattice-best-path[5.5]:main():lattice-best-path.cc:99) For utterance BAC009S0901W0493, best cost 102.135 + -255.274 = -153.139 over 440 frames.
LOG (lattice-best-path[5.5]:main():lattice-best-path.cc:99) For utterance BAC009S0901W0494, best cost 78.7467 + -180.376 = -101.629 over 338 frames.
LOG (lattice-depth-per-frame[5.5]:main():lattice-depth-per-frame.cc:82) Done 368 lattices.
LOG (lattice-best-path[5.5]:main():lattice-best-path.cc:99) For utterance BAC009S0901W0495, best cost 98.9849 + -220.217 = -121.232 over 401 frames.
LOG (lattice-best-path[5.5]:main():lattice-best-path.cc:124) Overall cost per frame is -0.353103 = 0.194047 [graph] + -0.547151 [acoustic] over 172583 frames.
LOG (lattice-best-path[5.5]:main():lattice-best-path.cc:128) Done 368 lattices, failed for 0
# Accounting: time=2 threads=1
# Ended (code 0) at Sat Jun 18 23:01:52 CST 2022, elapsed time 2 seconds
