# lattice-depth-per-frame "ark:gunzip -c exp/nnet3/new_dnn_sp/decode_test/lat.2.gz|" "ark,t:|gzip -c > exp/nnet3/new_dnn_sp/decode_test/depth_tmp.2.gz" ark:- | lattice-best-path --acoustic-scale=0.1 ark:- ark:/dev/null "ark,t:|gzip -c >exp/nnet3/new_dnn_sp/decode_test/ali_tmp.2.gz" 
# Started at Sat Jun 18 23:01:50 CST 2022
#
lattice-depth-per-frame 'ark:gunzip -c exp/nnet3/new_dnn_sp/decode_test/lat.2.gz|' 'ark,t:|gzip -c > exp/nnet3/new_dnn_sp/decode_test/depth_tmp.2.gz' ark:- 
lattice-best-path --acoustic-scale=0.1 ark:- ark:/dev/null 'ark,t:|gzip -c >exp/nnet3/new_dnn_sp/decode_test/ali_tmp.2.gz' 
LOG (lattice-best-path[5.5]:main():lattice-best-path.cc:99) For utterance BAC009S0765W0121, best cost 44.3471 + -171.523 = -127.176 over 307 frames.
LOG (lattice-best-path[5.5]:main():lattice-best-path.cc:99) For utterance BAC009S0765W0122, best cost 120.934 + -318.923 = -197.99 over 523 frames.
LOG (lattice-best-path[5.5]:main():lattice-best-path.cc:99) For utterance BAC009S0765W0123, best cost 68.6929 + -199.744 = -131.051 over 328 frames.
LOG (lattice-best-path[5.5]:main():lattice-best-path.cc:99) For utterance BAC009S0765W0124, best cost 106.748 + -352.743 = -245.995 over 569 frames.
LOG (lattice-best-path[5.5]:main():lattice-best-path.cc:99) For utterance BAC009S0765W0125, best cost 92.749 + -226.272 = -133.523 over 365 frames.
LOG (lattice-best-path[5.5]:main():lattice-best-path.cc:99) For utterance BAC009S0765W0126, best cost 133.688 + -304.612 = -170.923 over 529 frames.
LOG (lattice-best-path[5.5]:main():lattice-best-path.cc:99) For utterance BAC009S0765W0127, best cost 62.8937 + -177.722 = -114.828 over 314 frames.
LOG (lattice-best-path[5.5]:main():lattice-best-path.cc:99) For utterance BAC009S0765W0128, best cost 27.1012 + -178.479 = -151.378 over 297 frames.
LOG (lattice-best-path[5.5]:main():lattice-best-path.cc:99) For utterance BAC009S0765W0129, best cost 94.6598 + -264.84 = -170.18 over 412 frames.
LOG (lattice-best-path[5.5]:main():lattice-best-path.cc:99) For utterance BAC009S0765W0130, best cost 68.3157 + -178.628 = -110.312 over 311 frames.
LOG (lattice-best-path[5.5]:main():lattice-best-path.cc:99) For utterance BAC009S0765W0131, best cost 80.7741 + -222.217 = -141.443 over 368 frames.
LOG (lattice-best-path[5.5]:main():lattice-best-path.cc:99) For utterance BAC009S0765W0132, best cost 154.495 + -373.241 = -218.746 over 612 frames.
LOG (lattice-best-path[5.5]:main():lattice-best-path.cc:99) For utterance BAC009S0765W0133, best cost 68.7908 + -174.092 = -105.302 over 305 frames.
LOG (lattice-best-path[5.5]:main():lattice-best-path.cc:99) For utterance BAC009S0765W0134, best cost 72.7158 + -181.3 = -108.584 over 306 frames.
LOG (lattice-best-path[5.5]:main():lattice-best-path.cc:99) For utterance BAC009S0765W0135, best cost 86.3144 + -221.767 = -135.452 over 374 frames.
LOG (lattice-best-path[5.5]:main():lattice-best-path.cc:99) For utterance BAC009S0765W0136, best cost 89.8703 + -285.181 = -195.311 over 451 frames.
LOG (lattice-best-path[5.5]:main():lattice-best-path.cc:99) For utterance BAC009S0765W0137, best cost 106.338 + -321.898 = -215.56 over 505 frames.
LOG (lattice-best-path[5.5]:main():lattice-best-path.cc:99) For utterance BAC009S0765W0138, best cost 82.4601 + -230.118 = -147.658 over 397 frames.
LOG (lattice-best-path[5.5]:main():lattice-best-path.cc:99) For utterance BAC009S0765W0139, best cost 94.5966 + -247.035 = -152.438 over 432 frames.
LOG (lattice-best-path[5.5]:main():lattice-best-path.cc:99) For utterance BAC009S0765W0140, best cost 103.446 + -273.141 = -169.695 over 432 frames.
LOG (lattice-best-path[5.5]:main():lattice-best-path.cc:99) For utterance BAC009S0765W0141, best cost 58.9943 + -188.915 = -129.921 over 330 frames.
LOG (lattice-best-path[5.5]:main():lattice-best-path.cc:99) For utterance BAC009S0765W0142, best cost 107.667 + -278.753 = -171.086 over 432 frames.
LOG (lattice-best-path[5.5]:main():lattice-best-path.cc:99) For utterance BAC009S0765W0143, best cost 57.3197 + -189.238 = -131.918 over 311 frames.
LOG (lattice-best-path[5.5]:main():lattice-best-path.cc:99) For utterance BAC009S0765W0144, best cost 140.465 + -346.347 = -205.882 over 534 frames.
LOG (lattice-best-path[5.5]:main():lattice-best-path.cc:99) For utterance BAC009S0765W0145, best cost 69.0977 + -209.862 = -140.765 over 354 frames.
LOG (lattice-best-path[5.5]:main():lattice-best-path.cc:99) For utterance BAC009S0765W0146, best cost 77.4645 + -204.803 = -127.338 over 341 frames.
LOG (lattice-best-path[5.5]:main():lattice-best-path.cc:99) For utterance BAC009S0765W0147, best cost 96.8802 + -216.817 = -119.937 over 351 frames.
LOG (lattice-best-path[5.5]:main():lattice-best-path.cc:99) For utterance BAC009S0765W0148, best cost 71.9315 + -167.122 = -95.1908 over 304 frames.
LOG (lattice-best-path[5.5]:main():lattice-best-path.cc:99) For utterance BAC009S0765W0149, best cost 90.9097 + -259.89 = -168.98 over 401 frames.
LOG (lattice-best-path[5.5]:main():lattice-best-path.cc:99) For utterance BAC009S0765W0150, best cost 69.0758 + -197.944 = -128.868 over 332 frames.
LOG (lattice-best-path[5.5]:main():lattice-best-path.cc:99) For utterance BAC009S0765W0151, best cost 151.64 + -398.311 = -246.672 over 627 frames.
LOG (lattice-best-path[5.5]:main():lattice-best-path.cc:99) For utterance BAC009S0765W0152, best cost 103.293 + -264.939 = -161.647 over 445 frames.
LOG (lattice-best-path[5.5]:main():lattice-best-path.cc:99) For utterance BAC009S0765W0153, best cost 95.5183 + -275.029 = -179.511 over 439 frames.
LOG (lattice-best-path[5.5]:main():lattice-best-path.cc:99) For utterance BAC009S0765W0154, best cost 113.534 + -345.455 = -231.921 over 544 frames.
LOG (lattice-best-path[5.5]:main():lattice-best-path.cc:99) For utterance BAC009S0765W0155, best cost 83.8067 + -268.029 = -184.222 over 424 frames.
LOG (lattice-best-path[5.5]:main():lattice-best-path.cc:99) For utterance BAC009S0765W0156, best cost 106.713 + -299.794 = -193.081 over 499 frames.
LOG (lattice-best-path[5.5]:main():lattice-best-path.cc:99) For utterance BAC009S0765W0157, best cost 81.2642 + -216.206 = -134.942 over 345 frames.
LOG (lattice-best-path[5.5]:main():lattice-best-path.cc:99) For utterance BAC009S0765W0158, best cost 65.2282 + -193.041 = -127.813 over 316 frames.
LOG (lattice-best-path[5.5]:main():lattice-best-path.cc:99) For utterance BAC009S0765W0159, best cost 108.838 + -293.983 = -185.145 over 487 frames.
LOG (lattice-best-path[5.5]:main():lattice-best-path.cc:99) For utterance BAC009S0765W0160, best cost 66.687 + -163.792 = -97.1054 over 301 frames.
LOG (lattice-best-path[5.5]:main():lattice-best-path.cc:99) For utterance BAC009S0765W0161, best cost 111.619 + -326.561 = -214.942 over 499 frames.
LOG (lattice-best-path[5.5]:main():lattice-best-path.cc:99) For utterance BAC009S0765W0162, best cost 105.903 + -303.624 = -197.721 over 517 frames.
LOG (lattice-best-path[5.5]:main():lattice-best-path.cc:99) For utterance BAC009S0765W0163, best cost 62.4444 + -194.692 = -132.247 over 321 frames.
LOG (lattice-best-path[5.5]:main():lattice-best-path.cc:99) For utterance BAC009S0765W0164, best cost 64.6871 + -204.05 = -139.363 over 326 frames.
LOG (lattice-best-path[5.5]:main():lattice-best-path.cc:99) For utterance BAC009S0765W0165, best cost 103.101 + -316.808 = -213.707 over 504 frames.
LOG (lattice-best-path[5.5]:main():lattice-best-path.cc:99) For utterance BAC009S0765W0166, best cost 104.304 + -280.439 = -176.135 over 451 frames.
LOG (lattice-best-path[5.5]:main():lattice-best-path.cc:99) For utterance BAC009S0765W0167, best cost 120.612 + -341.347 = -220.735 over 542 frames.
LOG (lattice-best-path[5.5]:main():lattice-best-path.cc:99) For utterance BAC009S0765W0168, best cost 69.8387 + -189.708 = -119.869 over 335 frames.
LOG (lattice-best-path[5.5]:main():lattice-best-path.cc:99) For utterance BAC009S0765W0169, best cost 87.9885 + -223.26 = -135.272 over 361 frames.
LOG (lattice-best-path[5.5]:main():lattice-best-path.cc:99) For utterance BAC009S0765W0170, best cost 99.0023 + -263.342 = -164.34 over 437 frames.
LOG (lattice-best-path[5.5]:main():lattice-best-path.cc:99) For utterance BAC009S0765W0171, best cost 90.3289 + -268.846 = -178.517 over 438 frames.
LOG (lattice-best-path[5.5]:main():lattice-best-path.cc:99) For utterance BAC009S0765W0172, best cost 108.527 + -358.265 = -249.738 over 588 frames.
LOG (lattice-best-path[5.5]:main():lattice-best-path.cc:99) For utterance BAC009S0765W0173, best cost 75.0462 + -221.736 = -146.69 over 351 frames.
LOG (lattice-best-path[5.5]:main():lattice-best-path.cc:99) For utterance BAC009S0765W0174, best cost 79.5905 + -215.956 = -136.365 over 352 frames.
LOG (lattice-best-path[5.5]:main():lattice-best-path.cc:99) For utterance BAC009S0765W0175, best cost 69.4543 + -195.494 = -126.04 over 338 frames.
LOG (lattice-best-path[5.5]:main():lattice-best-path.cc:99) For utterance BAC009S0765W0176, best cost 80.2655 + -189.765 = -109.499 over 346 frames.
LOG (lattice-best-path[5.5]:main():lattice-best-path.cc:99) For utterance BAC009S0765W0177, best cost 47.2682 + -166.917 = -119.649 over 306 frames.
LOG (lattice-best-path[5.5]:main():lattice-best-path.cc:99) For utterance BAC009S0765W0178, best cost 68.0356 + -193.127 = -125.091 over 332 frames.
LOG (lattice-best-path[5.5]:main():lattice-best-path.cc:99) For utterance BAC009S0765W0179, best cost 84.6358 + -232.304 = -147.668 over 410 frames.
LOG (lattice-best-path[5.5]:main():lattice-best-path.cc:99) For utterance BAC009S0765W0180, best cost 35.0244 + -224.588 = -189.564 over 368 frames.
LOG (lattice-best-path[5.5]:main():lattice-best-path.cc:99) For utterance BAC009S0765W0181, best cost 49.6659 + -150.864 = -101.198 over 287 frames.
LOG (lattice-best-path[5.5]:main():lattice-best-path.cc:99) For utterance BAC009S0765W0182, best cost 96.6858 + -210.537 = -113.851 over 378 frames.
LOG (lattice-best-path[5.5]:main():lattice-best-path.cc:99) For utterance BAC009S0765W0183, best cost 148.507 + -339.671 = -191.164 over 585 frames.
LOG (lattice-best-path[5.5]:main():lattice-best-path.cc:99) For utterance BAC009S0765W0184, best cost 93.4465 + -258.598 = -165.151 over 427 frames.
LOG (lattice-best-path[5.5]:main():lattice-best-path.cc:99) For utterance BAC009S0765W0185, best cost 43.9191 + -142.197 = -98.2778 over 254 frames.
LOG (lattice-best-path[5.5]:main():lattice-best-path.cc:99) For utterance BAC009S0765W0186, best cost 135.727 + -337.116 = -201.39 over 569 frames.
LOG (lattice-best-path[5.5]:main():lattice-best-path.cc:99) For utterance BAC009S0765W0187, best cost 99.8742 + -222.829 = -122.955 over 426 frames.
LOG (lattice-best-path[5.5]:main():lattice-best-path.cc:99) For utterance BAC009S0765W0188, best cost 98.1613 + -276.329 = -178.168 over 487 frames.
LOG (lattice-best-path[5.5]:main():lattice-best-path.cc:99) For utterance BAC009S0765W0189, best cost 62.0559 + -207.473 = -145.417 over 384 frames.
LOG (lattice-best-path[5.5]:main():lattice-best-path.cc:99) For utterance BAC009S0765W0190, best cost 81.3834 + -260.595 = -179.211 over 423 frames.
LOG (lattice-best-path[5.5]:main():lattice-best-path.cc:99) For utterance BAC009S0765W0191, best cost 122.184 + -412.666 = -290.482 over 650 frames.
LOG (lattice-best-path[5.5]:main():lattice-best-path.cc:99) For utterance BAC009S0765W0192, best cost 66.567 + -241.001 = -174.434 over 386 frames.
LOG (lattice-best-path[5.5]:main():lattice-best-path.cc:99) For utterance BAC009S0765W0193, best cost 130.28 + -451.789 = -321.51 over 706 frames.
LOG (lattice-best-path[5.5]:main():lattice-best-path.cc:99) For utterance BAC009S0765W0194, best cost 66.881 + -222.429 = -155.548 over 366 frames.
LOG (lattice-best-path[5.5]:main():lattice-best-path.cc:99) For utterance BAC009S0765W0195, best cost 85.3261 + -261.973 = -176.647 over 426 frames.
LOG (lattice-best-path[5.5]:main():lattice-best-path.cc:99) For utterance BAC009S0765W0196, best cost 51.218 + -162.127 = -110.909 over 287 frames.
LOG (lattice-best-path[5.5]:main():lattice-best-path.cc:99) For utterance BAC009S0765W0197, best cost 72.6595 + -266.002 = -193.342 over 433 frames.
LOG (lattice-best-path[5.5]:main():lattice-best-path.cc:99) For utterance BAC009S0765W0198, best cost 91.0453 + -305.49 = -214.445 over 478 frames.
LOG (lattice-best-path[5.5]:main():lattice-best-path.cc:99) For utterance BAC009S0765W0199, best cost 78.8177 + -188.37 = -109.553 over 344 frames.
LOG (lattice-best-path[5.5]:main():lattice-best-path.cc:99) For utterance BAC009S0765W0200, best cost 132.825 + -383.75 = -250.924 over 663 frames.
LOG (lattice-best-path[5.5]:main():lattice-best-path.cc:99) For utterance BAC009S0765W0201, best cost 66.1171 + -199.442 = -133.325 over 350 frames.
LOG (lattice-best-path[5.5]:main():lattice-best-path.cc:99) For utterance BAC009S0765W0202, best cost 110.093 + -358.784 = -248.691 over 559 frames.
LOG (lattice-best-path[5.5]:main():lattice-best-path.cc:99) For utterance BAC009S0765W0203, best cost 125.089 + -482.32 = -357.23 over 831 frames.
LOG (lattice-best-path[5.5]:main():lattice-best-path.cc:99) For utterance BAC009S0765W0204, best cost 106.794 + -346.709 = -239.915 over 572 frames.
LOG (lattice-best-path[5.5]:main():lattice-best-path.cc:99) For utterance BAC009S0765W0205, best cost 65.6633 + -198.396 = -132.732 over 340 frames.
LOG (lattice-best-path[5.5]:main():lattice-best-path.cc:99) For utterance BAC009S0765W0206, best cost 142.408 + -414.247 = -271.839 over 640 frames.
LOG (lattice-best-path[5.5]:main():lattice-best-path.cc:99) For utterance BAC009S0765W0207, best cost 106.341 + -330.645 = -224.304 over 557 frames.
LOG (lattice-best-path[5.5]:main():lattice-best-path.cc:99) For utterance BAC009S0765W0208, best cost 140.587 + -329.672 = -189.086 over 565 frames.
LOG (lattice-best-path[5.5]:main():lattice-best-path.cc:99) For utterance BAC009S0765W0209, best cost 82.7591 + -278.655 = -195.896 over 449 frames.
LOG (lattice-best-path[5.5]:main():lattice-best-path.cc:99) For utterance BAC009S0765W0210, best cost 62.6675 + -208.355 = -145.688 over 328 frames.
LOG (lattice-best-path[5.5]:main():lattice-best-path.cc:99) For utterance BAC009S0765W0211, best cost 103.598 + -367.707 = -264.109 over 574 frames.
LOG (lattice-best-path[5.5]:main():lattice-best-path.cc:99) For utterance BAC009S0765W0212, best cost 89.5307 + -286.791 = -197.26 over 444 frames.
LOG (lattice-best-path[5.5]:main():lattice-best-path.cc:99) For utterance BAC009S0765W0213, best cost 55.4596 + -184.303 = -128.843 over 310 frames.
LOG (lattice-best-path[5.5]:main():lattice-best-path.cc:99) For utterance BAC009S0765W0214, best cost 94.6124 + -340.082 = -245.469 over 527 frames.
LOG (lattice-best-path[5.5]:main():lattice-best-path.cc:99) For utterance BAC009S0765W0215, best cost 80.6337 + -299.764 = -219.131 over 455 frames.
LOG (lattice-best-path[5.5]:main():lattice-best-path.cc:99) For utterance BAC009S0765W0216, best cost 135.092 + -381.32 = -246.228 over 586 frames.
LOG (lattice-best-path[5.5]:main():lattice-best-path.cc:99) For utterance BAC009S0765W0217, best cost 82.7135 + -255.203 = -172.489 over 498 frames.
LOG (lattice-best-path[5.5]:main():lattice-best-path.cc:99) For utterance BAC009S0765W0218, best cost 98.6389 + -302.198 = -203.559 over 493 frames.
LOG (lattice-best-path[5.5]:main():lattice-best-path.cc:99) For utterance BAC009S0765W0219, best cost 83.0647 + -294.737 = -211.672 over 467 frames.
LOG (lattice-best-path[5.5]:main():lattice-best-path.cc:99) For utterance BAC009S0765W0220, best cost 94.2663 + -345.065 = -250.799 over 614 frames.
LOG (lattice-best-path[5.5]:main():lattice-best-path.cc:99) For utterance BAC009S0765W0221, best cost 90.6898 + -245.505 = -154.816 over 432 frames.
LOG (lattice-best-path[5.5]:main():lattice-best-path.cc:99) For utterance BAC009S0765W0222, best cost 86.0285 + -270.618 = -184.589 over 465 frames.
LOG (lattice-best-path[5.5]:main():lattice-best-path.cc:99) For utterance BAC009S0765W0223, best cost 58.5233 + -185.636 = -127.113 over 336 frames.
LOG (lattice-best-path[5.5]:main():lattice-best-path.cc:99) For utterance BAC009S0765W0224, best cost 93.0317 + -267.423 = -174.391 over 447 frames.
LOG (lattice-best-path[5.5]:main():lattice-best-path.cc:99) For utterance BAC009S0765W0225, best cost 97.7329 + -287.171 = -189.438 over 491 frames.
LOG (lattice-best-path[5.5]:main():lattice-best-path.cc:99) For utterance BAC009S0765W0226, best cost 115.658 + -303.215 = -187.557 over 496 frames.
LOG (lattice-best-path[5.5]:main():lattice-best-path.cc:99) For utterance BAC009S0765W0227, best cost 107.481 + -294.108 = -186.627 over 453 frames.
LOG (lattice-best-path[5.5]:main():lattice-best-path.cc:99) For utterance BAC009S0765W0228, best cost 82.8596 + -283.384 = -200.524 over 440 frames.
LOG (lattice-best-path[5.5]:main():lattice-best-path.cc:99) For utterance BAC009S0765W0229, best cost 53.7465 + -161.277 = -107.531 over 286 frames.
LOG (lattice-best-path[5.5]:main():lattice-best-path.cc:99) For utterance BAC009S0765W0230, best cost 73.7206 + -264.739 = -191.018 over 451 frames.
LOG (lattice-best-path[5.5]:main():lattice-best-path.cc:99) For utterance BAC009S0765W0231, best cost 71.5488 + -313.52 = -241.971 over 505 frames.
LOG (lattice-best-path[5.5]:main():lattice-best-path.cc:99) For utterance BAC009S0765W0232, best cost 117.296 + -424.121 = -306.825 over 647 frames.
LOG (lattice-best-path[5.5]:main():lattice-best-path.cc:99) For utterance BAC009S0765W0233, best cost 84.7602 + -227.754 = -142.994 over 377 frames.
LOG (lattice-best-path[5.5]:main():lattice-best-path.cc:99) For utterance BAC009S0765W0234, best cost 100.2 + -319.589 = -219.39 over 519 frames.
LOG (lattice-best-path[5.5]:main():lattice-best-path.cc:99) For utterance BAC009S0765W0235, best cost 73.1739 + -206.518 = -133.345 over 362 frames.
LOG (lattice-best-path[5.5]:main():lattice-best-path.cc:99) For utterance BAC009S0765W0236, best cost 110.644 + -388.805 = -278.161 over 597 frames.
LOG (lattice-best-path[5.5]:main():lattice-best-path.cc:99) For utterance BAC009S0765W0237, best cost 86.444 + -259.728 = -173.284 over 427 frames.
LOG (lattice-best-path[5.5]:main():lattice-best-path.cc:99) For utterance BAC009S0765W0238, best cost 95.8706 + -308.21 = -212.34 over 493 frames.
LOG (lattice-best-path[5.5]:main():lattice-best-path.cc:99) For utterance BAC009S0765W0239, best cost 76.7893 + -216.958 = -140.168 over 368 frames.
LOG (lattice-best-path[5.5]:main():lattice-best-path.cc:99) For utterance BAC009S0765W0240, best cost 88.9308 + -243.641 = -154.711 over 405 frames.
LOG (lattice-best-path[5.5]:main():lattice-best-path.cc:99) For utterance BAC009S0765W0241, best cost 62.5696 + -199.898 = -137.329 over 321 frames.
LOG (lattice-best-path[5.5]:main():lattice-best-path.cc:99) For utterance BAC009S0765W0242, best cost 77.0908 + -240.339 = -163.248 over 409 frames.
LOG (lattice-best-path[5.5]:main():lattice-best-path.cc:99) For utterance BAC009S0765W0243, best cost 128.023 + -424.047 = -296.023 over 627 frames.
LOG (lattice-best-path[5.5]:main():lattice-best-path.cc:99) For utterance BAC009S0765W0244, best cost 130.945 + -354.125 = -223.18 over 571 frames.
LOG (lattice-best-path[5.5]:main():lattice-best-path.cc:99) For utterance BAC009S0765W0245, best cost 84.6962 + -269.42 = -184.724 over 475 frames.
LOG (lattice-best-path[5.5]:main():lattice-best-path.cc:99) For utterance BAC009S0765W0246, best cost 87.5838 + -299.002 = -211.418 over 459 frames.
LOG (lattice-best-path[5.5]:main():lattice-best-path.cc:99) For utterance BAC009S0765W0247, best cost 46.1728 + -165.032 = -118.859 over 281 frames.
LOG (lattice-best-path[5.5]:main():lattice-best-path.cc:99) For utterance BAC009S0765W0248, best cost 90.2084 + -316.063 = -225.855 over 516 frames.
LOG (lattice-best-path[5.5]:main():lattice-best-path.cc:99) For utterance BAC009S0765W0249, best cost 97.9358 + -338.563 = -240.627 over 517 frames.
LOG (lattice-best-path[5.5]:main():lattice-best-path.cc:99) For utterance BAC009S0765W0250, best cost 105.717 + -345.672 = -239.955 over 534 frames.
LOG (lattice-best-path[5.5]:main():lattice-best-path.cc:99) For utterance BAC009S0765W0251, best cost 118.908 + -309.27 = -190.362 over 558 frames.
LOG (lattice-best-path[5.5]:main():lattice-best-path.cc:99) For utterance BAC009S0765W0252, best cost 131.813 + -408.118 = -276.305 over 641 frames.
LOG (lattice-best-path[5.5]:main():lattice-best-path.cc:99) For utterance BAC009S0765W0253, best cost 107.228 + -357.465 = -250.237 over 628 frames.
LOG (lattice-best-path[5.5]:main():lattice-best-path.cc:99) For utterance BAC009S0765W0254, best cost 108.607 + -323.577 = -214.97 over 519 frames.
LOG (lattice-best-path[5.5]:main():lattice-best-path.cc:99) For utterance BAC009S0765W0255, best cost 138.035 + -396.719 = -258.684 over 625 frames.
LOG (lattice-best-path[5.5]:main():lattice-best-path.cc:99) For utterance BAC009S0765W0256, best cost 118.085 + -315.85 = -197.765 over 523 frames.
LOG (lattice-best-path[5.5]:main():lattice-best-path.cc:99) For utterance BAC009S0765W0257, best cost 87.2201 + -267.608 = -180.387 over 434 frames.
LOG (lattice-best-path[5.5]:main():lattice-best-path.cc:99) For utterance BAC009S0765W0258, best cost 60.8251 + -199.01 = -138.185 over 351 frames.
LOG (lattice-best-path[5.5]:main():lattice-best-path.cc:99) For utterance BAC009S0765W0260, best cost 95.3299 + -306.291 = -210.961 over 491 frames.
LOG (lattice-best-path[5.5]:main():lattice-best-path.cc:99) For utterance BAC009S0765W0261, best cost 75.48 + -231.958 = -156.478 over 371 frames.
LOG (lattice-best-path[5.5]:main():lattice-best-path.cc:99) For utterance BAC009S0765W0262, best cost 134.172 + -421.801 = -287.629 over 667 frames.
LOG (lattice-best-path[5.5]:main():lattice-best-path.cc:99) For utterance BAC009S0765W0265, best cost 109.526 + -346.577 = -237.052 over 578 frames.
LOG (lattice-best-path[5.5]:main():lattice-best-path.cc:99) For utterance BAC009S0765W0266, best cost 85.2092 + -279.355 = -194.146 over 452 frames.
LOG (lattice-best-path[5.5]:main():lattice-best-path.cc:99) For utterance BAC009S0765W0267, best cost 67.5984 + -211.904 = -144.305 over 362 frames.
LOG (lattice-best-path[5.5]:main():lattice-best-path.cc:99) For utterance BAC009S0765W0268, best cost 133.185 + -378.983 = -245.798 over 604 frames.
LOG (lattice-best-path[5.5]:main():lattice-best-path.cc:99) For utterance BAC009S0765W0269, best cost 110.912 + -296.586 = -185.674 over 466 frames.
LOG (lattice-best-path[5.5]:main():lattice-best-path.cc:99) For utterance BAC009S0765W0270, best cost 95.109 + -259.891 = -164.782 over 422 frames.
LOG (lattice-best-path[5.5]:main():lattice-best-path.cc:99) For utterance BAC009S0765W0272, best cost 102.798 + -300.726 = -197.928 over 456 frames.
LOG (lattice-best-path[5.5]:main():lattice-best-path.cc:99) For utterance BAC009S0765W0273, best cost 83.7532 + -272.65 = -188.897 over 443 frames.
LOG (lattice-best-path[5.5]:main():lattice-best-path.cc:99) For utterance BAC009S0765W0274, best cost 121.621 + -383.551 = -261.931 over 622 frames.
LOG (lattice-best-path[5.5]:main():lattice-best-path.cc:99) For utterance BAC009S0765W0275, best cost 94.3961 + -263.593 = -169.197 over 426 frames.
LOG (lattice-best-path[5.5]:main():lattice-best-path.cc:99) For utterance BAC009S0765W0277, best cost 94.9664 + -272.37 = -177.404 over 428 frames.
LOG (lattice-best-path[5.5]:main():lattice-best-path.cc:99) For utterance BAC009S0765W0278, best cost 104.466 + -295.524 = -191.058 over 462 frames.
LOG (lattice-best-path[5.5]:main():lattice-best-path.cc:99) For utterance BAC009S0765W0279, best cost 83.4818 + -247.458 = -163.976 over 380 frames.
LOG (lattice-best-path[5.5]:main():lattice-best-path.cc:99) For utterance BAC009S0765W0280, best cost 62.667 + -211.942 = -149.275 over 339 frames.
LOG (lattice-best-path[5.5]:main():lattice-best-path.cc:99) For utterance BAC009S0765W0281, best cost 60.8025 + -179.477 = -118.675 over 284 frames.
LOG (lattice-best-path[5.5]:main():lattice-best-path.cc:99) For utterance BAC009S0765W0282, best cost 110.928 + -350.509 = -239.581 over 568 frames.
LOG (lattice-best-path[5.5]:main():lattice-best-path.cc:99) For utterance BAC009S0765W0283, best cost 41.166 + -184.883 = -143.717 over 301 frames.
LOG (lattice-best-path[5.5]:main():lattice-best-path.cc:99) For utterance BAC009S0765W0284, best cost 137.237 + -391.24 = -254.003 over 626 frames.
LOG (lattice-best-path[5.5]:main():lattice-best-path.cc:99) For utterance BAC009S0765W0285, best cost 68.2987 + -233.303 = -165.004 over 396 frames.
LOG (lattice-best-path[5.5]:main():lattice-best-path.cc:99) For utterance BAC009S0765W0286, best cost 91.1544 + -329.033 = -237.879 over 505 frames.
LOG (lattice-best-path[5.5]:main():lattice-best-path.cc:99) For utterance BAC009S0765W0287, best cost 68.1561 + -197.497 = -129.341 over 339 frames.
LOG (lattice-best-path[5.5]:main():lattice-best-path.cc:99) For utterance BAC009S0765W0288, best cost 96.8515 + -257.209 = -160.357 over 434 frames.
LOG (lattice-best-path[5.5]:main():lattice-best-path.cc:99) For utterance BAC009S0765W0289, best cost 79.0538 + -220.944 = -141.891 over 383 frames.
LOG (lattice-best-path[5.5]:main():lattice-best-path.cc:99) For utterance BAC009S0765W0290, best cost 62.8692 + -203.126 = -140.257 over 342 frames.
LOG (lattice-best-path[5.5]:main():lattice-best-path.cc:99) For utterance BAC009S0765W0291, best cost 88.61 + -252.079 = -163.469 over 423 frames.
LOG (lattice-best-path[5.5]:main():lattice-best-path.cc:99) For utterance BAC009S0765W0292, best cost 102.255 + -288.786 = -186.531 over 464 frames.
LOG (lattice-best-path[5.5]:main():lattice-best-path.cc:99) For utterance BAC009S0765W0293, best cost 94.4602 + -236.11 = -141.649 over 384 frames.
LOG (lattice-best-path[5.5]:main():lattice-best-path.cc:99) For utterance BAC009S0765W0294, best cost 69.0473 + -201.255 = -132.208 over 342 frames.
LOG (lattice-best-path[5.5]:main():lattice-best-path.cc:99) For utterance BAC009S0765W0295, best cost 124.15 + -350.542 = -226.393 over 542 frames.
LOG (lattice-best-path[5.5]:main():lattice-best-path.cc:99) For utterance BAC009S0765W0296, best cost 83.066 + -253.764 = -170.698 over 411 frames.
LOG (lattice-best-path[5.5]:main():lattice-best-path.cc:99) For utterance BAC009S0765W0297, best cost 78.5453 + -248.87 = -170.325 over 443 frames.
LOG (lattice-best-path[5.5]:main():lattice-best-path.cc:99) For utterance BAC009S0765W0298, best cost 78.8807 + -217.111 = -138.231 over 396 frames.
LOG (lattice-best-path[5.5]:main():lattice-best-path.cc:99) For utterance BAC009S0765W0299, best cost 67.196 + -183.226 = -116.03 over 300 frames.
LOG (lattice-best-path[5.5]:main():lattice-best-path.cc:99) For utterance BAC009S0765W0300, best cost 69.2708 + -144.841 = -75.5703 over 259 frames.
LOG (lattice-best-path[5.5]:main():lattice-best-path.cc:99) For utterance BAC009S0765W0301, best cost 128.888 + -336.864 = -207.976 over 562 frames.
LOG (lattice-best-path[5.5]:main():lattice-best-path.cc:99) For utterance BAC009S0765W0303, best cost 99.9972 + -342.969 = -242.972 over 617 frames.
LOG (lattice-best-path[5.5]:main():lattice-best-path.cc:99) For utterance BAC009S0765W0304, best cost 96.5395 + -331.902 = -235.363 over 563 frames.
LOG (lattice-best-path[5.5]:main():lattice-best-path.cc:99) For utterance BAC009S0765W0305, best cost 74.8326 + -207.442 = -132.61 over 357 frames.
LOG (lattice-best-path[5.5]:main():lattice-best-path.cc:99) For utterance BAC009S0765W0306, best cost 100.682 + -387.864 = -287.182 over 637 frames.
LOG (lattice-best-path[5.5]:main():lattice-best-path.cc:99) For utterance BAC009S0765W0307, best cost 116.026 + -421.742 = -305.716 over 656 frames.
LOG (lattice-best-path[5.5]:main():lattice-best-path.cc:99) For utterance BAC009S0765W0308, best cost 96.1321 + -366.915 = -270.783 over 567 frames.
LOG (lattice-best-path[5.5]:main():lattice-best-path.cc:99) For utterance BAC009S0765W0309, best cost 72.8399 + -230.824 = -157.984 over 429 frames.
LOG (lattice-best-path[5.5]:main():lattice-best-path.cc:99) For utterance BAC009S0765W0310, best cost 73.4182 + -308.678 = -235.26 over 520 frames.
LOG (lattice-best-path[5.5]:main():lattice-best-path.cc:99) For utterance BAC009S0765W0311, best cost 77.5155 + -323.107 = -245.591 over 479 frames.
LOG (lattice-best-path[5.5]:main():lattice-best-path.cc:99) For utterance BAC009S0765W0312, best cost 34.0685 + -204.965 = -170.896 over 349 frames.
LOG (lattice-best-path[5.5]:main():lattice-best-path.cc:99) For utterance BAC009S0765W0313, best cost 45.08 + -281.973 = -236.893 over 446 frames.
LOG (lattice-best-path[5.5]:main():lattice-best-path.cc:99) For utterance BAC009S0765W0314, best cost 51.2709 + -189.147 = -137.876 over 346 frames.
LOG (lattice-best-path[5.5]:main():lattice-best-path.cc:99) For utterance BAC009S0765W0315, best cost 128.093 + -403.105 = -275.012 over 636 frames.
LOG (lattice-best-path[5.5]:main():lattice-best-path.cc:99) For utterance BAC009S0765W0317, best cost 99.4761 + -301.339 = -201.863 over 473 frames.
LOG (lattice-best-path[5.5]:main():lattice-best-path.cc:99) For utterance BAC009S0765W0321, best cost 114.396 + -362.338 = -247.942 over 581 frames.
LOG (lattice-best-path[5.5]:main():lattice-best-path.cc:99) For utterance BAC009S0765W0323, best cost 93.9008 + -380.014 = -286.113 over 652 frames.
LOG (lattice-best-path[5.5]:main():lattice-best-path.cc:99) For utterance BAC009S0765W0325, best cost 115.493 + -432.684 = -317.191 over 697 frames.
LOG (lattice-best-path[5.5]:main():lattice-best-path.cc:99) For utterance BAC009S0765W0326, best cost 125.58 + -508.308 = -382.727 over 765 frames.
LOG (lattice-best-path[5.5]:main():lattice-best-path.cc:99) For utterance BAC009S0765W0327, best cost 125.998 + -418.837 = -292.838 over 628 frames.
LOG (lattice-best-path[5.5]:main():lattice-best-path.cc:99) For utterance BAC009S0765W0328, best cost 112.931 + -375.715 = -262.785 over 564 frames.
LOG (lattice-best-path[5.5]:main():lattice-best-path.cc:99) For utterance BAC009S0765W0329, best cost 90.2103 + -292.755 = -202.544 over 493 frames.
LOG (lattice-best-path[5.5]:main():lattice-best-path.cc:99) For utterance BAC009S0765W0330, best cost 140.038 + -502.027 = -361.989 over 889 frames.
LOG (lattice-best-path[5.5]:main():lattice-best-path.cc:99) For utterance BAC009S0765W0331, best cost 94.5722 + -351.827 = -257.254 over 565 frames.
LOG (lattice-best-path[5.5]:main():lattice-best-path.cc:99) For utterance BAC009S0765W0332, best cost 75.4669 + -203.22 = -127.754 over 358 frames.
LOG (lattice-best-path[5.5]:main():lattice-best-path.cc:99) For utterance BAC009S0765W0333, best cost 105.855 + -429.415 = -323.56 over 687 frames.
LOG (lattice-best-path[5.5]:main():lattice-best-path.cc:99) For utterance BAC009S0765W0334, best cost 118.351 + -388.716 = -270.365 over 635 frames.
LOG (lattice-best-path[5.5]:main():lattice-best-path.cc:99) For utterance BAC009S0765W0335, best cost 94.9574 + -238.659 = -143.701 over 427 frames.
LOG (lattice-best-path[5.5]:main():lattice-best-path.cc:99) For utterance BAC009S0765W0337, best cost 78.657 + -316.698 = -238.041 over 498 frames.
LOG (lattice-best-path[5.5]:main():lattice-best-path.cc:99) For utterance BAC009S0765W0338, best cost 86.4031 + -280.935 = -194.532 over 502 frames.
LOG (lattice-best-path[5.5]:main():lattice-best-path.cc:99) For utterance BAC009S0765W0339, best cost 96.9078 + -367.647 = -270.739 over 595 frames.
LOG (lattice-best-path[5.5]:main():lattice-best-path.cc:99) For utterance BAC009S0765W0340, best cost 97.5702 + -276.397 = -178.827 over 460 frames.
LOG (lattice-best-path[5.5]:main():lattice-best-path.cc:99) For utterance BAC009S0765W0341, best cost 71.4406 + -221.073 = -149.633 over 369 frames.
LOG (lattice-best-path[5.5]:main():lattice-best-path.cc:99) For utterance BAC009S0765W0342, best cost 71.5209 + -201.508 = -129.987 over 359 frames.
LOG (lattice-best-path[5.5]:main():lattice-best-path.cc:99) For utterance BAC009S0765W0343, best cost 79.5175 + -241.263 = -161.746 over 396 frames.
LOG (lattice-best-path[5.5]:main():lattice-best-path.cc:99) For utterance BAC009S0765W0344, best cost 92.8109 + -311.535 = -218.724 over 500 frames.
LOG (lattice-best-path[5.5]:main():lattice-best-path.cc:99) For utterance BAC009S0765W0345, best cost 93.2928 + -282.746 = -189.453 over 475 frames.
LOG (lattice-best-path[5.5]:main():lattice-best-path.cc:99) For utterance BAC009S0765W0346, best cost 69.9136 + -177.497 = -107.583 over 313 frames.
LOG (lattice-best-path[5.5]:main():lattice-best-path.cc:99) For utterance BAC009S0765W0347, best cost 113.389 + -330.699 = -217.311 over 552 frames.
LOG (lattice-best-path[5.5]:main():lattice-best-path.cc:99) For utterance BAC009S0765W0348, best cost 121.718 + -332.421 = -210.703 over 563 frames.
LOG (lattice-best-path[5.5]:main():lattice-best-path.cc:99) For utterance BAC009S0765W0349, best cost 129.678 + -349.68 = -220.002 over 556 frames.
LOG (lattice-best-path[5.5]:main():lattice-best-path.cc:99) For utterance BAC009S0765W0350, best cost 96.6222 + -245.13 = -148.508 over 429 frames.
LOG (lattice-best-path[5.5]:main():lattice-best-path.cc:99) For utterance BAC009S0765W0351, best cost 83.0308 + -204.509 = -121.479 over 347 frames.
LOG (lattice-best-path[5.5]:main():lattice-best-path.cc:99) For utterance BAC009S0765W0352, best cost 76.674 + -267.663 = -190.989 over 436 frames.
LOG (lattice-best-path[5.5]:main():lattice-best-path.cc:99) For utterance BAC009S0765W0353, best cost 80.0517 + -219.443 = -139.391 over 366 frames.
LOG (lattice-best-path[5.5]:main():lattice-best-path.cc:99) For utterance BAC009S0765W0354, best cost 57.8929 + -234.399 = -176.506 over 390 frames.
LOG (lattice-best-path[5.5]:main():lattice-best-path.cc:99) For utterance BAC009S0765W0355, best cost 112.797 + -316.079 = -203.282 over 536 frames.
LOG (lattice-best-path[5.5]:main():lattice-best-path.cc:99) For utterance BAC009S0765W0356, best cost 90.3112 + -289.685 = -199.374 over 471 frames.
LOG (lattice-best-path[5.5]:main():lattice-best-path.cc:99) For utterance BAC009S0765W0357, best cost 54.6343 + -186.115 = -131.48 over 331 frames.
LOG (lattice-best-path[5.5]:main():lattice-best-path.cc:99) For utterance BAC009S0765W0358, best cost 143.524 + -425.9 = -282.377 over 675 frames.
LOG (lattice-best-path[5.5]:main():lattice-best-path.cc:99) For utterance BAC009S0765W0359, best cost 92.7324 + -287.396 = -194.664 over 454 frames.
LOG (lattice-best-path[5.5]:main():lattice-best-path.cc:99) For utterance BAC009S0765W0360, best cost 117.58 + -375 = -257.419 over 619 frames.
LOG (lattice-best-path[5.5]:main():lattice-best-path.cc:99) For utterance BAC009S0765W0361, best cost 87.9981 + -335.242 = -247.244 over 514 frames.
LOG (lattice-best-path[5.5]:main():lattice-best-path.cc:99) For utterance BAC009S0765W0362, best cost 61.2175 + -189.77 = -128.552 over 325 frames.
LOG (lattice-best-path[5.5]:main():lattice-best-path.cc:99) For utterance BAC009S0765W0363, best cost 133.85 + -381.593 = -247.743 over 600 frames.
LOG (lattice-best-path[5.5]:main():lattice-best-path.cc:99) For utterance BAC009S0765W0364, best cost 106.092 + -268.995 = -162.903 over 487 frames.
LOG (lattice-best-path[5.5]:main():lattice-best-path.cc:99) For utterance BAC009S0765W0365, best cost 51.4666 + -188.637 = -137.17 over 324 frames.
LOG (lattice-best-path[5.5]:main():lattice-best-path.cc:99) For utterance BAC009S0765W0366, best cost 89.611 + -291.106 = -201.495 over 476 frames.
LOG (lattice-best-path[5.5]:main():lattice-best-path.cc:99) For utterance BAC009S0765W0367, best cost 133.353 + -386.107 = -252.754 over 625 frames.
LOG (lattice-best-path[5.5]:main():lattice-best-path.cc:99) For utterance BAC009S0765W0368, best cost 49.4033 + -198.222 = -148.818 over 332 frames.
LOG (lattice-best-path[5.5]:main():lattice-best-path.cc:99) For utterance BAC009S0765W0369, best cost 119.869 + -374.781 = -254.913 over 585 frames.
LOG (lattice-best-path[5.5]:main():lattice-best-path.cc:99) For utterance BAC009S0765W0370, best cost 96.3414 + -268.593 = -172.251 over 436 frames.
LOG (lattice-best-path[5.5]:main():lattice-best-path.cc:99) For utterance BAC009S0765W0371, best cost 88.316 + -307.705 = -219.389 over 510 frames.
LOG (lattice-best-path[5.5]:main():lattice-best-path.cc:99) For utterance BAC009S0765W0372, best cost 99.9814 + -327.005 = -227.024 over 500 frames.
LOG (lattice-best-path[5.5]:main():lattice-best-path.cc:99) For utterance BAC009S0765W0373, best cost 78.9212 + -282.624 = -203.703 over 428 frames.
LOG (lattice-best-path[5.5]:main():lattice-best-path.cc:99) For utterance BAC009S0765W0374, best cost 87.8287 + -294.376 = -206.547 over 531 frames.
LOG (lattice-best-path[5.5]:main():lattice-best-path.cc:99) For utterance BAC009S0765W0375, best cost 126.893 + -353.882 = -226.99 over 582 frames.
LOG (lattice-best-path[5.5]:main():lattice-best-path.cc:99) For utterance BAC009S0765W0376, best cost 95.7249 + -310.823 = -215.098 over 544 frames.
LOG (lattice-best-path[5.5]:main():lattice-best-path.cc:99) For utterance BAC009S0765W0377, best cost 143.909 + -397.472 = -253.562 over 645 frames.
LOG (lattice-best-path[5.5]:main():lattice-best-path.cc:99) For utterance BAC009S0765W0378, best cost 62.8714 + -167.45 = -104.578 over 280 frames.
LOG (lattice-best-path[5.5]:main():lattice-best-path.cc:99) For utterance BAC009S0765W0379, best cost 84.4067 + -277.008 = -192.601 over 528 frames.
LOG (lattice-best-path[5.5]:main():lattice-best-path.cc:99) For utterance BAC009S0765W0380, best cost 143.812 + -394.91 = -251.098 over 628 frames.
LOG (lattice-best-path[5.5]:main():lattice-best-path.cc:99) For utterance BAC009S0765W0381, best cost 57.5373 + -159.841 = -102.303 over 293 frames.
LOG (lattice-best-path[5.5]:main():lattice-best-path.cc:99) For utterance BAC009S0765W0382, best cost 116.881 + -416.872 = -299.991 over 657 frames.
LOG (lattice-best-path[5.5]:main():lattice-best-path.cc:99) For utterance BAC009S0765W0383, best cost 44.8452 + -156.179 = -111.334 over 289 frames.
LOG (lattice-best-path[5.5]:main():lattice-best-path.cc:99) For utterance BAC009S0765W0384, best cost 116.557 + -352.645 = -236.088 over 528 frames.
LOG (lattice-best-path[5.5]:main():lattice-best-path.cc:99) For utterance BAC009S0765W0385, best cost 65.7014 + -212.969 = -147.268 over 357 frames.
LOG (lattice-best-path[5.5]:main():lattice-best-path.cc:99) For utterance BAC009S0765W0386, best cost 56.2775 + -193.929 = -137.651 over 332 frames.
LOG (lattice-best-path[5.5]:main():lattice-best-path.cc:99) For utterance BAC009S0765W0387, best cost 79.9035 + -229.385 = -149.482 over 378 frames.
LOG (lattice-best-path[5.5]:main():lattice-best-path.cc:99) For utterance BAC009S0765W0388, best cost 67.4746 + -248.629 = -181.154 over 395 frames.
LOG (lattice-best-path[5.5]:main():lattice-best-path.cc:99) For utterance BAC009S0765W0389, best cost 83.3528 + -236.532 = -153.179 over 384 frames.
LOG (lattice-best-path[5.5]:main():lattice-best-path.cc:99) For utterance BAC009S0765W0390, best cost 122.436 + -351.818 = -229.381 over 575 frames.
LOG (lattice-best-path[5.5]:main():lattice-best-path.cc:99) For utterance BAC009S0765W0391, best cost 114.442 + -306.259 = -191.816 over 515 frames.
LOG (lattice-best-path[5.5]:main():lattice-best-path.cc:99) For utterance BAC009S0765W0392, best cost 110.669 + -381.826 = -271.158 over 613 frames.
LOG (lattice-best-path[5.5]:main():lattice-best-path.cc:99) For utterance BAC009S0765W0393, best cost 74.9257 + -224.886 = -149.96 over 377 frames.
LOG (lattice-best-path[5.5]:main():lattice-best-path.cc:99) For utterance BAC009S0765W0394, best cost 154.979 + -434.585 = -279.606 over 698 frames.
LOG (lattice-best-path[5.5]:main():lattice-best-path.cc:99) For utterance BAC009S0765W0395, best cost 153.028 + -437.454 = -284.426 over 649 frames.
LOG (lattice-best-path[5.5]:main():lattice-best-path.cc:99) For utterance BAC009S0765W0396, best cost 81.1423 + -218.573 = -137.431 over 366 frames.
LOG (lattice-best-path[5.5]:main():lattice-best-path.cc:99) For utterance BAC009S0765W0397, best cost 58.6377 + -180.512 = -121.875 over 316 frames.
LOG (lattice-best-path[5.5]:main():lattice-best-path.cc:99) For utterance BAC009S0765W0398, best cost 98.3125 + -287.93 = -189.618 over 436 frames.
LOG (lattice-best-path[5.5]:main():lattice-best-path.cc:99) For utterance BAC009S0765W0399, best cost 60.7967 + -180.161 = -119.365 over 307 frames.
LOG (lattice-best-path[5.5]:main():lattice-best-path.cc:99) For utterance BAC009S0765W0401, best cost 137.185 + -390.234 = -253.049 over 577 frames.
LOG (lattice-best-path[5.5]:main():lattice-best-path.cc:99) For utterance BAC009S0765W0402, best cost 84.138 + -267.656 = -183.518 over 415 frames.
LOG (lattice-best-path[5.5]:main():lattice-best-path.cc:99) For utterance BAC009S0765W0403, best cost 155.717 + -432.178 = -276.461 over 706 frames.
LOG (lattice-best-path[5.5]:main():lattice-best-path.cc:99) For utterance BAC009S0765W0404, best cost 87.7511 + -296.723 = -208.972 over 540 frames.
LOG (lattice-best-path[5.5]:main():lattice-best-path.cc:99) For utterance BAC009S0765W0405, best cost 62.799 + -208.485 = -145.686 over 352 frames.
LOG (lattice-best-path[5.5]:main():lattice-best-path.cc:99) For utterance BAC009S0765W0406, best cost 115.156 + -324.442 = -209.286 over 617 frames.
LOG (lattice-best-path[5.5]:main():lattice-best-path.cc:99) For utterance BAC009S0765W0407, best cost 87.2875 + -230.477 = -143.19 over 386 frames.
LOG (lattice-best-path[5.5]:main():lattice-best-path.cc:99) For utterance BAC009S0765W0408, best cost 58.7975 + -143.157 = -84.3593 over 272 frames.
LOG (lattice-best-path[5.5]:main():lattice-best-path.cc:99) For utterance BAC009S0765W0409, best cost 59.6263 + -142.513 = -82.8871 over 258 frames.
LOG (lattice-best-path[5.5]:main():lattice-best-path.cc:99) For utterance BAC009S0765W0410, best cost 65.0382 + -170.15 = -105.112 over 286 frames.
LOG (lattice-best-path[5.5]:main():lattice-best-path.cc:99) For utterance BAC009S0765W0411, best cost 90.813 + -204.347 = -113.534 over 336 frames.
LOG (lattice-best-path[5.5]:main():lattice-best-path.cc:99) For utterance BAC009S0765W0412, best cost 119.805 + -261.266 = -141.461 over 417 frames.
LOG (lattice-best-path[5.5]:main():lattice-best-path.cc:99) For utterance BAC009S0765W0413, best cost 54.0992 + -290.644 = -236.544 over 455 frames.
LOG (lattice-best-path[5.5]:main():lattice-best-path.cc:99) For utterance BAC009S0765W0414, best cost 164.478 + -419.08 = -254.602 over 702 frames.
LOG (lattice-best-path[5.5]:main():lattice-best-path.cc:99) For utterance BAC009S0765W0415, best cost 56.2264 + -124.877 = -68.6504 over 247 frames.
LOG (lattice-best-path[5.5]:main():lattice-best-path.cc:99) For utterance BAC009S0765W0416, best cost 55.6903 + -158.141 = -102.451 over 285 frames.
LOG (lattice-best-path[5.5]:main():lattice-best-path.cc:99) For utterance BAC009S0765W0417, best cost 95.9512 + -218.982 = -123.031 over 377 frames.
LOG (lattice-best-path[5.5]:main():lattice-best-path.cc:99) For utterance BAC009S0765W0418, best cost 81.9265 + -204.113 = -122.186 over 351 frames.
LOG (lattice-best-path[5.5]:main():lattice-best-path.cc:99) For utterance BAC009S0765W0419, best cost 35.9907 + -175.075 = -139.085 over 290 frames.
LOG (lattice-best-path[5.5]:main():lattice-best-path.cc:99) For utterance BAC009S0765W0420, best cost 52.4174 + -165.778 = -113.361 over 292 frames.
LOG (lattice-best-path[5.5]:main():lattice-best-path.cc:99) For utterance BAC009S0765W0421, best cost 145.585 + -335.252 = -189.667 over 525 frames.
LOG (lattice-best-path[5.5]:main():lattice-best-path.cc:99) For utterance BAC009S0765W0422, best cost 46.8589 + -124.95 = -78.0909 over 245 frames.
LOG (lattice-best-path[5.5]:main():lattice-best-path.cc:99) For utterance BAC009S0765W0423, best cost 112.402 + -284.177 = -171.775 over 455 frames.
LOG (lattice-best-path[5.5]:main():lattice-best-path.cc:99) For utterance BAC009S0765W0424, best cost 75.6574 + -282.161 = -206.504 over 464 frames.
LOG (lattice-best-path[5.5]:main():lattice-best-path.cc:99) For utterance BAC009S0765W0425, best cost 106.196 + -265.688 = -159.492 over 436 frames.
LOG (lattice-best-path[5.5]:main():lattice-best-path.cc:99) For utterance BAC009S0765W0426, best cost 62.5713 + -171.108 = -108.536 over 314 frames.
LOG (lattice-best-path[5.5]:main():lattice-best-path.cc:99) For utterance BAC009S0765W0427, best cost 110.633 + -284.506 = -173.873 over 477 frames.
LOG (lattice-best-path[5.5]:main():lattice-best-path.cc:99) For utterance BAC009S0765W0428, best cost 173.85 + -398.219 = -224.369 over 650 frames.
LOG (lattice-best-path[5.5]:main():lattice-best-path.cc:99) For utterance BAC009S0765W0429, best cost 48.7629 + -130.883 = -82.1196 over 254 frames.
LOG (lattice-best-path[5.5]:main():lattice-best-path.cc:99) For utterance BAC009S0765W0430, best cost 64.9249 + -185.641 = -120.716 over 307 frames.
LOG (lattice-best-path[5.5]:main():lattice-best-path.cc:99) For utterance BAC009S0765W0431, best cost 123.358 + -314.392 = -191.033 over 550 frames.
LOG (lattice-best-path[5.5]:main():lattice-best-path.cc:99) For utterance BAC009S0765W0432, best cost 92.9697 + -309.109 = -216.139 over 488 frames.
LOG (lattice-best-path[5.5]:main():lattice-best-path.cc:99) For utterance BAC009S0765W0433, best cost 67.7969 + -195.549 = -127.752 over 336 frames.
LOG (lattice-best-path[5.5]:main():lattice-best-path.cc:99) For utterance BAC009S0765W0434, best cost 61.0606 + -208.465 = -147.405 over 351 frames.
LOG (lattice-best-path[5.5]:main():lattice-best-path.cc:99) For utterance BAC009S0765W0435, best cost 104.295 + -291.549 = -187.253 over 459 frames.
LOG (lattice-best-path[5.5]:main():lattice-best-path.cc:99) For utterance BAC009S0765W0436, best cost 65.0715 + -255.351 = -190.28 over 444 frames.
LOG (lattice-best-path[5.5]:main():lattice-best-path.cc:99) For utterance BAC009S0765W0437, best cost 143.258 + -368.563 = -225.305 over 628 frames.
LOG (lattice-best-path[5.5]:main():lattice-best-path.cc:99) For utterance BAC009S0765W0438, best cost 91.663 + -208.91 = -117.247 over 357 frames.
LOG (lattice-best-path[5.5]:main():lattice-best-path.cc:99) For utterance BAC009S0765W0439, best cost 97.1056 + -209.806 = -112.7 over 383 frames.
LOG (lattice-best-path[5.5]:main():lattice-best-path.cc:99) For utterance BAC009S0765W0440, best cost 82.8537 + -207.923 = -125.069 over 347 frames.
LOG (lattice-best-path[5.5]:main():lattice-best-path.cc:99) For utterance BAC009S0765W0441, best cost 71.4088 + -238.43 = -167.021 over 431 frames.
LOG (lattice-best-path[5.5]:main():lattice-best-path.cc:99) For utterance BAC009S0765W0442, best cost 58.7611 + -170.05 = -111.289 over 335 frames.
LOG (lattice-best-path[5.5]:main():lattice-best-path.cc:99) For utterance BAC009S0765W0443, best cost 109.425 + -300.121 = -190.696 over 485 frames.
LOG (lattice-best-path[5.5]:main():lattice-best-path.cc:99) For utterance BAC009S0765W0444, best cost 127.336 + -328.431 = -201.095 over 565 frames.
LOG (lattice-best-path[5.5]:main():lattice-best-path.cc:99) For utterance BAC009S0765W0445, best cost 148.524 + -419.679 = -271.155 over 695 frames.
LOG (lattice-best-path[5.5]:main():lattice-best-path.cc:99) For utterance BAC009S0765W0446, best cost 66.5876 + -258.396 = -191.808 over 478 frames.
LOG (lattice-best-path[5.5]:main():lattice-best-path.cc:99) For utterance BAC009S0765W0447, best cost 153.195 + -480.395 = -327.2 over 787 frames.
LOG (lattice-best-path[5.5]:main():lattice-best-path.cc:99) For utterance BAC009S0765W0448, best cost 94.4388 + -239.026 = -144.587 over 388 frames.
LOG (lattice-best-path[5.5]:main():lattice-best-path.cc:99) For utterance BAC009S0765W0449, best cost 111.69 + -292.501 = -180.811 over 483 frames.
LOG (lattice-best-path[5.5]:main():lattice-best-path.cc:99) For utterance BAC009S0765W0450, best cost 60.7601 + -240.384 = -179.624 over 398 frames.
LOG (lattice-best-path[5.5]:main():lattice-best-path.cc:99) For utterance BAC009S0765W0451, best cost 128.07 + -368.229 = -240.159 over 602 frames.
LOG (lattice-best-path[5.5]:main():lattice-best-path.cc:99) For utterance BAC009S0765W0452, best cost 124.777 + -338.754 = -213.977 over 541 frames.
LOG (lattice-best-path[5.5]:main():lattice-best-path.cc:99) For utterance BAC009S0765W0453, best cost 84.1793 + -317.732 = -233.553 over 572 frames.
LOG (lattice-best-path[5.5]:main():lattice-best-path.cc:99) For utterance BAC009S0765W0454, best cost 143.069 + -335.137 = -192.068 over 583 frames.
LOG (lattice-best-path[5.5]:main():lattice-best-path.cc:99) For utterance BAC009S0765W0455, best cost 70.3056 + -298.093 = -227.788 over 476 frames.
LOG (lattice-best-path[5.5]:main():lattice-best-path.cc:99) For utterance BAC009S0765W0456, best cost 131.978 + -365.059 = -233.081 over 601 frames.
LOG (lattice-best-path[5.5]:main():lattice-best-path.cc:99) For utterance BAC009S0765W0457, best cost 111.524 + -308.46 = -196.936 over 524 frames.
LOG (lattice-best-path[5.5]:main():lattice-best-path.cc:99) For utterance BAC009S0765W0458, best cost 115.066 + -326.085 = -211.018 over 493 frames.
LOG (lattice-best-path[5.5]:main():lattice-best-path.cc:99) For utterance BAC009S0765W0459, best cost 67.3774 + -165.765 = -98.3875 over 306 frames.
LOG (lattice-best-path[5.5]:main():lattice-best-path.cc:99) For utterance BAC009S0765W0460, best cost 105.534 + -314.769 = -209.236 over 531 frames.
LOG (lattice-best-path[5.5]:main():lattice-best-path.cc:99) For utterance BAC009S0765W0461, best cost 113.642 + -334.978 = -221.336 over 523 frames.
LOG (lattice-best-path[5.5]:main():lattice-best-path.cc:99) For utterance BAC009S0765W0462, best cost 162.58 + -443.966 = -281.386 over 750 frames.
LOG (lattice-best-path[5.5]:main():lattice-best-path.cc:99) For utterance BAC009S0765W0463, best cost 53.6629 + -192.259 = -138.596 over 336 frames.
LOG (lattice-best-path[5.5]:main():lattice-best-path.cc:99) For utterance BAC009S0765W0464, best cost 82.5158 + -282.689 = -200.173 over 522 frames.
LOG (lattice-best-path[5.5]:main():lattice-best-path.cc:99) For utterance BAC009S0765W0465, best cost 48.1179 + -237.214 = -189.096 over 384 frames.
LOG (lattice-best-path[5.5]:main():lattice-best-path.cc:99) For utterance BAC009S0765W0466, best cost 68.428 + -259.904 = -191.476 over 448 frames.
LOG (lattice-best-path[5.5]:main():lattice-best-path.cc:99) For utterance BAC009S0765W0467, best cost 35.9493 + -168.8 = -132.851 over 292 frames.
LOG (lattice-best-path[5.5]:main():lattice-best-path.cc:99) For utterance BAC009S0765W0468, best cost 115.738 + -377.59 = -261.853 over 597 frames.
LOG (lattice-best-path[5.5]:main():lattice-best-path.cc:99) For utterance BAC009S0765W0469, best cost 154.682 + -396.573 = -241.891 over 621 frames.
LOG (lattice-best-path[5.5]:main():lattice-best-path.cc:99) For utterance BAC009S0765W0470, best cost 144.116 + -423.498 = -279.381 over 697 frames.
LOG (lattice-best-path[5.5]:main():lattice-best-path.cc:99) For utterance BAC009S0765W0471, best cost 84.4059 + -243.653 = -159.247 over 404 frames.
LOG (lattice-best-path[5.5]:main():lattice-best-path.cc:99) For utterance BAC009S0765W0472, best cost 81.8498 + -199.905 = -118.055 over 380 frames.
LOG (lattice-best-path[5.5]:main():lattice-best-path.cc:99) For utterance BAC009S0765W0473, best cost 125.316 + -283.162 = -157.846 over 497 frames.
LOG (lattice-best-path[5.5]:main():lattice-best-path.cc:99) For utterance BAC009S0765W0474, best cost 115.286 + -355.298 = -240.011 over 565 frames.
LOG (lattice-best-path[5.5]:main():lattice-best-path.cc:99) For utterance BAC009S0765W0475, best cost 82.3673 + -270.249 = -187.882 over 420 frames.
LOG (lattice-best-path[5.5]:main():lattice-best-path.cc:99) For utterance BAC009S0765W0476, best cost 79.5283 + -210.974 = -131.446 over 347 frames.
LOG (lattice-best-path[5.5]:main():lattice-best-path.cc:99) For utterance BAC009S0765W0477, best cost 128.156 + -344.975 = -216.819 over 571 frames.
LOG (lattice-best-path[5.5]:main():lattice-best-path.cc:99) For utterance BAC009S0765W0478, best cost 93.2198 + -231.214 = -137.994 over 410 frames.
LOG (lattice-best-path[5.5]:main():lattice-best-path.cc:99) For utterance BAC009S0765W0479, best cost 74.0724 + -194.046 = -119.974 over 342 frames.
LOG (lattice-best-path[5.5]:main():lattice-best-path.cc:99) For utterance BAC009S0765W0480, best cost 88.9801 + -209.413 = -120.432 over 391 frames.
LOG (lattice-best-path[5.5]:main():lattice-best-path.cc:99) For utterance BAC009S0765W0481, best cost 141.726 + -369.969 = -228.243 over 611 frames.
LOG (lattice-best-path[5.5]:main():lattice-best-path.cc:99) For utterance BAC009S0765W0482, best cost 112.361 + -289.813 = -177.452 over 484 frames.
LOG (lattice-best-path[5.5]:main():lattice-best-path.cc:99) For utterance BAC009S0765W0483, best cost 73.6863 + -188.063 = -114.377 over 319 frames.
LOG (lattice-best-path[5.5]:main():lattice-best-path.cc:99) For utterance BAC009S0765W0484, best cost 152.133 + -431.444 = -279.311 over 695 frames.
LOG (lattice-best-path[5.5]:main():lattice-best-path.cc:99) For utterance BAC009S0765W0485, best cost 129.795 + -344.476 = -214.68 over 582 frames.
LOG (lattice-best-path[5.5]:main():lattice-best-path.cc:99) For utterance BAC009S0765W0486, best cost 126.211 + -358.652 = -232.441 over 555 frames.
LOG (lattice-best-path[5.5]:main():lattice-best-path.cc:99) For utterance BAC009S0765W0487, best cost 133.559 + -363.138 = -229.58 over 622 frames.
LOG (lattice-best-path[5.5]:main():lattice-best-path.cc:99) For utterance BAC009S0765W0488, best cost 161.893 + -378.646 = -216.753 over 626 frames.
LOG (lattice-best-path[5.5]:main():lattice-best-path.cc:99) For utterance BAC009S0765W0489, best cost 130.142 + -382.636 = -252.494 over 590 frames.
LOG (lattice-best-path[5.5]:main():lattice-best-path.cc:99) For utterance BAC009S0765W0490, best cost 101.315 + -438.891 = -337.576 over 686 frames.
LOG (lattice-best-path[5.5]:main():lattice-best-path.cc:99) For utterance BAC009S0765W0491, best cost 110.07 + -294.134 = -184.064 over 488 frames.
LOG (lattice-best-path[5.5]:main():lattice-best-path.cc:99) For utterance BAC009S0765W0492, best cost 102.551 + -269.531 = -166.981 over 455 frames.
LOG (lattice-best-path[5.5]:main():lattice-best-path.cc:99) For utterance BAC009S0765W0493, best cost 101.051 + -273.843 = -172.792 over 441 frames.
LOG (lattice-best-path[5.5]:main():lattice-best-path.cc:99) For utterance BAC009S0765W0494, best cost 96.2055 + -257.892 = -161.687 over 435 frames.
LOG (lattice-depth-per-frame[5.5]:main():lattice-depth-per-frame.cc:82) Done 361 lattices.
LOG (lattice-best-path[5.5]:main():lattice-best-path.cc:99) For utterance BAC009S0765W0495, best cost 164.709 + -415.334 = -250.625 over 670 frames.
LOG (lattice-best-path[5.5]:main():lattice-best-path.cc:124) Overall cost per frame is -0.403226 = 0.202391 [graph] + -0.605617 [acoustic] over 167367 frames.
LOG (lattice-best-path[5.5]:main():lattice-best-path.cc:128) Done 361 lattices, failed for 0
# Accounting: time=2 threads=1
# Ended (code 0) at Sat Jun 18 23:01:52 CST 2022, elapsed time 2 seconds
