# lattice-depth-per-frame "ark:gunzip -c exp/nnet3/new_dnn_sp/decode_test/lat.1.gz|" "ark,t:|gzip -c > exp/nnet3/new_dnn_sp/decode_test/depth_tmp.1.gz" ark:- | lattice-best-path --acoustic-scale=0.1 ark:- ark:/dev/null "ark,t:|gzip -c >exp/nnet3/new_dnn_sp/decode_test/ali_tmp.1.gz" 
# Started at Sat Jun 18 23:01:50 CST 2022
#
lattice-depth-per-frame 'ark:gunzip -c exp/nnet3/new_dnn_sp/decode_test/lat.1.gz|' 'ark,t:|gzip -c > exp/nnet3/new_dnn_sp/decode_test/depth_tmp.1.gz' ark:- 
lattice-best-path --acoustic-scale=0.1 ark:- ark:/dev/null 'ark,t:|gzip -c >exp/nnet3/new_dnn_sp/decode_test/ali_tmp.1.gz' 
LOG (lattice-best-path[5.5]:main():lattice-best-path.cc:99) For utterance BAC009S0764W0121, best cost 77.1995 + -249.222 = -172.023 over 418 frames.
LOG (lattice-best-path[5.5]:main():lattice-best-path.cc:99) For utterance BAC009S0764W0122, best cost 66.9993 + -238.237 = -171.238 over 410 frames.
LOG (lattice-best-path[5.5]:main():lattice-best-path.cc:99) For utterance BAC009S0764W0123, best cost 85.4669 + -236.08 = -150.613 over 398 frames.
LOG (lattice-best-path[5.5]:main():lattice-best-path.cc:99) For utterance BAC009S0764W0124, best cost 88.8148 + -337.872 = -249.057 over 522 frames.
LOG (lattice-best-path[5.5]:main():lattice-best-path.cc:99) For utterance BAC009S0764W0125, best cost 60.8253 + -243.132 = -182.307 over 429 frames.
LOG (lattice-best-path[5.5]:main():lattice-best-path.cc:99) For utterance BAC009S0764W0126, best cost 52.9803 + -208.869 = -155.888 over 348 frames.
LOG (lattice-best-path[5.5]:main():lattice-best-path.cc:99) For utterance BAC009S0764W0127, best cost 42.5567 + -273.217 = -230.66 over 443 frames.
LOG (lattice-best-path[5.5]:main():lattice-best-path.cc:99) For utterance BAC009S0764W0128, best cost 49.1701 + -211.529 = -162.359 over 355 frames.
LOG (lattice-best-path[5.5]:main():lattice-best-path.cc:99) For utterance BAC009S0764W0129, best cost 66.2759 + -217.519 = -151.244 over 357 frames.
LOG (lattice-best-path[5.5]:main():lattice-best-path.cc:99) For utterance BAC009S0764W0130, best cost 101.798 + -297.929 = -196.131 over 523 frames.
LOG (lattice-best-path[5.5]:main():lattice-best-path.cc:99) For utterance BAC009S0764W0131, best cost 52.9604 + -307.91 = -254.95 over 498 frames.
LOG (lattice-best-path[5.5]:main():lattice-best-path.cc:99) For utterance BAC009S0764W0132, best cost 38.4909 + -218.25 = -179.759 over 364 frames.
LOG (lattice-best-path[5.5]:main():lattice-best-path.cc:99) For utterance BAC009S0764W0133, best cost 74.4924 + -201.559 = -127.067 over 354 frames.
LOG (lattice-best-path[5.5]:main():lattice-best-path.cc:99) For utterance BAC009S0764W0134, best cost 67.6134 + -247.556 = -179.943 over 417 frames.
LOG (lattice-best-path[5.5]:main():lattice-best-path.cc:99) For utterance BAC009S0764W0135, best cost 72.7749 + -237.691 = -164.916 over 388 frames.
LOG (lattice-best-path[5.5]:main():lattice-best-path.cc:99) For utterance BAC009S0764W0136, best cost 100.513 + -319.703 = -219.19 over 502 frames.
LOG (lattice-best-path[5.5]:main():lattice-best-path.cc:99) For utterance BAC009S0764W0137, best cost 71.5434 + -216.335 = -144.792 over 359 frames.
LOG (lattice-best-path[5.5]:main():lattice-best-path.cc:99) For utterance BAC009S0764W0138, best cost 46.8098 + -211.291 = -164.482 over 356 frames.
LOG (lattice-best-path[5.5]:main():lattice-best-path.cc:99) For utterance BAC009S0764W0139, best cost 34.709 + -187.971 = -153.262 over 331 frames.
LOG (lattice-best-path[5.5]:main():lattice-best-path.cc:99) For utterance BAC009S0764W0140, best cost 86.2075 + -357.372 = -271.164 over 615 frames.
LOG (lattice-best-path[5.5]:main():lattice-best-path.cc:99) For utterance BAC009S0764W0141, best cost 52.2139 + -139.158 = -86.9439 over 248 frames.
LOG (lattice-best-path[5.5]:main():lattice-best-path.cc:99) For utterance BAC009S0764W0142, best cost 58.6194 + -211.56 = -152.94 over 345 frames.
LOG (lattice-best-path[5.5]:main():lattice-best-path.cc:99) For utterance BAC009S0764W0143, best cost 137.361 + -436.907 = -299.547 over 710 frames.
LOG (lattice-best-path[5.5]:main():lattice-best-path.cc:99) For utterance BAC009S0764W0144, best cost 121.19 + -431.345 = -310.156 over 685 frames.
LOG (lattice-best-path[5.5]:main():lattice-best-path.cc:99) For utterance BAC009S0764W0145, best cost 53.0412 + -304.034 = -250.993 over 534 frames.
LOG (lattice-best-path[5.5]:main():lattice-best-path.cc:99) For utterance BAC009S0764W0146, best cost 44.7651 + -190.088 = -145.323 over 373 frames.
LOG (lattice-best-path[5.5]:main():lattice-best-path.cc:99) For utterance BAC009S0764W0147, best cost 54.3295 + -165.696 = -111.366 over 314 frames.
LOG (lattice-best-path[5.5]:main():lattice-best-path.cc:99) For utterance BAC009S0764W0148, best cost 57.956 + -269.43 = -211.474 over 425 frames.
LOG (lattice-best-path[5.5]:main():lattice-best-path.cc:99) For utterance BAC009S0764W0149, best cost 57.547 + -191.501 = -133.954 over 332 frames.
LOG (lattice-best-path[5.5]:main():lattice-best-path.cc:99) For utterance BAC009S0764W0150, best cost 46.6172 + -207.926 = -161.309 over 337 frames.
LOG (lattice-best-path[5.5]:main():lattice-best-path.cc:99) For utterance BAC009S0764W0151, best cost 58.4944 + -193.917 = -135.422 over 348 frames.
LOG (lattice-best-path[5.5]:main():lattice-best-path.cc:99) For utterance BAC009S0764W0152, best cost 64.3853 + -231.702 = -167.316 over 386 frames.
LOG (lattice-best-path[5.5]:main():lattice-best-path.cc:99) For utterance BAC009S0764W0153, best cost 74.1935 + -383.62 = -309.426 over 611 frames.
LOG (lattice-best-path[5.5]:main():lattice-best-path.cc:99) For utterance BAC009S0764W0154, best cost 114.562 + -366.949 = -252.387 over 585 frames.
LOG (lattice-best-path[5.5]:main():lattice-best-path.cc:99) For utterance BAC009S0764W0155, best cost 76.836 + -199.932 = -123.096 over 340 frames.
LOG (lattice-best-path[5.5]:main():lattice-best-path.cc:99) For utterance BAC009S0764W0156, best cost 81.209 + -198.127 = -116.918 over 362 frames.
LOG (lattice-best-path[5.5]:main():lattice-best-path.cc:99) For utterance BAC009S0764W0157, best cost 82.0514 + -254.499 = -172.447 over 393 frames.
LOG (lattice-best-path[5.5]:main():lattice-best-path.cc:99) For utterance BAC009S0764W0158, best cost 98.5559 + -346.886 = -248.33 over 586 frames.
LOG (lattice-best-path[5.5]:main():lattice-best-path.cc:99) For utterance BAC009S0764W0159, best cost 83.3207 + -270.908 = -187.587 over 431 frames.
LOG (lattice-best-path[5.5]:main():lattice-best-path.cc:99) For utterance BAC009S0764W0160, best cost 84.0911 + -296.905 = -212.814 over 535 frames.
LOG (lattice-best-path[5.5]:main():lattice-best-path.cc:99) For utterance BAC009S0764W0161, best cost 91.5625 + -297.357 = -205.795 over 524 frames.
LOG (lattice-best-path[5.5]:main():lattice-best-path.cc:99) For utterance BAC009S0764W0162, best cost 137.331 + -456.013 = -318.681 over 735 frames.
LOG (lattice-best-path[5.5]:main():lattice-best-path.cc:99) For utterance BAC009S0764W0163, best cost 67.7484 + -189.065 = -121.316 over 320 frames.
LOG (lattice-best-path[5.5]:main():lattice-best-path.cc:99) For utterance BAC009S0764W0164, best cost 89.1139 + -322.767 = -233.653 over 556 frames.
LOG (lattice-best-path[5.5]:main():lattice-best-path.cc:99) For utterance BAC009S0764W0165, best cost 86.9041 + -269.592 = -182.688 over 429 frames.
LOG (lattice-best-path[5.5]:main():lattice-best-path.cc:99) For utterance BAC009S0764W0166, best cost 34.6599 + -110.778 = -76.1179 over 207 frames.
LOG (lattice-best-path[5.5]:main():lattice-best-path.cc:99) For utterance BAC009S0764W0167, best cost 51.5984 + -183.745 = -132.146 over 304 frames.
LOG (lattice-best-path[5.5]:main():lattice-best-path.cc:99) For utterance BAC009S0764W0168, best cost 83.0854 + -257.557 = -174.472 over 412 frames.
LOG (lattice-best-path[5.5]:main():lattice-best-path.cc:99) For utterance BAC009S0764W0169, best cost 60.4791 + -209.941 = -149.461 over 365 frames.
LOG (lattice-best-path[5.5]:main():lattice-best-path.cc:99) For utterance BAC009S0764W0170, best cost 116.871 + -406.028 = -289.157 over 656 frames.
LOG (lattice-best-path[5.5]:main():lattice-best-path.cc:99) For utterance BAC009S0764W0171, best cost 110.662 + -376.092 = -265.43 over 637 frames.
LOG (lattice-best-path[5.5]:main():lattice-best-path.cc:99) For utterance BAC009S0764W0172, best cost 77.0247 + -310.152 = -233.127 over 498 frames.
LOG (lattice-best-path[5.5]:main():lattice-best-path.cc:99) For utterance BAC009S0764W0173, best cost 92.1123 + -278.237 = -186.124 over 473 frames.
LOG (lattice-best-path[5.5]:main():lattice-best-path.cc:99) For utterance BAC009S0764W0174, best cost 75.0249 + -215.932 = -140.907 over 370 frames.
LOG (lattice-best-path[5.5]:main():lattice-best-path.cc:99) For utterance BAC009S0764W0175, best cost 106.023 + -323.238 = -217.215 over 548 frames.
LOG (lattice-best-path[5.5]:main():lattice-best-path.cc:99) For utterance BAC009S0764W0176, best cost 101.009 + -324.76 = -223.751 over 589 frames.
LOG (lattice-best-path[5.5]:main():lattice-best-path.cc:99) For utterance BAC009S0764W0177, best cost 63.9812 + -256.675 = -192.694 over 422 frames.
LOG (lattice-best-path[5.5]:main():lattice-best-path.cc:99) For utterance BAC009S0764W0178, best cost 131.488 + -386.03 = -254.542 over 613 frames.
LOG (lattice-best-path[5.5]:main():lattice-best-path.cc:99) For utterance BAC009S0764W0179, best cost 125.708 + -469.089 = -343.381 over 790 frames.
LOG (lattice-best-path[5.5]:main():lattice-best-path.cc:99) For utterance BAC009S0764W0180, best cost 62.0307 + -199.32 = -137.289 over 331 frames.
LOG (lattice-best-path[5.5]:main():lattice-best-path.cc:99) For utterance BAC009S0764W0181, best cost 101.438 + -351.405 = -249.967 over 598 frames.
LOG (lattice-best-path[5.5]:main():lattice-best-path.cc:99) For utterance BAC009S0764W0183, best cost 61.8559 + -204.317 = -142.461 over 342 frames.
LOG (lattice-best-path[5.5]:main():lattice-best-path.cc:99) For utterance BAC009S0764W0184, best cost 122.462 + -347.433 = -224.971 over 568 frames.
LOG (lattice-best-path[5.5]:main():lattice-best-path.cc:99) For utterance BAC009S0764W0185, best cost 54.4072 + -191.498 = -137.091 over 306 frames.
LOG (lattice-best-path[5.5]:main():lattice-best-path.cc:99) For utterance BAC009S0764W0186, best cost 66.1705 + -262.954 = -196.784 over 423 frames.
LOG (lattice-best-path[5.5]:main():lattice-best-path.cc:99) For utterance BAC009S0764W0187, best cost 108.789 + -365.984 = -257.195 over 598 frames.
LOG (lattice-best-path[5.5]:main():lattice-best-path.cc:99) For utterance BAC009S0764W0188, best cost 55.0903 + -238.837 = -183.747 over 396 frames.
LOG (lattice-best-path[5.5]:main():lattice-best-path.cc:99) For utterance BAC009S0764W0189, best cost 61.2962 + -251.614 = -190.318 over 406 frames.
LOG (lattice-best-path[5.5]:main():lattice-best-path.cc:99) For utterance BAC009S0764W0190, best cost 53.6292 + -212.215 = -158.585 over 368 frames.
LOG (lattice-best-path[5.5]:main():lattice-best-path.cc:99) For utterance BAC009S0764W0191, best cost 106.171 + -379.797 = -273.626 over 578 frames.
LOG (lattice-best-path[5.5]:main():lattice-best-path.cc:99) For utterance BAC009S0764W0192, best cost 119.575 + -399.599 = -280.024 over 654 frames.
LOG (lattice-best-path[5.5]:main():lattice-best-path.cc:99) For utterance BAC009S0764W0193, best cost 114.042 + -387.161 = -273.119 over 626 frames.
LOG (lattice-best-path[5.5]:main():lattice-best-path.cc:99) For utterance BAC009S0764W0194, best cost 58.7157 + -174.406 = -115.691 over 312 frames.
LOG (lattice-best-path[5.5]:main():lattice-best-path.cc:99) For utterance BAC009S0764W0195, best cost 72.9824 + -215.631 = -142.648 over 359 frames.
LOG (lattice-best-path[5.5]:main():lattice-best-path.cc:99) For utterance BAC009S0764W0196, best cost 67.4848 + -221.217 = -153.732 over 367 frames.
LOG (lattice-best-path[5.5]:main():lattice-best-path.cc:99) For utterance BAC009S0764W0197, best cost 58.398 + -179.37 = -120.972 over 305 frames.
LOG (lattice-best-path[5.5]:main():lattice-best-path.cc:99) For utterance BAC009S0764W0198, best cost 118.865 + -335.911 = -217.046 over 567 frames.
LOG (lattice-best-path[5.5]:main():lattice-best-path.cc:99) For utterance BAC009S0764W0199, best cost 48.4012 + -171.462 = -123.061 over 329 frames.
LOG (lattice-best-path[5.5]:main():lattice-best-path.cc:99) For utterance BAC009S0764W0200, best cost 51.5041 + -190.74 = -139.236 over 298 frames.
LOG (lattice-best-path[5.5]:main():lattice-best-path.cc:99) For utterance BAC009S0764W0201, best cost 120.715 + -363.098 = -242.383 over 574 frames.
LOG (lattice-best-path[5.5]:main():lattice-best-path.cc:99) For utterance BAC009S0764W0202, best cost 97.2806 + -281.659 = -184.379 over 457 frames.
LOG (lattice-best-path[5.5]:main():lattice-best-path.cc:99) For utterance BAC009S0764W0203, best cost 121.981 + -406.576 = -284.595 over 639 frames.
LOG (lattice-best-path[5.5]:main():lattice-best-path.cc:99) For utterance BAC009S0764W0204, best cost 119.043 + -329.373 = -210.33 over 525 frames.
LOG (lattice-best-path[5.5]:main():lattice-best-path.cc:99) For utterance BAC009S0764W0205, best cost 105.41 + -366.139 = -260.73 over 630 frames.
LOG (lattice-best-path[5.5]:main():lattice-best-path.cc:99) For utterance BAC009S0764W0206, best cost 35.9131 + -228.547 = -192.633 over 379 frames.
LOG (lattice-best-path[5.5]:main():lattice-best-path.cc:99) For utterance BAC009S0764W0207, best cost 101.808 + -320.269 = -218.461 over 528 frames.
LOG (lattice-best-path[5.5]:main():lattice-best-path.cc:99) For utterance BAC009S0764W0208, best cost 66.9258 + -224.564 = -157.639 over 371 frames.
LOG (lattice-best-path[5.5]:main():lattice-best-path.cc:99) For utterance BAC009S0764W0209, best cost 155.174 + -472.927 = -317.753 over 805 frames.
LOG (lattice-best-path[5.5]:main():lattice-best-path.cc:99) For utterance BAC009S0764W0210, best cost 66.4848 + -231.333 = -164.849 over 391 frames.
LOG (lattice-best-path[5.5]:main():lattice-best-path.cc:99) For utterance BAC009S0764W0211, best cost 94.0739 + -297.565 = -203.491 over 464 frames.
LOG (lattice-best-path[5.5]:main():lattice-best-path.cc:99) For utterance BAC009S0764W0212, best cost 118.118 + -363.375 = -245.257 over 569 frames.
LOG (lattice-best-path[5.5]:main():lattice-best-path.cc:99) For utterance BAC009S0764W0213, best cost 63.8092 + -209.582 = -145.773 over 361 frames.
LOG (lattice-best-path[5.5]:main():lattice-best-path.cc:99) For utterance BAC009S0764W0214, best cost 111.878 + -340.546 = -228.668 over 534 frames.
LOG (lattice-best-path[5.5]:main():lattice-best-path.cc:99) For utterance BAC009S0764W0215, best cost 104.516 + -318.043 = -213.526 over 548 frames.
LOG (lattice-best-path[5.5]:main():lattice-best-path.cc:99) For utterance BAC009S0764W0216, best cost 120.065 + -305.785 = -185.72 over 579 frames.
LOG (lattice-best-path[5.5]:main():lattice-best-path.cc:99) For utterance BAC009S0764W0217, best cost 47.461 + -173.563 = -126.102 over 304 frames.
LOG (lattice-best-path[5.5]:main():lattice-best-path.cc:99) For utterance BAC009S0764W0218, best cost 104.856 + -335.801 = -230.945 over 532 frames.
LOG (lattice-best-path[5.5]:main():lattice-best-path.cc:99) For utterance BAC009S0764W0219, best cost 94.6873 + -411.009 = -316.322 over 663 frames.
LOG (lattice-best-path[5.5]:main():lattice-best-path.cc:99) For utterance BAC009S0764W0220, best cost 97.6552 + -339.836 = -242.18 over 515 frames.
LOG (lattice-best-path[5.5]:main():lattice-best-path.cc:99) For utterance BAC009S0764W0221, best cost 89.1532 + -253.24 = -164.087 over 408 frames.
LOG (lattice-best-path[5.5]:main():lattice-best-path.cc:99) For utterance BAC009S0764W0222, best cost 99.1253 + -328.188 = -229.063 over 539 frames.
LOG (lattice-best-path[5.5]:main():lattice-best-path.cc:99) For utterance BAC009S0764W0223, best cost 99.0941 + -376.509 = -277.415 over 612 frames.
LOG (lattice-best-path[5.5]:main():lattice-best-path.cc:99) For utterance BAC009S0764W0224, best cost 63.725 + -256.766 = -193.041 over 467 frames.
LOG (lattice-best-path[5.5]:main():lattice-best-path.cc:99) For utterance BAC009S0764W0225, best cost 115.829 + -425.134 = -309.304 over 665 frames.
LOG (lattice-best-path[5.5]:main():lattice-best-path.cc:99) For utterance BAC009S0764W0226, best cost 172.163 + -478.723 = -306.56 over 798 frames.
LOG (lattice-best-path[5.5]:main():lattice-best-path.cc:99) For utterance BAC009S0764W0227, best cost 42.6013 + -171.926 = -129.324 over 301 frames.
LOG (lattice-best-path[5.5]:main():lattice-best-path.cc:99) For utterance BAC009S0764W0228, best cost 86.901 + -240.066 = -153.165 over 418 frames.
LOG (lattice-best-path[5.5]:main():lattice-best-path.cc:99) For utterance BAC009S0764W0229, best cost 79.0065 + -213.935 = -134.928 over 354 frames.
LOG (lattice-best-path[5.5]:main():lattice-best-path.cc:99) For utterance BAC009S0764W0230, best cost 42.6861 + -195.099 = -152.413 over 325 frames.
LOG (lattice-best-path[5.5]:main():lattice-best-path.cc:99) For utterance BAC009S0764W0231, best cost 63.2051 + -218.209 = -155.004 over 386 frames.
LOG (lattice-best-path[5.5]:main():lattice-best-path.cc:99) For utterance BAC009S0764W0232, best cost 123.039 + -354.312 = -231.273 over 622 frames.
LOG (lattice-best-path[5.5]:main():lattice-best-path.cc:99) For utterance BAC009S0764W0233, best cost 98.6361 + -346.39 = -247.754 over 565 frames.
LOG (lattice-best-path[5.5]:main():lattice-best-path.cc:99) For utterance BAC009S0764W0234, best cost 77.1518 + -250.418 = -173.267 over 410 frames.
LOG (lattice-best-path[5.5]:main():lattice-best-path.cc:99) For utterance BAC009S0764W0235, best cost 69.1532 + -253.824 = -184.671 over 405 frames.
LOG (lattice-best-path[5.5]:main():lattice-best-path.cc:99) For utterance BAC009S0764W0236, best cost 55.348 + -203.745 = -148.397 over 364 frames.
LOG (lattice-best-path[5.5]:main():lattice-best-path.cc:99) For utterance BAC009S0764W0237, best cost 113.836 + -357.927 = -244.091 over 547 frames.
LOG (lattice-best-path[5.5]:main():lattice-best-path.cc:99) For utterance BAC009S0764W0238, best cost 82.6705 + -286.932 = -204.262 over 461 frames.
LOG (lattice-best-path[5.5]:main():lattice-best-path.cc:99) For utterance BAC009S0764W0239, best cost 100.911 + -363.2 = -262.289 over 587 frames.
LOG (lattice-best-path[5.5]:main():lattice-best-path.cc:99) For utterance BAC009S0764W0240, best cost 60.1399 + -173.867 = -113.727 over 308 frames.
LOG (lattice-best-path[5.5]:main():lattice-best-path.cc:99) For utterance BAC009S0764W0242, best cost 62.5098 + -198.178 = -135.668 over 326 frames.
LOG (lattice-best-path[5.5]:main():lattice-best-path.cc:99) For utterance BAC009S0764W0243, best cost 69.8194 + -212.658 = -142.838 over 364 frames.
LOG (lattice-best-path[5.5]:main():lattice-best-path.cc:99) For utterance BAC009S0764W0244, best cost 94.9838 + -290.592 = -195.608 over 448 frames.
LOG (lattice-best-path[5.5]:main():lattice-best-path.cc:99) For utterance BAC009S0764W0245, best cost 104.096 + -316.743 = -212.646 over 517 frames.
LOG (lattice-best-path[5.5]:main():lattice-best-path.cc:99) For utterance BAC009S0764W0246, best cost 130.647 + -419.841 = -289.194 over 718 frames.
LOG (lattice-best-path[5.5]:main():lattice-best-path.cc:99) For utterance BAC009S0764W0247, best cost 89.7892 + -297.263 = -207.474 over 472 frames.
LOG (lattice-best-path[5.5]:main():lattice-best-path.cc:99) For utterance BAC009S0764W0248, best cost 77.0743 + -237.119 = -160.045 over 407 frames.
LOG (lattice-best-path[5.5]:main():lattice-best-path.cc:99) For utterance BAC009S0764W0249, best cost 92.9124 + -278.721 = -185.809 over 459 frames.
LOG (lattice-best-path[5.5]:main():lattice-best-path.cc:99) For utterance BAC009S0764W0250, best cost 71.7478 + -222.796 = -151.049 over 378 frames.
LOG (lattice-best-path[5.5]:main():lattice-best-path.cc:99) For utterance BAC009S0764W0251, best cost 78.4424 + -225.356 = -146.914 over 402 frames.
LOG (lattice-best-path[5.5]:main():lattice-best-path.cc:99) For utterance BAC009S0764W0252, best cost 83.6449 + -272.412 = -188.767 over 472 frames.
LOG (lattice-best-path[5.5]:main():lattice-best-path.cc:99) For utterance BAC009S0764W0253, best cost 89.6427 + -242.336 = -152.694 over 398 frames.
LOG (lattice-best-path[5.5]:main():lattice-best-path.cc:99) For utterance BAC009S0764W0254, best cost 132.504 + -424.311 = -291.808 over 653 frames.
LOG (lattice-best-path[5.5]:main():lattice-best-path.cc:99) For utterance BAC009S0764W0255, best cost 125.017 + -327.864 = -202.847 over 532 frames.
LOG (lattice-best-path[5.5]:main():lattice-best-path.cc:99) For utterance BAC009S0764W0256, best cost 87.4278 + -250.39 = -162.962 over 447 frames.
LOG (lattice-best-path[5.5]:main():lattice-best-path.cc:99) For utterance BAC009S0764W0257, best cost 129.924 + -348.946 = -219.021 over 552 frames.
LOG (lattice-best-path[5.5]:main():lattice-best-path.cc:99) For utterance BAC009S0764W0258, best cost 78.8113 + -192.855 = -114.044 over 348 frames.
LOG (lattice-best-path[5.5]:main():lattice-best-path.cc:99) For utterance BAC009S0764W0259, best cost 76.947 + -214.394 = -137.447 over 348 frames.
LOG (lattice-best-path[5.5]:main():lattice-best-path.cc:99) For utterance BAC009S0764W0260, best cost 56.3209 + -158.35 = -102.029 over 299 frames.
LOG (lattice-best-path[5.5]:main():lattice-best-path.cc:99) For utterance BAC009S0764W0261, best cost 83.9966 + -203.727 = -119.731 over 344 frames.
LOG (lattice-best-path[5.5]:main():lattice-best-path.cc:99) For utterance BAC009S0764W0262, best cost 106.767 + -300.087 = -193.319 over 492 frames.
LOG (lattice-best-path[5.5]:main():lattice-best-path.cc:99) For utterance BAC009S0764W0263, best cost 67.7546 + -186.464 = -118.709 over 348 frames.
LOG (lattice-best-path[5.5]:main():lattice-best-path.cc:99) For utterance BAC009S0764W0264, best cost 119.414 + -302.126 = -182.712 over 486 frames.
LOG (lattice-best-path[5.5]:main():lattice-best-path.cc:99) For utterance BAC009S0764W0265, best cost 107.453 + -294.345 = -186.892 over 456 frames.
LOG (lattice-best-path[5.5]:main():lattice-best-path.cc:99) For utterance BAC009S0764W0266, best cost 165.537 + -453.185 = -287.648 over 706 frames.
LOG (lattice-best-path[5.5]:main():lattice-best-path.cc:99) For utterance BAC009S0764W0267, best cost 128.856 + -324.965 = -196.109 over 557 frames.
LOG (lattice-best-path[5.5]:main():lattice-best-path.cc:99) For utterance BAC009S0764W0268, best cost 61.1653 + -173.581 = -112.415 over 297 frames.
LOG (lattice-best-path[5.5]:main():lattice-best-path.cc:99) For utterance BAC009S0764W0269, best cost 87.9084 + -244.593 = -156.684 over 420 frames.
LOG (lattice-best-path[5.5]:main():lattice-best-path.cc:99) For utterance BAC009S0764W0270, best cost 129.088 + -363.606 = -234.518 over 585 frames.
LOG (lattice-best-path[5.5]:main():lattice-best-path.cc:99) For utterance BAC009S0764W0271, best cost 109.59 + -332.865 = -223.275 over 526 frames.
LOG (lattice-best-path[5.5]:main():lattice-best-path.cc:99) For utterance BAC009S0764W0272, best cost 80.7497 + -252.808 = -172.058 over 408 frames.
LOG (lattice-best-path[5.5]:main():lattice-best-path.cc:99) For utterance BAC009S0764W0273, best cost 72.3662 + -269.297 = -196.931 over 432 frames.
LOG (lattice-best-path[5.5]:main():lattice-best-path.cc:99) For utterance BAC009S0764W0274, best cost 89.9994 + -278.504 = -188.505 over 458 frames.
LOG (lattice-best-path[5.5]:main():lattice-best-path.cc:99) For utterance BAC009S0764W0275, best cost 145.336 + -445.355 = -300.019 over 708 frames.
LOG (lattice-best-path[5.5]:main():lattice-best-path.cc:99) For utterance BAC009S0764W0276, best cost 63.7503 + -238.646 = -174.896 over 409 frames.
LOG (lattice-best-path[5.5]:main():lattice-best-path.cc:99) For utterance BAC009S0764W0277, best cost 130.119 + -328.926 = -198.807 over 585 frames.
LOG (lattice-best-path[5.5]:main():lattice-best-path.cc:99) For utterance BAC009S0764W0278, best cost 106.511 + -294.982 = -188.471 over 486 frames.
LOG (lattice-best-path[5.5]:main():lattice-best-path.cc:99) For utterance BAC009S0764W0279, best cost 68.3837 + -190.785 = -122.402 over 328 frames.
LOG (lattice-best-path[5.5]:main():lattice-best-path.cc:99) For utterance BAC009S0764W0280, best cost 145.083 + -474.489 = -329.406 over 798 frames.
LOG (lattice-best-path[5.5]:main():lattice-best-path.cc:99) For utterance BAC009S0764W0281, best cost 93.566 + -259.267 = -165.701 over 428 frames.
LOG (lattice-best-path[5.5]:main():lattice-best-path.cc:99) For utterance BAC009S0764W0282, best cost 108.232 + -369.474 = -261.242 over 591 frames.
LOG (lattice-best-path[5.5]:main():lattice-best-path.cc:99) For utterance BAC009S0764W0283, best cost 91.9822 + -284.235 = -192.252 over 525 frames.
LOG (lattice-best-path[5.5]:main():lattice-best-path.cc:99) For utterance BAC009S0764W0284, best cost 56.5276 + -202.155 = -145.627 over 328 frames.
LOG (lattice-best-path[5.5]:main():lattice-best-path.cc:99) For utterance BAC009S0764W0285, best cost 90.7346 + -302.645 = -211.911 over 473 frames.
LOG (lattice-best-path[5.5]:main():lattice-best-path.cc:99) For utterance BAC009S0764W0287, best cost 115.252 + -364.842 = -249.59 over 567 frames.
LOG (lattice-best-path[5.5]:main():lattice-best-path.cc:99) For utterance BAC009S0764W0288, best cost 93.9867 + -317.045 = -223.058 over 509 frames.
LOG (lattice-best-path[5.5]:main():lattice-best-path.cc:99) For utterance BAC009S0764W0289, best cost 82.1083 + -255.222 = -173.114 over 436 frames.
LOG (lattice-best-path[5.5]:main():lattice-best-path.cc:99) For utterance BAC009S0764W0290, best cost 70.911 + -246.721 = -175.81 over 423 frames.
LOG (lattice-best-path[5.5]:main():lattice-best-path.cc:99) For utterance BAC009S0764W0291, best cost 63.9803 + -210.884 = -146.904 over 357 frames.
LOG (lattice-best-path[5.5]:main():lattice-best-path.cc:99) For utterance BAC009S0764W0292, best cost 97.8148 + -268.65 = -170.836 over 448 frames.
LOG (lattice-best-path[5.5]:main():lattice-best-path.cc:99) For utterance BAC009S0764W0293, best cost 86.0178 + -228.677 = -142.66 over 420 frames.
LOG (lattice-best-path[5.5]:main():lattice-best-path.cc:99) For utterance BAC009S0764W0294, best cost 155.338 + -437.089 = -281.751 over 674 frames.
LOG (lattice-best-path[5.5]:main():lattice-best-path.cc:99) For utterance BAC009S0764W0295, best cost 130.344 + -448.456 = -318.112 over 719 frames.
LOG (lattice-best-path[5.5]:main():lattice-best-path.cc:99) For utterance BAC009S0764W0296, best cost 102.678 + -300.502 = -197.824 over 523 frames.
LOG (lattice-best-path[5.5]:main():lattice-best-path.cc:99) For utterance BAC009S0764W0297, best cost 102.654 + -332.539 = -229.885 over 520 frames.
LOG (lattice-best-path[5.5]:main():lattice-best-path.cc:99) For utterance BAC009S0764W0298, best cost 74.6694 + -196.33 = -121.661 over 342 frames.
LOG (lattice-best-path[5.5]:main():lattice-best-path.cc:99) For utterance BAC009S0764W0299, best cost 78.0176 + -240.847 = -162.829 over 419 frames.
LOG (lattice-best-path[5.5]:main():lattice-best-path.cc:99) For utterance BAC009S0764W0300, best cost 78.734 + -211.292 = -132.558 over 348 frames.
LOG (lattice-best-path[5.5]:main():lattice-best-path.cc:99) For utterance BAC009S0764W0301, best cost 142.961 + -385.832 = -242.872 over 596 frames.
LOG (lattice-best-path[5.5]:main():lattice-best-path.cc:99) For utterance BAC009S0764W0302, best cost 108.948 + -315.982 = -207.034 over 532 frames.
LOG (lattice-best-path[5.5]:main():lattice-best-path.cc:99) For utterance BAC009S0764W0303, best cost 71.2116 + -272.619 = -201.407 over 448 frames.
LOG (lattice-best-path[5.5]:main():lattice-best-path.cc:99) For utterance BAC009S0764W0304, best cost 94.3991 + -306.783 = -212.384 over 483 frames.
LOG (lattice-best-path[5.5]:main():lattice-best-path.cc:99) For utterance BAC009S0764W0305, best cost 100.806 + -308.108 = -207.302 over 508 frames.
LOG (lattice-best-path[5.5]:main():lattice-best-path.cc:99) For utterance BAC009S0764W0306, best cost 60.173 + -210.327 = -150.154 over 372 frames.
LOG (lattice-best-path[5.5]:main():lattice-best-path.cc:99) For utterance BAC009S0764W0307, best cost 113.463 + -330.209 = -216.746 over 539 frames.
LOG (lattice-best-path[5.5]:main():lattice-best-path.cc:99) For utterance BAC009S0764W0308, best cost 109.051 + -407.247 = -298.196 over 648 frames.
LOG (lattice-best-path[5.5]:main():lattice-best-path.cc:99) For utterance BAC009S0764W0309, best cost 60.671 + -220.423 = -159.753 over 349 frames.
LOG (lattice-best-path[5.5]:main():lattice-best-path.cc:99) For utterance BAC009S0764W0310, best cost 83.5735 + -242.346 = -158.773 over 410 frames.
LOG (lattice-best-path[5.5]:main():lattice-best-path.cc:99) For utterance BAC009S0764W0311, best cost 85.7412 + -296.367 = -210.626 over 467 frames.
LOG (lattice-best-path[5.5]:main():lattice-best-path.cc:99) For utterance BAC009S0764W0312, best cost 59.9234 + -201.185 = -141.261 over 327 frames.
LOG (lattice-best-path[5.5]:main():lattice-best-path.cc:99) For utterance BAC009S0764W0313, best cost 92.243 + -254.894 = -162.651 over 409 frames.
LOG (lattice-best-path[5.5]:main():lattice-best-path.cc:99) For utterance BAC009S0764W0314, best cost 81.952 + -243.66 = -161.708 over 426 frames.
LOG (lattice-best-path[5.5]:main():lattice-best-path.cc:99) For utterance BAC009S0764W0315, best cost 83.3643 + -341.857 = -258.492 over 563 frames.
LOG (lattice-best-path[5.5]:main():lattice-best-path.cc:99) For utterance BAC009S0764W0316, best cost 101.894 + -390.23 = -288.337 over 611 frames.
LOG (lattice-best-path[5.5]:main():lattice-best-path.cc:99) For utterance BAC009S0764W0317, best cost 136.744 + -488.286 = -351.543 over 757 frames.
LOG (lattice-best-path[5.5]:main():lattice-best-path.cc:99) For utterance BAC009S0764W0318, best cost 88.4878 + -285.632 = -197.144 over 482 frames.
LOG (lattice-best-path[5.5]:main():lattice-best-path.cc:99) For utterance BAC009S0764W0319, best cost 91.7729 + -380.152 = -288.379 over 597 frames.
LOG (lattice-best-path[5.5]:main():lattice-best-path.cc:99) For utterance BAC009S0764W0320, best cost 60.5652 + -182.915 = -122.35 over 317 frames.
LOG (lattice-best-path[5.5]:main():lattice-best-path.cc:99) For utterance BAC009S0764W0321, best cost 106.418 + -319.952 = -213.534 over 525 frames.
LOG (lattice-best-path[5.5]:main():lattice-best-path.cc:99) For utterance BAC009S0764W0322, best cost 153.369 + -403.177 = -249.808 over 660 frames.
LOG (lattice-best-path[5.5]:main():lattice-best-path.cc:99) For utterance BAC009S0764W0323, best cost 140.512 + -393.734 = -253.223 over 624 frames.
LOG (lattice-best-path[5.5]:main():lattice-best-path.cc:99) For utterance BAC009S0764W0324, best cost 68.6528 + -264.083 = -195.43 over 424 frames.
LOG (lattice-best-path[5.5]:main():lattice-best-path.cc:99) For utterance BAC009S0764W0325, best cost 64.269 + -175.502 = -111.232 over 307 frames.
LOG (lattice-best-path[5.5]:main():lattice-best-path.cc:99) For utterance BAC009S0764W0326, best cost 80.2749 + -219.923 = -139.648 over 375 frames.
LOG (lattice-best-path[5.5]:main():lattice-best-path.cc:99) For utterance BAC009S0764W0327, best cost 57.4721 + -194.667 = -137.195 over 338 frames.
LOG (lattice-best-path[5.5]:main():lattice-best-path.cc:99) For utterance BAC009S0764W0328, best cost 57.7542 + -228.727 = -170.973 over 385 frames.
LOG (lattice-best-path[5.5]:main():lattice-best-path.cc:99) For utterance BAC009S0764W0329, best cost 75.3926 + -186.743 = -111.35 over 329 frames.
LOG (lattice-best-path[5.5]:main():lattice-best-path.cc:99) For utterance BAC009S0764W0330, best cost 139.988 + -377.084 = -237.096 over 614 frames.
LOG (lattice-best-path[5.5]:main():lattice-best-path.cc:99) For utterance BAC009S0764W0331, best cost 108.555 + -324.925 = -216.369 over 521 frames.
LOG (lattice-best-path[5.5]:main():lattice-best-path.cc:99) For utterance BAC009S0764W0332, best cost 82.5449 + -227.112 = -144.567 over 360 frames.
LOG (lattice-best-path[5.5]:main():lattice-best-path.cc:99) For utterance BAC009S0764W0333, best cost 80.1016 + -203.101 = -122.999 over 388 frames.
LOG (lattice-best-path[5.5]:main():lattice-best-path.cc:99) For utterance BAC009S0764W0334, best cost 92.8154 + -314.849 = -222.034 over 486 frames.
LOG (lattice-best-path[5.5]:main():lattice-best-path.cc:99) For utterance BAC009S0764W0335, best cost 66.0939 + -252.448 = -186.354 over 413 frames.
LOG (lattice-best-path[5.5]:main():lattice-best-path.cc:99) For utterance BAC009S0764W0336, best cost 56.4136 + -162.896 = -106.482 over 272 frames.
LOG (lattice-best-path[5.5]:main():lattice-best-path.cc:99) For utterance BAC009S0764W0338, best cost 132.742 + -375.487 = -242.745 over 603 frames.
LOG (lattice-best-path[5.5]:main():lattice-best-path.cc:99) For utterance BAC009S0764W0339, best cost 88.7365 + -275.451 = -186.715 over 446 frames.
LOG (lattice-best-path[5.5]:main():lattice-best-path.cc:99) For utterance BAC009S0764W0340, best cost 100.828 + -248.067 = -147.239 over 398 frames.
LOG (lattice-best-path[5.5]:main():lattice-best-path.cc:99) For utterance BAC009S0764W0341, best cost 103.886 + -285.539 = -181.653 over 479 frames.
LOG (lattice-best-path[5.5]:main():lattice-best-path.cc:99) For utterance BAC009S0764W0342, best cost 106.418 + -267.537 = -161.119 over 439 frames.
LOG (lattice-best-path[5.5]:main():lattice-best-path.cc:99) For utterance BAC009S0764W0343, best cost 157.341 + -436.432 = -279.09 over 675 frames.
LOG (lattice-best-path[5.5]:main():lattice-best-path.cc:99) For utterance BAC009S0764W0344, best cost 87.9649 + -178.586 = -90.6206 over 307 frames.
LOG (lattice-best-path[5.5]:main():lattice-best-path.cc:99) For utterance BAC009S0764W0345, best cost 79.7434 + -244.232 = -164.489 over 407 frames.
LOG (lattice-best-path[5.5]:main():lattice-best-path.cc:99) For utterance BAC009S0764W0346, best cost 62.5548 + -183.372 = -120.818 over 298 frames.
LOG (lattice-best-path[5.5]:main():lattice-best-path.cc:99) For utterance BAC009S0764W0347, best cost 125.507 + -322.59 = -197.082 over 519 frames.
LOG (lattice-best-path[5.5]:main():lattice-best-path.cc:99) For utterance BAC009S0764W0348, best cost 80.3977 + -185.304 = -104.906 over 316 frames.
LOG (lattice-best-path[5.5]:main():lattice-best-path.cc:99) For utterance BAC009S0764W0349, best cost 66.7372 + -166.557 = -99.8201 over 285 frames.
LOG (lattice-best-path[5.5]:main():lattice-best-path.cc:99) For utterance BAC009S0764W0350, best cost 110.408 + -273.005 = -162.597 over 445 frames.
LOG (lattice-best-path[5.5]:main():lattice-best-path.cc:99) For utterance BAC009S0764W0351, best cost 65.771 + -163.29 = -97.5192 over 278 frames.
LOG (lattice-best-path[5.5]:main():lattice-best-path.cc:99) For utterance BAC009S0764W0352, best cost 78.279 + -190.245 = -111.966 over 316 frames.
LOG (lattice-best-path[5.5]:main():lattice-best-path.cc:99) For utterance BAC009S0764W0353, best cost 75.6759 + -211.394 = -135.718 over 347 frames.
LOG (lattice-best-path[5.5]:main():lattice-best-path.cc:99) For utterance BAC009S0764W0354, best cost 76.307 + -249.928 = -173.621 over 455 frames.
LOG (lattice-best-path[5.5]:main():lattice-best-path.cc:99) For utterance BAC009S0764W0355, best cost 92.8957 + -195.127 = -102.231 over 328 frames.
LOG (lattice-best-path[5.5]:main():lattice-best-path.cc:99) For utterance BAC009S0764W0356, best cost 70.6446 + -213.708 = -143.063 over 356 frames.
LOG (lattice-best-path[5.5]:main():lattice-best-path.cc:99) For utterance BAC009S0764W0357, best cost 111.628 + -340.814 = -229.186 over 532 frames.
LOG (lattice-best-path[5.5]:main():lattice-best-path.cc:99) For utterance BAC009S0764W0358, best cost 97.1498 + -251.652 = -154.502 over 418 frames.
LOG (lattice-best-path[5.5]:main():lattice-best-path.cc:99) For utterance BAC009S0764W0359, best cost 68.9257 + -201.935 = -133.01 over 348 frames.
LOG (lattice-best-path[5.5]:main():lattice-best-path.cc:99) For utterance BAC009S0764W0360, best cost 111.625 + -302.184 = -190.559 over 468 frames.
LOG (lattice-best-path[5.5]:main():lattice-best-path.cc:99) For utterance BAC009S0764W0361, best cost 106.223 + -294.665 = -188.442 over 477 frames.
LOG (lattice-best-path[5.5]:main():lattice-best-path.cc:99) For utterance BAC009S0764W0362, best cost 78.7112 + -210.904 = -132.193 over 373 frames.
LOG (lattice-best-path[5.5]:main():lattice-best-path.cc:99) For utterance BAC009S0764W0363, best cost 116.05 + -280.478 = -164.429 over 461 frames.
LOG (lattice-best-path[5.5]:main():lattice-best-path.cc:99) For utterance BAC009S0764W0364, best cost 74.3089 + -202.735 = -128.426 over 346 frames.
LOG (lattice-best-path[5.5]:main():lattice-best-path.cc:99) For utterance BAC009S0764W0365, best cost 104.626 + -260.046 = -155.42 over 451 frames.
LOG (lattice-best-path[5.5]:main():lattice-best-path.cc:99) For utterance BAC009S0764W0366, best cost 61.181 + -160.915 = -99.7344 over 291 frames.
LOG (lattice-best-path[5.5]:main():lattice-best-path.cc:99) For utterance BAC009S0764W0367, best cost 67.2162 + -187.287 = -120.071 over 330 frames.
LOG (lattice-best-path[5.5]:main():lattice-best-path.cc:99) For utterance BAC009S0764W0368, best cost 60.1389 + -187.262 = -127.123 over 328 frames.
LOG (lattice-best-path[5.5]:main():lattice-best-path.cc:99) For utterance BAC009S0764W0369, best cost 111.221 + -315.95 = -204.728 over 498 frames.
LOG (lattice-best-path[5.5]:main():lattice-best-path.cc:99) For utterance BAC009S0764W0370, best cost 81.7821 + -213.749 = -131.967 over 355 frames.
LOG (lattice-best-path[5.5]:main():lattice-best-path.cc:99) For utterance BAC009S0764W0371, best cost 142.186 + -363.065 = -220.879 over 572 frames.
LOG (lattice-best-path[5.5]:main():lattice-best-path.cc:99) For utterance BAC009S0764W0372, best cost 128.961 + -348.375 = -219.414 over 533 frames.
LOG (lattice-best-path[5.5]:main():lattice-best-path.cc:99) For utterance BAC009S0764W0373, best cost 78.8328 + -238.144 = -159.311 over 407 frames.
LOG (lattice-best-path[5.5]:main():lattice-best-path.cc:99) For utterance BAC009S0764W0374, best cost 81.3757 + -206.349 = -124.974 over 347 frames.
LOG (lattice-best-path[5.5]:main():lattice-best-path.cc:99) For utterance BAC009S0764W0375, best cost 112.289 + -321.949 = -209.66 over 508 frames.
LOG (lattice-best-path[5.5]:main():lattice-best-path.cc:99) For utterance BAC009S0764W0376, best cost 60.5212 + -177.835 = -117.313 over 298 frames.
LOG (lattice-best-path[5.5]:main():lattice-best-path.cc:99) For utterance BAC009S0764W0377, best cost 99.8889 + -279.836 = -179.947 over 443 frames.
LOG (lattice-best-path[5.5]:main():lattice-best-path.cc:99) For utterance BAC009S0764W0378, best cost 107.393 + -267.131 = -159.739 over 423 frames.
LOG (lattice-best-path[5.5]:main():lattice-best-path.cc:99) For utterance BAC009S0764W0379, best cost 104.566 + -308.73 = -204.164 over 499 frames.
LOG (lattice-best-path[5.5]:main():lattice-best-path.cc:99) For utterance BAC009S0764W0380, best cost 140.801 + -375.75 = -234.949 over 588 frames.
LOG (lattice-best-path[5.5]:main():lattice-best-path.cc:99) For utterance BAC009S0764W0381, best cost 70.0122 + -277.036 = -207.023 over 442 frames.
LOG (lattice-best-path[5.5]:main():lattice-best-path.cc:99) For utterance BAC009S0764W0382, best cost 99.8377 + -363.098 = -263.261 over 565 frames.
LOG (lattice-best-path[5.5]:main():lattice-best-path.cc:99) For utterance BAC009S0764W0383, best cost 74.946 + -229.968 = -155.022 over 370 frames.
LOG (lattice-best-path[5.5]:main():lattice-best-path.cc:99) For utterance BAC009S0764W0384, best cost 111.852 + -337.053 = -225.201 over 558 frames.
LOG (lattice-best-path[5.5]:main():lattice-best-path.cc:99) For utterance BAC009S0764W0385, best cost 62.0301 + -203.61 = -141.58 over 354 frames.
LOG (lattice-best-path[5.5]:main():lattice-best-path.cc:99) For utterance BAC009S0764W0386, best cost 78.7808 + -240.522 = -161.741 over 398 frames.
LOG (lattice-best-path[5.5]:main():lattice-best-path.cc:99) For utterance BAC009S0764W0387, best cost 131.593 + -348.124 = -216.531 over 548 frames.
LOG (lattice-best-path[5.5]:main():lattice-best-path.cc:99) For utterance BAC009S0764W0388, best cost 65.6476 + -170.52 = -104.873 over 298 frames.
LOG (lattice-best-path[5.5]:main():lattice-best-path.cc:99) For utterance BAC009S0764W0389, best cost 118.403 + -345.997 = -227.593 over 554 frames.
LOG (lattice-best-path[5.5]:main():lattice-best-path.cc:99) For utterance BAC009S0764W0390, best cost 107.433 + -314.145 = -206.711 over 494 frames.
LOG (lattice-best-path[5.5]:main():lattice-best-path.cc:99) For utterance BAC009S0764W0391, best cost 132.008 + -371.813 = -239.806 over 618 frames.
LOG (lattice-best-path[5.5]:main():lattice-best-path.cc:99) For utterance BAC009S0764W0392, best cost 75.3219 + -255.769 = -180.447 over 454 frames.
LOG (lattice-best-path[5.5]:main():lattice-best-path.cc:99) For utterance BAC009S0764W0393, best cost 138.546 + -351.161 = -212.615 over 565 frames.
LOG (lattice-best-path[5.5]:main():lattice-best-path.cc:99) For utterance BAC009S0764W0394, best cost 105.396 + -309.182 = -203.787 over 526 frames.
LOG (lattice-best-path[5.5]:main():lattice-best-path.cc:99) For utterance BAC009S0764W0395, best cost 75.2564 + -252.177 = -176.921 over 405 frames.
LOG (lattice-best-path[5.5]:main():lattice-best-path.cc:99) For utterance BAC009S0764W0396, best cost 76.6409 + -226.969 = -150.328 over 376 frames.
LOG (lattice-best-path[5.5]:main():lattice-best-path.cc:99) For utterance BAC009S0764W0397, best cost 148.309 + -388.505 = -240.196 over 617 frames.
LOG (lattice-best-path[5.5]:main():lattice-best-path.cc:99) For utterance BAC009S0764W0398, best cost 114.663 + -386.881 = -272.217 over 586 frames.
LOG (lattice-best-path[5.5]:main():lattice-best-path.cc:99) For utterance BAC009S0764W0399, best cost 115.51 + -310.327 = -194.817 over 518 frames.
LOG (lattice-best-path[5.5]:main():lattice-best-path.cc:99) For utterance BAC009S0764W0400, best cost 76.3118 + -295.667 = -219.355 over 481 frames.
LOG (lattice-best-path[5.5]:main():lattice-best-path.cc:99) For utterance BAC009S0764W0401, best cost 85.6289 + -303.559 = -217.93 over 485 frames.
LOG (lattice-best-path[5.5]:main():lattice-best-path.cc:99) For utterance BAC009S0764W0402, best cost 137.363 + -527.121 = -389.758 over 825 frames.
LOG (lattice-best-path[5.5]:main():lattice-best-path.cc:99) For utterance BAC009S0764W0403, best cost 82.3827 + -239.296 = -156.914 over 398 frames.
LOG (lattice-best-path[5.5]:main():lattice-best-path.cc:99) For utterance BAC009S0764W0404, best cost 96.139 + -373.674 = -277.535 over 602 frames.
LOG (lattice-best-path[5.5]:main():lattice-best-path.cc:99) For utterance BAC009S0764W0405, best cost 120.247 + -382.037 = -261.791 over 648 frames.
LOG (lattice-best-path[5.5]:main():lattice-best-path.cc:99) For utterance BAC009S0764W0406, best cost 117.654 + -321.591 = -203.937 over 508 frames.
LOG (lattice-best-path[5.5]:main():lattice-best-path.cc:99) For utterance BAC009S0764W0407, best cost 57.5204 + -184.035 = -126.514 over 299 frames.
LOG (lattice-best-path[5.5]:main():lattice-best-path.cc:99) For utterance BAC009S0764W0408, best cost 52.1164 + -154.955 = -102.839 over 264 frames.
LOG (lattice-best-path[5.5]:main():lattice-best-path.cc:99) For utterance BAC009S0764W0409, best cost 65.6013 + -191.632 = -126.031 over 363 frames.
LOG (lattice-best-path[5.5]:main():lattice-best-path.cc:99) For utterance BAC009S0764W0410, best cost 75.1727 + -187.285 = -112.113 over 319 frames.
LOG (lattice-best-path[5.5]:main():lattice-best-path.cc:99) For utterance BAC009S0764W0411, best cost 42.5225 + -232.157 = -189.634 over 356 frames.
LOG (lattice-best-path[5.5]:main():lattice-best-path.cc:99) For utterance BAC009S0764W0412, best cost 26.8541 + -156.873 = -130.019 over 254 frames.
LOG (lattice-best-path[5.5]:main():lattice-best-path.cc:99) For utterance BAC009S0764W0413, best cost 83.3559 + -217.291 = -133.935 over 359 frames.
LOG (lattice-best-path[5.5]:main():lattice-best-path.cc:99) For utterance BAC009S0764W0414, best cost 95.3028 + -284.465 = -189.162 over 489 frames.
LOG (lattice-best-path[5.5]:main():lattice-best-path.cc:99) For utterance BAC009S0764W0415, best cost 125.855 + -377.136 = -251.281 over 580 frames.
LOG (lattice-best-path[5.5]:main():lattice-best-path.cc:99) For utterance BAC009S0764W0416, best cost 107.706 + -267.815 = -160.109 over 465 frames.
LOG (lattice-best-path[5.5]:main():lattice-best-path.cc:99) For utterance BAC009S0764W0417, best cost 119.122 + -308.85 = -189.728 over 493 frames.
LOG (lattice-best-path[5.5]:main():lattice-best-path.cc:99) For utterance BAC009S0764W0418, best cost 30.9591 + -236.444 = -205.485 over 385 frames.
LOG (lattice-best-path[5.5]:main():lattice-best-path.cc:99) For utterance BAC009S0764W0419, best cost 126.419 + -283.601 = -157.182 over 477 frames.
LOG (lattice-best-path[5.5]:main():lattice-best-path.cc:99) For utterance BAC009S0764W0420, best cost 60.3079 + -192.073 = -131.765 over 329 frames.
LOG (lattice-best-path[5.5]:main():lattice-best-path.cc:99) For utterance BAC009S0764W0421, best cost 71.4305 + -183.749 = -112.319 over 308 frames.
LOG (lattice-best-path[5.5]:main():lattice-best-path.cc:99) For utterance BAC009S0764W0422, best cost 100.307 + -254.585 = -154.279 over 435 frames.
LOG (lattice-best-path[5.5]:main():lattice-best-path.cc:99) For utterance BAC009S0764W0423, best cost 126.968 + -315.184 = -188.216 over 529 frames.
LOG (lattice-best-path[5.5]:main():lattice-best-path.cc:99) For utterance BAC009S0764W0424, best cost 65.5427 + -205.162 = -139.619 over 353 frames.
LOG (lattice-best-path[5.5]:main():lattice-best-path.cc:99) For utterance BAC009S0764W0425, best cost 47.0421 + -123.098 = -76.0561 over 239 frames.
LOG (lattice-best-path[5.5]:main():lattice-best-path.cc:99) For utterance BAC009S0764W0426, best cost 48.4129 + -117.947 = -69.5345 over 258 frames.
LOG (lattice-best-path[5.5]:main():lattice-best-path.cc:99) For utterance BAC009S0764W0427, best cost 114.324 + -303.992 = -189.668 over 518 frames.
LOG (lattice-best-path[5.5]:main():lattice-best-path.cc:99) For utterance BAC009S0764W0428, best cost 144.403 + -367.833 = -223.43 over 578 frames.
LOG (lattice-best-path[5.5]:main():lattice-best-path.cc:99) For utterance BAC009S0764W0429, best cost 91.2177 + -291.394 = -200.176 over 472 frames.
LOG (lattice-best-path[5.5]:main():lattice-best-path.cc:99) For utterance BAC009S0764W0430, best cost 140.169 + -337.823 = -197.654 over 554 frames.
LOG (lattice-best-path[5.5]:main():lattice-best-path.cc:99) For utterance BAC009S0764W0431, best cost 128.237 + -371.328 = -243.091 over 585 frames.
LOG (lattice-best-path[5.5]:main():lattice-best-path.cc:99) For utterance BAC009S0764W0432, best cost 73.4941 + -221.245 = -147.751 over 398 frames.
LOG (lattice-best-path[5.5]:main():lattice-best-path.cc:99) For utterance BAC009S0764W0433, best cost 91.6973 + -312.734 = -221.037 over 492 frames.
LOG (lattice-best-path[5.5]:main():lattice-best-path.cc:99) For utterance BAC009S0764W0434, best cost 90.562 + -344.851 = -254.289 over 575 frames.
LOG (lattice-best-path[5.5]:main():lattice-best-path.cc:99) For utterance BAC009S0764W0435, best cost 81.6327 + -239.064 = -157.431 over 394 frames.
LOG (lattice-best-path[5.5]:main():lattice-best-path.cc:99) For utterance BAC009S0764W0436, best cost 165.448 + -461.358 = -295.91 over 736 frames.
LOG (lattice-best-path[5.5]:main():lattice-best-path.cc:99) For utterance BAC009S0764W0437, best cost 100.674 + -275.375 = -174.7 over 430 frames.
LOG (lattice-best-path[5.5]:main():lattice-best-path.cc:99) For utterance BAC009S0764W0438, best cost 134.652 + -324.376 = -189.725 over 563 frames.
LOG (lattice-best-path[5.5]:main():lattice-best-path.cc:99) For utterance BAC009S0764W0439, best cost 65.3834 + -182.013 = -116.629 over 318 frames.
LOG (lattice-best-path[5.5]:main():lattice-best-path.cc:99) For utterance BAC009S0764W0440, best cost 129.388 + -356.186 = -226.799 over 584 frames.
LOG (lattice-best-path[5.5]:main():lattice-best-path.cc:99) For utterance BAC009S0764W0441, best cost 129.69 + -354.214 = -224.525 over 581 frames.
LOG (lattice-best-path[5.5]:main():lattice-best-path.cc:99) For utterance BAC009S0764W0442, best cost 154.72 + -444.508 = -289.787 over 674 frames.
LOG (lattice-best-path[5.5]:main():lattice-best-path.cc:99) For utterance BAC009S0764W0443, best cost 86.1739 + -191.611 = -105.437 over 314 frames.
LOG (lattice-best-path[5.5]:main():lattice-best-path.cc:99) For utterance BAC009S0764W0444, best cost 73.3335 + -203.658 = -130.325 over 336 frames.
LOG (lattice-best-path[5.5]:main():lattice-best-path.cc:99) For utterance BAC009S0764W0445, best cost 60.3579 + -204.147 = -143.789 over 346 frames.
LOG (lattice-best-path[5.5]:main():lattice-best-path.cc:99) For utterance BAC009S0764W0446, best cost 57.1425 + -182.528 = -125.385 over 319 frames.
LOG (lattice-best-path[5.5]:main():lattice-best-path.cc:99) For utterance BAC009S0764W0447, best cost 85.6305 + -242.971 = -157.341 over 420 frames.
LOG (lattice-best-path[5.5]:main():lattice-best-path.cc:99) For utterance BAC009S0764W0448, best cost 110.149 + -264.449 = -154.3 over 446 frames.
LOG (lattice-best-path[5.5]:main():lattice-best-path.cc:99) For utterance BAC009S0764W0449, best cost 95.0802 + -292.623 = -197.542 over 476 frames.
LOG (lattice-best-path[5.5]:main():lattice-best-path.cc:99) For utterance BAC009S0764W0450, best cost 37.6145 + -196.615 = -159.001 over 380 frames.
LOG (lattice-best-path[5.5]:main():lattice-best-path.cc:99) For utterance BAC009S0764W0451, best cost 75.3702 + -237.254 = -161.884 over 417 frames.
LOG (lattice-best-path[5.5]:main():lattice-best-path.cc:99) For utterance BAC009S0764W0452, best cost 109.868 + -227.766 = -117.898 over 406 frames.
LOG (lattice-best-path[5.5]:main():lattice-best-path.cc:99) For utterance BAC009S0764W0453, best cost 92.1319 + -210.936 = -118.804 over 362 frames.
LOG (lattice-best-path[5.5]:main():lattice-best-path.cc:99) For utterance BAC009S0764W0454, best cost 46.7154 + -164.27 = -117.555 over 341 frames.
LOG (lattice-best-path[5.5]:main():lattice-best-path.cc:99) For utterance BAC009S0764W0455, best cost 80.3053 + -239.958 = -159.653 over 428 frames.
LOG (lattice-best-path[5.5]:main():lattice-best-path.cc:99) For utterance BAC009S0764W0456, best cost 50.9369 + -155.753 = -104.816 over 274 frames.
LOG (lattice-best-path[5.5]:main():lattice-best-path.cc:99) For utterance BAC009S0764W0457, best cost 115.823 + -414.392 = -298.569 over 628 frames.
LOG (lattice-best-path[5.5]:main():lattice-best-path.cc:99) For utterance BAC009S0764W0458, best cost 139.254 + -358.151 = -218.898 over 616 frames.
LOG (lattice-best-path[5.5]:main():lattice-best-path.cc:99) For utterance BAC009S0764W0459, best cost 109.443 + -306.418 = -196.976 over 498 frames.
LOG (lattice-best-path[5.5]:main():lattice-best-path.cc:99) For utterance BAC009S0764W0460, best cost 159.374 + -446.543 = -287.169 over 714 frames.
LOG (lattice-best-path[5.5]:main():lattice-best-path.cc:99) For utterance BAC009S0764W0461, best cost 128.202 + -402.907 = -274.705 over 669 frames.
LOG (lattice-best-path[5.5]:main():lattice-best-path.cc:99) For utterance BAC009S0764W0462, best cost 91.9647 + -306.141 = -214.176 over 511 frames.
LOG (lattice-best-path[5.5]:main():lattice-best-path.cc:99) For utterance BAC009S0764W0463, best cost 96.0618 + -332.441 = -236.379 over 550 frames.
LOG (lattice-best-path[5.5]:main():lattice-best-path.cc:99) For utterance BAC009S0764W0464, best cost 120.432 + -319.501 = -199.069 over 494 frames.
LOG (lattice-best-path[5.5]:main():lattice-best-path.cc:99) For utterance BAC009S0764W0465, best cost 133.84 + -277.591 = -143.751 over 447 frames.
LOG (lattice-best-path[5.5]:main():lattice-best-path.cc:99) For utterance BAC009S0764W0466, best cost 128.885 + -299.855 = -170.97 over 501 frames.
LOG (lattice-best-path[5.5]:main():lattice-best-path.cc:99) For utterance BAC009S0764W0467, best cost 144.917 + -324.236 = -179.318 over 527 frames.
LOG (lattice-best-path[5.5]:main():lattice-best-path.cc:99) For utterance BAC009S0764W0468, best cost 140.504 + -319.985 = -179.481 over 533 frames.
LOG (lattice-best-path[5.5]:main():lattice-best-path.cc:99) For utterance BAC009S0764W0469, best cost 122.91 + -445.68 = -322.77 over 714 frames.
LOG (lattice-best-path[5.5]:main():lattice-best-path.cc:99) For utterance BAC009S0764W0470, best cost 115.993 + -321.996 = -206.004 over 516 frames.
LOG (lattice-best-path[5.5]:main():lattice-best-path.cc:99) For utterance BAC009S0764W0471, best cost 84.9643 + -223.123 = -138.158 over 371 frames.
LOG (lattice-best-path[5.5]:main():lattice-best-path.cc:99) For utterance BAC009S0764W0472, best cost 162.663 + -406.512 = -243.849 over 668 frames.
LOG (lattice-best-path[5.5]:main():lattice-best-path.cc:99) For utterance BAC009S0764W0473, best cost 50.0868 + -184.13 = -134.044 over 321 frames.
LOG (lattice-best-path[5.5]:main():lattice-best-path.cc:99) For utterance BAC009S0764W0474, best cost 123.831 + -418.198 = -294.366 over 639 frames.
LOG (lattice-best-path[5.5]:main():lattice-best-path.cc:99) For utterance BAC009S0764W0475, best cost 138.111 + -455.833 = -317.722 over 715 frames.
LOG (lattice-best-path[5.5]:main():lattice-best-path.cc:99) For utterance BAC009S0764W0476, best cost 121.162 + -365.305 = -244.143 over 550 frames.
LOG (lattice-best-path[5.5]:main():lattice-best-path.cc:99) For utterance BAC009S0764W0477, best cost 78.3847 + -244.345 = -165.96 over 383 frames.
LOG (lattice-best-path[5.5]:main():lattice-best-path.cc:99) For utterance BAC009S0764W0478, best cost 136.042 + -435.788 = -299.746 over 643 frames.
LOG (lattice-best-path[5.5]:main():lattice-best-path.cc:99) For utterance BAC009S0764W0479, best cost 137.129 + -391.872 = -254.743 over 598 frames.
LOG (lattice-best-path[5.5]:main():lattice-best-path.cc:99) For utterance BAC009S0764W0480, best cost 109.612 + -295.98 = -186.368 over 465 frames.
LOG (lattice-best-path[5.5]:main():lattice-best-path.cc:99) For utterance BAC009S0764W0482, best cost 177.79 + -475.956 = -298.166 over 776 frames.
LOG (lattice-best-path[5.5]:main():lattice-best-path.cc:99) For utterance BAC009S0764W0483, best cost 108.102 + -467.685 = -359.583 over 722 frames.
LOG (lattice-best-path[5.5]:main():lattice-best-path.cc:99) For utterance BAC009S0764W0484, best cost 140.294 + -333.67 = -193.376 over 546 frames.
LOG (lattice-best-path[5.5]:main():lattice-best-path.cc:99) For utterance BAC009S0764W0485, best cost 102.119 + -263.315 = -161.196 over 439 frames.
LOG (lattice-best-path[5.5]:main():lattice-best-path.cc:99) For utterance BAC009S0764W0486, best cost 66.7248 + -216.455 = -149.73 over 362 frames.
LOG (lattice-best-path[5.5]:main():lattice-best-path.cc:99) For utterance BAC009S0764W0487, best cost 76.2294 + -208.058 = -131.829 over 342 frames.
LOG (lattice-best-path[5.5]:main():lattice-best-path.cc:99) For utterance BAC009S0764W0488, best cost 72.0432 + -220.055 = -148.011 over 342 frames.
LOG (lattice-best-path[5.5]:main():lattice-best-path.cc:99) For utterance BAC009S0764W0489, best cost 86.5677 + -217.315 = -130.747 over 343 frames.
LOG (lattice-best-path[5.5]:main():lattice-best-path.cc:99) For utterance BAC009S0764W0490, best cost 89.6936 + -262.76 = -173.067 over 410 frames.
LOG (lattice-best-path[5.5]:main():lattice-best-path.cc:99) For utterance BAC009S0764W0491, best cost 135.622 + -399.6 = -263.978 over 645 frames.
LOG (lattice-best-path[5.5]:main():lattice-best-path.cc:99) For utterance BAC009S0764W0492, best cost 71.8407 + -228.21 = -156.369 over 375 frames.
LOG (lattice-best-path[5.5]:main():lattice-best-path.cc:99) For utterance BAC009S0764W0493, best cost 114.285 + -256.806 = -142.521 over 448 frames.
LOG (lattice-best-path[5.5]:main():lattice-best-path.cc:99) For utterance BAC009S0764W0494, best cost 90.6615 + -261.938 = -171.277 over 437 frames.
LOG (lattice-depth-per-frame[5.5]:main():lattice-depth-per-frame.cc:82) Done 370 lattices.
LOG (lattice-best-path[5.5]:main():lattice-best-path.cc:99) For utterance BAC009S0764W0495, best cost 67.9489 + -192.37 = -124.421 over 346 frames.
LOG (lattice-best-path[5.5]:main():lattice-best-path.cc:124) Overall cost per frame is -0.408507 = 0.197937 [graph] + -0.606444 [acoustic] over 171896 frames.
LOG (lattice-best-path[5.5]:main():lattice-best-path.cc:128) Done 370 lattices, failed for 0
# Accounting: time=2 threads=1
# Ended (code 0) at Sat Jun 18 23:01:52 CST 2022, elapsed time 2 seconds
