# lattice-depth-per-frame "ark:gunzip -c exp/nnet3/new_dnn_sp/decode_test/lat.16.gz|" "ark,t:|gzip -c > exp/nnet3/new_dnn_sp/decode_test/depth_tmp.16.gz" ark:- | lattice-best-path --acoustic-scale=0.1 ark:- ark:/dev/null "ark,t:|gzip -c >exp/nnet3/new_dnn_sp/decode_test/ali_tmp.16.gz" 
# Started at Sat Jun 18 23:01:53 CST 2022
#
lattice-best-path --acoustic-scale=0.1 ark:- ark:/dev/null 'ark,t:|gzip -c >exp/nnet3/new_dnn_sp/decode_test/ali_tmp.16.gz' 
lattice-depth-per-frame 'ark:gunzip -c exp/nnet3/new_dnn_sp/decode_test/lat.16.gz|' 'ark,t:|gzip -c > exp/nnet3/new_dnn_sp/decode_test/depth_tmp.16.gz' ark:- 
LOG (lattice-best-path[5.5]:main():lattice-best-path.cc:99) For utterance BAC009S0912W0121, best cost 62.995 + -225.462 = -162.467 over 394 frames.
LOG (lattice-best-path[5.5]:main():lattice-best-path.cc:99) For utterance BAC009S0912W0122, best cost 101.952 + -375.869 = -273.917 over 648 frames.
LOG (lattice-best-path[5.5]:main():lattice-best-path.cc:99) For utterance BAC009S0912W0123, best cost 119.51 + -327.828 = -208.319 over 556 frames.
LOG (lattice-best-path[5.5]:main():lattice-best-path.cc:99) For utterance BAC009S0912W0124, best cost 83.5036 + -238.955 = -155.451 over 425 frames.
LOG (lattice-best-path[5.5]:main():lattice-best-path.cc:99) For utterance BAC009S0912W0125, best cost 54.5752 + -187.953 = -133.378 over 333 frames.
LOG (lattice-best-path[5.5]:main():lattice-best-path.cc:99) For utterance BAC009S0912W0126, best cost 125.224 + -318.003 = -192.779 over 571 frames.
LOG (lattice-best-path[5.5]:main():lattice-best-path.cc:99) For utterance BAC009S0912W0127, best cost 42.2927 + -234.887 = -192.594 over 398 frames.
LOG (lattice-best-path[5.5]:main():lattice-best-path.cc:99) For utterance BAC009S0912W0128, best cost 89.6664 + -296.606 = -206.94 over 493 frames.
LOG (lattice-best-path[5.5]:main():lattice-best-path.cc:99) For utterance BAC009S0912W0129, best cost 74.1505 + -320.368 = -246.217 over 514 frames.
LOG (lattice-best-path[5.5]:main():lattice-best-path.cc:99) For utterance BAC009S0912W0130, best cost 48.7545 + -151.101 = -102.346 over 285 frames.
LOG (lattice-best-path[5.5]:main():lattice-best-path.cc:99) For utterance BAC009S0912W0131, best cost 86.3856 + -336.93 = -250.545 over 535 frames.
LOG (lattice-best-path[5.5]:main():lattice-best-path.cc:99) For utterance BAC009S0912W0132, best cost 92.5238 + -305.96 = -213.436 over 493 frames.
LOG (lattice-best-path[5.5]:main():lattice-best-path.cc:99) For utterance BAC009S0912W0133, best cost 102.883 + -338.514 = -235.63 over 589 frames.
LOG (lattice-best-path[5.5]:main():lattice-best-path.cc:99) For utterance BAC009S0912W0134, best cost 98.4795 + -313.139 = -214.66 over 554 frames.
LOG (lattice-best-path[5.5]:main():lattice-best-path.cc:99) For utterance BAC009S0912W0135, best cost 129.059 + -340.697 = -211.638 over 557 frames.
LOG (lattice-best-path[5.5]:main():lattice-best-path.cc:99) For utterance BAC009S0912W0136, best cost 99.5194 + -315.923 = -216.403 over 508 frames.
LOG (lattice-best-path[5.5]:main():lattice-best-path.cc:99) For utterance BAC009S0912W0137, best cost 71.3599 + -280.525 = -209.165 over 454 frames.
LOG (lattice-best-path[5.5]:main():lattice-best-path.cc:99) For utterance BAC009S0912W0138, best cost 80.1604 + -256.554 = -176.394 over 435 frames.
LOG (lattice-best-path[5.5]:main():lattice-best-path.cc:99) For utterance BAC009S0912W0139, best cost 149.833 + -381.467 = -231.634 over 586 frames.
LOG (lattice-best-path[5.5]:main():lattice-best-path.cc:99) For utterance BAC009S0912W0140, best cost 81.8842 + -267.115 = -185.23 over 468 frames.
LOG (lattice-best-path[5.5]:main():lattice-best-path.cc:99) For utterance BAC009S0912W0141, best cost 83.8161 + -250.322 = -166.506 over 431 frames.
LOG (lattice-best-path[5.5]:main():lattice-best-path.cc:99) For utterance BAC009S0912W0142, best cost 127.655 + -464.953 = -337.298 over 720 frames.
LOG (lattice-best-path[5.5]:main():lattice-best-path.cc:99) For utterance BAC009S0912W0143, best cost 95.3875 + -265.42 = -170.033 over 460 frames.
LOG (lattice-best-path[5.5]:main():lattice-best-path.cc:99) For utterance BAC009S0912W0144, best cost 61.1842 + -176.666 = -115.482 over 325 frames.
LOG (lattice-best-path[5.5]:main():lattice-best-path.cc:99) For utterance BAC009S0912W0145, best cost 68.3983 + -190.416 = -122.018 over 345 frames.
LOG (lattice-best-path[5.5]:main():lattice-best-path.cc:99) For utterance BAC009S0912W0146, best cost 133.652 + -365.019 = -231.367 over 605 frames.
LOG (lattice-best-path[5.5]:main():lattice-best-path.cc:99) For utterance BAC009S0912W0147, best cost 67.4439 + -221.266 = -153.822 over 394 frames.
LOG (lattice-best-path[5.5]:main():lattice-best-path.cc:99) For utterance BAC009S0912W0148, best cost 77.6981 + -274.518 = -196.82 over 492 frames.
LOG (lattice-best-path[5.5]:main():lattice-best-path.cc:99) For utterance BAC009S0912W0149, best cost 126.231 + -336.312 = -210.082 over 543 frames.
LOG (lattice-best-path[5.5]:main():lattice-best-path.cc:99) For utterance BAC009S0912W0150, best cost 90.3427 + -278.05 = -187.707 over 463 frames.
LOG (lattice-best-path[5.5]:main():lattice-best-path.cc:99) For utterance BAC009S0912W0151, best cost 71.5583 + -185.852 = -114.294 over 325 frames.
LOG (lattice-best-path[5.5]:main():lattice-best-path.cc:99) For utterance BAC009S0912W0152, best cost 79.4915 + -237.605 = -158.113 over 413 frames.
LOG (lattice-best-path[5.5]:main():lattice-best-path.cc:99) For utterance BAC009S0912W0153, best cost 133.777 + -343.897 = -210.119 over 580 frames.
LOG (lattice-best-path[5.5]:main():lattice-best-path.cc:99) For utterance BAC009S0912W0154, best cost 92.5884 + -272.213 = -179.624 over 491 frames.
LOG (lattice-best-path[5.5]:main():lattice-best-path.cc:99) For utterance BAC009S0912W0155, best cost 150.215 + -421.348 = -271.134 over 697 frames.
LOG (lattice-best-path[5.5]:main():lattice-best-path.cc:99) For utterance BAC009S0912W0156, best cost 113.518 + -374.018 = -260.5 over 579 frames.
LOG (lattice-best-path[5.5]:main():lattice-best-path.cc:99) For utterance BAC009S0912W0157, best cost 92.7618 + -305.555 = -212.793 over 529 frames.
LOG (lattice-best-path[5.5]:main():lattice-best-path.cc:99) For utterance BAC009S0912W0158, best cost 60.9632 + -231.783 = -170.819 over 381 frames.
LOG (lattice-best-path[5.5]:main():lattice-best-path.cc:99) For utterance BAC009S0912W0159, best cost 91.8775 + -271.31 = -179.432 over 486 frames.
LOG (lattice-best-path[5.5]:main():lattice-best-path.cc:99) For utterance BAC009S0912W0160, best cost 124.175 + -309.553 = -185.378 over 532 frames.
LOG (lattice-best-path[5.5]:main():lattice-best-path.cc:99) For utterance BAC009S0912W0161, best cost 98.7039 + -277.486 = -178.782 over 509 frames.
LOG (lattice-best-path[5.5]:main():lattice-best-path.cc:99) For utterance BAC009S0912W0162, best cost 82.009 + -270.818 = -188.809 over 456 frames.
LOG (lattice-best-path[5.5]:main():lattice-best-path.cc:99) For utterance BAC009S0912W0163, best cost 53.1967 + -174.761 = -121.564 over 315 frames.
LOG (lattice-best-path[5.5]:main():lattice-best-path.cc:99) For utterance BAC009S0912W0164, best cost 56.8044 + -188.669 = -131.864 over 331 frames.
LOG (lattice-best-path[5.5]:main():lattice-best-path.cc:99) For utterance BAC009S0912W0165, best cost 75.9727 + -290.606 = -214.633 over 504 frames.
LOG (lattice-best-path[5.5]:main():lattice-best-path.cc:99) For utterance BAC009S0912W0167, best cost 83.9906 + -260.944 = -176.953 over 461 frames.
LOG (lattice-best-path[5.5]:main():lattice-best-path.cc:99) For utterance BAC009S0912W0168, best cost 55.1188 + -181.431 = -126.312 over 323 frames.
LOG (lattice-best-path[5.5]:main():lattice-best-path.cc:99) For utterance BAC009S0912W0169, best cost 99.9167 + -297.266 = -197.349 over 488 frames.
LOG (lattice-best-path[5.5]:main():lattice-best-path.cc:99) For utterance BAC009S0912W0170, best cost 77.4494 + -287.928 = -210.479 over 478 frames.
LOG (lattice-best-path[5.5]:main():lattice-best-path.cc:99) For utterance BAC009S0912W0171, best cost 126.636 + -352.493 = -225.857 over 597 frames.
LOG (lattice-best-path[5.5]:main():lattice-best-path.cc:99) For utterance BAC009S0912W0172, best cost 84.119 + -314.438 = -230.319 over 513 frames.
LOG (lattice-best-path[5.5]:main():lattice-best-path.cc:99) For utterance BAC009S0912W0173, best cost 88.9995 + -298.822 = -209.822 over 486 frames.
LOG (lattice-best-path[5.5]:main():lattice-best-path.cc:99) For utterance BAC009S0912W0174, best cost 93.3262 + -285.844 = -192.517 over 492 frames.
LOG (lattice-best-path[5.5]:main():lattice-best-path.cc:99) For utterance BAC009S0912W0175, best cost 48.8897 + -214.377 = -165.487 over 359 frames.
LOG (lattice-best-path[5.5]:main():lattice-best-path.cc:99) For utterance BAC009S0912W0176, best cost 77.7534 + -252.775 = -175.022 over 416 frames.
LOG (lattice-best-path[5.5]:main():lattice-best-path.cc:99) For utterance BAC009S0912W0177, best cost 75.7336 + -349.948 = -274.215 over 598 frames.
LOG (lattice-best-path[5.5]:main():lattice-best-path.cc:99) For utterance BAC009S0912W0178, best cost 70.293 + -259.326 = -189.033 over 447 frames.
LOG (lattice-best-path[5.5]:main():lattice-best-path.cc:99) For utterance BAC009S0912W0179, best cost 46.8912 + -253.397 = -206.506 over 443 frames.
LOG (lattice-best-path[5.5]:main():lattice-best-path.cc:99) For utterance BAC009S0912W0180, best cost 116.933 + -417.715 = -300.782 over 694 frames.
LOG (lattice-best-path[5.5]:main():lattice-best-path.cc:99) For utterance BAC009S0912W0181, best cost 116.589 + -405.139 = -288.549 over 643 frames.
LOG (lattice-best-path[5.5]:main():lattice-best-path.cc:99) For utterance BAC009S0912W0182, best cost 46.0008 + -188.987 = -142.986 over 342 frames.
LOG (lattice-best-path[5.5]:main():lattice-best-path.cc:99) For utterance BAC009S0912W0183, best cost 56.2706 + -207.421 = -151.15 over 378 frames.
LOG (lattice-best-path[5.5]:main():lattice-best-path.cc:99) For utterance BAC009S0912W0184, best cost 68.3417 + -205.408 = -137.067 over 367 frames.
LOG (lattice-best-path[5.5]:main():lattice-best-path.cc:99) For utterance BAC009S0912W0185, best cost 59.5434 + -212.43 = -152.887 over 358 frames.
LOG (lattice-best-path[5.5]:main():lattice-best-path.cc:99) For utterance BAC009S0912W0186, best cost 93.4758 + -332.574 = -239.099 over 567 frames.
LOG (lattice-best-path[5.5]:main():lattice-best-path.cc:99) For utterance BAC009S0912W0187, best cost 67.8486 + -231.757 = -163.909 over 437 frames.
LOG (lattice-best-path[5.5]:main():lattice-best-path.cc:99) For utterance BAC009S0912W0188, best cost 123.488 + -304.638 = -181.15 over 524 frames.
LOG (lattice-best-path[5.5]:main():lattice-best-path.cc:99) For utterance BAC009S0912W0189, best cost 109.638 + -296.066 = -186.428 over 506 frames.
LOG (lattice-best-path[5.5]:main():lattice-best-path.cc:99) For utterance BAC009S0912W0190, best cost 54.3388 + -165.799 = -111.46 over 307 frames.
LOG (lattice-best-path[5.5]:main():lattice-best-path.cc:99) For utterance BAC009S0912W0191, best cost 81.006 + -238.307 = -157.301 over 431 frames.
LOG (lattice-best-path[5.5]:main():lattice-best-path.cc:99) For utterance BAC009S0912W0192, best cost 66.336 + -238.619 = -172.283 over 435 frames.
LOG (lattice-best-path[5.5]:main():lattice-best-path.cc:99) For utterance BAC009S0912W0193, best cost 135.387 + -400.522 = -265.135 over 748 frames.
LOG (lattice-best-path[5.5]:main():lattice-best-path.cc:99) For utterance BAC009S0912W0194, best cost 108.243 + -366.076 = -257.833 over 602 frames.
LOG (lattice-best-path[5.5]:main():lattice-best-path.cc:99) For utterance BAC009S0912W0195, best cost 93.0487 + -318.219 = -225.17 over 523 frames.
LOG (lattice-best-path[5.5]:main():lattice-best-path.cc:99) For utterance BAC009S0912W0196, best cost 93.3378 + -365.659 = -272.321 over 614 frames.
LOG (lattice-best-path[5.5]:main():lattice-best-path.cc:99) For utterance BAC009S0912W0197, best cost 67.4698 + -222.865 = -155.395 over 387 frames.
LOG (lattice-best-path[5.5]:main():lattice-best-path.cc:99) For utterance BAC009S0912W0198, best cost 102.948 + -279.863 = -176.914 over 498 frames.
LOG (lattice-best-path[5.5]:main():lattice-best-path.cc:99) For utterance BAC009S0912W0199, best cost 54.2073 + -212.017 = -157.809 over 350 frames.
LOG (lattice-best-path[5.5]:main():lattice-best-path.cc:99) For utterance BAC009S0912W0200, best cost 152.273 + -428.562 = -276.289 over 740 frames.
LOG (lattice-best-path[5.5]:main():lattice-best-path.cc:99) For utterance BAC009S0912W0201, best cost 61.5833 + -225.426 = -163.843 over 397 frames.
LOG (lattice-best-path[5.5]:main():lattice-best-path.cc:99) For utterance BAC009S0912W0202, best cost 137.001 + -426.846 = -289.846 over 725 frames.
LOG (lattice-best-path[5.5]:main():lattice-best-path.cc:99) For utterance BAC009S0912W0203, best cost 70.3154 + -209.189 = -138.874 over 383 frames.
LOG (lattice-best-path[5.5]:main():lattice-best-path.cc:99) For utterance BAC009S0912W0204, best cost 83.6459 + -220.046 = -136.4 over 395 frames.
LOG (lattice-best-path[5.5]:main():lattice-best-path.cc:99) For utterance BAC009S0912W0205, best cost 75.1344 + -216.969 = -141.835 over 396 frames.
LOG (lattice-best-path[5.5]:main():lattice-best-path.cc:99) For utterance BAC009S0912W0206, best cost 78.5967 + -220.179 = -141.582 over 359 frames.
LOG (lattice-best-path[5.5]:main():lattice-best-path.cc:99) For utterance BAC009S0912W0207, best cost 87.5821 + -320.427 = -232.845 over 558 frames.
LOG (lattice-best-path[5.5]:main():lattice-best-path.cc:99) For utterance BAC009S0912W0208, best cost 80.7964 + -269.801 = -189.004 over 480 frames.
LOG (lattice-best-path[5.5]:main():lattice-best-path.cc:99) For utterance BAC009S0912W0209, best cost 96.1807 + -267.057 = -170.876 over 449 frames.
LOG (lattice-best-path[5.5]:main():lattice-best-path.cc:99) For utterance BAC009S0912W0210, best cost 81.8093 + -250.143 = -168.333 over 466 frames.
LOG (lattice-best-path[5.5]:main():lattice-best-path.cc:99) For utterance BAC009S0912W0211, best cost 87.6713 + -258.054 = -170.382 over 448 frames.
LOG (lattice-best-path[5.5]:main():lattice-best-path.cc:99) For utterance BAC009S0912W0212, best cost 69.8961 + -204.36 = -134.464 over 347 frames.
LOG (lattice-best-path[5.5]:main():lattice-best-path.cc:99) For utterance BAC009S0912W0213, best cost 147.913 + -368.674 = -220.761 over 646 frames.
LOG (lattice-best-path[5.5]:main():lattice-best-path.cc:99) For utterance BAC009S0912W0214, best cost 71.224 + -199.798 = -128.574 over 352 frames.
LOG (lattice-best-path[5.5]:main():lattice-best-path.cc:99) For utterance BAC009S0912W0215, best cost 138.063 + -400.179 = -262.115 over 691 frames.
LOG (lattice-best-path[5.5]:main():lattice-best-path.cc:99) For utterance BAC009S0912W0216, best cost 59.1011 + -220.265 = -161.163 over 390 frames.
LOG (lattice-best-path[5.5]:main():lattice-best-path.cc:99) For utterance BAC009S0912W0217, best cost 117.644 + -369.398 = -251.754 over 636 frames.
LOG (lattice-best-path[5.5]:main():lattice-best-path.cc:99) For utterance BAC009S0912W0218, best cost 68.2381 + -193.578 = -125.34 over 327 frames.
LOG (lattice-best-path[5.5]:main():lattice-best-path.cc:99) For utterance BAC009S0912W0219, best cost 103.489 + -360.58 = -257.091 over 596 frames.
LOG (lattice-best-path[5.5]:main():lattice-best-path.cc:99) For utterance BAC009S0912W0220, best cost 72.3985 + -250.574 = -178.175 over 436 frames.
LOG (lattice-best-path[5.5]:main():lattice-best-path.cc:99) For utterance BAC009S0912W0221, best cost 93.1966 + -358.972 = -265.775 over 588 frames.
LOG (lattice-best-path[5.5]:main():lattice-best-path.cc:99) For utterance BAC009S0912W0222, best cost 139.839 + -439.864 = -300.025 over 712 frames.
LOG (lattice-best-path[5.5]:main():lattice-best-path.cc:99) For utterance BAC009S0912W0223, best cost 139.445 + -428.48 = -289.035 over 717 frames.
LOG (lattice-best-path[5.5]:main():lattice-best-path.cc:99) For utterance BAC009S0912W0224, best cost 74.5273 + -202.815 = -128.287 over 387 frames.
LOG (lattice-best-path[5.5]:main():lattice-best-path.cc:99) For utterance BAC009S0912W0225, best cost 118.465 + -361.027 = -242.562 over 596 frames.
LOG (lattice-best-path[5.5]:main():lattice-best-path.cc:99) For utterance BAC009S0912W0226, best cost 67.0614 + -199.024 = -131.963 over 358 frames.
LOG (lattice-best-path[5.5]:main():lattice-best-path.cc:99) For utterance BAC009S0912W0227, best cost 65.3261 + -183.449 = -118.123 over 312 frames.
LOG (lattice-best-path[5.5]:main():lattice-best-path.cc:99) For utterance BAC009S0912W0228, best cost 93.0891 + -237.805 = -144.716 over 428 frames.
LOG (lattice-best-path[5.5]:main():lattice-best-path.cc:99) For utterance BAC009S0912W0229, best cost 117.295 + -389.749 = -272.454 over 632 frames.
LOG (lattice-best-path[5.5]:main():lattice-best-path.cc:99) For utterance BAC009S0912W0230, best cost 55.0135 + -223.832 = -168.818 over 406 frames.
LOG (lattice-best-path[5.5]:main():lattice-best-path.cc:99) For utterance BAC009S0912W0231, best cost 59.9076 + -220.605 = -160.698 over 399 frames.
LOG (lattice-best-path[5.5]:main():lattice-best-path.cc:99) For utterance BAC009S0912W0232, best cost 127.448 + -423.725 = -296.277 over 700 frames.
LOG (lattice-best-path[5.5]:main():lattice-best-path.cc:99) For utterance BAC009S0912W0233, best cost 76.3208 + -232.216 = -155.895 over 399 frames.
LOG (lattice-best-path[5.5]:main():lattice-best-path.cc:99) For utterance BAC009S0912W0234, best cost 74.3876 + -240.673 = -166.286 over 463 frames.
LOG (lattice-best-path[5.5]:main():lattice-best-path.cc:99) For utterance BAC009S0912W0235, best cost 104.655 + -319.802 = -215.147 over 528 frames.
LOG (lattice-best-path[5.5]:main():lattice-best-path.cc:99) For utterance BAC009S0912W0236, best cost 103.659 + -344.637 = -240.978 over 580 frames.
LOG (lattice-best-path[5.5]:main():lattice-best-path.cc:99) For utterance BAC009S0912W0237, best cost 143.771 + -400.391 = -256.62 over 657 frames.
LOG (lattice-best-path[5.5]:main():lattice-best-path.cc:99) For utterance BAC009S0912W0238, best cost 91.9775 + -308.723 = -216.745 over 498 frames.
LOG (lattice-best-path[5.5]:main():lattice-best-path.cc:99) For utterance BAC009S0912W0239, best cost 80.7739 + -273.719 = -192.945 over 469 frames.
LOG (lattice-best-path[5.5]:main():lattice-best-path.cc:99) For utterance BAC009S0912W0240, best cost 48.3928 + -163.07 = -114.677 over 312 frames.
LOG (lattice-best-path[5.5]:main():lattice-best-path.cc:99) For utterance BAC009S0912W0241, best cost 126.024 + -318.459 = -192.435 over 537 frames.
LOG (lattice-best-path[5.5]:main():lattice-best-path.cc:99) For utterance BAC009S0912W0242, best cost 116.795 + -315.873 = -199.078 over 545 frames.
LOG (lattice-best-path[5.5]:main():lattice-best-path.cc:99) For utterance BAC009S0912W0243, best cost 99.2138 + -325.217 = -226.004 over 539 frames.
LOG (lattice-best-path[5.5]:main():lattice-best-path.cc:99) For utterance BAC009S0912W0244, best cost 112.047 + -310.21 = -198.163 over 525 frames.
LOG (lattice-best-path[5.5]:main():lattice-best-path.cc:99) For utterance BAC009S0912W0245, best cost 93.2262 + -232.85 = -139.624 over 411 frames.
LOG (lattice-best-path[5.5]:main():lattice-best-path.cc:99) For utterance BAC009S0912W0246, best cost 88.323 + -294.415 = -206.092 over 548 frames.
LOG (lattice-best-path[5.5]:main():lattice-best-path.cc:99) For utterance BAC009S0912W0247, best cost 73.5574 + -230.366 = -156.808 over 391 frames.
LOG (lattice-best-path[5.5]:main():lattice-best-path.cc:99) For utterance BAC009S0912W0248, best cost 73.3077 + -240.966 = -167.658 over 455 frames.
LOG (lattice-best-path[5.5]:main():lattice-best-path.cc:99) For utterance BAC009S0912W0249, best cost 65.6198 + -202.569 = -136.949 over 384 frames.
LOG (lattice-best-path[5.5]:main():lattice-best-path.cc:99) For utterance BAC009S0912W0250, best cost 66.8002 + -258.474 = -191.673 over 463 frames.
LOG (lattice-best-path[5.5]:main():lattice-best-path.cc:99) For utterance BAC009S0912W0251, best cost 88.9304 + -284.513 = -195.583 over 517 frames.
LOG (lattice-best-path[5.5]:main():lattice-best-path.cc:99) For utterance BAC009S0912W0252, best cost 66.9248 + -250.257 = -183.332 over 435 frames.
LOG (lattice-best-path[5.5]:main():lattice-best-path.cc:99) For utterance BAC009S0912W0253, best cost 57.9817 + -237.074 = -179.093 over 394 frames.
LOG (lattice-best-path[5.5]:main():lattice-best-path.cc:99) For utterance BAC009S0912W0254, best cost 133.529 + -383.849 = -250.319 over 661 frames.
LOG (lattice-best-path[5.5]:main():lattice-best-path.cc:99) For utterance BAC009S0912W0256, best cost 81.3436 + -266.567 = -185.223 over 446 frames.
LOG (lattice-best-path[5.5]:main():lattice-best-path.cc:99) For utterance BAC009S0912W0257, best cost 105.101 + -357.803 = -252.702 over 590 frames.
LOG (lattice-best-path[5.5]:main():lattice-best-path.cc:99) For utterance BAC009S0912W0258, best cost 126.822 + -423.085 = -296.264 over 712 frames.
LOG (lattice-best-path[5.5]:main():lattice-best-path.cc:99) For utterance BAC009S0912W0259, best cost 94.6252 + -288.006 = -193.381 over 492 frames.
LOG (lattice-best-path[5.5]:main():lattice-best-path.cc:99) For utterance BAC009S0912W0260, best cost 86.2288 + -286.136 = -199.907 over 485 frames.
LOG (lattice-best-path[5.5]:main():lattice-best-path.cc:99) For utterance BAC009S0912W0261, best cost 103.154 + -306.675 = -203.522 over 519 frames.
LOG (lattice-best-path[5.5]:main():lattice-best-path.cc:99) For utterance BAC009S0912W0264, best cost 91.5926 + -309.016 = -217.423 over 526 frames.
LOG (lattice-best-path[5.5]:main():lattice-best-path.cc:99) For utterance BAC009S0912W0269, best cost 108.931 + -322.411 = -213.481 over 546 frames.
LOG (lattice-best-path[5.5]:main():lattice-best-path.cc:99) For utterance BAC009S0912W0278, best cost 100.676 + -298.098 = -197.422 over 525 frames.
LOG (lattice-best-path[5.5]:main():lattice-best-path.cc:99) For utterance BAC009S0912W0279, best cost 107.995 + -347.071 = -239.076 over 572 frames.
LOG (lattice-best-path[5.5]:main():lattice-best-path.cc:99) For utterance BAC009S0912W0280, best cost 97.8021 + -322.574 = -224.772 over 530 frames.
LOG (lattice-best-path[5.5]:main():lattice-best-path.cc:99) For utterance BAC009S0912W0281, best cost 61.6066 + -179.419 = -117.813 over 338 frames.
LOG (lattice-best-path[5.5]:main():lattice-best-path.cc:99) For utterance BAC009S0912W0282, best cost 60.4793 + -204.581 = -144.101 over 364 frames.
LOG (lattice-best-path[5.5]:main():lattice-best-path.cc:99) For utterance BAC009S0912W0285, best cost 119.099 + -362.658 = -243.559 over 563 frames.
LOG (lattice-best-path[5.5]:main():lattice-best-path.cc:99) For utterance BAC009S0912W0286, best cost 63.6367 + -194.773 = -131.137 over 359 frames.
LOG (lattice-best-path[5.5]:main():lattice-best-path.cc:99) For utterance BAC009S0912W0287, best cost 130.729 + -407.98 = -277.251 over 712 frames.
LOG (lattice-best-path[5.5]:main():lattice-best-path.cc:99) For utterance BAC009S0912W0290, best cost 129.036 + -452.346 = -323.31 over 763 frames.
LOG (lattice-best-path[5.5]:main():lattice-best-path.cc:99) For utterance BAC009S0912W0291, best cost 75.9942 + -282.266 = -206.271 over 459 frames.
LOG (lattice-best-path[5.5]:main():lattice-best-path.cc:99) For utterance BAC009S0912W0292, best cost 70.1265 + -163.674 = -93.5479 over 320 frames.
LOG (lattice-best-path[5.5]:main():lattice-best-path.cc:99) For utterance BAC009S0912W0293, best cost 113.458 + -325.782 = -212.325 over 548 frames.
LOG (lattice-best-path[5.5]:main():lattice-best-path.cc:99) For utterance BAC009S0912W0299, best cost 122.242 + -284.642 = -162.4 over 516 frames.
LOG (lattice-best-path[5.5]:main():lattice-best-path.cc:99) For utterance BAC009S0912W0302, best cost 87.157 + -294.496 = -207.339 over 526 frames.
LOG (lattice-best-path[5.5]:main():lattice-best-path.cc:99) For utterance BAC009S0912W0303, best cost 75.6871 + -227.24 = -151.553 over 393 frames.
LOG (lattice-best-path[5.5]:main():lattice-best-path.cc:99) For utterance BAC009S0912W0304, best cost 69.3242 + -197.777 = -128.453 over 372 frames.
LOG (lattice-best-path[5.5]:main():lattice-best-path.cc:99) For utterance BAC009S0912W0305, best cost 77.5876 + -242.19 = -164.602 over 463 frames.
LOG (lattice-best-path[5.5]:main():lattice-best-path.cc:99) For utterance BAC009S0912W0306, best cost 107.489 + -336.006 = -228.517 over 562 frames.
LOG (lattice-best-path[5.5]:main():lattice-best-path.cc:99) For utterance BAC009S0912W0307, best cost 66.4658 + -258.028 = -191.562 over 438 frames.
LOG (lattice-best-path[5.5]:main():lattice-best-path.cc:99) For utterance BAC009S0912W0308, best cost 59.3584 + -170.533 = -111.174 over 313 frames.
LOG (lattice-best-path[5.5]:main():lattice-best-path.cc:99) For utterance BAC009S0912W0309, best cost 69.6698 + -211.823 = -142.153 over 370 frames.
LOG (lattice-best-path[5.5]:main():lattice-best-path.cc:99) For utterance BAC009S0912W0310, best cost 72.2635 + -213.017 = -140.753 over 369 frames.
LOG (lattice-best-path[5.5]:main():lattice-best-path.cc:99) For utterance BAC009S0912W0311, best cost 129.428 + -337.95 = -208.522 over 546 frames.
LOG (lattice-best-path[5.5]:main():lattice-best-path.cc:99) For utterance BAC009S0912W0312, best cost 90.2522 + -343.89 = -253.638 over 580 frames.
LOG (lattice-best-path[5.5]:main():lattice-best-path.cc:99) For utterance BAC009S0912W0313, best cost 84.232 + -269.865 = -185.633 over 448 frames.
LOG (lattice-best-path[5.5]:main():lattice-best-path.cc:99) For utterance BAC009S0912W0316, best cost 63.3238 + -204.441 = -141.117 over 356 frames.
LOG (lattice-best-path[5.5]:main():lattice-best-path.cc:99) For utterance BAC009S0912W0317, best cost 85.0895 + -218.147 = -133.058 over 393 frames.
LOG (lattice-best-path[5.5]:main():lattice-best-path.cc:99) For utterance BAC009S0912W0319, best cost 135.171 + -372.541 = -237.37 over 622 frames.
LOG (lattice-best-path[5.5]:main():lattice-best-path.cc:99) For utterance BAC009S0912W0320, best cost 88.4659 + -251.258 = -162.792 over 419 frames.
LOG (lattice-best-path[5.5]:main():lattice-best-path.cc:99) For utterance BAC009S0912W0321, best cost 93.5682 + -244.052 = -150.484 over 421 frames.
LOG (lattice-best-path[5.5]:main():lattice-best-path.cc:99) For utterance BAC009S0912W0322, best cost 88.7963 + -229.793 = -140.997 over 435 frames.
LOG (lattice-best-path[5.5]:main():lattice-best-path.cc:99) For utterance BAC009S0912W0323, best cost 82.7083 + -244.308 = -161.6 over 469 frames.
LOG (lattice-best-path[5.5]:main():lattice-best-path.cc:99) For utterance BAC009S0912W0324, best cost 94.1082 + -311.606 = -217.498 over 520 frames.
LOG (lattice-best-path[5.5]:main():lattice-best-path.cc:99) For utterance BAC009S0912W0325, best cost 82.6965 + -238 = -155.303 over 406 frames.
LOG (lattice-best-path[5.5]:main():lattice-best-path.cc:99) For utterance BAC009S0912W0326, best cost 94.8724 + -336.502 = -241.629 over 531 frames.
LOG (lattice-best-path[5.5]:main():lattice-best-path.cc:99) For utterance BAC009S0912W0327, best cost 71.8298 + -230.312 = -158.482 over 371 frames.
LOG (lattice-best-path[5.5]:main():lattice-best-path.cc:99) For utterance BAC009S0912W0328, best cost 91.4155 + -288.259 = -196.843 over 477 frames.
LOG (lattice-best-path[5.5]:main():lattice-best-path.cc:99) For utterance BAC009S0912W0330, best cost 82.4016 + -260.393 = -177.991 over 432 frames.
LOG (lattice-best-path[5.5]:main():lattice-best-path.cc:99) For utterance BAC009S0912W0331, best cost 119.557 + -301.499 = -181.941 over 502 frames.
LOG (lattice-best-path[5.5]:main():lattice-best-path.cc:99) For utterance BAC009S0912W0332, best cost 79.7766 + -222.793 = -143.016 over 372 frames.
LOG (lattice-best-path[5.5]:main():lattice-best-path.cc:99) For utterance BAC009S0912W0333, best cost 111.195 + -326.287 = -215.092 over 586 frames.
LOG (lattice-best-path[5.5]:main():lattice-best-path.cc:99) For utterance BAC009S0912W0335, best cost 142.793 + -445.832 = -303.039 over 762 frames.
LOG (lattice-best-path[5.5]:main():lattice-best-path.cc:99) For utterance BAC009S0912W0336, best cost 90.1454 + -273.224 = -183.078 over 510 frames.
LOG (lattice-best-path[5.5]:main():lattice-best-path.cc:99) For utterance BAC009S0912W0337, best cost 118.576 + -327.719 = -209.143 over 561 frames.
LOG (lattice-best-path[5.5]:main():lattice-best-path.cc:99) For utterance BAC009S0912W0338, best cost 60.458 + -194.374 = -133.916 over 357 frames.
LOG (lattice-best-path[5.5]:main():lattice-best-path.cc:99) For utterance BAC009S0912W0339, best cost 78.4407 + -226.014 = -147.574 over 398 frames.
LOG (lattice-best-path[5.5]:main():lattice-best-path.cc:99) For utterance BAC009S0912W0340, best cost 87.2145 + -255.998 = -168.784 over 435 frames.
LOG (lattice-best-path[5.5]:main():lattice-best-path.cc:99) For utterance BAC009S0912W0341, best cost 123.564 + -341.589 = -218.026 over 572 frames.
LOG (lattice-best-path[5.5]:main():lattice-best-path.cc:99) For utterance BAC009S0912W0342, best cost 65.9015 + -244.494 = -178.592 over 436 frames.
LOG (lattice-best-path[5.5]:main():lattice-best-path.cc:99) For utterance BAC009S0912W0343, best cost 79.242 + -280.706 = -201.464 over 482 frames.
LOG (lattice-best-path[5.5]:main():lattice-best-path.cc:99) For utterance BAC009S0912W0344, best cost 124.973 + -385.778 = -260.806 over 619 frames.
LOG (lattice-best-path[5.5]:main():lattice-best-path.cc:99) For utterance BAC009S0912W0345, best cost 58.3236 + -191.393 = -133.07 over 351 frames.
LOG (lattice-best-path[5.5]:main():lattice-best-path.cc:99) For utterance BAC009S0912W0346, best cost 84.301 + -255.725 = -171.424 over 513 frames.
LOG (lattice-best-path[5.5]:main():lattice-best-path.cc:99) For utterance BAC009S0912W0347, best cost 110.046 + -456.4 = -346.353 over 756 frames.
LOG (lattice-best-path[5.5]:main():lattice-best-path.cc:99) For utterance BAC009S0912W0348, best cost 152.405 + -407.727 = -255.322 over 675 frames.
LOG (lattice-best-path[5.5]:main():lattice-best-path.cc:99) For utterance BAC009S0912W0349, best cost 86.8695 + -282.447 = -195.577 over 502 frames.
LOG (lattice-best-path[5.5]:main():lattice-best-path.cc:99) For utterance BAC009S0912W0350, best cost 72.464 + -194.643 = -122.179 over 345 frames.
LOG (lattice-best-path[5.5]:main():lattice-best-path.cc:99) For utterance BAC009S0912W0351, best cost 154.752 + -437.461 = -282.709 over 733 frames.
LOG (lattice-best-path[5.5]:main():lattice-best-path.cc:99) For utterance BAC009S0912W0352, best cost 108.277 + -290.804 = -182.527 over 491 frames.
LOG (lattice-best-path[5.5]:main():lattice-best-path.cc:99) For utterance BAC009S0912W0353, best cost 74.5404 + -187.362 = -112.821 over 348 frames.
LOG (lattice-best-path[5.5]:main():lattice-best-path.cc:99) For utterance BAC009S0912W0354, best cost 92.1798 + -226.761 = -134.581 over 403 frames.
LOG (lattice-best-path[5.5]:main():lattice-best-path.cc:99) For utterance BAC009S0912W0355, best cost 86.8795 + -226.081 = -139.201 over 400 frames.
LOG (lattice-best-path[5.5]:main():lattice-best-path.cc:99) For utterance BAC009S0912W0356, best cost 98.2637 + -363.056 = -264.792 over 598 frames.
LOG (lattice-best-path[5.5]:main():lattice-best-path.cc:99) For utterance BAC009S0912W0357, best cost 66.9239 + -207.193 = -140.269 over 355 frames.
LOG (lattice-best-path[5.5]:main():lattice-best-path.cc:99) For utterance BAC009S0912W0358, best cost 63.0375 + -217.277 = -154.239 over 419 frames.
LOG (lattice-best-path[5.5]:main():lattice-best-path.cc:99) For utterance BAC009S0912W0359, best cost 105.166 + -302.838 = -197.672 over 482 frames.
LOG (lattice-best-path[5.5]:main():lattice-best-path.cc:99) For utterance BAC009S0912W0360, best cost 77.8586 + -199.886 = -122.027 over 360 frames.
LOG (lattice-best-path[5.5]:main():lattice-best-path.cc:99) For utterance BAC009S0912W0361, best cost 150.062 + -466.541 = -316.48 over 748 frames.
LOG (lattice-best-path[5.5]:main():lattice-best-path.cc:99) For utterance BAC009S0912W0362, best cost 99.6637 + -280.378 = -180.714 over 528 frames.
LOG (lattice-best-path[5.5]:main():lattice-best-path.cc:99) For utterance BAC009S0912W0363, best cost 82.4847 + -250.12 = -167.635 over 453 frames.
LOG (lattice-best-path[5.5]:main():lattice-best-path.cc:99) For utterance BAC009S0912W0364, best cost 149.201 + -375.538 = -226.337 over 635 frames.
LOG (lattice-best-path[5.5]:main():lattice-best-path.cc:99) For utterance BAC009S0912W0365, best cost 134.315 + -350.574 = -216.259 over 638 frames.
LOG (lattice-best-path[5.5]:main():lattice-best-path.cc:99) For utterance BAC009S0912W0366, best cost 114.913 + -299.407 = -184.494 over 548 frames.
LOG (lattice-best-path[5.5]:main():lattice-best-path.cc:99) For utterance BAC009S0912W0367, best cost 100 + -347.885 = -247.885 over 576 frames.
LOG (lattice-best-path[5.5]:main():lattice-best-path.cc:99) For utterance BAC009S0912W0368, best cost 166.787 + -456.083 = -289.296 over 727 frames.
LOG (lattice-best-path[5.5]:main():lattice-best-path.cc:99) For utterance BAC009S0912W0369, best cost 148.27 + -336.916 = -188.646 over 560 frames.
LOG (lattice-best-path[5.5]:main():lattice-best-path.cc:99) For utterance BAC009S0912W0370, best cost 100.66 + -224.326 = -123.666 over 457 frames.
LOG (lattice-best-path[5.5]:main():lattice-best-path.cc:99) For utterance BAC009S0912W0371, best cost 112.437 + -305.21 = -192.773 over 524 frames.
LOG (lattice-best-path[5.5]:main():lattice-best-path.cc:99) For utterance BAC009S0912W0372, best cost 123.747 + -341.644 = -217.897 over 604 frames.
LOG (lattice-best-path[5.5]:main():lattice-best-path.cc:99) For utterance BAC009S0912W0373, best cost 102.712 + -269.964 = -167.253 over 489 frames.
LOG (lattice-best-path[5.5]:main():lattice-best-path.cc:99) For utterance BAC009S0912W0374, best cost 74.5994 + -182.648 = -108.049 over 336 frames.
LOG (lattice-best-path[5.5]:main():lattice-best-path.cc:99) For utterance BAC009S0912W0375, best cost 124.781 + -340.162 = -215.381 over 574 frames.
LOG (lattice-best-path[5.5]:main():lattice-best-path.cc:99) For utterance BAC009S0912W0376, best cost 179.355 + -457.556 = -278.202 over 774 frames.
LOG (lattice-best-path[5.5]:main():lattice-best-path.cc:99) For utterance BAC009S0912W0377, best cost 90.2417 + -278.508 = -188.267 over 492 frames.
LOG (lattice-best-path[5.5]:main():lattice-best-path.cc:99) For utterance BAC009S0912W0378, best cost 71.1795 + -231.861 = -160.681 over 385 frames.
LOG (lattice-best-path[5.5]:main():lattice-best-path.cc:99) For utterance BAC009S0912W0379, best cost 78.8478 + -253.628 = -174.78 over 438 frames.
LOG (lattice-best-path[5.5]:main():lattice-best-path.cc:99) For utterance BAC009S0912W0380, best cost 137.896 + -428.814 = -290.918 over 684 frames.
LOG (lattice-best-path[5.5]:main():lattice-best-path.cc:99) For utterance BAC009S0912W0381, best cost 87.4241 + -295.823 = -208.399 over 526 frames.
LOG (lattice-best-path[5.5]:main():lattice-best-path.cc:99) For utterance BAC009S0912W0382, best cost 100.07 + -268.24 = -168.17 over 489 frames.
LOG (lattice-best-path[5.5]:main():lattice-best-path.cc:99) For utterance BAC009S0912W0383, best cost 104.726 + -288.81 = -184.084 over 508 frames.
LOG (lattice-best-path[5.5]:main():lattice-best-path.cc:99) For utterance BAC009S0912W0384, best cost 70.0361 + -242.931 = -172.895 over 434 frames.
LOG (lattice-best-path[5.5]:main():lattice-best-path.cc:99) For utterance BAC009S0912W0385, best cost 129.282 + -348.894 = -219.612 over 585 frames.
LOG (lattice-best-path[5.5]:main():lattice-best-path.cc:99) For utterance BAC009S0912W0386, best cost 94.6724 + -296.071 = -201.398 over 505 frames.
LOG (lattice-best-path[5.5]:main():lattice-best-path.cc:99) For utterance BAC009S0912W0387, best cost 77.5695 + -210.227 = -132.657 over 347 frames.
LOG (lattice-best-path[5.5]:main():lattice-best-path.cc:99) For utterance BAC009S0912W0388, best cost 119.964 + -342.207 = -222.242 over 539 frames.
LOG (lattice-best-path[5.5]:main():lattice-best-path.cc:99) For utterance BAC009S0912W0389, best cost 75.3179 + -211.982 = -136.664 over 388 frames.
LOG (lattice-best-path[5.5]:main():lattice-best-path.cc:99) For utterance BAC009S0912W0390, best cost 65.7424 + -165.406 = -99.6633 over 339 frames.
LOG (lattice-best-path[5.5]:main():lattice-best-path.cc:99) For utterance BAC009S0912W0392, best cost 46.0282 + -151.036 = -105.008 over 288 frames.
LOG (lattice-best-path[5.5]:main():lattice-best-path.cc:99) For utterance BAC009S0912W0393, best cost 46.8861 + -179.013 = -132.126 over 314 frames.
LOG (lattice-best-path[5.5]:main():lattice-best-path.cc:99) For utterance BAC009S0912W0394, best cost 59.9324 + -209.874 = -149.942 over 393 frames.
LOG (lattice-best-path[5.5]:main():lattice-best-path.cc:99) For utterance BAC009S0912W0395, best cost 67.1567 + -208.979 = -141.823 over 362 frames.
LOG (lattice-best-path[5.5]:main():lattice-best-path.cc:99) For utterance BAC009S0912W0396, best cost 88.9795 + -273.849 = -184.87 over 444 frames.
LOG (lattice-best-path[5.5]:main():lattice-best-path.cc:99) For utterance BAC009S0912W0397, best cost 99.8984 + -294.404 = -194.506 over 514 frames.
LOG (lattice-best-path[5.5]:main():lattice-best-path.cc:99) For utterance BAC009S0912W0398, best cost 74.6108 + -258.903 = -184.292 over 469 frames.
LOG (lattice-best-path[5.5]:main():lattice-best-path.cc:99) For utterance BAC009S0912W0399, best cost 112.32 + -356.225 = -243.905 over 614 frames.
LOG (lattice-best-path[5.5]:main():lattice-best-path.cc:99) For utterance BAC009S0912W0400, best cost 142.853 + -446.959 = -304.107 over 714 frames.
LOG (lattice-best-path[5.5]:main():lattice-best-path.cc:99) For utterance BAC009S0912W0401, best cost 132.338 + -422.563 = -290.224 over 670 frames.
LOG (lattice-best-path[5.5]:main():lattice-best-path.cc:99) For utterance BAC009S0912W0402, best cost 93.445 + -282.653 = -189.208 over 537 frames.
LOG (lattice-best-path[5.5]:main():lattice-best-path.cc:99) For utterance BAC009S0912W0403, best cost 128.704 + -354.74 = -226.036 over 604 frames.
LOG (lattice-best-path[5.5]:main():lattice-best-path.cc:99) For utterance BAC009S0912W0404, best cost 86.9502 + -354.435 = -267.485 over 563 frames.
LOG (lattice-best-path[5.5]:main():lattice-best-path.cc:99) For utterance BAC009S0912W0405, best cost 65.3171 + -200.954 = -135.637 over 422 frames.
LOG (lattice-best-path[5.5]:main():lattice-best-path.cc:99) For utterance BAC009S0912W0406, best cost 62.4968 + -229.295 = -166.798 over 426 frames.
LOG (lattice-best-path[5.5]:main():lattice-best-path.cc:99) For utterance BAC009S0912W0407, best cost 54.6985 + -161.219 = -106.52 over 312 frames.
LOG (lattice-best-path[5.5]:main():lattice-best-path.cc:99) For utterance BAC009S0912W0408, best cost 106.639 + -279.333 = -172.694 over 484 frames.
LOG (lattice-best-path[5.5]:main():lattice-best-path.cc:99) For utterance BAC009S0912W0409, best cost 90.6171 + -230.004 = -139.387 over 386 frames.
LOG (lattice-best-path[5.5]:main():lattice-best-path.cc:99) For utterance BAC009S0912W0410, best cost 120.191 + -335.478 = -215.287 over 548 frames.
LOG (lattice-best-path[5.5]:main():lattice-best-path.cc:99) For utterance BAC009S0912W0411, best cost 144.455 + -375.787 = -231.332 over 617 frames.
LOG (lattice-best-path[5.5]:main():lattice-best-path.cc:99) For utterance BAC009S0912W0412, best cost 118.195 + -350.714 = -232.519 over 575 frames.
LOG (lattice-best-path[5.5]:main():lattice-best-path.cc:99) For utterance BAC009S0912W0414, best cost 89.836 + -232.814 = -142.978 over 405 frames.
LOG (lattice-best-path[5.5]:main():lattice-best-path.cc:99) For utterance BAC009S0912W0415, best cost 86.8022 + -191.421 = -104.618 over 330 frames.
LOG (lattice-best-path[5.5]:main():lattice-best-path.cc:99) For utterance BAC009S0912W0416, best cost 77.4044 + -199.056 = -121.652 over 348 frames.
LOG (lattice-best-path[5.5]:main():lattice-best-path.cc:99) For utterance BAC009S0912W0417, best cost 110.685 + -278.06 = -167.375 over 515 frames.
LOG (lattice-best-path[5.5]:main():lattice-best-path.cc:99) For utterance BAC009S0912W0418, best cost 92.35 + -258.823 = -166.473 over 420 frames.
LOG (lattice-best-path[5.5]:main():lattice-best-path.cc:99) For utterance BAC009S0912W0419, best cost 124.085 + -298.216 = -174.132 over 522 frames.
LOG (lattice-best-path[5.5]:main():lattice-best-path.cc:99) For utterance BAC009S0912W0420, best cost 87.3202 + -230.395 = -143.074 over 408 frames.
LOG (lattice-best-path[5.5]:main():lattice-best-path.cc:99) For utterance BAC009S0912W0422, best cost 82.6678 + -219.941 = -137.273 over 362 frames.
LOG (lattice-best-path[5.5]:main():lattice-best-path.cc:99) For utterance BAC009S0912W0423, best cost 136.647 + -330.743 = -194.097 over 539 frames.
LOG (lattice-best-path[5.5]:main():lattice-best-path.cc:99) For utterance BAC009S0912W0428, best cost 43.3595 + -143.73 = -100.37 over 284 frames.
LOG (lattice-best-path[5.5]:main():lattice-best-path.cc:99) For utterance BAC009S0912W0429, best cost 139.784 + -357.6 = -217.816 over 628 frames.
LOG (lattice-best-path[5.5]:main():lattice-best-path.cc:99) For utterance BAC009S0912W0430, best cost 57.5815 + -154.691 = -97.1094 over 299 frames.
LOG (lattice-best-path[5.5]:main():lattice-best-path.cc:99) For utterance BAC009S0912W0431, best cost 175.004 + -435.188 = -260.184 over 748 frames.
LOG (lattice-best-path[5.5]:main():lattice-best-path.cc:99) For utterance BAC009S0912W0432, best cost 125.034 + -377.362 = -252.327 over 638 frames.
LOG (lattice-best-path[5.5]:main():lattice-best-path.cc:99) For utterance BAC009S0912W0433, best cost 69.3417 + -180.559 = -111.218 over 335 frames.
LOG (lattice-best-path[5.5]:main():lattice-best-path.cc:99) For utterance BAC009S0912W0434, best cost 165.729 + -484.408 = -318.68 over 898 frames.
LOG (lattice-best-path[5.5]:main():lattice-best-path.cc:99) For utterance BAC009S0912W0435, best cost 100.14 + -253.727 = -153.587 over 434 frames.
LOG (lattice-best-path[5.5]:main():lattice-best-path.cc:99) For utterance BAC009S0912W0436, best cost 146.92 + -368.536 = -221.616 over 659 frames.
LOG (lattice-best-path[5.5]:main():lattice-best-path.cc:99) For utterance BAC009S0912W0437, best cost 49.1228 + -261.352 = -212.229 over 454 frames.
LOG (lattice-best-path[5.5]:main():lattice-best-path.cc:99) For utterance BAC009S0912W0438, best cost 189.904 + -457.173 = -267.268 over 771 frames.
LOG (lattice-best-path[5.5]:main():lattice-best-path.cc:99) For utterance BAC009S0912W0439, best cost 73.6561 + -353.958 = -280.302 over 650 frames.
LOG (lattice-best-path[5.5]:main():lattice-best-path.cc:99) For utterance BAC009S0912W0440, best cost 142.846 + -413.355 = -270.509 over 722 frames.
LOG (lattice-best-path[5.5]:main():lattice-best-path.cc:99) For utterance BAC009S0912W0441, best cost 79.2443 + -272.555 = -193.311 over 461 frames.
LOG (lattice-best-path[5.5]:main():lattice-best-path.cc:99) For utterance BAC009S0912W0442, best cost 142.415 + -456.484 = -314.068 over 773 frames.
LOG (lattice-best-path[5.5]:main():lattice-best-path.cc:99) For utterance BAC009S0912W0443, best cost 149.135 + -440.124 = -290.989 over 711 frames.
LOG (lattice-best-path[5.5]:main():lattice-best-path.cc:99) For utterance BAC009S0912W0444, best cost 121.111 + -392.82 = -271.709 over 680 frames.
LOG (lattice-best-path[5.5]:main():lattice-best-path.cc:99) For utterance BAC009S0912W0445, best cost 133.78 + -298.167 = -164.387 over 514 frames.
LOG (lattice-best-path[5.5]:main():lattice-best-path.cc:99) For utterance BAC009S0912W0446, best cost 137.915 + -365.925 = -228.01 over 641 frames.
LOG (lattice-best-path[5.5]:main():lattice-best-path.cc:99) For utterance BAC009S0912W0447, best cost 126.638 + -299.978 = -173.34 over 525 frames.
LOG (lattice-best-path[5.5]:main():lattice-best-path.cc:99) For utterance BAC009S0912W0448, best cost 67.0655 + -191.684 = -124.618 over 348 frames.
LOG (lattice-best-path[5.5]:main():lattice-best-path.cc:99) For utterance BAC009S0912W0449, best cost 133.483 + -400.704 = -267.221 over 697 frames.
LOG (lattice-best-path[5.5]:main():lattice-best-path.cc:99) For utterance BAC009S0912W0450, best cost 99.1366 + -269.621 = -170.484 over 465 frames.
LOG (lattice-best-path[5.5]:main():lattice-best-path.cc:99) For utterance BAC009S0912W0451, best cost 79.3704 + -233.962 = -154.591 over 398 frames.
LOG (lattice-best-path[5.5]:main():lattice-best-path.cc:99) For utterance BAC009S0912W0452, best cost 156.467 + -370.977 = -214.51 over 650 frames.
LOG (lattice-best-path[5.5]:main():lattice-best-path.cc:99) For utterance BAC009S0912W0453, best cost 120.044 + -330.88 = -210.836 over 554 frames.
LOG (lattice-best-path[5.5]:main():lattice-best-path.cc:99) For utterance BAC009S0912W0454, best cost 132.852 + -323.35 = -190.498 over 544 frames.
LOG (lattice-best-path[5.5]:main():lattice-best-path.cc:99) For utterance BAC009S0912W0455, best cost 168.878 + -424.481 = -255.604 over 756 frames.
LOG (lattice-best-path[5.5]:main():lattice-best-path.cc:99) For utterance BAC009S0912W0457, best cost 169.227 + -483.781 = -314.554 over 832 frames.
LOG (lattice-best-path[5.5]:main():lattice-best-path.cc:99) For utterance BAC009S0912W0458, best cost 94.6291 + -199.789 = -105.16 over 376 frames.
LOG (lattice-best-path[5.5]:main():lattice-best-path.cc:99) For utterance BAC009S0912W0459, best cost 99.671 + -265.314 = -165.643 over 455 frames.
LOG (lattice-best-path[5.5]:main():lattice-best-path.cc:99) For utterance BAC009S0912W0460, best cost 85.765 + -240.536 = -154.771 over 406 frames.
LOG (lattice-best-path[5.5]:main():lattice-best-path.cc:99) For utterance BAC009S0912W0461, best cost 78.9259 + -232.675 = -153.749 over 416 frames.
LOG (lattice-best-path[5.5]:main():lattice-best-path.cc:99) For utterance BAC009S0912W0462, best cost 136.968 + -388.42 = -251.452 over 648 frames.
LOG (lattice-best-path[5.5]:main():lattice-best-path.cc:99) For utterance BAC009S0912W0463, best cost 150.119 + -399.337 = -249.218 over 647 frames.
LOG (lattice-best-path[5.5]:main():lattice-best-path.cc:99) For utterance BAC009S0912W0464, best cost 124.529 + -343.706 = -219.176 over 582 frames.
LOG (lattice-best-path[5.5]:main():lattice-best-path.cc:99) For utterance BAC009S0912W0465, best cost 65.9438 + -206.078 = -140.134 over 410 frames.
LOG (lattice-best-path[5.5]:main():lattice-best-path.cc:99) For utterance BAC009S0912W0466, best cost 98.7718 + -267.151 = -168.38 over 480 frames.
LOG (lattice-best-path[5.5]:main():lattice-best-path.cc:99) For utterance BAC009S0912W0467, best cost 94.1915 + -241.962 = -147.771 over 465 frames.
LOG (lattice-best-path[5.5]:main():lattice-best-path.cc:99) For utterance BAC009S0912W0468, best cost 55.2573 + -235.955 = -180.697 over 440 frames.
LOG (lattice-best-path[5.5]:main():lattice-best-path.cc:99) For utterance BAC009S0912W0469, best cost 155.176 + -394.554 = -239.378 over 654 frames.
LOG (lattice-best-path[5.5]:main():lattice-best-path.cc:99) For utterance BAC009S0912W0470, best cost 114.32 + -325.269 = -210.949 over 536 frames.
LOG (lattice-best-path[5.5]:main():lattice-best-path.cc:99) For utterance BAC009S0912W0471, best cost 139.844 + -376.921 = -237.077 over 619 frames.
LOG (lattice-best-path[5.5]:main():lattice-best-path.cc:99) For utterance BAC009S0912W0472, best cost 135.958 + -364.41 = -228.452 over 601 frames.
LOG (lattice-best-path[5.5]:main():lattice-best-path.cc:99) For utterance BAC009S0912W0473, best cost 157.475 + -445.333 = -287.858 over 759 frames.
LOG (lattice-best-path[5.5]:main():lattice-best-path.cc:99) For utterance BAC009S0912W0474, best cost 160.143 + -495.04 = -334.897 over 819 frames.
LOG (lattice-best-path[5.5]:main():lattice-best-path.cc:99) For utterance BAC009S0912W0475, best cost 79.3443 + -214.729 = -135.385 over 387 frames.
LOG (lattice-best-path[5.5]:main():lattice-best-path.cc:99) For utterance BAC009S0912W0476, best cost 74.9056 + -193.055 = -118.149 over 361 frames.
LOG (lattice-best-path[5.5]:main():lattice-best-path.cc:99) For utterance BAC009S0912W0477, best cost 106.751 + -280.503 = -173.752 over 498 frames.
LOG (lattice-best-path[5.5]:main():lattice-best-path.cc:99) For utterance BAC009S0912W0478, best cost 59.1904 + -227.277 = -168.087 over 408 frames.
LOG (lattice-best-path[5.5]:main():lattice-best-path.cc:99) For utterance BAC009S0912W0479, best cost 161.944 + -408.859 = -246.916 over 706 frames.
LOG (lattice-best-path[5.5]:main():lattice-best-path.cc:99) For utterance BAC009S0912W0480, best cost 173.183 + -455.614 = -282.431 over 740 frames.
LOG (lattice-best-path[5.5]:main():lattice-best-path.cc:99) For utterance BAC009S0912W0481, best cost 104.011 + -213.289 = -109.278 over 386 frames.
LOG (lattice-best-path[5.5]:main():lattice-best-path.cc:99) For utterance BAC009S0912W0482, best cost 111.818 + -329.338 = -217.521 over 569 frames.
LOG (lattice-best-path[5.5]:main():lattice-best-path.cc:99) For utterance BAC009S0912W0483, best cost 152.001 + -436.966 = -284.965 over 734 frames.
LOG (lattice-best-path[5.5]:main():lattice-best-path.cc:99) For utterance BAC009S0912W0484, best cost 126.76 + -335.997 = -209.237 over 558 frames.
LOG (lattice-best-path[5.5]:main():lattice-best-path.cc:99) For utterance BAC009S0912W0485, best cost 65.7241 + -192.657 = -126.932 over 347 frames.
LOG (lattice-best-path[5.5]:main():lattice-best-path.cc:99) For utterance BAC009S0912W0486, best cost 125.043 + -287.182 = -162.138 over 507 frames.
LOG (lattice-best-path[5.5]:main():lattice-best-path.cc:99) For utterance BAC009S0912W0487, best cost 60.076 + -165.828 = -105.752 over 327 frames.
LOG (lattice-best-path[5.5]:main():lattice-best-path.cc:99) For utterance BAC009S0912W0488, best cost 100.767 + -352.717 = -251.95 over 563 frames.
LOG (lattice-best-path[5.5]:main():lattice-best-path.cc:99) For utterance BAC009S0912W0489, best cost 52.275 + -196.286 = -144.011 over 338 frames.
LOG (lattice-best-path[5.5]:main():lattice-best-path.cc:99) For utterance BAC009S0912W0490, best cost 163.587 + -458.252 = -294.666 over 781 frames.
LOG (lattice-best-path[5.5]:main():lattice-best-path.cc:99) For utterance BAC009S0912W0491, best cost 105.164 + -300.676 = -195.513 over 532 frames.
LOG (lattice-best-path[5.5]:main():lattice-best-path.cc:99) For utterance BAC009S0912W0492, best cost 155.421 + -419.232 = -263.811 over 730 frames.
LOG (lattice-best-path[5.5]:main():lattice-best-path.cc:99) For utterance BAC009S0912W0493, best cost 109.097 + -332.848 = -223.75 over 579 frames.
LOG (lattice-best-path[5.5]:main():lattice-best-path.cc:99) For utterance BAC009S0912W0494, best cost 87.604 + -359.442 = -271.838 over 573 frames.
LOG (lattice-depth-per-frame[5.5]:main():lattice-depth-per-frame.cc:82) Done 335 lattices.
LOG (lattice-best-path[5.5]:main():lattice-best-path.cc:99) For utterance BAC009S0912W0495, best cost 137.748 + -395.03 = -257.282 over 674 frames.
LOG (lattice-best-path[5.5]:main():lattice-best-path.cc:124) Overall cost per frame is -0.386969 = 0.194071 [graph] + -0.58104 [acoustic] over 168732 frames.
LOG (lattice-best-path[5.5]:main():lattice-best-path.cc:128) Done 335 lattices, failed for 0
# Accounting: time=2 threads=1
# Ended (code 0) at Sat Jun 18 23:01:55 CST 2022, elapsed time 2 seconds
