# lattice-depth-per-frame "ark:gunzip -c exp/nnet3/new_dnn_sp/decode_test/lat.13.gz|" "ark,t:|gzip -c > exp/nnet3/new_dnn_sp/decode_test/depth_tmp.13.gz" ark:- | lattice-best-path --acoustic-scale=0.1 ark:- ark:/dev/null "ark,t:|gzip -c >exp/nnet3/new_dnn_sp/decode_test/ali_tmp.13.gz" 
# Started at Sat Jun 18 23:01:52 CST 2022
#
lattice-depth-per-frame 'ark:gunzip -c exp/nnet3/new_dnn_sp/decode_test/lat.13.gz|' 'ark,t:|gzip -c > exp/nnet3/new_dnn_sp/decode_test/depth_tmp.13.gz' ark:- 
lattice-best-path --acoustic-scale=0.1 ark:- ark:/dev/null 'ark,t:|gzip -c >exp/nnet3/new_dnn_sp/decode_test/ali_tmp.13.gz' 
LOG (lattice-best-path[5.5]:main():lattice-best-path.cc:99) For utterance BAC009S0906W0121, best cost 126.075 + -343.615 = -217.541 over 617 frames.
LOG (lattice-best-path[5.5]:main():lattice-best-path.cc:99) For utterance BAC009S0906W0122, best cost 73.3149 + -255.725 = -182.41 over 428 frames.
LOG (lattice-best-path[5.5]:main():lattice-best-path.cc:99) For utterance BAC009S0906W0123, best cost 110.079 + -349.427 = -239.348 over 641 frames.
LOG (lattice-best-path[5.5]:main():lattice-best-path.cc:99) For utterance BAC009S0906W0124, best cost 87.2361 + -267.362 = -180.126 over 509 frames.
LOG (lattice-best-path[5.5]:main():lattice-best-path.cc:99) For utterance BAC009S0906W0125, best cost 156.237 + -506.406 = -350.169 over 971 frames.
LOG (lattice-best-path[5.5]:main():lattice-best-path.cc:99) For utterance BAC009S0906W0126, best cost 133.893 + -406.054 = -272.161 over 713 frames.
LOG (lattice-best-path[5.5]:main():lattice-best-path.cc:99) For utterance BAC009S0906W0127, best cost 118.918 + -341.045 = -222.128 over 675 frames.
LOG (lattice-best-path[5.5]:main():lattice-best-path.cc:99) For utterance BAC009S0906W0128, best cost 70.673 + -289.245 = -218.572 over 514 frames.
LOG (lattice-best-path[5.5]:main():lattice-best-path.cc:99) For utterance BAC009S0906W0129, best cost 67.5559 + -291.839 = -224.283 over 495 frames.
LOG (lattice-best-path[5.5]:main():lattice-best-path.cc:99) For utterance BAC009S0906W0130, best cost 113.923 + -382.051 = -268.127 over 678 frames.
LOG (lattice-best-path[5.5]:main():lattice-best-path.cc:99) For utterance BAC009S0906W0131, best cost 51.9144 + -170.874 = -118.959 over 327 frames.
LOG (lattice-best-path[5.5]:main():lattice-best-path.cc:99) For utterance BAC009S0906W0132, best cost 65.0135 + -220.516 = -155.503 over 378 frames.
LOG (lattice-best-path[5.5]:main():lattice-best-path.cc:99) For utterance BAC009S0906W0133, best cost 103.998 + -375.333 = -271.335 over 650 frames.
LOG (lattice-best-path[5.5]:main():lattice-best-path.cc:99) For utterance BAC009S0906W0134, best cost 84.4527 + -270.53 = -186.078 over 523 frames.
LOG (lattice-best-path[5.5]:main():lattice-best-path.cc:99) For utterance BAC009S0906W0135, best cost 109.922 + -332.688 = -222.766 over 536 frames.
LOG (lattice-best-path[5.5]:main():lattice-best-path.cc:99) For utterance BAC009S0906W0136, best cost 116.846 + -415.699 = -298.853 over 732 frames.
LOG (lattice-best-path[5.5]:main():lattice-best-path.cc:99) For utterance BAC009S0906W0137, best cost 82.5696 + -350.457 = -267.887 over 602 frames.
LOG (lattice-best-path[5.5]:main():lattice-best-path.cc:99) For utterance BAC009S0906W0138, best cost 66.1387 + -287.819 = -221.68 over 522 frames.
LOG (lattice-best-path[5.5]:main():lattice-best-path.cc:99) For utterance BAC009S0906W0139, best cost 66.3695 + -283.42 = -217.051 over 573 frames.
LOG (lattice-best-path[5.5]:main():lattice-best-path.cc:99) For utterance BAC009S0906W0140, best cost 55.8757 + -203.243 = -147.367 over 348 frames.
LOG (lattice-best-path[5.5]:main():lattice-best-path.cc:99) For utterance BAC009S0906W0141, best cost 78.452 + -396.156 = -317.704 over 708 frames.
LOG (lattice-best-path[5.5]:main():lattice-best-path.cc:99) For utterance BAC009S0906W0142, best cost 84.316 + -199.151 = -114.835 over 430 frames.
LOG (lattice-best-path[5.5]:main():lattice-best-path.cc:99) For utterance BAC009S0906W0143, best cost 60.3774 + -189.025 = -128.647 over 341 frames.
LOG (lattice-best-path[5.5]:main():lattice-best-path.cc:99) For utterance BAC009S0906W0144, best cost 105.255 + -345.398 = -240.143 over 612 frames.
LOG (lattice-best-path[5.5]:main():lattice-best-path.cc:99) For utterance BAC009S0906W0145, best cost 77.4671 + -239.645 = -162.178 over 420 frames.
LOG (lattice-best-path[5.5]:main():lattice-best-path.cc:99) For utterance BAC009S0906W0146, best cost 73.2064 + -249.662 = -176.455 over 478 frames.
LOG (lattice-best-path[5.5]:main():lattice-best-path.cc:99) For utterance BAC009S0906W0147, best cost 68.8955 + -259.464 = -190.569 over 473 frames.
LOG (lattice-best-path[5.5]:main():lattice-best-path.cc:99) For utterance BAC009S0906W0148, best cost 41.6261 + -190.548 = -148.922 over 363 frames.
LOG (lattice-best-path[5.5]:main():lattice-best-path.cc:99) For utterance BAC009S0906W0149, best cost 121.854 + -383.935 = -262.081 over 635 frames.
LOG (lattice-best-path[5.5]:main():lattice-best-path.cc:99) For utterance BAC009S0906W0150, best cost 113.947 + -344.358 = -230.411 over 630 frames.
LOG (lattice-best-path[5.5]:main():lattice-best-path.cc:99) For utterance BAC009S0906W0151, best cost 69.4601 + -210.726 = -141.266 over 368 frames.
LOG (lattice-best-path[5.5]:main():lattice-best-path.cc:99) For utterance BAC009S0906W0152, best cost 102.299 + -342.231 = -239.932 over 610 frames.
LOG (lattice-best-path[5.5]:main():lattice-best-path.cc:99) For utterance BAC009S0906W0153, best cost 61.2132 + -186.539 = -125.325 over 340 frames.
LOG (lattice-best-path[5.5]:main():lattice-best-path.cc:99) For utterance BAC009S0906W0154, best cost 58.1239 + -174.793 = -116.669 over 310 frames.
LOG (lattice-best-path[5.5]:main():lattice-best-path.cc:99) For utterance BAC009S0906W0155, best cost 75.164 + -219.836 = -144.672 over 400 frames.
LOG (lattice-best-path[5.5]:main():lattice-best-path.cc:99) For utterance BAC009S0906W0156, best cost 105.896 + -319.188 = -213.292 over 573 frames.
LOG (lattice-best-path[5.5]:main():lattice-best-path.cc:99) For utterance BAC009S0906W0157, best cost 100.325 + -316.717 = -216.392 over 563 frames.
LOG (lattice-best-path[5.5]:main():lattice-best-path.cc:99) For utterance BAC009S0906W0158, best cost 62.0161 + -199.394 = -137.378 over 388 frames.
LOG (lattice-best-path[5.5]:main():lattice-best-path.cc:99) For utterance BAC009S0906W0159, best cost 65.8273 + -198.663 = -132.835 over 358 frames.
LOG (lattice-best-path[5.5]:main():lattice-best-path.cc:99) For utterance BAC009S0906W0160, best cost 59.8342 + -189.216 = -129.382 over 343 frames.
LOG (lattice-best-path[5.5]:main():lattice-best-path.cc:99) For utterance BAC009S0906W0161, best cost 50.3588 + -269.276 = -218.917 over 497 frames.
LOG (lattice-best-path[5.5]:main():lattice-best-path.cc:99) For utterance BAC009S0906W0162, best cost 36.1828 + -170.491 = -134.308 over 335 frames.
LOG (lattice-best-path[5.5]:main():lattice-best-path.cc:99) For utterance BAC009S0906W0163, best cost 104.164 + -351.648 = -247.484 over 691 frames.
LOG (lattice-best-path[5.5]:main():lattice-best-path.cc:99) For utterance BAC009S0906W0164, best cost 33.7009 + -141.755 = -108.054 over 247 frames.
LOG (lattice-best-path[5.5]:main():lattice-best-path.cc:99) For utterance BAC009S0906W0165, best cost 35.9132 + -128.11 = -92.197 over 283 frames.
LOG (lattice-best-path[5.5]:main():lattice-best-path.cc:99) For utterance BAC009S0906W0166, best cost 143.439 + -415.429 = -271.99 over 763 frames.
LOG (lattice-best-path[5.5]:main():lattice-best-path.cc:99) For utterance BAC009S0906W0167, best cost 76.1098 + -267.35 = -191.24 over 547 frames.
LOG (lattice-best-path[5.5]:main():lattice-best-path.cc:99) For utterance BAC009S0906W0168, best cost 76.6989 + -303.045 = -226.346 over 611 frames.
LOG (lattice-best-path[5.5]:main():lattice-best-path.cc:99) For utterance BAC009S0906W0169, best cost 73.4668 + -196.894 = -123.427 over 350 frames.
LOG (lattice-best-path[5.5]:main():lattice-best-path.cc:99) For utterance BAC009S0906W0170, best cost 80.396 + -295.945 = -215.549 over 596 frames.
LOG (lattice-best-path[5.5]:main():lattice-best-path.cc:99) For utterance BAC009S0906W0171, best cost 78.2357 + -205.381 = -127.145 over 366 frames.
LOG (lattice-best-path[5.5]:main():lattice-best-path.cc:99) For utterance BAC009S0906W0172, best cost 80.8621 + -256.678 = -175.816 over 490 frames.
LOG (lattice-best-path[5.5]:main():lattice-best-path.cc:99) For utterance BAC009S0906W0173, best cost 96.5987 + -247.022 = -150.423 over 417 frames.
LOG (lattice-best-path[5.5]:main():lattice-best-path.cc:99) For utterance BAC009S0906W0174, best cost 139.616 + -400.515 = -260.899 over 731 frames.
LOG (lattice-best-path[5.5]:main():lattice-best-path.cc:99) For utterance BAC009S0906W0175, best cost 78.233 + -204.5 = -126.267 over 360 frames.
LOG (lattice-best-path[5.5]:main():lattice-best-path.cc:99) For utterance BAC009S0906W0176, best cost 63.0967 + -197.709 = -134.612 over 339 frames.
LOG (lattice-best-path[5.5]:main():lattice-best-path.cc:99) For utterance BAC009S0906W0177, best cost 70.4897 + -254.438 = -183.948 over 540 frames.
LOG (lattice-best-path[5.5]:main():lattice-best-path.cc:99) For utterance BAC009S0906W0178, best cost 66.5039 + -223.188 = -156.684 over 372 frames.
LOG (lattice-best-path[5.5]:main():lattice-best-path.cc:99) For utterance BAC009S0906W0179, best cost 74.27 + -226.01 = -151.74 over 387 frames.
LOG (lattice-best-path[5.5]:main():lattice-best-path.cc:99) For utterance BAC009S0906W0180, best cost 51.2254 + -280.192 = -228.967 over 543 frames.
LOG (lattice-best-path[5.5]:main():lattice-best-path.cc:99) For utterance BAC009S0906W0181, best cost 81.9799 + -281.615 = -199.635 over 455 frames.
LOG (lattice-best-path[5.5]:main():lattice-best-path.cc:99) For utterance BAC009S0906W0182, best cost 75.9555 + -235.283 = -159.327 over 411 frames.
LOG (lattice-best-path[5.5]:main():lattice-best-path.cc:99) For utterance BAC009S0906W0183, best cost 121.938 + -360.275 = -238.337 over 631 frames.
LOG (lattice-best-path[5.5]:main():lattice-best-path.cc:99) For utterance BAC009S0906W0184, best cost 77.5404 + -269.241 = -191.7 over 550 frames.
LOG (lattice-best-path[5.5]:main():lattice-best-path.cc:99) For utterance BAC009S0906W0185, best cost 73.4743 + -191.026 = -117.552 over 376 frames.
LOG (lattice-best-path[5.5]:main():lattice-best-path.cc:99) For utterance BAC009S0906W0186, best cost 130.564 + -365.966 = -235.403 over 655 frames.
LOG (lattice-best-path[5.5]:main():lattice-best-path.cc:99) For utterance BAC009S0906W0187, best cost 81.5628 + -197.361 = -115.798 over 361 frames.
LOG (lattice-best-path[5.5]:main():lattice-best-path.cc:99) For utterance BAC009S0906W0188, best cost 93.2217 + -289.095 = -195.874 over 539 frames.
LOG (lattice-best-path[5.5]:main():lattice-best-path.cc:99) For utterance BAC009S0906W0189, best cost 42.3249 + -127.76 = -85.4355 over 237 frames.
LOG (lattice-best-path[5.5]:main():lattice-best-path.cc:99) For utterance BAC009S0906W0190, best cost 80.9936 + -211.543 = -130.549 over 407 frames.
LOG (lattice-best-path[5.5]:main():lattice-best-path.cc:99) For utterance BAC009S0906W0191, best cost 175.237 + -386.225 = -210.988 over 706 frames.
LOG (lattice-best-path[5.5]:main():lattice-best-path.cc:99) For utterance BAC009S0906W0192, best cost 78.1704 + -260.931 = -182.76 over 465 frames.
LOG (lattice-best-path[5.5]:main():lattice-best-path.cc:99) For utterance BAC009S0906W0193, best cost 148.995 + -394.578 = -245.583 over 669 frames.
LOG (lattice-best-path[5.5]:main():lattice-best-path.cc:99) For utterance BAC009S0906W0194, best cost 135.584 + -441.39 = -305.806 over 793 frames.
LOG (lattice-best-path[5.5]:main():lattice-best-path.cc:99) For utterance BAC009S0906W0195, best cost 82.9533 + -238.557 = -155.604 over 400 frames.
LOG (lattice-best-path[5.5]:main():lattice-best-path.cc:99) For utterance BAC009S0906W0196, best cost 141.302 + -345.206 = -203.904 over 636 frames.
LOG (lattice-best-path[5.5]:main():lattice-best-path.cc:99) For utterance BAC009S0906W0197, best cost 161.913 + -443.038 = -281.125 over 831 frames.
LOG (lattice-best-path[5.5]:main():lattice-best-path.cc:99) For utterance BAC009S0906W0198, best cost 109.106 + -292.307 = -183.201 over 517 frames.
LOG (lattice-best-path[5.5]:main():lattice-best-path.cc:99) For utterance BAC009S0906W0199, best cost 61.4067 + -197.391 = -135.984 over 426 frames.
LOG (lattice-best-path[5.5]:main():lattice-best-path.cc:99) For utterance BAC009S0906W0200, best cost 101.846 + -266.842 = -164.997 over 458 frames.
LOG (lattice-best-path[5.5]:main():lattice-best-path.cc:99) For utterance BAC009S0906W0201, best cost 75.5263 + -194.575 = -119.049 over 346 frames.
LOG (lattice-best-path[5.5]:main():lattice-best-path.cc:99) For utterance BAC009S0906W0202, best cost 82.4152 + -213.121 = -130.706 over 397 frames.
LOG (lattice-best-path[5.5]:main():lattice-best-path.cc:99) For utterance BAC009S0906W0203, best cost 157.515 + -442.836 = -285.321 over 802 frames.
LOG (lattice-best-path[5.5]:main():lattice-best-path.cc:99) For utterance BAC009S0906W0204, best cost 64.6126 + -174.162 = -109.549 over 329 frames.
LOG (lattice-best-path[5.5]:main():lattice-best-path.cc:99) For utterance BAC009S0906W0205, best cost 95.9521 + -349.508 = -253.556 over 656 frames.
LOG (lattice-best-path[5.5]:main():lattice-best-path.cc:99) For utterance BAC009S0906W0206, best cost 89.1127 + -295.424 = -206.312 over 587 frames.
LOG (lattice-best-path[5.5]:main():lattice-best-path.cc:99) For utterance BAC009S0906W0207, best cost 117.354 + -331.814 = -214.46 over 745 frames.
LOG (lattice-best-path[5.5]:main():lattice-best-path.cc:99) For utterance BAC009S0906W0208, best cost 80.8509 + -270.847 = -189.996 over 482 frames.
LOG (lattice-best-path[5.5]:main():lattice-best-path.cc:99) For utterance BAC009S0906W0209, best cost 79.9146 + -248.15 = -168.236 over 526 frames.
LOG (lattice-best-path[5.5]:main():lattice-best-path.cc:99) For utterance BAC009S0906W0210, best cost 89.7981 + -267.471 = -177.672 over 492 frames.
LOG (lattice-best-path[5.5]:main():lattice-best-path.cc:99) For utterance BAC009S0906W0211, best cost 63.0854 + -176.172 = -113.087 over 351 frames.
LOG (lattice-best-path[5.5]:main():lattice-best-path.cc:99) For utterance BAC009S0906W0212, best cost 157.858 + -463.115 = -305.257 over 809 frames.
LOG (lattice-best-path[5.5]:main():lattice-best-path.cc:99) For utterance BAC009S0906W0213, best cost 121.785 + -343.578 = -221.793 over 607 frames.
LOG (lattice-best-path[5.5]:main():lattice-best-path.cc:99) For utterance BAC009S0906W0214, best cost 164.327 + -468.862 = -304.535 over 801 frames.
LOG (lattice-best-path[5.5]:main():lattice-best-path.cc:99) For utterance BAC009S0906W0215, best cost 64.8014 + -161.234 = -96.4326 over 312 frames.
LOG (lattice-best-path[5.5]:main():lattice-best-path.cc:99) For utterance BAC009S0906W0216, best cost 85.348 + -253.693 = -168.345 over 460 frames.
LOG (lattice-best-path[5.5]:main():lattice-best-path.cc:99) For utterance BAC009S0906W0217, best cost 94.7482 + -276.183 = -181.434 over 487 frames.
LOG (lattice-best-path[5.5]:main():lattice-best-path.cc:99) For utterance BAC009S0906W0218, best cost 58.635 + -164.301 = -105.666 over 297 frames.
LOG (lattice-best-path[5.5]:main():lattice-best-path.cc:99) For utterance BAC009S0906W0219, best cost 181.552 + -612.191 = -430.64 over 1391 frames.
LOG (lattice-best-path[5.5]:main():lattice-best-path.cc:99) For utterance BAC009S0906W0220, best cost 71.6426 + -186.781 = -115.138 over 336 frames.
LOG (lattice-best-path[5.5]:main():lattice-best-path.cc:99) For utterance BAC009S0906W0221, best cost 72.8896 + -228.348 = -155.458 over 384 frames.
LOG (lattice-best-path[5.5]:main():lattice-best-path.cc:99) For utterance BAC009S0906W0222, best cost 96.287 + -312.195 = -215.908 over 604 frames.
LOG (lattice-best-path[5.5]:main():lattice-best-path.cc:99) For utterance BAC009S0906W0223, best cost 140.143 + -377.913 = -237.77 over 683 frames.
LOG (lattice-best-path[5.5]:main():lattice-best-path.cc:99) For utterance BAC009S0906W0224, best cost 137.917 + -380.865 = -242.948 over 753 frames.
LOG (lattice-best-path[5.5]:main():lattice-best-path.cc:99) For utterance BAC009S0906W0225, best cost 62.3954 + -161.87 = -99.4745 over 306 frames.
LOG (lattice-best-path[5.5]:main():lattice-best-path.cc:99) For utterance BAC009S0906W0226, best cost 71.2579 + -175.169 = -103.911 over 324 frames.
LOG (lattice-best-path[5.5]:main():lattice-best-path.cc:99) For utterance BAC009S0906W0227, best cost 99.8891 + -290.924 = -191.035 over 524 frames.
LOG (lattice-best-path[5.5]:main():lattice-best-path.cc:99) For utterance BAC009S0906W0228, best cost 51.989 + -144.394 = -92.4052 over 281 frames.
LOG (lattice-best-path[5.5]:main():lattice-best-path.cc:99) For utterance BAC009S0906W0229, best cost 84.6838 + -283.826 = -199.142 over 587 frames.
LOG (lattice-best-path[5.5]:main():lattice-best-path.cc:99) For utterance BAC009S0906W0230, best cost 142.783 + -447.994 = -305.212 over 780 frames.
LOG (lattice-best-path[5.5]:main():lattice-best-path.cc:99) For utterance BAC009S0906W0231, best cost 130.583 + -386.379 = -255.797 over 716 frames.
LOG (lattice-best-path[5.5]:main():lattice-best-path.cc:99) For utterance BAC009S0906W0232, best cost 94.5946 + -284.346 = -189.752 over 561 frames.
LOG (lattice-best-path[5.5]:main():lattice-best-path.cc:99) For utterance BAC009S0906W0233, best cost 103.598 + -316.223 = -212.625 over 580 frames.
LOG (lattice-best-path[5.5]:main():lattice-best-path.cc:99) For utterance BAC009S0906W0234, best cost 78.6561 + -216.329 = -137.672 over 492 frames.
LOG (lattice-best-path[5.5]:main():lattice-best-path.cc:99) For utterance BAC009S0906W0235, best cost 98.2873 + -294.737 = -196.45 over 567 frames.
LOG (lattice-best-path[5.5]:main():lattice-best-path.cc:99) For utterance BAC009S0906W0236, best cost 123.347 + -302.335 = -178.988 over 610 frames.
LOG (lattice-best-path[5.5]:main():lattice-best-path.cc:99) For utterance BAC009S0906W0237, best cost 159.027 + -475.743 = -316.716 over 937 frames.
LOG (lattice-best-path[5.5]:main():lattice-best-path.cc:99) For utterance BAC009S0906W0238, best cost 85.3965 + -258.262 = -172.865 over 526 frames.
LOG (lattice-best-path[5.5]:main():lattice-best-path.cc:99) For utterance BAC009S0906W0239, best cost 66.1466 + -187.005 = -120.858 over 373 frames.
LOG (lattice-best-path[5.5]:main():lattice-best-path.cc:99) For utterance BAC009S0906W0240, best cost 188.636 + -553.712 = -365.077 over 1050 frames.
LOG (lattice-best-path[5.5]:main():lattice-best-path.cc:99) For utterance BAC009S0906W0241, best cost 141.994 + -411.908 = -269.914 over 720 frames.
LOG (lattice-best-path[5.5]:main():lattice-best-path.cc:99) For utterance BAC009S0906W0242, best cost 75.8254 + -189.859 = -114.033 over 341 frames.
LOG (lattice-best-path[5.5]:main():lattice-best-path.cc:99) For utterance BAC009S0906W0243, best cost 54.345 + -160.687 = -106.342 over 297 frames.
LOG (lattice-best-path[5.5]:main():lattice-best-path.cc:99) For utterance BAC009S0906W0244, best cost 81.8302 + -260.606 = -178.776 over 503 frames.
LOG (lattice-best-path[5.5]:main():lattice-best-path.cc:99) For utterance BAC009S0906W0245, best cost 125.166 + -293.734 = -168.569 over 540 frames.
LOG (lattice-best-path[5.5]:main():lattice-best-path.cc:99) For utterance BAC009S0906W0246, best cost 103.382 + -288.806 = -185.425 over 552 frames.
LOG (lattice-best-path[5.5]:main():lattice-best-path.cc:99) For utterance BAC009S0906W0247, best cost 113.799 + -367.617 = -253.819 over 671 frames.
LOG (lattice-best-path[5.5]:main():lattice-best-path.cc:99) For utterance BAC009S0906W0248, best cost 139.877 + -412.913 = -273.036 over 766 frames.
LOG (lattice-best-path[5.5]:main():lattice-best-path.cc:99) For utterance BAC009S0906W0249, best cost 78.0387 + -225.1 = -147.061 over 442 frames.
LOG (lattice-best-path[5.5]:main():lattice-best-path.cc:99) For utterance BAC009S0906W0250, best cost 58.4441 + -125.69 = -67.2459 over 263 frames.
LOG (lattice-best-path[5.5]:main():lattice-best-path.cc:99) For utterance BAC009S0906W0251, best cost 65.7129 + -221.831 = -156.118 over 421 frames.
LOG (lattice-best-path[5.5]:main():lattice-best-path.cc:99) For utterance BAC009S0906W0252, best cost 111.199 + -307.464 = -196.265 over 529 frames.
LOG (lattice-best-path[5.5]:main():lattice-best-path.cc:99) For utterance BAC009S0906W0253, best cost 77.3549 + -205.926 = -128.571 over 392 frames.
LOG (lattice-best-path[5.5]:main():lattice-best-path.cc:99) For utterance BAC009S0906W0254, best cost 107.107 + -243.754 = -136.647 over 468 frames.
LOG (lattice-best-path[5.5]:main():lattice-best-path.cc:99) For utterance BAC009S0906W0256, best cost 99.9749 + -241.216 = -141.241 over 436 frames.
LOG (lattice-best-path[5.5]:main():lattice-best-path.cc:99) For utterance BAC009S0906W0257, best cost 77.8699 + -212.972 = -135.102 over 400 frames.
LOG (lattice-best-path[5.5]:main():lattice-best-path.cc:99) For utterance BAC009S0906W0258, best cost 101.956 + -291.852 = -189.896 over 595 frames.
LOG (lattice-best-path[5.5]:main():lattice-best-path.cc:99) For utterance BAC009S0906W0259, best cost 161.767 + -427.479 = -265.711 over 778 frames.
LOG (lattice-best-path[5.5]:main():lattice-best-path.cc:99) For utterance BAC009S0906W0260, best cost 63.527 + -181.047 = -117.52 over 354 frames.
LOG (lattice-best-path[5.5]:main():lattice-best-path.cc:99) For utterance BAC009S0906W0261, best cost 129.419 + -360.934 = -231.516 over 632 frames.
LOG (lattice-best-path[5.5]:main():lattice-best-path.cc:99) For utterance BAC009S0906W0262, best cost 82.1962 + -225.987 = -143.79 over 439 frames.
LOG (lattice-best-path[5.5]:main():lattice-best-path.cc:99) For utterance BAC009S0906W0263, best cost 118.1 + -288.863 = -170.762 over 539 frames.
LOG (lattice-best-path[5.5]:main():lattice-best-path.cc:99) For utterance BAC009S0906W0265, best cost 68.8113 + -169.708 = -100.896 over 313 frames.
LOG (lattice-best-path[5.5]:main():lattice-best-path.cc:99) For utterance BAC009S0906W0266, best cost 65.7074 + -169.925 = -104.217 over 335 frames.
LOG (lattice-best-path[5.5]:main():lattice-best-path.cc:99) For utterance BAC009S0906W0267, best cost 139.943 + -328.818 = -188.874 over 582 frames.
LOG (lattice-best-path[5.5]:main():lattice-best-path.cc:99) For utterance BAC009S0906W0268, best cost 66.2701 + -217.88 = -151.61 over 382 frames.
LOG (lattice-best-path[5.5]:main():lattice-best-path.cc:99) For utterance BAC009S0906W0269, best cost 112.944 + -317.953 = -205.009 over 547 frames.
LOG (lattice-best-path[5.5]:main():lattice-best-path.cc:99) For utterance BAC009S0906W0270, best cost 57.1205 + -156.462 = -99.3414 over 277 frames.
LOG (lattice-best-path[5.5]:main():lattice-best-path.cc:99) For utterance BAC009S0906W0271, best cost 69.6169 + -174.964 = -105.347 over 356 frames.
LOG (lattice-best-path[5.5]:main():lattice-best-path.cc:99) For utterance BAC009S0906W0272, best cost 125.282 + -340.791 = -215.509 over 612 frames.
LOG (lattice-best-path[5.5]:main():lattice-best-path.cc:99) For utterance BAC009S0906W0273, best cost 81.5567 + -238.932 = -157.375 over 450 frames.
LOG (lattice-best-path[5.5]:main():lattice-best-path.cc:99) For utterance BAC009S0906W0274, best cost 117.208 + -338.257 = -221.049 over 635 frames.
LOG (lattice-best-path[5.5]:main():lattice-best-path.cc:99) For utterance BAC009S0906W0277, best cost 65.442 + -189.431 = -123.989 over 324 frames.
LOG (lattice-best-path[5.5]:main():lattice-best-path.cc:99) For utterance BAC009S0906W0278, best cost 70.4125 + -220.059 = -149.647 over 443 frames.
LOG (lattice-best-path[5.5]:main():lattice-best-path.cc:99) For utterance BAC009S0906W0279, best cost 78.9094 + -222.816 = -143.906 over 443 frames.
LOG (lattice-best-path[5.5]:main():lattice-best-path.cc:99) For utterance BAC009S0906W0281, best cost 136.618 + -438.856 = -302.238 over 866 frames.
LOG (lattice-best-path[5.5]:main():lattice-best-path.cc:99) For utterance BAC009S0906W0282, best cost 99.5075 + -352.188 = -252.681 over 714 frames.
LOG (lattice-best-path[5.5]:main():lattice-best-path.cc:99) For utterance BAC009S0906W0283, best cost 91.031 + -297.958 = -206.927 over 506 frames.
LOG (lattice-best-path[5.5]:main():lattice-best-path.cc:99) For utterance BAC009S0906W0284, best cost 121.948 + -329.238 = -207.29 over 599 frames.
LOG (lattice-best-path[5.5]:main():lattice-best-path.cc:99) For utterance BAC009S0906W0286, best cost 72.0788 + -214.224 = -142.145 over 431 frames.
LOG (lattice-best-path[5.5]:main():lattice-best-path.cc:99) For utterance BAC009S0906W0287, best cost 63.7391 + -172.017 = -108.278 over 306 frames.
LOG (lattice-best-path[5.5]:main():lattice-best-path.cc:99) For utterance BAC009S0906W0290, best cost 116.259 + -332.369 = -216.11 over 592 frames.
LOG (lattice-best-path[5.5]:main():lattice-best-path.cc:99) For utterance BAC009S0906W0291, best cost 75.4422 + -187.89 = -112.448 over 396 frames.
LOG (lattice-best-path[5.5]:main():lattice-best-path.cc:99) For utterance BAC009S0906W0292, best cost 62.2077 + -163.285 = -101.077 over 312 frames.
LOG (lattice-best-path[5.5]:main():lattice-best-path.cc:99) For utterance BAC009S0906W0294, best cost 92.4897 + -225.849 = -133.359 over 464 frames.
LOG (lattice-best-path[5.5]:main():lattice-best-path.cc:99) For utterance BAC009S0906W0295, best cost 70.985 + -179.022 = -108.037 over 313 frames.
LOG (lattice-best-path[5.5]:main():lattice-best-path.cc:99) For utterance BAC009S0906W0297, best cost 81.868 + -209.396 = -127.528 over 392 frames.
LOG (lattice-best-path[5.5]:main():lattice-best-path.cc:99) For utterance BAC009S0906W0298, best cost 98.1184 + -263.809 = -165.69 over 506 frames.
LOG (lattice-best-path[5.5]:main():lattice-best-path.cc:99) For utterance BAC009S0906W0299, best cost 83.3335 + -243.757 = -160.424 over 412 frames.
LOG (lattice-best-path[5.5]:main():lattice-best-path.cc:99) For utterance BAC009S0906W0300, best cost 129.177 + -325.13 = -195.954 over 602 frames.
LOG (lattice-best-path[5.5]:main():lattice-best-path.cc:99) For utterance BAC009S0906W0302, best cost 88.7156 + -238.04 = -149.324 over 452 frames.
LOG (lattice-best-path[5.5]:main():lattice-best-path.cc:99) For utterance BAC009S0906W0303, best cost 95.0522 + -268.624 = -173.572 over 491 frames.
LOG (lattice-best-path[5.5]:main():lattice-best-path.cc:99) For utterance BAC009S0906W0304, best cost 115.629 + -319.309 = -203.68 over 536 frames.
LOG (lattice-best-path[5.5]:main():lattice-best-path.cc:99) For utterance BAC009S0906W0305, best cost 82.7929 + -234.804 = -152.011 over 439 frames.
LOG (lattice-best-path[5.5]:main():lattice-best-path.cc:99) For utterance BAC009S0906W0306, best cost 113.408 + -269.624 = -156.216 over 495 frames.
LOG (lattice-best-path[5.5]:main():lattice-best-path.cc:99) For utterance BAC009S0906W0307, best cost 57.0499 + -223.609 = -166.559 over 397 frames.
LOG (lattice-best-path[5.5]:main():lattice-best-path.cc:99) For utterance BAC009S0906W0308, best cost 132.132 + -308.137 = -176.005 over 538 frames.
LOG (lattice-best-path[5.5]:main():lattice-best-path.cc:99) For utterance BAC009S0906W0309, best cost 84.1097 + -223.606 = -139.497 over 443 frames.
LOG (lattice-best-path[5.5]:main():lattice-best-path.cc:99) For utterance BAC009S0906W0310, best cost 82.3654 + -193.138 = -110.772 over 355 frames.
LOG (lattice-best-path[5.5]:main():lattice-best-path.cc:99) For utterance BAC009S0906W0311, best cost 51.3806 + -200.373 = -148.993 over 404 frames.
LOG (lattice-best-path[5.5]:main():lattice-best-path.cc:99) For utterance BAC009S0906W0312, best cost 155.258 + -488.193 = -332.935 over 887 frames.
LOG (lattice-best-path[5.5]:main():lattice-best-path.cc:99) For utterance BAC009S0906W0313, best cost 124.766 + -346.128 = -221.362 over 579 frames.
LOG (lattice-best-path[5.5]:main():lattice-best-path.cc:99) For utterance BAC009S0906W0314, best cost 85.6779 + -253.784 = -168.106 over 484 frames.
LOG (lattice-best-path[5.5]:main():lattice-best-path.cc:99) For utterance BAC009S0906W0315, best cost 148.376 + -368.866 = -220.49 over 637 frames.
LOG (lattice-best-path[5.5]:main():lattice-best-path.cc:99) For utterance BAC009S0906W0316, best cost 105.393 + -332.685 = -227.292 over 579 frames.
LOG (lattice-best-path[5.5]:main():lattice-best-path.cc:99) For utterance BAC009S0906W0317, best cost 86.4305 + -217.792 = -131.362 over 368 frames.
LOG (lattice-best-path[5.5]:main():lattice-best-path.cc:99) For utterance BAC009S0906W0318, best cost 136.443 + -357.311 = -220.867 over 627 frames.
LOG (lattice-best-path[5.5]:main():lattice-best-path.cc:99) For utterance BAC009S0906W0319, best cost 86.2269 + -272.794 = -186.567 over 534 frames.
LOG (lattice-best-path[5.5]:main():lattice-best-path.cc:99) For utterance BAC009S0906W0320, best cost 80.0269 + -228.434 = -148.407 over 391 frames.
LOG (lattice-best-path[5.5]:main():lattice-best-path.cc:99) For utterance BAC009S0906W0321, best cost 79.0016 + -263.495 = -184.493 over 468 frames.
LOG (lattice-best-path[5.5]:main():lattice-best-path.cc:99) For utterance BAC009S0906W0322, best cost 94.5798 + -258.175 = -163.595 over 452 frames.
LOG (lattice-best-path[5.5]:main():lattice-best-path.cc:99) For utterance BAC009S0906W0323, best cost 163.863 + -492.585 = -328.722 over 956 frames.
LOG (lattice-best-path[5.5]:main():lattice-best-path.cc:99) For utterance BAC009S0906W0324, best cost 100.664 + -274.599 = -173.935 over 486 frames.
LOG (lattice-best-path[5.5]:main():lattice-best-path.cc:99) For utterance BAC009S0906W0325, best cost 43.3974 + -150.553 = -107.156 over 282 frames.
LOG (lattice-best-path[5.5]:main():lattice-best-path.cc:99) For utterance BAC009S0906W0326, best cost 87.4833 + -254.967 = -167.484 over 461 frames.
LOG (lattice-best-path[5.5]:main():lattice-best-path.cc:99) For utterance BAC009S0906W0327, best cost 90.5831 + -207.104 = -116.521 over 361 frames.
LOG (lattice-best-path[5.5]:main():lattice-best-path.cc:99) For utterance BAC009S0906W0328, best cost 81.466 + -249.772 = -168.306 over 415 frames.
LOG (lattice-best-path[5.5]:main():lattice-best-path.cc:99) For utterance BAC009S0906W0329, best cost 109.518 + -312.302 = -202.784 over 582 frames.
LOG (lattice-best-path[5.5]:main():lattice-best-path.cc:99) For utterance BAC009S0906W0330, best cost 88.3646 + -271.893 = -183.528 over 453 frames.
LOG (lattice-best-path[5.5]:main():lattice-best-path.cc:99) For utterance BAC009S0906W0331, best cost 106.871 + -324.619 = -217.749 over 544 frames.
LOG (lattice-best-path[5.5]:main():lattice-best-path.cc:99) For utterance BAC009S0906W0332, best cost 112.035 + -379.296 = -267.262 over 741 frames.
LOG (lattice-best-path[5.5]:main():lattice-best-path.cc:99) For utterance BAC009S0906W0333, best cost 56.8198 + -180.841 = -124.021 over 329 frames.
LOG (lattice-best-path[5.5]:main():lattice-best-path.cc:99) For utterance BAC009S0906W0334, best cost 104.063 + -266.308 = -162.246 over 486 frames.
LOG (lattice-best-path[5.5]:main():lattice-best-path.cc:99) For utterance BAC009S0906W0335, best cost 68.233 + -173.987 = -105.754 over 332 frames.
LOG (lattice-best-path[5.5]:main():lattice-best-path.cc:99) For utterance BAC009S0906W0336, best cost 49.5254 + -152.037 = -102.511 over 314 frames.
LOG (lattice-best-path[5.5]:main():lattice-best-path.cc:99) For utterance BAC009S0906W0337, best cost 75.6477 + -199.767 = -124.119 over 345 frames.
LOG (lattice-best-path[5.5]:main():lattice-best-path.cc:99) For utterance BAC009S0906W0338, best cost 102.159 + -311.008 = -208.849 over 556 frames.
LOG (lattice-best-path[5.5]:main():lattice-best-path.cc:99) For utterance BAC009S0906W0339, best cost 157.776 + -386.418 = -228.642 over 648 frames.
LOG (lattice-best-path[5.5]:main():lattice-best-path.cc:99) For utterance BAC009S0906W0340, best cost 105.891 + -261.769 = -155.878 over 461 frames.
LOG (lattice-best-path[5.5]:main():lattice-best-path.cc:99) For utterance BAC009S0906W0341, best cost 136.114 + -351.707 = -215.593 over 649 frames.
LOG (lattice-best-path[5.5]:main():lattice-best-path.cc:99) For utterance BAC009S0906W0342, best cost 130.553 + -396.925 = -266.372 over 720 frames.
LOG (lattice-best-path[5.5]:main():lattice-best-path.cc:99) For utterance BAC009S0906W0343, best cost 149.405 + -453.45 = -304.044 over 857 frames.
LOG (lattice-best-path[5.5]:main():lattice-best-path.cc:99) For utterance BAC009S0906W0344, best cost 134.51 + -280.661 = -146.152 over 499 frames.
LOG (lattice-best-path[5.5]:main():lattice-best-path.cc:99) For utterance BAC009S0906W0345, best cost 120.949 + -273.457 = -152.507 over 520 frames.
LOG (lattice-best-path[5.5]:main():lattice-best-path.cc:99) For utterance BAC009S0906W0346, best cost 144.84 + -345.221 = -200.381 over 615 frames.
LOG (lattice-best-path[5.5]:main():lattice-best-path.cc:99) For utterance BAC009S0906W0347, best cost 95.923 + -223.704 = -127.781 over 377 frames.
LOG (lattice-best-path[5.5]:main():lattice-best-path.cc:99) For utterance BAC009S0906W0348, best cost 97.0299 + -236.005 = -138.975 over 434 frames.
LOG (lattice-best-path[5.5]:main():lattice-best-path.cc:99) For utterance BAC009S0906W0349, best cost 57.6209 + -223.861 = -166.24 over 392 frames.
LOG (lattice-best-path[5.5]:main():lattice-best-path.cc:99) For utterance BAC009S0906W0350, best cost 170.092 + -466.71 = -296.618 over 910 frames.
LOG (lattice-best-path[5.5]:main():lattice-best-path.cc:99) For utterance BAC009S0906W0353, best cost 43.1239 + -196.66 = -153.536 over 321 frames.
LOG (lattice-best-path[5.5]:main():lattice-best-path.cc:99) For utterance BAC009S0906W0354, best cost 113.74 + -260.819 = -147.079 over 459 frames.
LOG (lattice-best-path[5.5]:main():lattice-best-path.cc:99) For utterance BAC009S0906W0355, best cost 63.6712 + -164.677 = -101.006 over 308 frames.
LOG (lattice-best-path[5.5]:main():lattice-best-path.cc:99) For utterance BAC009S0906W0356, best cost 108.034 + -265.016 = -156.982 over 518 frames.
LOG (lattice-best-path[5.5]:main():lattice-best-path.cc:99) For utterance BAC009S0906W0357, best cost 76.0818 + -153.956 = -77.8745 over 284 frames.
LOG (lattice-best-path[5.5]:main():lattice-best-path.cc:99) For utterance BAC009S0906W0358, best cost 80.1045 + -203.207 = -123.102 over 393 frames.
LOG (lattice-best-path[5.5]:main():lattice-best-path.cc:99) For utterance BAC009S0906W0359, best cost 73.8911 + -186.405 = -112.514 over 335 frames.
LOG (lattice-best-path[5.5]:main():lattice-best-path.cc:99) For utterance BAC009S0906W0360, best cost 134.649 + -340.592 = -205.943 over 609 frames.
LOG (lattice-best-path[5.5]:main():lattice-best-path.cc:99) For utterance BAC009S0906W0361, best cost 95.677 + -248.371 = -152.694 over 548 frames.
LOG (lattice-best-path[5.5]:main():lattice-best-path.cc:99) For utterance BAC009S0906W0362, best cost 72.006 + -190.112 = -118.106 over 374 frames.
LOG (lattice-best-path[5.5]:main():lattice-best-path.cc:99) For utterance BAC009S0906W0363, best cost 69.5428 + -141.293 = -71.7503 over 258 frames.
LOG (lattice-best-path[5.5]:main():lattice-best-path.cc:99) For utterance BAC009S0906W0364, best cost 147.098 + -351.254 = -204.156 over 648 frames.
LOG (lattice-best-path[5.5]:main():lattice-best-path.cc:99) For utterance BAC009S0906W0365, best cost 90.4384 + -217.549 = -127.11 over 488 frames.
LOG (lattice-best-path[5.5]:main():lattice-best-path.cc:99) For utterance BAC009S0906W0366, best cost 72.9885 + -181.435 = -108.447 over 340 frames.
LOG (lattice-best-path[5.5]:main():lattice-best-path.cc:99) For utterance BAC009S0906W0367, best cost 122.875 + -287.286 = -164.41 over 513 frames.
LOG (lattice-best-path[5.5]:main():lattice-best-path.cc:99) For utterance BAC009S0906W0368, best cost 98.3428 + -201.785 = -103.443 over 364 frames.
LOG (lattice-best-path[5.5]:main():lattice-best-path.cc:99) For utterance BAC009S0906W0369, best cost 130.366 + -308.147 = -177.781 over 607 frames.
LOG (lattice-best-path[5.5]:main():lattice-best-path.cc:99) For utterance BAC009S0906W0370, best cost 74.7285 + -171.124 = -96.3958 over 306 frames.
LOG (lattice-best-path[5.5]:main():lattice-best-path.cc:99) For utterance BAC009S0906W0371, best cost 65.813 + -204.36 = -138.547 over 393 frames.
LOG (lattice-best-path[5.5]:main():lattice-best-path.cc:99) For utterance BAC009S0906W0372, best cost 109.246 + -263.676 = -154.43 over 474 frames.
LOG (lattice-best-path[5.5]:main():lattice-best-path.cc:99) For utterance BAC009S0906W0373, best cost 154.643 + -394.797 = -240.153 over 768 frames.
LOG (lattice-best-path[5.5]:main():lattice-best-path.cc:99) For utterance BAC009S0906W0374, best cost 81.958 + -184.448 = -102.49 over 356 frames.
LOG (lattice-best-path[5.5]:main():lattice-best-path.cc:99) For utterance BAC009S0906W0375, best cost 122.557 + -327.983 = -205.426 over 636 frames.
LOG (lattice-best-path[5.5]:main():lattice-best-path.cc:99) For utterance BAC009S0906W0376, best cost 158.41 + -382.764 = -224.354 over 708 frames.
LOG (lattice-best-path[5.5]:main():lattice-best-path.cc:99) For utterance BAC009S0906W0377, best cost 93.8351 + -240.464 = -146.628 over 431 frames.
LOG (lattice-best-path[5.5]:main():lattice-best-path.cc:99) For utterance BAC009S0906W0378, best cost 56.1202 + -202.087 = -145.967 over 391 frames.
LOG (lattice-best-path[5.5]:main():lattice-best-path.cc:99) For utterance BAC009S0906W0379, best cost 108.685 + -250.106 = -141.421 over 463 frames.
LOG (lattice-best-path[5.5]:main():lattice-best-path.cc:99) For utterance BAC009S0906W0380, best cost 106.474 + -248.268 = -141.794 over 497 frames.
LOG (lattice-best-path[5.5]:main():lattice-best-path.cc:99) For utterance BAC009S0906W0383, best cost 37.0037 + -174.548 = -137.545 over 287 frames.
LOG (lattice-best-path[5.5]:main():lattice-best-path.cc:99) For utterance BAC009S0906W0384, best cost 158.017 + -425.759 = -267.742 over 886 frames.
LOG (lattice-best-path[5.5]:main():lattice-best-path.cc:99) For utterance BAC009S0906W0385, best cost 84.6273 + -277.409 = -192.782 over 521 frames.
LOG (lattice-best-path[5.5]:main():lattice-best-path.cc:99) For utterance BAC009S0906W0386, best cost 171.108 + -388.566 = -217.457 over 720 frames.
LOG (lattice-best-path[5.5]:main():lattice-best-path.cc:99) For utterance BAC009S0906W0387, best cost 94.8458 + -243.262 = -148.417 over 470 frames.
LOG (lattice-best-path[5.5]:main():lattice-best-path.cc:99) For utterance BAC009S0906W0388, best cost 91.1104 + -173.664 = -82.5539 over 332 frames.
LOG (lattice-best-path[5.5]:main():lattice-best-path.cc:99) For utterance BAC009S0906W0389, best cost 176.191 + -424.677 = -248.486 over 845 frames.
LOG (lattice-best-path[5.5]:main():lattice-best-path.cc:99) For utterance BAC009S0906W0390, best cost 88.8432 + -210.89 = -122.047 over 403 frames.
LOG (lattice-best-path[5.5]:main():lattice-best-path.cc:99) For utterance BAC009S0906W0391, best cost 190.025 + -456.313 = -266.288 over 896 frames.
LOG (lattice-best-path[5.5]:main():lattice-best-path.cc:99) For utterance BAC009S0906W0392, best cost 128.679 + -312.522 = -183.843 over 573 frames.
LOG (lattice-best-path[5.5]:main():lattice-best-path.cc:99) For utterance BAC009S0906W0393, best cost 88.1295 + -254.494 = -166.364 over 495 frames.
LOG (lattice-best-path[5.5]:main():lattice-best-path.cc:99) For utterance BAC009S0906W0394, best cost 155.48 + -386.023 = -230.543 over 752 frames.
LOG (lattice-best-path[5.5]:main():lattice-best-path.cc:99) For utterance BAC009S0906W0395, best cost 80.8775 + -203.356 = -122.478 over 377 frames.
LOG (lattice-best-path[5.5]:main():lattice-best-path.cc:99) For utterance BAC009S0906W0396, best cost 143.406 + -322.788 = -179.382 over 613 frames.
LOG (lattice-best-path[5.5]:main():lattice-best-path.cc:99) For utterance BAC009S0906W0397, best cost 134.631 + -331.481 = -196.85 over 638 frames.
LOG (lattice-best-path[5.5]:main():lattice-best-path.cc:99) For utterance BAC009S0906W0398, best cost 116.956 + -325.962 = -209.007 over 580 frames.
LOG (lattice-best-path[5.5]:main():lattice-best-path.cc:99) For utterance BAC009S0906W0399, best cost 91.8885 + -245.185 = -153.297 over 410 frames.
LOG (lattice-best-path[5.5]:main():lattice-best-path.cc:99) For utterance BAC009S0906W0400, best cost 91.2935 + -251.336 = -160.043 over 458 frames.
LOG (lattice-best-path[5.5]:main():lattice-best-path.cc:99) For utterance BAC009S0906W0401, best cost 83.4744 + -219.079 = -135.604 over 392 frames.
LOG (lattice-best-path[5.5]:main():lattice-best-path.cc:99) For utterance BAC009S0906W0402, best cost 144.733 + -387.897 = -243.164 over 767 frames.
LOG (lattice-best-path[5.5]:main():lattice-best-path.cc:99) For utterance BAC009S0906W0404, best cost 150.894 + -415.446 = -264.552 over 870 frames.
LOG (lattice-best-path[5.5]:main():lattice-best-path.cc:99) For utterance BAC009S0906W0405, best cost 109.914 + -261.104 = -151.191 over 498 frames.
LOG (lattice-best-path[5.5]:main():lattice-best-path.cc:99) For utterance BAC009S0906W0406, best cost 101.589 + -424.536 = -322.947 over 759 frames.
LOG (lattice-best-path[5.5]:main():lattice-best-path.cc:99) For utterance BAC009S0906W0407, best cost 131.358 + -346.399 = -215.041 over 706 frames.
LOG (lattice-best-path[5.5]:main():lattice-best-path.cc:99) For utterance BAC009S0906W0408, best cost 70.758 + -159.287 = -88.5293 over 304 frames.
LOG (lattice-best-path[5.5]:main():lattice-best-path.cc:99) For utterance BAC009S0906W0409, best cost 104.934 + -227.265 = -122.331 over 404 frames.
LOG (lattice-best-path[5.5]:main():lattice-best-path.cc:99) For utterance BAC009S0906W0410, best cost 74.0408 + -166.908 = -92.8671 over 338 frames.
LOG (lattice-best-path[5.5]:main():lattice-best-path.cc:99) For utterance BAC009S0906W0411, best cost 100.284 + -245.599 = -145.314 over 466 frames.
LOG (lattice-best-path[5.5]:main():lattice-best-path.cc:99) For utterance BAC009S0906W0412, best cost 37.3575 + -237.207 = -199.849 over 412 frames.
LOG (lattice-best-path[5.5]:main():lattice-best-path.cc:99) For utterance BAC009S0906W0413, best cost 169.441 + -427.636 = -258.195 over 792 frames.
LOG (lattice-best-path[5.5]:main():lattice-best-path.cc:99) For utterance BAC009S0906W0414, best cost 60.3237 + -152.063 = -91.7394 over 307 frames.
LOG (lattice-best-path[5.5]:main():lattice-best-path.cc:99) For utterance BAC009S0906W0415, best cost 109.334 + -297.414 = -188.081 over 594 frames.
LOG (lattice-best-path[5.5]:main():lattice-best-path.cc:99) For utterance BAC009S0906W0416, best cost 44.3377 + -119.789 = -75.4511 over 244 frames.
LOG (lattice-best-path[5.5]:main():lattice-best-path.cc:99) For utterance BAC009S0906W0418, best cost 79.7051 + -167.451 = -87.7455 over 338 frames.
LOG (lattice-best-path[5.5]:main():lattice-best-path.cc:99) For utterance BAC009S0906W0419, best cost 69.9002 + -171.392 = -101.492 over 360 frames.
LOG (lattice-best-path[5.5]:main():lattice-best-path.cc:99) For utterance BAC009S0906W0420, best cost 31.554 + -206.888 = -175.334 over 337 frames.
LOG (lattice-best-path[5.5]:main():lattice-best-path.cc:99) For utterance BAC009S0906W0421, best cost 136.083 + -336.325 = -200.242 over 645 frames.
LOG (lattice-best-path[5.5]:main():lattice-best-path.cc:99) For utterance BAC009S0906W0422, best cost 44.7723 + -125.572 = -80.7999 over 247 frames.
LOG (lattice-best-path[5.5]:main():lattice-best-path.cc:99) For utterance BAC009S0906W0423, best cost 87.1468 + -292.804 = -205.658 over 616 frames.
LOG (lattice-best-path[5.5]:main():lattice-best-path.cc:99) For utterance BAC009S0906W0424, best cost 135.471 + -372.515 = -237.044 over 661 frames.
LOG (lattice-best-path[5.5]:main():lattice-best-path.cc:99) For utterance BAC009S0906W0425, best cost 53.4027 + -138.979 = -85.5768 over 263 frames.
LOG (lattice-best-path[5.5]:main():lattice-best-path.cc:99) For utterance BAC009S0906W0426, best cost 65.3244 + -163.841 = -98.5169 over 306 frames.
LOG (lattice-best-path[5.5]:main():lattice-best-path.cc:99) For utterance BAC009S0906W0427, best cost 115.372 + -244.77 = -129.398 over 427 frames.
LOG (lattice-best-path[5.5]:main():lattice-best-path.cc:99) For utterance BAC009S0906W0428, best cost 32.5949 + -220.677 = -188.082 over 347 frames.
LOG (lattice-best-path[5.5]:main():lattice-best-path.cc:99) For utterance BAC009S0906W0429, best cost 93.8577 + -248.565 = -154.707 over 482 frames.
LOG (lattice-best-path[5.5]:main():lattice-best-path.cc:99) For utterance BAC009S0906W0430, best cost 185.477 + -475.434 = -289.957 over 886 frames.
LOG (lattice-best-path[5.5]:main():lattice-best-path.cc:99) For utterance BAC009S0906W0431, best cost 102.185 + -263.76 = -161.574 over 497 frames.
LOG (lattice-best-path[5.5]:main():lattice-best-path.cc:99) For utterance BAC009S0906W0432, best cost 171.687 + -443.902 = -272.215 over 779 frames.
LOG (lattice-best-path[5.5]:main():lattice-best-path.cc:99) For utterance BAC009S0906W0433, best cost 117 + -317.967 = -200.966 over 565 frames.
LOG (lattice-best-path[5.5]:main():lattice-best-path.cc:99) For utterance BAC009S0906W0434, best cost 142.677 + -341.947 = -199.271 over 639 frames.
LOG (lattice-best-path[5.5]:main():lattice-best-path.cc:99) For utterance BAC009S0906W0436, best cost 158.159 + -386.952 = -228.793 over 715 frames.
LOG (lattice-best-path[5.5]:main():lattice-best-path.cc:99) For utterance BAC009S0906W0437, best cost 86.5162 + -224.958 = -138.442 over 433 frames.
LOG (lattice-best-path[5.5]:main():lattice-best-path.cc:99) For utterance BAC009S0906W0438, best cost 61.4018 + -169.732 = -108.33 over 321 frames.
LOG (lattice-best-path[5.5]:main():lattice-best-path.cc:99) For utterance BAC009S0906W0439, best cost 112.68 + -303.483 = -190.803 over 535 frames.
LOG (lattice-best-path[5.5]:main():lattice-best-path.cc:99) For utterance BAC009S0906W0441, best cost 138.38 + -337.44 = -199.06 over 635 frames.
LOG (lattice-best-path[5.5]:main():lattice-best-path.cc:99) For utterance BAC009S0906W0443, best cost 73.1118 + -169.394 = -96.2821 over 315 frames.
LOG (lattice-best-path[5.5]:main():lattice-best-path.cc:99) For utterance BAC009S0906W0444, best cost 109.286 + -274.417 = -165.131 over 547 frames.
LOG (lattice-best-path[5.5]:main():lattice-best-path.cc:99) For utterance BAC009S0906W0445, best cost 122.465 + -246.992 = -124.527 over 439 frames.
LOG (lattice-best-path[5.5]:main():lattice-best-path.cc:99) For utterance BAC009S0906W0446, best cost 92.5127 + -191.854 = -99.3408 over 377 frames.
LOG (lattice-best-path[5.5]:main():lattice-best-path.cc:99) For utterance BAC009S0906W0447, best cost 136.668 + -330.144 = -193.477 over 608 frames.
LOG (lattice-best-path[5.5]:main():lattice-best-path.cc:99) For utterance BAC009S0906W0448, best cost 133.236 + -335.011 = -201.775 over 680 frames.
LOG (lattice-best-path[5.5]:main():lattice-best-path.cc:99) For utterance BAC009S0906W0449, best cost 177.93 + -563.899 = -385.969 over 1071 frames.
LOG (lattice-best-path[5.5]:main():lattice-best-path.cc:99) For utterance BAC009S0906W0450, best cost 96.5651 + -275.273 = -178.708 over 515 frames.
LOG (lattice-best-path[5.5]:main():lattice-best-path.cc:99) For utterance BAC009S0906W0451, best cost 84.3797 + -217.763 = -133.383 over 410 frames.
LOG (lattice-best-path[5.5]:main():lattice-best-path.cc:99) For utterance BAC009S0906W0452, best cost 125.629 + -326.58 = -200.951 over 523 frames.
LOG (lattice-best-path[5.5]:main():lattice-best-path.cc:99) For utterance BAC009S0906W0453, best cost 119.977 + -340.501 = -220.524 over 675 frames.
LOG (lattice-best-path[5.5]:main():lattice-best-path.cc:99) For utterance BAC009S0906W0454, best cost 137.226 + -308.708 = -171.482 over 607 frames.
LOG (lattice-best-path[5.5]:main():lattice-best-path.cc:99) For utterance BAC009S0906W0455, best cost 120.79 + -354.196 = -233.406 over 624 frames.
LOG (lattice-best-path[5.5]:main():lattice-best-path.cc:99) For utterance BAC009S0906W0456, best cost 62.0056 + -317.358 = -255.353 over 653 frames.
LOG (lattice-best-path[5.5]:main():lattice-best-path.cc:99) For utterance BAC009S0906W0457, best cost 98.1934 + -248.546 = -150.352 over 443 frames.
LOG (lattice-best-path[5.5]:main():lattice-best-path.cc:99) For utterance BAC009S0906W0458, best cost 130.422 + -328.896 = -198.474 over 593 frames.
LOG (lattice-best-path[5.5]:main():lattice-best-path.cc:99) For utterance BAC009S0906W0459, best cost 77.2799 + -174.488 = -97.2082 over 303 frames.
LOG (lattice-best-path[5.5]:main():lattice-best-path.cc:99) For utterance BAC009S0906W0460, best cost 153.866 + -347.772 = -193.906 over 624 frames.
LOG (lattice-best-path[5.5]:main():lattice-best-path.cc:99) For utterance BAC009S0906W0461, best cost 64.754 + -147.517 = -82.7629 over 268 frames.
LOG (lattice-best-path[5.5]:main():lattice-best-path.cc:99) For utterance BAC009S0906W0463, best cost 105.201 + -213.703 = -108.503 over 388 frames.
LOG (lattice-best-path[5.5]:main():lattice-best-path.cc:99) For utterance BAC009S0906W0464, best cost 104.69 + -271.509 = -166.819 over 509 frames.
LOG (lattice-best-path[5.5]:main():lattice-best-path.cc:99) For utterance BAC009S0906W0465, best cost 166.867 + -424.494 = -257.628 over 765 frames.
LOG (lattice-best-path[5.5]:main():lattice-best-path.cc:99) For utterance BAC009S0906W0466, best cost 96.7777 + -233.244 = -136.466 over 478 frames.
LOG (lattice-best-path[5.5]:main():lattice-best-path.cc:99) For utterance BAC009S0906W0467, best cost 93.7286 + -246.323 = -152.594 over 514 frames.
LOG (lattice-best-path[5.5]:main():lattice-best-path.cc:99) For utterance BAC009S0906W0468, best cost 75.869 + -198.754 = -122.885 over 350 frames.
LOG (lattice-best-path[5.5]:main():lattice-best-path.cc:99) For utterance BAC009S0906W0469, best cost 147.306 + -467.024 = -319.719 over 889 frames.
LOG (lattice-best-path[5.5]:main():lattice-best-path.cc:99) For utterance BAC009S0906W0470, best cost 116.705 + -314.67 = -197.965 over 592 frames.
LOG (lattice-best-path[5.5]:main():lattice-best-path.cc:99) For utterance BAC009S0906W0471, best cost 137.438 + -340.419 = -202.982 over 593 frames.
LOG (lattice-best-path[5.5]:main():lattice-best-path.cc:99) For utterance BAC009S0906W0472, best cost 111.025 + -291.456 = -180.431 over 630 frames.
LOG (lattice-best-path[5.5]:main():lattice-best-path.cc:99) For utterance BAC009S0906W0473, best cost 137.589 + -365.57 = -227.981 over 650 frames.
LOG (lattice-best-path[5.5]:main():lattice-best-path.cc:99) For utterance BAC009S0906W0474, best cost 153.889 + -410.497 = -256.607 over 732 frames.
LOG (lattice-best-path[5.5]:main():lattice-best-path.cc:99) For utterance BAC009S0906W0475, best cost 118.82 + -287.667 = -168.847 over 532 frames.
LOG (lattice-best-path[5.5]:main():lattice-best-path.cc:99) For utterance BAC009S0906W0476, best cost 145.621 + -372.722 = -227.101 over 679 frames.
LOG (lattice-best-path[5.5]:main():lattice-best-path.cc:99) For utterance BAC009S0906W0477, best cost 161.974 + -436.343 = -274.37 over 814 frames.
LOG (lattice-best-path[5.5]:main():lattice-best-path.cc:99) For utterance BAC009S0906W0478, best cost 115.313 + -312.413 = -197.1 over 602 frames.
LOG (lattice-best-path[5.5]:main():lattice-best-path.cc:99) For utterance BAC009S0906W0479, best cost 87.468 + -189.973 = -102.505 over 334 frames.
LOG (lattice-best-path[5.5]:main():lattice-best-path.cc:99) For utterance BAC009S0906W0480, best cost 88.7889 + -233.522 = -144.733 over 427 frames.
LOG (lattice-best-path[5.5]:main():lattice-best-path.cc:99) For utterance BAC009S0906W0481, best cost 71.19 + -181.919 = -110.729 over 345 frames.
LOG (lattice-best-path[5.5]:main():lattice-best-path.cc:99) For utterance BAC009S0906W0482, best cost 141.929 + -398.908 = -256.98 over 757 frames.
LOG (lattice-best-path[5.5]:main():lattice-best-path.cc:99) For utterance BAC009S0906W0483, best cost 71.954 + -141.964 = -70.0103 over 294 frames.
LOG (lattice-best-path[5.5]:main():lattice-best-path.cc:99) For utterance BAC009S0906W0484, best cost 83.6335 + -212.294 = -128.66 over 426 frames.
LOG (lattice-best-path[5.5]:main():lattice-best-path.cc:99) For utterance BAC009S0906W0485, best cost 156.201 + -339.935 = -183.734 over 629 frames.
LOG (lattice-best-path[5.5]:main():lattice-best-path.cc:99) For utterance BAC009S0906W0486, best cost 68.4652 + -200.685 = -132.22 over 392 frames.
LOG (lattice-best-path[5.5]:main():lattice-best-path.cc:99) For utterance BAC009S0906W0487, best cost 161.146 + -480.716 = -319.57 over 979 frames.
LOG (lattice-best-path[5.5]:main():lattice-best-path.cc:99) For utterance BAC009S0906W0488, best cost 96.4366 + -294.509 = -198.072 over 570 frames.
LOG (lattice-best-path[5.5]:main():lattice-best-path.cc:99) For utterance BAC009S0906W0489, best cost 179.932 + -501.741 = -321.809 over 1005 frames.
LOG (lattice-best-path[5.5]:main():lattice-best-path.cc:99) For utterance BAC009S0906W0490, best cost 121.202 + -384.528 = -263.325 over 758 frames.
LOG (lattice-best-path[5.5]:main():lattice-best-path.cc:99) For utterance BAC009S0906W0491, best cost 82.9757 + -234.869 = -151.894 over 454 frames.
LOG (lattice-best-path[5.5]:main():lattice-best-path.cc:99) For utterance BAC009S0906W0492, best cost 69.4421 + -191.752 = -122.31 over 402 frames.
LOG (lattice-best-path[5.5]:main():lattice-best-path.cc:99) For utterance BAC009S0906W0493, best cost 87.7335 + -307.38 = -219.646 over 603 frames.
LOG (lattice-depth-per-frame[5.5]:main():lattice-depth-per-frame.cc:82) Done 353 lattices.
LOG (lattice-best-path[5.5]:main():lattice-best-path.cc:99) For utterance BAC009S0906W0494, best cost 173.388 + -463.817 = -290.429 over 897 frames.
LOG (lattice-best-path[5.5]:main():lattice-best-path.cc:124) Overall cost per frame is -0.345594 = 0.1911 [graph] + -0.536694 [acoustic] over 184280 frames.
LOG (lattice-best-path[5.5]:main():lattice-best-path.cc:128) Done 353 lattices, failed for 0
# Accounting: time=3 threads=1
# Ended (code 0) at Sat Jun 18 23:01:55 CST 2022, elapsed time 3 seconds
