# lattice-depth-per-frame "ark:gunzip -c exp/nnet3/new_dnn_sp/decode_test/lat.11.gz|" "ark,t:|gzip -c > exp/nnet3/new_dnn_sp/decode_test/depth_tmp.11.gz" ark:- | lattice-best-path --acoustic-scale=0.1 ark:- ark:/dev/null "ark,t:|gzip -c >exp/nnet3/new_dnn_sp/decode_test/ali_tmp.11.gz" 
# Started at Sat Jun 18 23:01:52 CST 2022
#
lattice-best-path --acoustic-scale=0.1 ark:- ark:/dev/null 'ark,t:|gzip -c >exp/nnet3/new_dnn_sp/decode_test/ali_tmp.11.gz' 
lattice-depth-per-frame 'ark:gunzip -c exp/nnet3/new_dnn_sp/decode_test/lat.11.gz|' 'ark,t:|gzip -c > exp/nnet3/new_dnn_sp/decode_test/depth_tmp.11.gz' ark:- 
LOG (lattice-best-path[5.5]:main():lattice-best-path.cc:99) For utterance BAC009S0904W0121, best cost 68.2776 + -153.221 = -84.9434 over 304 frames.
LOG (lattice-best-path[5.5]:main():lattice-best-path.cc:99) For utterance BAC009S0904W0122, best cost 140.744 + -307.439 = -166.695 over 533 frames.
LOG (lattice-best-path[5.5]:main():lattice-best-path.cc:99) For utterance BAC009S0904W0123, best cost 137.076 + -296.49 = -159.414 over 576 frames.
LOG (lattice-best-path[5.5]:main():lattice-best-path.cc:99) For utterance BAC009S0904W0124, best cost 94.8354 + -204.569 = -109.733 over 444 frames.
LOG (lattice-best-path[5.5]:main():lattice-best-path.cc:99) For utterance BAC009S0904W0125, best cost 75.3718 + -180.467 = -105.095 over 314 frames.
LOG (lattice-best-path[5.5]:main():lattice-best-path.cc:99) For utterance BAC009S0904W0126, best cost 93.1548 + -200.313 = -107.158 over 392 frames.
LOG (lattice-best-path[5.5]:main():lattice-best-path.cc:99) For utterance BAC009S0904W0127, best cost 107.568 + -290.229 = -182.662 over 473 frames.
LOG (lattice-best-path[5.5]:main():lattice-best-path.cc:99) For utterance BAC009S0904W0128, best cost 91.8375 + -228.833 = -136.996 over 412 frames.
LOG (lattice-best-path[5.5]:main():lattice-best-path.cc:99) For utterance BAC009S0904W0129, best cost 68.8062 + -163.874 = -95.068 over 311 frames.
LOG (lattice-best-path[5.5]:main():lattice-best-path.cc:99) For utterance BAC009S0904W0130, best cost 58.8465 + -185.862 = -127.015 over 318 frames.
LOG (lattice-best-path[5.5]:main():lattice-best-path.cc:99) For utterance BAC009S0904W0131, best cost 96.2413 + -193.868 = -97.627 over 403 frames.
LOG (lattice-best-path[5.5]:main():lattice-best-path.cc:99) For utterance BAC009S0904W0132, best cost 83.3648 + -225.848 = -142.484 over 405 frames.
LOG (lattice-best-path[5.5]:main():lattice-best-path.cc:99) For utterance BAC009S0904W0133, best cost 76.0834 + -185.595 = -109.512 over 347 frames.
LOG (lattice-best-path[5.5]:main():lattice-best-path.cc:99) For utterance BAC009S0904W0134, best cost 77.762 + -241.438 = -163.676 over 504 frames.
LOG (lattice-best-path[5.5]:main():lattice-best-path.cc:99) For utterance BAC009S0904W0135, best cost 94.1459 + -200.766 = -106.62 over 365 frames.
LOG (lattice-best-path[5.5]:main():lattice-best-path.cc:99) For utterance BAC009S0904W0136, best cost 90.2033 + -197.331 = -107.127 over 363 frames.
LOG (lattice-best-path[5.5]:main():lattice-best-path.cc:99) For utterance BAC009S0904W0137, best cost 106.06 + -224.484 = -118.424 over 413 frames.
LOG (lattice-best-path[5.5]:main():lattice-best-path.cc:99) For utterance BAC009S0904W0138, best cost 61.9253 + -174.204 = -112.279 over 316 frames.
LOG (lattice-best-path[5.5]:main():lattice-best-path.cc:99) For utterance BAC009S0904W0139, best cost 57.8607 + -159.624 = -101.763 over 293 frames.
LOG (lattice-best-path[5.5]:main():lattice-best-path.cc:99) For utterance BAC009S0904W0140, best cost 46.4485 + -123.84 = -77.3911 over 266 frames.
LOG (lattice-best-path[5.5]:main():lattice-best-path.cc:99) For utterance BAC009S0904W0141, best cost 87.7545 + -227.758 = -140.004 over 400 frames.
LOG (lattice-best-path[5.5]:main():lattice-best-path.cc:99) For utterance BAC009S0904W0142, best cost 73.1989 + -227.64 = -154.442 over 409 frames.
LOG (lattice-best-path[5.5]:main():lattice-best-path.cc:99) For utterance BAC009S0904W0143, best cost 78.1517 + -196.776 = -118.624 over 370 frames.
LOG (lattice-best-path[5.5]:main():lattice-best-path.cc:99) For utterance BAC009S0904W0144, best cost 50.4097 + -167.683 = -117.273 over 306 frames.
LOG (lattice-best-path[5.5]:main():lattice-best-path.cc:99) For utterance BAC009S0904W0145, best cost 90.2255 + -203.918 = -113.693 over 355 frames.
LOG (lattice-best-path[5.5]:main():lattice-best-path.cc:99) For utterance BAC009S0904W0146, best cost 133.306 + -311.796 = -178.49 over 592 frames.
LOG (lattice-best-path[5.5]:main():lattice-best-path.cc:99) For utterance BAC009S0904W0147, best cost 130.894 + -296.445 = -165.551 over 526 frames.
LOG (lattice-best-path[5.5]:main():lattice-best-path.cc:99) For utterance BAC009S0904W0148, best cost 67.6107 + -175.177 = -107.566 over 347 frames.
LOG (lattice-best-path[5.5]:main():lattice-best-path.cc:99) For utterance BAC009S0904W0149, best cost 124.257 + -250.086 = -125.829 over 438 frames.
LOG (lattice-best-path[5.5]:main():lattice-best-path.cc:99) For utterance BAC009S0904W0150, best cost 54.7593 + -155.843 = -101.084 over 306 frames.
LOG (lattice-best-path[5.5]:main():lattice-best-path.cc:99) For utterance BAC009S0904W0151, best cost 110.482 + -232.383 = -121.901 over 412 frames.
LOG (lattice-best-path[5.5]:main():lattice-best-path.cc:99) For utterance BAC009S0904W0152, best cost 88.9938 + -173.545 = -84.5516 over 306 frames.
LOG (lattice-best-path[5.5]:main():lattice-best-path.cc:99) For utterance BAC009S0904W0153, best cost 129.38 + -263.495 = -134.115 over 468 frames.
LOG (lattice-best-path[5.5]:main():lattice-best-path.cc:99) For utterance BAC009S0904W0154, best cost 74.8126 + -206.673 = -131.86 over 404 frames.
LOG (lattice-best-path[5.5]:main():lattice-best-path.cc:99) For utterance BAC009S0904W0155, best cost 44.8106 + -188.064 = -143.253 over 379 frames.
LOG (lattice-best-path[5.5]:main():lattice-best-path.cc:99) For utterance BAC009S0904W0156, best cost 70.0898 + -169.09 = -99.0003 over 324 frames.
LOG (lattice-best-path[5.5]:main():lattice-best-path.cc:99) For utterance BAC009S0904W0157, best cost 54.9147 + -156.6 = -101.686 over 283 frames.
LOG (lattice-best-path[5.5]:main():lattice-best-path.cc:99) For utterance BAC009S0904W0158, best cost 112.689 + -270.108 = -157.419 over 484 frames.
LOG (lattice-best-path[5.5]:main():lattice-best-path.cc:99) For utterance BAC009S0904W0159, best cost 78.3065 + -198.446 = -120.14 over 398 frames.
LOG (lattice-best-path[5.5]:main():lattice-best-path.cc:99) For utterance BAC009S0904W0160, best cost 98.8993 + -298.508 = -199.609 over 587 frames.
LOG (lattice-best-path[5.5]:main():lattice-best-path.cc:99) For utterance BAC009S0904W0161, best cost 63.023 + -145.743 = -82.7198 over 283 frames.
LOG (lattice-best-path[5.5]:main():lattice-best-path.cc:99) For utterance BAC009S0904W0162, best cost 100.696 + -259.985 = -159.289 over 474 frames.
LOG (lattice-best-path[5.5]:main():lattice-best-path.cc:99) For utterance BAC009S0904W0163, best cost 55.7428 + -124.726 = -68.9833 over 251 frames.
LOG (lattice-best-path[5.5]:main():lattice-best-path.cc:99) For utterance BAC009S0904W0164, best cost 113.757 + -271.031 = -157.274 over 466 frames.
LOG (lattice-best-path[5.5]:main():lattice-best-path.cc:99) For utterance BAC009S0904W0165, best cost 50.9224 + -144.986 = -94.0633 over 266 frames.
LOG (lattice-best-path[5.5]:main():lattice-best-path.cc:99) For utterance BAC009S0904W0166, best cost 89.5428 + -220.858 = -131.315 over 379 frames.
LOG (lattice-best-path[5.5]:main():lattice-best-path.cc:99) For utterance BAC009S0904W0167, best cost 67.5538 + -143.309 = -75.7551 over 288 frames.
LOG (lattice-best-path[5.5]:main():lattice-best-path.cc:99) For utterance BAC009S0904W0168, best cost 54.2571 + -148.13 = -93.8729 over 271 frames.
LOG (lattice-best-path[5.5]:main():lattice-best-path.cc:99) For utterance BAC009S0904W0169, best cost 89.7167 + -198.888 = -109.171 over 376 frames.
LOG (lattice-best-path[5.5]:main():lattice-best-path.cc:99) For utterance BAC009S0904W0170, best cost 106.242 + -277.473 = -171.231 over 555 frames.
LOG (lattice-best-path[5.5]:main():lattice-best-path.cc:99) For utterance BAC009S0904W0171, best cost 109.868 + -260.467 = -150.6 over 484 frames.
LOG (lattice-best-path[5.5]:main():lattice-best-path.cc:99) For utterance BAC009S0904W0172, best cost 78.971 + -244.636 = -165.665 over 477 frames.
LOG (lattice-best-path[5.5]:main():lattice-best-path.cc:99) For utterance BAC009S0904W0173, best cost 51.0241 + -245.957 = -194.933 over 418 frames.
LOG (lattice-best-path[5.5]:main():lattice-best-path.cc:99) For utterance BAC009S0904W0174, best cost 98.1072 + -177.595 = -79.4876 over 316 frames.
LOG (lattice-best-path[5.5]:main():lattice-best-path.cc:99) For utterance BAC009S0904W0175, best cost 59.4381 + -141.264 = -81.8255 over 256 frames.
LOG (lattice-best-path[5.5]:main():lattice-best-path.cc:99) For utterance BAC009S0904W0176, best cost 92.9514 + -227.529 = -134.578 over 394 frames.
LOG (lattice-best-path[5.5]:main():lattice-best-path.cc:99) For utterance BAC009S0904W0177, best cost 58.8257 + -170.877 = -112.052 over 325 frames.
LOG (lattice-best-path[5.5]:main():lattice-best-path.cc:99) For utterance BAC009S0904W0178, best cost 72.1839 + -159.414 = -87.2304 over 298 frames.
LOG (lattice-best-path[5.5]:main():lattice-best-path.cc:99) For utterance BAC009S0904W0179, best cost 70.5888 + -206.531 = -135.942 over 370 frames.
LOG (lattice-best-path[5.5]:main():lattice-best-path.cc:99) For utterance BAC009S0904W0180, best cost 39.0186 + -134.182 = -95.1638 over 256 frames.
LOG (lattice-best-path[5.5]:main():lattice-best-path.cc:99) For utterance BAC009S0904W0181, best cost 90.9684 + -197.471 = -106.502 over 392 frames.
LOG (lattice-best-path[5.5]:main():lattice-best-path.cc:99) For utterance BAC009S0904W0182, best cost 96.3214 + -229.001 = -132.68 over 395 frames.
LOG (lattice-best-path[5.5]:main():lattice-best-path.cc:99) For utterance BAC009S0904W0183, best cost 77.3147 + -150.906 = -73.5911 over 300 frames.
LOG (lattice-best-path[5.5]:main():lattice-best-path.cc:99) For utterance BAC009S0904W0184, best cost 113.408 + -247.175 = -133.768 over 419 frames.
LOG (lattice-best-path[5.5]:main():lattice-best-path.cc:99) For utterance BAC009S0904W0185, best cost 74.5627 + -155.758 = -81.1948 over 309 frames.
LOG (lattice-best-path[5.5]:main():lattice-best-path.cc:99) For utterance BAC009S0904W0186, best cost 72.9572 + -189.825 = -116.868 over 331 frames.
LOG (lattice-best-path[5.5]:main():lattice-best-path.cc:99) For utterance BAC009S0904W0187, best cost 52.9079 + -133.06 = -80.1519 over 268 frames.
LOG (lattice-best-path[5.5]:main():lattice-best-path.cc:99) For utterance BAC009S0904W0188, best cost 147.543 + -346.97 = -199.427 over 589 frames.
LOG (lattice-best-path[5.5]:main():lattice-best-path.cc:99) For utterance BAC009S0904W0189, best cost 86.6359 + -190.32 = -103.684 over 403 frames.
LOG (lattice-best-path[5.5]:main():lattice-best-path.cc:99) For utterance BAC009S0904W0190, best cost 115.864 + -256.128 = -140.264 over 424 frames.
LOG (lattice-best-path[5.5]:main():lattice-best-path.cc:99) For utterance BAC009S0904W0191, best cost 82.9936 + -237.117 = -154.124 over 432 frames.
LOG (lattice-best-path[5.5]:main():lattice-best-path.cc:99) For utterance BAC009S0904W0192, best cost 76.4562 + -205.532 = -129.076 over 375 frames.
LOG (lattice-best-path[5.5]:main():lattice-best-path.cc:99) For utterance BAC009S0904W0193, best cost 103.146 + -310.73 = -207.584 over 537 frames.
LOG (lattice-best-path[5.5]:main():lattice-best-path.cc:99) For utterance BAC009S0904W0194, best cost 103.768 + -256.856 = -153.088 over 464 frames.
LOG (lattice-best-path[5.5]:main():lattice-best-path.cc:99) For utterance BAC009S0904W0195, best cost 77.3777 + -177.907 = -100.529 over 331 frames.
LOG (lattice-best-path[5.5]:main():lattice-best-path.cc:99) For utterance BAC009S0904W0196, best cost 110.705 + -226.227 = -115.522 over 400 frames.
LOG (lattice-best-path[5.5]:main():lattice-best-path.cc:99) For utterance BAC009S0904W0197, best cost 92.4567 + -253.18 = -160.723 over 474 frames.
LOG (lattice-best-path[5.5]:main():lattice-best-path.cc:99) For utterance BAC009S0904W0198, best cost 64.3392 + -144.595 = -80.2558 over 264 frames.
LOG (lattice-best-path[5.5]:main():lattice-best-path.cc:99) For utterance BAC009S0904W0199, best cost 110.405 + -306.586 = -196.18 over 546 frames.
LOG (lattice-best-path[5.5]:main():lattice-best-path.cc:99) For utterance BAC009S0904W0200, best cost 69.6909 + -167.926 = -98.2349 over 314 frames.
LOG (lattice-best-path[5.5]:main():lattice-best-path.cc:99) For utterance BAC009S0904W0201, best cost 108.318 + -266.814 = -158.497 over 467 frames.
LOG (lattice-best-path[5.5]:main():lattice-best-path.cc:99) For utterance BAC009S0904W0202, best cost 83.9901 + -187.947 = -103.957 over 340 frames.
LOG (lattice-best-path[5.5]:main():lattice-best-path.cc:99) For utterance BAC009S0904W0203, best cost 89.6441 + -219.404 = -129.76 over 417 frames.
LOG (lattice-best-path[5.5]:main():lattice-best-path.cc:99) For utterance BAC009S0904W0204, best cost 98.0218 + -215.426 = -117.404 over 406 frames.
LOG (lattice-best-path[5.5]:main():lattice-best-path.cc:99) For utterance BAC009S0904W0205, best cost 75.893 + -188.922 = -113.029 over 385 frames.
LOG (lattice-best-path[5.5]:main():lattice-best-path.cc:99) For utterance BAC009S0904W0206, best cost 101.748 + -249.307 = -147.559 over 446 frames.
LOG (lattice-best-path[5.5]:main():lattice-best-path.cc:99) For utterance BAC009S0904W0207, best cost 77.2951 + -194.873 = -117.578 over 383 frames.
LOG (lattice-best-path[5.5]:main():lattice-best-path.cc:99) For utterance BAC009S0904W0208, best cost 132.874 + -251.38 = -118.507 over 453 frames.
LOG (lattice-best-path[5.5]:main():lattice-best-path.cc:99) For utterance BAC009S0904W0209, best cost 58.3177 + -130.562 = -72.2448 over 259 frames.
LOG (lattice-best-path[5.5]:main():lattice-best-path.cc:99) For utterance BAC009S0904W0210, best cost 93.5239 + -175.014 = -81.4903 over 340 frames.
LOG (lattice-best-path[5.5]:main():lattice-best-path.cc:99) For utterance BAC009S0904W0211, best cost 77.3772 + -156.934 = -79.557 over 287 frames.
LOG (lattice-best-path[5.5]:main():lattice-best-path.cc:99) For utterance BAC009S0904W0212, best cost 69.1937 + -152.877 = -83.6833 over 294 frames.
LOG (lattice-best-path[5.5]:main():lattice-best-path.cc:99) For utterance BAC009S0904W0213, best cost 141.139 + -314.864 = -173.725 over 576 frames.
LOG (lattice-best-path[5.5]:main():lattice-best-path.cc:99) For utterance BAC009S0904W0214, best cost 77.3202 + -179.053 = -101.732 over 314 frames.
LOG (lattice-best-path[5.5]:main():lattice-best-path.cc:99) For utterance BAC009S0904W0215, best cost 96.9955 + -210.376 = -113.38 over 367 frames.
LOG (lattice-best-path[5.5]:main():lattice-best-path.cc:99) For utterance BAC009S0904W0216, best cost 82.2199 + -172.421 = -90.2012 over 318 frames.
LOG (lattice-best-path[5.5]:main():lattice-best-path.cc:99) For utterance BAC009S0904W0217, best cost 87.8886 + -199.644 = -111.755 over 350 frames.
LOG (lattice-best-path[5.5]:main():lattice-best-path.cc:99) For utterance BAC009S0904W0218, best cost 116.16 + -254.919 = -138.759 over 459 frames.
LOG (lattice-best-path[5.5]:main():lattice-best-path.cc:99) For utterance BAC009S0904W0219, best cost 99.2289 + -224.015 = -124.786 over 419 frames.
LOG (lattice-best-path[5.5]:main():lattice-best-path.cc:99) For utterance BAC009S0904W0220, best cost 100.024 + -208.649 = -108.626 over 415 frames.
LOG (lattice-best-path[5.5]:main():lattice-best-path.cc:99) For utterance BAC009S0904W0221, best cost 61.8257 + -152.557 = -90.7312 over 286 frames.
LOG (lattice-best-path[5.5]:main():lattice-best-path.cc:99) For utterance BAC009S0904W0222, best cost 72.1051 + -149.049 = -76.9443 over 289 frames.
LOG (lattice-best-path[5.5]:main():lattice-best-path.cc:99) For utterance BAC009S0904W0223, best cost 86.6302 + -207.851 = -121.221 over 388 frames.
LOG (lattice-best-path[5.5]:main():lattice-best-path.cc:99) For utterance BAC009S0904W0224, best cost 89.2932 + -197.117 = -107.823 over 348 frames.
LOG (lattice-best-path[5.5]:main():lattice-best-path.cc:99) For utterance BAC009S0904W0225, best cost 124.384 + -253.568 = -129.184 over 447 frames.
LOG (lattice-best-path[5.5]:main():lattice-best-path.cc:99) For utterance BAC009S0904W0226, best cost 67.1367 + -163.733 = -96.5968 over 299 frames.
LOG (lattice-best-path[5.5]:main():lattice-best-path.cc:99) For utterance BAC009S0904W0227, best cost 82.3059 + -152.598 = -70.2923 over 301 frames.
LOG (lattice-best-path[5.5]:main():lattice-best-path.cc:99) For utterance BAC009S0904W0228, best cost 99.049 + -248.802 = -149.753 over 477 frames.
LOG (lattice-best-path[5.5]:main():lattice-best-path.cc:99) For utterance BAC009S0904W0229, best cost 69.8758 + -135.226 = -65.3498 over 255 frames.
LOG (lattice-best-path[5.5]:main():lattice-best-path.cc:99) For utterance BAC009S0904W0230, best cost 75.9686 + -166.443 = -90.4741 over 291 frames.
LOG (lattice-best-path[5.5]:main():lattice-best-path.cc:99) For utterance BAC009S0904W0231, best cost 79.8445 + -175.735 = -95.8903 over 354 frames.
LOG (lattice-best-path[5.5]:main():lattice-best-path.cc:99) For utterance BAC009S0904W0232, best cost 84.2303 + -198.221 = -113.991 over 362 frames.
LOG (lattice-best-path[5.5]:main():lattice-best-path.cc:99) For utterance BAC009S0904W0233, best cost 63.2279 + -146.956 = -83.7284 over 280 frames.
LOG (lattice-best-path[5.5]:main():lattice-best-path.cc:99) For utterance BAC009S0904W0234, best cost 84.3554 + -178.822 = -94.4666 over 319 frames.
LOG (lattice-best-path[5.5]:main():lattice-best-path.cc:99) For utterance BAC009S0904W0235, best cost 66.0378 + -136.51 = -70.4725 over 263 frames.
LOG (lattice-best-path[5.5]:main():lattice-best-path.cc:99) For utterance BAC009S0904W0236, best cost 71.3069 + -198.808 = -127.501 over 343 frames.
LOG (lattice-best-path[5.5]:main():lattice-best-path.cc:99) For utterance BAC009S0904W0237, best cost 80.6809 + -153.88 = -73.1987 over 285 frames.
LOG (lattice-best-path[5.5]:main():lattice-best-path.cc:99) For utterance BAC009S0904W0238, best cost 128.675 + -293.879 = -165.204 over 527 frames.
LOG (lattice-best-path[5.5]:main():lattice-best-path.cc:99) For utterance BAC009S0904W0239, best cost 58.0176 + -118.329 = -60.3117 over 248 frames.
LOG (lattice-best-path[5.5]:main():lattice-best-path.cc:99) For utterance BAC009S0904W0240, best cost 158.117 + -314.95 = -156.834 over 525 frames.
LOG (lattice-best-path[5.5]:main():lattice-best-path.cc:99) For utterance BAC009S0904W0241, best cost 92.1575 + -183.573 = -91.415 over 330 frames.
LOG (lattice-best-path[5.5]:main():lattice-best-path.cc:99) For utterance BAC009S0904W0242, best cost 89.3289 + -234.294 = -144.965 over 447 frames.
LOG (lattice-best-path[5.5]:main():lattice-best-path.cc:99) For utterance BAC009S0904W0243, best cost 91.7768 + -171.381 = -79.6037 over 354 frames.
LOG (lattice-best-path[5.5]:main():lattice-best-path.cc:99) For utterance BAC009S0904W0244, best cost 109.792 + -205.675 = -95.883 over 366 frames.
LOG (lattice-best-path[5.5]:main():lattice-best-path.cc:99) For utterance BAC009S0904W0245, best cost 94.0582 + -179.627 = -85.5685 over 345 frames.
LOG (lattice-best-path[5.5]:main():lattice-best-path.cc:99) For utterance BAC009S0904W0246, best cost 69.6865 + -159.691 = -90.0045 over 306 frames.
LOG (lattice-best-path[5.5]:main():lattice-best-path.cc:99) For utterance BAC009S0904W0247, best cost 84.6152 + -173.214 = -88.5986 over 378 frames.
LOG (lattice-best-path[5.5]:main():lattice-best-path.cc:99) For utterance BAC009S0904W0248, best cost 70.16 + -134.36 = -64.2002 over 270 frames.
LOG (lattice-best-path[5.5]:main():lattice-best-path.cc:99) For utterance BAC009S0904W0249, best cost 52.1695 + -147.779 = -95.6093 over 291 frames.
LOG (lattice-best-path[5.5]:main():lattice-best-path.cc:99) For utterance BAC009S0904W0250, best cost 63.1176 + -145.284 = -82.1667 over 277 frames.
LOG (lattice-best-path[5.5]:main():lattice-best-path.cc:99) For utterance BAC009S0904W0251, best cost 106.54 + -186.529 = -79.9895 over 354 frames.
LOG (lattice-best-path[5.5]:main():lattice-best-path.cc:99) For utterance BAC009S0904W0252, best cost 76.5742 + -203.729 = -127.154 over 383 frames.
LOG (lattice-best-path[5.5]:main():lattice-best-path.cc:99) For utterance BAC009S0904W0253, best cost 132.13 + -239.347 = -107.217 over 438 frames.
LOG (lattice-best-path[5.5]:main():lattice-best-path.cc:99) For utterance BAC009S0904W0254, best cost 82.3786 + -197.84 = -115.461 over 356 frames.
LOG (lattice-best-path[5.5]:main():lattice-best-path.cc:99) For utterance BAC009S0904W0255, best cost 72.9389 + -201.607 = -128.668 over 357 frames.
LOG (lattice-best-path[5.5]:main():lattice-best-path.cc:99) For utterance BAC009S0904W0256, best cost 106.251 + -220.6 = -114.349 over 393 frames.
LOG (lattice-best-path[5.5]:main():lattice-best-path.cc:99) For utterance BAC009S0904W0257, best cost 73.373 + -165.992 = -92.6188 over 308 frames.
LOG (lattice-best-path[5.5]:main():lattice-best-path.cc:99) For utterance BAC009S0904W0258, best cost 66.9756 + -136.283 = -69.3077 over 289 frames.
LOG (lattice-best-path[5.5]:main():lattice-best-path.cc:99) For utterance BAC009S0904W0259, best cost 87.5507 + -170.113 = -82.5619 over 325 frames.
LOG (lattice-best-path[5.5]:main():lattice-best-path.cc:99) For utterance BAC009S0904W0260, best cost 51.5843 + -133.531 = -81.9465 over 264 frames.
LOG (lattice-best-path[5.5]:main():lattice-best-path.cc:99) For utterance BAC009S0904W0261, best cost 86.9181 + -177.005 = -90.0869 over 317 frames.
LOG (lattice-best-path[5.5]:main():lattice-best-path.cc:99) For utterance BAC009S0904W0262, best cost 88.8965 + -175.15 = -86.2534 over 329 frames.
LOG (lattice-best-path[5.5]:main():lattice-best-path.cc:99) For utterance BAC009S0904W0263, best cost 103.639 + -201.824 = -98.1853 over 408 frames.
LOG (lattice-best-path[5.5]:main():lattice-best-path.cc:99) For utterance BAC009S0904W0264, best cost 89.7102 + -178.603 = -88.8925 over 336 frames.
LOG (lattice-best-path[5.5]:main():lattice-best-path.cc:99) For utterance BAC009S0904W0265, best cost 91.8823 + -195.917 = -104.034 over 370 frames.
LOG (lattice-best-path[5.5]:main():lattice-best-path.cc:99) For utterance BAC009S0904W0266, best cost 81.835 + -184.809 = -102.974 over 333 frames.
LOG (lattice-best-path[5.5]:main():lattice-best-path.cc:99) For utterance BAC009S0904W0267, best cost 139.699 + -256.503 = -116.805 over 495 frames.
LOG (lattice-best-path[5.5]:main():lattice-best-path.cc:99) For utterance BAC009S0904W0268, best cost 106.06 + -211.767 = -105.707 over 381 frames.
LOG (lattice-best-path[5.5]:main():lattice-best-path.cc:99) For utterance BAC009S0904W0269, best cost 77.2634 + -179.705 = -102.442 over 347 frames.
LOG (lattice-best-path[5.5]:main():lattice-best-path.cc:99) For utterance BAC009S0904W0270, best cost 73.8723 + -214.629 = -140.756 over 380 frames.
LOG (lattice-best-path[5.5]:main():lattice-best-path.cc:99) For utterance BAC009S0904W0271, best cost 65.7334 + -162.572 = -96.8386 over 303 frames.
LOG (lattice-best-path[5.5]:main():lattice-best-path.cc:99) For utterance BAC009S0904W0272, best cost 84.9028 + -204.373 = -119.471 over 360 frames.
LOG (lattice-best-path[5.5]:main():lattice-best-path.cc:99) For utterance BAC009S0904W0273, best cost 97.057 + -222.128 = -125.071 over 390 frames.
LOG (lattice-best-path[5.5]:main():lattice-best-path.cc:99) For utterance BAC009S0904W0274, best cost 140.986 + -290.45 = -149.464 over 499 frames.
LOG (lattice-best-path[5.5]:main():lattice-best-path.cc:99) For utterance BAC009S0904W0275, best cost 47.0905 + -125.965 = -78.8743 over 263 frames.
LOG (lattice-best-path[5.5]:main():lattice-best-path.cc:99) For utterance BAC009S0904W0276, best cost 91.6045 + -261.255 = -169.65 over 465 frames.
LOG (lattice-best-path[5.5]:main():lattice-best-path.cc:99) For utterance BAC009S0904W0277, best cost 50.5471 + -132.944 = -82.3965 over 264 frames.
LOG (lattice-best-path[5.5]:main():lattice-best-path.cc:99) For utterance BAC009S0904W0278, best cost 105.371 + -209.967 = -104.596 over 414 frames.
LOG (lattice-best-path[5.5]:main():lattice-best-path.cc:99) For utterance BAC009S0904W0279, best cost 139.34 + -267.263 = -127.923 over 490 frames.
LOG (lattice-best-path[5.5]:main():lattice-best-path.cc:99) For utterance BAC009S0904W0280, best cost 86.5697 + -168.54 = -81.9707 over 312 frames.
LOG (lattice-best-path[5.5]:main():lattice-best-path.cc:99) For utterance BAC009S0904W0281, best cost 69.2588 + -148.355 = -79.0965 over 283 frames.
LOG (lattice-best-path[5.5]:main():lattice-best-path.cc:99) For utterance BAC009S0904W0282, best cost 59.6355 + -145.414 = -85.7788 over 278 frames.
LOG (lattice-best-path[5.5]:main():lattice-best-path.cc:99) For utterance BAC009S0904W0283, best cost 54.8971 + -137.505 = -82.6077 over 295 frames.
LOG (lattice-best-path[5.5]:main():lattice-best-path.cc:99) For utterance BAC009S0904W0284, best cost 82.2393 + -198.56 = -116.32 over 358 frames.
LOG (lattice-best-path[5.5]:main():lattice-best-path.cc:99) For utterance BAC009S0904W0285, best cost 53.4519 + -134.182 = -80.7301 over 247 frames.
LOG (lattice-best-path[5.5]:main():lattice-best-path.cc:99) For utterance BAC009S0904W0286, best cost 90.7091 + -209.115 = -118.405 over 376 frames.
LOG (lattice-best-path[5.5]:main():lattice-best-path.cc:99) For utterance BAC009S0904W0287, best cost 61.7783 + -159.437 = -97.6589 over 301 frames.
LOG (lattice-best-path[5.5]:main():lattice-best-path.cc:99) For utterance BAC009S0904W0288, best cost 89.374 + -204.564 = -115.19 over 348 frames.
LOG (lattice-best-path[5.5]:main():lattice-best-path.cc:99) For utterance BAC009S0904W0289, best cost 85.3299 + -150.251 = -64.921 over 327 frames.
LOG (lattice-best-path[5.5]:main():lattice-best-path.cc:99) For utterance BAC009S0904W0290, best cost 64.5812 + -152.888 = -88.3068 over 291 frames.
LOG (lattice-best-path[5.5]:main():lattice-best-path.cc:99) For utterance BAC009S0904W0291, best cost 135.897 + -246.588 = -110.69 over 436 frames.
LOG (lattice-best-path[5.5]:main():lattice-best-path.cc:99) For utterance BAC009S0904W0292, best cost 68.4318 + -129.24 = -60.8087 over 265 frames.
LOG (lattice-best-path[5.5]:main():lattice-best-path.cc:99) For utterance BAC009S0904W0293, best cost 117.575 + -258.755 = -141.18 over 450 frames.
LOG (lattice-best-path[5.5]:main():lattice-best-path.cc:99) For utterance BAC009S0904W0295, best cost 77.2025 + -186.939 = -109.737 over 337 frames.
LOG (lattice-best-path[5.5]:main():lattice-best-path.cc:99) For utterance BAC009S0904W0296, best cost 107.933 + -244.197 = -136.265 over 458 frames.
LOG (lattice-best-path[5.5]:main():lattice-best-path.cc:99) For utterance BAC009S0904W0297, best cost 71.7772 + -147.167 = -75.39 over 271 frames.
LOG (lattice-best-path[5.5]:main():lattice-best-path.cc:99) For utterance BAC009S0904W0298, best cost 82.2972 + -163.155 = -80.8576 over 301 frames.
LOG (lattice-best-path[5.5]:main():lattice-best-path.cc:99) For utterance BAC009S0904W0299, best cost 96.5687 + -200.698 = -104.129 over 363 frames.
LOG (lattice-best-path[5.5]:main():lattice-best-path.cc:99) For utterance BAC009S0904W0301, best cost 83.2341 + -201.439 = -118.205 over 345 frames.
LOG (lattice-best-path[5.5]:main():lattice-best-path.cc:99) For utterance BAC009S0904W0302, best cost 75.7671 + -196.531 = -120.764 over 335 frames.
LOG (lattice-best-path[5.5]:main():lattice-best-path.cc:99) For utterance BAC009S0904W0303, best cost 138.656 + -273.535 = -134.879 over 462 frames.
LOG (lattice-best-path[5.5]:main():lattice-best-path.cc:99) For utterance BAC009S0904W0304, best cost 117.88 + -227.849 = -109.969 over 399 frames.
LOG (lattice-best-path[5.5]:main():lattice-best-path.cc:99) For utterance BAC009S0904W0305, best cost 110.17 + -276.316 = -166.146 over 543 frames.
LOG (lattice-best-path[5.5]:main():lattice-best-path.cc:99) For utterance BAC009S0904W0306, best cost 68.088 + -137.34 = -69.2521 over 260 frames.
LOG (lattice-best-path[5.5]:main():lattice-best-path.cc:99) For utterance BAC009S0904W0307, best cost 71.3103 + -143.28 = -71.9693 over 278 frames.
LOG (lattice-best-path[5.5]:main():lattice-best-path.cc:99) For utterance BAC009S0904W0308, best cost 54.8996 + -107.143 = -52.2438 over 244 frames.
LOG (lattice-best-path[5.5]:main():lattice-best-path.cc:99) For utterance BAC009S0904W0310, best cost 103.456 + -190.298 = -86.842 over 353 frames.
LOG (lattice-best-path[5.5]:main():lattice-best-path.cc:99) For utterance BAC009S0904W0311, best cost 94.9204 + -212.519 = -117.599 over 377 frames.
LOG (lattice-best-path[5.5]:main():lattice-best-path.cc:99) For utterance BAC009S0904W0312, best cost 138.91 + -254.999 = -116.089 over 472 frames.
LOG (lattice-best-path[5.5]:main():lattice-best-path.cc:99) For utterance BAC009S0904W0313, best cost 121.525 + -230.341 = -108.816 over 487 frames.
LOG (lattice-best-path[5.5]:main():lattice-best-path.cc:99) For utterance BAC009S0904W0314, best cost 87.1571 + -164.43 = -77.273 over 308 frames.
LOG (lattice-best-path[5.5]:main():lattice-best-path.cc:99) For utterance BAC009S0904W0315, best cost 88.269 + -171.556 = -83.2868 over 320 frames.
LOG (lattice-best-path[5.5]:main():lattice-best-path.cc:99) For utterance BAC009S0904W0316, best cost 58.4862 + -135.47 = -76.9838 over 272 frames.
LOG (lattice-best-path[5.5]:main():lattice-best-path.cc:99) For utterance BAC009S0904W0317, best cost 71.9439 + -127.463 = -55.5194 over 245 frames.
LOG (lattice-best-path[5.5]:main():lattice-best-path.cc:99) For utterance BAC009S0904W0318, best cost 109.967 + -221.195 = -111.228 over 398 frames.
LOG (lattice-best-path[5.5]:main():lattice-best-path.cc:99) For utterance BAC009S0904W0319, best cost 89.7963 + -199.192 = -109.396 over 373 frames.
LOG (lattice-best-path[5.5]:main():lattice-best-path.cc:99) For utterance BAC009S0904W0320, best cost 73.8017 + -163.369 = -89.567 over 306 frames.
LOG (lattice-best-path[5.5]:main():lattice-best-path.cc:99) For utterance BAC009S0904W0321, best cost 95.0329 + -201.997 = -106.964 over 389 frames.
LOG (lattice-best-path[5.5]:main():lattice-best-path.cc:99) For utterance BAC009S0904W0322, best cost 86.3939 + -155.768 = -69.3743 over 312 frames.
LOG (lattice-best-path[5.5]:main():lattice-best-path.cc:99) For utterance BAC009S0904W0323, best cost 70.4944 + -143.381 = -72.8866 over 257 frames.
LOG (lattice-best-path[5.5]:main():lattice-best-path.cc:99) For utterance BAC009S0904W0324, best cost 102.8 + -196.213 = -93.4137 over 358 frames.
LOG (lattice-best-path[5.5]:main():lattice-best-path.cc:99) For utterance BAC009S0904W0325, best cost 74.2103 + -166.731 = -92.5206 over 306 frames.
LOG (lattice-best-path[5.5]:main():lattice-best-path.cc:99) For utterance BAC009S0904W0326, best cost 66.5234 + -123.309 = -56.7858 over 240 frames.
LOG (lattice-best-path[5.5]:main():lattice-best-path.cc:99) For utterance BAC009S0904W0327, best cost 128.581 + -270.458 = -141.877 over 473 frames.
LOG (lattice-best-path[5.5]:main():lattice-best-path.cc:99) For utterance BAC009S0904W0328, best cost 69.3871 + -164.735 = -95.3474 over 304 frames.
LOG (lattice-best-path[5.5]:main():lattice-best-path.cc:99) For utterance BAC009S0904W0329, best cost 67.7526 + -142.156 = -74.4039 over 269 frames.
LOG (lattice-best-path[5.5]:main():lattice-best-path.cc:99) For utterance BAC009S0904W0330, best cost 93.0905 + -180.48 = -87.3899 over 363 frames.
LOG (lattice-best-path[5.5]:main():lattice-best-path.cc:99) For utterance BAC009S0904W0331, best cost 93.9184 + -198.33 = -104.411 over 419 frames.
LOG (lattice-best-path[5.5]:main():lattice-best-path.cc:99) For utterance BAC009S0904W0332, best cost 140.072 + -271.255 = -131.183 over 518 frames.
LOG (lattice-best-path[5.5]:main():lattice-best-path.cc:99) For utterance BAC009S0904W0333, best cost 55.2665 + -119.689 = -64.422 over 254 frames.
LOG (lattice-best-path[5.5]:main():lattice-best-path.cc:99) For utterance BAC009S0904W0334, best cost 106.968 + -184.219 = -77.251 over 342 frames.
LOG (lattice-best-path[5.5]:main():lattice-best-path.cc:99) For utterance BAC009S0904W0335, best cost 98.3804 + -241.516 = -143.136 over 465 frames.
LOG (lattice-best-path[5.5]:main():lattice-best-path.cc:99) For utterance BAC009S0904W0336, best cost 69.5881 + -160.306 = -90.7176 over 308 frames.
LOG (lattice-best-path[5.5]:main():lattice-best-path.cc:99) For utterance BAC009S0904W0337, best cost 117.505 + -286.384 = -168.879 over 510 frames.
LOG (lattice-best-path[5.5]:main():lattice-best-path.cc:99) For utterance BAC009S0904W0338, best cost 124.598 + -238.799 = -114.201 over 422 frames.
LOG (lattice-best-path[5.5]:main():lattice-best-path.cc:99) For utterance BAC009S0904W0339, best cost 65.5343 + -151.332 = -85.7978 over 309 frames.
LOG (lattice-best-path[5.5]:main():lattice-best-path.cc:99) For utterance BAC009S0904W0340, best cost 91.05 + -173.978 = -82.9282 over 310 frames.
LOG (lattice-best-path[5.5]:main():lattice-best-path.cc:99) For utterance BAC009S0904W0341, best cost 58.9593 + -131.293 = -72.3336 over 274 frames.
LOG (lattice-best-path[5.5]:main():lattice-best-path.cc:99) For utterance BAC009S0904W0342, best cost 122.166 + -242.382 = -120.216 over 456 frames.
LOG (lattice-best-path[5.5]:main():lattice-best-path.cc:99) For utterance BAC009S0904W0343, best cost 118.721 + -276.562 = -157.841 over 510 frames.
LOG (lattice-best-path[5.5]:main():lattice-best-path.cc:99) For utterance BAC009S0904W0344, best cost 95.7974 + -185.439 = -89.6413 over 342 frames.
LOG (lattice-best-path[5.5]:main():lattice-best-path.cc:99) For utterance BAC009S0904W0345, best cost 108.207 + -269.694 = -161.487 over 524 frames.
LOG (lattice-best-path[5.5]:main():lattice-best-path.cc:99) For utterance BAC009S0904W0346, best cost 43.9066 + -126.348 = -82.4414 over 230 frames.
LOG (lattice-best-path[5.5]:main():lattice-best-path.cc:99) For utterance BAC009S0904W0347, best cost 64.2748 + -126.383 = -62.1086 over 264 frames.
LOG (lattice-best-path[5.5]:main():lattice-best-path.cc:99) For utterance BAC009S0904W0348, best cost 93.2143 + -244.591 = -151.377 over 501 frames.
LOG (lattice-best-path[5.5]:main():lattice-best-path.cc:99) For utterance BAC009S0904W0349, best cost 75.3522 + -236.255 = -160.902 over 415 frames.
LOG (lattice-best-path[5.5]:main():lattice-best-path.cc:99) For utterance BAC009S0904W0350, best cost 140.035 + -334.847 = -194.812 over 641 frames.
LOG (lattice-best-path[5.5]:main():lattice-best-path.cc:99) For utterance BAC009S0904W0351, best cost 134.984 + -291.102 = -156.119 over 505 frames.
LOG (lattice-best-path[5.5]:main():lattice-best-path.cc:99) For utterance BAC009S0904W0352, best cost 122.249 + -310.938 = -188.688 over 648 frames.
LOG (lattice-best-path[5.5]:main():lattice-best-path.cc:99) For utterance BAC009S0904W0353, best cost 115.791 + -220.05 = -104.258 over 413 frames.
LOG (lattice-best-path[5.5]:main():lattice-best-path.cc:99) For utterance BAC009S0904W0354, best cost 100.371 + -193.621 = -93.2496 over 356 frames.
LOG (lattice-best-path[5.5]:main():lattice-best-path.cc:99) For utterance BAC009S0904W0355, best cost 84.3995 + -180.144 = -95.7448 over 345 frames.
LOG (lattice-best-path[5.5]:main():lattice-best-path.cc:99) For utterance BAC009S0904W0356, best cost 64.4931 + -148.659 = -84.1662 over 266 frames.
LOG (lattice-best-path[5.5]:main():lattice-best-path.cc:99) For utterance BAC009S0904W0357, best cost 77.2364 + -141.044 = -63.8073 over 303 frames.
LOG (lattice-best-path[5.5]:main():lattice-best-path.cc:99) For utterance BAC009S0904W0358, best cost 61.4395 + -150.886 = -89.4464 over 287 frames.
LOG (lattice-best-path[5.5]:main():lattice-best-path.cc:99) For utterance BAC009S0904W0359, best cost 81.3095 + -155.529 = -74.2199 over 313 frames.
LOG (lattice-best-path[5.5]:main():lattice-best-path.cc:99) For utterance BAC009S0904W0360, best cost 88.6249 + -232.298 = -143.673 over 425 frames.
LOG (lattice-best-path[5.5]:main():lattice-best-path.cc:99) For utterance BAC009S0904W0361, best cost 104.795 + -218.884 = -114.088 over 405 frames.
LOG (lattice-best-path[5.5]:main():lattice-best-path.cc:99) For utterance BAC009S0904W0362, best cost 118.808 + -234.294 = -115.486 over 407 frames.
LOG (lattice-best-path[5.5]:main():lattice-best-path.cc:99) For utterance BAC009S0904W0363, best cost 133.823 + -259.883 = -126.06 over 488 frames.
LOG (lattice-best-path[5.5]:main():lattice-best-path.cc:99) For utterance BAC009S0904W0364, best cost 53.371 + -109.74 = -56.369 over 230 frames.
LOG (lattice-best-path[5.5]:main():lattice-best-path.cc:99) For utterance BAC009S0904W0365, best cost 63.2238 + -178.091 = -114.867 over 321 frames.
LOG (lattice-best-path[5.5]:main():lattice-best-path.cc:99) For utterance BAC009S0904W0366, best cost 120.066 + -281.36 = -161.293 over 512 frames.
LOG (lattice-best-path[5.5]:main():lattice-best-path.cc:99) For utterance BAC009S0904W0367, best cost 75.9736 + -154.927 = -78.9537 over 319 frames.
LOG (lattice-best-path[5.5]:main():lattice-best-path.cc:99) For utterance BAC009S0904W0368, best cost 130.117 + -291.357 = -161.24 over 580 frames.
LOG (lattice-best-path[5.5]:main():lattice-best-path.cc:99) For utterance BAC009S0904W0369, best cost 64.38 + -155.804 = -91.4237 over 295 frames.
LOG (lattice-best-path[5.5]:main():lattice-best-path.cc:99) For utterance BAC009S0904W0370, best cost 73.4916 + -133.174 = -59.6823 over 266 frames.
LOG (lattice-best-path[5.5]:main():lattice-best-path.cc:99) For utterance BAC009S0904W0371, best cost 58.9698 + -108.392 = -49.4218 over 229 frames.
LOG (lattice-best-path[5.5]:main():lattice-best-path.cc:99) For utterance BAC009S0904W0372, best cost 103.168 + -208.325 = -105.157 over 392 frames.
LOG (lattice-best-path[5.5]:main():lattice-best-path.cc:99) For utterance BAC009S0904W0373, best cost 90.8294 + -156.516 = -65.6861 over 300 frames.
LOG (lattice-best-path[5.5]:main():lattice-best-path.cc:99) For utterance BAC009S0904W0374, best cost 85.4833 + -231.674 = -146.19 over 440 frames.
LOG (lattice-best-path[5.5]:main():lattice-best-path.cc:99) For utterance BAC009S0904W0375, best cost 90.75 + -186.684 = -95.9337 over 373 frames.
LOG (lattice-best-path[5.5]:main():lattice-best-path.cc:99) For utterance BAC009S0904W0376, best cost 66.097 + -129.705 = -63.6085 over 252 frames.
LOG (lattice-best-path[5.5]:main():lattice-best-path.cc:99) For utterance BAC009S0904W0377, best cost 111.572 + -215.351 = -103.779 over 374 frames.
LOG (lattice-best-path[5.5]:main():lattice-best-path.cc:99) For utterance BAC009S0904W0378, best cost 114.779 + -260.17 = -145.391 over 489 frames.
LOG (lattice-best-path[5.5]:main():lattice-best-path.cc:99) For utterance BAC009S0904W0379, best cost 95.6075 + -199.07 = -103.463 over 368 frames.
LOG (lattice-best-path[5.5]:main():lattice-best-path.cc:99) For utterance BAC009S0904W0380, best cost 99.4909 + -179.064 = -79.5733 over 327 frames.
LOG (lattice-best-path[5.5]:main():lattice-best-path.cc:99) For utterance BAC009S0904W0381, best cost 80.3019 + -141.418 = -61.1162 over 287 frames.
LOG (lattice-best-path[5.5]:main():lattice-best-path.cc:99) For utterance BAC009S0904W0382, best cost 80.3012 + -167.412 = -87.1105 over 312 frames.
LOG (lattice-best-path[5.5]:main():lattice-best-path.cc:99) For utterance BAC009S0904W0383, best cost 75.5304 + -169.693 = -94.1623 over 357 frames.
LOG (lattice-best-path[5.5]:main():lattice-best-path.cc:99) For utterance BAC009S0904W0384, best cost 93.744 + -189.43 = -95.6865 over 355 frames.
LOG (lattice-best-path[5.5]:main():lattice-best-path.cc:99) For utterance BAC009S0904W0385, best cost 69.7092 + -144.256 = -74.5473 over 270 frames.
LOG (lattice-best-path[5.5]:main():lattice-best-path.cc:99) For utterance BAC009S0904W0386, best cost 96.3826 + -184.572 = -88.189 over 369 frames.
LOG (lattice-best-path[5.5]:main():lattice-best-path.cc:99) For utterance BAC009S0904W0387, best cost 77.884 + -145.621 = -67.7368 over 278 frames.
LOG (lattice-best-path[5.5]:main():lattice-best-path.cc:99) For utterance BAC009S0904W0388, best cost 74.9161 + -150.401 = -75.485 over 280 frames.
LOG (lattice-best-path[5.5]:main():lattice-best-path.cc:99) For utterance BAC009S0904W0389, best cost 93.5865 + -181.961 = -88.3747 over 344 frames.
LOG (lattice-best-path[5.5]:main():lattice-best-path.cc:99) For utterance BAC009S0904W0390, best cost 107.173 + -200.158 = -92.9851 over 361 frames.
LOG (lattice-best-path[5.5]:main():lattice-best-path.cc:99) For utterance BAC009S0904W0391, best cost 70.8159 + -166.459 = -95.6426 over 320 frames.
LOG (lattice-best-path[5.5]:main():lattice-best-path.cc:99) For utterance BAC009S0904W0392, best cost 76.6666 + -151.126 = -74.4594 over 283 frames.
LOG (lattice-best-path[5.5]:main():lattice-best-path.cc:99) For utterance BAC009S0904W0393, best cost 99.1372 + -178.112 = -78.9751 over 327 frames.
LOG (lattice-best-path[5.5]:main():lattice-best-path.cc:99) For utterance BAC009S0904W0394, best cost 79.5914 + -165.094 = -85.5025 over 297 frames.
LOG (lattice-best-path[5.5]:main():lattice-best-path.cc:99) For utterance BAC009S0904W0395, best cost 115.63 + -224.596 = -108.966 over 410 frames.
LOG (lattice-best-path[5.5]:main():lattice-best-path.cc:99) For utterance BAC009S0904W0396, best cost 97.9238 + -191.885 = -93.9616 over 336 frames.
LOG (lattice-best-path[5.5]:main():lattice-best-path.cc:99) For utterance BAC009S0904W0397, best cost 83.5531 + -160.024 = -76.4709 over 301 frames.
LOG (lattice-best-path[5.5]:main():lattice-best-path.cc:99) For utterance BAC009S0904W0398, best cost 57.328 + -121.14 = -63.8119 over 263 frames.
LOG (lattice-best-path[5.5]:main():lattice-best-path.cc:99) For utterance BAC009S0904W0399, best cost 88.0977 + -204.298 = -116.2 over 369 frames.
LOG (lattice-best-path[5.5]:main():lattice-best-path.cc:99) For utterance BAC009S0904W0400, best cost 66.7309 + -143.544 = -76.8134 over 288 frames.
LOG (lattice-best-path[5.5]:main():lattice-best-path.cc:99) For utterance BAC009S0904W0401, best cost 70.7127 + -152.613 = -81.9005 over 287 frames.
LOG (lattice-best-path[5.5]:main():lattice-best-path.cc:99) For utterance BAC009S0904W0402, best cost 64.7184 + -274.952 = -210.233 over 478 frames.
LOG (lattice-best-path[5.5]:main():lattice-best-path.cc:99) For utterance BAC009S0904W0403, best cost 111.061 + -346.226 = -235.166 over 680 frames.
LOG (lattice-best-path[5.5]:main():lattice-best-path.cc:99) For utterance BAC009S0904W0404, best cost 81.5503 + -186.662 = -105.112 over 338 frames.
LOG (lattice-best-path[5.5]:main():lattice-best-path.cc:99) For utterance BAC009S0904W0405, best cost 65.5431 + -143.966 = -78.4232 over 288 frames.
LOG (lattice-best-path[5.5]:main():lattice-best-path.cc:99) For utterance BAC009S0904W0406, best cost 120.472 + -233.995 = -113.524 over 419 frames.
LOG (lattice-best-path[5.5]:main():lattice-best-path.cc:99) For utterance BAC009S0904W0407, best cost 114.396 + -199.485 = -85.089 over 389 frames.
LOG (lattice-best-path[5.5]:main():lattice-best-path.cc:99) For utterance BAC009S0904W0408, best cost 90.6491 + -190.069 = -99.4197 over 353 frames.
LOG (lattice-best-path[5.5]:main():lattice-best-path.cc:99) For utterance BAC009S0904W0409, best cost 117.89 + -200.245 = -82.3554 over 384 frames.
LOG (lattice-best-path[5.5]:main():lattice-best-path.cc:99) For utterance BAC009S0904W0411, best cost 59.6556 + -120.955 = -61.2997 over 235 frames.
LOG (lattice-best-path[5.5]:main():lattice-best-path.cc:99) For utterance BAC009S0904W0412, best cost 90.1884 + -174.352 = -84.1635 over 329 frames.
LOG (lattice-best-path[5.5]:main():lattice-best-path.cc:99) For utterance BAC009S0904W0413, best cost 72.8853 + -155.142 = -82.2566 over 325 frames.
LOG (lattice-best-path[5.5]:main():lattice-best-path.cc:99) For utterance BAC009S0904W0414, best cost 103.684 + -184.974 = -81.2897 over 350 frames.
LOG (lattice-best-path[5.5]:main():lattice-best-path.cc:99) For utterance BAC009S0904W0416, best cost 48.3421 + -95.897 = -47.5549 over 196 frames.
LOG (lattice-best-path[5.5]:main():lattice-best-path.cc:99) For utterance BAC009S0904W0417, best cost 55.3852 + -101.526 = -46.1404 over 214 frames.
LOG (lattice-best-path[5.5]:main():lattice-best-path.cc:99) For utterance BAC009S0904W0418, best cost 83.4801 + -150.881 = -67.4006 over 295 frames.
LOG (lattice-best-path[5.5]:main():lattice-best-path.cc:99) For utterance BAC009S0904W0420, best cost 91.6867 + -170.835 = -79.1479 over 304 frames.
LOG (lattice-best-path[5.5]:main():lattice-best-path.cc:99) For utterance BAC009S0904W0421, best cost 59.0079 + -129.502 = -70.4943 over 260 frames.
LOG (lattice-best-path[5.5]:main():lattice-best-path.cc:99) For utterance BAC009S0904W0422, best cost 91.2395 + -180.677 = -89.4373 over 329 frames.
LOG (lattice-best-path[5.5]:main():lattice-best-path.cc:99) For utterance BAC009S0904W0423, best cost 97.529 + -165.766 = -68.2369 over 311 frames.
LOG (lattice-best-path[5.5]:main():lattice-best-path.cc:99) For utterance BAC009S0904W0424, best cost 67.3229 + -129.719 = -62.3966 over 274 frames.
LOG (lattice-best-path[5.5]:main():lattice-best-path.cc:99) For utterance BAC009S0904W0425, best cost 68.2845 + -122.438 = -54.154 over 270 frames.
LOG (lattice-best-path[5.5]:main():lattice-best-path.cc:99) For utterance BAC009S0904W0426, best cost 93.7601 + -194.459 = -100.699 over 369 frames.
LOG (lattice-best-path[5.5]:main():lattice-best-path.cc:99) For utterance BAC009S0904W0428, best cost 84.1538 + -156.47 = -72.3165 over 303 frames.
LOG (lattice-best-path[5.5]:main():lattice-best-path.cc:99) For utterance BAC009S0904W0429, best cost 110.271 + -187.981 = -77.7097 over 331 frames.
LOG (lattice-best-path[5.5]:main():lattice-best-path.cc:99) For utterance BAC009S0904W0430, best cost 56.3172 + -126.873 = -70.5553 over 251 frames.
LOG (lattice-best-path[5.5]:main():lattice-best-path.cc:99) For utterance BAC009S0904W0431, best cost 77.1961 + -154.495 = -77.299 over 298 frames.
LOG (lattice-best-path[5.5]:main():lattice-best-path.cc:99) For utterance BAC009S0904W0432, best cost 157.748 + -309.618 = -151.87 over 551 frames.
LOG (lattice-best-path[5.5]:main():lattice-best-path.cc:99) For utterance BAC009S0904W0433, best cost 72.5565 + -134.974 = -62.4173 over 275 frames.
LOG (lattice-best-path[5.5]:main():lattice-best-path.cc:99) For utterance BAC009S0904W0434, best cost 81.1666 + -187.3 = -106.133 over 357 frames.
LOG (lattice-best-path[5.5]:main():lattice-best-path.cc:99) For utterance BAC009S0904W0435, best cost 81.422 + -168.534 = -87.1116 over 370 frames.
LOG (lattice-best-path[5.5]:main():lattice-best-path.cc:99) For utterance BAC009S0904W0436, best cost 160.852 + -324.59 = -163.738 over 626 frames.
LOG (lattice-best-path[5.5]:main():lattice-best-path.cc:99) For utterance BAC009S0904W0437, best cost 111.206 + -335.394 = -224.188 over 622 frames.
LOG (lattice-best-path[5.5]:main():lattice-best-path.cc:99) For utterance BAC009S0904W0438, best cost 135.619 + -338.566 = -202.946 over 658 frames.
LOG (lattice-best-path[5.5]:main():lattice-best-path.cc:99) For utterance BAC009S0904W0439, best cost 141.434 + -309.388 = -167.954 over 564 frames.
LOG (lattice-best-path[5.5]:main():lattice-best-path.cc:99) For utterance BAC009S0904W0440, best cost 90.588 + -168.172 = -77.5835 over 307 frames.
LOG (lattice-best-path[5.5]:main():lattice-best-path.cc:99) For utterance BAC009S0904W0441, best cost 153.271 + -319.579 = -166.308 over 564 frames.
LOG (lattice-best-path[5.5]:main():lattice-best-path.cc:99) For utterance BAC009S0904W0442, best cost 158.312 + -323.413 = -165.101 over 588 frames.
LOG (lattice-best-path[5.5]:main():lattice-best-path.cc:99) For utterance BAC009S0904W0443, best cost 101.392 + -240.987 = -139.595 over 476 frames.
LOG (lattice-best-path[5.5]:main():lattice-best-path.cc:99) For utterance BAC009S0904W0444, best cost 87.0165 + -151.51 = -64.4938 over 274 frames.
LOG (lattice-best-path[5.5]:main():lattice-best-path.cc:99) For utterance BAC009S0904W0445, best cost 93.8493 + -210.847 = -116.997 over 398 frames.
LOG (lattice-best-path[5.5]:main():lattice-best-path.cc:99) For utterance BAC009S0904W0446, best cost 80.4931 + -187.33 = -106.837 over 363 frames.
LOG (lattice-best-path[5.5]:main():lattice-best-path.cc:99) For utterance BAC009S0904W0447, best cost 109.73 + -232.015 = -122.285 over 402 frames.
LOG (lattice-best-path[5.5]:main():lattice-best-path.cc:99) For utterance BAC009S0904W0448, best cost 120.65 + -219.652 = -99.0019 over 423 frames.
LOG (lattice-best-path[5.5]:main():lattice-best-path.cc:99) For utterance BAC009S0904W0449, best cost 148.566 + -359.564 = -210.998 over 680 frames.
LOG (lattice-best-path[5.5]:main():lattice-best-path.cc:99) For utterance BAC009S0904W0450, best cost 91.1492 + -196.689 = -105.54 over 371 frames.
LOG (lattice-best-path[5.5]:main():lattice-best-path.cc:99) For utterance BAC009S0904W0451, best cost 134.087 + -259.593 = -125.506 over 483 frames.
LOG (lattice-best-path[5.5]:main():lattice-best-path.cc:99) For utterance BAC009S0904W0452, best cost 118.298 + -219.948 = -101.65 over 401 frames.
LOG (lattice-best-path[5.5]:main():lattice-best-path.cc:99) For utterance BAC009S0904W0453, best cost 82.3965 + -178.595 = -96.1984 over 329 frames.
LOG (lattice-best-path[5.5]:main():lattice-best-path.cc:99) For utterance BAC009S0904W0454, best cost 91.435 + -223.554 = -132.119 over 405 frames.
LOG (lattice-best-path[5.5]:main():lattice-best-path.cc:99) For utterance BAC009S0904W0455, best cost 56.7855 + -139.715 = -82.9291 over 280 frames.
LOG (lattice-best-path[5.5]:main():lattice-best-path.cc:99) For utterance BAC009S0904W0456, best cost 169.605 + -346.062 = -176.457 over 613 frames.
LOG (lattice-best-path[5.5]:main():lattice-best-path.cc:99) For utterance BAC009S0904W0457, best cost 102.721 + -240.188 = -137.468 over 496 frames.
LOG (lattice-best-path[5.5]:main():lattice-best-path.cc:99) For utterance BAC009S0904W0458, best cost 162.902 + -337.673 = -174.771 over 634 frames.
LOG (lattice-best-path[5.5]:main():lattice-best-path.cc:99) For utterance BAC009S0904W0459, best cost 147.462 + -279.623 = -132.161 over 516 frames.
LOG (lattice-best-path[5.5]:main():lattice-best-path.cc:99) For utterance BAC009S0904W0460, best cost 93.9677 + -211.738 = -117.77 over 398 frames.
LOG (lattice-best-path[5.5]:main():lattice-best-path.cc:99) For utterance BAC009S0904W0461, best cost 82.2306 + -153.538 = -71.3069 over 288 frames.
LOG (lattice-best-path[5.5]:main():lattice-best-path.cc:99) For utterance BAC009S0904W0462, best cost 78.2915 + -220.681 = -142.389 over 436 frames.
LOG (lattice-best-path[5.5]:main():lattice-best-path.cc:99) For utterance BAC009S0904W0463, best cost 141.688 + -300.505 = -158.817 over 519 frames.
LOG (lattice-best-path[5.5]:main():lattice-best-path.cc:99) For utterance BAC009S0904W0464, best cost 126.487 + -284.471 = -157.984 over 555 frames.
LOG (lattice-best-path[5.5]:main():lattice-best-path.cc:99) For utterance BAC009S0904W0465, best cost 62.6538 + -127.123 = -64.4688 over 249 frames.
LOG (lattice-best-path[5.5]:main():lattice-best-path.cc:99) For utterance BAC009S0904W0466, best cost 79.6553 + -176.093 = -96.4381 over 337 frames.
LOG (lattice-best-path[5.5]:main():lattice-best-path.cc:99) For utterance BAC009S0904W0467, best cost 82.6015 + -187.553 = -104.952 over 355 frames.
LOG (lattice-best-path[5.5]:main():lattice-best-path.cc:99) For utterance BAC009S0904W0468, best cost 67.4054 + -111.282 = -43.8762 over 233 frames.
LOG (lattice-best-path[5.5]:main():lattice-best-path.cc:99) For utterance BAC009S0904W0469, best cost 119.793 + -269.22 = -149.426 over 499 frames.
LOG (lattice-best-path[5.5]:main():lattice-best-path.cc:99) For utterance BAC009S0904W0470, best cost 78.0125 + -129.931 = -51.9184 over 274 frames.
LOG (lattice-best-path[5.5]:main():lattice-best-path.cc:99) For utterance BAC009S0904W0471, best cost 105.149 + -215.568 = -110.419 over 443 frames.
LOG (lattice-best-path[5.5]:main():lattice-best-path.cc:99) For utterance BAC009S0904W0472, best cost 78.6942 + -170.545 = -91.8508 over 318 frames.
LOG (lattice-best-path[5.5]:main():lattice-best-path.cc:99) For utterance BAC009S0904W0473, best cost 54.095 + -139.873 = -85.7776 over 267 frames.
LOG (lattice-best-path[5.5]:main():lattice-best-path.cc:99) For utterance BAC009S0904W0474, best cost 159.802 + -360.873 = -201.07 over 643 frames.
LOG (lattice-best-path[5.5]:main():lattice-best-path.cc:99) For utterance BAC009S0904W0475, best cost 115.352 + -189.838 = -74.4861 over 348 frames.
LOG (lattice-best-path[5.5]:main():lattice-best-path.cc:99) For utterance BAC009S0904W0476, best cost 110.049 + -201.595 = -91.5459 over 403 frames.
LOG (lattice-best-path[5.5]:main():lattice-best-path.cc:99) For utterance BAC009S0904W0477, best cost 62.7147 + -122.107 = -59.392 over 237 frames.
LOG (lattice-best-path[5.5]:main():lattice-best-path.cc:99) For utterance BAC009S0904W0478, best cost 87.7958 + -173.86 = -86.0643 over 308 frames.
LOG (lattice-best-path[5.5]:main():lattice-best-path.cc:99) For utterance BAC009S0904W0479, best cost 132.37 + -298.954 = -166.585 over 568 frames.
LOG (lattice-best-path[5.5]:main():lattice-best-path.cc:99) For utterance BAC009S0904W0480, best cost 130.521 + -277.178 = -146.657 over 544 frames.
LOG (lattice-best-path[5.5]:main():lattice-best-path.cc:99) For utterance BAC009S0904W0481, best cost 136.325 + -279.28 = -142.955 over 505 frames.
LOG (lattice-best-path[5.5]:main():lattice-best-path.cc:99) For utterance BAC009S0904W0482, best cost 74.7084 + -203.397 = -128.689 over 407 frames.
LOG (lattice-best-path[5.5]:main():lattice-best-path.cc:99) For utterance BAC009S0904W0483, best cost 159.665 + -319.045 = -159.381 over 662 frames.
LOG (lattice-best-path[5.5]:main():lattice-best-path.cc:99) For utterance BAC009S0904W0484, best cost 175.084 + -351.894 = -176.81 over 624 frames.
LOG (lattice-best-path[5.5]:main():lattice-best-path.cc:99) For utterance BAC009S0904W0485, best cost 79.922 + -140.067 = -60.1454 over 285 frames.
LOG (lattice-best-path[5.5]:main():lattice-best-path.cc:99) For utterance BAC009S0904W0486, best cost 145.881 + -334.159 = -188.278 over 612 frames.
LOG (lattice-best-path[5.5]:main():lattice-best-path.cc:99) For utterance BAC009S0904W0487, best cost 165.975 + -357.692 = -191.717 over 665 frames.
LOG (lattice-best-path[5.5]:main():lattice-best-path.cc:99) For utterance BAC009S0904W0488, best cost 88.5139 + -245.158 = -156.644 over 478 frames.
LOG (lattice-best-path[5.5]:main():lattice-best-path.cc:99) For utterance BAC009S0904W0489, best cost 146.692 + -317.2 = -170.508 over 555 frames.
LOG (lattice-best-path[5.5]:main():lattice-best-path.cc:99) For utterance BAC009S0904W0490, best cost 89.67 + -183.759 = -94.0889 over 329 frames.
LOG (lattice-best-path[5.5]:main():lattice-best-path.cc:99) For utterance BAC009S0904W0491, best cost 100.577 + -235.723 = -135.146 over 424 frames.
LOG (lattice-best-path[5.5]:main():lattice-best-path.cc:99) For utterance BAC009S0904W0492, best cost 149.255 + -337.656 = -188.401 over 629 frames.
LOG (lattice-best-path[5.5]:main():lattice-best-path.cc:99) For utterance BAC009S0904W0493, best cost 112.453 + -301.76 = -189.307 over 572 frames.
LOG (lattice-best-path[5.5]:main():lattice-best-path.cc:99) For utterance BAC009S0904W0494, best cost 61.5648 + -133.104 = -71.5396 over 285 frames.
LOG (lattice-depth-per-frame[5.5]:main():lattice-depth-per-frame.cc:82) Done 368 lattices.
LOG (lattice-best-path[5.5]:main():lattice-best-path.cc:99) For utterance BAC009S0904W0495, best cost 92.3536 + -169.681 = -77.3276 over 329 frames.
LOG (lattice-best-path[5.5]:main():lattice-best-path.cc:124) Overall cost per frame is -0.291542 = 0.24216 [graph] + -0.533702 [acoustic] over 139036 frames.
LOG (lattice-best-path[5.5]:main():lattice-best-path.cc:128) Done 368 lattices, failed for 0
# Accounting: time=3 threads=1
# Ended (code 0) at Sat Jun 18 23:01:55 CST 2022, elapsed time 3 seconds
