# lattice-depth-per-frame "ark:gunzip -c exp/nnet3/new_dnn_sp/decode_test/lat.3.gz|" "ark,t:|gzip -c > exp/nnet3/new_dnn_sp/decode_test/depth_tmp.3.gz" ark:- | lattice-best-path --acoustic-scale=0.1 ark:- ark:/dev/null "ark,t:|gzip -c >exp/nnet3/new_dnn_sp/decode_test/ali_tmp.3.gz" 
# Started at Sat Jun 18 23:01:50 CST 2022
#
lattice-depth-per-frame 'ark:gunzip -c exp/nnet3/new_dnn_sp/decode_test/lat.3.gz|' 'ark,t:|gzip -c > exp/nnet3/new_dnn_sp/decode_test/depth_tmp.3.gz' ark:- 
lattice-best-path --acoustic-scale=0.1 ark:- ark:/dev/null 'ark,t:|gzip -c >exp/nnet3/new_dnn_sp/decode_test/ali_tmp.3.gz' 
LOG (lattice-best-path[5.5]:main():lattice-best-path.cc:99) For utterance BAC009S0766W0121, best cost 59.92 + -171.979 = -112.059 over 315 frames.
LOG (lattice-best-path[5.5]:main():lattice-best-path.cc:99) For utterance BAC009S0766W0122, best cost 61.1334 + -181.677 = -120.543 over 313 frames.
LOG (lattice-best-path[5.5]:main():lattice-best-path.cc:99) For utterance BAC009S0766W0123, best cost 81.6028 + -237.001 = -155.399 over 391 frames.
LOG (lattice-best-path[5.5]:main():lattice-best-path.cc:99) For utterance BAC009S0766W0124, best cost 95.2157 + -280.106 = -184.89 over 450 frames.
LOG (lattice-best-path[5.5]:main():lattice-best-path.cc:99) For utterance BAC009S0766W0125, best cost 137.013 + -340.755 = -203.743 over 547 frames.
LOG (lattice-best-path[5.5]:main():lattice-best-path.cc:99) For utterance BAC009S0766W0126, best cost 84.7264 + -214.223 = -129.497 over 356 frames.
LOG (lattice-best-path[5.5]:main():lattice-best-path.cc:99) For utterance BAC009S0766W0127, best cost 85.7387 + -237.441 = -151.702 over 399 frames.
LOG (lattice-best-path[5.5]:main():lattice-best-path.cc:99) For utterance BAC009S0766W0128, best cost 38.2563 + -118.29 = -80.0336 over 212 frames.
LOG (lattice-best-path[5.5]:main():lattice-best-path.cc:99) For utterance BAC009S0766W0129, best cost 55.6149 + -155.35 = -99.7348 over 254 frames.
LOG (lattice-best-path[5.5]:main():lattice-best-path.cc:99) For utterance BAC009S0766W0130, best cost 94.3736 + -259.803 = -165.429 over 420 frames.
LOG (lattice-best-path[5.5]:main():lattice-best-path.cc:99) For utterance BAC009S0766W0131, best cost 84.3813 + -231.178 = -146.796 over 393 frames.
LOG (lattice-best-path[5.5]:main():lattice-best-path.cc:99) For utterance BAC009S0766W0132, best cost 83.7253 + -235.941 = -152.215 over 383 frames.
LOG (lattice-best-path[5.5]:main():lattice-best-path.cc:99) For utterance BAC009S0766W0133, best cost 106.17 + -303.062 = -196.892 over 497 frames.
LOG (lattice-best-path[5.5]:main():lattice-best-path.cc:99) For utterance BAC009S0766W0134, best cost 103.447 + -328.703 = -225.256 over 501 frames.
LOG (lattice-best-path[5.5]:main():lattice-best-path.cc:99) For utterance BAC009S0766W0135, best cost 103.274 + -277.023 = -173.748 over 466 frames.
LOG (lattice-best-path[5.5]:main():lattice-best-path.cc:99) For utterance BAC009S0766W0136, best cost 95.1962 + -238.674 = -143.477 over 426 frames.
LOG (lattice-best-path[5.5]:main():lattice-best-path.cc:99) For utterance BAC009S0766W0137, best cost 69.8107 + -220.947 = -151.136 over 391 frames.
LOG (lattice-best-path[5.5]:main():lattice-best-path.cc:99) For utterance BAC009S0766W0138, best cost 97.4518 + -272.393 = -174.941 over 447 frames.
LOG (lattice-best-path[5.5]:main():lattice-best-path.cc:99) For utterance BAC009S0766W0139, best cost 83.3332 + -222.861 = -139.527 over 371 frames.
LOG (lattice-best-path[5.5]:main():lattice-best-path.cc:99) For utterance BAC009S0766W0140, best cost 81.8569 + -225.742 = -143.885 over 383 frames.
LOG (lattice-best-path[5.5]:main():lattice-best-path.cc:99) For utterance BAC009S0766W0141, best cost 68.5405 + -235.153 = -166.613 over 379 frames.
LOG (lattice-best-path[5.5]:main():lattice-best-path.cc:99) For utterance BAC009S0766W0142, best cost 122.745 + -327.79 = -205.045 over 526 frames.
LOG (lattice-best-path[5.5]:main():lattice-best-path.cc:99) For utterance BAC009S0766W0143, best cost 80.7465 + -224.549 = -143.803 over 380 frames.
LOG (lattice-best-path[5.5]:main():lattice-best-path.cc:99) For utterance BAC009S0766W0144, best cost 129.81 + -345.397 = -215.586 over 535 frames.
LOG (lattice-best-path[5.5]:main():lattice-best-path.cc:99) For utterance BAC009S0766W0145, best cost 80.1092 + -226.998 = -146.889 over 386 frames.
LOG (lattice-best-path[5.5]:main():lattice-best-path.cc:99) For utterance BAC009S0766W0146, best cost 118.863 + -300.114 = -181.251 over 485 frames.
LOG (lattice-best-path[5.5]:main():lattice-best-path.cc:99) For utterance BAC009S0766W0147, best cost 92.3129 + -270.413 = -178.1 over 445 frames.
LOG (lattice-best-path[5.5]:main():lattice-best-path.cc:99) For utterance BAC009S0766W0148, best cost 54.6576 + -180.414 = -125.757 over 325 frames.
LOG (lattice-best-path[5.5]:main():lattice-best-path.cc:99) For utterance BAC009S0766W0149, best cost 68.5853 + -225.703 = -157.118 over 382 frames.
LOG (lattice-best-path[5.5]:main():lattice-best-path.cc:99) For utterance BAC009S0766W0150, best cost 87.6275 + -281.927 = -194.3 over 456 frames.
LOG (lattice-best-path[5.5]:main():lattice-best-path.cc:99) For utterance BAC009S0766W0151, best cost 81.8197 + -222.22 = -140.4 over 364 frames.
LOG (lattice-best-path[5.5]:main():lattice-best-path.cc:99) For utterance BAC009S0766W0152, best cost 101.704 + -320.78 = -219.076 over 509 frames.
LOG (lattice-best-path[5.5]:main():lattice-best-path.cc:99) For utterance BAC009S0766W0153, best cost 92.2897 + -237.395 = -145.105 over 395 frames.
LOG (lattice-best-path[5.5]:main():lattice-best-path.cc:99) For utterance BAC009S0766W0154, best cost 90.0027 + -252.856 = -162.853 over 401 frames.
LOG (lattice-best-path[5.5]:main():lattice-best-path.cc:99) For utterance BAC009S0766W0155, best cost 67.5218 + -198.22 = -130.698 over 347 frames.
LOG (lattice-best-path[5.5]:main():lattice-best-path.cc:99) For utterance BAC009S0766W0156, best cost 50.914 + -144.447 = -93.5327 over 268 frames.
LOG (lattice-best-path[5.5]:main():lattice-best-path.cc:99) For utterance BAC009S0766W0157, best cost 51.7554 + -154.576 = -102.821 over 294 frames.
LOG (lattice-best-path[5.5]:main():lattice-best-path.cc:99) For utterance BAC009S0766W0158, best cost 84.8244 + -244.393 = -159.569 over 388 frames.
LOG (lattice-best-path[5.5]:main():lattice-best-path.cc:99) For utterance BAC009S0766W0159, best cost 77.4098 + -204.74 = -127.331 over 354 frames.
LOG (lattice-best-path[5.5]:main():lattice-best-path.cc:99) For utterance BAC009S0766W0160, best cost 87.328 + -217.694 = -130.366 over 384 frames.
LOG (lattice-best-path[5.5]:main():lattice-best-path.cc:99) For utterance BAC009S0766W0161, best cost 83.9529 + -242.382 = -158.43 over 418 frames.
LOG (lattice-best-path[5.5]:main():lattice-best-path.cc:99) For utterance BAC009S0766W0162, best cost 64.6525 + -184.111 = -119.458 over 331 frames.
LOG (lattice-best-path[5.5]:main():lattice-best-path.cc:99) For utterance BAC009S0766W0163, best cost 76.5372 + -188.623 = -112.085 over 331 frames.
LOG (lattice-best-path[5.5]:main():lattice-best-path.cc:99) For utterance BAC009S0766W0164, best cost 88.4475 + -254.589 = -166.141 over 417 frames.
LOG (lattice-best-path[5.5]:main():lattice-best-path.cc:99) For utterance BAC009S0766W0165, best cost 63.3149 + -171.521 = -108.206 over 300 frames.
LOG (lattice-best-path[5.5]:main():lattice-best-path.cc:99) For utterance BAC009S0766W0166, best cost 58.2691 + -159.289 = -101.02 over 280 frames.
LOG (lattice-best-path[5.5]:main():lattice-best-path.cc:99) For utterance BAC009S0766W0167, best cost 113.389 + -307.529 = -194.14 over 489 frames.
LOG (lattice-best-path[5.5]:main():lattice-best-path.cc:99) For utterance BAC009S0766W0168, best cost 55.3896 + -152.743 = -97.3532 over 264 frames.
LOG (lattice-best-path[5.5]:main():lattice-best-path.cc:99) For utterance BAC009S0766W0169, best cost 117.961 + -266.224 = -148.263 over 433 frames.
LOG (lattice-best-path[5.5]:main():lattice-best-path.cc:99) For utterance BAC009S0766W0170, best cost 65.15 + -184.745 = -119.594 over 308 frames.
LOG (lattice-best-path[5.5]:main():lattice-best-path.cc:99) For utterance BAC009S0766W0171, best cost 151.321 + -351.251 = -199.93 over 581 frames.
LOG (lattice-best-path[5.5]:main():lattice-best-path.cc:99) For utterance BAC009S0766W0172, best cost 91.119 + -239.264 = -148.145 over 425 frames.
LOG (lattice-best-path[5.5]:main():lattice-best-path.cc:99) For utterance BAC009S0766W0173, best cost 100.355 + -274.977 = -174.622 over 457 frames.
LOG (lattice-best-path[5.5]:main():lattice-best-path.cc:99) For utterance BAC009S0766W0174, best cost 99.4148 + -281.697 = -182.282 over 437 frames.
LOG (lattice-best-path[5.5]:main():lattice-best-path.cc:99) For utterance BAC009S0766W0175, best cost 54.8881 + -134.642 = -79.7542 over 240 frames.
LOG (lattice-best-path[5.5]:main():lattice-best-path.cc:99) For utterance BAC009S0766W0176, best cost 127.806 + -385.538 = -257.732 over 602 frames.
LOG (lattice-best-path[5.5]:main():lattice-best-path.cc:99) For utterance BAC009S0766W0177, best cost 78.0089 + -198.176 = -120.167 over 328 frames.
LOG (lattice-best-path[5.5]:main():lattice-best-path.cc:99) For utterance BAC009S0766W0178, best cost 41.8909 + -132.448 = -90.5569 over 253 frames.
LOG (lattice-best-path[5.5]:main():lattice-best-path.cc:99) For utterance BAC009S0766W0179, best cost 72.0974 + -206.004 = -133.907 over 339 frames.
LOG (lattice-best-path[5.5]:main():lattice-best-path.cc:99) For utterance BAC009S0766W0180, best cost 55.696 + -166.289 = -110.593 over 309 frames.
LOG (lattice-best-path[5.5]:main():lattice-best-path.cc:99) For utterance BAC009S0766W0181, best cost 75.3553 + -180.037 = -104.682 over 304 frames.
LOG (lattice-best-path[5.5]:main():lattice-best-path.cc:99) For utterance BAC009S0766W0182, best cost 91.3861 + -218.519 = -127.133 over 373 frames.
LOG (lattice-best-path[5.5]:main():lattice-best-path.cc:99) For utterance BAC009S0766W0183, best cost 49.5061 + -178.113 = -128.607 over 303 frames.
LOG (lattice-best-path[5.5]:main():lattice-best-path.cc:99) For utterance BAC009S0766W0184, best cost 71.2551 + -214.951 = -143.696 over 349 frames.
LOG (lattice-best-path[5.5]:main():lattice-best-path.cc:99) For utterance BAC009S0766W0185, best cost 121.316 + -392.367 = -271.051 over 607 frames.
LOG (lattice-best-path[5.5]:main():lattice-best-path.cc:99) For utterance BAC009S0766W0186, best cost 84.0559 + -241.7 = -157.644 over 392 frames.
LOG (lattice-best-path[5.5]:main():lattice-best-path.cc:99) For utterance BAC009S0766W0187, best cost 73.3795 + -216.34 = -142.96 over 349 frames.
LOG (lattice-best-path[5.5]:main():lattice-best-path.cc:99) For utterance BAC009S0766W0188, best cost 113.149 + -372.979 = -259.83 over 611 frames.
LOG (lattice-best-path[5.5]:main():lattice-best-path.cc:99) For utterance BAC009S0766W0189, best cost 68.7734 + -215.617 = -146.844 over 369 frames.
LOG (lattice-best-path[5.5]:main():lattice-best-path.cc:99) For utterance BAC009S0766W0190, best cost 148.043 + -421.181 = -273.138 over 666 frames.
LOG (lattice-best-path[5.5]:main():lattice-best-path.cc:99) For utterance BAC009S0766W0191, best cost 107.854 + -297.925 = -190.071 over 480 frames.
LOG (lattice-best-path[5.5]:main():lattice-best-path.cc:99) For utterance BAC009S0766W0192, best cost 61.3182 + -178.591 = -117.273 over 305 frames.
LOG (lattice-best-path[5.5]:main():lattice-best-path.cc:99) For utterance BAC009S0766W0193, best cost 75.6487 + -203.237 = -127.589 over 356 frames.
LOG (lattice-best-path[5.5]:main():lattice-best-path.cc:99) For utterance BAC009S0766W0194, best cost 94.666 + -277.635 = -182.969 over 452 frames.
LOG (lattice-best-path[5.5]:main():lattice-best-path.cc:99) For utterance BAC009S0766W0195, best cost 128.303 + -353.969 = -225.666 over 572 frames.
LOG (lattice-best-path[5.5]:main():lattice-best-path.cc:99) For utterance BAC009S0766W0196, best cost 73.5173 + -177.189 = -103.672 over 305 frames.
LOG (lattice-best-path[5.5]:main():lattice-best-path.cc:99) For utterance BAC009S0766W0197, best cost 57.0946 + -168.353 = -111.258 over 293 frames.
LOG (lattice-best-path[5.5]:main():lattice-best-path.cc:99) For utterance BAC009S0766W0198, best cost 58.7872 + -162.649 = -103.862 over 295 frames.
LOG (lattice-best-path[5.5]:main():lattice-best-path.cc:99) For utterance BAC009S0766W0199, best cost 103.109 + -289.211 = -186.101 over 467 frames.
LOG (lattice-best-path[5.5]:main():lattice-best-path.cc:99) For utterance BAC009S0766W0200, best cost 79.864 + -249.452 = -169.588 over 420 frames.
LOG (lattice-best-path[5.5]:main():lattice-best-path.cc:99) For utterance BAC009S0766W0201, best cost 87.1006 + -209.662 = -122.562 over 368 frames.
LOG (lattice-best-path[5.5]:main():lattice-best-path.cc:99) For utterance BAC009S0766W0202, best cost 109.245 + -311.002 = -201.757 over 522 frames.
LOG (lattice-best-path[5.5]:main():lattice-best-path.cc:99) For utterance BAC009S0766W0203, best cost 118.541 + -324.212 = -205.671 over 522 frames.
LOG (lattice-best-path[5.5]:main():lattice-best-path.cc:99) For utterance BAC009S0766W0204, best cost 101.594 + -340.058 = -238.464 over 545 frames.
LOG (lattice-best-path[5.5]:main():lattice-best-path.cc:99) For utterance BAC009S0766W0205, best cost 75.5683 + -244.86 = -169.292 over 394 frames.
LOG (lattice-best-path[5.5]:main():lattice-best-path.cc:99) For utterance BAC009S0766W0206, best cost 111.75 + -302.462 = -190.712 over 490 frames.
LOG (lattice-best-path[5.5]:main():lattice-best-path.cc:99) For utterance BAC009S0766W0207, best cost 110.775 + -361.511 = -250.735 over 553 frames.
LOG (lattice-best-path[5.5]:main():lattice-best-path.cc:99) For utterance BAC009S0766W0208, best cost 108.17 + -373.772 = -265.603 over 602 frames.
LOG (lattice-best-path[5.5]:main():lattice-best-path.cc:99) For utterance BAC009S0766W0209, best cost 84.6986 + -241.804 = -157.106 over 416 frames.
LOG (lattice-best-path[5.5]:main():lattice-best-path.cc:99) For utterance BAC009S0766W0210, best cost 41.966 + -166.091 = -124.125 over 287 frames.
LOG (lattice-best-path[5.5]:main():lattice-best-path.cc:99) For utterance BAC009S0766W0211, best cost 90.8497 + -226.915 = -136.066 over 400 frames.
LOG (lattice-best-path[5.5]:main():lattice-best-path.cc:99) For utterance BAC009S0766W0212, best cost 92.1682 + -206.877 = -114.709 over 348 frames.
LOG (lattice-best-path[5.5]:main():lattice-best-path.cc:99) For utterance BAC009S0766W0213, best cost 52.649 + -187.569 = -134.92 over 324 frames.
LOG (lattice-best-path[5.5]:main():lattice-best-path.cc:99) For utterance BAC009S0766W0214, best cost 58.8167 + -171.952 = -113.135 over 298 frames.
LOG (lattice-best-path[5.5]:main():lattice-best-path.cc:99) For utterance BAC009S0766W0215, best cost 69.0609 + -154.908 = -85.8471 over 288 frames.
LOG (lattice-best-path[5.5]:main():lattice-best-path.cc:99) For utterance BAC009S0766W0216, best cost 59.6632 + -148.13 = -88.4666 over 278 frames.
LOG (lattice-best-path[5.5]:main():lattice-best-path.cc:99) For utterance BAC009S0766W0217, best cost 56.6687 + -201.661 = -144.992 over 351 frames.
LOG (lattice-best-path[5.5]:main():lattice-best-path.cc:99) For utterance BAC009S0766W0218, best cost 108.373 + -300.987 = -192.613 over 504 frames.
LOG (lattice-best-path[5.5]:main():lattice-best-path.cc:99) For utterance BAC009S0766W0219, best cost 64.1144 + -171.738 = -107.623 over 286 frames.
LOG (lattice-best-path[5.5]:main():lattice-best-path.cc:99) For utterance BAC009S0766W0220, best cost 117.284 + -370.894 = -253.609 over 618 frames.
LOG (lattice-best-path[5.5]:main():lattice-best-path.cc:99) For utterance BAC009S0766W0221, best cost 122.957 + -348.854 = -225.897 over 577 frames.
LOG (lattice-best-path[5.5]:main():lattice-best-path.cc:99) For utterance BAC009S0766W0222, best cost 126.272 + -338.213 = -211.941 over 532 frames.
LOG (lattice-best-path[5.5]:main():lattice-best-path.cc:99) For utterance BAC009S0766W0223, best cost 67.6566 + -188.266 = -120.61 over 335 frames.
LOG (lattice-best-path[5.5]:main():lattice-best-path.cc:99) For utterance BAC009S0766W0224, best cost 60.3894 + -166.718 = -106.329 over 291 frames.
LOG (lattice-best-path[5.5]:main():lattice-best-path.cc:99) For utterance BAC009S0766W0225, best cost 75.3623 + -166.871 = -91.5092 over 283 frames.
LOG (lattice-best-path[5.5]:main():lattice-best-path.cc:99) For utterance BAC009S0766W0226, best cost 139.944 + -381.629 = -241.685 over 599 frames.
LOG (lattice-best-path[5.5]:main():lattice-best-path.cc:99) For utterance BAC009S0766W0227, best cost 135.061 + -339.516 = -204.455 over 545 frames.
LOG (lattice-best-path[5.5]:main():lattice-best-path.cc:99) For utterance BAC009S0766W0228, best cost 93.5707 + -331.122 = -237.552 over 538 frames.
LOG (lattice-best-path[5.5]:main():lattice-best-path.cc:99) For utterance BAC009S0766W0229, best cost 77.2058 + -250.167 = -172.961 over 446 frames.
LOG (lattice-best-path[5.5]:main():lattice-best-path.cc:99) For utterance BAC009S0766W0230, best cost 119.301 + -309.835 = -190.534 over 499 frames.
LOG (lattice-best-path[5.5]:main():lattice-best-path.cc:99) For utterance BAC009S0766W0231, best cost 89.4432 + -258.973 = -169.53 over 456 frames.
LOG (lattice-best-path[5.5]:main():lattice-best-path.cc:99) For utterance BAC009S0766W0232, best cost 113.799 + -330.431 = -216.632 over 528 frames.
LOG (lattice-best-path[5.5]:main():lattice-best-path.cc:99) For utterance BAC009S0766W0233, best cost 96.8024 + -240.442 = -143.64 over 400 frames.
LOG (lattice-best-path[5.5]:main():lattice-best-path.cc:99) For utterance BAC009S0766W0234, best cost 99.5553 + -286.376 = -186.821 over 483 frames.
LOG (lattice-best-path[5.5]:main():lattice-best-path.cc:99) For utterance BAC009S0766W0235, best cost 76.2813 + -217.356 = -141.075 over 383 frames.
LOG (lattice-best-path[5.5]:main():lattice-best-path.cc:99) For utterance BAC009S0766W0236, best cost 127.048 + -335.393 = -208.345 over 533 frames.
LOG (lattice-best-path[5.5]:main():lattice-best-path.cc:99) For utterance BAC009S0766W0237, best cost 76.4158 + -190.632 = -114.216 over 326 frames.
LOG (lattice-best-path[5.5]:main():lattice-best-path.cc:99) For utterance BAC009S0766W0238, best cost 63.6875 + -200.615 = -136.927 over 346 frames.
LOG (lattice-best-path[5.5]:main():lattice-best-path.cc:99) For utterance BAC009S0766W0239, best cost 104.342 + -274.799 = -170.457 over 439 frames.
LOG (lattice-best-path[5.5]:main():lattice-best-path.cc:99) For utterance BAC009S0766W0240, best cost 118.288 + -294.012 = -175.724 over 453 frames.
LOG (lattice-best-path[5.5]:main():lattice-best-path.cc:99) For utterance BAC009S0766W0241, best cost 66.587 + -164.696 = -98.1085 over 307 frames.
LOG (lattice-best-path[5.5]:main():lattice-best-path.cc:99) For utterance BAC009S0766W0242, best cost 137.884 + -385.013 = -247.129 over 653 frames.
LOG (lattice-best-path[5.5]:main():lattice-best-path.cc:99) For utterance BAC009S0766W0243, best cost 96.2785 + -256.995 = -160.716 over 422 frames.
LOG (lattice-best-path[5.5]:main():lattice-best-path.cc:99) For utterance BAC009S0766W0244, best cost 158.993 + -418.118 = -259.125 over 708 frames.
LOG (lattice-best-path[5.5]:main():lattice-best-path.cc:99) For utterance BAC009S0766W0245, best cost 117.936 + -295.222 = -177.286 over 497 frames.
LOG (lattice-best-path[5.5]:main():lattice-best-path.cc:99) For utterance BAC009S0766W0246, best cost 136.373 + -396.021 = -259.648 over 631 frames.
LOG (lattice-best-path[5.5]:main():lattice-best-path.cc:99) For utterance BAC009S0766W0247, best cost 77.9824 + -185.484 = -107.501 over 334 frames.
LOG (lattice-best-path[5.5]:main():lattice-best-path.cc:99) For utterance BAC009S0766W0248, best cost 72.2858 + -239.995 = -167.709 over 411 frames.
LOG (lattice-best-path[5.5]:main():lattice-best-path.cc:99) For utterance BAC009S0766W0249, best cost 96.0184 + -264.783 = -168.764 over 438 frames.
LOG (lattice-best-path[5.5]:main():lattice-best-path.cc:99) For utterance BAC009S0766W0250, best cost 69.1277 + -205.169 = -136.041 over 357 frames.
LOG (lattice-best-path[5.5]:main():lattice-best-path.cc:99) For utterance BAC009S0766W0251, best cost 135.968 + -331.303 = -195.335 over 550 frames.
LOG (lattice-best-path[5.5]:main():lattice-best-path.cc:99) For utterance BAC009S0766W0252, best cost 99.082 + -280.878 = -181.796 over 456 frames.
LOG (lattice-best-path[5.5]:main():lattice-best-path.cc:99) For utterance BAC009S0766W0253, best cost 164.111 + -380.073 = -215.961 over 599 frames.
LOG (lattice-best-path[5.5]:main():lattice-best-path.cc:99) For utterance BAC009S0766W0257, best cost 110.098 + -223.233 = -113.135 over 379 frames.
LOG (lattice-best-path[5.5]:main():lattice-best-path.cc:99) For utterance BAC009S0766W0260, best cost 86.8595 + -233.692 = -146.832 over 372 frames.
LOG (lattice-best-path[5.5]:main():lattice-best-path.cc:99) For utterance BAC009S0766W0262, best cost 99.9351 + -233.038 = -133.103 over 373 frames.
LOG (lattice-best-path[5.5]:main():lattice-best-path.cc:99) For utterance BAC009S0766W0263, best cost 131.379 + -311.039 = -179.66 over 507 frames.
LOG (lattice-best-path[5.5]:main():lattice-best-path.cc:99) For utterance BAC009S0766W0268, best cost 115.249 + -258.523 = -143.274 over 434 frames.
LOG (lattice-best-path[5.5]:main():lattice-best-path.cc:99) For utterance BAC009S0766W0269, best cost 84.7136 + -201.32 = -116.606 over 362 frames.
LOG (lattice-best-path[5.5]:main():lattice-best-path.cc:99) For utterance BAC009S0766W0270, best cost 76.1968 + -188.133 = -111.936 over 316 frames.
LOG (lattice-best-path[5.5]:main():lattice-best-path.cc:99) For utterance BAC009S0766W0271, best cost 80.4193 + -188.041 = -107.622 over 350 frames.
LOG (lattice-best-path[5.5]:main():lattice-best-path.cc:99) For utterance BAC009S0766W0273, best cost 85.3761 + -193.706 = -108.33 over 335 frames.
LOG (lattice-best-path[5.5]:main():lattice-best-path.cc:99) For utterance BAC009S0766W0285, best cost 88.4577 + -172.39 = -83.932 over 316 frames.
LOG (lattice-best-path[5.5]:main():lattice-best-path.cc:99) For utterance BAC009S0766W0287, best cost 79.2343 + -198.385 = -119.151 over 343 frames.
LOG (lattice-best-path[5.5]:main():lattice-best-path.cc:99) For utterance BAC009S0766W0288, best cost 133.613 + -272.687 = -139.075 over 450 frames.
LOG (lattice-best-path[5.5]:main():lattice-best-path.cc:99) For utterance BAC009S0766W0293, best cost 60.2025 + -194.657 = -134.454 over 342 frames.
LOG (lattice-best-path[5.5]:main():lattice-best-path.cc:99) For utterance BAC009S0766W0294, best cost 89.0661 + -270.119 = -181.053 over 448 frames.
LOG (lattice-best-path[5.5]:main():lattice-best-path.cc:99) For utterance BAC009S0766W0296, best cost 65.1718 + -159.036 = -93.8644 over 284 frames.
LOG (lattice-best-path[5.5]:main():lattice-best-path.cc:99) For utterance BAC009S0766W0299, best cost 99.5669 + -255.806 = -156.24 over 433 frames.
LOG (lattice-best-path[5.5]:main():lattice-best-path.cc:99) For utterance BAC009S0766W0303, best cost 76.1396 + -297.228 = -221.089 over 508 frames.
LOG (lattice-best-path[5.5]:main():lattice-best-path.cc:99) For utterance BAC009S0766W0304, best cost 86.9706 + -384.292 = -297.321 over 661 frames.
LOG (lattice-best-path[5.5]:main():lattice-best-path.cc:99) For utterance BAC009S0766W0305, best cost 88.4933 + -285.451 = -196.957 over 518 frames.
LOG (lattice-best-path[5.5]:main():lattice-best-path.cc:99) For utterance BAC009S0766W0306, best cost 83.0785 + -343.292 = -260.213 over 558 frames.
LOG (lattice-best-path[5.5]:main():lattice-best-path.cc:99) For utterance BAC009S0766W0307, best cost 99.9977 + -337.813 = -237.816 over 531 frames.
LOG (lattice-best-path[5.5]:main():lattice-best-path.cc:99) For utterance BAC009S0766W0308, best cost 80.7673 + -317.708 = -236.941 over 520 frames.
LOG (lattice-best-path[5.5]:main():lattice-best-path.cc:99) For utterance BAC009S0766W0309, best cost 82.0562 + -278.607 = -196.55 over 487 frames.
LOG (lattice-best-path[5.5]:main():lattice-best-path.cc:99) For utterance BAC009S0766W0310, best cost 108.789 + -278.946 = -170.157 over 463 frames.
LOG (lattice-best-path[5.5]:main():lattice-best-path.cc:99) For utterance BAC009S0766W0311, best cost 102.766 + -344.213 = -241.447 over 523 frames.
LOG (lattice-best-path[5.5]:main():lattice-best-path.cc:99) For utterance BAC009S0766W0312, best cost 85.2668 + -224.222 = -138.955 over 373 frames.
LOG (lattice-best-path[5.5]:main():lattice-best-path.cc:99) For utterance BAC009S0766W0313, best cost 93.7645 + -297.194 = -203.43 over 498 frames.
LOG (lattice-best-path[5.5]:main():lattice-best-path.cc:99) For utterance BAC009S0766W0314, best cost 77.2904 + -221.972 = -144.682 over 417 frames.
LOG (lattice-best-path[5.5]:main():lattice-best-path.cc:99) For utterance BAC009S0766W0315, best cost 72.8771 + -220.77 = -147.893 over 372 frames.
LOG (lattice-best-path[5.5]:main():lattice-best-path.cc:99) For utterance BAC009S0766W0316, best cost 63.928 + -227.255 = -163.327 over 398 frames.
LOG (lattice-best-path[5.5]:main():lattice-best-path.cc:99) For utterance BAC009S0766W0317, best cost 84.1005 + -279.502 = -195.402 over 433 frames.
LOG (lattice-best-path[5.5]:main():lattice-best-path.cc:99) For utterance BAC009S0766W0318, best cost 81.2187 + -209.815 = -128.597 over 359 frames.
LOG (lattice-best-path[5.5]:main():lattice-best-path.cc:99) For utterance BAC009S0766W0319, best cost 64.9396 + -169.698 = -104.758 over 309 frames.
LOG (lattice-best-path[5.5]:main():lattice-best-path.cc:99) For utterance BAC009S0766W0320, best cost 117.546 + -289.974 = -172.428 over 472 frames.
LOG (lattice-best-path[5.5]:main():lattice-best-path.cc:99) For utterance BAC009S0766W0321, best cost 67.0266 + -217.514 = -150.487 over 361 frames.
LOG (lattice-best-path[5.5]:main():lattice-best-path.cc:99) For utterance BAC009S0766W0322, best cost 69.4064 + -174.841 = -105.434 over 304 frames.
LOG (lattice-best-path[5.5]:main():lattice-best-path.cc:99) For utterance BAC009S0766W0323, best cost 64.2137 + -198.564 = -134.35 over 347 frames.
LOG (lattice-best-path[5.5]:main():lattice-best-path.cc:99) For utterance BAC009S0766W0324, best cost 87.1024 + -251.831 = -164.729 over 464 frames.
LOG (lattice-best-path[5.5]:main():lattice-best-path.cc:99) For utterance BAC009S0766W0325, best cost 83.0083 + -207.546 = -124.538 over 361 frames.
LOG (lattice-best-path[5.5]:main():lattice-best-path.cc:99) For utterance BAC009S0766W0326, best cost 92.3428 + -264.566 = -172.223 over 434 frames.
LOG (lattice-best-path[5.5]:main():lattice-best-path.cc:99) For utterance BAC009S0766W0327, best cost 86.9054 + -292.481 = -205.576 over 492 frames.
LOG (lattice-best-path[5.5]:main():lattice-best-path.cc:99) For utterance BAC009S0766W0328, best cost 55.7152 + -202.558 = -146.843 over 355 frames.
LOG (lattice-best-path[5.5]:main():lattice-best-path.cc:99) For utterance BAC009S0766W0329, best cost 72.2311 + -242.232 = -170.001 over 395 frames.
LOG (lattice-best-path[5.5]:main():lattice-best-path.cc:99) For utterance BAC009S0766W0330, best cost 55.6898 + -227.868 = -172.178 over 370 frames.
LOG (lattice-best-path[5.5]:main():lattice-best-path.cc:99) For utterance BAC009S0766W0331, best cost 73.2651 + -237.936 = -164.671 over 443 frames.
LOG (lattice-best-path[5.5]:main():lattice-best-path.cc:99) For utterance BAC009S0766W0332, best cost 59.1526 + -186.742 = -127.59 over 313 frames.
LOG (lattice-best-path[5.5]:main():lattice-best-path.cc:99) For utterance BAC009S0766W0333, best cost 64.6385 + -202.868 = -138.229 over 339 frames.
LOG (lattice-best-path[5.5]:main():lattice-best-path.cc:99) For utterance BAC009S0766W0334, best cost 61.4545 + -180.933 = -119.479 over 301 frames.
LOG (lattice-best-path[5.5]:main():lattice-best-path.cc:99) For utterance BAC009S0766W0335, best cost 108.124 + -287.27 = -179.146 over 481 frames.
LOG (lattice-best-path[5.5]:main():lattice-best-path.cc:99) For utterance BAC009S0766W0336, best cost 102.658 + -294.308 = -191.65 over 495 frames.
LOG (lattice-best-path[5.5]:main():lattice-best-path.cc:99) For utterance BAC009S0766W0337, best cost 102.71 + -248.981 = -146.271 over 474 frames.
LOG (lattice-best-path[5.5]:main():lattice-best-path.cc:99) For utterance BAC009S0766W0339, best cost 60.7252 + -165.801 = -105.076 over 298 frames.
LOG (lattice-best-path[5.5]:main():lattice-best-path.cc:99) For utterance BAC009S0766W0340, best cost 74.7932 + -186.818 = -112.025 over 327 frames.
LOG (lattice-best-path[5.5]:main():lattice-best-path.cc:99) For utterance BAC009S0766W0341, best cost 69.5307 + -198.201 = -128.67 over 330 frames.
LOG (lattice-best-path[5.5]:main():lattice-best-path.cc:99) For utterance BAC009S0766W0342, best cost 106.235 + -260.478 = -154.243 over 442 frames.
LOG (lattice-best-path[5.5]:main():lattice-best-path.cc:99) For utterance BAC009S0766W0343, best cost 86.0179 + -245.865 = -159.847 over 418 frames.
LOG (lattice-best-path[5.5]:main():lattice-best-path.cc:99) For utterance BAC009S0766W0344, best cost 93.2913 + -284.801 = -191.509 over 476 frames.
LOG (lattice-best-path[5.5]:main():lattice-best-path.cc:99) For utterance BAC009S0766W0345, best cost 51.5985 + -221.201 = -169.603 over 371 frames.
LOG (lattice-best-path[5.5]:main():lattice-best-path.cc:99) For utterance BAC009S0766W0346, best cost 150.833 + -340.069 = -189.235 over 568 frames.
LOG (lattice-best-path[5.5]:main():lattice-best-path.cc:99) For utterance BAC009S0766W0347, best cost 96.8625 + -265.345 = -168.483 over 418 frames.
LOG (lattice-best-path[5.5]:main():lattice-best-path.cc:99) For utterance BAC009S0766W0348, best cost 80.9914 + -241.323 = -160.331 over 420 frames.
LOG (lattice-best-path[5.5]:main():lattice-best-path.cc:99) For utterance BAC009S0766W0349, best cost 106.642 + -274.398 = -167.756 over 469 frames.
LOG (lattice-best-path[5.5]:main():lattice-best-path.cc:99) For utterance BAC009S0766W0350, best cost 77.5932 + -261.606 = -184.012 over 425 frames.
LOG (lattice-best-path[5.5]:main():lattice-best-path.cc:99) For utterance BAC009S0766W0351, best cost 132.294 + -293.365 = -161.07 over 480 frames.
LOG (lattice-best-path[5.5]:main():lattice-best-path.cc:99) For utterance BAC009S0766W0352, best cost 118.709 + -309.358 = -190.649 over 531 frames.
LOG (lattice-best-path[5.5]:main():lattice-best-path.cc:99) For utterance BAC009S0766W0353, best cost 144.082 + -387.245 = -243.164 over 623 frames.
LOG (lattice-best-path[5.5]:main():lattice-best-path.cc:99) For utterance BAC009S0766W0354, best cost 36.1139 + -174.566 = -138.452 over 298 frames.
LOG (lattice-best-path[5.5]:main():lattice-best-path.cc:99) For utterance BAC009S0766W0355, best cost 87.849 + -222.772 = -134.923 over 389 frames.
LOG (lattice-best-path[5.5]:main():lattice-best-path.cc:99) For utterance BAC009S0766W0356, best cost 83.9902 + -232.06 = -148.07 over 378 frames.
LOG (lattice-best-path[5.5]:main():lattice-best-path.cc:99) For utterance BAC009S0766W0357, best cost 101.56 + -247.875 = -146.314 over 447 frames.
LOG (lattice-best-path[5.5]:main():lattice-best-path.cc:99) For utterance BAC009S0766W0358, best cost 99.8811 + -248.81 = -148.929 over 432 frames.
LOG (lattice-best-path[5.5]:main():lattice-best-path.cc:99) For utterance BAC009S0766W0359, best cost 83.9021 + -246.381 = -162.478 over 425 frames.
LOG (lattice-best-path[5.5]:main():lattice-best-path.cc:99) For utterance BAC009S0766W0360, best cost 92.2898 + -241.155 = -148.865 over 392 frames.
LOG (lattice-best-path[5.5]:main():lattice-best-path.cc:99) For utterance BAC009S0766W0361, best cost 122.777 + -266.292 = -143.515 over 453 frames.
LOG (lattice-best-path[5.5]:main():lattice-best-path.cc:99) For utterance BAC009S0766W0362, best cost 136.236 + -309.604 = -173.368 over 504 frames.
LOG (lattice-best-path[5.5]:main():lattice-best-path.cc:99) For utterance BAC009S0766W0363, best cost 140.811 + -293.389 = -152.578 over 476 frames.
LOG (lattice-best-path[5.5]:main():lattice-best-path.cc:99) For utterance BAC009S0766W0364, best cost 96.7247 + -259.086 = -162.361 over 421 frames.
LOG (lattice-best-path[5.5]:main():lattice-best-path.cc:99) For utterance BAC009S0766W0365, best cost 72.3086 + -164.043 = -91.7345 over 296 frames.
LOG (lattice-best-path[5.5]:main():lattice-best-path.cc:99) For utterance BAC009S0766W0366, best cost 90.0817 + -246.338 = -156.256 over 409 frames.
LOG (lattice-best-path[5.5]:main():lattice-best-path.cc:99) For utterance BAC009S0766W0367, best cost 53.3651 + -147.476 = -94.1109 over 278 frames.
LOG (lattice-best-path[5.5]:main():lattice-best-path.cc:99) For utterance BAC009S0766W0368, best cost 52.5806 + -165.11 = -112.529 over 281 frames.
LOG (lattice-best-path[5.5]:main():lattice-best-path.cc:99) For utterance BAC009S0766W0369, best cost 62.111 + -160.351 = -98.2399 over 276 frames.
LOG (lattice-best-path[5.5]:main():lattice-best-path.cc:99) For utterance BAC009S0766W0370, best cost 62.4823 + -169.912 = -107.43 over 305 frames.
LOG (lattice-best-path[5.5]:main():lattice-best-path.cc:99) For utterance BAC009S0766W0371, best cost 73.365 + -198.766 = -125.401 over 342 frames.
LOG (lattice-best-path[5.5]:main():lattice-best-path.cc:99) For utterance BAC009S0766W0372, best cost 125.223 + -282.56 = -157.337 over 459 frames.
LOG (lattice-best-path[5.5]:main():lattice-best-path.cc:99) For utterance BAC009S0766W0373, best cost 97.3738 + -217.827 = -120.453 over 368 frames.
LOG (lattice-best-path[5.5]:main():lattice-best-path.cc:99) For utterance BAC009S0766W0374, best cost 66.3653 + -189.644 = -123.279 over 321 frames.
LOG (lattice-best-path[5.5]:main():lattice-best-path.cc:99) For utterance BAC009S0766W0375, best cost 87.5816 + -215.554 = -127.972 over 381 frames.
LOG (lattice-best-path[5.5]:main():lattice-best-path.cc:99) For utterance BAC009S0766W0376, best cost 73.5464 + -180.143 = -106.597 over 315 frames.
LOG (lattice-best-path[5.5]:main():lattice-best-path.cc:99) For utterance BAC009S0766W0377, best cost 73.8034 + -149.4 = -75.5968 over 273 frames.
LOG (lattice-best-path[5.5]:main():lattice-best-path.cc:99) For utterance BAC009S0766W0378, best cost 91.4342 + -225.67 = -134.236 over 372 frames.
LOG (lattice-best-path[5.5]:main():lattice-best-path.cc:99) For utterance BAC009S0766W0379, best cost 72.1009 + -177.243 = -105.142 over 311 frames.
LOG (lattice-best-path[5.5]:main():lattice-best-path.cc:99) For utterance BAC009S0766W0380, best cost 137.983 + -334.06 = -196.077 over 522 frames.
LOG (lattice-best-path[5.5]:main():lattice-best-path.cc:99) For utterance BAC009S0766W0381, best cost 108.273 + -268.506 = -160.233 over 511 frames.
LOG (lattice-best-path[5.5]:main():lattice-best-path.cc:99) For utterance BAC009S0766W0382, best cost 107.991 + -251.694 = -143.702 over 410 frames.
LOG (lattice-best-path[5.5]:main():lattice-best-path.cc:99) For utterance BAC009S0766W0383, best cost 105.31 + -279.883 = -174.574 over 486 frames.
LOG (lattice-best-path[5.5]:main():lattice-best-path.cc:99) For utterance BAC009S0766W0384, best cost 107.541 + -270.96 = -163.419 over 448 frames.
LOG (lattice-best-path[5.5]:main():lattice-best-path.cc:99) For utterance BAC009S0766W0385, best cost 117.202 + -230.592 = -113.39 over 409 frames.
LOG (lattice-best-path[5.5]:main():lattice-best-path.cc:99) For utterance BAC009S0766W0386, best cost 64.0503 + -171.765 = -107.714 over 294 frames.
LOG (lattice-best-path[5.5]:main():lattice-best-path.cc:99) For utterance BAC009S0766W0387, best cost 59.8116 + -177.886 = -118.074 over 314 frames.
LOG (lattice-best-path[5.5]:main():lattice-best-path.cc:99) For utterance BAC009S0766W0388, best cost 117.248 + -274.063 = -156.815 over 463 frames.
LOG (lattice-best-path[5.5]:main():lattice-best-path.cc:99) For utterance BAC009S0766W0389, best cost 67.8631 + -168.121 = -100.258 over 312 frames.
LOG (lattice-best-path[5.5]:main():lattice-best-path.cc:99) For utterance BAC009S0766W0390, best cost 65.2212 + -150.149 = -84.9277 over 268 frames.
LOG (lattice-best-path[5.5]:main():lattice-best-path.cc:99) For utterance BAC009S0766W0391, best cost 69.1102 + -162.414 = -93.3033 over 303 frames.
LOG (lattice-best-path[5.5]:main():lattice-best-path.cc:99) For utterance BAC009S0766W0392, best cost 143.083 + -294.019 = -150.936 over 492 frames.
LOG (lattice-best-path[5.5]:main():lattice-best-path.cc:99) For utterance BAC009S0766W0393, best cost 61.9763 + -148.361 = -86.3843 over 277 frames.
LOG (lattice-best-path[5.5]:main():lattice-best-path.cc:99) For utterance BAC009S0766W0394, best cost 70.3313 + -172.425 = -102.094 over 306 frames.
LOG (lattice-best-path[5.5]:main():lattice-best-path.cc:99) For utterance BAC009S0766W0395, best cost 115.403 + -308.799 = -193.396 over 519 frames.
LOG (lattice-best-path[5.5]:main():lattice-best-path.cc:99) For utterance BAC009S0766W0396, best cost 142.725 + -395.584 = -252.859 over 647 frames.
LOG (lattice-best-path[5.5]:main():lattice-best-path.cc:99) For utterance BAC009S0766W0397, best cost 157.2 + -381.991 = -224.791 over 632 frames.
LOG (lattice-best-path[5.5]:main():lattice-best-path.cc:99) For utterance BAC009S0766W0398, best cost 77.3241 + -203.72 = -126.396 over 353 frames.
LOG (lattice-best-path[5.5]:main():lattice-best-path.cc:99) For utterance BAC009S0766W0399, best cost 86.4618 + -182.774 = -96.3125 over 326 frames.
LOG (lattice-best-path[5.5]:main():lattice-best-path.cc:99) For utterance BAC009S0766W0400, best cost 58.5478 + -218.502 = -159.954 over 382 frames.
LOG (lattice-best-path[5.5]:main():lattice-best-path.cc:99) For utterance BAC009S0766W0401, best cost 126.266 + -297.473 = -171.207 over 532 frames.
LOG (lattice-best-path[5.5]:main():lattice-best-path.cc:99) For utterance BAC009S0766W0402, best cost 153.895 + -322.53 = -168.636 over 562 frames.
LOG (lattice-best-path[5.5]:main():lattice-best-path.cc:99) For utterance BAC009S0766W0403, best cost 137.17 + -324.521 = -187.351 over 586 frames.
LOG (lattice-best-path[5.5]:main():lattice-best-path.cc:99) For utterance BAC009S0766W0404, best cost 125.345 + -338.576 = -213.231 over 614 frames.
LOG (lattice-best-path[5.5]:main():lattice-best-path.cc:99) For utterance BAC009S0766W0405, best cost 55.8378 + -165.1 = -109.262 over 294 frames.
LOG (lattice-best-path[5.5]:main():lattice-best-path.cc:99) For utterance BAC009S0766W0406, best cost 112.524 + -358.885 = -246.361 over 568 frames.
LOG (lattice-best-path[5.5]:main():lattice-best-path.cc:99) For utterance BAC009S0766W0407, best cost 104.89 + -259.493 = -154.603 over 445 frames.
LOG (lattice-best-path[5.5]:main():lattice-best-path.cc:99) For utterance BAC009S0766W0408, best cost 39.4539 + -130.331 = -90.8766 over 248 frames.
LOG (lattice-best-path[5.5]:main():lattice-best-path.cc:99) For utterance BAC009S0766W0409, best cost 89.3913 + -223.858 = -134.467 over 384 frames.
LOG (lattice-best-path[5.5]:main():lattice-best-path.cc:99) For utterance BAC009S0766W0410, best cost 81.9589 + -179.935 = -97.9757 over 318 frames.
LOG (lattice-best-path[5.5]:main():lattice-best-path.cc:99) For utterance BAC009S0766W0411, best cost 145.172 + -318.071 = -172.899 over 534 frames.
LOG (lattice-best-path[5.5]:main():lattice-best-path.cc:99) For utterance BAC009S0766W0412, best cost 88.931 + -200.686 = -111.755 over 361 frames.
LOG (lattice-best-path[5.5]:main():lattice-best-path.cc:99) For utterance BAC009S0766W0413, best cost 48.3646 + -164.797 = -116.432 over 294 frames.
LOG (lattice-best-path[5.5]:main():lattice-best-path.cc:99) For utterance BAC009S0766W0414, best cost 165.88 + -362.609 = -196.728 over 610 frames.
LOG (lattice-best-path[5.5]:main():lattice-best-path.cc:99) For utterance BAC009S0766W0415, best cost 41.7002 + -199.004 = -157.304 over 336 frames.
LOG (lattice-best-path[5.5]:main():lattice-best-path.cc:99) For utterance BAC009S0766W0416, best cost 145.288 + -353.247 = -207.959 over 599 frames.
LOG (lattice-best-path[5.5]:main():lattice-best-path.cc:99) For utterance BAC009S0766W0417, best cost 122.459 + -276.361 = -153.902 over 446 frames.
LOG (lattice-best-path[5.5]:main():lattice-best-path.cc:99) For utterance BAC009S0766W0418, best cost 114.263 + -247.906 = -133.643 over 453 frames.
LOG (lattice-best-path[5.5]:main():lattice-best-path.cc:99) For utterance BAC009S0766W0419, best cost 112.468 + -368.554 = -256.087 over 625 frames.
LOG (lattice-best-path[5.5]:main():lattice-best-path.cc:99) For utterance BAC009S0766W0420, best cost 102.967 + -231.68 = -128.713 over 394 frames.
LOG (lattice-best-path[5.5]:main():lattice-best-path.cc:99) For utterance BAC009S0766W0421, best cost 63.9745 + -157.426 = -93.4515 over 303 frames.
LOG (lattice-best-path[5.5]:main():lattice-best-path.cc:99) For utterance BAC009S0766W0422, best cost 120.621 + -279.728 = -159.107 over 443 frames.
LOG (lattice-best-path[5.5]:main():lattice-best-path.cc:99) For utterance BAC009S0766W0423, best cost 175.06 + -345.897 = -170.837 over 622 frames.
LOG (lattice-best-path[5.5]:main():lattice-best-path.cc:99) For utterance BAC009S0766W0424, best cost 53.6658 + -145.415 = -91.7493 over 260 frames.
LOG (lattice-best-path[5.5]:main():lattice-best-path.cc:99) For utterance BAC009S0766W0425, best cost 109.658 + -234.901 = -125.243 over 402 frames.
LOG (lattice-best-path[5.5]:main():lattice-best-path.cc:99) For utterance BAC009S0766W0426, best cost 90.6124 + -217.818 = -127.205 over 369 frames.
LOG (lattice-best-path[5.5]:main():lattice-best-path.cc:99) For utterance BAC009S0766W0427, best cost 79.3052 + -190.823 = -111.518 over 334 frames.
LOG (lattice-best-path[5.5]:main():lattice-best-path.cc:99) For utterance BAC009S0766W0428, best cost 48.9193 + -124.991 = -76.0721 over 246 frames.
LOG (lattice-best-path[5.5]:main():lattice-best-path.cc:99) For utterance BAC009S0766W0430, best cost 65.9101 + -309.05 = -243.14 over 552 frames.
LOG (lattice-best-path[5.5]:main():lattice-best-path.cc:99) For utterance BAC009S0766W0431, best cost 123.606 + -315.725 = -192.119 over 549 frames.
LOG (lattice-best-path[5.5]:main():lattice-best-path.cc:99) For utterance BAC009S0766W0432, best cost 113.461 + -270.481 = -157.021 over 468 frames.
LOG (lattice-best-path[5.5]:main():lattice-best-path.cc:99) For utterance BAC009S0766W0433, best cost 67.4571 + -181.79 = -114.333 over 328 frames.
LOG (lattice-best-path[5.5]:main():lattice-best-path.cc:99) For utterance BAC009S0766W0434, best cost 83.7046 + -194.395 = -110.69 over 365 frames.
LOG (lattice-best-path[5.5]:main():lattice-best-path.cc:99) For utterance BAC009S0766W0435, best cost 78.9016 + -199.929 = -121.027 over 346 frames.
LOG (lattice-best-path[5.5]:main():lattice-best-path.cc:99) For utterance BAC009S0766W0436, best cost 105.716 + -318.869 = -213.153 over 554 frames.
LOG (lattice-best-path[5.5]:main():lattice-best-path.cc:99) For utterance BAC009S0766W0437, best cost 163.471 + -428.897 = -265.426 over 736 frames.
LOG (lattice-best-path[5.5]:main():lattice-best-path.cc:99) For utterance BAC009S0766W0438, best cost 101.129 + -246.813 = -145.684 over 412 frames.
LOG (lattice-best-path[5.5]:main():lattice-best-path.cc:99) For utterance BAC009S0766W0439, best cost 147.084 + -401.945 = -254.862 over 650 frames.
LOG (lattice-best-path[5.5]:main():lattice-best-path.cc:99) For utterance BAC009S0766W0440, best cost 104.932 + -362.597 = -257.665 over 601 frames.
LOG (lattice-best-path[5.5]:main():lattice-best-path.cc:99) For utterance BAC009S0766W0441, best cost 57.8597 + -132.497 = -74.6378 over 271 frames.
LOG (lattice-best-path[5.5]:main():lattice-best-path.cc:99) For utterance BAC009S0766W0442, best cost 150.633 + -355.894 = -205.261 over 610 frames.
LOG (lattice-best-path[5.5]:main():lattice-best-path.cc:99) For utterance BAC009S0766W0443, best cost 79.432 + -212.211 = -132.779 over 367 frames.
LOG (lattice-best-path[5.5]:main():lattice-best-path.cc:99) For utterance BAC009S0766W0444, best cost 107.84 + -228.331 = -120.491 over 390 frames.
LOG (lattice-best-path[5.5]:main():lattice-best-path.cc:99) For utterance BAC009S0766W0445, best cost 65.2111 + -194.894 = -129.683 over 334 frames.
LOG (lattice-best-path[5.5]:main():lattice-best-path.cc:99) For utterance BAC009S0766W0446, best cost 127.135 + -326.367 = -199.233 over 545 frames.
LOG (lattice-best-path[5.5]:main():lattice-best-path.cc:99) For utterance BAC009S0766W0447, best cost 88.1856 + -359.965 = -271.78 over 629 frames.
LOG (lattice-best-path[5.5]:main():lattice-best-path.cc:99) For utterance BAC009S0766W0448, best cost 78.7911 + -235.943 = -157.152 over 394 frames.
LOG (lattice-best-path[5.5]:main():lattice-best-path.cc:99) For utterance BAC009S0766W0449, best cost 97.8045 + -278.32 = -180.515 over 500 frames.
LOG (lattice-best-path[5.5]:main():lattice-best-path.cc:99) For utterance BAC009S0766W0450, best cost 50.4442 + -168.339 = -117.895 over 301 frames.
LOG (lattice-best-path[5.5]:main():lattice-best-path.cc:99) For utterance BAC009S0766W0451, best cost 129.434 + -303.401 = -173.967 over 547 frames.
LOG (lattice-best-path[5.5]:main():lattice-best-path.cc:99) For utterance BAC009S0766W0452, best cost 111.458 + -279.752 = -168.294 over 444 frames.
LOG (lattice-best-path[5.5]:main():lattice-best-path.cc:99) For utterance BAC009S0766W0453, best cost 152.929 + -347.394 = -194.465 over 564 frames.
LOG (lattice-best-path[5.5]:main():lattice-best-path.cc:99) For utterance BAC009S0766W0454, best cost 52.8648 + -156.541 = -103.677 over 292 frames.
LOG (lattice-best-path[5.5]:main():lattice-best-path.cc:99) For utterance BAC009S0766W0455, best cost 146.748 + -385.406 = -238.658 over 642 frames.
LOG (lattice-best-path[5.5]:main():lattice-best-path.cc:99) For utterance BAC009S0766W0456, best cost 123.66 + -309.856 = -186.196 over 490 frames.
LOG (lattice-best-path[5.5]:main():lattice-best-path.cc:99) For utterance BAC009S0766W0457, best cost 83.2554 + -258.787 = -175.532 over 434 frames.
LOG (lattice-best-path[5.5]:main():lattice-best-path.cc:99) For utterance BAC009S0766W0458, best cost 141.931 + -313.007 = -171.076 over 517 frames.
LOG (lattice-best-path[5.5]:main():lattice-best-path.cc:99) For utterance BAC009S0766W0459, best cost 84.8297 + -192.615 = -107.786 over 331 frames.
LOG (lattice-best-path[5.5]:main():lattice-best-path.cc:99) For utterance BAC009S0766W0460, best cost 41.9016 + -145.881 = -103.979 over 276 frames.
LOG (lattice-best-path[5.5]:main():lattice-best-path.cc:99) For utterance BAC009S0766W0461, best cost 84.3784 + -170.696 = -86.3174 over 307 frames.
LOG (lattice-best-path[5.5]:main():lattice-best-path.cc:99) For utterance BAC009S0766W0462, best cost 69.9138 + -152.723 = -82.8093 over 313 frames.
LOG (lattice-best-path[5.5]:main():lattice-best-path.cc:99) For utterance BAC009S0766W0463, best cost 104.951 + -222.892 = -117.94 over 386 frames.
LOG (lattice-best-path[5.5]:main():lattice-best-path.cc:99) For utterance BAC009S0766W0464, best cost 84.3069 + -193.145 = -108.838 over 331 frames.
LOG (lattice-best-path[5.5]:main():lattice-best-path.cc:99) For utterance BAC009S0766W0465, best cost 135.211 + -298.843 = -163.632 over 495 frames.
LOG (lattice-best-path[5.5]:main():lattice-best-path.cc:99) For utterance BAC009S0766W0466, best cost 130.204 + -290.135 = -159.931 over 492 frames.
LOG (lattice-best-path[5.5]:main():lattice-best-path.cc:99) For utterance BAC009S0766W0467, best cost 131.678 + -328.465 = -196.787 over 526 frames.
LOG (lattice-best-path[5.5]:main():lattice-best-path.cc:99) For utterance BAC009S0766W0468, best cost 105.006 + -265.066 = -160.061 over 454 frames.
LOG (lattice-best-path[5.5]:main():lattice-best-path.cc:99) For utterance BAC009S0766W0469, best cost 155.198 + -386.852 = -231.655 over 645 frames.
LOG (lattice-best-path[5.5]:main():lattice-best-path.cc:99) For utterance BAC009S0766W0470, best cost 94.6976 + -251.379 = -156.682 over 408 frames.
LOG (lattice-best-path[5.5]:main():lattice-best-path.cc:99) For utterance BAC009S0766W0471, best cost 54.1866 + -208.821 = -154.634 over 367 frames.
LOG (lattice-best-path[5.5]:main():lattice-best-path.cc:99) For utterance BAC009S0766W0472, best cost 75.2365 + -191.536 = -116.3 over 337 frames.
LOG (lattice-best-path[5.5]:main():lattice-best-path.cc:99) For utterance BAC009S0766W0473, best cost 71.758 + -196.042 = -124.284 over 331 frames.
LOG (lattice-best-path[5.5]:main():lattice-best-path.cc:99) For utterance BAC009S0766W0474, best cost 97.9894 + -207.17 = -109.18 over 395 frames.
LOG (lattice-best-path[5.5]:main():lattice-best-path.cc:99) For utterance BAC009S0766W0475, best cost 111.022 + -265.028 = -154.005 over 447 frames.
LOG (lattice-best-path[5.5]:main():lattice-best-path.cc:99) For utterance BAC009S0766W0476, best cost 93.3756 + -217.087 = -123.712 over 393 frames.
LOG (lattice-best-path[5.5]:main():lattice-best-path.cc:99) For utterance BAC009S0766W0477, best cost 135.721 + -282.058 = -146.337 over 464 frames.
LOG (lattice-best-path[5.5]:main():lattice-best-path.cc:99) For utterance BAC009S0766W0478, best cost 117.767 + -278.896 = -161.129 over 475 frames.
LOG (lattice-best-path[5.5]:main():lattice-best-path.cc:99) For utterance BAC009S0766W0479, best cost 127.617 + -270.674 = -143.056 over 445 frames.
LOG (lattice-best-path[5.5]:main():lattice-best-path.cc:99) For utterance BAC009S0766W0480, best cost 123.009 + -276.949 = -153.94 over 483 frames.
LOG (lattice-best-path[5.5]:main():lattice-best-path.cc:99) For utterance BAC009S0766W0481, best cost 122.113 + -259.102 = -136.989 over 441 frames.
LOG (lattice-best-path[5.5]:main():lattice-best-path.cc:99) For utterance BAC009S0766W0482, best cost 133.604 + -298.594 = -164.99 over 497 frames.
LOG (lattice-best-path[5.5]:main():lattice-best-path.cc:99) For utterance BAC009S0766W0483, best cost 53.255 + -203.034 = -149.779 over 354 frames.
LOG (lattice-best-path[5.5]:main():lattice-best-path.cc:99) For utterance BAC009S0766W0484, best cost 127.459 + -325.97 = -198.511 over 550 frames.
LOG (lattice-best-path[5.5]:main():lattice-best-path.cc:99) For utterance BAC009S0766W0485, best cost 82.1341 + -165.45 = -83.3155 over 311 frames.
LOG (lattice-best-path[5.5]:main():lattice-best-path.cc:99) For utterance BAC009S0766W0486, best cost 162.188 + -377.232 = -215.044 over 598 frames.
LOG (lattice-best-path[5.5]:main():lattice-best-path.cc:99) For utterance BAC009S0766W0487, best cost 109.957 + -238.342 = -128.385 over 436 frames.
LOG (lattice-best-path[5.5]:main():lattice-best-path.cc:99) For utterance BAC009S0766W0488, best cost 52.7479 + -154.515 = -101.767 over 270 frames.
LOG (lattice-best-path[5.5]:main():lattice-best-path.cc:99) For utterance BAC009S0766W0489, best cost 67.9375 + -152.998 = -85.0603 over 284 frames.
LOG (lattice-best-path[5.5]:main():lattice-best-path.cc:99) For utterance BAC009S0766W0490, best cost 167.652 + -389.462 = -221.81 over 704 frames.
LOG (lattice-best-path[5.5]:main():lattice-best-path.cc:99) For utterance BAC009S0766W0491, best cost 172.216 + -404.079 = -231.862 over 674 frames.
LOG (lattice-best-path[5.5]:main():lattice-best-path.cc:99) For utterance BAC009S0766W0492, best cost 153.497 + -325.15 = -171.652 over 547 frames.
LOG (lattice-best-path[5.5]:main():lattice-best-path.cc:99) For utterance BAC009S0766W0493, best cost 161.481 + -398.983 = -237.502 over 654 frames.
LOG (lattice-best-path[5.5]:main():lattice-best-path.cc:99) For utterance BAC009S0766W0494, best cost 74.4109 + -186.336 = -111.925 over 354 frames.
LOG (lattice-depth-per-frame[5.5]:main():lattice-depth-per-frame.cc:82) Done 340 lattices.
LOG (lattice-best-path[5.5]:main():lattice-best-path.cc:99) For utterance BAC009S0766W0495, best cost 72.2956 + -210.3 = -138.005 over 354 frames.
LOG (lattice-best-path[5.5]:main():lattice-best-path.cc:124) Overall cost per frame is -0.369754 = 0.221256 [graph] + -0.59101 [acoustic] over 143665 frames.
LOG (lattice-best-path[5.5]:main():lattice-best-path.cc:128) Done 340 lattices, failed for 0
# Accounting: time=2 threads=1
# Ended (code 0) at Sat Jun 18 23:01:52 CST 2022, elapsed time 2 seconds
