# lattice-depth-per-frame "ark:gunzip -c exp/nnet3/new_dnn_sp/decode_test/lat.12.gz|" "ark,t:|gzip -c > exp/nnet3/new_dnn_sp/decode_test/depth_tmp.12.gz" ark:- | lattice-best-path --acoustic-scale=0.1 ark:- ark:/dev/null "ark,t:|gzip -c >exp/nnet3/new_dnn_sp/decode_test/ali_tmp.12.gz" 
# Started at Sat Jun 18 23:01:52 CST 2022
#
lattice-best-path --acoustic-scale=0.1 ark:- ark:/dev/null 'ark,t:|gzip -c >exp/nnet3/new_dnn_sp/decode_test/ali_tmp.12.gz' 
lattice-depth-per-frame 'ark:gunzip -c exp/nnet3/new_dnn_sp/decode_test/lat.12.gz|' 'ark,t:|gzip -c > exp/nnet3/new_dnn_sp/decode_test/depth_tmp.12.gz' ark:- 
LOG (lattice-best-path[5.5]:main():lattice-best-path.cc:99) For utterance BAC009S0905W0121, best cost 46.353 + -196.621 = -150.268 over 358 frames.
LOG (lattice-best-path[5.5]:main():lattice-best-path.cc:99) For utterance BAC009S0905W0122, best cost 87.5591 + -297.136 = -209.577 over 512 frames.
LOG (lattice-best-path[5.5]:main():lattice-best-path.cc:99) For utterance BAC009S0905W0123, best cost 92.1994 + -330.604 = -238.404 over 569 frames.
LOG (lattice-best-path[5.5]:main():lattice-best-path.cc:99) For utterance BAC009S0905W0124, best cost 142.44 + -458.155 = -315.715 over 738 frames.
LOG (lattice-best-path[5.5]:main():lattice-best-path.cc:99) For utterance BAC009S0905W0125, best cost 97.3002 + -368.122 = -270.822 over 620 frames.
LOG (lattice-best-path[5.5]:main():lattice-best-path.cc:99) For utterance BAC009S0905W0126, best cost 67.6149 + -277.784 = -210.169 over 487 frames.
LOG (lattice-best-path[5.5]:main():lattice-best-path.cc:99) For utterance BAC009S0905W0127, best cost 81.0848 + -253.255 = -172.17 over 420 frames.
LOG (lattice-best-path[5.5]:main():lattice-best-path.cc:99) For utterance BAC009S0905W0128, best cost 82.9465 + -298.064 = -215.117 over 476 frames.
LOG (lattice-best-path[5.5]:main():lattice-best-path.cc:99) For utterance BAC009S0905W0129, best cost 78.8396 + -321.426 = -242.586 over 562 frames.
LOG (lattice-best-path[5.5]:main():lattice-best-path.cc:99) For utterance BAC009S0905W0130, best cost 104.568 + -323.503 = -218.935 over 576 frames.
LOG (lattice-best-path[5.5]:main():lattice-best-path.cc:99) For utterance BAC009S0905W0131, best cost 123.228 + -353.38 = -230.153 over 620 frames.
LOG (lattice-best-path[5.5]:main():lattice-best-path.cc:99) For utterance BAC009S0905W0132, best cost 86.2238 + -272.768 = -186.544 over 526 frames.
LOG (lattice-best-path[5.5]:main():lattice-best-path.cc:99) For utterance BAC009S0905W0133, best cost 43.187 + -275.519 = -232.332 over 457 frames.
LOG (lattice-best-path[5.5]:main():lattice-best-path.cc:99) For utterance BAC009S0905W0134, best cost 106.561 + -313.222 = -206.661 over 538 frames.
LOG (lattice-best-path[5.5]:main():lattice-best-path.cc:99) For utterance BAC009S0905W0135, best cost 96.3154 + -336.908 = -240.593 over 621 frames.
LOG (lattice-best-path[5.5]:main():lattice-best-path.cc:99) For utterance BAC009S0905W0136, best cost 129.61 + -399.306 = -269.697 over 691 frames.
LOG (lattice-best-path[5.5]:main():lattice-best-path.cc:99) For utterance BAC009S0905W0137, best cost 88.2249 + -267.436 = -179.211 over 486 frames.
LOG (lattice-best-path[5.5]:main():lattice-best-path.cc:99) For utterance BAC009S0905W0138, best cost 124.879 + -505.904 = -381.025 over 823 frames.
LOG (lattice-best-path[5.5]:main():lattice-best-path.cc:99) For utterance BAC009S0905W0139, best cost 73.5759 + -226.574 = -152.998 over 405 frames.
LOG (lattice-best-path[5.5]:main():lattice-best-path.cc:99) For utterance BAC009S0905W0140, best cost 71.0947 + -247.59 = -176.495 over 437 frames.
LOG (lattice-best-path[5.5]:main():lattice-best-path.cc:99) For utterance BAC009S0905W0141, best cost 89.7654 + -325.747 = -235.982 over 583 frames.
LOG (lattice-best-path[5.5]:main():lattice-best-path.cc:99) For utterance BAC009S0905W0142, best cost 85.1696 + -287.011 = -201.841 over 510 frames.
LOG (lattice-best-path[5.5]:main():lattice-best-path.cc:99) For utterance BAC009S0905W0143, best cost 66.1894 + -191.364 = -125.175 over 331 frames.
LOG (lattice-best-path[5.5]:main():lattice-best-path.cc:99) For utterance BAC009S0905W0144, best cost 59.241 + -196.495 = -137.254 over 337 frames.
LOG (lattice-best-path[5.5]:main():lattice-best-path.cc:99) For utterance BAC009S0905W0145, best cost 154.582 + -502.411 = -347.829 over 806 frames.
LOG (lattice-best-path[5.5]:main():lattice-best-path.cc:99) For utterance BAC009S0905W0146, best cost 97.0885 + -352.837 = -255.748 over 603 frames.
LOG (lattice-best-path[5.5]:main():lattice-best-path.cc:99) For utterance BAC009S0905W0147, best cost 155.001 + -458.74 = -303.739 over 824 frames.
LOG (lattice-best-path[5.5]:main():lattice-best-path.cc:99) For utterance BAC009S0905W0148, best cost 135.45 + -385.645 = -250.195 over 642 frames.
LOG (lattice-best-path[5.5]:main():lattice-best-path.cc:99) For utterance BAC009S0905W0149, best cost 93.1087 + -316.386 = -223.278 over 514 frames.
LOG (lattice-best-path[5.5]:main():lattice-best-path.cc:99) For utterance BAC009S0905W0150, best cost 158.73 + -509.418 = -350.688 over 863 frames.
LOG (lattice-best-path[5.5]:main():lattice-best-path.cc:99) For utterance BAC009S0905W0151, best cost 85.3345 + -261.827 = -176.493 over 428 frames.
LOG (lattice-best-path[5.5]:main():lattice-best-path.cc:99) For utterance BAC009S0905W0152, best cost 71.4873 + -267.205 = -195.718 over 448 frames.
LOG (lattice-best-path[5.5]:main():lattice-best-path.cc:99) For utterance BAC009S0905W0153, best cost 84.9076 + -270.252 = -185.344 over 461 frames.
LOG (lattice-best-path[5.5]:main():lattice-best-path.cc:99) For utterance BAC009S0905W0154, best cost 41.1057 + -188.998 = -147.892 over 336 frames.
LOG (lattice-best-path[5.5]:main():lattice-best-path.cc:99) For utterance BAC009S0905W0155, best cost 73.2905 + -229.01 = -155.719 over 400 frames.
LOG (lattice-best-path[5.5]:main():lattice-best-path.cc:99) For utterance BAC009S0905W0156, best cost 124.756 + -414.341 = -289.585 over 669 frames.
LOG (lattice-best-path[5.5]:main():lattice-best-path.cc:99) For utterance BAC009S0905W0157, best cost 64.4956 + -209.235 = -144.739 over 357 frames.
LOG (lattice-best-path[5.5]:main():lattice-best-path.cc:99) For utterance BAC009S0905W0158, best cost 135.781 + -448.992 = -313.211 over 829 frames.
LOG (lattice-best-path[5.5]:main():lattice-best-path.cc:99) For utterance BAC009S0905W0159, best cost 132.57 + -474.822 = -342.252 over 768 frames.
LOG (lattice-best-path[5.5]:main():lattice-best-path.cc:99) For utterance BAC009S0905W0160, best cost 73.561 + -264.087 = -190.526 over 456 frames.
LOG (lattice-best-path[5.5]:main():lattice-best-path.cc:99) For utterance BAC009S0905W0161, best cost 101.407 + -398.547 = -297.14 over 615 frames.
LOG (lattice-best-path[5.5]:main():lattice-best-path.cc:99) For utterance BAC009S0905W0162, best cost 73.4211 + -304.861 = -231.44 over 501 frames.
LOG (lattice-best-path[5.5]:main():lattice-best-path.cc:99) For utterance BAC009S0905W0163, best cost 71.6715 + -211.723 = -140.051 over 358 frames.
LOG (lattice-best-path[5.5]:main():lattice-best-path.cc:99) For utterance BAC009S0905W0164, best cost 100.054 + -316.27 = -216.216 over 559 frames.
LOG (lattice-best-path[5.5]:main():lattice-best-path.cc:99) For utterance BAC009S0905W0165, best cost 71.3052 + -248.987 = -177.682 over 416 frames.
LOG (lattice-best-path[5.5]:main():lattice-best-path.cc:99) For utterance BAC009S0905W0166, best cost 89.5169 + -350.984 = -261.467 over 554 frames.
LOG (lattice-best-path[5.5]:main():lattice-best-path.cc:99) For utterance BAC009S0905W0167, best cost 88.4401 + -401.841 = -313.401 over 648 frames.
LOG (lattice-best-path[5.5]:main():lattice-best-path.cc:99) For utterance BAC009S0905W0168, best cost 78.9566 + -248.594 = -169.637 over 416 frames.
LOG (lattice-best-path[5.5]:main():lattice-best-path.cc:99) For utterance BAC009S0905W0169, best cost 112.186 + -430.508 = -318.322 over 677 frames.
LOG (lattice-best-path[5.5]:main():lattice-best-path.cc:99) For utterance BAC009S0905W0170, best cost 69.1496 + -244.433 = -175.283 over 424 frames.
LOG (lattice-best-path[5.5]:main():lattice-best-path.cc:99) For utterance BAC009S0905W0171, best cost 83.4724 + -298.723 = -215.25 over 489 frames.
LOG (lattice-best-path[5.5]:main():lattice-best-path.cc:99) For utterance BAC009S0905W0172, best cost 68.8487 + -266.755 = -197.906 over 437 frames.
LOG (lattice-best-path[5.5]:main():lattice-best-path.cc:99) For utterance BAC009S0905W0173, best cost 64.2482 + -200.873 = -136.625 over 337 frames.
LOG (lattice-best-path[5.5]:main():lattice-best-path.cc:99) For utterance BAC009S0905W0174, best cost 85.081 + -244.885 = -159.804 over 413 frames.
LOG (lattice-best-path[5.5]:main():lattice-best-path.cc:99) For utterance BAC009S0905W0175, best cost 79.222 + -243.601 = -164.379 over 395 frames.
LOG (lattice-best-path[5.5]:main():lattice-best-path.cc:99) For utterance BAC009S0905W0176, best cost 43.9692 + -143.355 = -99.3857 over 272 frames.
LOG (lattice-best-path[5.5]:main():lattice-best-path.cc:99) For utterance BAC009S0905W0177, best cost 97.7071 + -293.691 = -195.984 over 489 frames.
LOG (lattice-best-path[5.5]:main():lattice-best-path.cc:99) For utterance BAC009S0905W0178, best cost 93.4165 + -326.879 = -233.463 over 555 frames.
LOG (lattice-best-path[5.5]:main():lattice-best-path.cc:99) For utterance BAC009S0905W0179, best cost 121.147 + -306.91 = -185.764 over 481 frames.
LOG (lattice-best-path[5.5]:main():lattice-best-path.cc:99) For utterance BAC009S0905W0180, best cost 59.7662 + -231.914 = -172.148 over 394 frames.
LOG (lattice-best-path[5.5]:main():lattice-best-path.cc:99) For utterance BAC009S0905W0181, best cost 38.6668 + -146.339 = -107.673 over 283 frames.
LOG (lattice-best-path[5.5]:main():lattice-best-path.cc:99) For utterance BAC009S0905W0182, best cost 94.1356 + -259.91 = -165.774 over 435 frames.
LOG (lattice-best-path[5.5]:main():lattice-best-path.cc:99) For utterance BAC009S0905W0183, best cost 122.393 + -388.137 = -265.744 over 644 frames.
LOG (lattice-best-path[5.5]:main():lattice-best-path.cc:99) For utterance BAC009S0905W0184, best cost 100.654 + -343.23 = -242.575 over 542 frames.
LOG (lattice-best-path[5.5]:main():lattice-best-path.cc:99) For utterance BAC009S0905W0185, best cost 74.2221 + -219.5 = -145.278 over 385 frames.
LOG (lattice-best-path[5.5]:main():lattice-best-path.cc:99) For utterance BAC009S0905W0186, best cost 120.987 + -394.124 = -273.137 over 656 frames.
LOG (lattice-best-path[5.5]:main():lattice-best-path.cc:99) For utterance BAC009S0905W0187, best cost 74.032 + -199.589 = -125.557 over 353 frames.
LOG (lattice-best-path[5.5]:main():lattice-best-path.cc:99) For utterance BAC009S0905W0188, best cost 67.9765 + -255.961 = -187.984 over 424 frames.
LOG (lattice-best-path[5.5]:main():lattice-best-path.cc:99) For utterance BAC009S0905W0189, best cost 71.7174 + -239.18 = -167.463 over 412 frames.
LOG (lattice-best-path[5.5]:main():lattice-best-path.cc:99) For utterance BAC009S0905W0190, best cost 54.3297 + -184.363 = -130.034 over 353 frames.
LOG (lattice-best-path[5.5]:main():lattice-best-path.cc:99) For utterance BAC009S0905W0191, best cost 63.6746 + -263.99 = -200.315 over 463 frames.
LOG (lattice-best-path[5.5]:main():lattice-best-path.cc:99) For utterance BAC009S0905W0192, best cost 103.287 + -325.671 = -222.384 over 555 frames.
LOG (lattice-best-path[5.5]:main():lattice-best-path.cc:99) For utterance BAC009S0905W0193, best cost 57.785 + -182.553 = -124.768 over 330 frames.
LOG (lattice-best-path[5.5]:main():lattice-best-path.cc:99) For utterance BAC009S0905W0194, best cost 106.964 + -324.694 = -217.73 over 524 frames.
LOG (lattice-best-path[5.5]:main():lattice-best-path.cc:99) For utterance BAC009S0905W0195, best cost 90.794 + -299.119 = -208.325 over 524 frames.
LOG (lattice-best-path[5.5]:main():lattice-best-path.cc:99) For utterance BAC009S0905W0196, best cost 153.169 + -465.908 = -312.74 over 783 frames.
LOG (lattice-best-path[5.5]:main():lattice-best-path.cc:99) For utterance BAC009S0905W0197, best cost 133.038 + -399.917 = -266.878 over 649 frames.
LOG (lattice-best-path[5.5]:main():lattice-best-path.cc:99) For utterance BAC009S0905W0198, best cost 110.786 + -352.284 = -241.498 over 582 frames.
LOG (lattice-best-path[5.5]:main():lattice-best-path.cc:99) For utterance BAC009S0905W0199, best cost 116.704 + -382.957 = -266.253 over 653 frames.
LOG (lattice-best-path[5.5]:main():lattice-best-path.cc:99) For utterance BAC009S0905W0200, best cost 143.102 + -438.774 = -295.672 over 693 frames.
LOG (lattice-best-path[5.5]:main():lattice-best-path.cc:99) For utterance BAC009S0905W0201, best cost 63.5216 + -225.654 = -162.132 over 399 frames.
LOG (lattice-best-path[5.5]:main():lattice-best-path.cc:99) For utterance BAC009S0905W0202, best cost 44.8978 + -149.671 = -104.773 over 289 frames.
LOG (lattice-best-path[5.5]:main():lattice-best-path.cc:99) For utterance BAC009S0905W0203, best cost 63.7758 + -217.637 = -153.861 over 378 frames.
LOG (lattice-best-path[5.5]:main():lattice-best-path.cc:99) For utterance BAC009S0905W0204, best cost 69.7194 + -237.919 = -168.199 over 405 frames.
LOG (lattice-best-path[5.5]:main():lattice-best-path.cc:99) For utterance BAC009S0905W0205, best cost 122.822 + -351.114 = -228.291 over 574 frames.
LOG (lattice-best-path[5.5]:main():lattice-best-path.cc:99) For utterance BAC009S0905W0206, best cost 69.5095 + -279.821 = -210.312 over 454 frames.
LOG (lattice-best-path[5.5]:main():lattice-best-path.cc:99) For utterance BAC009S0905W0207, best cost 138.011 + -440.687 = -302.676 over 740 frames.
LOG (lattice-best-path[5.5]:main():lattice-best-path.cc:99) For utterance BAC009S0905W0208, best cost 121.688 + -367.79 = -246.102 over 671 frames.
LOG (lattice-best-path[5.5]:main():lattice-best-path.cc:99) For utterance BAC009S0905W0209, best cost 74.349 + -256.195 = -181.846 over 454 frames.
LOG (lattice-best-path[5.5]:main():lattice-best-path.cc:99) For utterance BAC009S0905W0210, best cost 152.284 + -428.547 = -276.263 over 731 frames.
LOG (lattice-best-path[5.5]:main():lattice-best-path.cc:99) For utterance BAC009S0905W0211, best cost 85.7021 + -241.903 = -156.201 over 445 frames.
LOG (lattice-best-path[5.5]:main():lattice-best-path.cc:99) For utterance BAC009S0905W0212, best cost 88.7283 + -312.226 = -223.498 over 525 frames.
LOG (lattice-best-path[5.5]:main():lattice-best-path.cc:99) For utterance BAC009S0905W0213, best cost 75.2872 + -239.43 = -164.142 over 400 frames.
LOG (lattice-best-path[5.5]:main():lattice-best-path.cc:99) For utterance BAC009S0905W0214, best cost 102.72 + -342.247 = -239.527 over 581 frames.
LOG (lattice-best-path[5.5]:main():lattice-best-path.cc:99) For utterance BAC009S0905W0215, best cost 87.3914 + -272.224 = -184.833 over 539 frames.
LOG (lattice-best-path[5.5]:main():lattice-best-path.cc:99) For utterance BAC009S0905W0216, best cost 80.2606 + -208.548 = -128.287 over 386 frames.
LOG (lattice-best-path[5.5]:main():lattice-best-path.cc:99) For utterance BAC009S0905W0217, best cost 120.761 + -423.075 = -302.313 over 686 frames.
LOG (lattice-best-path[5.5]:main():lattice-best-path.cc:99) For utterance BAC009S0905W0218, best cost 127.129 + -338.421 = -211.292 over 594 frames.
LOG (lattice-best-path[5.5]:main():lattice-best-path.cc:99) For utterance BAC009S0905W0219, best cost 79.494 + -238.02 = -158.526 over 421 frames.
LOG (lattice-best-path[5.5]:main():lattice-best-path.cc:99) For utterance BAC009S0905W0220, best cost 101.498 + -340.917 = -239.418 over 618 frames.
LOG (lattice-best-path[5.5]:main():lattice-best-path.cc:99) For utterance BAC009S0905W0221, best cost 79.2222 + -232.144 = -152.921 over 398 frames.
LOG (lattice-best-path[5.5]:main():lattice-best-path.cc:99) For utterance BAC009S0905W0222, best cost 76.9276 + -211.938 = -135.011 over 369 frames.
LOG (lattice-best-path[5.5]:main():lattice-best-path.cc:99) For utterance BAC009S0905W0223, best cost 128.082 + -382.905 = -254.823 over 688 frames.
LOG (lattice-best-path[5.5]:main():lattice-best-path.cc:99) For utterance BAC009S0905W0224, best cost 124.982 + -403.934 = -278.952 over 664 frames.
LOG (lattice-best-path[5.5]:main():lattice-best-path.cc:99) For utterance BAC009S0905W0225, best cost 79.1623 + -247.706 = -168.544 over 428 frames.
LOG (lattice-best-path[5.5]:main():lattice-best-path.cc:99) For utterance BAC009S0905W0226, best cost 175.915 + -492.872 = -316.957 over 892 frames.
LOG (lattice-best-path[5.5]:main():lattice-best-path.cc:99) For utterance BAC009S0905W0227, best cost 75.0706 + -219.965 = -144.894 over 401 frames.
LOG (lattice-best-path[5.5]:main():lattice-best-path.cc:99) For utterance BAC009S0905W0228, best cost 63.2746 + -208.44 = -145.165 over 352 frames.
LOG (lattice-best-path[5.5]:main():lattice-best-path.cc:99) For utterance BAC009S0905W0229, best cost 85.85 + -254.857 = -169.006 over 481 frames.
LOG (lattice-best-path[5.5]:main():lattice-best-path.cc:99) For utterance BAC009S0905W0230, best cost 56.2229 + -197.581 = -141.358 over 340 frames.
LOG (lattice-best-path[5.5]:main():lattice-best-path.cc:99) For utterance BAC009S0905W0231, best cost 46.6162 + -166.596 = -119.98 over 294 frames.
LOG (lattice-best-path[5.5]:main():lattice-best-path.cc:99) For utterance BAC009S0905W0232, best cost 115.049 + -389.498 = -274.45 over 643 frames.
LOG (lattice-best-path[5.5]:main():lattice-best-path.cc:99) For utterance BAC009S0905W0233, best cost 125.145 + -390.171 = -265.026 over 621 frames.
LOG (lattice-best-path[5.5]:main():lattice-best-path.cc:99) For utterance BAC009S0905W0234, best cost 64.4105 + -244.703 = -180.293 over 422 frames.
LOG (lattice-best-path[5.5]:main():lattice-best-path.cc:99) For utterance BAC009S0905W0235, best cost 104.193 + -422.645 = -318.452 over 703 frames.
LOG (lattice-best-path[5.5]:main():lattice-best-path.cc:99) For utterance BAC009S0905W0236, best cost 80.1921 + -223.873 = -143.681 over 416 frames.
LOG (lattice-best-path[5.5]:main():lattice-best-path.cc:99) For utterance BAC009S0905W0237, best cost 85.3931 + -297.829 = -212.436 over 503 frames.
LOG (lattice-best-path[5.5]:main():lattice-best-path.cc:99) For utterance BAC009S0905W0238, best cost 67.9718 + -184.109 = -116.137 over 324 frames.
LOG (lattice-best-path[5.5]:main():lattice-best-path.cc:99) For utterance BAC009S0905W0239, best cost 81.1325 + -251.57 = -170.437 over 427 frames.
LOG (lattice-best-path[5.5]:main():lattice-best-path.cc:99) For utterance BAC009S0905W0240, best cost 97.4833 + -293.71 = -196.227 over 504 frames.
LOG (lattice-best-path[5.5]:main():lattice-best-path.cc:99) For utterance BAC009S0905W0241, best cost 94.642 + -316.046 = -221.405 over 548 frames.
LOG (lattice-best-path[5.5]:main():lattice-best-path.cc:99) For utterance BAC009S0905W0242, best cost 73.9374 + -270.525 = -196.588 over 457 frames.
LOG (lattice-best-path[5.5]:main():lattice-best-path.cc:99) For utterance BAC009S0905W0243, best cost 85.604 + -245.97 = -160.366 over 463 frames.
LOG (lattice-best-path[5.5]:main():lattice-best-path.cc:99) For utterance BAC009S0905W0244, best cost 154.214 + -483.51 = -329.295 over 844 frames.
LOG (lattice-best-path[5.5]:main():lattice-best-path.cc:99) For utterance BAC009S0905W0245, best cost 87.0924 + -321.93 = -234.838 over 555 frames.
LOG (lattice-best-path[5.5]:main():lattice-best-path.cc:99) For utterance BAC009S0905W0246, best cost 149.618 + -476.958 = -327.34 over 828 frames.
LOG (lattice-best-path[5.5]:main():lattice-best-path.cc:99) For utterance BAC009S0905W0247, best cost 102.541 + -279.352 = -176.811 over 483 frames.
LOG (lattice-best-path[5.5]:main():lattice-best-path.cc:99) For utterance BAC009S0905W0248, best cost 114.41 + -406.477 = -292.067 over 718 frames.
LOG (lattice-best-path[5.5]:main():lattice-best-path.cc:99) For utterance BAC009S0905W0249, best cost 108.004 + -412.429 = -304.426 over 690 frames.
LOG (lattice-best-path[5.5]:main():lattice-best-path.cc:99) For utterance BAC009S0905W0250, best cost 111.662 + -360.571 = -248.908 over 648 frames.
LOG (lattice-best-path[5.5]:main():lattice-best-path.cc:99) For utterance BAC009S0905W0251, best cost 131.967 + -364.349 = -232.382 over 676 frames.
LOG (lattice-best-path[5.5]:main():lattice-best-path.cc:99) For utterance BAC009S0905W0252, best cost 95.9535 + -282.624 = -186.67 over 509 frames.
LOG (lattice-best-path[5.5]:main():lattice-best-path.cc:99) For utterance BAC009S0905W0253, best cost 165.72 + -478.363 = -312.642 over 851 frames.
LOG (lattice-best-path[5.5]:main():lattice-best-path.cc:99) For utterance BAC009S0905W0254, best cost 61.5443 + -258.26 = -196.716 over 430 frames.
LOG (lattice-best-path[5.5]:main():lattice-best-path.cc:99) For utterance BAC009S0905W0255, best cost 68.3382 + -274.095 = -205.757 over 465 frames.
LOG (lattice-best-path[5.5]:main():lattice-best-path.cc:99) For utterance BAC009S0905W0256, best cost 109.573 + -396.732 = -287.159 over 672 frames.
LOG (lattice-best-path[5.5]:main():lattice-best-path.cc:99) For utterance BAC009S0905W0257, best cost 131.602 + -384.63 = -253.028 over 750 frames.
LOG (lattice-best-path[5.5]:main():lattice-best-path.cc:99) For utterance BAC009S0905W0258, best cost 123.246 + -401.341 = -278.094 over 678 frames.
LOG (lattice-best-path[5.5]:main():lattice-best-path.cc:99) For utterance BAC009S0905W0261, best cost 85.4319 + -296.032 = -210.6 over 494 frames.
LOG (lattice-best-path[5.5]:main():lattice-best-path.cc:99) For utterance BAC009S0905W0262, best cost 96.273 + -315.136 = -218.863 over 560 frames.
LOG (lattice-best-path[5.5]:main():lattice-best-path.cc:99) For utterance BAC009S0905W0263, best cost 104.543 + -306.731 = -202.188 over 547 frames.
LOG (lattice-best-path[5.5]:main():lattice-best-path.cc:99) For utterance BAC009S0905W0264, best cost 78.1872 + -289.987 = -211.799 over 497 frames.
LOG (lattice-best-path[5.5]:main():lattice-best-path.cc:99) For utterance BAC009S0905W0265, best cost 74.471 + -253.237 = -178.766 over 424 frames.
LOG (lattice-best-path[5.5]:main():lattice-best-path.cc:99) For utterance BAC009S0905W0266, best cost 124.178 + -436.45 = -312.272 over 739 frames.
LOG (lattice-best-path[5.5]:main():lattice-best-path.cc:99) For utterance BAC009S0905W0267, best cost 110.145 + -343.08 = -232.934 over 576 frames.
LOG (lattice-best-path[5.5]:main():lattice-best-path.cc:99) For utterance BAC009S0905W0268, best cost 63.1889 + -183.431 = -120.242 over 316 frames.
LOG (lattice-best-path[5.5]:main():lattice-best-path.cc:99) For utterance BAC009S0905W0269, best cost 117.235 + -335.797 = -218.562 over 571 frames.
LOG (lattice-best-path[5.5]:main():lattice-best-path.cc:99) For utterance BAC009S0905W0270, best cost 61.5201 + -186.066 = -124.545 over 348 frames.
LOG (lattice-best-path[5.5]:main():lattice-best-path.cc:99) For utterance BAC009S0905W0271, best cost 152.472 + -441.485 = -289.013 over 724 frames.
LOG (lattice-best-path[5.5]:main():lattice-best-path.cc:99) For utterance BAC009S0905W0273, best cost 110.441 + -397.322 = -286.881 over 709 frames.
LOG (lattice-best-path[5.5]:main():lattice-best-path.cc:99) For utterance BAC009S0905W0274, best cost 155.241 + -448.328 = -293.087 over 720 frames.
LOG (lattice-best-path[5.5]:main():lattice-best-path.cc:99) For utterance BAC009S0905W0275, best cost 62.4602 + -207.731 = -145.271 over 361 frames.
LOG (lattice-best-path[5.5]:main():lattice-best-path.cc:99) For utterance BAC009S0905W0276, best cost 74.2781 + -266.554 = -192.276 over 447 frames.
LOG (lattice-best-path[5.5]:main():lattice-best-path.cc:99) For utterance BAC009S0905W0277, best cost 128.958 + -449.735 = -320.777 over 694 frames.
LOG (lattice-best-path[5.5]:main():lattice-best-path.cc:99) For utterance BAC009S0905W0279, best cost 141.343 + -451.673 = -310.33 over 713 frames.
LOG (lattice-best-path[5.5]:main():lattice-best-path.cc:99) For utterance BAC009S0905W0280, best cost 97.2165 + -301.829 = -204.613 over 518 frames.
LOG (lattice-best-path[5.5]:main():lattice-best-path.cc:99) For utterance BAC009S0905W0281, best cost 94.5219 + -284.792 = -190.27 over 511 frames.
LOG (lattice-best-path[5.5]:main():lattice-best-path.cc:99) For utterance BAC009S0905W0282, best cost 115.15 + -375.922 = -260.772 over 619 frames.
LOG (lattice-best-path[5.5]:main():lattice-best-path.cc:99) For utterance BAC009S0905W0283, best cost 68.0997 + -212.812 = -144.712 over 370 frames.
LOG (lattice-best-path[5.5]:main():lattice-best-path.cc:99) For utterance BAC009S0905W0284, best cost 72.8475 + -220.748 = -147.901 over 368 frames.
LOG (lattice-best-path[5.5]:main():lattice-best-path.cc:99) For utterance BAC009S0905W0285, best cost 110.254 + -302.208 = -191.955 over 557 frames.
LOG (lattice-best-path[5.5]:main():lattice-best-path.cc:99) For utterance BAC009S0905W0287, best cost 79.3778 + -249.209 = -169.831 over 499 frames.
LOG (lattice-best-path[5.5]:main():lattice-best-path.cc:99) For utterance BAC009S0905W0288, best cost 106.708 + -287.994 = -181.286 over 481 frames.
LOG (lattice-best-path[5.5]:main():lattice-best-path.cc:99) For utterance BAC009S0905W0289, best cost 115.505 + -334.009 = -218.504 over 572 frames.
LOG (lattice-best-path[5.5]:main():lattice-best-path.cc:99) For utterance BAC009S0905W0290, best cost 75.5081 + -228.171 = -152.662 over 378 frames.
LOG (lattice-best-path[5.5]:main():lattice-best-path.cc:99) For utterance BAC009S0905W0292, best cost 66.8769 + -199.499 = -132.622 over 346 frames.
LOG (lattice-best-path[5.5]:main():lattice-best-path.cc:99) For utterance BAC009S0905W0293, best cost 147.794 + -337.854 = -190.06 over 580 frames.
LOG (lattice-best-path[5.5]:main():lattice-best-path.cc:99) For utterance BAC009S0905W0294, best cost 115.105 + -347.148 = -232.043 over 604 frames.
LOG (lattice-best-path[5.5]:main():lattice-best-path.cc:99) For utterance BAC009S0905W0295, best cost 101.187 + -240.274 = -139.087 over 428 frames.
LOG (lattice-best-path[5.5]:main():lattice-best-path.cc:99) For utterance BAC009S0905W0296, best cost 69.5893 + -176.9 = -107.31 over 343 frames.
LOG (lattice-best-path[5.5]:main():lattice-best-path.cc:99) For utterance BAC009S0905W0297, best cost 137.242 + -354.63 = -217.388 over 578 frames.
LOG (lattice-best-path[5.5]:main():lattice-best-path.cc:99) For utterance BAC009S0905W0298, best cost 105.631 + -267.163 = -161.532 over 478 frames.
LOG (lattice-best-path[5.5]:main():lattice-best-path.cc:99) For utterance BAC009S0905W0299, best cost 86.064 + -208.565 = -122.501 over 382 frames.
LOG (lattice-best-path[5.5]:main():lattice-best-path.cc:99) For utterance BAC009S0905W0300, best cost 68.9306 + -193.299 = -124.368 over 362 frames.
LOG (lattice-best-path[5.5]:main():lattice-best-path.cc:99) For utterance BAC009S0905W0302, best cost 124.592 + -339.08 = -214.487 over 560 frames.
LOG (lattice-best-path[5.5]:main():lattice-best-path.cc:99) For utterance BAC009S0905W0303, best cost 170.615 + -484.043 = -313.428 over 771 frames.
LOG (lattice-best-path[5.5]:main():lattice-best-path.cc:99) For utterance BAC009S0905W0304, best cost 68.2449 + -237.06 = -168.815 over 388 frames.
LOG (lattice-best-path[5.5]:main():lattice-best-path.cc:99) For utterance BAC009S0905W0306, best cost 119.845 + -374.631 = -254.786 over 639 frames.
LOG (lattice-best-path[5.5]:main():lattice-best-path.cc:99) For utterance BAC009S0905W0307, best cost 49.7965 + -183.457 = -133.66 over 321 frames.
LOG (lattice-best-path[5.5]:main():lattice-best-path.cc:99) For utterance BAC009S0905W0308, best cost 113.288 + -305.132 = -191.844 over 517 frames.
LOG (lattice-best-path[5.5]:main():lattice-best-path.cc:99) For utterance BAC009S0905W0309, best cost 83.8825 + -260.848 = -176.965 over 439 frames.
LOG (lattice-best-path[5.5]:main():lattice-best-path.cc:99) For utterance BAC009S0905W0310, best cost 95.3807 + -217.205 = -121.824 over 363 frames.
LOG (lattice-best-path[5.5]:main():lattice-best-path.cc:99) For utterance BAC009S0905W0311, best cost 123.029 + -346.532 = -223.504 over 582 frames.
LOG (lattice-best-path[5.5]:main():lattice-best-path.cc:99) For utterance BAC009S0905W0312, best cost 70.8473 + -187.606 = -116.758 over 332 frames.
LOG (lattice-best-path[5.5]:main():lattice-best-path.cc:99) For utterance BAC009S0905W0313, best cost 79.3816 + -282.965 = -203.583 over 528 frames.
LOG (lattice-best-path[5.5]:main():lattice-best-path.cc:99) For utterance BAC009S0905W0314, best cost 158.282 + -426.677 = -268.395 over 689 frames.
LOG (lattice-best-path[5.5]:main():lattice-best-path.cc:99) For utterance BAC009S0905W0315, best cost 102.078 + -295.876 = -193.798 over 468 frames.
LOG (lattice-best-path[5.5]:main():lattice-best-path.cc:99) For utterance BAC009S0905W0316, best cost 52.0483 + -178.923 = -126.874 over 300 frames.
LOG (lattice-best-path[5.5]:main():lattice-best-path.cc:99) For utterance BAC009S0905W0317, best cost 59.7147 + -176.735 = -117.02 over 321 frames.
LOG (lattice-best-path[5.5]:main():lattice-best-path.cc:99) For utterance BAC009S0905W0318, best cost 81.491 + -206.498 = -125.007 over 361 frames.
LOG (lattice-best-path[5.5]:main():lattice-best-path.cc:99) For utterance BAC009S0905W0319, best cost 153.385 + -508.862 = -355.478 over 851 frames.
LOG (lattice-best-path[5.5]:main():lattice-best-path.cc:99) For utterance BAC009S0905W0320, best cost 92.3051 + -249.592 = -157.287 over 423 frames.
LOG (lattice-best-path[5.5]:main():lattice-best-path.cc:99) For utterance BAC009S0905W0321, best cost 119.058 + -362.569 = -243.511 over 581 frames.
LOG (lattice-best-path[5.5]:main():lattice-best-path.cc:99) For utterance BAC009S0905W0322, best cost 127.177 + -378.24 = -251.063 over 623 frames.
LOG (lattice-best-path[5.5]:main():lattice-best-path.cc:99) For utterance BAC009S0905W0323, best cost 67.5521 + -173.885 = -106.333 over 323 frames.
LOG (lattice-best-path[5.5]:main():lattice-best-path.cc:99) For utterance BAC009S0905W0324, best cost 96.1771 + -287.158 = -190.981 over 482 frames.
LOG (lattice-best-path[5.5]:main():lattice-best-path.cc:99) For utterance BAC009S0905W0325, best cost 77.668 + -215.964 = -138.296 over 378 frames.
LOG (lattice-best-path[5.5]:main():lattice-best-path.cc:99) For utterance BAC009S0905W0326, best cost 108.652 + -326.441 = -217.789 over 548 frames.
LOG (lattice-best-path[5.5]:main():lattice-best-path.cc:99) For utterance BAC009S0905W0327, best cost 120.886 + -367.35 = -246.464 over 583 frames.
LOG (lattice-best-path[5.5]:main():lattice-best-path.cc:99) For utterance BAC009S0905W0328, best cost 129.771 + -393.232 = -263.461 over 621 frames.
LOG (lattice-best-path[5.5]:main():lattice-best-path.cc:99) For utterance BAC009S0905W0329, best cost 102.411 + -305.756 = -203.345 over 522 frames.
LOG (lattice-best-path[5.5]:main():lattice-best-path.cc:99) For utterance BAC009S0905W0330, best cost 98.6077 + -254.215 = -155.607 over 430 frames.
LOG (lattice-best-path[5.5]:main():lattice-best-path.cc:99) For utterance BAC009S0905W0331, best cost 67.9763 + -178.949 = -110.972 over 327 frames.
LOG (lattice-best-path[5.5]:main():lattice-best-path.cc:99) For utterance BAC009S0905W0332, best cost 129.688 + -351.825 = -222.137 over 634 frames.
LOG (lattice-best-path[5.5]:main():lattice-best-path.cc:99) For utterance BAC009S0905W0333, best cost 120.317 + -311.277 = -190.959 over 535 frames.
LOG (lattice-best-path[5.5]:main():lattice-best-path.cc:99) For utterance BAC009S0905W0334, best cost 96.0354 + -280.756 = -184.72 over 524 frames.
LOG (lattice-best-path[5.5]:main():lattice-best-path.cc:99) For utterance BAC009S0905W0335, best cost 113.717 + -328.59 = -214.873 over 564 frames.
LOG (lattice-best-path[5.5]:main():lattice-best-path.cc:99) For utterance BAC009S0905W0336, best cost 114.626 + -431.891 = -317.265 over 811 frames.
LOG (lattice-best-path[5.5]:main():lattice-best-path.cc:99) For utterance BAC009S0905W0337, best cost 96.7506 + -283.485 = -186.735 over 456 frames.
LOG (lattice-best-path[5.5]:main():lattice-best-path.cc:99) For utterance BAC009S0905W0338, best cost 73.9192 + -349.521 = -275.602 over 604 frames.
LOG (lattice-best-path[5.5]:main():lattice-best-path.cc:99) For utterance BAC009S0905W0339, best cost 78.5296 + -312.23 = -233.701 over 553 frames.
LOG (lattice-best-path[5.5]:main():lattice-best-path.cc:99) For utterance BAC009S0905W0340, best cost 103.705 + -329.246 = -225.541 over 562 frames.
LOG (lattice-best-path[5.5]:main():lattice-best-path.cc:99) For utterance BAC009S0905W0341, best cost 72.4563 + -415.346 = -342.89 over 721 frames.
LOG (lattice-best-path[5.5]:main():lattice-best-path.cc:99) For utterance BAC009S0905W0342, best cost 64.877 + -218.605 = -153.728 over 377 frames.
LOG (lattice-best-path[5.5]:main():lattice-best-path.cc:99) For utterance BAC009S0905W0343, best cost 85.7849 + -247.472 = -161.687 over 428 frames.
LOG (lattice-best-path[5.5]:main():lattice-best-path.cc:99) For utterance BAC009S0905W0344, best cost 114.983 + -307.045 = -192.062 over 504 frames.
LOG (lattice-best-path[5.5]:main():lattice-best-path.cc:99) For utterance BAC009S0905W0345, best cost 82.2126 + -272.23 = -190.018 over 457 frames.
LOG (lattice-best-path[5.5]:main():lattice-best-path.cc:99) For utterance BAC009S0905W0346, best cost 113.482 + -308.224 = -194.742 over 510 frames.
LOG (lattice-best-path[5.5]:main():lattice-best-path.cc:99) For utterance BAC009S0905W0347, best cost 150.522 + -467.75 = -317.228 over 782 frames.
LOG (lattice-best-path[5.5]:main():lattice-best-path.cc:99) For utterance BAC009S0905W0348, best cost 55.5433 + -144.794 = -89.2503 over 273 frames.
LOG (lattice-best-path[5.5]:main():lattice-best-path.cc:99) For utterance BAC009S0905W0349, best cost 153.352 + -424.508 = -271.155 over 713 frames.
LOG (lattice-best-path[5.5]:main():lattice-best-path.cc:99) For utterance BAC009S0905W0350, best cost 80.2621 + -228.363 = -148.101 over 399 frames.
LOG (lattice-best-path[5.5]:main():lattice-best-path.cc:99) For utterance BAC009S0905W0351, best cost 67.106 + -186.432 = -119.326 over 342 frames.
LOG (lattice-best-path[5.5]:main():lattice-best-path.cc:99) For utterance BAC009S0905W0352, best cost 70.1015 + -196.487 = -126.386 over 344 frames.
LOG (lattice-best-path[5.5]:main():lattice-best-path.cc:99) For utterance BAC009S0905W0353, best cost 98.8878 + -258.128 = -159.24 over 424 frames.
LOG (lattice-best-path[5.5]:main():lattice-best-path.cc:99) For utterance BAC009S0905W0354, best cost 121.187 + -283.258 = -162.07 over 502 frames.
LOG (lattice-best-path[5.5]:main():lattice-best-path.cc:99) For utterance BAC009S0905W0355, best cost 121.762 + -401.257 = -279.495 over 690 frames.
LOG (lattice-best-path[5.5]:main():lattice-best-path.cc:99) For utterance BAC009S0905W0356, best cost 95.6461 + -233.35 = -137.704 over 407 frames.
LOG (lattice-best-path[5.5]:main():lattice-best-path.cc:99) For utterance BAC009S0905W0357, best cost 126.319 + -373.847 = -247.528 over 605 frames.
LOG (lattice-best-path[5.5]:main():lattice-best-path.cc:99) For utterance BAC009S0905W0358, best cost 67.2016 + -191.717 = -124.516 over 350 frames.
LOG (lattice-best-path[5.5]:main():lattice-best-path.cc:99) For utterance BAC009S0905W0359, best cost 131.028 + -319.584 = -188.556 over 542 frames.
LOG (lattice-best-path[5.5]:main():lattice-best-path.cc:99) For utterance BAC009S0905W0360, best cost 95.626 + -265.667 = -170.041 over 446 frames.
LOG (lattice-best-path[5.5]:main():lattice-best-path.cc:99) For utterance BAC009S0905W0361, best cost 58.9588 + -191.55 = -132.591 over 340 frames.
LOG (lattice-best-path[5.5]:main():lattice-best-path.cc:99) For utterance BAC009S0905W0362, best cost 68.499 + -188.434 = -119.935 over 323 frames.
LOG (lattice-best-path[5.5]:main():lattice-best-path.cc:99) For utterance BAC009S0905W0363, best cost 55.8231 + -150.713 = -94.8898 over 296 frames.
LOG (lattice-best-path[5.5]:main():lattice-best-path.cc:99) For utterance BAC009S0905W0364, best cost 88.1608 + -239.673 = -151.512 over 418 frames.
LOG (lattice-best-path[5.5]:main():lattice-best-path.cc:99) For utterance BAC009S0905W0365, best cost 129.868 + -306.618 = -176.75 over 523 frames.
LOG (lattice-best-path[5.5]:main():lattice-best-path.cc:99) For utterance BAC009S0905W0366, best cost 122.271 + -300.869 = -178.597 over 498 frames.
LOG (lattice-best-path[5.5]:main():lattice-best-path.cc:99) For utterance BAC009S0905W0367, best cost 68.9633 + -166.406 = -97.4425 over 320 frames.
LOG (lattice-best-path[5.5]:main():lattice-best-path.cc:99) For utterance BAC009S0905W0368, best cost 64.9822 + -187.246 = -122.264 over 344 frames.
LOG (lattice-best-path[5.5]:main():lattice-best-path.cc:99) For utterance BAC009S0905W0369, best cost 46.4521 + -184.558 = -138.106 over 322 frames.
LOG (lattice-best-path[5.5]:main():lattice-best-path.cc:99) For utterance BAC009S0905W0370, best cost 33.7438 + -154.164 = -120.42 over 279 frames.
LOG (lattice-best-path[5.5]:main():lattice-best-path.cc:99) For utterance BAC009S0905W0371, best cost 77.4674 + -337.203 = -259.736 over 558 frames.
LOG (lattice-best-path[5.5]:main():lattice-best-path.cc:99) For utterance BAC009S0905W0372, best cost 109.095 + -399.334 = -290.239 over 664 frames.
LOG (lattice-best-path[5.5]:main():lattice-best-path.cc:99) For utterance BAC009S0905W0373, best cost 79.2679 + -427.435 = -348.167 over 685 frames.
LOG (lattice-best-path[5.5]:main():lattice-best-path.cc:99) For utterance BAC009S0905W0374, best cost 93.7786 + -309.895 = -216.117 over 535 frames.
LOG (lattice-best-path[5.5]:main():lattice-best-path.cc:99) For utterance BAC009S0905W0375, best cost 153.162 + -475.819 = -322.658 over 835 frames.
LOG (lattice-best-path[5.5]:main():lattice-best-path.cc:99) For utterance BAC009S0905W0376, best cost 77.7359 + -234.131 = -156.395 over 400 frames.
LOG (lattice-best-path[5.5]:main():lattice-best-path.cc:99) For utterance BAC009S0905W0377, best cost 124.791 + -347.387 = -222.596 over 566 frames.
LOG (lattice-best-path[5.5]:main():lattice-best-path.cc:99) For utterance BAC009S0905W0378, best cost 55.6723 + -165.245 = -109.573 over 290 frames.
LOG (lattice-best-path[5.5]:main():lattice-best-path.cc:99) For utterance BAC009S0905W0379, best cost 115.415 + -367.545 = -252.13 over 626 frames.
LOG (lattice-best-path[5.5]:main():lattice-best-path.cc:99) For utterance BAC009S0905W0380, best cost 143.538 + -344.746 = -201.208 over 628 frames.
LOG (lattice-best-path[5.5]:main():lattice-best-path.cc:99) For utterance BAC009S0905W0381, best cost 69.2867 + -218.982 = -149.695 over 380 frames.
LOG (lattice-best-path[5.5]:main():lattice-best-path.cc:99) For utterance BAC009S0905W0382, best cost 101.063 + -314.005 = -212.941 over 512 frames.
LOG (lattice-best-path[5.5]:main():lattice-best-path.cc:99) For utterance BAC009S0905W0383, best cost 84.717 + -206.927 = -122.21 over 356 frames.
LOG (lattice-best-path[5.5]:main():lattice-best-path.cc:99) For utterance BAC009S0905W0384, best cost 85.1011 + -258.487 = -173.386 over 422 frames.
LOG (lattice-best-path[5.5]:main():lattice-best-path.cc:99) For utterance BAC009S0905W0385, best cost 61.0499 + -200.508 = -139.458 over 342 frames.
LOG (lattice-best-path[5.5]:main():lattice-best-path.cc:99) For utterance BAC009S0905W0386, best cost 70.0694 + -202.381 = -132.312 over 344 frames.
LOG (lattice-best-path[5.5]:main():lattice-best-path.cc:99) For utterance BAC009S0905W0387, best cost 72.9334 + -224.604 = -151.67 over 429 frames.
LOG (lattice-best-path[5.5]:main():lattice-best-path.cc:99) For utterance BAC009S0905W0388, best cost 120.609 + -359.233 = -238.623 over 590 frames.
LOG (lattice-best-path[5.5]:main():lattice-best-path.cc:99) For utterance BAC009S0905W0389, best cost 91.2625 + -222.865 = -131.603 over 371 frames.
LOG (lattice-best-path[5.5]:main():lattice-best-path.cc:99) For utterance BAC009S0905W0390, best cost 55.6777 + -158.27 = -102.593 over 294 frames.
LOG (lattice-best-path[5.5]:main():lattice-best-path.cc:99) For utterance BAC009S0905W0391, best cost 60.3731 + -185.115 = -124.742 over 318 frames.
LOG (lattice-best-path[5.5]:main():lattice-best-path.cc:99) For utterance BAC009S0905W0392, best cost 57.349 + -157.671 = -100.322 over 282 frames.
LOG (lattice-best-path[5.5]:main():lattice-best-path.cc:99) For utterance BAC009S0905W0393, best cost 86.4735 + -255.642 = -169.168 over 428 frames.
LOG (lattice-best-path[5.5]:main():lattice-best-path.cc:99) For utterance BAC009S0905W0394, best cost 132.896 + -340.429 = -207.534 over 538 frames.
LOG (lattice-best-path[5.5]:main():lattice-best-path.cc:99) For utterance BAC009S0905W0395, best cost 107.47 + -317.122 = -209.652 over 536 frames.
LOG (lattice-best-path[5.5]:main():lattice-best-path.cc:99) For utterance BAC009S0905W0396, best cost 124.938 + -323.894 = -198.955 over 513 frames.
LOG (lattice-best-path[5.5]:main():lattice-best-path.cc:99) For utterance BAC009S0905W0397, best cost 68.9833 + -257.654 = -188.67 over 475 frames.
LOG (lattice-best-path[5.5]:main():lattice-best-path.cc:99) For utterance BAC009S0905W0398, best cost 110.848 + -385.501 = -274.654 over 624 frames.
LOG (lattice-best-path[5.5]:main():lattice-best-path.cc:99) For utterance BAC009S0905W0399, best cost 27.353 + -150.836 = -123.483 over 275 frames.
LOG (lattice-best-path[5.5]:main():lattice-best-path.cc:99) For utterance BAC009S0905W0400, best cost 76.8871 + -215.523 = -138.636 over 363 frames.
LOG (lattice-best-path[5.5]:main():lattice-best-path.cc:99) For utterance BAC009S0905W0401, best cost 136.725 + -446.703 = -309.978 over 817 frames.
LOG (lattice-best-path[5.5]:main():lattice-best-path.cc:99) For utterance BAC009S0905W0402, best cost 93.7838 + -223.938 = -130.154 over 452 frames.
LOG (lattice-best-path[5.5]:main():lattice-best-path.cc:99) For utterance BAC009S0905W0403, best cost 120.822 + -340.886 = -220.064 over 620 frames.
LOG (lattice-best-path[5.5]:main():lattice-best-path.cc:99) For utterance BAC009S0905W0404, best cost 88.7677 + -235.247 = -146.48 over 437 frames.
LOG (lattice-best-path[5.5]:main():lattice-best-path.cc:99) For utterance BAC009S0905W0405, best cost 73.5267 + -248.251 = -174.724 over 432 frames.
LOG (lattice-best-path[5.5]:main():lattice-best-path.cc:99) For utterance BAC009S0905W0406, best cost 42.4063 + -176.291 = -133.884 over 316 frames.
LOG (lattice-best-path[5.5]:main():lattice-best-path.cc:99) For utterance BAC009S0905W0407, best cost 157.97 + -413.265 = -255.296 over 766 frames.
LOG (lattice-best-path[5.5]:main():lattice-best-path.cc:99) For utterance BAC009S0905W0408, best cost 121.377 + -319.071 = -197.694 over 597 frames.
LOG (lattice-best-path[5.5]:main():lattice-best-path.cc:99) For utterance BAC009S0905W0410, best cost 91.0588 + -273.966 = -182.907 over 484 frames.
LOG (lattice-best-path[5.5]:main():lattice-best-path.cc:99) For utterance BAC009S0905W0411, best cost 63.8224 + -169.205 = -105.383 over 307 frames.
LOG (lattice-best-path[5.5]:main():lattice-best-path.cc:99) For utterance BAC009S0905W0412, best cost 57.2395 + -287.806 = -230.566 over 505 frames.
LOG (lattice-best-path[5.5]:main():lattice-best-path.cc:99) For utterance BAC009S0905W0413, best cost 25.9206 + -152.702 = -126.781 over 268 frames.
LOG (lattice-best-path[5.5]:main():lattice-best-path.cc:99) For utterance BAC009S0905W0417, best cost 102.443 + -285.46 = -183.017 over 469 frames.
LOG (lattice-best-path[5.5]:main():lattice-best-path.cc:99) For utterance BAC009S0905W0418, best cost 75.0829 + -215.088 = -140.006 over 390 frames.
LOG (lattice-best-path[5.5]:main():lattice-best-path.cc:99) For utterance BAC009S0905W0419, best cost 132.321 + -363.409 = -231.088 over 601 frames.
LOG (lattice-best-path[5.5]:main():lattice-best-path.cc:99) For utterance BAC009S0905W0420, best cost 135.644 + -412.273 = -276.63 over 710 frames.
LOG (lattice-best-path[5.5]:main():lattice-best-path.cc:99) For utterance BAC009S0905W0421, best cost 119.726 + -288.113 = -168.387 over 529 frames.
LOG (lattice-best-path[5.5]:main():lattice-best-path.cc:99) For utterance BAC009S0905W0422, best cost 58.4108 + -144.936 = -86.5248 over 304 frames.
LOG (lattice-best-path[5.5]:main():lattice-best-path.cc:99) For utterance BAC009S0905W0423, best cost 53.8426 + -346.731 = -292.888 over 557 frames.
LOG (lattice-best-path[5.5]:main():lattice-best-path.cc:99) For utterance BAC009S0905W0424, best cost 26.0347 + -164.363 = -138.328 over 280 frames.
LOG (lattice-best-path[5.5]:main():lattice-best-path.cc:99) For utterance BAC009S0905W0425, best cost 100.77 + -302.693 = -201.922 over 604 frames.
LOG (lattice-best-path[5.5]:main():lattice-best-path.cc:99) For utterance BAC009S0905W0426, best cost 98.7458 + -266.614 = -167.868 over 467 frames.
LOG (lattice-best-path[5.5]:main():lattice-best-path.cc:99) For utterance BAC009S0905W0427, best cost 176.493 + -490.91 = -314.417 over 833 frames.
LOG (lattice-best-path[5.5]:main():lattice-best-path.cc:99) For utterance BAC009S0905W0428, best cost 102.933 + -287.794 = -184.86 over 568 frames.
LOG (lattice-best-path[5.5]:main():lattice-best-path.cc:99) For utterance BAC009S0905W0429, best cost 89.6263 + -235.735 = -146.109 over 418 frames.
LOG (lattice-best-path[5.5]:main():lattice-best-path.cc:99) For utterance BAC009S0905W0430, best cost 92.5459 + -246.259 = -153.713 over 434 frames.
LOG (lattice-best-path[5.5]:main():lattice-best-path.cc:99) For utterance BAC009S0905W0431, best cost 90.8618 + -297.756 = -206.894 over 521 frames.
LOG (lattice-best-path[5.5]:main():lattice-best-path.cc:99) For utterance BAC009S0905W0432, best cost 87.2426 + -262.104 = -174.862 over 444 frames.
LOG (lattice-best-path[5.5]:main():lattice-best-path.cc:99) For utterance BAC009S0905W0433, best cost 77.6579 + -256.139 = -178.481 over 433 frames.
LOG (lattice-best-path[5.5]:main():lattice-best-path.cc:99) For utterance BAC009S0905W0434, best cost 71.1754 + -204.009 = -132.834 over 376 frames.
LOG (lattice-best-path[5.5]:main():lattice-best-path.cc:99) For utterance BAC009S0905W0435, best cost 65.5213 + -197.088 = -131.566 over 400 frames.
LOG (lattice-best-path[5.5]:main():lattice-best-path.cc:99) For utterance BAC009S0905W0436, best cost 63.6725 + -189.971 = -126.299 over 340 frames.
LOG (lattice-best-path[5.5]:main():lattice-best-path.cc:99) For utterance BAC009S0905W0437, best cost 192.929 + -492.087 = -299.159 over 925 frames.
LOG (lattice-best-path[5.5]:main():lattice-best-path.cc:99) For utterance BAC009S0905W0438, best cost 175.718 + -445.225 = -269.508 over 768 frames.
LOG (lattice-best-path[5.5]:main():lattice-best-path.cc:99) For utterance BAC009S0905W0439, best cost 171.536 + -437.729 = -266.194 over 863 frames.
LOG (lattice-best-path[5.5]:main():lattice-best-path.cc:99) For utterance BAC009S0905W0440, best cost 75.5778 + -206.64 = -131.062 over 405 frames.
LOG (lattice-best-path[5.5]:main():lattice-best-path.cc:99) For utterance BAC009S0905W0441, best cost 111.077 + -302.444 = -191.367 over 546 frames.
LOG (lattice-best-path[5.5]:main():lattice-best-path.cc:99) For utterance BAC009S0905W0442, best cost 61.7391 + -166.762 = -105.022 over 298 frames.
LOG (lattice-best-path[5.5]:main():lattice-best-path.cc:99) For utterance BAC009S0905W0443, best cost 145.449 + -330.159 = -184.71 over 559 frames.
LOG (lattice-best-path[5.5]:main():lattice-best-path.cc:99) For utterance BAC009S0905W0444, best cost 166.515 + -409.189 = -242.673 over 696 frames.
LOG (lattice-best-path[5.5]:main():lattice-best-path.cc:99) For utterance BAC009S0905W0445, best cost 173.464 + -428.698 = -255.234 over 765 frames.
LOG (lattice-best-path[5.5]:main():lattice-best-path.cc:99) For utterance BAC009S0905W0446, best cost 169.93 + -445.988 = -276.058 over 757 frames.
LOG (lattice-best-path[5.5]:main():lattice-best-path.cc:99) For utterance BAC009S0905W0447, best cost 170.177 + -439.296 = -269.119 over 749 frames.
LOG (lattice-best-path[5.5]:main():lattice-best-path.cc:99) For utterance BAC009S0905W0448, best cost 118.871 + -320.359 = -201.488 over 554 frames.
LOG (lattice-best-path[5.5]:main():lattice-best-path.cc:99) For utterance BAC009S0905W0449, best cost 62.3069 + -202.427 = -140.12 over 373 frames.
LOG (lattice-best-path[5.5]:main():lattice-best-path.cc:99) For utterance BAC009S0905W0450, best cost 128.839 + -402.489 = -273.65 over 710 frames.
LOG (lattice-best-path[5.5]:main():lattice-best-path.cc:99) For utterance BAC009S0905W0451, best cost 182.946 + -513.325 = -330.379 over 934 frames.
LOG (lattice-best-path[5.5]:main():lattice-best-path.cc:99) For utterance BAC009S0905W0452, best cost 134.267 + -334.468 = -200.201 over 585 frames.
LOG (lattice-best-path[5.5]:main():lattice-best-path.cc:99) For utterance BAC009S0905W0453, best cost 158.762 + -426.974 = -268.212 over 820 frames.
LOG (lattice-best-path[5.5]:main():lattice-best-path.cc:99) For utterance BAC009S0905W0454, best cost 166.059 + -458.321 = -292.261 over 828 frames.
LOG (lattice-best-path[5.5]:main():lattice-best-path.cc:99) For utterance BAC009S0905W0455, best cost 96.0331 + -294.384 = -198.351 over 514 frames.
LOG (lattice-best-path[5.5]:main():lattice-best-path.cc:99) For utterance BAC009S0905W0456, best cost 104.85 + -341.688 = -236.837 over 615 frames.
LOG (lattice-best-path[5.5]:main():lattice-best-path.cc:99) For utterance BAC009S0905W0457, best cost 164.447 + -482.177 = -317.731 over 828 frames.
LOG (lattice-best-path[5.5]:main():lattice-best-path.cc:99) For utterance BAC009S0905W0458, best cost 169.477 + -529.699 = -360.222 over 1029 frames.
LOG (lattice-best-path[5.5]:main():lattice-best-path.cc:99) For utterance BAC009S0905W0459, best cost 98.0115 + -301.958 = -203.947 over 526 frames.
LOG (lattice-best-path[5.5]:main():lattice-best-path.cc:99) For utterance BAC009S0905W0460, best cost 51.0748 + -167.045 = -115.971 over 317 frames.
LOG (lattice-best-path[5.5]:main():lattice-best-path.cc:99) For utterance BAC009S0905W0461, best cost 129.787 + -371.702 = -241.915 over 722 frames.
LOG (lattice-best-path[5.5]:main():lattice-best-path.cc:99) For utterance BAC009S0905W0462, best cost 116.767 + -335.395 = -218.628 over 604 frames.
LOG (lattice-best-path[5.5]:main():lattice-best-path.cc:99) For utterance BAC009S0905W0463, best cost 61.0577 + -194.42 = -133.362 over 340 frames.
LOG (lattice-best-path[5.5]:main():lattice-best-path.cc:99) For utterance BAC009S0905W0464, best cost 94.7431 + -252.596 = -157.853 over 462 frames.
LOG (lattice-best-path[5.5]:main():lattice-best-path.cc:99) For utterance BAC009S0905W0465, best cost 76.729 + -186.796 = -110.067 over 357 frames.
LOG (lattice-best-path[5.5]:main():lattice-best-path.cc:99) For utterance BAC009S0905W0466, best cost 160.419 + -424.723 = -264.304 over 773 frames.
LOG (lattice-best-path[5.5]:main():lattice-best-path.cc:99) For utterance BAC009S0905W0467, best cost 137.93 + -356.681 = -218.751 over 666 frames.
LOG (lattice-best-path[5.5]:main():lattice-best-path.cc:99) For utterance BAC009S0905W0468, best cost 150.858 + -381.773 = -230.916 over 627 frames.
LOG (lattice-best-path[5.5]:main():lattice-best-path.cc:99) For utterance BAC009S0905W0469, best cost 94.1763 + -218.573 = -124.397 over 401 frames.
LOG (lattice-best-path[5.5]:main():lattice-best-path.cc:99) For utterance BAC009S0905W0470, best cost 87.9814 + -263.494 = -175.513 over 451 frames.
LOG (lattice-best-path[5.5]:main():lattice-best-path.cc:99) For utterance BAC009S0905W0471, best cost 97.3117 + -338.398 = -241.087 over 571 frames.
LOG (lattice-best-path[5.5]:main():lattice-best-path.cc:99) For utterance BAC009S0905W0472, best cost 137.088 + -445.049 = -307.961 over 776 frames.
LOG (lattice-best-path[5.5]:main():lattice-best-path.cc:99) For utterance BAC009S0905W0475, best cost 78.4267 + -270.352 = -191.925 over 462 frames.
LOG (lattice-best-path[5.5]:main():lattice-best-path.cc:99) For utterance BAC009S0905W0477, best cost 122.539 + -467.902 = -345.363 over 808 frames.
LOG (lattice-best-path[5.5]:main():lattice-best-path.cc:99) For utterance BAC009S0905W0478, best cost 53.4361 + -213.239 = -159.803 over 412 frames.
LOG (lattice-best-path[5.5]:main():lattice-best-path.cc:99) For utterance BAC009S0905W0479, best cost 100.17 + -384.713 = -284.543 over 665 frames.
LOG (lattice-best-path[5.5]:main():lattice-best-path.cc:99) For utterance BAC009S0905W0480, best cost 141.919 + -437.141 = -295.222 over 769 frames.
LOG (lattice-best-path[5.5]:main():lattice-best-path.cc:99) For utterance BAC009S0905W0481, best cost 175.622 + -429.112 = -253.49 over 740 frames.
LOG (lattice-best-path[5.5]:main():lattice-best-path.cc:99) For utterance BAC009S0905W0482, best cost 98.9339 + -287.793 = -188.859 over 516 frames.
LOG (lattice-best-path[5.5]:main():lattice-best-path.cc:99) For utterance BAC009S0905W0483, best cost 133.634 + -378.134 = -244.5 over 678 frames.
LOG (lattice-best-path[5.5]:main():lattice-best-path.cc:99) For utterance BAC009S0905W0484, best cost 150.953 + -432.715 = -281.761 over 768 frames.
LOG (lattice-best-path[5.5]:main():lattice-best-path.cc:99) For utterance BAC009S0905W0485, best cost 114.862 + -410.085 = -295.223 over 730 frames.
LOG (lattice-best-path[5.5]:main():lattice-best-path.cc:99) For utterance BAC009S0905W0486, best cost 90.4308 + -266.417 = -175.986 over 476 frames.
LOG (lattice-best-path[5.5]:main():lattice-best-path.cc:99) For utterance BAC009S0905W0487, best cost 83.2836 + -255.198 = -171.914 over 469 frames.
LOG (lattice-best-path[5.5]:main():lattice-best-path.cc:99) For utterance BAC009S0905W0488, best cost 98.7816 + -259.216 = -160.434 over 467 frames.
LOG (lattice-best-path[5.5]:main():lattice-best-path.cc:99) For utterance BAC009S0905W0489, best cost 141.968 + -462.326 = -320.359 over 824 frames.
LOG (lattice-best-path[5.5]:main():lattice-best-path.cc:99) For utterance BAC009S0905W0490, best cost 144.115 + -421.577 = -277.462 over 695 frames.
LOG (lattice-best-path[5.5]:main():lattice-best-path.cc:99) For utterance BAC009S0905W0491, best cost 46.4933 + -203.334 = -156.841 over 364 frames.
LOG (lattice-best-path[5.5]:main():lattice-best-path.cc:99) For utterance BAC009S0905W0492, best cost 91.7091 + -284.464 = -192.755 over 464 frames.
LOG (lattice-best-path[5.5]:main():lattice-best-path.cc:99) For utterance BAC009S0905W0493, best cost 99.5972 + -250.566 = -150.969 over 415 frames.
LOG (lattice-depth-per-frame[5.5]:main():lattice-depth-per-frame.cc:82) Done 360 lattices.
LOG (lattice-best-path[5.5]:main():lattice-best-path.cc:99) For utterance BAC009S0905W0494, best cost 68.7524 + -171.382 = -102.629 over 327 frames.
LOG (lattice-best-path[5.5]:main():lattice-best-path.cc:99) For utterance BAC009S0905W0495, best cost 143.488 + -492.374 = -348.886 over 825 frames.
LOG (lattice-best-path[5.5]:main():lattice-best-path.cc:124) Overall cost per frame is -0.390267 = 0.187757 [graph] + -0.578024 [acoustic] over 189038 frames.
LOG (lattice-best-path[5.5]:main():lattice-best-path.cc:128) Done 360 lattices, failed for 0
# Accounting: time=3 threads=1
# Ended (code 0) at Sat Jun 18 23:01:55 CST 2022, elapsed time 3 seconds
