# lattice-depth-per-frame "ark:gunzip -c exp/nnet3/new_dnn_sp/decode_test/lat.5.gz|" "ark,t:|gzip -c > exp/nnet3/new_dnn_sp/decode_test/depth_tmp.5.gz" ark:- | lattice-best-path --acoustic-scale=0.1 ark:- ark:/dev/null "ark,t:|gzip -c >exp/nnet3/new_dnn_sp/decode_test/ali_tmp.5.gz" 
# Started at Sat Jun 18 23:01:50 CST 2022
#
lattice-depth-per-frame 'ark:gunzip -c exp/nnet3/new_dnn_sp/decode_test/lat.5.gz|' 'ark,t:|gzip -c > exp/nnet3/new_dnn_sp/decode_test/depth_tmp.5.gz' ark:- 
lattice-best-path --acoustic-scale=0.1 ark:- ark:/dev/null 'ark,t:|gzip -c >exp/nnet3/new_dnn_sp/decode_test/ali_tmp.5.gz' 
LOG (lattice-best-path[5.5]:main():lattice-best-path.cc:99) For utterance BAC009S0768W0121, best cost 112.483 + -366.028 = -253.545 over 692 frames.
LOG (lattice-best-path[5.5]:main():lattice-best-path.cc:99) For utterance BAC009S0768W0122, best cost 75.338 + -188.634 = -113.296 over 390 frames.
LOG (lattice-best-path[5.5]:main():lattice-best-path.cc:99) For utterance BAC009S0768W0123, best cost 80.0437 + -287.859 = -207.815 over 513 frames.
LOG (lattice-best-path[5.5]:main():lattice-best-path.cc:99) For utterance BAC009S0768W0124, best cost 108.775 + -322.72 = -213.945 over 600 frames.
LOG (lattice-best-path[5.5]:main():lattice-best-path.cc:99) For utterance BAC009S0768W0125, best cost 77.4045 + -224.772 = -147.367 over 430 frames.
LOG (lattice-best-path[5.5]:main():lattice-best-path.cc:99) For utterance BAC009S0768W0126, best cost 80.5451 + -256.877 = -176.332 over 538 frames.
LOG (lattice-best-path[5.5]:main():lattice-best-path.cc:99) For utterance BAC009S0768W0127, best cost 90.853 + -299.297 = -208.444 over 553 frames.
LOG (lattice-best-path[5.5]:main():lattice-best-path.cc:99) For utterance BAC009S0768W0128, best cost 124.263 + -336.102 = -211.839 over 601 frames.
LOG (lattice-best-path[5.5]:main():lattice-best-path.cc:99) For utterance BAC009S0768W0129, best cost 51.0115 + -199.618 = -148.606 over 392 frames.
LOG (lattice-best-path[5.5]:main():lattice-best-path.cc:99) For utterance BAC009S0768W0130, best cost 80.2659 + -251.349 = -171.083 over 461 frames.
LOG (lattice-best-path[5.5]:main():lattice-best-path.cc:99) For utterance BAC009S0768W0131, best cost 79.5581 + -284.152 = -204.594 over 527 frames.
LOG (lattice-best-path[5.5]:main():lattice-best-path.cc:99) For utterance BAC009S0768W0132, best cost 75.3202 + -206.09 = -130.769 over 379 frames.
LOG (lattice-best-path[5.5]:main():lattice-best-path.cc:99) For utterance BAC009S0768W0133, best cost 31.2475 + -185.645 = -154.398 over 397 frames.
LOG (lattice-best-path[5.5]:main():lattice-best-path.cc:99) For utterance BAC009S0768W0134, best cost 67.6186 + -350.802 = -283.183 over 613 frames.
LOG (lattice-best-path[5.5]:main():lattice-best-path.cc:99) For utterance BAC009S0768W0135, best cost 80.4688 + -250.664 = -170.195 over 455 frames.
LOG (lattice-best-path[5.5]:main():lattice-best-path.cc:99) For utterance BAC009S0768W0136, best cost 117.314 + -483.174 = -365.861 over 812 frames.
LOG (lattice-best-path[5.5]:main():lattice-best-path.cc:99) For utterance BAC009S0768W0137, best cost 52.0045 + -284.059 = -232.055 over 511 frames.
LOG (lattice-best-path[5.5]:main():lattice-best-path.cc:99) For utterance BAC009S0768W0138, best cost 70.2567 + -255.025 = -184.768 over 490 frames.
LOG (lattice-best-path[5.5]:main():lattice-best-path.cc:99) For utterance BAC009S0768W0139, best cost 64.808 + -254.133 = -189.325 over 461 frames.
LOG (lattice-best-path[5.5]:main():lattice-best-path.cc:99) For utterance BAC009S0768W0140, best cost 86.9662 + -292.787 = -205.821 over 536 frames.
LOG (lattice-best-path[5.5]:main():lattice-best-path.cc:99) For utterance BAC009S0768W0141, best cost 33.2518 + -163.478 = -130.227 over 346 frames.
LOG (lattice-best-path[5.5]:main():lattice-best-path.cc:99) For utterance BAC009S0768W0142, best cost 68.8954 + -240.902 = -172.007 over 471 frames.
LOG (lattice-best-path[5.5]:main():lattice-best-path.cc:99) For utterance BAC009S0768W0143, best cost 49.9108 + -266.463 = -216.553 over 491 frames.
LOG (lattice-best-path[5.5]:main():lattice-best-path.cc:99) For utterance BAC009S0768W0144, best cost 40.1467 + -219.259 = -179.112 over 418 frames.
LOG (lattice-best-path[5.5]:main():lattice-best-path.cc:99) For utterance BAC009S0768W0145, best cost 123.406 + -359.886 = -236.48 over 620 frames.
LOG (lattice-best-path[5.5]:main():lattice-best-path.cc:99) For utterance BAC009S0768W0146, best cost 124.404 + -432.687 = -308.283 over 782 frames.
LOG (lattice-best-path[5.5]:main():lattice-best-path.cc:99) For utterance BAC009S0768W0147, best cost 48.5919 + -213.862 = -165.27 over 437 frames.
LOG (lattice-best-path[5.5]:main():lattice-best-path.cc:99) For utterance BAC009S0768W0148, best cost 83.7277 + -262.843 = -179.116 over 474 frames.
LOG (lattice-best-path[5.5]:main():lattice-best-path.cc:99) For utterance BAC009S0768W0149, best cost 131.756 + -369.465 = -237.708 over 666 frames.
LOG (lattice-best-path[5.5]:main():lattice-best-path.cc:99) For utterance BAC009S0768W0150, best cost 98.3107 + -365.027 = -266.716 over 642 frames.
LOG (lattice-best-path[5.5]:main():lattice-best-path.cc:99) For utterance BAC009S0768W0151, best cost 68.043 + -221.308 = -153.265 over 463 frames.
LOG (lattice-best-path[5.5]:main():lattice-best-path.cc:99) For utterance BAC009S0768W0152, best cost 173.708 + -441.682 = -267.974 over 802 frames.
LOG (lattice-best-path[5.5]:main():lattice-best-path.cc:99) For utterance BAC009S0768W0153, best cost 97.5339 + -319.947 = -222.413 over 606 frames.
LOG (lattice-best-path[5.5]:main():lattice-best-path.cc:99) For utterance BAC009S0768W0154, best cost 102.493 + -276.47 = -173.977 over 533 frames.
LOG (lattice-best-path[5.5]:main():lattice-best-path.cc:99) For utterance BAC009S0768W0155, best cost 60.3573 + -255.759 = -195.401 over 468 frames.
LOG (lattice-best-path[5.5]:main():lattice-best-path.cc:99) For utterance BAC009S0768W0156, best cost 77.3951 + -216.16 = -138.765 over 418 frames.
LOG (lattice-best-path[5.5]:main():lattice-best-path.cc:99) For utterance BAC009S0768W0157, best cost 113.483 + -347.467 = -233.983 over 608 frames.
LOG (lattice-best-path[5.5]:main():lattice-best-path.cc:99) For utterance BAC009S0768W0158, best cost 93.3433 + -311.909 = -218.566 over 550 frames.
LOG (lattice-best-path[5.5]:main():lattice-best-path.cc:99) For utterance BAC009S0768W0159, best cost 94.1934 + -317.587 = -223.394 over 596 frames.
LOG (lattice-best-path[5.5]:main():lattice-best-path.cc:99) For utterance BAC009S0768W0160, best cost 77.0295 + -292.352 = -215.323 over 530 frames.
LOG (lattice-best-path[5.5]:main():lattice-best-path.cc:99) For utterance BAC009S0768W0161, best cost 58.9105 + -273.567 = -214.657 over 458 frames.
LOG (lattice-best-path[5.5]:main():lattice-best-path.cc:99) For utterance BAC009S0768W0162, best cost 85.6207 + -259.703 = -174.082 over 450 frames.
LOG (lattice-best-path[5.5]:main():lattice-best-path.cc:99) For utterance BAC009S0768W0163, best cost 73.2698 + -234.566 = -161.296 over 467 frames.
LOG (lattice-best-path[5.5]:main():lattice-best-path.cc:99) For utterance BAC009S0768W0164, best cost 112.299 + -339.669 = -227.37 over 632 frames.
LOG (lattice-best-path[5.5]:main():lattice-best-path.cc:99) For utterance BAC009S0768W0165, best cost 74.6963 + -356.771 = -282.075 over 639 frames.
LOG (lattice-best-path[5.5]:main():lattice-best-path.cc:99) For utterance BAC009S0768W0166, best cost 86.7322 + -283.629 = -196.897 over 498 frames.
LOG (lattice-best-path[5.5]:main():lattice-best-path.cc:99) For utterance BAC009S0768W0167, best cost 77.644 + -298.626 = -220.982 over 503 frames.
LOG (lattice-best-path[5.5]:main():lattice-best-path.cc:99) For utterance BAC009S0768W0168, best cost 114.335 + -391.426 = -277.091 over 740 frames.
LOG (lattice-best-path[5.5]:main():lattice-best-path.cc:99) For utterance BAC009S0768W0169, best cost 57.2621 + -238.966 = -181.703 over 448 frames.
LOG (lattice-best-path[5.5]:main():lattice-best-path.cc:99) For utterance BAC009S0768W0170, best cost 127.6 + -332.854 = -205.254 over 610 frames.
LOG (lattice-best-path[5.5]:main():lattice-best-path.cc:99) For utterance BAC009S0768W0171, best cost 87.6693 + -329.525 = -241.855 over 577 frames.
LOG (lattice-best-path[5.5]:main():lattice-best-path.cc:99) For utterance BAC009S0768W0172, best cost 65.033 + -220.74 = -155.707 over 377 frames.
LOG (lattice-best-path[5.5]:main():lattice-best-path.cc:99) For utterance BAC009S0768W0173, best cost 95.1932 + -376.235 = -281.042 over 739 frames.
LOG (lattice-best-path[5.5]:main():lattice-best-path.cc:99) For utterance BAC009S0768W0174, best cost 105.237 + -372.259 = -267.022 over 668 frames.
LOG (lattice-best-path[5.5]:main():lattice-best-path.cc:99) For utterance BAC009S0768W0175, best cost 48.9252 + -305.234 = -256.309 over 540 frames.
LOG (lattice-best-path[5.5]:main():lattice-best-path.cc:99) For utterance BAC009S0768W0176, best cost 94.4466 + -325.52 = -231.074 over 580 frames.
LOG (lattice-best-path[5.5]:main():lattice-best-path.cc:99) For utterance BAC009S0768W0177, best cost 68.9267 + -262.439 = -193.512 over 458 frames.
LOG (lattice-best-path[5.5]:main():lattice-best-path.cc:99) For utterance BAC009S0768W0178, best cost 67.6267 + -190.22 = -122.594 over 386 frames.
LOG (lattice-best-path[5.5]:main():lattice-best-path.cc:99) For utterance BAC009S0768W0179, best cost 83.7365 + -271.389 = -187.652 over 492 frames.
LOG (lattice-best-path[5.5]:main():lattice-best-path.cc:99) For utterance BAC009S0768W0180, best cost 123.59 + -322.449 = -198.859 over 561 frames.
LOG (lattice-best-path[5.5]:main():lattice-best-path.cc:99) For utterance BAC009S0768W0181, best cost 65.0641 + -293.291 = -228.227 over 543 frames.
LOG (lattice-best-path[5.5]:main():lattice-best-path.cc:99) For utterance BAC009S0768W0182, best cost 115.308 + -352.618 = -237.31 over 611 frames.
LOG (lattice-best-path[5.5]:main():lattice-best-path.cc:99) For utterance BAC009S0768W0183, best cost 51.0326 + -146.3 = -95.2672 over 287 frames.
LOG (lattice-best-path[5.5]:main():lattice-best-path.cc:99) For utterance BAC009S0768W0184, best cost 129.186 + -393.073 = -263.888 over 734 frames.
LOG (lattice-best-path[5.5]:main():lattice-best-path.cc:99) For utterance BAC009S0768W0185, best cost 57.0547 + -259.461 = -202.406 over 460 frames.
LOG (lattice-best-path[5.5]:main():lattice-best-path.cc:99) For utterance BAC009S0768W0186, best cost 63.4021 + -205.716 = -142.314 over 398 frames.
LOG (lattice-best-path[5.5]:main():lattice-best-path.cc:99) For utterance BAC009S0768W0187, best cost 164.192 + -469.714 = -305.521 over 845 frames.
LOG (lattice-best-path[5.5]:main():lattice-best-path.cc:99) For utterance BAC009S0768W0188, best cost 118.688 + -340.144 = -221.456 over 623 frames.
LOG (lattice-best-path[5.5]:main():lattice-best-path.cc:99) For utterance BAC009S0768W0189, best cost 102.002 + -312.163 = -210.161 over 625 frames.
LOG (lattice-best-path[5.5]:main():lattice-best-path.cc:99) For utterance BAC009S0768W0190, best cost 116.901 + -354.206 = -237.305 over 641 frames.
LOG (lattice-best-path[5.5]:main():lattice-best-path.cc:99) For utterance BAC009S0768W0191, best cost 138.093 + -431.523 = -293.43 over 797 frames.
LOG (lattice-best-path[5.5]:main():lattice-best-path.cc:99) For utterance BAC009S0768W0192, best cost 181.273 + -513.454 = -332.181 over 1012 frames.
LOG (lattice-best-path[5.5]:main():lattice-best-path.cc:99) For utterance BAC009S0768W0193, best cost 78.4516 + -255.515 = -177.064 over 472 frames.
LOG (lattice-best-path[5.5]:main():lattice-best-path.cc:99) For utterance BAC009S0768W0194, best cost 76.9295 + -231.085 = -154.156 over 434 frames.
LOG (lattice-best-path[5.5]:main():lattice-best-path.cc:99) For utterance BAC009S0768W0195, best cost 119.221 + -372.054 = -252.833 over 634 frames.
LOG (lattice-best-path[5.5]:main():lattice-best-path.cc:99) For utterance BAC009S0768W0196, best cost 91.9282 + -343.486 = -251.557 over 672 frames.
LOG (lattice-best-path[5.5]:main():lattice-best-path.cc:99) For utterance BAC009S0768W0197, best cost 104.954 + -294.056 = -189.102 over 540 frames.
LOG (lattice-best-path[5.5]:main():lattice-best-path.cc:99) For utterance BAC009S0768W0198, best cost 83.1426 + -259.219 = -176.076 over 507 frames.
LOG (lattice-best-path[5.5]:main():lattice-best-path.cc:99) For utterance BAC009S0768W0199, best cost 126.513 + -381.294 = -254.782 over 657 frames.
LOG (lattice-best-path[5.5]:main():lattice-best-path.cc:99) For utterance BAC009S0768W0200, best cost 166.106 + -468.274 = -302.167 over 843 frames.
LOG (lattice-best-path[5.5]:main():lattice-best-path.cc:99) For utterance BAC009S0768W0201, best cost 130.138 + -406.331 = -276.193 over 718 frames.
LOG (lattice-best-path[5.5]:main():lattice-best-path.cc:99) For utterance BAC009S0768W0202, best cost 123.251 + -400.466 = -277.216 over 869 frames.
LOG (lattice-best-path[5.5]:main():lattice-best-path.cc:99) For utterance BAC009S0768W0203, best cost 74.9483 + -236.011 = -161.062 over 411 frames.
LOG (lattice-best-path[5.5]:main():lattice-best-path.cc:99) For utterance BAC009S0768W0204, best cost 119.87 + -414.908 = -295.038 over 704 frames.
LOG (lattice-best-path[5.5]:main():lattice-best-path.cc:99) For utterance BAC009S0768W0205, best cost 135.667 + -571.365 = -435.698 over 1079 frames.
LOG (lattice-best-path[5.5]:main():lattice-best-path.cc:99) For utterance BAC009S0768W0206, best cost 123.633 + -428.644 = -305.011 over 737 frames.
LOG (lattice-best-path[5.5]:main():lattice-best-path.cc:99) For utterance BAC009S0768W0207, best cost 64.1195 + -200.027 = -135.908 over 378 frames.
LOG (lattice-best-path[5.5]:main():lattice-best-path.cc:99) For utterance BAC009S0768W0208, best cost 181.35 + -547.692 = -366.342 over 1003 frames.
LOG (lattice-best-path[5.5]:main():lattice-best-path.cc:99) For utterance BAC009S0768W0209, best cost 114.741 + -386.079 = -271.338 over 693 frames.
LOG (lattice-best-path[5.5]:main():lattice-best-path.cc:99) For utterance BAC009S0768W0210, best cost 142.102 + -372.811 = -230.709 over 664 frames.
LOG (lattice-best-path[5.5]:main():lattice-best-path.cc:99) For utterance BAC009S0768W0211, best cost 94.5642 + -314.752 = -220.188 over 589 frames.
LOG (lattice-best-path[5.5]:main():lattice-best-path.cc:99) For utterance BAC009S0768W0212, best cost 61.7986 + -232.226 = -170.427 over 379 frames.
LOG (lattice-best-path[5.5]:main():lattice-best-path.cc:99) For utterance BAC009S0768W0213, best cost 104.971 + -393.639 = -288.668 over 676 frames.
LOG (lattice-best-path[5.5]:main():lattice-best-path.cc:99) For utterance BAC009S0768W0214, best cost 98.6951 + -321.161 = -222.466 over 522 frames.
LOG (lattice-best-path[5.5]:main():lattice-best-path.cc:99) For utterance BAC009S0768W0215, best cost 56.1749 + -181.56 = -125.385 over 342 frames.
LOG (lattice-best-path[5.5]:main():lattice-best-path.cc:99) For utterance BAC009S0768W0216, best cost 116.76 + -429.479 = -312.72 over 813 frames.
LOG (lattice-best-path[5.5]:main():lattice-best-path.cc:99) For utterance BAC009S0768W0217, best cost 99.3013 + -350.447 = -251.145 over 609 frames.
LOG (lattice-best-path[5.5]:main():lattice-best-path.cc:99) For utterance BAC009S0768W0218, best cost 149.299 + -382.402 = -233.104 over 718 frames.
LOG (lattice-best-path[5.5]:main():lattice-best-path.cc:99) For utterance BAC009S0768W0219, best cost 80.4266 + -274.064 = -193.637 over 590 frames.
LOG (lattice-best-path[5.5]:main():lattice-best-path.cc:99) For utterance BAC009S0768W0220, best cost 118.972 + -341.83 = -222.857 over 697 frames.
LOG (lattice-best-path[5.5]:main():lattice-best-path.cc:99) For utterance BAC009S0768W0221, best cost 95.9213 + -371.655 = -275.734 over 675 frames.
LOG (lattice-best-path[5.5]:main():lattice-best-path.cc:99) For utterance BAC009S0768W0222, best cost 115.039 + -440.151 = -325.112 over 821 frames.
LOG (lattice-best-path[5.5]:main():lattice-best-path.cc:99) For utterance BAC009S0768W0223, best cost 95.9779 + -332.387 = -236.409 over 725 frames.
LOG (lattice-best-path[5.5]:main():lattice-best-path.cc:99) For utterance BAC009S0768W0224, best cost 93.1357 + -277.99 = -184.854 over 510 frames.
LOG (lattice-best-path[5.5]:main():lattice-best-path.cc:99) For utterance BAC009S0768W0225, best cost 61.3923 + -190.179 = -128.786 over 353 frames.
LOG (lattice-best-path[5.5]:main():lattice-best-path.cc:99) For utterance BAC009S0768W0226, best cost 104.692 + -302.623 = -197.931 over 540 frames.
LOG (lattice-best-path[5.5]:main():lattice-best-path.cc:99) For utterance BAC009S0768W0227, best cost 100.554 + -354.472 = -253.918 over 652 frames.
LOG (lattice-best-path[5.5]:main():lattice-best-path.cc:99) For utterance BAC009S0768W0228, best cost 127.349 + -351.708 = -224.359 over 694 frames.
LOG (lattice-best-path[5.5]:main():lattice-best-path.cc:99) For utterance BAC009S0768W0229, best cost 102.141 + -314.271 = -212.13 over 549 frames.
LOG (lattice-best-path[5.5]:main():lattice-best-path.cc:99) For utterance BAC009S0768W0230, best cost 83.8076 + -299.217 = -215.409 over 507 frames.
LOG (lattice-best-path[5.5]:main():lattice-best-path.cc:99) For utterance BAC009S0768W0231, best cost 54.6218 + -197.411 = -142.789 over 339 frames.
LOG (lattice-best-path[5.5]:main():lattice-best-path.cc:99) For utterance BAC009S0768W0232, best cost 78.9108 + -270.569 = -191.659 over 530 frames.
LOG (lattice-best-path[5.5]:main():lattice-best-path.cc:99) For utterance BAC009S0768W0233, best cost 79.4323 + -384.391 = -304.958 over 729 frames.
LOG (lattice-best-path[5.5]:main():lattice-best-path.cc:99) For utterance BAC009S0768W0234, best cost 124.372 + -454.967 = -330.595 over 778 frames.
LOG (lattice-best-path[5.5]:main():lattice-best-path.cc:99) For utterance BAC009S0768W0235, best cost 78.0316 + -240.235 = -162.204 over 463 frames.
LOG (lattice-best-path[5.5]:main():lattice-best-path.cc:99) For utterance BAC009S0768W0236, best cost 108.17 + -354.76 = -246.59 over 625 frames.
LOG (lattice-best-path[5.5]:main():lattice-best-path.cc:99) For utterance BAC009S0768W0237, best cost 74.803 + -241.997 = -167.194 over 498 frames.
LOG (lattice-best-path[5.5]:main():lattice-best-path.cc:99) For utterance BAC009S0768W0238, best cost 126.04 + -430.328 = -304.288 over 800 frames.
LOG (lattice-best-path[5.5]:main():lattice-best-path.cc:99) For utterance BAC009S0768W0239, best cost 94.7969 + -305.625 = -210.828 over 512 frames.
LOG (lattice-best-path[5.5]:main():lattice-best-path.cc:99) For utterance BAC009S0768W0240, best cost 94.2845 + -279.412 = -185.128 over 504 frames.
LOG (lattice-best-path[5.5]:main():lattice-best-path.cc:99) For utterance BAC009S0768W0241, best cost 75.6959 + -224.678 = -148.982 over 418 frames.
LOG (lattice-best-path[5.5]:main():lattice-best-path.cc:99) For utterance BAC009S0768W0242, best cost 92.4802 + -255.718 = -163.238 over 460 frames.
LOG (lattice-best-path[5.5]:main():lattice-best-path.cc:99) For utterance BAC009S0768W0243, best cost 60.8899 + -219.643 = -158.753 over 388 frames.
LOG (lattice-best-path[5.5]:main():lattice-best-path.cc:99) For utterance BAC009S0768W0244, best cost 95.8362 + -277.623 = -181.787 over 529 frames.
LOG (lattice-best-path[5.5]:main():lattice-best-path.cc:99) For utterance BAC009S0768W0245, best cost 136.381 + -457.193 = -320.812 over 756 frames.
LOG (lattice-best-path[5.5]:main():lattice-best-path.cc:99) For utterance BAC009S0768W0246, best cost 153.545 + -427.808 = -274.263 over 763 frames.
LOG (lattice-best-path[5.5]:main():lattice-best-path.cc:99) For utterance BAC009S0768W0247, best cost 94.2919 + -281.946 = -187.654 over 564 frames.
LOG (lattice-best-path[5.5]:main():lattice-best-path.cc:99) For utterance BAC009S0768W0248, best cost 94.0492 + -351.372 = -257.323 over 652 frames.
LOG (lattice-best-path[5.5]:main():lattice-best-path.cc:99) For utterance BAC009S0768W0249, best cost 61.462 + -193.668 = -132.206 over 369 frames.
LOG (lattice-best-path[5.5]:main():lattice-best-path.cc:99) For utterance BAC009S0768W0250, best cost 90.0397 + -320.275 = -230.235 over 607 frames.
LOG (lattice-best-path[5.5]:main():lattice-best-path.cc:99) For utterance BAC009S0768W0251, best cost 107.328 + -368.359 = -261.031 over 596 frames.
LOG (lattice-best-path[5.5]:main():lattice-best-path.cc:99) For utterance BAC009S0768W0252, best cost 109.374 + -388.155 = -278.781 over 631 frames.
LOG (lattice-best-path[5.5]:main():lattice-best-path.cc:99) For utterance BAC009S0768W0253, best cost 174.994 + -489.685 = -314.69 over 917 frames.
LOG (lattice-best-path[5.5]:main():lattice-best-path.cc:99) For utterance BAC009S0768W0254, best cost 107.77 + -366.855 = -259.084 over 639 frames.
LOG (lattice-best-path[5.5]:main():lattice-best-path.cc:99) For utterance BAC009S0768W0255, best cost 108.298 + -274.415 = -166.117 over 500 frames.
LOG (lattice-best-path[5.5]:main():lattice-best-path.cc:99) For utterance BAC009S0768W0259, best cost 123.414 + -312.676 = -189.262 over 563 frames.
LOG (lattice-best-path[5.5]:main():lattice-best-path.cc:99) For utterance BAC009S0768W0260, best cost 145.897 + -398.779 = -252.882 over 718 frames.
LOG (lattice-best-path[5.5]:main():lattice-best-path.cc:99) For utterance BAC009S0768W0261, best cost 89.8809 + -253.806 = -163.926 over 515 frames.
LOG (lattice-best-path[5.5]:main():lattice-best-path.cc:99) For utterance BAC009S0768W0262, best cost 158.871 + -431.209 = -272.338 over 810 frames.
LOG (lattice-best-path[5.5]:main():lattice-best-path.cc:99) For utterance BAC009S0768W0263, best cost 82.2906 + -226.428 = -144.138 over 392 frames.
LOG (lattice-best-path[5.5]:main():lattice-best-path.cc:99) For utterance BAC009S0768W0264, best cost 120.451 + -358.513 = -238.062 over 648 frames.
LOG (lattice-best-path[5.5]:main():lattice-best-path.cc:99) For utterance BAC009S0768W0265, best cost 116.656 + -333.996 = -217.339 over 578 frames.
LOG (lattice-best-path[5.5]:main():lattice-best-path.cc:99) For utterance BAC009S0768W0266, best cost 94.6946 + -282.16 = -187.466 over 510 frames.
LOG (lattice-best-path[5.5]:main():lattice-best-path.cc:99) For utterance BAC009S0768W0267, best cost 76.2812 + -210.862 = -134.581 over 426 frames.
LOG (lattice-best-path[5.5]:main():lattice-best-path.cc:99) For utterance BAC009S0768W0268, best cost 156.53 + -532.238 = -375.709 over 1016 frames.
LOG (lattice-best-path[5.5]:main():lattice-best-path.cc:99) For utterance BAC009S0768W0269, best cost 193.923 + -537.978 = -344.055 over 1015 frames.
LOG (lattice-best-path[5.5]:main():lattice-best-path.cc:99) For utterance BAC009S0768W0271, best cost 149.366 + -482.147 = -332.782 over 898 frames.
LOG (lattice-best-path[5.5]:main():lattice-best-path.cc:99) For utterance BAC009S0768W0272, best cost 130.864 + -424.241 = -293.377 over 748 frames.
LOG (lattice-best-path[5.5]:main():lattice-best-path.cc:99) For utterance BAC009S0768W0273, best cost 64.1855 + -228.984 = -164.798 over 430 frames.
LOG (lattice-best-path[5.5]:main():lattice-best-path.cc:99) For utterance BAC009S0768W0274, best cost 116.813 + -331.982 = -215.169 over 639 frames.
LOG (lattice-best-path[5.5]:main():lattice-best-path.cc:99) For utterance BAC009S0768W0275, best cost 176.149 + -539.893 = -363.743 over 1078 frames.
LOG (lattice-best-path[5.5]:main():lattice-best-path.cc:99) For utterance BAC009S0768W0276, best cost 89.4997 + -281.833 = -192.334 over 575 frames.
LOG (lattice-best-path[5.5]:main():lattice-best-path.cc:99) For utterance BAC009S0768W0277, best cost 122.315 + -355.309 = -232.994 over 668 frames.
LOG (lattice-best-path[5.5]:main():lattice-best-path.cc:99) For utterance BAC009S0768W0278, best cost 84.5845 + -225.899 = -141.315 over 443 frames.
LOG (lattice-best-path[5.5]:main():lattice-best-path.cc:99) For utterance BAC009S0768W0279, best cost 58.3857 + -218.54 = -160.154 over 387 frames.
LOG (lattice-best-path[5.5]:main():lattice-best-path.cc:99) For utterance BAC009S0768W0280, best cost 183.233 + -539.884 = -356.651 over 998 frames.
LOG (lattice-best-path[5.5]:main():lattice-best-path.cc:99) For utterance BAC009S0768W0281, best cost 63.4736 + -215.353 = -151.88 over 387 frames.
LOG (lattice-best-path[5.5]:main():lattice-best-path.cc:99) For utterance BAC009S0768W0282, best cost 83.3487 + -288.436 = -205.088 over 518 frames.
LOG (lattice-best-path[5.5]:main():lattice-best-path.cc:99) For utterance BAC009S0768W0283, best cost 86.8974 + -276.173 = -189.276 over 533 frames.
LOG (lattice-best-path[5.5]:main():lattice-best-path.cc:99) For utterance BAC009S0768W0284, best cost 127.755 + -326.209 = -198.454 over 599 frames.
LOG (lattice-best-path[5.5]:main():lattice-best-path.cc:99) For utterance BAC009S0768W0285, best cost 143.045 + -479.208 = -336.163 over 857 frames.
LOG (lattice-best-path[5.5]:main():lattice-best-path.cc:99) For utterance BAC009S0768W0286, best cost 163.044 + -465.566 = -302.522 over 900 frames.
LOG (lattice-best-path[5.5]:main():lattice-best-path.cc:99) For utterance BAC009S0768W0287, best cost 90.7922 + -266.916 = -176.124 over 507 frames.
LOG (lattice-best-path[5.5]:main():lattice-best-path.cc:99) For utterance BAC009S0768W0288, best cost 114.986 + -289.039 = -174.054 over 538 frames.
LOG (lattice-best-path[5.5]:main():lattice-best-path.cc:99) For utterance BAC009S0768W0289, best cost 123.273 + -398.74 = -275.466 over 729 frames.
LOG (lattice-best-path[5.5]:main():lattice-best-path.cc:99) For utterance BAC009S0768W0290, best cost 179.45 + -505.191 = -325.742 over 941 frames.
LOG (lattice-best-path[5.5]:main():lattice-best-path.cc:99) For utterance BAC009S0768W0291, best cost 81.6143 + -258.732 = -177.118 over 512 frames.
LOG (lattice-best-path[5.5]:main():lattice-best-path.cc:99) For utterance BAC009S0768W0292, best cost 104.433 + -342.564 = -238.131 over 667 frames.
LOG (lattice-best-path[5.5]:main():lattice-best-path.cc:99) For utterance BAC009S0768W0293, best cost 81.972 + -236.673 = -154.701 over 414 frames.
LOG (lattice-best-path[5.5]:main():lattice-best-path.cc:99) For utterance BAC009S0768W0294, best cost 129.597 + -340.484 = -210.887 over 652 frames.
LOG (lattice-best-path[5.5]:main():lattice-best-path.cc:99) For utterance BAC009S0768W0295, best cost 72.0918 + -246.846 = -174.754 over 458 frames.
LOG (lattice-best-path[5.5]:main():lattice-best-path.cc:99) For utterance BAC009S0768W0296, best cost 154.581 + -477.565 = -322.984 over 844 frames.
LOG (lattice-best-path[5.5]:main():lattice-best-path.cc:99) For utterance BAC009S0768W0297, best cost 83.0576 + -218.508 = -135.45 over 385 frames.
LOG (lattice-best-path[5.5]:main():lattice-best-path.cc:99) For utterance BAC009S0768W0298, best cost 105.25 + -317.262 = -212.012 over 583 frames.
LOG (lattice-best-path[5.5]:main():lattice-best-path.cc:99) For utterance BAC009S0768W0299, best cost 152.635 + -513.117 = -360.482 over 893 frames.
LOG (lattice-best-path[5.5]:main():lattice-best-path.cc:99) For utterance BAC009S0768W0300, best cost 133.943 + -380.032 = -246.089 over 680 frames.
LOG (lattice-best-path[5.5]:main():lattice-best-path.cc:99) For utterance BAC009S0768W0301, best cost 66.0799 + -233.051 = -166.971 over 441 frames.
LOG (lattice-best-path[5.5]:main():lattice-best-path.cc:99) For utterance BAC009S0768W0303, best cost 82.9959 + -283.857 = -200.861 over 557 frames.
LOG (lattice-best-path[5.5]:main():lattice-best-path.cc:99) For utterance BAC009S0768W0305, best cost 87.0239 + -349.795 = -262.771 over 602 frames.
LOG (lattice-best-path[5.5]:main():lattice-best-path.cc:99) For utterance BAC009S0768W0307, best cost 69.6105 + -213.136 = -143.526 over 398 frames.
LOG (lattice-best-path[5.5]:main():lattice-best-path.cc:99) For utterance BAC009S0768W0308, best cost 119.704 + -323.367 = -203.663 over 572 frames.
LOG (lattice-best-path[5.5]:main():lattice-best-path.cc:99) For utterance BAC009S0768W0309, best cost 92.7969 + -336.076 = -243.279 over 627 frames.
LOG (lattice-best-path[5.5]:main():lattice-best-path.cc:99) For utterance BAC009S0768W0310, best cost 82.907 + -230.741 = -147.834 over 414 frames.
LOG (lattice-best-path[5.5]:main():lattice-best-path.cc:99) For utterance BAC009S0768W0311, best cost 73.974 + -206.986 = -133.012 over 403 frames.
LOG (lattice-best-path[5.5]:main():lattice-best-path.cc:99) For utterance BAC009S0768W0312, best cost 150.363 + -355.122 = -204.759 over 609 frames.
LOG (lattice-best-path[5.5]:main():lattice-best-path.cc:99) For utterance BAC009S0768W0313, best cost 56.5897 + -209.05 = -152.46 over 386 frames.
LOG (lattice-best-path[5.5]:main():lattice-best-path.cc:99) For utterance BAC009S0768W0314, best cost 101.341 + -285.943 = -184.603 over 507 frames.
LOG (lattice-best-path[5.5]:main():lattice-best-path.cc:99) For utterance BAC009S0768W0315, best cost 92.8022 + -239.127 = -146.325 over 439 frames.
LOG (lattice-best-path[5.5]:main():lattice-best-path.cc:99) For utterance BAC009S0768W0316, best cost 145.574 + -450.354 = -304.78 over 789 frames.
LOG (lattice-best-path[5.5]:main():lattice-best-path.cc:99) For utterance BAC009S0768W0317, best cost 122.177 + -347.483 = -225.305 over 641 frames.
LOG (lattice-best-path[5.5]:main():lattice-best-path.cc:99) For utterance BAC009S0768W0318, best cost 138.664 + -450.773 = -312.109 over 818 frames.
LOG (lattice-best-path[5.5]:main():lattice-best-path.cc:99) For utterance BAC009S0768W0319, best cost 136.072 + -386.79 = -250.719 over 712 frames.
LOG (lattice-best-path[5.5]:main():lattice-best-path.cc:99) For utterance BAC009S0768W0320, best cost 68.665 + -207.63 = -138.965 over 379 frames.
LOG (lattice-best-path[5.5]:main():lattice-best-path.cc:99) For utterance BAC009S0768W0321, best cost 80.8259 + -254.949 = -174.123 over 434 frames.
LOG (lattice-best-path[5.5]:main():lattice-best-path.cc:99) For utterance BAC009S0768W0322, best cost 121.184 + -365.031 = -243.847 over 653 frames.
LOG (lattice-best-path[5.5]:main():lattice-best-path.cc:99) For utterance BAC009S0768W0323, best cost 107.035 + -350.784 = -243.749 over 632 frames.
LOG (lattice-best-path[5.5]:main():lattice-best-path.cc:99) For utterance BAC009S0768W0324, best cost 83.2502 + -257.301 = -174.05 over 480 frames.
LOG (lattice-best-path[5.5]:main():lattice-best-path.cc:99) For utterance BAC009S0768W0325, best cost 139.768 + -351.1 = -211.332 over 637 frames.
LOG (lattice-best-path[5.5]:main():lattice-best-path.cc:99) For utterance BAC009S0768W0326, best cost 75.1037 + -198.915 = -123.811 over 399 frames.
LOG (lattice-best-path[5.5]:main():lattice-best-path.cc:99) For utterance BAC009S0768W0327, best cost 70.4547 + -207.898 = -137.443 over 422 frames.
LOG (lattice-best-path[5.5]:main():lattice-best-path.cc:99) For utterance BAC009S0768W0328, best cost 89.1883 + -249.224 = -160.036 over 433 frames.
LOG (lattice-best-path[5.5]:main():lattice-best-path.cc:99) For utterance BAC009S0768W0329, best cost 99.6943 + -271.568 = -171.873 over 488 frames.
LOG (lattice-best-path[5.5]:main():lattice-best-path.cc:99) For utterance BAC009S0768W0330, best cost 47.9706 + -215.155 = -167.184 over 392 frames.
LOG (lattice-best-path[5.5]:main():lattice-best-path.cc:99) For utterance BAC009S0768W0331, best cost 116.273 + -332.51 = -216.237 over 580 frames.
LOG (lattice-best-path[5.5]:main():lattice-best-path.cc:99) For utterance BAC009S0768W0332, best cost 51.3191 + -232.439 = -181.12 over 419 frames.
LOG (lattice-best-path[5.5]:main():lattice-best-path.cc:99) For utterance BAC009S0768W0333, best cost 101.03 + -318.145 = -217.114 over 555 frames.
LOG (lattice-best-path[5.5]:main():lattice-best-path.cc:99) For utterance BAC009S0768W0334, best cost 150.78 + -419.111 = -268.331 over 898 frames.
LOG (lattice-best-path[5.5]:main():lattice-best-path.cc:99) For utterance BAC009S0768W0335, best cost 67.5967 + -284.174 = -216.577 over 587 frames.
LOG (lattice-best-path[5.5]:main():lattice-best-path.cc:99) For utterance BAC009S0768W0336, best cost 122.796 + -380.586 = -257.79 over 709 frames.
LOG (lattice-best-path[5.5]:main():lattice-best-path.cc:99) For utterance BAC009S0768W0337, best cost 66.6363 + -207.097 = -140.461 over 406 frames.
LOG (lattice-best-path[5.5]:main():lattice-best-path.cc:99) For utterance BAC009S0768W0338, best cost 128.745 + -324.452 = -195.707 over 586 frames.
LOG (lattice-best-path[5.5]:main():lattice-best-path.cc:99) For utterance BAC009S0768W0339, best cost 81.4513 + -270.894 = -189.443 over 481 frames.
LOG (lattice-best-path[5.5]:main():lattice-best-path.cc:99) For utterance BAC009S0768W0340, best cost 176.762 + -433.854 = -257.092 over 799 frames.
LOG (lattice-best-path[5.5]:main():lattice-best-path.cc:99) For utterance BAC009S0768W0341, best cost 136.92 + -347.548 = -210.628 over 652 frames.
LOG (lattice-best-path[5.5]:main():lattice-best-path.cc:99) For utterance BAC009S0768W0342, best cost 64.2127 + -232.287 = -168.074 over 419 frames.
LOG (lattice-best-path[5.5]:main():lattice-best-path.cc:99) For utterance BAC009S0768W0343, best cost 111.664 + -338.212 = -226.549 over 668 frames.
LOG (lattice-best-path[5.5]:main():lattice-best-path.cc:99) For utterance BAC009S0768W0344, best cost 85.2826 + -224.446 = -139.163 over 434 frames.
LOG (lattice-best-path[5.5]:main():lattice-best-path.cc:99) For utterance BAC009S0768W0345, best cost 50.1645 + -171.757 = -121.592 over 378 frames.
LOG (lattice-best-path[5.5]:main():lattice-best-path.cc:99) For utterance BAC009S0768W0346, best cost 90.844 + -303.127 = -212.283 over 565 frames.
LOG (lattice-best-path[5.5]:main():lattice-best-path.cc:99) For utterance BAC009S0768W0347, best cost 145.281 + -406.505 = -261.224 over 721 frames.
LOG (lattice-best-path[5.5]:main():lattice-best-path.cc:99) For utterance BAC009S0768W0348, best cost 73.3295 + -231.141 = -157.812 over 471 frames.
LOG (lattice-best-path[5.5]:main():lattice-best-path.cc:99) For utterance BAC009S0768W0349, best cost 79.5885 + -265.19 = -185.602 over 473 frames.
LOG (lattice-best-path[5.5]:main():lattice-best-path.cc:99) For utterance BAC009S0768W0350, best cost 98.5478 + -253.46 = -154.913 over 464 frames.
LOG (lattice-best-path[5.5]:main():lattice-best-path.cc:99) For utterance BAC009S0768W0351, best cost 161.08 + -452.433 = -291.353 over 803 frames.
LOG (lattice-best-path[5.5]:main():lattice-best-path.cc:99) For utterance BAC009S0768W0352, best cost 87.7719 + -253.994 = -166.222 over 493 frames.
LOG (lattice-best-path[5.5]:main():lattice-best-path.cc:99) For utterance BAC009S0768W0353, best cost 104.475 + -278.385 = -173.911 over 510 frames.
LOG (lattice-best-path[5.5]:main():lattice-best-path.cc:99) For utterance BAC009S0768W0354, best cost 74.5635 + -198.39 = -123.826 over 370 frames.
LOG (lattice-best-path[5.5]:main():lattice-best-path.cc:99) For utterance BAC009S0768W0355, best cost 70.7191 + -198.97 = -128.251 over 383 frames.
LOG (lattice-best-path[5.5]:main():lattice-best-path.cc:99) For utterance BAC009S0768W0356, best cost 86.4947 + -254.777 = -168.282 over 556 frames.
LOG (lattice-best-path[5.5]:main():lattice-best-path.cc:99) For utterance BAC009S0768W0357, best cost 132.662 + -363.174 = -230.512 over 728 frames.
LOG (lattice-best-path[5.5]:main():lattice-best-path.cc:99) For utterance BAC009S0768W0358, best cost 76.1977 + -249.492 = -173.294 over 450 frames.
LOG (lattice-best-path[5.5]:main():lattice-best-path.cc:99) For utterance BAC009S0768W0359, best cost 141.741 + -457.845 = -316.104 over 808 frames.
LOG (lattice-best-path[5.5]:main():lattice-best-path.cc:99) For utterance BAC009S0768W0360, best cost 62.4497 + -223.61 = -161.16 over 381 frames.
LOG (lattice-best-path[5.5]:main():lattice-best-path.cc:99) For utterance BAC009S0768W0361, best cost 79.3594 + -216.63 = -137.27 over 395 frames.
LOG (lattice-best-path[5.5]:main():lattice-best-path.cc:99) For utterance BAC009S0768W0362, best cost 96.6291 + -317.407 = -220.778 over 584 frames.
LOG (lattice-best-path[5.5]:main():lattice-best-path.cc:99) For utterance BAC009S0768W0363, best cost 68.9797 + -246.003 = -177.023 over 423 frames.
LOG (lattice-best-path[5.5]:main():lattice-best-path.cc:99) For utterance BAC009S0768W0364, best cost 86.6587 + -293.527 = -206.869 over 515 frames.
LOG (lattice-best-path[5.5]:main():lattice-best-path.cc:99) For utterance BAC009S0768W0365, best cost 96.4343 + -442.034 = -345.599 over 800 frames.
LOG (lattice-best-path[5.5]:main():lattice-best-path.cc:99) For utterance BAC009S0768W0366, best cost 154.556 + -506.695 = -352.139 over 904 frames.
LOG (lattice-best-path[5.5]:main():lattice-best-path.cc:99) For utterance BAC009S0768W0367, best cost 128.922 + -459.75 = -330.828 over 822 frames.
LOG (lattice-best-path[5.5]:main():lattice-best-path.cc:99) For utterance BAC009S0768W0368, best cost 159.028 + -422.824 = -263.796 over 748 frames.
LOG (lattice-best-path[5.5]:main():lattice-best-path.cc:99) For utterance BAC009S0768W0369, best cost 125.821 + -464.434 = -338.613 over 794 frames.
LOG (lattice-best-path[5.5]:main():lattice-best-path.cc:99) For utterance BAC009S0768W0370, best cost 86.41 + -287.415 = -201.005 over 548 frames.
LOG (lattice-best-path[5.5]:main():lattice-best-path.cc:99) For utterance BAC009S0768W0371, best cost 109.116 + -319.602 = -210.486 over 591 frames.
LOG (lattice-best-path[5.5]:main():lattice-best-path.cc:99) For utterance BAC009S0768W0372, best cost 121.657 + -369.273 = -247.616 over 694 frames.
LOG (lattice-best-path[5.5]:main():lattice-best-path.cc:99) For utterance BAC009S0768W0373, best cost 123.526 + -399.155 = -275.629 over 723 frames.
LOG (lattice-best-path[5.5]:main():lattice-best-path.cc:99) For utterance BAC009S0768W0374, best cost 68.1099 + -219.693 = -151.583 over 391 frames.
LOG (lattice-best-path[5.5]:main():lattice-best-path.cc:99) For utterance BAC009S0768W0375, best cost 90.0932 + -345.027 = -254.934 over 614 frames.
LOG (lattice-best-path[5.5]:main():lattice-best-path.cc:99) For utterance BAC009S0768W0376, best cost 61.7278 + -194.22 = -132.493 over 388 frames.
LOG (lattice-best-path[5.5]:main():lattice-best-path.cc:99) For utterance BAC009S0768W0377, best cost 159.211 + -493.874 = -334.664 over 879 frames.
LOG (lattice-best-path[5.5]:main():lattice-best-path.cc:99) For utterance BAC009S0768W0378, best cost 100.732 + -374.117 = -273.386 over 676 frames.
LOG (lattice-best-path[5.5]:main():lattice-best-path.cc:99) For utterance BAC009S0768W0379, best cost 83.1255 + -259.212 = -176.087 over 539 frames.
LOG (lattice-best-path[5.5]:main():lattice-best-path.cc:99) For utterance BAC009S0768W0380, best cost 75.053 + -216.403 = -141.35 over 459 frames.
LOG (lattice-best-path[5.5]:main():lattice-best-path.cc:99) For utterance BAC009S0768W0381, best cost 98.4689 + -269.977 = -171.508 over 518 frames.
LOG (lattice-best-path[5.5]:main():lattice-best-path.cc:99) For utterance BAC009S0768W0382, best cost 72.6511 + -208.335 = -135.684 over 431 frames.
LOG (lattice-best-path[5.5]:main():lattice-best-path.cc:99) For utterance BAC009S0768W0383, best cost 99.0644 + -270.68 = -171.616 over 528 frames.
LOG (lattice-best-path[5.5]:main():lattice-best-path.cc:99) For utterance BAC009S0768W0384, best cost 103.516 + -346.837 = -243.32 over 629 frames.
LOG (lattice-best-path[5.5]:main():lattice-best-path.cc:99) For utterance BAC009S0768W0385, best cost 66.9376 + -210.167 = -143.229 over 436 frames.
LOG (lattice-best-path[5.5]:main():lattice-best-path.cc:99) For utterance BAC009S0768W0386, best cost 110.754 + -310.389 = -199.634 over 548 frames.
LOG (lattice-best-path[5.5]:main():lattice-best-path.cc:99) For utterance BAC009S0768W0387, best cost 109.701 + -314.185 = -204.484 over 659 frames.
LOG (lattice-best-path[5.5]:main():lattice-best-path.cc:99) For utterance BAC009S0768W0388, best cost 80.8893 + -271.628 = -190.739 over 487 frames.
LOG (lattice-best-path[5.5]:main():lattice-best-path.cc:99) For utterance BAC009S0768W0389, best cost 77.539 + -243.641 = -166.102 over 478 frames.
LOG (lattice-best-path[5.5]:main():lattice-best-path.cc:99) For utterance BAC009S0768W0390, best cost 76.3905 + -194.018 = -117.627 over 351 frames.
LOG (lattice-best-path[5.5]:main():lattice-best-path.cc:99) For utterance BAC009S0768W0391, best cost 94.9686 + -259.107 = -164.139 over 504 frames.
LOG (lattice-best-path[5.5]:main():lattice-best-path.cc:99) For utterance BAC009S0768W0392, best cost 73.8635 + -196.068 = -122.204 over 395 frames.
LOG (lattice-best-path[5.5]:main():lattice-best-path.cc:99) For utterance BAC009S0768W0393, best cost 80.8503 + -223.262 = -142.412 over 439 frames.
LOG (lattice-best-path[5.5]:main():lattice-best-path.cc:99) For utterance BAC009S0768W0394, best cost 69.1263 + -190.455 = -121.329 over 380 frames.
LOG (lattice-best-path[5.5]:main():lattice-best-path.cc:99) For utterance BAC009S0768W0395, best cost 123.103 + -341.602 = -218.498 over 677 frames.
LOG (lattice-best-path[5.5]:main():lattice-best-path.cc:99) For utterance BAC009S0768W0396, best cost 90.7445 + -277.961 = -187.217 over 528 frames.
LOG (lattice-best-path[5.5]:main():lattice-best-path.cc:99) For utterance BAC009S0768W0397, best cost 82.6914 + -305.185 = -222.494 over 588 frames.
LOG (lattice-best-path[5.5]:main():lattice-best-path.cc:99) For utterance BAC009S0768W0398, best cost 77.4673 + -212.879 = -135.412 over 367 frames.
LOG (lattice-best-path[5.5]:main():lattice-best-path.cc:99) For utterance BAC009S0768W0399, best cost 84.2633 + -226.53 = -142.267 over 426 frames.
LOG (lattice-best-path[5.5]:main():lattice-best-path.cc:99) For utterance BAC009S0768W0400, best cost 110.267 + -321.391 = -211.125 over 598 frames.
LOG (lattice-best-path[5.5]:main():lattice-best-path.cc:99) For utterance BAC009S0768W0401, best cost 80.7183 + -237.932 = -157.214 over 487 frames.
LOG (lattice-best-path[5.5]:main():lattice-best-path.cc:99) For utterance BAC009S0768W0402, best cost 89.7217 + -258.572 = -168.851 over 532 frames.
LOG (lattice-best-path[5.5]:main():lattice-best-path.cc:99) For utterance BAC009S0768W0403, best cost 79.6158 + -246.424 = -166.808 over 471 frames.
LOG (lattice-best-path[5.5]:main():lattice-best-path.cc:99) For utterance BAC009S0768W0404, best cost 77.5688 + -215.502 = -137.933 over 491 frames.
LOG (lattice-best-path[5.5]:main():lattice-best-path.cc:99) For utterance BAC009S0768W0405, best cost 67.8411 + -266.943 = -199.102 over 493 frames.
LOG (lattice-best-path[5.5]:main():lattice-best-path.cc:99) For utterance BAC009S0768W0406, best cost 68.786 + -203.597 = -134.811 over 383 frames.
LOG (lattice-best-path[5.5]:main():lattice-best-path.cc:99) For utterance BAC009S0768W0407, best cost 110.818 + -324.29 = -213.472 over 551 frames.
LOG (lattice-best-path[5.5]:main():lattice-best-path.cc:99) For utterance BAC009S0768W0408, best cost 80.6499 + -182.531 = -101.881 over 377 frames.
LOG (lattice-best-path[5.5]:main():lattice-best-path.cc:99) For utterance BAC009S0768W0409, best cost 69.7456 + -183.154 = -113.408 over 353 frames.
LOG (lattice-best-path[5.5]:main():lattice-best-path.cc:99) For utterance BAC009S0768W0410, best cost 37.5266 + -149.114 = -111.587 over 283 frames.
LOG (lattice-best-path[5.5]:main():lattice-best-path.cc:99) For utterance BAC009S0768W0411, best cost 93.9116 + -229.387 = -135.475 over 468 frames.
LOG (lattice-best-path[5.5]:main():lattice-best-path.cc:99) For utterance BAC009S0768W0412, best cost 75.6669 + -202.994 = -127.327 over 414 frames.
LOG (lattice-best-path[5.5]:main():lattice-best-path.cc:99) For utterance BAC009S0768W0413, best cost 68.3584 + -306.895 = -238.536 over 573 frames.
LOG (lattice-best-path[5.5]:main():lattice-best-path.cc:99) For utterance BAC009S0768W0414, best cost 80.2177 + -202.723 = -122.505 over 387 frames.
LOG (lattice-best-path[5.5]:main():lattice-best-path.cc:99) For utterance BAC009S0768W0415, best cost 136.491 + -358.696 = -222.205 over 647 frames.
LOG (lattice-best-path[5.5]:main():lattice-best-path.cc:99) For utterance BAC009S0768W0416, best cost 178.918 + -419.354 = -240.436 over 776 frames.
LOG (lattice-best-path[5.5]:main():lattice-best-path.cc:99) For utterance BAC009S0768W0417, best cost 53.6925 + -250.557 = -196.864 over 434 frames.
LOG (lattice-best-path[5.5]:main():lattice-best-path.cc:99) For utterance BAC009S0768W0418, best cost 63.3428 + -203.709 = -140.366 over 387 frames.
LOG (lattice-best-path[5.5]:main():lattice-best-path.cc:99) For utterance BAC009S0768W0419, best cost 136.81 + -371.748 = -234.938 over 649 frames.
LOG (lattice-best-path[5.5]:main():lattice-best-path.cc:99) For utterance BAC009S0768W0420, best cost 43.4484 + -119.862 = -76.414 over 249 frames.
LOG (lattice-best-path[5.5]:main():lattice-best-path.cc:99) For utterance BAC009S0768W0421, best cost 54.7207 + -131.042 = -76.3213 over 269 frames.
LOG (lattice-best-path[5.5]:main():lattice-best-path.cc:99) For utterance BAC009S0768W0422, best cost 94.9704 + -243.032 = -148.062 over 412 frames.
LOG (lattice-best-path[5.5]:main():lattice-best-path.cc:99) For utterance BAC009S0768W0423, best cost 89.1316 + -211.359 = -122.228 over 380 frames.
LOG (lattice-best-path[5.5]:main():lattice-best-path.cc:99) For utterance BAC009S0768W0424, best cost 67.2487 + -198.164 = -130.915 over 378 frames.
LOG (lattice-best-path[5.5]:main():lattice-best-path.cc:99) For utterance BAC009S0768W0425, best cost 44.5053 + -129.468 = -84.9631 over 251 frames.
LOG (lattice-best-path[5.5]:main():lattice-best-path.cc:99) For utterance BAC009S0768W0426, best cost 137.353 + -345.42 = -208.067 over 599 frames.
LOG (lattice-best-path[5.5]:main():lattice-best-path.cc:99) For utterance BAC009S0768W0427, best cost 92.5453 + -240.438 = -147.893 over 494 frames.
LOG (lattice-best-path[5.5]:main():lattice-best-path.cc:99) For utterance BAC009S0768W0428, best cost 90.3641 + -222.476 = -132.112 over 419 frames.
LOG (lattice-best-path[5.5]:main():lattice-best-path.cc:99) For utterance BAC009S0768W0430, best cost 34.8791 + -224.425 = -189.546 over 426 frames.
LOG (lattice-best-path[5.5]:main():lattice-best-path.cc:99) For utterance BAC009S0768W0431, best cost 96.4074 + -288.707 = -192.299 over 529 frames.
LOG (lattice-best-path[5.5]:main():lattice-best-path.cc:99) For utterance BAC009S0768W0432, best cost 104.256 + -352.79 = -248.535 over 721 frames.
LOG (lattice-best-path[5.5]:main():lattice-best-path.cc:99) For utterance BAC009S0768W0433, best cost 108.23 + -471.365 = -363.135 over 901 frames.
LOG (lattice-best-path[5.5]:main():lattice-best-path.cc:99) For utterance BAC009S0768W0434, best cost 136.115 + -450.883 = -314.768 over 923 frames.
LOG (lattice-best-path[5.5]:main():lattice-best-path.cc:99) For utterance BAC009S0768W0435, best cost 136.058 + -492.719 = -356.66 over 944 frames.
LOG (lattice-best-path[5.5]:main():lattice-best-path.cc:99) For utterance BAC009S0768W0436, best cost 103.2 + -281.764 = -178.563 over 558 frames.
LOG (lattice-best-path[5.5]:main():lattice-best-path.cc:99) For utterance BAC009S0768W0437, best cost 130.749 + -424.411 = -293.662 over 788 frames.
LOG (lattice-best-path[5.5]:main():lattice-best-path.cc:99) For utterance BAC009S0768W0438, best cost 112.243 + -304.378 = -192.135 over 563 frames.
LOG (lattice-best-path[5.5]:main():lattice-best-path.cc:99) For utterance BAC009S0768W0439, best cost 138.396 + -421.324 = -282.928 over 785 frames.
LOG (lattice-best-path[5.5]:main():lattice-best-path.cc:99) For utterance BAC009S0768W0440, best cost 36.1159 + -192.847 = -156.731 over 365 frames.
LOG (lattice-best-path[5.5]:main():lattice-best-path.cc:99) For utterance BAC009S0768W0441, best cost 183.847 + -538.854 = -355.007 over 1085 frames.
LOG (lattice-best-path[5.5]:main():lattice-best-path.cc:99) For utterance BAC009S0768W0442, best cost 138.497 + -410.743 = -272.245 over 801 frames.
LOG (lattice-best-path[5.5]:main():lattice-best-path.cc:99) For utterance BAC009S0768W0443, best cost 84.0275 + -229.364 = -145.337 over 428 frames.
LOG (lattice-best-path[5.5]:main():lattice-best-path.cc:99) For utterance BAC009S0768W0444, best cost 177.981 + -431.259 = -253.278 over 874 frames.
LOG (lattice-best-path[5.5]:main():lattice-best-path.cc:99) For utterance BAC009S0768W0445, best cost 127.324 + -366.127 = -238.803 over 693 frames.
LOG (lattice-best-path[5.5]:main():lattice-best-path.cc:99) For utterance BAC009S0768W0446, best cost 143.039 + -438.971 = -295.932 over 820 frames.
LOG (lattice-best-path[5.5]:main():lattice-best-path.cc:99) For utterance BAC009S0768W0447, best cost 64.2134 + -197.688 = -133.474 over 387 frames.
LOG (lattice-best-path[5.5]:main():lattice-best-path.cc:99) For utterance BAC009S0768W0448, best cost 125.348 + -315.001 = -189.653 over 603 frames.
LOG (lattice-best-path[5.5]:main():lattice-best-path.cc:99) For utterance BAC009S0768W0449, best cost 61.0423 + -253.488 = -192.446 over 519 frames.
LOG (lattice-best-path[5.5]:main():lattice-best-path.cc:99) For utterance BAC009S0768W0450, best cost 159.883 + -424.278 = -264.395 over 879 frames.
LOG (lattice-best-path[5.5]:main():lattice-best-path.cc:99) For utterance BAC009S0768W0451, best cost 69.8019 + -330.755 = -260.953 over 681 frames.
LOG (lattice-best-path[5.5]:main():lattice-best-path.cc:99) For utterance BAC009S0768W0452, best cost 251.524 + -700.996 = -449.471 over 1468 frames.
LOG (lattice-best-path[5.5]:main():lattice-best-path.cc:99) For utterance BAC009S0768W0453, best cost 117.997 + -313.654 = -195.657 over 588 frames.
LOG (lattice-best-path[5.5]:main():lattice-best-path.cc:99) For utterance BAC009S0768W0454, best cost 62.7703 + -189.494 = -126.723 over 357 frames.
LOG (lattice-best-path[5.5]:main():lattice-best-path.cc:99) For utterance BAC009S0768W0455, best cost 105.566 + -296.343 = -190.777 over 518 frames.
LOG (lattice-best-path[5.5]:main():lattice-best-path.cc:99) For utterance BAC009S0768W0456, best cost 118.653 + -319.61 = -200.957 over 588 frames.
LOG (lattice-best-path[5.5]:main():lattice-best-path.cc:99) For utterance BAC009S0768W0457, best cost 157.426 + -441.78 = -284.353 over 839 frames.
LOG (lattice-best-path[5.5]:main():lattice-best-path.cc:99) For utterance BAC009S0768W0458, best cost 185.017 + -449.613 = -264.595 over 875 frames.
LOG (lattice-best-path[5.5]:main():lattice-best-path.cc:99) For utterance BAC009S0768W0459, best cost 129.63 + -350.218 = -220.588 over 656 frames.
LOG (lattice-best-path[5.5]:main():lattice-best-path.cc:99) For utterance BAC009S0768W0460, best cost 99.2122 + -240.038 = -140.826 over 451 frames.
LOG (lattice-best-path[5.5]:main():lattice-best-path.cc:99) For utterance BAC009S0768W0461, best cost 171.93 + -480.786 = -308.856 over 944 frames.
LOG (lattice-best-path[5.5]:main():lattice-best-path.cc:99) For utterance BAC009S0768W0462, best cost 211.647 + -553.755 = -342.108 over 972 frames.
LOG (lattice-best-path[5.5]:main():lattice-best-path.cc:99) For utterance BAC009S0768W0463, best cost 97.2345 + -211.896 = -114.662 over 422 frames.
LOG (lattice-best-path[5.5]:main():lattice-best-path.cc:99) For utterance BAC009S0768W0464, best cost 113.338 + -349.501 = -236.162 over 643 frames.
LOG (lattice-best-path[5.5]:main():lattice-best-path.cc:99) For utterance BAC009S0768W0465, best cost 75.9446 + -298.42 = -222.475 over 530 frames.
LOG (lattice-best-path[5.5]:main():lattice-best-path.cc:99) For utterance BAC009S0768W0466, best cost 48.0936 + -207.648 = -159.554 over 380 frames.
LOG (lattice-best-path[5.5]:main():lattice-best-path.cc:99) For utterance BAC009S0768W0467, best cost 171.609 + -523.086 = -351.477 over 1054 frames.
LOG (lattice-best-path[5.5]:main():lattice-best-path.cc:99) For utterance BAC009S0768W0468, best cost 167.867 + -461.65 = -293.783 over 820 frames.
LOG (lattice-best-path[5.5]:main():lattice-best-path.cc:99) For utterance BAC009S0768W0469, best cost 89.5271 + -223.748 = -134.221 over 466 frames.
LOG (lattice-best-path[5.5]:main():lattice-best-path.cc:99) For utterance BAC009S0768W0470, best cost 171.728 + -544.078 = -372.35 over 1019 frames.
LOG (lattice-best-path[5.5]:main():lattice-best-path.cc:99) For utterance BAC009S0768W0471, best cost 178.14 + -474.821 = -296.681 over 828 frames.
LOG (lattice-best-path[5.5]:main():lattice-best-path.cc:99) For utterance BAC009S0768W0472, best cost 54.4978 + -155.916 = -101.419 over 318 frames.
LOG (lattice-best-path[5.5]:main():lattice-best-path.cc:99) For utterance BAC009S0768W0473, best cost 81.5274 + -250.199 = -168.672 over 431 frames.
LOG (lattice-best-path[5.5]:main():lattice-best-path.cc:99) For utterance BAC009S0768W0474, best cost 82.4156 + -197.188 = -114.772 over 388 frames.
LOG (lattice-best-path[5.5]:main():lattice-best-path.cc:99) For utterance BAC009S0768W0475, best cost 131.466 + -388.03 = -256.564 over 688 frames.
LOG (lattice-best-path[5.5]:main():lattice-best-path.cc:99) For utterance BAC009S0768W0476, best cost 138.944 + -369.574 = -230.63 over 721 frames.
LOG (lattice-best-path[5.5]:main():lattice-best-path.cc:99) For utterance BAC009S0768W0477, best cost 209.284 + -552.451 = -343.167 over 1092 frames.
LOG (lattice-best-path[5.5]:main():lattice-best-path.cc:99) For utterance BAC009S0768W0478, best cost 89.9202 + -218.939 = -129.019 over 441 frames.
LOG (lattice-best-path[5.5]:main():lattice-best-path.cc:99) For utterance BAC009S0768W0479, best cost 154.381 + -383.965 = -229.584 over 669 frames.
LOG (lattice-best-path[5.5]:main():lattice-best-path.cc:99) For utterance BAC009S0768W0480, best cost 92.5935 + -245.912 = -153.319 over 449 frames.
LOG (lattice-best-path[5.5]:main():lattice-best-path.cc:99) For utterance BAC009S0768W0481, best cost 113.629 + -385.343 = -271.714 over 770 frames.
LOG (lattice-best-path[5.5]:main():lattice-best-path.cc:99) For utterance BAC009S0768W0482, best cost 132.786 + -369.36 = -236.575 over 694 frames.
LOG (lattice-best-path[5.5]:main():lattice-best-path.cc:99) For utterance BAC009S0768W0483, best cost 170.581 + -460.825 = -290.244 over 931 frames.
LOG (lattice-best-path[5.5]:main():lattice-best-path.cc:99) For utterance BAC009S0768W0484, best cost 126.046 + -430.193 = -304.147 over 859 frames.
LOG (lattice-best-path[5.5]:main():lattice-best-path.cc:99) For utterance BAC009S0768W0485, best cost 96.3152 + -307.368 = -211.053 over 596 frames.
LOG (lattice-best-path[5.5]:main():lattice-best-path.cc:99) For utterance BAC009S0768W0486, best cost 76.3647 + -220.379 = -144.014 over 403 frames.
LOG (lattice-best-path[5.5]:main():lattice-best-path.cc:99) For utterance BAC009S0768W0487, best cost 75.3625 + -262.838 = -187.475 over 513 frames.
LOG (lattice-best-path[5.5]:main():lattice-best-path.cc:99) For utterance BAC009S0768W0488, best cost 94.6913 + -239.477 = -144.785 over 481 frames.
LOG (lattice-best-path[5.5]:main():lattice-best-path.cc:99) For utterance BAC009S0768W0489, best cost 151.193 + -426.797 = -275.604 over 827 frames.
LOG (lattice-best-path[5.5]:main():lattice-best-path.cc:99) For utterance BAC009S0768W0490, best cost 132.628 + -341.927 = -209.299 over 675 frames.
LOG (lattice-best-path[5.5]:main():lattice-best-path.cc:99) For utterance BAC009S0768W0491, best cost 143.326 + -358.19 = -214.863 over 740 frames.
LOG (lattice-best-path[5.5]:main():lattice-best-path.cc:99) For utterance BAC009S0768W0492, best cost 181.268 + -473.35 = -292.082 over 908 frames.
LOG (lattice-best-path[5.5]:main():lattice-best-path.cc:99) For utterance BAC009S0768W0493, best cost 199.672 + -474.649 = -274.977 over 881 frames.
LOG (lattice-best-path[5.5]:main():lattice-best-path.cc:99) For utterance BAC009S0768W0494, best cost 89.3747 + -228.758 = -139.383 over 429 frames.
LOG (lattice-depth-per-frame[5.5]:main():lattice-depth-per-frame.cc:82) Done 367 lattices.
LOG (lattice-best-path[5.5]:main():lattice-best-path.cc:99) For utterance BAC009S0768W0495, best cost 85.8734 + -201.569 = -115.695 over 369 frames.
LOG (lattice-best-path[5.5]:main():lattice-best-path.cc:124) Overall cost per frame is -0.362262 = 0.174171 [graph] + -0.536433 [acoustic] over 215902 frames.
LOG (lattice-best-path[5.5]:main():lattice-best-path.cc:128) Done 367 lattices, failed for 0
# Accounting: time=2 threads=1
# Ended (code 0) at Sat Jun 18 23:01:52 CST 2022, elapsed time 2 seconds
