# lattice-depth-per-frame "ark:gunzip -c exp/nnet3/new_dnn_sp/decode_test/lat.15.gz|" "ark,t:|gzip -c > exp/nnet3/new_dnn_sp/decode_test/depth_tmp.15.gz" ark:- | lattice-best-path --acoustic-scale=0.1 ark:- ark:/dev/null "ark,t:|gzip -c >exp/nnet3/new_dnn_sp/decode_test/ali_tmp.15.gz" 
# Started at Sat Jun 18 23:01:52 CST 2022
#
lattice-best-path --acoustic-scale=0.1 ark:- ark:/dev/null 'ark,t:|gzip -c >exp/nnet3/new_dnn_sp/decode_test/ali_tmp.15.gz' 
lattice-depth-per-frame 'ark:gunzip -c exp/nnet3/new_dnn_sp/decode_test/lat.15.gz|' 'ark,t:|gzip -c > exp/nnet3/new_dnn_sp/decode_test/depth_tmp.15.gz' ark:- 
LOG (lattice-best-path[5.5]:main():lattice-best-path.cc:99) For utterance BAC009S0908W0121, best cost 114.052 + -405.701 = -291.649 over 772 frames.
LOG (lattice-best-path[5.5]:main():lattice-best-path.cc:99) For utterance BAC009S0908W0122, best cost 72.9663 + -282.411 = -209.445 over 488 frames.
LOG (lattice-best-path[5.5]:main():lattice-best-path.cc:99) For utterance BAC009S0908W0123, best cost 147.174 + -588.759 = -441.585 over 1071 frames.
LOG (lattice-best-path[5.5]:main():lattice-best-path.cc:99) For utterance BAC009S0908W0124, best cost 32.4745 + -108.994 = -76.5198 over 220 frames.
LOG (lattice-best-path[5.5]:main():lattice-best-path.cc:99) For utterance BAC009S0908W0125, best cost 67.3885 + -255.364 = -187.975 over 413 frames.
LOG (lattice-best-path[5.5]:main():lattice-best-path.cc:99) For utterance BAC009S0908W0126, best cost 113.316 + -399.426 = -286.11 over 639 frames.
LOG (lattice-best-path[5.5]:main():lattice-best-path.cc:99) For utterance BAC009S0908W0127, best cost 70.4923 + -221.787 = -151.294 over 391 frames.
LOG (lattice-best-path[5.5]:main():lattice-best-path.cc:99) For utterance BAC009S0908W0128, best cost 134.548 + -353.094 = -218.546 over 578 frames.
LOG (lattice-best-path[5.5]:main():lattice-best-path.cc:99) For utterance BAC009S0908W0129, best cost 109.689 + -383.49 = -273.8 over 654 frames.
LOG (lattice-best-path[5.5]:main():lattice-best-path.cc:99) For utterance BAC009S0908W0130, best cost 112.619 + -452.378 = -339.759 over 777 frames.
LOG (lattice-best-path[5.5]:main():lattice-best-path.cc:99) For utterance BAC009S0908W0131, best cost 131.011 + -462.871 = -331.86 over 820 frames.
LOG (lattice-best-path[5.5]:main():lattice-best-path.cc:99) For utterance BAC009S0908W0132, best cost 110.219 + -367.91 = -257.69 over 593 frames.
LOG (lattice-best-path[5.5]:main():lattice-best-path.cc:99) For utterance BAC009S0908W0133, best cost 139.059 + -418.209 = -279.15 over 686 frames.
LOG (lattice-best-path[5.5]:main():lattice-best-path.cc:99) For utterance BAC009S0908W0134, best cost 94.4938 + -443.04 = -348.546 over 765 frames.
LOG (lattice-best-path[5.5]:main():lattice-best-path.cc:99) For utterance BAC009S0908W0135, best cost 75.6595 + -236.937 = -161.277 over 427 frames.
LOG (lattice-best-path[5.5]:main():lattice-best-path.cc:99) For utterance BAC009S0908W0136, best cost 135.839 + -447.233 = -311.394 over 748 frames.
LOG (lattice-best-path[5.5]:main():lattice-best-path.cc:99) For utterance BAC009S0908W0137, best cost 52.103 + -196.793 = -144.691 over 335 frames.
LOG (lattice-best-path[5.5]:main():lattice-best-path.cc:99) For utterance BAC009S0908W0138, best cost 87.3974 + -274.138 = -186.74 over 486 frames.
LOG (lattice-best-path[5.5]:main():lattice-best-path.cc:99) For utterance BAC009S0908W0139, best cost 71.035 + -305.653 = -234.618 over 517 frames.
LOG (lattice-best-path[5.5]:main():lattice-best-path.cc:99) For utterance BAC009S0908W0140, best cost 75.7832 + -227.613 = -151.83 over 376 frames.
LOG (lattice-best-path[5.5]:main():lattice-best-path.cc:99) For utterance BAC009S0908W0141, best cost 89.2048 + -356.824 = -267.619 over 573 frames.
LOG (lattice-best-path[5.5]:main():lattice-best-path.cc:99) For utterance BAC009S0908W0142, best cost 45.987 + -298.659 = -252.672 over 534 frames.
LOG (lattice-best-path[5.5]:main():lattice-best-path.cc:99) For utterance BAC009S0908W0143, best cost 152.835 + -463.853 = -311.018 over 810 frames.
LOG (lattice-best-path[5.5]:main():lattice-best-path.cc:99) For utterance BAC009S0908W0144, best cost 75.9557 + -249.745 = -173.79 over 451 frames.
LOG (lattice-best-path[5.5]:main():lattice-best-path.cc:99) For utterance BAC009S0908W0145, best cost 67.9902 + -204.227 = -136.237 over 368 frames.
LOG (lattice-best-path[5.5]:main():lattice-best-path.cc:99) For utterance BAC009S0908W0146, best cost 60.9861 + -195.172 = -134.186 over 332 frames.
LOG (lattice-best-path[5.5]:main():lattice-best-path.cc:99) For utterance BAC009S0908W0147, best cost 103.031 + -326.84 = -223.81 over 525 frames.
LOG (lattice-best-path[5.5]:main():lattice-best-path.cc:99) For utterance BAC009S0908W0148, best cost 117.631 + -450.988 = -333.357 over 754 frames.
LOG (lattice-best-path[5.5]:main():lattice-best-path.cc:99) For utterance BAC009S0908W0149, best cost 103.932 + -388.326 = -284.394 over 680 frames.
LOG (lattice-best-path[5.5]:main():lattice-best-path.cc:99) For utterance BAC009S0908W0150, best cost 137.343 + -485.425 = -348.082 over 792 frames.
LOG (lattice-best-path[5.5]:main():lattice-best-path.cc:99) For utterance BAC009S0908W0151, best cost 46.5405 + -279.361 = -232.82 over 485 frames.
LOG (lattice-best-path[5.5]:main():lattice-best-path.cc:99) For utterance BAC009S0908W0152, best cost 100.993 + -335.204 = -234.211 over 551 frames.
LOG (lattice-best-path[5.5]:main():lattice-best-path.cc:99) For utterance BAC009S0908W0153, best cost 162.72 + -522.623 = -359.903 over 881 frames.
LOG (lattice-best-path[5.5]:main():lattice-best-path.cc:99) For utterance BAC009S0908W0154, best cost 84.5048 + -284.795 = -200.291 over 500 frames.
LOG (lattice-best-path[5.5]:main():lattice-best-path.cc:99) For utterance BAC009S0908W0155, best cost 42.2015 + -272.869 = -230.667 over 483 frames.
LOG (lattice-best-path[5.5]:main():lattice-best-path.cc:99) For utterance BAC009S0908W0156, best cost 88.7803 + -315.171 = -226.391 over 536 frames.
LOG (lattice-best-path[5.5]:main():lattice-best-path.cc:99) For utterance BAC009S0908W0157, best cost 92.858 + -324.615 = -231.757 over 575 frames.
LOG (lattice-best-path[5.5]:main():lattice-best-path.cc:99) For utterance BAC009S0908W0158, best cost 53.1584 + -181.85 = -128.692 over 334 frames.
LOG (lattice-best-path[5.5]:main():lattice-best-path.cc:99) For utterance BAC009S0908W0159, best cost 140.185 + -488.268 = -348.083 over 807 frames.
LOG (lattice-best-path[5.5]:main():lattice-best-path.cc:99) For utterance BAC009S0908W0160, best cost 70.4097 + -320.023 = -249.613 over 574 frames.
LOG (lattice-best-path[5.5]:main():lattice-best-path.cc:99) For utterance BAC009S0908W0161, best cost 123.581 + -500.559 = -376.978 over 959 frames.
LOG (lattice-best-path[5.5]:main():lattice-best-path.cc:99) For utterance BAC009S0908W0162, best cost 59.0541 + -203.266 = -144.212 over 337 frames.
LOG (lattice-best-path[5.5]:main():lattice-best-path.cc:99) For utterance BAC009S0908W0163, best cost 132.083 + -423.778 = -291.695 over 686 frames.
LOG (lattice-best-path[5.5]:main():lattice-best-path.cc:99) For utterance BAC009S0908W0164, best cost 112.352 + -388.038 = -275.686 over 635 frames.
LOG (lattice-best-path[5.5]:main():lattice-best-path.cc:99) For utterance BAC009S0908W0165, best cost 76.0154 + -253.759 = -177.744 over 411 frames.
LOG (lattice-best-path[5.5]:main():lattice-best-path.cc:99) For utterance BAC009S0908W0166, best cost 122.48 + -410.611 = -288.132 over 656 frames.
LOG (lattice-best-path[5.5]:main():lattice-best-path.cc:99) For utterance BAC009S0908W0167, best cost 125.156 + -396.933 = -271.777 over 641 frames.
LOG (lattice-best-path[5.5]:main():lattice-best-path.cc:99) For utterance BAC009S0908W0168, best cost 85.0107 + -356.639 = -271.629 over 636 frames.
LOG (lattice-best-path[5.5]:main():lattice-best-path.cc:99) For utterance BAC009S0908W0169, best cost 103.941 + -452.834 = -348.894 over 817 frames.
LOG (lattice-best-path[5.5]:main():lattice-best-path.cc:99) For utterance BAC009S0908W0170, best cost 81.3686 + -254.914 = -173.545 over 462 frames.
LOG (lattice-best-path[5.5]:main():lattice-best-path.cc:99) For utterance BAC009S0908W0171, best cost 83.7728 + -387.873 = -304.1 over 639 frames.
LOG (lattice-best-path[5.5]:main():lattice-best-path.cc:99) For utterance BAC009S0908W0172, best cost 90.729 + -330.037 = -239.308 over 579 frames.
LOG (lattice-best-path[5.5]:main():lattice-best-path.cc:99) For utterance BAC009S0908W0173, best cost 77.2234 + -240.396 = -163.172 over 435 frames.
LOG (lattice-best-path[5.5]:main():lattice-best-path.cc:99) For utterance BAC009S0908W0174, best cost 67.8876 + -286.622 = -218.734 over 529 frames.
LOG (lattice-best-path[5.5]:main():lattice-best-path.cc:99) For utterance BAC009S0908W0175, best cost 87.9265 + -263.313 = -175.387 over 448 frames.
LOG (lattice-best-path[5.5]:main():lattice-best-path.cc:99) For utterance BAC009S0908W0176, best cost 57.7573 + -354.372 = -296.615 over 582 frames.
LOG (lattice-best-path[5.5]:main():lattice-best-path.cc:99) For utterance BAC009S0908W0177, best cost 71.8343 + -436.84 = -365.006 over 752 frames.
LOG (lattice-best-path[5.5]:main():lattice-best-path.cc:99) For utterance BAC009S0908W0178, best cost 101.156 + -393.665 = -292.509 over 652 frames.
LOG (lattice-best-path[5.5]:main():lattice-best-path.cc:99) For utterance BAC009S0908W0179, best cost 105.301 + -344.436 = -239.135 over 574 frames.
LOG (lattice-best-path[5.5]:main():lattice-best-path.cc:99) For utterance BAC009S0908W0180, best cost 84.7991 + -489.996 = -405.197 over 923 frames.
LOG (lattice-best-path[5.5]:main():lattice-best-path.cc:99) For utterance BAC009S0908W0181, best cost 59.1534 + -405.351 = -346.198 over 663 frames.
LOG (lattice-best-path[5.5]:main():lattice-best-path.cc:99) For utterance BAC009S0908W0182, best cost 86.4357 + -368.307 = -281.872 over 674 frames.
LOG (lattice-best-path[5.5]:main():lattice-best-path.cc:99) For utterance BAC009S0908W0183, best cost 74.5067 + -271.227 = -196.72 over 436 frames.
LOG (lattice-best-path[5.5]:main():lattice-best-path.cc:99) For utterance BAC009S0908W0184, best cost 82.5785 + -272.028 = -189.449 over 524 frames.
LOG (lattice-best-path[5.5]:main():lattice-best-path.cc:99) For utterance BAC009S0908W0185, best cost 96.8221 + -402.821 = -305.999 over 698 frames.
LOG (lattice-best-path[5.5]:main():lattice-best-path.cc:99) For utterance BAC009S0908W0186, best cost 93.5622 + -273.013 = -179.451 over 443 frames.
LOG (lattice-best-path[5.5]:main():lattice-best-path.cc:99) For utterance BAC009S0908W0187, best cost 132.195 + -426.943 = -294.748 over 717 frames.
LOG (lattice-best-path[5.5]:main():lattice-best-path.cc:99) For utterance BAC009S0908W0188, best cost 104.22 + -308.463 = -204.243 over 566 frames.
LOG (lattice-best-path[5.5]:main():lattice-best-path.cc:99) For utterance BAC009S0908W0189, best cost 76.1672 + -262.36 = -186.193 over 482 frames.
LOG (lattice-best-path[5.5]:main():lattice-best-path.cc:99) For utterance BAC009S0908W0190, best cost 77.3555 + -250.729 = -173.373 over 425 frames.
LOG (lattice-best-path[5.5]:main():lattice-best-path.cc:99) For utterance BAC009S0908W0191, best cost 141.677 + -418.298 = -276.62 over 785 frames.
LOG (lattice-best-path[5.5]:main():lattice-best-path.cc:99) For utterance BAC009S0908W0192, best cost 88.4536 + -217.239 = -128.786 over 369 frames.
LOG (lattice-best-path[5.5]:main():lattice-best-path.cc:99) For utterance BAC009S0908W0193, best cost 130.952 + -441.687 = -310.734 over 786 frames.
LOG (lattice-best-path[5.5]:main():lattice-best-path.cc:99) For utterance BAC009S0908W0194, best cost 52.2724 + -199.894 = -147.622 over 333 frames.
LOG (lattice-best-path[5.5]:main():lattice-best-path.cc:99) For utterance BAC009S0908W0195, best cost 60.8973 + -215.75 = -154.853 over 362 frames.
LOG (lattice-best-path[5.5]:main():lattice-best-path.cc:99) For utterance BAC009S0908W0196, best cost 95.7615 + -297.841 = -202.079 over 470 frames.
LOG (lattice-best-path[5.5]:main():lattice-best-path.cc:99) For utterance BAC009S0908W0197, best cost 132.162 + -374.765 = -242.603 over 648 frames.
LOG (lattice-best-path[5.5]:main():lattice-best-path.cc:99) For utterance BAC009S0908W0198, best cost 144.71 + -402.356 = -257.646 over 708 frames.
LOG (lattice-best-path[5.5]:main():lattice-best-path.cc:99) For utterance BAC009S0908W0199, best cost 110.238 + -306.21 = -195.972 over 538 frames.
LOG (lattice-best-path[5.5]:main():lattice-best-path.cc:99) For utterance BAC009S0908W0200, best cost 79.2674 + -269.861 = -190.594 over 473 frames.
LOG (lattice-best-path[5.5]:main():lattice-best-path.cc:99) For utterance BAC009S0908W0201, best cost 70.4353 + -243.477 = -173.041 over 439 frames.
LOG (lattice-best-path[5.5]:main():lattice-best-path.cc:99) For utterance BAC009S0908W0202, best cost 83.3251 + -220.998 = -137.672 over 436 frames.
LOG (lattice-best-path[5.5]:main():lattice-best-path.cc:99) For utterance BAC009S0908W0203, best cost 87.7939 + -297.374 = -209.58 over 478 frames.
LOG (lattice-best-path[5.5]:main():lattice-best-path.cc:99) For utterance BAC009S0908W0204, best cost 119.961 + -436.275 = -316.314 over 923 frames.
LOG (lattice-best-path[5.5]:main():lattice-best-path.cc:99) For utterance BAC009S0908W0205, best cost 91.1311 + -320.671 = -229.54 over 519 frames.
LOG (lattice-best-path[5.5]:main():lattice-best-path.cc:99) For utterance BAC009S0908W0206, best cost 88.322 + -300.621 = -212.299 over 519 frames.
LOG (lattice-best-path[5.5]:main():lattice-best-path.cc:99) For utterance BAC009S0908W0207, best cost 94.3288 + -305.89 = -211.561 over 541 frames.
LOG (lattice-best-path[5.5]:main():lattice-best-path.cc:99) For utterance BAC009S0908W0208, best cost 82.819 + -239.364 = -156.545 over 396 frames.
LOG (lattice-best-path[5.5]:main():lattice-best-path.cc:99) For utterance BAC009S0908W0209, best cost 106.918 + -345.08 = -238.162 over 597 frames.
LOG (lattice-best-path[5.5]:main():lattice-best-path.cc:99) For utterance BAC009S0908W0210, best cost 74.0784 + -276.258 = -202.18 over 484 frames.
LOG (lattice-best-path[5.5]:main():lattice-best-path.cc:99) For utterance BAC009S0908W0211, best cost 95.8016 + -368.553 = -272.752 over 710 frames.
LOG (lattice-best-path[5.5]:main():lattice-best-path.cc:99) For utterance BAC009S0908W0212, best cost 73.8839 + -294.158 = -220.274 over 525 frames.
LOG (lattice-best-path[5.5]:main():lattice-best-path.cc:99) For utterance BAC009S0908W0213, best cost 61.1854 + -261.687 = -200.502 over 459 frames.
LOG (lattice-best-path[5.5]:main():lattice-best-path.cc:99) For utterance BAC009S0908W0214, best cost 101.792 + -377.834 = -276.042 over 700 frames.
LOG (lattice-best-path[5.5]:main():lattice-best-path.cc:99) For utterance BAC009S0908W0215, best cost 96.988 + -300.751 = -203.763 over 510 frames.
LOG (lattice-best-path[5.5]:main():lattice-best-path.cc:99) For utterance BAC009S0908W0216, best cost 59.7037 + -152.467 = -92.7628 over 297 frames.
LOG (lattice-best-path[5.5]:main():lattice-best-path.cc:99) For utterance BAC009S0908W0217, best cost 170.028 + -493.103 = -323.076 over 848 frames.
LOG (lattice-best-path[5.5]:main():lattice-best-path.cc:99) For utterance BAC009S0908W0218, best cost 160.4 + -509.94 = -349.54 over 804 frames.
LOG (lattice-best-path[5.5]:main():lattice-best-path.cc:99) For utterance BAC009S0908W0219, best cost 127.118 + -428.448 = -301.33 over 763 frames.
LOG (lattice-best-path[5.5]:main():lattice-best-path.cc:99) For utterance BAC009S0908W0220, best cost 89.3756 + -356.113 = -266.738 over 662 frames.
LOG (lattice-best-path[5.5]:main():lattice-best-path.cc:99) For utterance BAC009S0908W0221, best cost 89.4879 + -289.616 = -200.128 over 533 frames.
LOG (lattice-best-path[5.5]:main():lattice-best-path.cc:99) For utterance BAC009S0908W0222, best cost 104.061 + -287.082 = -183.021 over 539 frames.
LOG (lattice-best-path[5.5]:main():lattice-best-path.cc:99) For utterance BAC009S0908W0223, best cost 62.7363 + -273.523 = -210.786 over 509 frames.
LOG (lattice-best-path[5.5]:main():lattice-best-path.cc:99) For utterance BAC009S0908W0224, best cost 70.1094 + -204.863 = -134.754 over 382 frames.
LOG (lattice-best-path[5.5]:main():lattice-best-path.cc:99) For utterance BAC009S0908W0225, best cost 49.8417 + -177.561 = -127.719 over 328 frames.
LOG (lattice-best-path[5.5]:main():lattice-best-path.cc:99) For utterance BAC009S0908W0226, best cost 39.4467 + -206.646 = -167.2 over 345 frames.
LOG (lattice-best-path[5.5]:main():lattice-best-path.cc:99) For utterance BAC009S0908W0227, best cost 43.32 + -174.695 = -131.375 over 320 frames.
LOG (lattice-best-path[5.5]:main():lattice-best-path.cc:99) For utterance BAC009S0908W0228, best cost 52.8708 + -171.71 = -118.839 over 309 frames.
LOG (lattice-best-path[5.5]:main():lattice-best-path.cc:99) For utterance BAC009S0908W0229, best cost 49.8629 + -151.303 = -101.44 over 322 frames.
LOG (lattice-best-path[5.5]:main():lattice-best-path.cc:99) For utterance BAC009S0908W0230, best cost 90.2174 + -410.409 = -320.192 over 717 frames.
LOG (lattice-best-path[5.5]:main():lattice-best-path.cc:99) For utterance BAC009S0908W0231, best cost 141.726 + -421.894 = -280.168 over 701 frames.
LOG (lattice-best-path[5.5]:main():lattice-best-path.cc:99) For utterance BAC009S0908W0232, best cost 81.9062 + -227.036 = -145.13 over 407 frames.
LOG (lattice-best-path[5.5]:main():lattice-best-path.cc:99) For utterance BAC009S0908W0233, best cost 45.8609 + -190.909 = -145.048 over 342 frames.
LOG (lattice-best-path[5.5]:main():lattice-best-path.cc:99) For utterance BAC009S0908W0234, best cost 55.774 + -271.043 = -215.269 over 443 frames.
LOG (lattice-best-path[5.5]:main():lattice-best-path.cc:99) For utterance BAC009S0908W0235, best cost 95.7722 + -316.744 = -220.972 over 522 frames.
LOG (lattice-best-path[5.5]:main():lattice-best-path.cc:99) For utterance BAC009S0908W0236, best cost 122.769 + -402.053 = -279.285 over 700 frames.
LOG (lattice-best-path[5.5]:main():lattice-best-path.cc:99) For utterance BAC009S0908W0237, best cost 152.724 + -413.501 = -260.777 over 679 frames.
LOG (lattice-best-path[5.5]:main():lattice-best-path.cc:99) For utterance BAC009S0908W0238, best cost 158.239 + -449.087 = -290.848 over 854 frames.
LOG (lattice-best-path[5.5]:main():lattice-best-path.cc:99) For utterance BAC009S0908W0239, best cost 54.4923 + -180.896 = -126.404 over 327 frames.
LOG (lattice-best-path[5.5]:main():lattice-best-path.cc:99) For utterance BAC009S0908W0240, best cost 149.575 + -476.175 = -326.599 over 812 frames.
LOG (lattice-best-path[5.5]:main():lattice-best-path.cc:99) For utterance BAC009S0908W0241, best cost 123.581 + -415.065 = -291.484 over 748 frames.
LOG (lattice-best-path[5.5]:main():lattice-best-path.cc:99) For utterance BAC009S0908W0242, best cost 135.079 + -478.908 = -343.829 over 913 frames.
LOG (lattice-best-path[5.5]:main():lattice-best-path.cc:99) For utterance BAC009S0908W0243, best cost 97.578 + -346.171 = -248.593 over 608 frames.
LOG (lattice-best-path[5.5]:main():lattice-best-path.cc:99) For utterance BAC009S0908W0244, best cost 95.2612 + -316.236 = -220.975 over 539 frames.
LOG (lattice-best-path[5.5]:main():lattice-best-path.cc:99) For utterance BAC009S0908W0245, best cost 167.262 + -505.398 = -338.137 over 917 frames.
LOG (lattice-best-path[5.5]:main():lattice-best-path.cc:99) For utterance BAC009S0908W0246, best cost 115.864 + -310.488 = -194.624 over 548 frames.
LOG (lattice-best-path[5.5]:main():lattice-best-path.cc:99) For utterance BAC009S0908W0247, best cost 85.874 + -294.416 = -208.542 over 508 frames.
LOG (lattice-best-path[5.5]:main():lattice-best-path.cc:99) For utterance BAC009S0908W0248, best cost 76.9075 + -231.75 = -154.843 over 439 frames.
LOG (lattice-best-path[5.5]:main():lattice-best-path.cc:99) For utterance BAC009S0908W0249, best cost 99.7455 + -277.47 = -177.725 over 483 frames.
LOG (lattice-best-path[5.5]:main():lattice-best-path.cc:99) For utterance BAC009S0908W0250, best cost 82.3262 + -232.58 = -150.254 over 547 frames.
LOG (lattice-best-path[5.5]:main():lattice-best-path.cc:99) For utterance BAC009S0908W0251, best cost 51.6056 + -182.492 = -130.886 over 348 frames.
LOG (lattice-best-path[5.5]:main():lattice-best-path.cc:99) For utterance BAC009S0908W0252, best cost 51.7366 + -181.167 = -129.431 over 313 frames.
LOG (lattice-best-path[5.5]:main():lattice-best-path.cc:99) For utterance BAC009S0908W0253, best cost 141.595 + -436.292 = -294.697 over 723 frames.
LOG (lattice-best-path[5.5]:main():lattice-best-path.cc:99) For utterance BAC009S0908W0254, best cost 131.566 + -345.669 = -214.103 over 636 frames.
LOG (lattice-best-path[5.5]:main():lattice-best-path.cc:99) For utterance BAC009S0908W0255, best cost 73.9084 + -269.595 = -195.687 over 506 frames.
LOG (lattice-best-path[5.5]:main():lattice-best-path.cc:99) For utterance BAC009S0908W0256, best cost 58.1659 + -176.829 = -118.663 over 316 frames.
LOG (lattice-best-path[5.5]:main():lattice-best-path.cc:99) For utterance BAC009S0908W0258, best cost 73.8288 + -195.026 = -121.198 over 380 frames.
LOG (lattice-best-path[5.5]:main():lattice-best-path.cc:99) For utterance BAC009S0908W0259, best cost 136.435 + -433.901 = -297.466 over 779 frames.
LOG (lattice-best-path[5.5]:main():lattice-best-path.cc:99) For utterance BAC009S0908W0261, best cost 120.731 + -391.512 = -270.781 over 715 frames.
LOG (lattice-best-path[5.5]:main():lattice-best-path.cc:99) For utterance BAC009S0908W0262, best cost 77.1427 + -224.326 = -147.183 over 393 frames.
LOG (lattice-best-path[5.5]:main():lattice-best-path.cc:99) For utterance BAC009S0908W0264, best cost 94.5365 + -295.739 = -201.203 over 535 frames.
LOG (lattice-best-path[5.5]:main():lattice-best-path.cc:99) For utterance BAC009S0908W0265, best cost 96.2203 + -321.889 = -225.669 over 553 frames.
LOG (lattice-best-path[5.5]:main():lattice-best-path.cc:99) For utterance BAC009S0908W0266, best cost 107.632 + -319.302 = -211.67 over 575 frames.
LOG (lattice-best-path[5.5]:main():lattice-best-path.cc:99) For utterance BAC009S0908W0267, best cost 82.9636 + -232.565 = -149.601 over 482 frames.
LOG (lattice-best-path[5.5]:main():lattice-best-path.cc:99) For utterance BAC009S0908W0268, best cost 119.051 + -350.196 = -231.145 over 615 frames.
LOG (lattice-best-path[5.5]:main():lattice-best-path.cc:99) For utterance BAC009S0908W0269, best cost 83.9289 + -269.752 = -185.823 over 485 frames.
LOG (lattice-best-path[5.5]:main():lattice-best-path.cc:99) For utterance BAC009S0908W0270, best cost 80.5245 + -244.552 = -164.027 over 424 frames.
LOG (lattice-best-path[5.5]:main():lattice-best-path.cc:99) For utterance BAC009S0908W0272, best cost 95.7404 + -277.411 = -181.67 over 481 frames.
LOG (lattice-best-path[5.5]:main():lattice-best-path.cc:99) For utterance BAC009S0908W0273, best cost 69.2276 + -199.214 = -129.987 over 370 frames.
LOG (lattice-best-path[5.5]:main():lattice-best-path.cc:99) For utterance BAC009S0908W0274, best cost 96.8392 + -306.087 = -209.248 over 510 frames.
LOG (lattice-best-path[5.5]:main():lattice-best-path.cc:99) For utterance BAC009S0908W0275, best cost 80.302 + -194.489 = -114.187 over 376 frames.
LOG (lattice-best-path[5.5]:main():lattice-best-path.cc:99) For utterance BAC009S0908W0277, best cost 77.3647 + -203.703 = -126.338 over 365 frames.
LOG (lattice-best-path[5.5]:main():lattice-best-path.cc:99) For utterance BAC009S0908W0280, best cost 86.5886 + -281.348 = -194.759 over 467 frames.
LOG (lattice-best-path[5.5]:main():lattice-best-path.cc:99) For utterance BAC009S0908W0281, best cost 112.029 + -301.208 = -189.179 over 554 frames.
LOG (lattice-best-path[5.5]:main():lattice-best-path.cc:99) For utterance BAC009S0908W0283, best cost 145.824 + -463.836 = -318.012 over 898 frames.
LOG (lattice-best-path[5.5]:main():lattice-best-path.cc:99) For utterance BAC009S0908W0284, best cost 74.8048 + -253.536 = -178.731 over 466 frames.
LOG (lattice-best-path[5.5]:main():lattice-best-path.cc:99) For utterance BAC009S0908W0286, best cost 64.9916 + -231.782 = -166.791 over 398 frames.
LOG (lattice-best-path[5.5]:main():lattice-best-path.cc:99) For utterance BAC009S0908W0287, best cost 70.1135 + -237.773 = -167.659 over 404 frames.
LOG (lattice-best-path[5.5]:main():lattice-best-path.cc:99) For utterance BAC009S0908W0288, best cost 110.169 + -285.24 = -175.071 over 480 frames.
LOG (lattice-best-path[5.5]:main():lattice-best-path.cc:99) For utterance BAC009S0908W0292, best cost 81.2046 + -276.161 = -194.957 over 463 frames.
LOG (lattice-best-path[5.5]:main():lattice-best-path.cc:99) For utterance BAC009S0908W0293, best cost 60.3613 + -198.584 = -138.223 over 369 frames.
LOG (lattice-best-path[5.5]:main():lattice-best-path.cc:99) For utterance BAC009S0908W0297, best cost 90.4605 + -270.649 = -180.188 over 505 frames.
LOG (lattice-best-path[5.5]:main():lattice-best-path.cc:99) For utterance BAC009S0908W0298, best cost 109.425 + -360.658 = -251.233 over 598 frames.
LOG (lattice-best-path[5.5]:main():lattice-best-path.cc:99) For utterance BAC009S0908W0299, best cost 81.8113 + -308.443 = -226.632 over 598 frames.
LOG (lattice-best-path[5.5]:main():lattice-best-path.cc:99) For utterance BAC009S0908W0301, best cost 95.2172 + -227.811 = -132.594 over 392 frames.
LOG (lattice-best-path[5.5]:main():lattice-best-path.cc:99) For utterance BAC009S0908W0302, best cost 65.2245 + -220.409 = -155.184 over 355 frames.
LOG (lattice-best-path[5.5]:main():lattice-best-path.cc:99) For utterance BAC009S0908W0303, best cost 90.1202 + -267.444 = -177.324 over 462 frames.
LOG (lattice-best-path[5.5]:main():lattice-best-path.cc:99) For utterance BAC009S0908W0304, best cost 91.8014 + -271.797 = -179.995 over 498 frames.
LOG (lattice-best-path[5.5]:main():lattice-best-path.cc:99) For utterance BAC009S0908W0305, best cost 94.3644 + -289.225 = -194.861 over 505 frames.
LOG (lattice-best-path[5.5]:main():lattice-best-path.cc:99) For utterance BAC009S0908W0306, best cost 107.955 + -284.744 = -176.788 over 572 frames.
LOG (lattice-best-path[5.5]:main():lattice-best-path.cc:99) For utterance BAC009S0908W0307, best cost 127.029 + -383.266 = -256.237 over 656 frames.
LOG (lattice-best-path[5.5]:main():lattice-best-path.cc:99) For utterance BAC009S0908W0308, best cost 88.1247 + -265.526 = -177.402 over 525 frames.
LOG (lattice-best-path[5.5]:main():lattice-best-path.cc:99) For utterance BAC009S0908W0309, best cost 110.176 + -377.21 = -267.034 over 634 frames.
LOG (lattice-best-path[5.5]:main():lattice-best-path.cc:99) For utterance BAC009S0908W0310, best cost 61.5961 + -222.756 = -161.16 over 398 frames.
LOG (lattice-best-path[5.5]:main():lattice-best-path.cc:99) For utterance BAC009S0908W0311, best cost 95.7013 + -240.829 = -145.128 over 436 frames.
LOG (lattice-best-path[5.5]:main():lattice-best-path.cc:99) For utterance BAC009S0908W0312, best cost 110.147 + -258.942 = -148.795 over 498 frames.
LOG (lattice-best-path[5.5]:main():lattice-best-path.cc:99) For utterance BAC009S0908W0313, best cost 94.4881 + -276.817 = -182.329 over 474 frames.
LOG (lattice-best-path[5.5]:main():lattice-best-path.cc:99) For utterance BAC009S0908W0314, best cost 127.099 + -359.416 = -232.317 over 648 frames.
LOG (lattice-best-path[5.5]:main():lattice-best-path.cc:99) For utterance BAC009S0908W0315, best cost 134.464 + -386.252 = -251.788 over 655 frames.
LOG (lattice-best-path[5.5]:main():lattice-best-path.cc:99) For utterance BAC009S0908W0316, best cost 100.708 + -306.284 = -205.576 over 548 frames.
LOG (lattice-best-path[5.5]:main():lattice-best-path.cc:99) For utterance BAC009S0908W0317, best cost 82.8409 + -236.395 = -153.554 over 397 frames.
LOG (lattice-best-path[5.5]:main():lattice-best-path.cc:99) For utterance BAC009S0908W0318, best cost 53.2145 + -193.956 = -140.741 over 387 frames.
LOG (lattice-best-path[5.5]:main():lattice-best-path.cc:99) For utterance BAC009S0908W0319, best cost 111.01 + -285.097 = -174.088 over 513 frames.
LOG (lattice-best-path[5.5]:main():lattice-best-path.cc:99) For utterance BAC009S0908W0320, best cost 74.5765 + -208.392 = -133.816 over 361 frames.
LOG (lattice-best-path[5.5]:main():lattice-best-path.cc:99) For utterance BAC009S0908W0321, best cost 131.519 + -427.771 = -296.253 over 740 frames.
LOG (lattice-best-path[5.5]:main():lattice-best-path.cc:99) For utterance BAC009S0908W0322, best cost 77.4924 + -224.923 = -147.431 over 384 frames.
LOG (lattice-best-path[5.5]:main():lattice-best-path.cc:99) For utterance BAC009S0908W0323, best cost 114.23 + -430.234 = -316.005 over 768 frames.
LOG (lattice-best-path[5.5]:main():lattice-best-path.cc:99) For utterance BAC009S0908W0324, best cost 76.8915 + -318.437 = -241.545 over 618 frames.
LOG (lattice-best-path[5.5]:main():lattice-best-path.cc:99) For utterance BAC009S0908W0325, best cost 68.2575 + -328.736 = -260.479 over 603 frames.
LOG (lattice-best-path[5.5]:main():lattice-best-path.cc:99) For utterance BAC009S0908W0326, best cost 65.8671 + -288.716 = -222.849 over 481 frames.
LOG (lattice-best-path[5.5]:main():lattice-best-path.cc:99) For utterance BAC009S0908W0327, best cost 107.062 + -387.934 = -280.872 over 685 frames.
LOG (lattice-best-path[5.5]:main():lattice-best-path.cc:99) For utterance BAC009S0908W0328, best cost 82.3624 + -228.12 = -145.758 over 431 frames.
LOG (lattice-best-path[5.5]:main():lattice-best-path.cc:99) For utterance BAC009S0908W0329, best cost 98.8525 + -415.435 = -316.582 over 804 frames.
LOG (lattice-best-path[5.5]:main():lattice-best-path.cc:99) For utterance BAC009S0908W0330, best cost 54.9857 + -244.319 = -189.333 over 469 frames.
LOG (lattice-best-path[5.5]:main():lattice-best-path.cc:99) For utterance BAC009S0908W0331, best cost 51.445 + -280.143 = -228.698 over 513 frames.
LOG (lattice-best-path[5.5]:main():lattice-best-path.cc:99) For utterance BAC009S0908W0332, best cost 108.009 + -330.643 = -222.634 over 558 frames.
LOG (lattice-best-path[5.5]:main():lattice-best-path.cc:99) For utterance BAC009S0908W0333, best cost 112.013 + -410.046 = -298.033 over 695 frames.
LOG (lattice-best-path[5.5]:main():lattice-best-path.cc:99) For utterance BAC009S0908W0334, best cost 66.1532 + -258.689 = -192.535 over 481 frames.
LOG (lattice-best-path[5.5]:main():lattice-best-path.cc:99) For utterance BAC009S0908W0335, best cost 111.045 + -395.941 = -284.896 over 788 frames.
LOG (lattice-best-path[5.5]:main():lattice-best-path.cc:99) For utterance BAC009S0908W0337, best cost 52.2585 + -208.48 = -156.221 over 391 frames.
LOG (lattice-best-path[5.5]:main():lattice-best-path.cc:99) For utterance BAC009S0908W0338, best cost 86.7373 + -236.52 = -149.782 over 413 frames.
LOG (lattice-best-path[5.5]:main():lattice-best-path.cc:99) For utterance BAC009S0908W0339, best cost 72.9296 + -241.057 = -168.128 over 416 frames.
LOG (lattice-best-path[5.5]:main():lattice-best-path.cc:99) For utterance BAC009S0908W0340, best cost 96.5718 + -214.114 = -117.542 over 411 frames.
LOG (lattice-best-path[5.5]:main():lattice-best-path.cc:99) For utterance BAC009S0908W0341, best cost 96.7765 + -303.774 = -206.998 over 575 frames.
LOG (lattice-best-path[5.5]:main():lattice-best-path.cc:99) For utterance BAC009S0908W0342, best cost 106.7 + -278.094 = -171.394 over 571 frames.
LOG (lattice-best-path[5.5]:main():lattice-best-path.cc:99) For utterance BAC009S0908W0343, best cost 75.0033 + -222.325 = -147.322 over 398 frames.
LOG (lattice-best-path[5.5]:main():lattice-best-path.cc:99) For utterance BAC009S0908W0344, best cost 77.8588 + -208.44 = -130.581 over 420 frames.
LOG (lattice-best-path[5.5]:main():lattice-best-path.cc:99) For utterance BAC009S0908W0345, best cost 96.3264 + -290.954 = -194.627 over 480 frames.
LOG (lattice-best-path[5.5]:main():lattice-best-path.cc:99) For utterance BAC009S0908W0346, best cost 92.1021 + -267.646 = -175.544 over 531 frames.
LOG (lattice-best-path[5.5]:main():lattice-best-path.cc:99) For utterance BAC009S0908W0347, best cost 91.297 + -234.293 = -142.996 over 411 frames.
LOG (lattice-best-path[5.5]:main():lattice-best-path.cc:99) For utterance BAC009S0908W0348, best cost 65.3543 + -194.154 = -128.8 over 347 frames.
LOG (lattice-best-path[5.5]:main():lattice-best-path.cc:99) For utterance BAC009S0908W0349, best cost 91.0927 + -272.656 = -181.563 over 478 frames.
LOG (lattice-best-path[5.5]:main():lattice-best-path.cc:99) For utterance BAC009S0908W0350, best cost 90.9253 + -237.594 = -146.669 over 448 frames.
LOG (lattice-best-path[5.5]:main():lattice-best-path.cc:99) For utterance BAC009S0908W0351, best cost 134.266 + -420.854 = -286.588 over 757 frames.
LOG (lattice-best-path[5.5]:main():lattice-best-path.cc:99) For utterance BAC009S0908W0352, best cost 139.15 + -463.354 = -324.204 over 836 frames.
LOG (lattice-best-path[5.5]:main():lattice-best-path.cc:99) For utterance BAC009S0908W0353, best cost 67.3601 + -218.822 = -151.461 over 367 frames.
LOG (lattice-best-path[5.5]:main():lattice-best-path.cc:99) For utterance BAC009S0908W0354, best cost 143.26 + -546.511 = -403.25 over 1047 frames.
LOG (lattice-best-path[5.5]:main():lattice-best-path.cc:99) For utterance BAC009S0908W0355, best cost 102.41 + -497.632 = -395.222 over 848 frames.
LOG (lattice-best-path[5.5]:main():lattice-best-path.cc:99) For utterance BAC009S0908W0356, best cost 116.156 + -376.084 = -259.929 over 672 frames.
LOG (lattice-best-path[5.5]:main():lattice-best-path.cc:99) For utterance BAC009S0908W0357, best cost 91.6729 + -330.669 = -238.996 over 555 frames.
LOG (lattice-best-path[5.5]:main():lattice-best-path.cc:99) For utterance BAC009S0908W0358, best cost 66.5756 + -270.575 = -204 over 514 frames.
LOG (lattice-best-path[5.5]:main():lattice-best-path.cc:99) For utterance BAC009S0908W0359, best cost 55.6091 + -185.52 = -129.911 over 317 frames.
LOG (lattice-best-path[5.5]:main():lattice-best-path.cc:99) For utterance BAC009S0908W0360, best cost 107.394 + -298.273 = -190.878 over 482 frames.
LOG (lattice-best-path[5.5]:main():lattice-best-path.cc:99) For utterance BAC009S0908W0361, best cost 98.568 + -295.055 = -196.486 over 546 frames.
LOG (lattice-best-path[5.5]:main():lattice-best-path.cc:99) For utterance BAC009S0908W0362, best cost 188.507 + -553.646 = -365.139 over 1106 frames.
LOG (lattice-best-path[5.5]:main():lattice-best-path.cc:99) For utterance BAC009S0908W0363, best cost 130.306 + -435.977 = -305.671 over 722 frames.
LOG (lattice-best-path[5.5]:main():lattice-best-path.cc:99) For utterance BAC009S0908W0364, best cost 104.672 + -286.766 = -182.094 over 468 frames.
LOG (lattice-best-path[5.5]:main():lattice-best-path.cc:99) For utterance BAC009S0908W0365, best cost 80.1319 + -250.414 = -170.282 over 429 frames.
LOG (lattice-best-path[5.5]:main():lattice-best-path.cc:99) For utterance BAC009S0908W0366, best cost 93.3163 + -286.615 = -193.299 over 508 frames.
LOG (lattice-best-path[5.5]:main():lattice-best-path.cc:99) For utterance BAC009S0908W0367, best cost 112.799 + -378.449 = -265.65 over 628 frames.
LOG (lattice-best-path[5.5]:main():lattice-best-path.cc:99) For utterance BAC009S0908W0368, best cost 102.312 + -372.888 = -270.576 over 728 frames.
LOG (lattice-best-path[5.5]:main():lattice-best-path.cc:99) For utterance BAC009S0908W0369, best cost 139.407 + -430.002 = -290.595 over 824 frames.
LOG (lattice-best-path[5.5]:main():lattice-best-path.cc:99) For utterance BAC009S0908W0370, best cost 145.13 + -406.123 = -260.994 over 738 frames.
LOG (lattice-best-path[5.5]:main():lattice-best-path.cc:99) For utterance BAC009S0908W0373, best cost 148.478 + -455.444 = -306.966 over 885 frames.
LOG (lattice-best-path[5.5]:main():lattice-best-path.cc:99) For utterance BAC009S0908W0374, best cost 81.0341 + -187.939 = -106.905 over 334 frames.
LOG (lattice-best-path[5.5]:main():lattice-best-path.cc:99) For utterance BAC009S0908W0375, best cost 88.6869 + -223.648 = -134.962 over 423 frames.
LOG (lattice-best-path[5.5]:main():lattice-best-path.cc:99) For utterance BAC009S0908W0376, best cost 71.2533 + -230.724 = -159.47 over 379 frames.
LOG (lattice-best-path[5.5]:main():lattice-best-path.cc:99) For utterance BAC009S0908W0377, best cost 81.8963 + -238.014 = -156.118 over 381 frames.
LOG (lattice-best-path[5.5]:main():lattice-best-path.cc:99) For utterance BAC009S0908W0378, best cost 193.544 + -556.596 = -363.052 over 1006 frames.
LOG (lattice-best-path[5.5]:main():lattice-best-path.cc:99) For utterance BAC009S0908W0379, best cost 127.344 + -387.421 = -260.077 over 610 frames.
LOG (lattice-best-path[5.5]:main():lattice-best-path.cc:99) For utterance BAC009S0908W0380, best cost 77.2171 + -205.074 = -127.857 over 366 frames.
LOG (lattice-best-path[5.5]:main():lattice-best-path.cc:99) For utterance BAC009S0908W0381, best cost 82.9425 + -285.66 = -202.718 over 543 frames.
LOG (lattice-best-path[5.5]:main():lattice-best-path.cc:99) For utterance BAC009S0908W0382, best cost 127.211 + -324.072 = -196.861 over 571 frames.
LOG (lattice-best-path[5.5]:main():lattice-best-path.cc:99) For utterance BAC009S0908W0383, best cost 101.434 + -316.211 = -214.777 over 588 frames.
LOG (lattice-best-path[5.5]:main():lattice-best-path.cc:99) For utterance BAC009S0908W0384, best cost 93.9708 + -244.695 = -150.724 over 443 frames.
LOG (lattice-best-path[5.5]:main():lattice-best-path.cc:99) For utterance BAC009S0908W0385, best cost 63.3543 + -184.255 = -120.901 over 329 frames.
LOG (lattice-best-path[5.5]:main():lattice-best-path.cc:99) For utterance BAC009S0908W0386, best cost 129.821 + -313.423 = -183.602 over 569 frames.
LOG (lattice-best-path[5.5]:main():lattice-best-path.cc:99) For utterance BAC009S0908W0387, best cost 56.6773 + -168.648 = -111.971 over 303 frames.
LOG (lattice-best-path[5.5]:main():lattice-best-path.cc:99) For utterance BAC009S0908W0388, best cost 65.0309 + -212.797 = -147.767 over 405 frames.
LOG (lattice-best-path[5.5]:main():lattice-best-path.cc:99) For utterance BAC009S0908W0389, best cost 113.16 + -297.433 = -184.274 over 520 frames.
LOG (lattice-best-path[5.5]:main():lattice-best-path.cc:99) For utterance BAC009S0908W0391, best cost 92.5913 + -260.649 = -168.057 over 448 frames.
LOG (lattice-best-path[5.5]:main():lattice-best-path.cc:99) For utterance BAC009S0908W0392, best cost 115.168 + -266.901 = -151.733 over 449 frames.
LOG (lattice-best-path[5.5]:main():lattice-best-path.cc:99) For utterance BAC009S0908W0393, best cost 122.835 + -329.442 = -206.607 over 648 frames.
LOG (lattice-best-path[5.5]:main():lattice-best-path.cc:99) For utterance BAC009S0908W0395, best cost 155.232 + -492.773 = -337.541 over 874 frames.
LOG (lattice-best-path[5.5]:main():lattice-best-path.cc:99) For utterance BAC009S0908W0396, best cost 171.022 + -505.782 = -334.761 over 918 frames.
LOG (lattice-best-path[5.5]:main():lattice-best-path.cc:99) For utterance BAC009S0908W0397, best cost 112.202 + -263.109 = -150.907 over 488 frames.
LOG (lattice-best-path[5.5]:main():lattice-best-path.cc:99) For utterance BAC009S0908W0398, best cost 118.115 + -340.552 = -222.438 over 618 frames.
LOG (lattice-best-path[5.5]:main():lattice-best-path.cc:99) For utterance BAC009S0908W0399, best cost 121.439 + -359.712 = -238.273 over 591 frames.
LOG (lattice-best-path[5.5]:main():lattice-best-path.cc:99) For utterance BAC009S0908W0400, best cost 115.56 + -355.776 = -240.216 over 567 frames.
LOG (lattice-best-path[5.5]:main():lattice-best-path.cc:99) For utterance BAC009S0908W0401, best cost 78.6142 + -306.192 = -227.578 over 569 frames.
LOG (lattice-best-path[5.5]:main():lattice-best-path.cc:99) For utterance BAC009S0908W0402, best cost 66.8007 + -183.877 = -117.076 over 340 frames.
LOG (lattice-best-path[5.5]:main():lattice-best-path.cc:99) For utterance BAC009S0908W0404, best cost 104.928 + -344.497 = -239.569 over 615 frames.
LOG (lattice-best-path[5.5]:main():lattice-best-path.cc:99) For utterance BAC009S0908W0405, best cost 89.0073 + -265.42 = -176.413 over 516 frames.
LOG (lattice-best-path[5.5]:main():lattice-best-path.cc:99) For utterance BAC009S0908W0406, best cost 89.6123 + -289.374 = -199.761 over 524 frames.
LOG (lattice-best-path[5.5]:main():lattice-best-path.cc:99) For utterance BAC009S0908W0407, best cost 78.3875 + -291.033 = -212.646 over 498 frames.
LOG (lattice-best-path[5.5]:main():lattice-best-path.cc:99) For utterance BAC009S0908W0408, best cost 84.1577 + -213.264 = -129.106 over 359 frames.
LOG (lattice-best-path[5.5]:main():lattice-best-path.cc:99) For utterance BAC009S0908W0409, best cost 107.439 + -344.104 = -236.665 over 627 frames.
LOG (lattice-best-path[5.5]:main():lattice-best-path.cc:99) For utterance BAC009S0908W0410, best cost 78.7795 + -238.611 = -159.832 over 484 frames.
LOG (lattice-best-path[5.5]:main():lattice-best-path.cc:99) For utterance BAC009S0908W0411, best cost 83.136 + -287.417 = -204.281 over 505 frames.
LOG (lattice-best-path[5.5]:main():lattice-best-path.cc:99) For utterance BAC009S0908W0412, best cost 38.2909 + -285.903 = -247.612 over 471 frames.
LOG (lattice-best-path[5.5]:main():lattice-best-path.cc:99) For utterance BAC009S0908W0413, best cost 71.3482 + -240.481 = -169.133 over 448 frames.
LOG (lattice-best-path[5.5]:main():lattice-best-path.cc:99) For utterance BAC009S0908W0414, best cost 87.0798 + -252.462 = -165.383 over 458 frames.
LOG (lattice-best-path[5.5]:main():lattice-best-path.cc:99) For utterance BAC009S0908W0415, best cost 53.8087 + -155.245 = -101.436 over 285 frames.
LOG (lattice-best-path[5.5]:main():lattice-best-path.cc:99) For utterance BAC009S0908W0416, best cost 95.9352 + -214.662 = -118.727 over 374 frames.
LOG (lattice-best-path[5.5]:main():lattice-best-path.cc:99) For utterance BAC009S0908W0417, best cost 130.477 + -322.2 = -191.723 over 580 frames.
LOG (lattice-best-path[5.5]:main():lattice-best-path.cc:99) For utterance BAC009S0908W0418, best cost 38.1542 + -313.497 = -275.343 over 574 frames.
LOG (lattice-best-path[5.5]:main():lattice-best-path.cc:99) For utterance BAC009S0908W0419, best cost 70.3823 + -261.571 = -191.189 over 448 frames.
LOG (lattice-best-path[5.5]:main():lattice-best-path.cc:99) For utterance BAC009S0908W0420, best cost 109.001 + -347.277 = -238.276 over 659 frames.
LOG (lattice-best-path[5.5]:main():lattice-best-path.cc:99) For utterance BAC009S0908W0421, best cost 51.3206 + -158.482 = -107.162 over 295 frames.
LOG (lattice-best-path[5.5]:main():lattice-best-path.cc:99) For utterance BAC009S0908W0422, best cost 58.7527 + -146.709 = -87.9565 over 281 frames.
LOG (lattice-best-path[5.5]:main():lattice-best-path.cc:99) For utterance BAC009S0908W0423, best cost 92.1065 + -338.055 = -245.949 over 591 frames.
LOG (lattice-best-path[5.5]:main():lattice-best-path.cc:99) For utterance BAC009S0908W0424, best cost 102.663 + -274.317 = -171.654 over 450 frames.
LOG (lattice-best-path[5.5]:main():lattice-best-path.cc:99) For utterance BAC009S0908W0425, best cost 60.7051 + -180.061 = -119.355 over 334 frames.
LOG (lattice-best-path[5.5]:main():lattice-best-path.cc:99) For utterance BAC009S0908W0426, best cost 42.1582 + -243.225 = -201.067 over 428 frames.
LOG (lattice-best-path[5.5]:main():lattice-best-path.cc:99) For utterance BAC009S0908W0427, best cost 81.8058 + -220.101 = -138.296 over 410 frames.
LOG (lattice-best-path[5.5]:main():lattice-best-path.cc:99) For utterance BAC009S0908W0428, best cost 66.0476 + -198.075 = -132.027 over 359 frames.
LOG (lattice-best-path[5.5]:main():lattice-best-path.cc:99) For utterance BAC009S0908W0429, best cost 53.809 + -140.539 = -86.7296 over 263 frames.
LOG (lattice-best-path[5.5]:main():lattice-best-path.cc:99) For utterance BAC009S0908W0430, best cost 90.881 + -193.944 = -103.063 over 372 frames.
LOG (lattice-best-path[5.5]:main():lattice-best-path.cc:99) For utterance BAC009S0908W0431, best cost 95.4609 + -213.95 = -118.489 over 376 frames.
LOG (lattice-best-path[5.5]:main():lattice-best-path.cc:99) For utterance BAC009S0908W0432, best cost 76.2929 + -217.163 = -140.87 over 428 frames.
LOG (lattice-best-path[5.5]:main():lattice-best-path.cc:99) For utterance BAC009S0908W0433, best cost 123.862 + -489.743 = -365.881 over 959 frames.
LOG (lattice-best-path[5.5]:main():lattice-best-path.cc:99) For utterance BAC009S0908W0434, best cost 106.381 + -294.128 = -187.747 over 526 frames.
LOG (lattice-best-path[5.5]:main():lattice-best-path.cc:99) For utterance BAC009S0908W0435, best cost 83.5995 + -235.629 = -152.03 over 389 frames.
LOG (lattice-best-path[5.5]:main():lattice-best-path.cc:99) For utterance BAC009S0908W0436, best cost 78.7395 + -216.472 = -137.732 over 432 frames.
LOG (lattice-best-path[5.5]:main():lattice-best-path.cc:99) For utterance BAC009S0908W0437, best cost 181.038 + -461.587 = -280.549 over 859 frames.
LOG (lattice-best-path[5.5]:main():lattice-best-path.cc:99) For utterance BAC009S0908W0438, best cost 154.623 + -404.577 = -249.954 over 810 frames.
LOG (lattice-best-path[5.5]:main():lattice-best-path.cc:99) For utterance BAC009S0908W0439, best cost 78.5171 + -245.186 = -166.669 over 493 frames.
LOG (lattice-best-path[5.5]:main():lattice-best-path.cc:99) For utterance BAC009S0908W0440, best cost 134.436 + -381.461 = -247.025 over 671 frames.
LOG (lattice-best-path[5.5]:main():lattice-best-path.cc:99) For utterance BAC009S0908W0441, best cost 119.952 + -423.393 = -303.442 over 850 frames.
LOG (lattice-best-path[5.5]:main():lattice-best-path.cc:99) For utterance BAC009S0908W0442, best cost 116.435 + -395.436 = -279.001 over 704 frames.
LOG (lattice-best-path[5.5]:main():lattice-best-path.cc:99) For utterance BAC009S0908W0443, best cost 140.698 + -432.214 = -291.517 over 715 frames.
LOG (lattice-best-path[5.5]:main():lattice-best-path.cc:99) For utterance BAC009S0908W0444, best cost 144.125 + -430.911 = -286.785 over 772 frames.
LOG (lattice-best-path[5.5]:main():lattice-best-path.cc:99) For utterance BAC009S0908W0445, best cost 73.7009 + -222.671 = -148.97 over 364 frames.
LOG (lattice-best-path[5.5]:main():lattice-best-path.cc:99) For utterance BAC009S0908W0446, best cost 97.2096 + -301.197 = -203.988 over 484 frames.
LOG (lattice-best-path[5.5]:main():lattice-best-path.cc:99) For utterance BAC009S0908W0447, best cost 140.564 + -444.439 = -303.875 over 828 frames.
LOG (lattice-best-path[5.5]:main():lattice-best-path.cc:99) For utterance BAC009S0908W0448, best cost 70.3952 + -224.467 = -154.072 over 391 frames.
LOG (lattice-best-path[5.5]:main():lattice-best-path.cc:99) For utterance BAC009S0908W0449, best cost 126.521 + -387.973 = -261.452 over 674 frames.
LOG (lattice-best-path[5.5]:main():lattice-best-path.cc:99) For utterance BAC009S0908W0450, best cost 68.3515 + -276.482 = -208.13 over 507 frames.
LOG (lattice-best-path[5.5]:main():lattice-best-path.cc:99) For utterance BAC009S0908W0451, best cost 125.581 + -354.086 = -228.505 over 584 frames.
LOG (lattice-best-path[5.5]:main():lattice-best-path.cc:99) For utterance BAC009S0908W0452, best cost 86.6958 + -337.256 = -250.56 over 654 frames.
LOG (lattice-best-path[5.5]:main():lattice-best-path.cc:99) For utterance BAC009S0908W0453, best cost 123.511 + -336.374 = -212.863 over 599 frames.
LOG (lattice-best-path[5.5]:main():lattice-best-path.cc:99) For utterance BAC009S0908W0454, best cost 84.2932 + -242.315 = -158.022 over 457 frames.
LOG (lattice-best-path[5.5]:main():lattice-best-path.cc:99) For utterance BAC009S0908W0455, best cost 162.061 + -458.357 = -296.296 over 791 frames.
LOG (lattice-best-path[5.5]:main():lattice-best-path.cc:99) For utterance BAC009S0908W0456, best cost 130.95 + -372.724 = -241.774 over 748 frames.
LOG (lattice-best-path[5.5]:main():lattice-best-path.cc:99) For utterance BAC009S0908W0457, best cost 59.74 + -202.248 = -142.508 over 348 frames.
LOG (lattice-best-path[5.5]:main():lattice-best-path.cc:99) For utterance BAC009S0908W0458, best cost 117.13 + -281.805 = -164.675 over 485 frames.
LOG (lattice-best-path[5.5]:main():lattice-best-path.cc:99) For utterance BAC009S0908W0459, best cost 87.6804 + -229.006 = -141.326 over 408 frames.
LOG (lattice-best-path[5.5]:main():lattice-best-path.cc:99) For utterance BAC009S0908W0460, best cost 126.919 + -455.674 = -328.755 over 840 frames.
LOG (lattice-best-path[5.5]:main():lattice-best-path.cc:99) For utterance BAC009S0908W0461, best cost 59.4556 + -210.322 = -150.867 over 398 frames.
LOG (lattice-best-path[5.5]:main():lattice-best-path.cc:99) For utterance BAC009S0908W0462, best cost 167.016 + -512.002 = -344.986 over 984 frames.
LOG (lattice-best-path[5.5]:main():lattice-best-path.cc:99) For utterance BAC009S0908W0463, best cost 67.1952 + -245.264 = -178.069 over 455 frames.
LOG (lattice-best-path[5.5]:main():lattice-best-path.cc:99) For utterance BAC009S0908W0464, best cost 41.7134 + -189.342 = -147.629 over 382 frames.
LOG (lattice-best-path[5.5]:main():lattice-best-path.cc:99) For utterance BAC009S0908W0465, best cost 67.7419 + -247.07 = -179.328 over 456 frames.
LOG (lattice-best-path[5.5]:main():lattice-best-path.cc:99) For utterance BAC009S0908W0466, best cost 66.3663 + -219.116 = -152.75 over 383 frames.
LOG (lattice-best-path[5.5]:main():lattice-best-path.cc:99) For utterance BAC009S0908W0467, best cost 110.239 + -349.688 = -239.449 over 623 frames.
LOG (lattice-best-path[5.5]:main():lattice-best-path.cc:99) For utterance BAC009S0908W0468, best cost 130.574 + -338.743 = -208.169 over 582 frames.
LOG (lattice-best-path[5.5]:main():lattice-best-path.cc:99) For utterance BAC009S0908W0469, best cost 60.165 + -232.421 = -172.257 over 405 frames.
LOG (lattice-best-path[5.5]:main():lattice-best-path.cc:99) For utterance BAC009S0908W0470, best cost 177.528 + -523.166 = -345.638 over 1022 frames.
LOG (lattice-best-path[5.5]:main():lattice-best-path.cc:99) For utterance BAC009S0908W0471, best cost 61.4911 + -263.548 = -202.057 over 449 frames.
LOG (lattice-best-path[5.5]:main():lattice-best-path.cc:99) For utterance BAC009S0908W0472, best cost 125.552 + -364.002 = -238.45 over 604 frames.
LOG (lattice-best-path[5.5]:main():lattice-best-path.cc:99) For utterance BAC009S0908W0473, best cost 47.23 + -218.7 = -171.47 over 398 frames.
LOG (lattice-best-path[5.5]:main():lattice-best-path.cc:99) For utterance BAC009S0908W0474, best cost 127.81 + -399.559 = -271.748 over 734 frames.
LOG (lattice-best-path[5.5]:main():lattice-best-path.cc:99) For utterance BAC009S0908W0475, best cost 58.2467 + -230.949 = -172.702 over 407 frames.
LOG (lattice-best-path[5.5]:main():lattice-best-path.cc:99) For utterance BAC009S0908W0476, best cost 147.695 + -425.567 = -277.872 over 728 frames.
LOG (lattice-best-path[5.5]:main():lattice-best-path.cc:99) For utterance BAC009S0908W0477, best cost 80.0491 + -329.575 = -249.526 over 606 frames.
LOG (lattice-best-path[5.5]:main():lattice-best-path.cc:99) For utterance BAC009S0908W0478, best cost 135.303 + -369.613 = -234.31 over 691 frames.
LOG (lattice-best-path[5.5]:main():lattice-best-path.cc:99) For utterance BAC009S0908W0479, best cost 134.577 + -436.984 = -302.407 over 742 frames.
LOG (lattice-best-path[5.5]:main():lattice-best-path.cc:99) For utterance BAC009S0908W0480, best cost 153.99 + -426.837 = -272.847 over 769 frames.
LOG (lattice-best-path[5.5]:main():lattice-best-path.cc:99) For utterance BAC009S0908W0481, best cost 67.0565 + -276.499 = -209.443 over 542 frames.
LOG (lattice-best-path[5.5]:main():lattice-best-path.cc:99) For utterance BAC009S0908W0482, best cost 99.0711 + -261.865 = -162.794 over 490 frames.
LOG (lattice-best-path[5.5]:main():lattice-best-path.cc:99) For utterance BAC009S0908W0483, best cost 103.202 + -311.096 = -207.894 over 533 frames.
LOG (lattice-best-path[5.5]:main():lattice-best-path.cc:99) For utterance BAC009S0908W0484, best cost 103.514 + -261.459 = -157.945 over 471 frames.
LOG (lattice-best-path[5.5]:main():lattice-best-path.cc:99) For utterance BAC009S0908W0485, best cost 81.3945 + -220.384 = -138.989 over 372 frames.
LOG (lattice-best-path[5.5]:main():lattice-best-path.cc:99) For utterance BAC009S0908W0486, best cost 153.802 + -505.642 = -351.84 over 958 frames.
LOG (lattice-best-path[5.5]:main():lattice-best-path.cc:99) For utterance BAC009S0908W0487, best cost 149.794 + -493.58 = -343.786 over 922 frames.
LOG (lattice-best-path[5.5]:main():lattice-best-path.cc:99) For utterance BAC009S0908W0488, best cost 155.623 + -414.528 = -258.905 over 659 frames.
LOG (lattice-best-path[5.5]:main():lattice-best-path.cc:99) For utterance BAC009S0908W0489, best cost 81.6093 + -335.829 = -254.22 over 617 frames.
LOG (lattice-best-path[5.5]:main():lattice-best-path.cc:99) For utterance BAC009S0908W0490, best cost 118.231 + -346.664 = -228.433 over 603 frames.
LOG (lattice-best-path[5.5]:main():lattice-best-path.cc:99) For utterance BAC009S0908W0491, best cost 158.96 + -464.633 = -305.672 over 860 frames.
LOG (lattice-best-path[5.5]:main():lattice-best-path.cc:99) For utterance BAC009S0908W0492, best cost 74.4057 + -328.531 = -254.125 over 606 frames.
LOG (lattice-best-path[5.5]:main():lattice-best-path.cc:99) For utterance BAC009S0908W0493, best cost 68.5307 + -228.212 = -159.681 over 377 frames.
LOG (lattice-depth-per-frame[5.5]:main():lattice-depth-per-frame.cc:82) Done 353 lattices.
LOG (lattice-best-path[5.5]:main():lattice-best-path.cc:99) For utterance BAC009S0908W0494, best cost 96.6851 + -280.377 = -183.691 over 475 frames.
LOG (lattice-best-path[5.5]:main():lattice-best-path.cc:99) For utterance BAC009S0908W0495, best cost 65.5651 + -175.925 = -110.36 over 333 frames.
LOG (lattice-best-path[5.5]:main():lattice-best-path.cc:124) Overall cost per frame is -0.388172 = 0.173329 [graph] + -0.561501 [acoustic] over 196254 frames.
LOG (lattice-best-path[5.5]:main():lattice-best-path.cc:128) Done 353 lattices, failed for 0
# Accounting: time=3 threads=1
# Ended (code 0) at Sat Jun 18 23:01:55 CST 2022, elapsed time 3 seconds
