# lattice-depth-per-frame "ark:gunzip -c exp/nnet3/new_dnn_sp/decode_test/lat.19.gz|" "ark,t:|gzip -c > exp/nnet3/new_dnn_sp/decode_test/depth_tmp.19.gz" ark:- | lattice-best-path --acoustic-scale=0.1 ark:- ark:/dev/null "ark,t:|gzip -c >exp/nnet3/new_dnn_sp/decode_test/ali_tmp.19.gz" 
# Started at Sat Jun 18 23:01:55 CST 2022
#
lattice-best-path --acoustic-scale=0.1 ark:- ark:/dev/null 'ark,t:|gzip -c >exp/nnet3/new_dnn_sp/decode_test/ali_tmp.19.gz' 
lattice-depth-per-frame 'ark:gunzip -c exp/nnet3/new_dnn_sp/decode_test/lat.19.gz|' 'ark,t:|gzip -c > exp/nnet3/new_dnn_sp/decode_test/depth_tmp.19.gz' ark:- 
LOG (lattice-best-path[5.5]:main():lattice-best-path.cc:99) For utterance BAC009S0915W0121, best cost 44.0714 + -166.639 = -122.567 over 290 frames.
LOG (lattice-best-path[5.5]:main():lattice-best-path.cc:99) For utterance BAC009S0915W0122, best cost 95.716 + -336.904 = -241.188 over 585 frames.
LOG (lattice-best-path[5.5]:main():lattice-best-path.cc:99) For utterance BAC009S0915W0123, best cost 73.221 + -204.333 = -131.112 over 348 frames.
LOG (lattice-best-path[5.5]:main():lattice-best-path.cc:99) For utterance BAC009S0915W0124, best cost 40.5085 + -200.74 = -160.232 over 364 frames.
LOG (lattice-best-path[5.5]:main():lattice-best-path.cc:99) For utterance BAC009S0915W0125, best cost 85.9634 + -357.691 = -271.728 over 571 frames.
LOG (lattice-best-path[5.5]:main():lattice-best-path.cc:99) For utterance BAC009S0915W0126, best cost 68.0667 + -275.27 = -207.203 over 489 frames.
LOG (lattice-best-path[5.5]:main():lattice-best-path.cc:99) For utterance BAC009S0915W0127, best cost 94.3883 + -327.611 = -233.223 over 536 frames.
LOG (lattice-best-path[5.5]:main():lattice-best-path.cc:99) For utterance BAC009S0915W0128, best cost 68.0592 + -194.739 = -126.68 over 362 frames.
LOG (lattice-best-path[5.5]:main():lattice-best-path.cc:99) For utterance BAC009S0915W0129, best cost 91.475 + -284.407 = -192.932 over 505 frames.
LOG (lattice-best-path[5.5]:main():lattice-best-path.cc:99) For utterance BAC009S0915W0130, best cost 71.1663 + -245.899 = -174.732 over 406 frames.
LOG (lattice-best-path[5.5]:main():lattice-best-path.cc:99) For utterance BAC009S0915W0131, best cost 106.302 + -359.557 = -253.255 over 606 frames.
LOG (lattice-best-path[5.5]:main():lattice-best-path.cc:99) For utterance BAC009S0915W0132, best cost 125.875 + -494.643 = -368.768 over 1020 frames.
LOG (lattice-best-path[5.5]:main():lattice-best-path.cc:99) For utterance BAC009S0915W0133, best cost 104.343 + -384.197 = -279.855 over 757 frames.
LOG (lattice-best-path[5.5]:main():lattice-best-path.cc:99) For utterance BAC009S0915W0134, best cost 50.2997 + -132.212 = -81.9121 over 251 frames.
LOG (lattice-best-path[5.5]:main():lattice-best-path.cc:99) For utterance BAC009S0915W0135, best cost 79.8121 + -303.366 = -223.554 over 554 frames.
LOG (lattice-best-path[5.5]:main():lattice-best-path.cc:99) For utterance BAC009S0915W0136, best cost 67.4926 + -243.662 = -176.169 over 413 frames.
LOG (lattice-best-path[5.5]:main():lattice-best-path.cc:99) For utterance BAC009S0915W0137, best cost 86.0084 + -284.986 = -198.978 over 544 frames.
LOG (lattice-best-path[5.5]:main():lattice-best-path.cc:99) For utterance BAC009S0915W0138, best cost 46.9734 + -215.279 = -168.305 over 425 frames.
LOG (lattice-best-path[5.5]:main():lattice-best-path.cc:99) For utterance BAC009S0915W0139, best cost 79.943 + -262.47 = -182.527 over 482 frames.
LOG (lattice-best-path[5.5]:main():lattice-best-path.cc:99) For utterance BAC009S0915W0140, best cost 40.9113 + -123.009 = -82.0981 over 246 frames.
LOG (lattice-best-path[5.5]:main():lattice-best-path.cc:99) For utterance BAC009S0915W0141, best cost 93.0283 + -310.958 = -217.93 over 531 frames.
LOG (lattice-best-path[5.5]:main():lattice-best-path.cc:99) For utterance BAC009S0915W0142, best cost 70.0062 + -273.204 = -203.198 over 505 frames.
LOG (lattice-best-path[5.5]:main():lattice-best-path.cc:99) For utterance BAC009S0915W0143, best cost 72.286 + -219.543 = -147.257 over 408 frames.
LOG (lattice-best-path[5.5]:main():lattice-best-path.cc:99) For utterance BAC009S0915W0144, best cost 113.743 + -386.022 = -272.279 over 698 frames.
LOG (lattice-best-path[5.5]:main():lattice-best-path.cc:99) For utterance BAC009S0915W0145, best cost 85.3994 + -214.423 = -129.024 over 379 frames.
LOG (lattice-best-path[5.5]:main():lattice-best-path.cc:99) For utterance BAC009S0915W0146, best cost 83.5541 + -206.381 = -122.827 over 382 frames.
LOG (lattice-best-path[5.5]:main():lattice-best-path.cc:99) For utterance BAC009S0915W0147, best cost 97.9623 + -258.995 = -161.033 over 451 frames.
LOG (lattice-best-path[5.5]:main():lattice-best-path.cc:99) For utterance BAC009S0915W0148, best cost 58.9963 + -200.013 = -141.017 over 343 frames.
LOG (lattice-best-path[5.5]:main():lattice-best-path.cc:99) For utterance BAC009S0915W0149, best cost 56.8677 + -171.211 = -114.343 over 353 frames.
LOG (lattice-best-path[5.5]:main():lattice-best-path.cc:99) For utterance BAC009S0915W0150, best cost 111.459 + -325.9 = -214.441 over 561 frames.
LOG (lattice-best-path[5.5]:main():lattice-best-path.cc:99) For utterance BAC009S0915W0151, best cost 157.069 + -526.227 = -369.159 over 1147 frames.
LOG (lattice-best-path[5.5]:main():lattice-best-path.cc:99) For utterance BAC009S0915W0152, best cost 109.767 + -450.416 = -340.649 over 931 frames.
LOG (lattice-best-path[5.5]:main():lattice-best-path.cc:99) For utterance BAC009S0915W0153, best cost 114.412 + -470.211 = -355.8 over 948 frames.
LOG (lattice-best-path[5.5]:main():lattice-best-path.cc:99) For utterance BAC009S0915W0154, best cost 69.1479 + -311.522 = -242.375 over 506 frames.
LOG (lattice-best-path[5.5]:main():lattice-best-path.cc:99) For utterance BAC009S0915W0155, best cost 101.724 + -424.731 = -323.008 over 834 frames.
LOG (lattice-best-path[5.5]:main():lattice-best-path.cc:99) For utterance BAC009S0915W0156, best cost 86.2043 + -276.917 = -190.713 over 525 frames.
LOG (lattice-best-path[5.5]:main():lattice-best-path.cc:99) For utterance BAC009S0915W0157, best cost 98.4059 + -352.458 = -254.052 over 735 frames.
LOG (lattice-best-path[5.5]:main():lattice-best-path.cc:99) For utterance BAC009S0915W0158, best cost 52.6872 + -144.578 = -91.8903 over 298 frames.
LOG (lattice-best-path[5.5]:main():lattice-best-path.cc:99) For utterance BAC009S0915W0159, best cost 86.9038 + -334.89 = -247.986 over 665 frames.
LOG (lattice-best-path[5.5]:main():lattice-best-path.cc:99) For utterance BAC009S0915W0160, best cost 70.7611 + -309.659 = -238.898 over 644 frames.
LOG (lattice-best-path[5.5]:main():lattice-best-path.cc:99) For utterance BAC009S0915W0161, best cost 93.4767 + -343.12 = -249.643 over 782 frames.
LOG (lattice-best-path[5.5]:main():lattice-best-path.cc:99) For utterance BAC009S0915W0162, best cost 47.3919 + -210.715 = -163.323 over 376 frames.
LOG (lattice-best-path[5.5]:main():lattice-best-path.cc:99) For utterance BAC009S0915W0163, best cost 119.548 + -372.539 = -252.991 over 708 frames.
LOG (lattice-best-path[5.5]:main():lattice-best-path.cc:99) For utterance BAC009S0915W0164, best cost 100.051 + -344.389 = -244.337 over 633 frames.
LOG (lattice-best-path[5.5]:main():lattice-best-path.cc:99) For utterance BAC009S0915W0166, best cost 144.82 + -418.141 = -273.32 over 798 frames.
LOG (lattice-best-path[5.5]:main():lattice-best-path.cc:99) For utterance BAC009S0915W0167, best cost 154.534 + -508.453 = -353.919 over 1094 frames.
LOG (lattice-best-path[5.5]:main():lattice-best-path.cc:99) For utterance BAC009S0915W0168, best cost 87.911 + -283.28 = -195.37 over 514 frames.
LOG (lattice-best-path[5.5]:main():lattice-best-path.cc:99) For utterance BAC009S0915W0169, best cost 140.852 + -502.347 = -361.495 over 1035 frames.
LOG (lattice-best-path[5.5]:main():lattice-best-path.cc:99) For utterance BAC009S0915W0170, best cost 98.7988 + -284.272 = -185.473 over 533 frames.
LOG (lattice-best-path[5.5]:main():lattice-best-path.cc:99) For utterance BAC009S0915W0171, best cost 90.2836 + -318.671 = -228.387 over 616 frames.
LOG (lattice-best-path[5.5]:main():lattice-best-path.cc:99) For utterance BAC009S0915W0172, best cost 116.622 + -345.643 = -229.021 over 667 frames.
LOG (lattice-best-path[5.5]:main():lattice-best-path.cc:99) For utterance BAC009S0915W0174, best cost 67.2686 + -202.915 = -135.646 over 352 frames.
LOG (lattice-best-path[5.5]:main():lattice-best-path.cc:99) For utterance BAC009S0915W0175, best cost 137.821 + -396.847 = -259.026 over 798 frames.
LOG (lattice-best-path[5.5]:main():lattice-best-path.cc:99) For utterance BAC009S0915W0176, best cost 123.173 + -452.573 = -329.4 over 956 frames.
LOG (lattice-best-path[5.5]:main():lattice-best-path.cc:99) For utterance BAC009S0915W0177, best cost 54.5775 + -223.501 = -168.924 over 404 frames.
LOG (lattice-best-path[5.5]:main():lattice-best-path.cc:99) For utterance BAC009S0915W0178, best cost 49.1907 + -164.783 = -115.593 over 317 frames.
LOG (lattice-best-path[5.5]:main():lattice-best-path.cc:99) For utterance BAC009S0915W0179, best cost 39.6891 + -143.857 = -104.168 over 277 frames.
LOG (lattice-best-path[5.5]:main():lattice-best-path.cc:99) For utterance BAC009S0915W0180, best cost 191.898 + -548.712 = -356.814 over 1099 frames.
LOG (lattice-best-path[5.5]:main():lattice-best-path.cc:99) For utterance BAC009S0915W0181, best cost 98.5285 + -240.088 = -141.559 over 422 frames.
LOG (lattice-best-path[5.5]:main():lattice-best-path.cc:99) For utterance BAC009S0915W0182, best cost 46.2142 + -168.699 = -122.485 over 314 frames.
LOG (lattice-best-path[5.5]:main():lattice-best-path.cc:99) For utterance BAC009S0915W0184, best cost 95.5432 + -250.839 = -155.296 over 458 frames.
LOG (lattice-best-path[5.5]:main():lattice-best-path.cc:99) For utterance BAC009S0915W0185, best cost 51.1089 + -166.49 = -115.381 over 315 frames.
LOG (lattice-best-path[5.5]:main():lattice-best-path.cc:99) For utterance BAC009S0915W0186, best cost 60.4429 + -177.499 = -117.056 over 320 frames.
LOG (lattice-best-path[5.5]:main():lattice-best-path.cc:99) For utterance BAC009S0915W0187, best cost 147.74 + -430.323 = -282.583 over 779 frames.
LOG (lattice-best-path[5.5]:main():lattice-best-path.cc:99) For utterance BAC009S0915W0188, best cost 88.6879 + -300.649 = -211.961 over 523 frames.
LOG (lattice-best-path[5.5]:main():lattice-best-path.cc:99) For utterance BAC009S0915W0189, best cost 52.2261 + -190.525 = -138.299 over 349 frames.
LOG (lattice-best-path[5.5]:main():lattice-best-path.cc:99) For utterance BAC009S0915W0190, best cost 77.5737 + -218.264 = -140.69 over 417 frames.
LOG (lattice-best-path[5.5]:main():lattice-best-path.cc:99) For utterance BAC009S0915W0191, best cost 52.2108 + -196.822 = -144.611 over 366 frames.
LOG (lattice-best-path[5.5]:main():lattice-best-path.cc:99) For utterance BAC009S0915W0192, best cost 118.28 + -438.901 = -320.621 over 847 frames.
LOG (lattice-best-path[5.5]:main():lattice-best-path.cc:99) For utterance BAC009S0915W0193, best cost 141.527 + -482.651 = -341.125 over 1071 frames.
LOG (lattice-best-path[5.5]:main():lattice-best-path.cc:99) For utterance BAC009S0915W0194, best cost 103.443 + -355.709 = -252.266 over 713 frames.
LOG (lattice-best-path[5.5]:main():lattice-best-path.cc:99) For utterance BAC009S0915W0195, best cost 78.6574 + -273.101 = -194.444 over 495 frames.
LOG (lattice-best-path[5.5]:main():lattice-best-path.cc:99) For utterance BAC009S0915W0196, best cost 58.1505 + -138.305 = -80.1546 over 276 frames.
LOG (lattice-best-path[5.5]:main():lattice-best-path.cc:99) For utterance BAC009S0915W0197, best cost 41.5395 + -146.255 = -104.716 over 286 frames.
LOG (lattice-best-path[5.5]:main():lattice-best-path.cc:99) For utterance BAC009S0915W0198, best cost 91.6839 + -263.381 = -171.697 over 434 frames.
LOG (lattice-best-path[5.5]:main():lattice-best-path.cc:99) For utterance BAC009S0915W0199, best cost 137.534 + -597.607 = -460.073 over 1262 frames.
LOG (lattice-best-path[5.5]:main():lattice-best-path.cc:99) For utterance BAC009S0915W0200, best cost 58.0882 + -203.71 = -145.622 over 370 frames.
LOG (lattice-best-path[5.5]:main():lattice-best-path.cc:99) For utterance BAC009S0915W0201, best cost 117.651 + -440.985 = -323.334 over 930 frames.
LOG (lattice-best-path[5.5]:main():lattice-best-path.cc:99) For utterance BAC009S0915W0202, best cost 186.876 + -554.864 = -367.989 over 1160 frames.
LOG (lattice-best-path[5.5]:main():lattice-best-path.cc:99) For utterance BAC009S0915W0203, best cost 93.7709 + -318.001 = -224.23 over 565 frames.
LOG (lattice-best-path[5.5]:main():lattice-best-path.cc:99) For utterance BAC009S0915W0204, best cost 123.437 + -545.132 = -421.695 over 1185 frames.
LOG (lattice-best-path[5.5]:main():lattice-best-path.cc:99) For utterance BAC009S0915W0205, best cost 74.8176 + -297.951 = -223.133 over 615 frames.
LOG (lattice-best-path[5.5]:main():lattice-best-path.cc:99) For utterance BAC009S0915W0206, best cost 125.412 + -421.175 = -295.762 over 829 frames.
LOG (lattice-best-path[5.5]:main():lattice-best-path.cc:99) For utterance BAC009S0915W0207, best cost 107.372 + -293.341 = -185.969 over 527 frames.
LOG (lattice-best-path[5.5]:main():lattice-best-path.cc:99) For utterance BAC009S0915W0208, best cost 64.3436 + -219.789 = -155.445 over 375 frames.
LOG (lattice-best-path[5.5]:main():lattice-best-path.cc:99) For utterance BAC009S0915W0209, best cost 132.889 + -469.565 = -336.676 over 910 frames.
LOG (lattice-best-path[5.5]:main():lattice-best-path.cc:99) For utterance BAC009S0915W0210, best cost 94.5869 + -295.698 = -201.111 over 504 frames.
LOG (lattice-best-path[5.5]:main():lattice-best-path.cc:99) For utterance BAC009S0915W0211, best cost 164.491 + -559.672 = -395.181 over 1126 frames.
LOG (lattice-best-path[5.5]:main():lattice-best-path.cc:99) For utterance BAC009S0915W0212, best cost 104.355 + -357.241 = -252.885 over 647 frames.
LOG (lattice-best-path[5.5]:main():lattice-best-path.cc:99) For utterance BAC009S0915W0213, best cost 108.718 + -372.805 = -264.087 over 785 frames.
LOG (lattice-best-path[5.5]:main():lattice-best-path.cc:99) For utterance BAC009S0915W0214, best cost 99.1921 + -447.508 = -348.316 over 899 frames.
LOG (lattice-best-path[5.5]:main():lattice-best-path.cc:99) For utterance BAC009S0915W0215, best cost 119.367 + -418.264 = -298.898 over 807 frames.
LOG (lattice-best-path[5.5]:main():lattice-best-path.cc:99) For utterance BAC009S0915W0216, best cost 69.5333 + -239.47 = -169.936 over 392 frames.
LOG (lattice-best-path[5.5]:main():lattice-best-path.cc:99) For utterance BAC009S0915W0217, best cost 150.526 + -408.35 = -257.823 over 786 frames.
LOG (lattice-best-path[5.5]:main():lattice-best-path.cc:99) For utterance BAC009S0915W0218, best cost 108.457 + -309.393 = -200.935 over 534 frames.
LOG (lattice-best-path[5.5]:main():lattice-best-path.cc:99) For utterance BAC009S0915W0219, best cost 61.0824 + -221.945 = -160.863 over 381 frames.
LOG (lattice-best-path[5.5]:main():lattice-best-path.cc:99) For utterance BAC009S0915W0220, best cost 71.5843 + -225.983 = -154.398 over 386 frames.
LOG (lattice-best-path[5.5]:main():lattice-best-path.cc:99) For utterance BAC009S0915W0221, best cost 66.47 + -221.399 = -154.929 over 403 frames.
LOG (lattice-best-path[5.5]:main():lattice-best-path.cc:99) For utterance BAC009S0915W0222, best cost 91.6839 + -293.639 = -201.955 over 512 frames.
LOG (lattice-best-path[5.5]:main():lattice-best-path.cc:99) For utterance BAC009S0915W0223, best cost 138.523 + -513.872 = -375.349 over 1241 frames.
LOG (lattice-best-path[5.5]:main():lattice-best-path.cc:99) For utterance BAC009S0915W0224, best cost 82.8288 + -221.318 = -138.489 over 382 frames.
LOG (lattice-best-path[5.5]:main():lattice-best-path.cc:99) For utterance BAC009S0915W0225, best cost 68.3589 + -201.705 = -133.346 over 378 frames.
LOG (lattice-best-path[5.5]:main():lattice-best-path.cc:99) For utterance BAC009S0915W0226, best cost 89.2789 + -282.301 = -193.022 over 513 frames.
LOG (lattice-best-path[5.5]:main():lattice-best-path.cc:99) For utterance BAC009S0915W0227, best cost 54.1701 + -164.665 = -110.495 over 290 frames.
LOG (lattice-best-path[5.5]:main():lattice-best-path.cc:99) For utterance BAC009S0915W0228, best cost 69.7445 + -301.38 = -231.635 over 620 frames.
LOG (lattice-best-path[5.5]:main():lattice-best-path.cc:99) For utterance BAC009S0915W0229, best cost 46.0321 + -215.421 = -169.389 over 375 frames.
LOG (lattice-best-path[5.5]:main():lattice-best-path.cc:99) For utterance BAC009S0915W0230, best cost 51.9052 + -192.503 = -140.598 over 337 frames.
LOG (lattice-best-path[5.5]:main():lattice-best-path.cc:99) For utterance BAC009S0915W0231, best cost 101.81 + -318.21 = -216.4 over 648 frames.
LOG (lattice-best-path[5.5]:main():lattice-best-path.cc:99) For utterance BAC009S0915W0232, best cost 52.021 + -154.491 = -102.47 over 330 frames.
LOG (lattice-best-path[5.5]:main():lattice-best-path.cc:99) For utterance BAC009S0915W0233, best cost 69.2626 + -229.699 = -160.436 over 399 frames.
LOG (lattice-best-path[5.5]:main():lattice-best-path.cc:99) For utterance BAC009S0915W0234, best cost 161.36 + -539.98 = -378.621 over 1123 frames.
LOG (lattice-best-path[5.5]:main():lattice-best-path.cc:99) For utterance BAC009S0915W0235, best cost 93.2212 + -301.777 = -208.556 over 532 frames.
LOG (lattice-best-path[5.5]:main():lattice-best-path.cc:99) For utterance BAC009S0915W0236, best cost 145.082 + -437.488 = -292.405 over 833 frames.
LOG (lattice-best-path[5.5]:main():lattice-best-path.cc:99) For utterance BAC009S0915W0237, best cost 85.3151 + -194.661 = -109.346 over 359 frames.
LOG (lattice-best-path[5.5]:main():lattice-best-path.cc:99) For utterance BAC009S0915W0238, best cost 55.6533 + -149.865 = -94.2122 over 278 frames.
LOG (lattice-best-path[5.5]:main():lattice-best-path.cc:99) For utterance BAC009S0915W0239, best cost 156.69 + -385.376 = -228.686 over 680 frames.
LOG (lattice-best-path[5.5]:main():lattice-best-path.cc:99) For utterance BAC009S0915W0240, best cost 144.608 + -398.198 = -253.59 over 736 frames.
LOG (lattice-best-path[5.5]:main():lattice-best-path.cc:99) For utterance BAC009S0915W0241, best cost 85.9641 + -257.201 = -171.237 over 473 frames.
LOG (lattice-best-path[5.5]:main():lattice-best-path.cc:99) For utterance BAC009S0915W0242, best cost 99.8745 + -293.04 = -193.166 over 556 frames.
LOG (lattice-best-path[5.5]:main():lattice-best-path.cc:99) For utterance BAC009S0915W0243, best cost 55.5999 + -208.902 = -153.302 over 374 frames.
LOG (lattice-best-path[5.5]:main():lattice-best-path.cc:99) For utterance BAC009S0915W0244, best cost 93.3864 + -271.893 = -178.507 over 479 frames.
LOG (lattice-best-path[5.5]:main():lattice-best-path.cc:99) For utterance BAC009S0915W0245, best cost 54.8485 + -199.779 = -144.931 over 337 frames.
LOG (lattice-best-path[5.5]:main():lattice-best-path.cc:99) For utterance BAC009S0915W0246, best cost 77.5697 + -217.806 = -140.236 over 392 frames.
LOG (lattice-best-path[5.5]:main():lattice-best-path.cc:99) For utterance BAC009S0915W0247, best cost 71.1636 + -173.744 = -102.581 over 322 frames.
LOG (lattice-best-path[5.5]:main():lattice-best-path.cc:99) For utterance BAC009S0915W0248, best cost 79.2715 + -209.976 = -130.705 over 356 frames.
LOG (lattice-best-path[5.5]:main():lattice-best-path.cc:99) For utterance BAC009S0915W0249, best cost 80.1547 + -209.577 = -129.422 over 426 frames.
LOG (lattice-best-path[5.5]:main():lattice-best-path.cc:99) For utterance BAC009S0915W0250, best cost 55.598 + -172.54 = -116.942 over 298 frames.
LOG (lattice-best-path[5.5]:main():lattice-best-path.cc:99) For utterance BAC009S0915W0251, best cost 72.0235 + -212.981 = -140.958 over 355 frames.
LOG (lattice-best-path[5.5]:main():lattice-best-path.cc:99) For utterance BAC009S0915W0252, best cost 86.7556 + -206.906 = -120.15 over 369 frames.
LOG (lattice-best-path[5.5]:main():lattice-best-path.cc:99) For utterance BAC009S0915W0253, best cost 50.4826 + -189.325 = -138.842 over 322 frames.
LOG (lattice-best-path[5.5]:main():lattice-best-path.cc:99) For utterance BAC009S0915W0254, best cost 115.669 + -260.685 = -145.016 over 430 frames.
LOG (lattice-best-path[5.5]:main():lattice-best-path.cc:99) For utterance BAC009S0915W0255, best cost 77.1138 + -269.102 = -191.988 over 509 frames.
LOG (lattice-best-path[5.5]:main():lattice-best-path.cc:99) For utterance BAC009S0915W0256, best cost 118.19 + -309.458 = -191.268 over 531 frames.
LOG (lattice-best-path[5.5]:main():lattice-best-path.cc:99) For utterance BAC009S0915W0257, best cost 100.031 + -261.05 = -161.019 over 459 frames.
LOG (lattice-best-path[5.5]:main():lattice-best-path.cc:99) For utterance BAC009S0915W0258, best cost 107.879 + -262.691 = -154.812 over 487 frames.
LOG (lattice-best-path[5.5]:main():lattice-best-path.cc:99) For utterance BAC009S0915W0259, best cost 93.3211 + -211.033 = -117.712 over 392 frames.
LOG (lattice-best-path[5.5]:main():lattice-best-path.cc:99) For utterance BAC009S0915W0260, best cost 132.284 + -359.101 = -226.817 over 714 frames.
LOG (lattice-best-path[5.5]:main():lattice-best-path.cc:99) For utterance BAC009S0915W0261, best cost 77.8686 + -235.103 = -157.235 over 405 frames.
LOG (lattice-best-path[5.5]:main():lattice-best-path.cc:99) For utterance BAC009S0915W0263, best cost 58.1504 + -154.697 = -96.5462 over 307 frames.
LOG (lattice-best-path[5.5]:main():lattice-best-path.cc:99) For utterance BAC009S0915W0264, best cost 100.977 + -276.034 = -175.057 over 461 frames.
LOG (lattice-best-path[5.5]:main():lattice-best-path.cc:99) For utterance BAC009S0915W0265, best cost 118.129 + -284.055 = -165.926 over 460 frames.
LOG (lattice-best-path[5.5]:main():lattice-best-path.cc:99) For utterance BAC009S0915W0266, best cost 102.45 + -242.564 = -140.114 over 423 frames.
LOG (lattice-best-path[5.5]:main():lattice-best-path.cc:99) For utterance BAC009S0915W0267, best cost 94.9972 + -250.145 = -155.148 over 436 frames.
LOG (lattice-best-path[5.5]:main():lattice-best-path.cc:99) For utterance BAC009S0915W0268, best cost 57.9153 + -165.053 = -107.137 over 302 frames.
LOG (lattice-best-path[5.5]:main():lattice-best-path.cc:99) For utterance BAC009S0915W0269, best cost 173.683 + -411.317 = -237.634 over 792 frames.
LOG (lattice-best-path[5.5]:main():lattice-best-path.cc:99) For utterance BAC009S0915W0270, best cost 87.3048 + -235.315 = -148.01 over 398 frames.
LOG (lattice-best-path[5.5]:main():lattice-best-path.cc:99) For utterance BAC009S0915W0271, best cost 89.0669 + -242.339 = -153.272 over 414 frames.
LOG (lattice-best-path[5.5]:main():lattice-best-path.cc:99) For utterance BAC009S0915W0272, best cost 49.237 + -161.183 = -111.946 over 298 frames.
LOG (lattice-best-path[5.5]:main():lattice-best-path.cc:99) For utterance BAC009S0915W0273, best cost 133.055 + -396.394 = -263.339 over 776 frames.
LOG (lattice-best-path[5.5]:main():lattice-best-path.cc:99) For utterance BAC009S0915W0274, best cost 88.7802 + -222.826 = -134.046 over 407 frames.
LOG (lattice-best-path[5.5]:main():lattice-best-path.cc:99) For utterance BAC009S0915W0275, best cost 138.724 + -439.152 = -300.428 over 933 frames.
LOG (lattice-best-path[5.5]:main():lattice-best-path.cc:99) For utterance BAC009S0915W0276, best cost 74.3926 + -245.657 = -171.265 over 410 frames.
LOG (lattice-best-path[5.5]:main():lattice-best-path.cc:99) For utterance BAC009S0915W0277, best cost 162.727 + -484.598 = -321.87 over 937 frames.
LOG (lattice-best-path[5.5]:main():lattice-best-path.cc:99) For utterance BAC009S0915W0278, best cost 140.418 + -344.124 = -203.705 over 632 frames.
LOG (lattice-best-path[5.5]:main():lattice-best-path.cc:99) For utterance BAC009S0915W0279, best cost 102.663 + -271.025 = -168.362 over 479 frames.
LOG (lattice-best-path[5.5]:main():lattice-best-path.cc:99) For utterance BAC009S0915W0281, best cost 76.8209 + -217.781 = -140.96 over 410 frames.
LOG (lattice-best-path[5.5]:main():lattice-best-path.cc:99) For utterance BAC009S0915W0283, best cost 91.3273 + -276.278 = -184.951 over 448 frames.
LOG (lattice-best-path[5.5]:main():lattice-best-path.cc:99) For utterance BAC009S0915W0284, best cost 82.0504 + -239.864 = -157.814 over 412 frames.
LOG (lattice-best-path[5.5]:main():lattice-best-path.cc:99) For utterance BAC009S0915W0286, best cost 131.395 + -463.158 = -331.763 over 898 frames.
LOG (lattice-best-path[5.5]:main():lattice-best-path.cc:99) For utterance BAC009S0915W0287, best cost 60.4052 + -206.588 = -146.183 over 366 frames.
LOG (lattice-best-path[5.5]:main():lattice-best-path.cc:99) For utterance BAC009S0915W0288, best cost 102.122 + -311.972 = -209.85 over 548 frames.
LOG (lattice-best-path[5.5]:main():lattice-best-path.cc:99) For utterance BAC009S0915W0289, best cost 105.599 + -273.509 = -167.91 over 472 frames.
LOG (lattice-best-path[5.5]:main():lattice-best-path.cc:99) For utterance BAC009S0915W0290, best cost 86.5703 + -231.815 = -145.245 over 416 frames.
LOG (lattice-best-path[5.5]:main():lattice-best-path.cc:99) For utterance BAC009S0915W0291, best cost 72.29 + -246.495 = -174.205 over 440 frames.
LOG (lattice-best-path[5.5]:main():lattice-best-path.cc:99) For utterance BAC009S0915W0292, best cost 85.9977 + -197.271 = -111.273 over 341 frames.
LOG (lattice-best-path[5.5]:main():lattice-best-path.cc:99) For utterance BAC009S0915W0293, best cost 94.7202 + -255.816 = -161.096 over 448 frames.
LOG (lattice-best-path[5.5]:main():lattice-best-path.cc:99) For utterance BAC009S0915W0295, best cost 64.3464 + -192.058 = -127.711 over 377 frames.
LOG (lattice-best-path[5.5]:main():lattice-best-path.cc:99) For utterance BAC009S0915W0296, best cost 81.1957 + -219.692 = -138.496 over 431 frames.
LOG (lattice-best-path[5.5]:main():lattice-best-path.cc:99) For utterance BAC009S0915W0297, best cost 96.1816 + -275.911 = -179.73 over 489 frames.
LOG (lattice-best-path[5.5]:main():lattice-best-path.cc:99) For utterance BAC009S0915W0298, best cost 93.2993 + -331.06 = -237.761 over 572 frames.
LOG (lattice-best-path[5.5]:main():lattice-best-path.cc:99) For utterance BAC009S0915W0299, best cost 95.3215 + -254.806 = -159.484 over 439 frames.
LOG (lattice-best-path[5.5]:main():lattice-best-path.cc:99) For utterance BAC009S0915W0300, best cost 155.286 + -463.783 = -308.497 over 886 frames.
LOG (lattice-best-path[5.5]:main():lattice-best-path.cc:99) For utterance BAC009S0915W0301, best cost 144.755 + -459.442 = -314.687 over 833 frames.
LOG (lattice-best-path[5.5]:main():lattice-best-path.cc:99) For utterance BAC009S0915W0302, best cost 103.833 + -296.085 = -192.252 over 504 frames.
LOG (lattice-best-path[5.5]:main():lattice-best-path.cc:99) For utterance BAC009S0915W0303, best cost 106.987 + -275.14 = -168.153 over 469 frames.
LOG (lattice-best-path[5.5]:main():lattice-best-path.cc:99) For utterance BAC009S0915W0304, best cost 82.0821 + -181.224 = -99.1424 over 324 frames.
LOG (lattice-best-path[5.5]:main():lattice-best-path.cc:99) For utterance BAC009S0915W0305, best cost 166.957 + -435.437 = -268.48 over 864 frames.
LOG (lattice-best-path[5.5]:main():lattice-best-path.cc:99) For utterance BAC009S0915W0306, best cost 78.9573 + -236.998 = -158.041 over 415 frames.
LOG (lattice-best-path[5.5]:main():lattice-best-path.cc:99) For utterance BAC009S0915W0307, best cost 90.3508 + -240.188 = -149.837 over 413 frames.
LOG (lattice-best-path[5.5]:main():lattice-best-path.cc:99) For utterance BAC009S0915W0308, best cost 49.5544 + -189.318 = -139.763 over 325 frames.
LOG (lattice-best-path[5.5]:main():lattice-best-path.cc:99) For utterance BAC009S0915W0309, best cost 136.167 + -359.054 = -222.887 over 637 frames.
LOG (lattice-best-path[5.5]:main():lattice-best-path.cc:99) For utterance BAC009S0915W0310, best cost 72.9629 + -208.768 = -135.805 over 385 frames.
LOG (lattice-best-path[5.5]:main():lattice-best-path.cc:99) For utterance BAC009S0915W0311, best cost 65.1846 + -179.158 = -113.974 over 311 frames.
LOG (lattice-best-path[5.5]:main():lattice-best-path.cc:99) For utterance BAC009S0915W0312, best cost 66.0271 + -170.643 = -104.616 over 311 frames.
LOG (lattice-best-path[5.5]:main():lattice-best-path.cc:99) For utterance BAC009S0915W0313, best cost 128.627 + -426.174 = -297.547 over 763 frames.
LOG (lattice-best-path[5.5]:main():lattice-best-path.cc:99) For utterance BAC009S0915W0314, best cost 81.9852 + -311.808 = -229.823 over 505 frames.
LOG (lattice-best-path[5.5]:main():lattice-best-path.cc:99) For utterance BAC009S0915W0315, best cost 99.9755 + -252.925 = -152.949 over 468 frames.
LOG (lattice-best-path[5.5]:main():lattice-best-path.cc:99) For utterance BAC009S0915W0316, best cost 115.483 + -346.229 = -230.746 over 624 frames.
LOG (lattice-best-path[5.5]:main():lattice-best-path.cc:99) For utterance BAC009S0915W0317, best cost 66.3588 + -227.439 = -161.08 over 382 frames.
LOG (lattice-best-path[5.5]:main():lattice-best-path.cc:99) For utterance BAC009S0915W0318, best cost 136.875 + -401.134 = -264.259 over 739 frames.
LOG (lattice-best-path[5.5]:main():lattice-best-path.cc:99) For utterance BAC009S0915W0319, best cost 59.2542 + -231.994 = -172.74 over 380 frames.
LOG (lattice-best-path[5.5]:main():lattice-best-path.cc:99) For utterance BAC009S0915W0320, best cost 72.8054 + -233.838 = -161.032 over 427 frames.
LOG (lattice-best-path[5.5]:main():lattice-best-path.cc:99) For utterance BAC009S0915W0321, best cost 65.0573 + -192.036 = -126.979 over 334 frames.
LOG (lattice-best-path[5.5]:main():lattice-best-path.cc:99) For utterance BAC009S0915W0322, best cost 54.3434 + -176.925 = -122.582 over 306 frames.
LOG (lattice-best-path[5.5]:main():lattice-best-path.cc:99) For utterance BAC009S0915W0323, best cost 144.395 + -454.144 = -309.749 over 835 frames.
LOG (lattice-best-path[5.5]:main():lattice-best-path.cc:99) For utterance BAC009S0915W0324, best cost 59.907 + -194.429 = -134.522 over 348 frames.
LOG (lattice-best-path[5.5]:main():lattice-best-path.cc:99) For utterance BAC009S0915W0325, best cost 58.5705 + -174.764 = -116.193 over 321 frames.
LOG (lattice-best-path[5.5]:main():lattice-best-path.cc:99) For utterance BAC009S0915W0326, best cost 81.6083 + -199.85 = -118.242 over 349 frames.
LOG (lattice-best-path[5.5]:main():lattice-best-path.cc:99) For utterance BAC009S0915W0327, best cost 131.583 + -374.456 = -242.872 over 682 frames.
LOG (lattice-best-path[5.5]:main():lattice-best-path.cc:99) For utterance BAC009S0915W0328, best cost 169.626 + -481.975 = -312.349 over 836 frames.
LOG (lattice-best-path[5.5]:main():lattice-best-path.cc:99) For utterance BAC009S0915W0329, best cost 85.8725 + -231.072 = -145.199 over 398 frames.
LOG (lattice-best-path[5.5]:main():lattice-best-path.cc:99) For utterance BAC009S0915W0330, best cost 74.6423 + -261.837 = -187.195 over 441 frames.
LOG (lattice-best-path[5.5]:main():lattice-best-path.cc:99) For utterance BAC009S0915W0331, best cost 57.342 + -186.117 = -128.775 over 320 frames.
LOG (lattice-best-path[5.5]:main():lattice-best-path.cc:99) For utterance BAC009S0915W0332, best cost 73.8586 + -216.305 = -142.446 over 387 frames.
LOG (lattice-best-path[5.5]:main():lattice-best-path.cc:99) For utterance BAC009S0915W0333, best cost 45.9564 + -166.565 = -120.609 over 321 frames.
LOG (lattice-best-path[5.5]:main():lattice-best-path.cc:99) For utterance BAC009S0915W0334, best cost 132.772 + -399.308 = -266.536 over 748 frames.
LOG (lattice-best-path[5.5]:main():lattice-best-path.cc:99) For utterance BAC009S0915W0335, best cost 70.8144 + -235.444 = -164.629 over 422 frames.
LOG (lattice-best-path[5.5]:main():lattice-best-path.cc:99) For utterance BAC009S0915W0336, best cost 117.432 + -387.467 = -270.035 over 748 frames.
LOG (lattice-best-path[5.5]:main():lattice-best-path.cc:99) For utterance BAC009S0915W0337, best cost 118.121 + -380.453 = -262.332 over 722 frames.
LOG (lattice-best-path[5.5]:main():lattice-best-path.cc:99) For utterance BAC009S0915W0338, best cost 47.6785 + -171.578 = -123.899 over 298 frames.
LOG (lattice-best-path[5.5]:main():lattice-best-path.cc:99) For utterance BAC009S0915W0339, best cost 44.8166 + -157.543 = -112.726 over 278 frames.
LOG (lattice-best-path[5.5]:main():lattice-best-path.cc:99) For utterance BAC009S0915W0340, best cost 92.0342 + -235.043 = -143.009 over 445 frames.
LOG (lattice-best-path[5.5]:main():lattice-best-path.cc:99) For utterance BAC009S0915W0341, best cost 102.436 + -291.724 = -189.288 over 506 frames.
LOG (lattice-best-path[5.5]:main():lattice-best-path.cc:99) For utterance BAC009S0915W0342, best cost 59.6806 + -177.443 = -117.762 over 307 frames.
LOG (lattice-best-path[5.5]:main():lattice-best-path.cc:99) For utterance BAC009S0915W0343, best cost 85.0695 + -259.327 = -174.257 over 433 frames.
LOG (lattice-best-path[5.5]:main():lattice-best-path.cc:99) For utterance BAC009S0915W0344, best cost 86.1994 + -255.71 = -169.51 over 438 frames.
LOG (lattice-best-path[5.5]:main():lattice-best-path.cc:99) For utterance BAC009S0915W0345, best cost 128.144 + -397.968 = -269.824 over 679 frames.
LOG (lattice-best-path[5.5]:main():lattice-best-path.cc:99) For utterance BAC009S0915W0346, best cost 62.2869 + -263.548 = -201.261 over 609 frames.
LOG (lattice-best-path[5.5]:main():lattice-best-path.cc:99) For utterance BAC009S0915W0347, best cost 113.175 + -428.087 = -314.912 over 844 frames.
LOG (lattice-best-path[5.5]:main():lattice-best-path.cc:99) For utterance BAC009S0915W0348, best cost 56.9955 + -195.892 = -138.897 over 338 frames.
LOG (lattice-best-path[5.5]:main():lattice-best-path.cc:99) For utterance BAC009S0915W0349, best cost 113.181 + -282.094 = -168.913 over 540 frames.
LOG (lattice-best-path[5.5]:main():lattice-best-path.cc:99) For utterance BAC009S0915W0350, best cost 143.648 + -423.816 = -280.168 over 830 frames.
LOG (lattice-best-path[5.5]:main():lattice-best-path.cc:99) For utterance BAC009S0915W0351, best cost 78.7705 + -216.601 = -137.831 over 376 frames.
LOG (lattice-best-path[5.5]:main():lattice-best-path.cc:99) For utterance BAC009S0915W0352, best cost 64.103 + -200.512 = -136.409 over 337 frames.
LOG (lattice-best-path[5.5]:main():lattice-best-path.cc:99) For utterance BAC009S0915W0353, best cost 88.9113 + -242.569 = -153.657 over 429 frames.
LOG (lattice-best-path[5.5]:main():lattice-best-path.cc:99) For utterance BAC009S0915W0354, best cost 114.742 + -323.823 = -209.081 over 598 frames.
LOG (lattice-best-path[5.5]:main():lattice-best-path.cc:99) For utterance BAC009S0915W0355, best cost 106.795 + -265.488 = -158.693 over 431 frames.
LOG (lattice-best-path[5.5]:main():lattice-best-path.cc:99) For utterance BAC009S0915W0356, best cost 155.117 + -385.561 = -230.443 over 674 frames.
LOG (lattice-best-path[5.5]:main():lattice-best-path.cc:99) For utterance BAC009S0915W0357, best cost 65.7698 + -163.191 = -97.4212 over 289 frames.
LOG (lattice-best-path[5.5]:main():lattice-best-path.cc:99) For utterance BAC009S0915W0358, best cost 90.992 + -243.038 = -152.046 over 443 frames.
LOG (lattice-best-path[5.5]:main():lattice-best-path.cc:99) For utterance BAC009S0915W0360, best cost 150.394 + -415.417 = -265.023 over 675 frames.
LOG (lattice-best-path[5.5]:main():lattice-best-path.cc:99) For utterance BAC009S0915W0361, best cost 69.9528 + -178.679 = -108.726 over 335 frames.
LOG (lattice-best-path[5.5]:main():lattice-best-path.cc:99) For utterance BAC009S0915W0362, best cost 120.512 + -357.786 = -237.274 over 621 frames.
LOG (lattice-best-path[5.5]:main():lattice-best-path.cc:99) For utterance BAC009S0915W0363, best cost 189.33 + -564.844 = -375.514 over 990 frames.
LOG (lattice-best-path[5.5]:main():lattice-best-path.cc:99) For utterance BAC009S0915W0364, best cost 79.5848 + -239.696 = -160.111 over 447 frames.
LOG (lattice-best-path[5.5]:main():lattice-best-path.cc:99) For utterance BAC009S0915W0365, best cost 123.344 + -290.728 = -167.384 over 572 frames.
LOG (lattice-best-path[5.5]:main():lattice-best-path.cc:99) For utterance BAC009S0915W0366, best cost 58.4471 + -169.524 = -111.077 over 301 frames.
LOG (lattice-best-path[5.5]:main():lattice-best-path.cc:99) For utterance BAC009S0915W0367, best cost 48.4172 + -190.599 = -142.182 over 323 frames.
LOG (lattice-best-path[5.5]:main():lattice-best-path.cc:99) For utterance BAC009S0915W0368, best cost 65.1618 + -160.541 = -95.3796 over 292 frames.
LOG (lattice-best-path[5.5]:main():lattice-best-path.cc:99) For utterance BAC009S0915W0369, best cost 127.128 + -362.248 = -235.121 over 648 frames.
LOG (lattice-best-path[5.5]:main():lattice-best-path.cc:99) For utterance BAC009S0915W0371, best cost 92.1485 + -327.003 = -234.854 over 686 frames.
LOG (lattice-best-path[5.5]:main():lattice-best-path.cc:99) For utterance BAC009S0915W0372, best cost 66.4454 + -185.178 = -118.733 over 335 frames.
LOG (lattice-best-path[5.5]:main():lattice-best-path.cc:99) For utterance BAC009S0915W0374, best cost 57.8496 + -156.787 = -98.9375 over 285 frames.
LOG (lattice-best-path[5.5]:main():lattice-best-path.cc:99) For utterance BAC009S0915W0375, best cost 132.682 + -462.616 = -329.934 over 781 frames.
LOG (lattice-best-path[5.5]:main():lattice-best-path.cc:99) For utterance BAC009S0915W0376, best cost 137.742 + -357.014 = -219.273 over 644 frames.
LOG (lattice-best-path[5.5]:main():lattice-best-path.cc:99) For utterance BAC009S0915W0377, best cost 60.6553 + -216.903 = -156.248 over 412 frames.
LOG (lattice-best-path[5.5]:main():lattice-best-path.cc:99) For utterance BAC009S0915W0378, best cost 78.7794 + -243.219 = -164.439 over 416 frames.
LOG (lattice-best-path[5.5]:main():lattice-best-path.cc:99) For utterance BAC009S0915W0379, best cost 65.0648 + -165.946 = -100.881 over 309 frames.
LOG (lattice-best-path[5.5]:main():lattice-best-path.cc:99) For utterance BAC009S0915W0380, best cost 131.033 + -424.191 = -293.158 over 798 frames.
LOG (lattice-best-path[5.5]:main():lattice-best-path.cc:99) For utterance BAC009S0915W0381, best cost 91.039 + -340.034 = -248.995 over 733 frames.
LOG (lattice-best-path[5.5]:main():lattice-best-path.cc:99) For utterance BAC009S0915W0382, best cost 78.5518 + -206.397 = -127.846 over 390 frames.
LOG (lattice-best-path[5.5]:main():lattice-best-path.cc:99) For utterance BAC009S0915W0383, best cost 95.079 + -273.128 = -178.049 over 498 frames.
LOG (lattice-best-path[5.5]:main():lattice-best-path.cc:99) For utterance BAC009S0915W0384, best cost 75.2537 + -225.485 = -150.231 over 373 frames.
LOG (lattice-best-path[5.5]:main():lattice-best-path.cc:99) For utterance BAC009S0915W0385, best cost 107.863 + -360.316 = -252.453 over 660 frames.
LOG (lattice-best-path[5.5]:main():lattice-best-path.cc:99) For utterance BAC009S0915W0386, best cost 61.5048 + -203.31 = -141.805 over 339 frames.
LOG (lattice-best-path[5.5]:main():lattice-best-path.cc:99) For utterance BAC009S0915W0387, best cost 133.69 + -350.584 = -216.894 over 608 frames.
LOG (lattice-best-path[5.5]:main():lattice-best-path.cc:99) For utterance BAC009S0915W0388, best cost 59.5115 + -205.335 = -145.824 over 349 frames.
LOG (lattice-best-path[5.5]:main():lattice-best-path.cc:99) For utterance BAC009S0915W0389, best cost 69.4895 + -205.845 = -136.356 over 367 frames.
LOG (lattice-best-path[5.5]:main():lattice-best-path.cc:99) For utterance BAC009S0915W0390, best cost 159.523 + -374.877 = -215.354 over 616 frames.
LOG (lattice-best-path[5.5]:main():lattice-best-path.cc:99) For utterance BAC009S0915W0391, best cost 87.8794 + -203.469 = -115.589 over 373 frames.
LOG (lattice-best-path[5.5]:main():lattice-best-path.cc:99) For utterance BAC009S0915W0392, best cost 79.3315 + -214.075 = -134.743 over 348 frames.
LOG (lattice-best-path[5.5]:main():lattice-best-path.cc:99) For utterance BAC009S0915W0393, best cost 71.3153 + -215.177 = -143.862 over 371 frames.
LOG (lattice-best-path[5.5]:main():lattice-best-path.cc:99) For utterance BAC009S0915W0394, best cost 105.182 + -215.732 = -110.551 over 395 frames.
LOG (lattice-best-path[5.5]:main():lattice-best-path.cc:99) For utterance BAC009S0915W0395, best cost 106.141 + -261.841 = -155.7 over 451 frames.
LOG (lattice-best-path[5.5]:main():lattice-best-path.cc:99) For utterance BAC009S0915W0396, best cost 122.962 + -347.151 = -224.189 over 590 frames.
LOG (lattice-best-path[5.5]:main():lattice-best-path.cc:99) For utterance BAC009S0915W0397, best cost 97.172 + -243.607 = -146.435 over 416 frames.
LOG (lattice-best-path[5.5]:main():lattice-best-path.cc:99) For utterance BAC009S0915W0398, best cost 147.3 + -420.908 = -273.607 over 736 frames.
LOG (lattice-best-path[5.5]:main():lattice-best-path.cc:99) For utterance BAC009S0915W0399, best cost 100.089 + -250.259 = -150.17 over 470 frames.
LOG (lattice-best-path[5.5]:main():lattice-best-path.cc:99) For utterance BAC009S0915W0400, best cost 80.8588 + -440.846 = -359.987 over 786 frames.
LOG (lattice-best-path[5.5]:main():lattice-best-path.cc:99) For utterance BAC009S0915W0401, best cost 104.974 + -427.799 = -322.825 over 784 frames.
LOG (lattice-best-path[5.5]:main():lattice-best-path.cc:99) For utterance BAC009S0915W0402, best cost 64.5009 + -323.734 = -259.233 over 587 frames.
LOG (lattice-best-path[5.5]:main():lattice-best-path.cc:99) For utterance BAC009S0915W0403, best cost 72.6071 + -284.394 = -211.787 over 541 frames.
LOG (lattice-best-path[5.5]:main():lattice-best-path.cc:99) For utterance BAC009S0915W0404, best cost 105.246 + -272.342 = -167.095 over 455 frames.
LOG (lattice-best-path[5.5]:main():lattice-best-path.cc:99) For utterance BAC009S0915W0405, best cost 98.589 + -281.033 = -182.444 over 461 frames.
LOG (lattice-best-path[5.5]:main():lattice-best-path.cc:99) For utterance BAC009S0915W0406, best cost 108.17 + -296.987 = -188.817 over 538 frames.
LOG (lattice-best-path[5.5]:main():lattice-best-path.cc:99) For utterance BAC009S0915W0407, best cost 111.563 + -303.587 = -192.024 over 533 frames.
LOG (lattice-best-path[5.5]:main():lattice-best-path.cc:99) For utterance BAC009S0915W0408, best cost 79.9908 + -227.652 = -147.661 over 408 frames.
LOG (lattice-best-path[5.5]:main():lattice-best-path.cc:99) For utterance BAC009S0915W0409, best cost 86.4551 + -226.477 = -140.021 over 419 frames.
LOG (lattice-best-path[5.5]:main():lattice-best-path.cc:99) For utterance BAC009S0915W0410, best cost 40.3181 + -153.869 = -113.551 over 277 frames.
LOG (lattice-best-path[5.5]:main():lattice-best-path.cc:99) For utterance BAC009S0915W0411, best cost 72.0907 + -175.343 = -103.252 over 316 frames.
LOG (lattice-best-path[5.5]:main():lattice-best-path.cc:99) For utterance BAC009S0915W0412, best cost 60.3647 + -211.608 = -151.243 over 411 frames.
LOG (lattice-best-path[5.5]:main():lattice-best-path.cc:99) For utterance BAC009S0915W0413, best cost 56.0012 + -186.878 = -130.877 over 374 frames.
LOG (lattice-best-path[5.5]:main():lattice-best-path.cc:99) For utterance BAC009S0915W0414, best cost 114.284 + -387.544 = -273.261 over 743 frames.
LOG (lattice-best-path[5.5]:main():lattice-best-path.cc:99) For utterance BAC009S0915W0415, best cost 62.5741 + -154.727 = -92.1525 over 293 frames.
LOG (lattice-best-path[5.5]:main():lattice-best-path.cc:99) For utterance BAC009S0915W0416, best cost 88.2139 + -281.219 = -193.005 over 536 frames.
LOG (lattice-best-path[5.5]:main():lattice-best-path.cc:99) For utterance BAC009S0915W0417, best cost 59.9244 + -137.986 = -78.0612 over 277 frames.
LOG (lattice-best-path[5.5]:main():lattice-best-path.cc:99) For utterance BAC009S0915W0418, best cost 57.8115 + -184.943 = -127.131 over 346 frames.
LOG (lattice-best-path[5.5]:main():lattice-best-path.cc:99) For utterance BAC009S0915W0419, best cost 51.6679 + -150.217 = -98.5495 over 298 frames.
LOG (lattice-best-path[5.5]:main():lattice-best-path.cc:99) For utterance BAC009S0915W0420, best cost 67.9202 + -214.541 = -146.621 over 381 frames.
LOG (lattice-best-path[5.5]:main():lattice-best-path.cc:99) For utterance BAC009S0915W0421, best cost 213.006 + -707.696 = -494.69 over 1193 frames.
LOG (lattice-best-path[5.5]:main():lattice-best-path.cc:99) For utterance BAC009S0915W0423, best cost 112.994 + -232.384 = -119.39 over 393 frames.
LOG (lattice-best-path[5.5]:main():lattice-best-path.cc:99) For utterance BAC009S0915W0424, best cost 49.6839 + -166.293 = -116.609 over 299 frames.
LOG (lattice-best-path[5.5]:main():lattice-best-path.cc:99) For utterance BAC009S0915W0425, best cost 116.565 + -272.283 = -155.718 over 494 frames.
LOG (lattice-best-path[5.5]:main():lattice-best-path.cc:99) For utterance BAC009S0915W0426, best cost 146.15 + -382.054 = -235.903 over 691 frames.
LOG (lattice-best-path[5.5]:main():lattice-best-path.cc:99) For utterance BAC009S0915W0427, best cost 79.6636 + -261.915 = -182.252 over 487 frames.
LOG (lattice-best-path[5.5]:main():lattice-best-path.cc:99) For utterance BAC009S0915W0428, best cost 154.283 + -420.013 = -265.729 over 762 frames.
LOG (lattice-best-path[5.5]:main():lattice-best-path.cc:99) For utterance BAC009S0915W0429, best cost 80.8958 + -167.019 = -86.1227 over 312 frames.
LOG (lattice-best-path[5.5]:main():lattice-best-path.cc:99) For utterance BAC009S0915W0430, best cost 31.249 + -239.387 = -208.138 over 398 frames.
LOG (lattice-best-path[5.5]:main():lattice-best-path.cc:99) For utterance BAC009S0915W0431, best cost 121.356 + -401.849 = -280.493 over 787 frames.
LOG (lattice-best-path[5.5]:main():lattice-best-path.cc:99) For utterance BAC009S0915W0432, best cost 127.882 + -364.375 = -236.493 over 667 frames.
LOG (lattice-best-path[5.5]:main():lattice-best-path.cc:99) For utterance BAC009S0915W0433, best cost 84.1906 + -227.208 = -143.018 over 434 frames.
LOG (lattice-best-path[5.5]:main():lattice-best-path.cc:99) For utterance BAC009S0915W0434, best cost 101.48 + -214.63 = -113.149 over 386 frames.
LOG (lattice-best-path[5.5]:main():lattice-best-path.cc:99) For utterance BAC009S0915W0435, best cost 111.742 + -267.932 = -156.19 over 457 frames.
LOG (lattice-best-path[5.5]:main():lattice-best-path.cc:99) For utterance BAC009S0915W0436, best cost 77.2364 + -199.498 = -122.262 over 335 frames.
LOG (lattice-best-path[5.5]:main():lattice-best-path.cc:99) For utterance BAC009S0915W0437, best cost 84.837 + -180.454 = -95.6171 over 337 frames.
LOG (lattice-best-path[5.5]:main():lattice-best-path.cc:99) For utterance BAC009S0915W0438, best cost 65.6387 + -165.747 = -100.109 over 275 frames.
LOG (lattice-best-path[5.5]:main():lattice-best-path.cc:99) For utterance BAC009S0915W0439, best cost 160.927 + -391.793 = -230.867 over 750 frames.
LOG (lattice-best-path[5.5]:main():lattice-best-path.cc:99) For utterance BAC009S0915W0440, best cost 151.085 + -445.325 = -294.24 over 773 frames.
LOG (lattice-best-path[5.5]:main():lattice-best-path.cc:99) For utterance BAC009S0915W0441, best cost 99.0438 + -239.378 = -140.334 over 434 frames.
LOG (lattice-best-path[5.5]:main():lattice-best-path.cc:99) For utterance BAC009S0915W0442, best cost 160.584 + -435.631 = -275.047 over 863 frames.
LOG (lattice-best-path[5.5]:main():lattice-best-path.cc:99) For utterance BAC009S0915W0443, best cost 82.0199 + -256.998 = -174.978 over 441 frames.
LOG (lattice-best-path[5.5]:main():lattice-best-path.cc:99) For utterance BAC009S0915W0444, best cost 86.8407 + -242.851 = -156.01 over 449 frames.
LOG (lattice-best-path[5.5]:main():lattice-best-path.cc:99) For utterance BAC009S0915W0445, best cost 71.2234 + -167.769 = -96.5451 over 308 frames.
LOG (lattice-best-path[5.5]:main():lattice-best-path.cc:99) For utterance BAC009S0915W0446, best cost 148.917 + -351.614 = -202.698 over 620 frames.
LOG (lattice-best-path[5.5]:main():lattice-best-path.cc:99) For utterance BAC009S0915W0447, best cost 59.8395 + -139.563 = -79.7234 over 262 frames.
LOG (lattice-best-path[5.5]:main():lattice-best-path.cc:99) For utterance BAC009S0915W0448, best cost 40.7798 + -146.114 = -105.334 over 291 frames.
LOG (lattice-best-path[5.5]:main():lattice-best-path.cc:99) For utterance BAC009S0915W0449, best cost 141.859 + -372.857 = -230.998 over 651 frames.
LOG (lattice-best-path[5.5]:main():lattice-best-path.cc:99) For utterance BAC009S0915W0450, best cost 149.258 + -374.831 = -225.573 over 692 frames.
LOG (lattice-best-path[5.5]:main():lattice-best-path.cc:99) For utterance BAC009S0915W0451, best cost 113.706 + -252.536 = -138.831 over 473 frames.
LOG (lattice-best-path[5.5]:main():lattice-best-path.cc:99) For utterance BAC009S0915W0452, best cost 68.1026 + -282.534 = -214.432 over 548 frames.
LOG (lattice-best-path[5.5]:main():lattice-best-path.cc:99) For utterance BAC009S0915W0453, best cost 90.0798 + -206.73 = -116.651 over 392 frames.
LOG (lattice-best-path[5.5]:main():lattice-best-path.cc:99) For utterance BAC009S0915W0454, best cost 105.293 + -367.841 = -262.547 over 701 frames.
LOG (lattice-best-path[5.5]:main():lattice-best-path.cc:99) For utterance BAC009S0915W0455, best cost 149.2 + -404.225 = -255.025 over 733 frames.
LOG (lattice-best-path[5.5]:main():lattice-best-path.cc:99) For utterance BAC009S0915W0456, best cost 101.736 + -248.941 = -147.205 over 424 frames.
LOG (lattice-best-path[5.5]:main():lattice-best-path.cc:99) For utterance BAC009S0915W0457, best cost 77.4924 + -200.432 = -122.94 over 352 frames.
LOG (lattice-best-path[5.5]:main():lattice-best-path.cc:99) For utterance BAC009S0915W0458, best cost 173.616 + -521.474 = -347.859 over 1026 frames.
LOG (lattice-best-path[5.5]:main():lattice-best-path.cc:99) For utterance BAC009S0915W0459, best cost 105.966 + -288.874 = -182.908 over 545 frames.
LOG (lattice-best-path[5.5]:main():lattice-best-path.cc:99) For utterance BAC009S0915W0460, best cost 284.424 + -721.451 = -437.027 over 1317 frames.
LOG (lattice-best-path[5.5]:main():lattice-best-path.cc:99) For utterance BAC009S0915W0461, best cost 37.5381 + -150.171 = -112.633 over 274 frames.
LOG (lattice-best-path[5.5]:main():lattice-best-path.cc:99) For utterance BAC009S0915W0462, best cost 149.899 + -356.868 = -206.969 over 670 frames.
LOG (lattice-best-path[5.5]:main():lattice-best-path.cc:99) For utterance BAC009S0915W0463, best cost 141.901 + -370.923 = -229.022 over 658 frames.
LOG (lattice-best-path[5.5]:main():lattice-best-path.cc:99) For utterance BAC009S0915W0464, best cost 88.2809 + -304.092 = -215.811 over 541 frames.
LOG (lattice-best-path[5.5]:main():lattice-best-path.cc:99) For utterance BAC009S0915W0465, best cost 96.7832 + -273.108 = -176.325 over 476 frames.
LOG (lattice-best-path[5.5]:main():lattice-best-path.cc:99) For utterance BAC009S0915W0466, best cost 146.369 + -405.942 = -259.572 over 751 frames.
LOG (lattice-best-path[5.5]:main():lattice-best-path.cc:99) For utterance BAC009S0915W0467, best cost 75.8132 + -185.882 = -110.069 over 347 frames.
LOG (lattice-best-path[5.5]:main():lattice-best-path.cc:99) For utterance BAC009S0915W0468, best cost 105.024 + -276.19 = -171.166 over 459 frames.
LOG (lattice-best-path[5.5]:main():lattice-best-path.cc:99) For utterance BAC009S0915W0469, best cost 83.5914 + -203.915 = -120.323 over 357 frames.
LOG (lattice-best-path[5.5]:main():lattice-best-path.cc:99) For utterance BAC009S0915W0470, best cost 83.5368 + -253.663 = -170.127 over 441 frames.
LOG (lattice-best-path[5.5]:main():lattice-best-path.cc:99) For utterance BAC009S0915W0471, best cost 48.0202 + -168.497 = -120.477 over 293 frames.
LOG (lattice-best-path[5.5]:main():lattice-best-path.cc:99) For utterance BAC009S0915W0472, best cost 182.831 + -483.952 = -301.121 over 865 frames.
LOG (lattice-best-path[5.5]:main():lattice-best-path.cc:99) For utterance BAC009S0915W0473, best cost 117.074 + -298.271 = -181.197 over 524 frames.
LOG (lattice-best-path[5.5]:main():lattice-best-path.cc:99) For utterance BAC009S0915W0474, best cost 52.9551 + -216.986 = -164.031 over 413 frames.
LOG (lattice-best-path[5.5]:main():lattice-best-path.cc:99) For utterance BAC009S0915W0475, best cost 95.8405 + -276.596 = -180.756 over 481 frames.
LOG (lattice-best-path[5.5]:main():lattice-best-path.cc:99) For utterance BAC009S0915W0476, best cost 97.5414 + -241.657 = -144.116 over 435 frames.
LOG (lattice-best-path[5.5]:main():lattice-best-path.cc:99) For utterance BAC009S0915W0477, best cost 80.7651 + -310.272 = -229.507 over 585 frames.
LOG (lattice-best-path[5.5]:main():lattice-best-path.cc:99) For utterance BAC009S0915W0478, best cost 174.919 + -399.687 = -224.767 over 725 frames.
LOG (lattice-best-path[5.5]:main():lattice-best-path.cc:99) For utterance BAC009S0915W0479, best cost 107.047 + -255.044 = -147.997 over 443 frames.
LOG (lattice-best-path[5.5]:main():lattice-best-path.cc:99) For utterance BAC009S0915W0480, best cost 77.1692 + -200.817 = -123.648 over 410 frames.
LOG (lattice-best-path[5.5]:main():lattice-best-path.cc:99) For utterance BAC009S0915W0481, best cost 127.197 + -305.903 = -178.706 over 523 frames.
LOG (lattice-best-path[5.5]:main():lattice-best-path.cc:99) For utterance BAC009S0915W0482, best cost 161.836 + -459.114 = -297.279 over 866 frames.
LOG (lattice-best-path[5.5]:main():lattice-best-path.cc:99) For utterance BAC009S0915W0483, best cost 87.2574 + -245.385 = -158.127 over 504 frames.
LOG (lattice-best-path[5.5]:main():lattice-best-path.cc:99) For utterance BAC009S0915W0484, best cost 149.462 + -413.345 = -263.883 over 762 frames.
LOG (lattice-best-path[5.5]:main():lattice-best-path.cc:99) For utterance BAC009S0915W0485, best cost 65.1251 + -166.882 = -101.757 over 296 frames.
LOG (lattice-best-path[5.5]:main():lattice-best-path.cc:99) For utterance BAC009S0915W0486, best cost 51.2927 + -190.289 = -138.997 over 330 frames.
LOG (lattice-best-path[5.5]:main():lattice-best-path.cc:99) For utterance BAC009S0915W0487, best cost 66.4925 + -164.172 = -97.6791 over 315 frames.
LOG (lattice-best-path[5.5]:main():lattice-best-path.cc:99) For utterance BAC009S0915W0488, best cost 165.979 + -434.174 = -268.195 over 786 frames.
LOG (lattice-best-path[5.5]:main():lattice-best-path.cc:99) For utterance BAC009S0915W0489, best cost 167.145 + -400.702 = -233.556 over 717 frames.
LOG (lattice-best-path[5.5]:main():lattice-best-path.cc:99) For utterance BAC009S0915W0490, best cost 73.7372 + -215.129 = -141.392 over 499 frames.
LOG (lattice-best-path[5.5]:main():lattice-best-path.cc:99) For utterance BAC009S0915W0491, best cost 120.365 + -335.074 = -214.71 over 563 frames.
LOG (lattice-best-path[5.5]:main():lattice-best-path.cc:99) For utterance BAC009S0915W0492, best cost 50.2939 + -171.969 = -121.675 over 323 frames.
LOG (lattice-best-path[5.5]:main():lattice-best-path.cc:99) For utterance BAC009S0915W0493, best cost 84.2586 + -195.901 = -111.642 over 400 frames.
LOG (lattice-depth-per-frame[5.5]:main():lattice-depth-per-frame.cc:82) Done 363 lattices.
LOG (lattice-best-path[5.5]:main():lattice-best-path.cc:99) For utterance BAC009S0915W0494, best cost 170.039 + -483.46 = -313.421 over 886 frames.
LOG (lattice-best-path[5.5]:main():lattice-best-path.cc:99) For utterance BAC009S0915W0495, best cost 69.4641 + -200.922 = -131.458 over 349 frames.
LOG (lattice-best-path[5.5]:main():lattice-best-path.cc:124) Overall cost per frame is -0.361617 = 0.179932 [graph] + -0.541548 [acoustic] over 192585 frames.
LOG (lattice-best-path[5.5]:main():lattice-best-path.cc:128) Done 363 lattices, failed for 0
# Accounting: time=2 threads=1
# Ended (code 0) at Sat Jun 18 23:01:57 CST 2022, elapsed time 2 seconds
