# lattice-depth-per-frame "ark:gunzip -c exp/nnet3/new_dnn_sp/decode_test/lat.14.gz|" "ark,t:|gzip -c > exp/nnet3/new_dnn_sp/decode_test/depth_tmp.14.gz" ark:- | lattice-best-path --acoustic-scale=0.1 ark:- ark:/dev/null "ark,t:|gzip -c >exp/nnet3/new_dnn_sp/decode_test/ali_tmp.14.gz" 
# Started at Sat Jun 18 23:01:52 CST 2022
#
lattice-depth-per-frame 'ark:gunzip -c exp/nnet3/new_dnn_sp/decode_test/lat.14.gz|' 'ark,t:|gzip -c > exp/nnet3/new_dnn_sp/decode_test/depth_tmp.14.gz' ark:- 
lattice-best-path --acoustic-scale=0.1 ark:- ark:/dev/null 'ark,t:|gzip -c >exp/nnet3/new_dnn_sp/decode_test/ali_tmp.14.gz' 
LOG (lattice-best-path[5.5]:main():lattice-best-path.cc:99) For utterance BAC009S0907W0121, best cost 95.662 + -312.725 = -217.063 over 534 frames.
LOG (lattice-best-path[5.5]:main():lattice-best-path.cc:99) For utterance BAC009S0907W0122, best cost 90.889 + -262.723 = -171.834 over 462 frames.
LOG (lattice-best-path[5.5]:main():lattice-best-path.cc:99) For utterance BAC009S0907W0123, best cost 79.0608 + -263.801 = -184.741 over 468 frames.
LOG (lattice-best-path[5.5]:main():lattice-best-path.cc:99) For utterance BAC009S0907W0124, best cost 118.211 + -431.918 = -313.706 over 748 frames.
LOG (lattice-best-path[5.5]:main():lattice-best-path.cc:99) For utterance BAC009S0907W0125, best cost 91.7658 + -302.456 = -210.69 over 483 frames.
LOG (lattice-best-path[5.5]:main():lattice-best-path.cc:99) For utterance BAC009S0907W0126, best cost 69.7787 + -285.948 = -216.17 over 487 frames.
LOG (lattice-best-path[5.5]:main():lattice-best-path.cc:99) For utterance BAC009S0907W0127, best cost 74.9714 + -225.391 = -150.42 over 390 frames.
LOG (lattice-best-path[5.5]:main():lattice-best-path.cc:99) For utterance BAC009S0907W0128, best cost 71.5762 + -235.371 = -163.795 over 404 frames.
LOG (lattice-best-path[5.5]:main():lattice-best-path.cc:99) For utterance BAC009S0907W0129, best cost 64.0262 + -209.135 = -145.109 over 362 frames.
LOG (lattice-best-path[5.5]:main():lattice-best-path.cc:99) For utterance BAC009S0907W0130, best cost 99.6562 + -304.762 = -205.105 over 513 frames.
LOG (lattice-best-path[5.5]:main():lattice-best-path.cc:99) For utterance BAC009S0907W0131, best cost 90.9753 + -245.369 = -154.394 over 413 frames.
LOG (lattice-best-path[5.5]:main():lattice-best-path.cc:99) For utterance BAC009S0907W0132, best cost 72.0951 + -237.623 = -165.528 over 405 frames.
LOG (lattice-best-path[5.5]:main():lattice-best-path.cc:99) For utterance BAC009S0907W0133, best cost 69.8803 + -237.32 = -167.44 over 410 frames.
LOG (lattice-best-path[5.5]:main():lattice-best-path.cc:99) For utterance BAC009S0907W0134, best cost 73.7344 + -282.848 = -209.114 over 498 frames.
LOG (lattice-best-path[5.5]:main():lattice-best-path.cc:99) For utterance BAC009S0907W0135, best cost 69.3428 + -201.062 = -131.719 over 356 frames.
LOG (lattice-best-path[5.5]:main():lattice-best-path.cc:99) For utterance BAC009S0907W0136, best cost 92.997 + -273.395 = -180.398 over 466 frames.
LOG (lattice-best-path[5.5]:main():lattice-best-path.cc:99) For utterance BAC009S0907W0137, best cost 85.4044 + -311.316 = -225.911 over 533 frames.
LOG (lattice-best-path[5.5]:main():lattice-best-path.cc:99) For utterance BAC009S0907W0138, best cost 56.1444 + -252.862 = -196.717 over 427 frames.
LOG (lattice-best-path[5.5]:main():lattice-best-path.cc:99) For utterance BAC009S0907W0139, best cost 76.5162 + -222.561 = -146.045 over 387 frames.
LOG (lattice-best-path[5.5]:main():lattice-best-path.cc:99) For utterance BAC009S0907W0140, best cost 110.514 + -355.268 = -244.755 over 577 frames.
LOG (lattice-best-path[5.5]:main():lattice-best-path.cc:99) For utterance BAC009S0907W0141, best cost 68.7792 + -243.23 = -174.451 over 400 frames.
LOG (lattice-best-path[5.5]:main():lattice-best-path.cc:99) For utterance BAC009S0907W0142, best cost 60.5217 + -207.326 = -146.805 over 353 frames.
LOG (lattice-best-path[5.5]:main():lattice-best-path.cc:99) For utterance BAC009S0907W0143, best cost 146.561 + -473.963 = -327.402 over 783 frames.
LOG (lattice-best-path[5.5]:main():lattice-best-path.cc:99) For utterance BAC009S0907W0144, best cost 61.1153 + -188.432 = -127.317 over 322 frames.
LOG (lattice-best-path[5.5]:main():lattice-best-path.cc:99) For utterance BAC009S0907W0145, best cost 66.3381 + -223.114 = -156.775 over 372 frames.
LOG (lattice-best-path[5.5]:main():lattice-best-path.cc:99) For utterance BAC009S0907W0146, best cost 58.3289 + -170.984 = -112.655 over 305 frames.
LOG (lattice-best-path[5.5]:main():lattice-best-path.cc:99) For utterance BAC009S0907W0147, best cost 48.3202 + -152.919 = -104.599 over 282 frames.
LOG (lattice-best-path[5.5]:main():lattice-best-path.cc:99) For utterance BAC009S0907W0148, best cost 87.2733 + -272.364 = -185.091 over 430 frames.
LOG (lattice-best-path[5.5]:main():lattice-best-path.cc:99) For utterance BAC009S0907W0149, best cost 102.137 + -257.448 = -155.311 over 444 frames.
LOG (lattice-best-path[5.5]:main():lattice-best-path.cc:99) For utterance BAC009S0907W0150, best cost 90.8231 + -273.687 = -182.863 over 460 frames.
LOG (lattice-best-path[5.5]:main():lattice-best-path.cc:99) For utterance BAC009S0907W0151, best cost 88.4719 + -372.918 = -284.446 over 632 frames.
LOG (lattice-best-path[5.5]:main():lattice-best-path.cc:99) For utterance BAC009S0907W0152, best cost 71.1744 + -223.346 = -152.172 over 421 frames.
LOG (lattice-best-path[5.5]:main():lattice-best-path.cc:99) For utterance BAC009S0907W0153, best cost 74.8674 + -250.049 = -175.181 over 491 frames.
LOG (lattice-best-path[5.5]:main():lattice-best-path.cc:99) For utterance BAC009S0907W0154, best cost 74.4303 + -212.722 = -138.291 over 361 frames.
LOG (lattice-best-path[5.5]:main():lattice-best-path.cc:99) For utterance BAC009S0907W0155, best cost 57.7294 + -170.833 = -113.104 over 305 frames.
LOG (lattice-best-path[5.5]:main():lattice-best-path.cc:99) For utterance BAC009S0907W0156, best cost 86.341 + -270.8 = -184.459 over 448 frames.
LOG (lattice-best-path[5.5]:main():lattice-best-path.cc:99) For utterance BAC009S0907W0157, best cost 87.9033 + -251.038 = -163.135 over 419 frames.
LOG (lattice-best-path[5.5]:main():lattice-best-path.cc:99) For utterance BAC009S0907W0158, best cost 63.5051 + -201.974 = -138.469 over 348 frames.
LOG (lattice-best-path[5.5]:main():lattice-best-path.cc:99) For utterance BAC009S0907W0159, best cost 49.6339 + -175.005 = -125.371 over 314 frames.
LOG (lattice-best-path[5.5]:main():lattice-best-path.cc:99) For utterance BAC009S0907W0160, best cost 97.7246 + -337.44 = -239.715 over 591 frames.
LOG (lattice-best-path[5.5]:main():lattice-best-path.cc:99) For utterance BAC009S0907W0161, best cost 62.3103 + -216.652 = -154.342 over 365 frames.
LOG (lattice-best-path[5.5]:main():lattice-best-path.cc:99) For utterance BAC009S0907W0162, best cost 58.6755 + -200.484 = -141.808 over 341 frames.
LOG (lattice-best-path[5.5]:main():lattice-best-path.cc:99) For utterance BAC009S0907W0163, best cost 70.2541 + -238.316 = -168.061 over 425 frames.
LOG (lattice-best-path[5.5]:main():lattice-best-path.cc:99) For utterance BAC009S0907W0164, best cost 47.9188 + -172.586 = -124.667 over 307 frames.
LOG (lattice-best-path[5.5]:main():lattice-best-path.cc:99) For utterance BAC009S0907W0165, best cost 70.7067 + -237.082 = -166.376 over 390 frames.
LOG (lattice-best-path[5.5]:main():lattice-best-path.cc:99) For utterance BAC009S0907W0166, best cost 82.0122 + -207.699 = -125.687 over 365 frames.
LOG (lattice-best-path[5.5]:main():lattice-best-path.cc:99) For utterance BAC009S0907W0167, best cost 86.9022 + -273.035 = -186.133 over 448 frames.
LOG (lattice-best-path[5.5]:main():lattice-best-path.cc:99) For utterance BAC009S0907W0168, best cost 81.7582 + -275.287 = -193.529 over 493 frames.
LOG (lattice-best-path[5.5]:main():lattice-best-path.cc:99) For utterance BAC009S0907W0169, best cost 85.1238 + -237.264 = -152.141 over 396 frames.
LOG (lattice-best-path[5.5]:main():lattice-best-path.cc:99) For utterance BAC009S0907W0170, best cost 72.9503 + -239.873 = -166.923 over 398 frames.
LOG (lattice-best-path[5.5]:main():lattice-best-path.cc:99) For utterance BAC009S0907W0171, best cost 48.6723 + -219.538 = -170.865 over 440 frames.
LOG (lattice-best-path[5.5]:main():lattice-best-path.cc:99) For utterance BAC009S0907W0172, best cost 76.4543 + -203.351 = -126.897 over 378 frames.
LOG (lattice-best-path[5.5]:main():lattice-best-path.cc:99) For utterance BAC009S0907W0173, best cost 62.3086 + -192.712 = -130.404 over 333 frames.
LOG (lattice-best-path[5.5]:main():lattice-best-path.cc:99) For utterance BAC009S0907W0174, best cost 133.214 + -452.737 = -319.523 over 730 frames.
LOG (lattice-best-path[5.5]:main():lattice-best-path.cc:99) For utterance BAC009S0907W0175, best cost 52.3241 + -189.081 = -136.757 over 344 frames.
LOG (lattice-best-path[5.5]:main():lattice-best-path.cc:99) For utterance BAC009S0907W0176, best cost 72.905 + -225.591 = -152.686 over 383 frames.
LOG (lattice-best-path[5.5]:main():lattice-best-path.cc:99) For utterance BAC009S0907W0177, best cost 61.4446 + -199.77 = -138.325 over 356 frames.
LOG (lattice-best-path[5.5]:main():lattice-best-path.cc:99) For utterance BAC009S0907W0178, best cost 101.081 + -317.818 = -216.737 over 548 frames.
LOG (lattice-best-path[5.5]:main():lattice-best-path.cc:99) For utterance BAC009S0907W0179, best cost 86.2966 + -229.71 = -143.413 over 376 frames.
LOG (lattice-best-path[5.5]:main():lattice-best-path.cc:99) For utterance BAC009S0907W0180, best cost 70.822 + -205.499 = -134.677 over 348 frames.
LOG (lattice-best-path[5.5]:main():lattice-best-path.cc:99) For utterance BAC009S0907W0181, best cost 125.853 + -449.911 = -324.057 over 776 frames.
LOG (lattice-best-path[5.5]:main():lattice-best-path.cc:99) For utterance BAC009S0907W0182, best cost 123.508 + -432.524 = -309.016 over 780 frames.
LOG (lattice-best-path[5.5]:main():lattice-best-path.cc:99) For utterance BAC009S0907W0183, best cost 105.298 + -321.563 = -216.265 over 521 frames.
LOG (lattice-best-path[5.5]:main():lattice-best-path.cc:99) For utterance BAC009S0907W0184, best cost 112.466 + -384.848 = -272.382 over 695 frames.
LOG (lattice-best-path[5.5]:main():lattice-best-path.cc:99) For utterance BAC009S0907W0185, best cost 123.07 + -407.638 = -284.568 over 679 frames.
LOG (lattice-best-path[5.5]:main():lattice-best-path.cc:99) For utterance BAC009S0907W0186, best cost 56.7575 + -253.521 = -196.764 over 413 frames.
LOG (lattice-best-path[5.5]:main():lattice-best-path.cc:99) For utterance BAC009S0907W0187, best cost 108.713 + -327.368 = -218.655 over 586 frames.
LOG (lattice-best-path[5.5]:main():lattice-best-path.cc:99) For utterance BAC009S0907W0188, best cost 114.91 + -402.297 = -287.386 over 692 frames.
LOG (lattice-best-path[5.5]:main():lattice-best-path.cc:99) For utterance BAC009S0907W0189, best cost 70.2386 + -232.692 = -162.453 over 401 frames.
LOG (lattice-best-path[5.5]:main():lattice-best-path.cc:99) For utterance BAC009S0907W0190, best cost 97.295 + -365.303 = -268.008 over 581 frames.
LOG (lattice-best-path[5.5]:main():lattice-best-path.cc:99) For utterance BAC009S0907W0191, best cost 140.928 + -509.997 = -369.069 over 859 frames.
LOG (lattice-best-path[5.5]:main():lattice-best-path.cc:99) For utterance BAC009S0907W0192, best cost 75.5749 + -229.087 = -153.512 over 406 frames.
LOG (lattice-best-path[5.5]:main():lattice-best-path.cc:99) For utterance BAC009S0907W0193, best cost 78.7018 + -220.218 = -141.516 over 411 frames.
LOG (lattice-best-path[5.5]:main():lattice-best-path.cc:99) For utterance BAC009S0907W0194, best cost 107.737 + -397.767 = -290.031 over 684 frames.
LOG (lattice-best-path[5.5]:main():lattice-best-path.cc:99) For utterance BAC009S0907W0195, best cost 88.5344 + -363.825 = -275.291 over 607 frames.
LOG (lattice-best-path[5.5]:main():lattice-best-path.cc:99) For utterance BAC009S0907W0196, best cost 86.5908 + -306.43 = -219.839 over 532 frames.
LOG (lattice-best-path[5.5]:main():lattice-best-path.cc:99) For utterance BAC009S0907W0197, best cost 114.976 + -406.037 = -291.061 over 772 frames.
LOG (lattice-best-path[5.5]:main():lattice-best-path.cc:99) For utterance BAC009S0907W0198, best cost 90.4926 + -302.756 = -212.263 over 564 frames.
LOG (lattice-best-path[5.5]:main():lattice-best-path.cc:99) For utterance BAC009S0907W0199, best cost 87.865 + -258.533 = -170.668 over 457 frames.
LOG (lattice-best-path[5.5]:main():lattice-best-path.cc:99) For utterance BAC009S0907W0200, best cost 71.0717 + -229.381 = -158.309 over 439 frames.
LOG (lattice-best-path[5.5]:main():lattice-best-path.cc:99) For utterance BAC009S0907W0201, best cost 139.316 + -442.522 = -303.206 over 780 frames.
LOG (lattice-best-path[5.5]:main():lattice-best-path.cc:99) For utterance BAC009S0907W0202, best cost 85.3875 + -276.618 = -191.231 over 494 frames.
LOG (lattice-best-path[5.5]:main():lattice-best-path.cc:99) For utterance BAC009S0907W0203, best cost 66.447 + -178.337 = -111.89 over 327 frames.
LOG (lattice-best-path[5.5]:main():lattice-best-path.cc:99) For utterance BAC009S0907W0204, best cost 73.3552 + -332.895 = -259.54 over 581 frames.
LOG (lattice-best-path[5.5]:main():lattice-best-path.cc:99) For utterance BAC009S0907W0205, best cost 65.0568 + -196.393 = -131.336 over 366 frames.
LOG (lattice-best-path[5.5]:main():lattice-best-path.cc:99) For utterance BAC009S0907W0206, best cost 132.515 + -429.176 = -296.661 over 718 frames.
LOG (lattice-best-path[5.5]:main():lattice-best-path.cc:99) For utterance BAC009S0907W0207, best cost 57.4161 + -193.96 = -136.544 over 331 frames.
LOG (lattice-best-path[5.5]:main():lattice-best-path.cc:99) For utterance BAC009S0907W0208, best cost 66.6452 + -208.091 = -141.446 over 381 frames.
LOG (lattice-best-path[5.5]:main():lattice-best-path.cc:99) For utterance BAC009S0907W0209, best cost 97.2519 + -340.692 = -243.44 over 578 frames.
LOG (lattice-best-path[5.5]:main():lattice-best-path.cc:99) For utterance BAC009S0907W0210, best cost 153.431 + -442.208 = -288.778 over 729 frames.
LOG (lattice-best-path[5.5]:main():lattice-best-path.cc:99) For utterance BAC009S0907W0211, best cost 100.825 + -387.139 = -286.314 over 674 frames.
LOG (lattice-best-path[5.5]:main():lattice-best-path.cc:99) For utterance BAC009S0907W0212, best cost 100.486 + -367.894 = -267.408 over 689 frames.
LOG (lattice-best-path[5.5]:main():lattice-best-path.cc:99) For utterance BAC009S0907W0213, best cost 108.839 + -341.489 = -232.65 over 561 frames.
LOG (lattice-best-path[5.5]:main():lattice-best-path.cc:99) For utterance BAC009S0907W0214, best cost 81.364 + -320.386 = -239.022 over 534 frames.
LOG (lattice-best-path[5.5]:main():lattice-best-path.cc:99) For utterance BAC009S0907W0215, best cost 77.7841 + -228.445 = -150.66 over 394 frames.
LOG (lattice-best-path[5.5]:main():lattice-best-path.cc:99) For utterance BAC009S0907W0216, best cost 59.2966 + -189.244 = -129.947 over 331 frames.
LOG (lattice-best-path[5.5]:main():lattice-best-path.cc:99) For utterance BAC009S0907W0217, best cost 65.8125 + -247.816 = -182.004 over 436 frames.
LOG (lattice-best-path[5.5]:main():lattice-best-path.cc:99) For utterance BAC009S0907W0218, best cost 70.9727 + -257.176 = -186.204 over 438 frames.
LOG (lattice-best-path[5.5]:main():lattice-best-path.cc:99) For utterance BAC009S0907W0219, best cost 83.2078 + -287.925 = -204.717 over 504 frames.
LOG (lattice-best-path[5.5]:main():lattice-best-path.cc:99) For utterance BAC009S0907W0220, best cost 98.5542 + -307.24 = -208.685 over 525 frames.
LOG (lattice-best-path[5.5]:main():lattice-best-path.cc:99) For utterance BAC009S0907W0221, best cost 74.3985 + -231.899 = -157.501 over 447 frames.
LOG (lattice-best-path[5.5]:main():lattice-best-path.cc:99) For utterance BAC009S0907W0222, best cost 108.881 + -304.666 = -195.785 over 519 frames.
LOG (lattice-best-path[5.5]:main():lattice-best-path.cc:99) For utterance BAC009S0907W0223, best cost 87.7501 + -267.672 = -179.922 over 523 frames.
LOG (lattice-best-path[5.5]:main():lattice-best-path.cc:99) For utterance BAC009S0907W0224, best cost 117.833 + -415.056 = -297.223 over 697 frames.
LOG (lattice-best-path[5.5]:main():lattice-best-path.cc:99) For utterance BAC009S0907W0225, best cost 178.739 + -539.857 = -361.118 over 937 frames.
LOG (lattice-best-path[5.5]:main():lattice-best-path.cc:99) For utterance BAC009S0907W0226, best cost 88.6836 + -241.858 = -153.175 over 408 frames.
LOG (lattice-best-path[5.5]:main():lattice-best-path.cc:99) For utterance BAC009S0907W0227, best cost 164.467 + -487.472 = -323.006 over 910 frames.
LOG (lattice-best-path[5.5]:main():lattice-best-path.cc:99) For utterance BAC009S0907W0228, best cost 80.4605 + -260.344 = -179.883 over 472 frames.
LOG (lattice-best-path[5.5]:main():lattice-best-path.cc:99) For utterance BAC009S0907W0229, best cost 72.4993 + -231.868 = -159.369 over 425 frames.
LOG (lattice-best-path[5.5]:main():lattice-best-path.cc:99) For utterance BAC009S0907W0230, best cost 138.928 + -422.348 = -283.42 over 709 frames.
LOG (lattice-best-path[5.5]:main():lattice-best-path.cc:99) For utterance BAC009S0907W0231, best cost 159.038 + -441.632 = -282.594 over 863 frames.
LOG (lattice-best-path[5.5]:main():lattice-best-path.cc:99) For utterance BAC009S0907W0232, best cost 139.175 + -461.836 = -322.661 over 780 frames.
LOG (lattice-best-path[5.5]:main():lattice-best-path.cc:99) For utterance BAC009S0907W0233, best cost 133.671 + -390.438 = -256.767 over 616 frames.
LOG (lattice-best-path[5.5]:main():lattice-best-path.cc:99) For utterance BAC009S0907W0234, best cost 121.078 + -359.815 = -238.737 over 636 frames.
LOG (lattice-best-path[5.5]:main():lattice-best-path.cc:99) For utterance BAC009S0907W0235, best cost 123.916 + -375.13 = -251.214 over 613 frames.
LOG (lattice-best-path[5.5]:main():lattice-best-path.cc:99) For utterance BAC009S0907W0236, best cost 177.801 + -484.789 = -306.988 over 857 frames.
LOG (lattice-best-path[5.5]:main():lattice-best-path.cc:99) For utterance BAC009S0907W0237, best cost 125.08 + -390.612 = -265.532 over 742 frames.
LOG (lattice-best-path[5.5]:main():lattice-best-path.cc:99) For utterance BAC009S0907W0238, best cost 100.602 + -392.925 = -292.323 over 633 frames.
LOG (lattice-best-path[5.5]:main():lattice-best-path.cc:99) For utterance BAC009S0907W0239, best cost 71.5498 + -217.861 = -146.312 over 388 frames.
LOG (lattice-best-path[5.5]:main():lattice-best-path.cc:99) For utterance BAC009S0907W0240, best cost 94.3039 + -348.931 = -254.627 over 567 frames.
LOG (lattice-best-path[5.5]:main():lattice-best-path.cc:99) For utterance BAC009S0907W0241, best cost 66.1775 + -268.87 = -202.693 over 456 frames.
LOG (lattice-best-path[5.5]:main():lattice-best-path.cc:99) For utterance BAC009S0907W0242, best cost 116.738 + -360.779 = -244.041 over 594 frames.
LOG (lattice-best-path[5.5]:main():lattice-best-path.cc:99) For utterance BAC009S0907W0243, best cost 115.912 + -312.74 = -196.828 over 549 frames.
LOG (lattice-best-path[5.5]:main():lattice-best-path.cc:99) For utterance BAC009S0907W0244, best cost 87.7441 + -270.888 = -183.144 over 512 frames.
LOG (lattice-best-path[5.5]:main():lattice-best-path.cc:99) For utterance BAC009S0907W0245, best cost 75.7885 + -309.03 = -233.242 over 520 frames.
LOG (lattice-best-path[5.5]:main():lattice-best-path.cc:99) For utterance BAC009S0907W0246, best cost 156.596 + -523.114 = -366.517 over 974 frames.
LOG (lattice-best-path[5.5]:main():lattice-best-path.cc:99) For utterance BAC009S0907W0247, best cost 132.903 + -381.703 = -248.801 over 630 frames.
LOG (lattice-best-path[5.5]:main():lattice-best-path.cc:99) For utterance BAC009S0907W0248, best cost 123.592 + -360.997 = -237.405 over 606 frames.
LOG (lattice-best-path[5.5]:main():lattice-best-path.cc:99) For utterance BAC009S0907W0249, best cost 74.5316 + -249.113 = -174.581 over 427 frames.
LOG (lattice-best-path[5.5]:main():lattice-best-path.cc:99) For utterance BAC009S0907W0250, best cost 122.465 + -452.959 = -330.494 over 765 frames.
LOG (lattice-best-path[5.5]:main():lattice-best-path.cc:99) For utterance BAC009S0907W0251, best cost 71.9911 + -236.682 = -164.69 over 415 frames.
LOG (lattice-best-path[5.5]:main():lattice-best-path.cc:99) For utterance BAC009S0907W0252, best cost 71.6273 + -253.595 = -181.968 over 482 frames.
LOG (lattice-best-path[5.5]:main():lattice-best-path.cc:99) For utterance BAC009S0907W0253, best cost 101.971 + -279.841 = -177.871 over 480 frames.
LOG (lattice-best-path[5.5]:main():lattice-best-path.cc:99) For utterance BAC009S0907W0254, best cost 107.807 + -355.369 = -247.562 over 594 frames.
LOG (lattice-best-path[5.5]:main():lattice-best-path.cc:99) For utterance BAC009S0907W0258, best cost 84.3985 + -258.882 = -174.483 over 492 frames.
LOG (lattice-best-path[5.5]:main():lattice-best-path.cc:99) For utterance BAC009S0907W0259, best cost 68.4613 + -204.809 = -136.348 over 362 frames.
LOG (lattice-best-path[5.5]:main():lattice-best-path.cc:99) For utterance BAC009S0907W0261, best cost 76.6365 + -207.697 = -131.061 over 372 frames.
LOG (lattice-best-path[5.5]:main():lattice-best-path.cc:99) For utterance BAC009S0907W0262, best cost 116.458 + -358.629 = -242.171 over 592 frames.
LOG (lattice-best-path[5.5]:main():lattice-best-path.cc:99) For utterance BAC009S0907W0263, best cost 66.8953 + -209.157 = -142.261 over 372 frames.
LOG (lattice-best-path[5.5]:main():lattice-best-path.cc:99) For utterance BAC009S0907W0264, best cost 102.016 + -314.272 = -212.256 over 513 frames.
LOG (lattice-best-path[5.5]:main():lattice-best-path.cc:99) For utterance BAC009S0907W0265, best cost 111.837 + -392.446 = -280.609 over 678 frames.
LOG (lattice-best-path[5.5]:main():lattice-best-path.cc:99) For utterance BAC009S0907W0266, best cost 112.575 + -337.886 = -225.311 over 585 frames.
LOG (lattice-best-path[5.5]:main():lattice-best-path.cc:99) For utterance BAC009S0907W0268, best cost 109.144 + -340.027 = -230.883 over 598 frames.
LOG (lattice-best-path[5.5]:main():lattice-best-path.cc:99) For utterance BAC009S0907W0269, best cost 97.0413 + -352.503 = -255.461 over 559 frames.
LOG (lattice-best-path[5.5]:main():lattice-best-path.cc:99) For utterance BAC009S0907W0270, best cost 89.2555 + -269.888 = -180.632 over 445 frames.
LOG (lattice-best-path[5.5]:main():lattice-best-path.cc:99) For utterance BAC009S0907W0271, best cost 54.3782 + -181.724 = -127.346 over 338 frames.
LOG (lattice-best-path[5.5]:main():lattice-best-path.cc:99) For utterance BAC009S0907W0272, best cost 88.7218 + -293.696 = -204.974 over 524 frames.
LOG (lattice-best-path[5.5]:main():lattice-best-path.cc:99) For utterance BAC009S0907W0273, best cost 75.5057 + -244.407 = -168.902 over 420 frames.
LOG (lattice-best-path[5.5]:main():lattice-best-path.cc:99) For utterance BAC009S0907W0274, best cost 80.6447 + -255.109 = -174.464 over 433 frames.
LOG (lattice-best-path[5.5]:main():lattice-best-path.cc:99) For utterance BAC009S0907W0275, best cost 85.3478 + -338.297 = -252.949 over 556 frames.
LOG (lattice-best-path[5.5]:main():lattice-best-path.cc:99) For utterance BAC009S0907W0277, best cost 91.0582 + -245.43 = -154.372 over 434 frames.
LOG (lattice-best-path[5.5]:main():lattice-best-path.cc:99) For utterance BAC009S0907W0278, best cost 78.1514 + -269.926 = -191.775 over 469 frames.
LOG (lattice-best-path[5.5]:main():lattice-best-path.cc:99) For utterance BAC009S0907W0279, best cost 97.0564 + -378.687 = -281.631 over 596 frames.
LOG (lattice-best-path[5.5]:main():lattice-best-path.cc:99) For utterance BAC009S0907W0280, best cost 92.0124 + -290.733 = -198.721 over 530 frames.
LOG (lattice-best-path[5.5]:main():lattice-best-path.cc:99) For utterance BAC009S0907W0281, best cost 96.4582 + -343.892 = -247.434 over 558 frames.
LOG (lattice-best-path[5.5]:main():lattice-best-path.cc:99) For utterance BAC009S0907W0282, best cost 85.2865 + -306.658 = -221.372 over 549 frames.
LOG (lattice-best-path[5.5]:main():lattice-best-path.cc:99) For utterance BAC009S0907W0283, best cost 148.534 + -463.041 = -314.506 over 828 frames.
LOG (lattice-best-path[5.5]:main():lattice-best-path.cc:99) For utterance BAC009S0907W0286, best cost 133.517 + -342.019 = -208.501 over 555 frames.
LOG (lattice-best-path[5.5]:main():lattice-best-path.cc:99) For utterance BAC009S0907W0287, best cost 93.1266 + -308.908 = -215.781 over 531 frames.
LOG (lattice-best-path[5.5]:main():lattice-best-path.cc:99) For utterance BAC009S0907W0290, best cost 69.9726 + -267.232 = -197.259 over 454 frames.
LOG (lattice-best-path[5.5]:main():lattice-best-path.cc:99) For utterance BAC009S0907W0291, best cost 58.5904 + -178.802 = -120.211 over 310 frames.
LOG (lattice-best-path[5.5]:main():lattice-best-path.cc:99) For utterance BAC009S0907W0294, best cost 61.1722 + -202.191 = -141.019 over 337 frames.
LOG (lattice-best-path[5.5]:main():lattice-best-path.cc:99) For utterance BAC009S0907W0295, best cost 110.667 + -295.838 = -185.171 over 494 frames.
LOG (lattice-best-path[5.5]:main():lattice-best-path.cc:99) For utterance BAC009S0907W0297, best cost 100.414 + -293.756 = -193.342 over 511 frames.
LOG (lattice-best-path[5.5]:main():lattice-best-path.cc:99) For utterance BAC009S0907W0298, best cost 77.1152 + -248.604 = -171.489 over 411 frames.
LOG (lattice-best-path[5.5]:main():lattice-best-path.cc:99) For utterance BAC009S0907W0300, best cost 149.689 + -428.183 = -278.494 over 691 frames.
LOG (lattice-best-path[5.5]:main():lattice-best-path.cc:99) For utterance BAC009S0907W0301, best cost 136.756 + -399.172 = -262.416 over 677 frames.
LOG (lattice-best-path[5.5]:main():lattice-best-path.cc:99) For utterance BAC009S0907W0302, best cost 66.0234 + -229.188 = -163.165 over 392 frames.
LOG (lattice-best-path[5.5]:main():lattice-best-path.cc:99) For utterance BAC009S0907W0303, best cost 122.238 + -334.836 = -212.598 over 540 frames.
LOG (lattice-best-path[5.5]:main():lattice-best-path.cc:99) For utterance BAC009S0907W0304, best cost 137.131 + -375.295 = -238.164 over 652 frames.
LOG (lattice-best-path[5.5]:main():lattice-best-path.cc:99) For utterance BAC009S0907W0305, best cost 115.126 + -377.029 = -261.903 over 655 frames.
LOG (lattice-best-path[5.5]:main():lattice-best-path.cc:99) For utterance BAC009S0907W0306, best cost 84.514 + -235.672 = -151.158 over 428 frames.
LOG (lattice-best-path[5.5]:main():lattice-best-path.cc:99) For utterance BAC009S0907W0307, best cost 80.2392 + -217.414 = -137.175 over 378 frames.
LOG (lattice-best-path[5.5]:main():lattice-best-path.cc:99) For utterance BAC009S0907W0308, best cost 73.7201 + -220.801 = -147.081 over 391 frames.
LOG (lattice-best-path[5.5]:main():lattice-best-path.cc:99) For utterance BAC009S0907W0309, best cost 52.3024 + -191.74 = -139.438 over 337 frames.
LOG (lattice-best-path[5.5]:main():lattice-best-path.cc:99) For utterance BAC009S0907W0310, best cost 116.335 + -434.252 = -317.917 over 722 frames.
LOG (lattice-best-path[5.5]:main():lattice-best-path.cc:99) For utterance BAC009S0907W0311, best cost 85.9598 + -249.614 = -163.654 over 413 frames.
LOG (lattice-best-path[5.5]:main():lattice-best-path.cc:99) For utterance BAC009S0907W0312, best cost 65.7424 + -215.739 = -149.996 over 370 frames.
LOG (lattice-best-path[5.5]:main():lattice-best-path.cc:99) For utterance BAC009S0907W0313, best cost 56.5135 + -202.138 = -145.625 over 360 frames.
LOG (lattice-best-path[5.5]:main():lattice-best-path.cc:99) For utterance BAC009S0907W0314, best cost 107.343 + -349.083 = -241.74 over 576 frames.
LOG (lattice-best-path[5.5]:main():lattice-best-path.cc:99) For utterance BAC009S0907W0315, best cost 140.77 + -387.181 = -246.411 over 657 frames.
LOG (lattice-best-path[5.5]:main():lattice-best-path.cc:99) For utterance BAC009S0907W0316, best cost 60.6438 + -208.77 = -148.127 over 365 frames.
LOG (lattice-best-path[5.5]:main():lattice-best-path.cc:99) For utterance BAC009S0907W0317, best cost 144.596 + -351.396 = -206.8 over 583 frames.
LOG (lattice-best-path[5.5]:main():lattice-best-path.cc:99) For utterance BAC009S0907W0318, best cost 111.098 + -364.139 = -253.042 over 579 frames.
LOG (lattice-best-path[5.5]:main():lattice-best-path.cc:99) For utterance BAC009S0907W0319, best cost 57.0705 + -219.075 = -162.005 over 398 frames.
LOG (lattice-best-path[5.5]:main():lattice-best-path.cc:99) For utterance BAC009S0907W0320, best cost 58.507 + -196.154 = -137.647 over 342 frames.
LOG (lattice-best-path[5.5]:main():lattice-best-path.cc:99) For utterance BAC009S0907W0321, best cost 87.5066 + -275.2 = -187.694 over 465 frames.
LOG (lattice-best-path[5.5]:main():lattice-best-path.cc:99) For utterance BAC009S0907W0322, best cost 78.1591 + -269.087 = -190.928 over 475 frames.
LOG (lattice-best-path[5.5]:main():lattice-best-path.cc:99) For utterance BAC009S0907W0323, best cost 75.16 + -249.448 = -174.288 over 409 frames.
LOG (lattice-best-path[5.5]:main():lattice-best-path.cc:99) For utterance BAC009S0907W0324, best cost 71.7813 + -241.795 = -170.014 over 418 frames.
LOG (lattice-best-path[5.5]:main():lattice-best-path.cc:99) For utterance BAC009S0907W0325, best cost 97.0612 + -277.029 = -179.968 over 470 frames.
LOG (lattice-best-path[5.5]:main():lattice-best-path.cc:99) For utterance BAC009S0907W0326, best cost 64.6052 + -167.137 = -102.532 over 297 frames.
LOG (lattice-best-path[5.5]:main():lattice-best-path.cc:99) For utterance BAC009S0907W0327, best cost 60.5941 + -198.676 = -138.082 over 348 frames.
LOG (lattice-best-path[5.5]:main():lattice-best-path.cc:99) For utterance BAC009S0907W0328, best cost 138.131 + -326.327 = -188.196 over 548 frames.
LOG (lattice-best-path[5.5]:main():lattice-best-path.cc:99) For utterance BAC009S0907W0329, best cost 107.942 + -294.815 = -186.873 over 500 frames.
LOG (lattice-best-path[5.5]:main():lattice-best-path.cc:99) For utterance BAC009S0907W0330, best cost 97.7598 + -246.608 = -148.848 over 422 frames.
LOG (lattice-best-path[5.5]:main():lattice-best-path.cc:99) For utterance BAC009S0907W0331, best cost 53.1386 + -173.777 = -120.638 over 299 frames.
LOG (lattice-best-path[5.5]:main():lattice-best-path.cc:99) For utterance BAC009S0907W0332, best cost 64.1968 + -223.127 = -158.93 over 411 frames.
LOG (lattice-best-path[5.5]:main():lattice-best-path.cc:99) For utterance BAC009S0907W0333, best cost 63.6791 + -230.262 = -166.583 over 455 frames.
LOG (lattice-best-path[5.5]:main():lattice-best-path.cc:99) For utterance BAC009S0907W0335, best cost 99.9632 + -254.894 = -154.931 over 446 frames.
LOG (lattice-best-path[5.5]:main():lattice-best-path.cc:99) For utterance BAC009S0907W0336, best cost 94.8965 + -287.616 = -192.719 over 511 frames.
LOG (lattice-best-path[5.5]:main():lattice-best-path.cc:99) For utterance BAC009S0907W0337, best cost 46.8471 + -181.477 = -134.63 over 320 frames.
LOG (lattice-best-path[5.5]:main():lattice-best-path.cc:99) For utterance BAC009S0907W0339, best cost 124.158 + -331.191 = -207.034 over 564 frames.
LOG (lattice-best-path[5.5]:main():lattice-best-path.cc:99) For utterance BAC009S0907W0340, best cost 141.404 + -406.503 = -265.1 over 731 frames.
LOG (lattice-best-path[5.5]:main():lattice-best-path.cc:99) For utterance BAC009S0907W0341, best cost 118.473 + -448.645 = -330.171 over 824 frames.
LOG (lattice-best-path[5.5]:main():lattice-best-path.cc:99) For utterance BAC009S0907W0342, best cost 116.597 + -310.464 = -193.867 over 557 frames.
LOG (lattice-best-path[5.5]:main():lattice-best-path.cc:99) For utterance BAC009S0907W0343, best cost 128.329 + -340.043 = -211.714 over 540 frames.
LOG (lattice-best-path[5.5]:main():lattice-best-path.cc:99) For utterance BAC009S0907W0344, best cost 114.017 + -357.315 = -243.298 over 613 frames.
LOG (lattice-best-path[5.5]:main():lattice-best-path.cc:99) For utterance BAC009S0907W0345, best cost 171.433 + -428.331 = -256.898 over 779 frames.
LOG (lattice-best-path[5.5]:main():lattice-best-path.cc:99) For utterance BAC009S0907W0346, best cost 89.2951 + -268.876 = -179.581 over 502 frames.
LOG (lattice-best-path[5.5]:main():lattice-best-path.cc:99) For utterance BAC009S0907W0347, best cost 77.8501 + -288.05 = -210.199 over 548 frames.
LOG (lattice-best-path[5.5]:main():lattice-best-path.cc:99) For utterance BAC009S0907W0350, best cost 41.8248 + -196.642 = -154.817 over 339 frames.
LOG (lattice-best-path[5.5]:main():lattice-best-path.cc:99) For utterance BAC009S0907W0351, best cost 120.272 + -266.235 = -145.964 over 498 frames.
LOG (lattice-best-path[5.5]:main():lattice-best-path.cc:99) For utterance BAC009S0907W0352, best cost 137.794 + -426.252 = -288.458 over 693 frames.
LOG (lattice-best-path[5.5]:main():lattice-best-path.cc:99) For utterance BAC009S0907W0353, best cost 141.67 + -414.363 = -272.693 over 689 frames.
LOG (lattice-best-path[5.5]:main():lattice-best-path.cc:99) For utterance BAC009S0907W0354, best cost 79.3248 + -240.145 = -160.821 over 406 frames.
LOG (lattice-best-path[5.5]:main():lattice-best-path.cc:99) For utterance BAC009S0907W0355, best cost 85.0725 + -223.347 = -138.274 over 395 frames.
LOG (lattice-best-path[5.5]:main():lattice-best-path.cc:99) For utterance BAC009S0907W0356, best cost 115.286 + -292.237 = -176.951 over 508 frames.
LOG (lattice-best-path[5.5]:main():lattice-best-path.cc:99) For utterance BAC009S0907W0357, best cost 103.709 + -299.838 = -196.129 over 504 frames.
LOG (lattice-best-path[5.5]:main():lattice-best-path.cc:99) For utterance BAC009S0907W0358, best cost 152.674 + -389.894 = -237.221 over 709 frames.
LOG (lattice-best-path[5.5]:main():lattice-best-path.cc:99) For utterance BAC009S0907W0359, best cost 84.4173 + -234.33 = -149.912 over 386 frames.
LOG (lattice-best-path[5.5]:main():lattice-best-path.cc:99) For utterance BAC009S0907W0360, best cost 125.668 + -331.439 = -205.771 over 548 frames.
LOG (lattice-best-path[5.5]:main():lattice-best-path.cc:99) For utterance BAC009S0907W0361, best cost 86.343 + -246.107 = -159.764 over 428 frames.
LOG (lattice-best-path[5.5]:main():lattice-best-path.cc:99) For utterance BAC009S0907W0362, best cost 88.2392 + -219.483 = -131.243 over 373 frames.
LOG (lattice-best-path[5.5]:main():lattice-best-path.cc:99) For utterance BAC009S0907W0363, best cost 160.374 + -381.443 = -221.069 over 667 frames.
LOG (lattice-best-path[5.5]:main():lattice-best-path.cc:99) For utterance BAC009S0907W0364, best cost 66.6513 + -211.73 = -145.079 over 372 frames.
LOG (lattice-best-path[5.5]:main():lattice-best-path.cc:99) For utterance BAC009S0907W0365, best cost 102.498 + -297.345 = -194.847 over 508 frames.
LOG (lattice-best-path[5.5]:main():lattice-best-path.cc:99) For utterance BAC009S0907W0366, best cost 80.657 + -220.101 = -139.444 over 381 frames.
LOG (lattice-best-path[5.5]:main():lattice-best-path.cc:99) For utterance BAC009S0907W0367, best cost 121.195 + -305.434 = -184.239 over 535 frames.
LOG (lattice-best-path[5.5]:main():lattice-best-path.cc:99) For utterance BAC009S0907W0368, best cost 94.325 + -239.11 = -144.785 over 414 frames.
LOG (lattice-best-path[5.5]:main():lattice-best-path.cc:99) For utterance BAC009S0907W0369, best cost 80.1529 + -229.084 = -148.931 over 398 frames.
LOG (lattice-best-path[5.5]:main():lattice-best-path.cc:99) For utterance BAC009S0907W0372, best cost 39.8586 + -193.235 = -153.377 over 338 frames.
LOG (lattice-best-path[5.5]:main():lattice-best-path.cc:99) For utterance BAC009S0907W0373, best cost 120.099 + -383.819 = -263.719 over 633 frames.
LOG (lattice-best-path[5.5]:main():lattice-best-path.cc:99) For utterance BAC009S0907W0374, best cost 140.525 + -349.308 = -208.783 over 636 frames.
LOG (lattice-best-path[5.5]:main():lattice-best-path.cc:99) For utterance BAC009S0907W0375, best cost 89.5965 + -254.399 = -164.803 over 473 frames.
LOG (lattice-best-path[5.5]:main():lattice-best-path.cc:99) For utterance BAC009S0907W0376, best cost 166.965 + -433.295 = -266.329 over 776 frames.
LOG (lattice-best-path[5.5]:main():lattice-best-path.cc:99) For utterance BAC009S0907W0377, best cost 75.4042 + -204.516 = -129.112 over 383 frames.
LOG (lattice-best-path[5.5]:main():lattice-best-path.cc:99) For utterance BAC009S0907W0378, best cost 75.9795 + -188.922 = -112.942 over 342 frames.
LOG (lattice-best-path[5.5]:main():lattice-best-path.cc:99) For utterance BAC009S0907W0379, best cost 77.4958 + -233.186 = -155.69 over 415 frames.
LOG (lattice-best-path[5.5]:main():lattice-best-path.cc:99) For utterance BAC009S0907W0380, best cost 61.8209 + -180.924 = -119.103 over 350 frames.
LOG (lattice-best-path[5.5]:main():lattice-best-path.cc:99) For utterance BAC009S0907W0381, best cost 110.301 + -416.683 = -306.382 over 705 frames.
LOG (lattice-best-path[5.5]:main():lattice-best-path.cc:99) For utterance BAC009S0907W0382, best cost 119.277 + -374.407 = -255.129 over 660 frames.
LOG (lattice-best-path[5.5]:main():lattice-best-path.cc:99) For utterance BAC009S0907W0383, best cost 62.2646 + -212.228 = -149.964 over 384 frames.
LOG (lattice-best-path[5.5]:main():lattice-best-path.cc:99) For utterance BAC009S0907W0384, best cost 56.2402 + -220.893 = -164.653 over 409 frames.
LOG (lattice-best-path[5.5]:main():lattice-best-path.cc:99) For utterance BAC009S0907W0385, best cost 58.2646 + -245.754 = -187.49 over 425 frames.
LOG (lattice-best-path[5.5]:main():lattice-best-path.cc:99) For utterance BAC009S0907W0386, best cost 61.2636 + -181.702 = -120.438 over 336 frames.
LOG (lattice-best-path[5.5]:main():lattice-best-path.cc:99) For utterance BAC009S0907W0387, best cost 61.8469 + -209.904 = -148.057 over 400 frames.
LOG (lattice-best-path[5.5]:main():lattice-best-path.cc:99) For utterance BAC009S0907W0388, best cost 111.254 + -346.542 = -235.288 over 650 frames.
LOG (lattice-best-path[5.5]:main():lattice-best-path.cc:99) For utterance BAC009S0907W0389, best cost 105.14 + -365.953 = -260.813 over 652 frames.
LOG (lattice-best-path[5.5]:main():lattice-best-path.cc:99) For utterance BAC009S0907W0390, best cost 143.54 + -459.324 = -315.784 over 785 frames.
LOG (lattice-best-path[5.5]:main():lattice-best-path.cc:99) For utterance BAC009S0907W0391, best cost 57.3586 + -195.904 = -138.546 over 363 frames.
LOG (lattice-best-path[5.5]:main():lattice-best-path.cc:99) For utterance BAC009S0907W0392, best cost 81.4727 + -305.192 = -223.72 over 528 frames.
LOG (lattice-best-path[5.5]:main():lattice-best-path.cc:99) For utterance BAC009S0907W0393, best cost 125.985 + -399.335 = -273.35 over 671 frames.
LOG (lattice-best-path[5.5]:main():lattice-best-path.cc:99) For utterance BAC009S0907W0394, best cost 121.131 + -378.14 = -257.01 over 620 frames.
LOG (lattice-best-path[5.5]:main():lattice-best-path.cc:99) For utterance BAC009S0907W0395, best cost 86.9223 + -276.456 = -189.533 over 508 frames.
LOG (lattice-best-path[5.5]:main():lattice-best-path.cc:99) For utterance BAC009S0907W0396, best cost 74.1736 + -192.55 = -118.376 over 342 frames.
LOG (lattice-best-path[5.5]:main():lattice-best-path.cc:99) For utterance BAC009S0907W0397, best cost 95.2205 + -259.99 = -164.77 over 466 frames.
LOG (lattice-best-path[5.5]:main():lattice-best-path.cc:99) For utterance BAC009S0907W0398, best cost 90.4665 + -298.428 = -207.962 over 491 frames.
LOG (lattice-best-path[5.5]:main():lattice-best-path.cc:99) For utterance BAC009S0907W0399, best cost 83.5049 + -222.138 = -138.633 over 392 frames.
LOG (lattice-best-path[5.5]:main():lattice-best-path.cc:99) For utterance BAC009S0907W0400, best cost 87.194 + -290.168 = -202.974 over 488 frames.
LOG (lattice-best-path[5.5]:main():lattice-best-path.cc:99) For utterance BAC009S0907W0401, best cost 113.366 + -287.243 = -173.877 over 497 frames.
LOG (lattice-best-path[5.5]:main():lattice-best-path.cc:99) For utterance BAC009S0907W0402, best cost 88.9649 + -255.863 = -166.898 over 430 frames.
LOG (lattice-best-path[5.5]:main():lattice-best-path.cc:99) For utterance BAC009S0907W0403, best cost 38.6285 + -207.46 = -168.831 over 382 frames.
LOG (lattice-best-path[5.5]:main():lattice-best-path.cc:99) For utterance BAC009S0907W0404, best cost 135.078 + -433.308 = -298.23 over 798 frames.
LOG (lattice-best-path[5.5]:main():lattice-best-path.cc:99) For utterance BAC009S0907W0405, best cost 80.9374 + -289.268 = -208.33 over 503 frames.
LOG (lattice-best-path[5.5]:main():lattice-best-path.cc:99) For utterance BAC009S0907W0406, best cost 114.496 + -379.616 = -265.12 over 611 frames.
LOG (lattice-best-path[5.5]:main():lattice-best-path.cc:99) For utterance BAC009S0907W0408, best cost 56.4584 + -187.752 = -131.293 over 313 frames.
LOG (lattice-best-path[5.5]:main():lattice-best-path.cc:99) For utterance BAC009S0907W0409, best cost 81.9759 + -221.239 = -139.263 over 380 frames.
LOG (lattice-best-path[5.5]:main():lattice-best-path.cc:99) For utterance BAC009S0907W0410, best cost 122.771 + -277.79 = -155.018 over 503 frames.
LOG (lattice-best-path[5.5]:main():lattice-best-path.cc:99) For utterance BAC009S0907W0411, best cost 181.08 + -487.818 = -306.738 over 798 frames.
LOG (lattice-best-path[5.5]:main():lattice-best-path.cc:99) For utterance BAC009S0907W0412, best cost 41.7869 + -250.718 = -208.931 over 457 frames.
LOG (lattice-best-path[5.5]:main():lattice-best-path.cc:99) For utterance BAC009S0907W0413, best cost 42.4755 + -135.016 = -92.5403 over 264 frames.
LOG (lattice-best-path[5.5]:main():lattice-best-path.cc:99) For utterance BAC009S0907W0414, best cost 53.2708 + -146.773 = -93.5023 over 278 frames.
LOG (lattice-best-path[5.5]:main():lattice-best-path.cc:99) For utterance BAC009S0907W0415, best cost 101.188 + -307.878 = -206.69 over 519 frames.
LOG (lattice-best-path[5.5]:main():lattice-best-path.cc:99) For utterance BAC009S0907W0416, best cost 56.2787 + -138.859 = -82.58 over 260 frames.
LOG (lattice-best-path[5.5]:main():lattice-best-path.cc:99) For utterance BAC009S0907W0417, best cost 43.2278 + -145.81 = -102.583 over 263 frames.
LOG (lattice-best-path[5.5]:main():lattice-best-path.cc:99) For utterance BAC009S0907W0418, best cost 104.772 + -276.962 = -172.19 over 473 frames.
LOG (lattice-best-path[5.5]:main():lattice-best-path.cc:99) For utterance BAC009S0907W0419, best cost 191.653 + -527.867 = -336.213 over 947 frames.
LOG (lattice-best-path[5.5]:main():lattice-best-path.cc:99) For utterance BAC009S0907W0420, best cost 56.7519 + -159.555 = -102.803 over 295 frames.
LOG (lattice-best-path[5.5]:main():lattice-best-path.cc:99) For utterance BAC009S0907W0421, best cost 43.2605 + -130.677 = -87.4165 over 272 frames.
LOG (lattice-best-path[5.5]:main():lattice-best-path.cc:99) For utterance BAC009S0907W0422, best cost 78.8109 + -199.715 = -120.904 over 348 frames.
LOG (lattice-best-path[5.5]:main():lattice-best-path.cc:99) For utterance BAC009S0907W0423, best cost 52.4467 + -132.383 = -79.9362 over 241 frames.
LOG (lattice-best-path[5.5]:main():lattice-best-path.cc:99) For utterance BAC009S0907W0424, best cost 54.8188 + -338.63 = -283.811 over 521 frames.
LOG (lattice-best-path[5.5]:main():lattice-best-path.cc:99) For utterance BAC009S0907W0425, best cost 29.5225 + -173.415 = -143.893 over 305 frames.
LOG (lattice-best-path[5.5]:main():lattice-best-path.cc:99) For utterance BAC009S0907W0427, best cost 119.757 + -313.857 = -194.1 over 576 frames.
LOG (lattice-best-path[5.5]:main():lattice-best-path.cc:99) For utterance BAC009S0907W0428, best cost 36.1906 + -290.042 = -253.851 over 483 frames.
LOG (lattice-best-path[5.5]:main():lattice-best-path.cc:99) For utterance BAC009S0907W0429, best cost 89.0104 + -252.073 = -163.062 over 437 frames.
LOG (lattice-best-path[5.5]:main():lattice-best-path.cc:99) For utterance BAC009S0907W0430, best cost 162.279 + -388.028 = -225.749 over 660 frames.
LOG (lattice-best-path[5.5]:main():lattice-best-path.cc:99) For utterance BAC009S0907W0431, best cost 69.3639 + -207.298 = -137.934 over 378 frames.
LOG (lattice-best-path[5.5]:main():lattice-best-path.cc:99) For utterance BAC009S0907W0432, best cost 118.391 + -314.748 = -196.357 over 548 frames.
LOG (lattice-best-path[5.5]:main():lattice-best-path.cc:99) For utterance BAC009S0907W0433, best cost 149.605 + -420.761 = -271.156 over 794 frames.
LOG (lattice-best-path[5.5]:main():lattice-best-path.cc:99) For utterance BAC009S0907W0434, best cost 76.9019 + -253.802 = -176.9 over 436 frames.
LOG (lattice-best-path[5.5]:main():lattice-best-path.cc:99) For utterance BAC009S0907W0435, best cost 178.451 + -507.378 = -328.927 over 942 frames.
LOG (lattice-best-path[5.5]:main():lattice-best-path.cc:99) For utterance BAC009S0907W0437, best cost 104.577 + -280.466 = -175.888 over 465 frames.
LOG (lattice-best-path[5.5]:main():lattice-best-path.cc:99) For utterance BAC009S0907W0439, best cost 80.197 + -206.441 = -126.244 over 364 frames.
LOG (lattice-best-path[5.5]:main():lattice-best-path.cc:99) For utterance BAC009S0907W0440, best cost 181.552 + -463.168 = -281.615 over 856 frames.
LOG (lattice-best-path[5.5]:main():lattice-best-path.cc:99) For utterance BAC009S0907W0441, best cost 107.568 + -312.129 = -204.561 over 566 frames.
LOG (lattice-best-path[5.5]:main():lattice-best-path.cc:99) For utterance BAC009S0907W0442, best cost 156.051 + -402.839 = -246.788 over 707 frames.
LOG (lattice-best-path[5.5]:main():lattice-best-path.cc:99) For utterance BAC009S0907W0443, best cost 132.442 + -350.323 = -217.881 over 629 frames.
LOG (lattice-best-path[5.5]:main():lattice-best-path.cc:99) For utterance BAC009S0907W0444, best cost 162.394 + -421.485 = -259.091 over 735 frames.
LOG (lattice-best-path[5.5]:main():lattice-best-path.cc:99) For utterance BAC009S0907W0445, best cost 87.4949 + -228.923 = -141.428 over 400 frames.
LOG (lattice-best-path[5.5]:main():lattice-best-path.cc:99) For utterance BAC009S0907W0446, best cost 122.751 + -333.871 = -211.12 over 590 frames.
LOG (lattice-best-path[5.5]:main():lattice-best-path.cc:99) For utterance BAC009S0907W0447, best cost 97.3202 + -254.163 = -156.843 over 470 frames.
LOG (lattice-best-path[5.5]:main():lattice-best-path.cc:99) For utterance BAC009S0907W0448, best cost 106.313 + -258.654 = -152.341 over 469 frames.
LOG (lattice-best-path[5.5]:main():lattice-best-path.cc:99) For utterance BAC009S0907W0449, best cost 151.625 + -465.973 = -314.349 over 765 frames.
LOG (lattice-best-path[5.5]:main():lattice-best-path.cc:99) For utterance BAC009S0907W0450, best cost 89.7969 + -333.804 = -244.007 over 589 frames.
LOG (lattice-best-path[5.5]:main():lattice-best-path.cc:99) For utterance BAC009S0907W0451, best cost 75.6976 + -187.51 = -111.812 over 339 frames.
LOG (lattice-best-path[5.5]:main():lattice-best-path.cc:99) For utterance BAC009S0907W0452, best cost 164.758 + -454.424 = -289.667 over 835 frames.
LOG (lattice-best-path[5.5]:main():lattice-best-path.cc:99) For utterance BAC009S0907W0453, best cost 67.5032 + -204.732 = -137.229 over 360 frames.
LOG (lattice-best-path[5.5]:main():lattice-best-path.cc:99) For utterance BAC009S0907W0454, best cost 141.452 + -401.155 = -259.704 over 738 frames.
LOG (lattice-best-path[5.5]:main():lattice-best-path.cc:99) For utterance BAC009S0907W0455, best cost 82.9603 + -414.647 = -331.687 over 780 frames.
LOG (lattice-best-path[5.5]:main():lattice-best-path.cc:99) For utterance BAC009S0907W0456, best cost 127.111 + -426.934 = -299.824 over 797 frames.
LOG (lattice-best-path[5.5]:main():lattice-best-path.cc:99) For utterance BAC009S0907W0457, best cost 92.1635 + -319.711 = -227.547 over 538 frames.
LOG (lattice-best-path[5.5]:main():lattice-best-path.cc:99) For utterance BAC009S0907W0458, best cost 112.812 + -324.944 = -212.132 over 545 frames.
LOG (lattice-best-path[5.5]:main():lattice-best-path.cc:99) For utterance BAC009S0907W0459, best cost 102.486 + -312.862 = -210.376 over 526 frames.
LOG (lattice-best-path[5.5]:main():lattice-best-path.cc:99) For utterance BAC009S0907W0460, best cost 169.234 + -469.444 = -300.211 over 827 frames.
LOG (lattice-best-path[5.5]:main():lattice-best-path.cc:99) For utterance BAC009S0907W0461, best cost 80.3766 + -373.979 = -293.602 over 670 frames.
LOG (lattice-best-path[5.5]:main():lattice-best-path.cc:99) For utterance BAC009S0907W0462, best cost 64.8852 + -175.538 = -110.653 over 311 frames.
LOG (lattice-best-path[5.5]:main():lattice-best-path.cc:99) For utterance BAC009S0907W0463, best cost 139.605 + -451.077 = -311.473 over 747 frames.
LOG (lattice-best-path[5.5]:main():lattice-best-path.cc:99) For utterance BAC009S0907W0464, best cost 159.489 + -441.459 = -281.969 over 793 frames.
LOG (lattice-best-path[5.5]:main():lattice-best-path.cc:99) For utterance BAC009S0907W0465, best cost 64.0663 + -328.934 = -264.868 over 615 frames.
LOG (lattice-best-path[5.5]:main():lattice-best-path.cc:99) For utterance BAC009S0907W0466, best cost 153.252 + -419.714 = -266.462 over 735 frames.
LOG (lattice-best-path[5.5]:main():lattice-best-path.cc:99) For utterance BAC009S0907W0467, best cost 102.994 + -308.6 = -205.606 over 537 frames.
LOG (lattice-best-path[5.5]:main():lattice-best-path.cc:99) For utterance BAC009S0907W0468, best cost 134.603 + -334.613 = -200.01 over 564 frames.
LOG (lattice-best-path[5.5]:main():lattice-best-path.cc:99) For utterance BAC009S0907W0469, best cost 177.757 + -511.715 = -333.958 over 984 frames.
LOG (lattice-best-path[5.5]:main():lattice-best-path.cc:99) For utterance BAC009S0907W0470, best cost 70.7016 + -300.995 = -230.293 over 508 frames.
LOG (lattice-best-path[5.5]:main():lattice-best-path.cc:99) For utterance BAC009S0907W0471, best cost 64.9938 + -224.984 = -159.99 over 414 frames.
LOG (lattice-best-path[5.5]:main():lattice-best-path.cc:99) For utterance BAC009S0907W0472, best cost 163.98 + -389.484 = -225.504 over 696 frames.
LOG (lattice-best-path[5.5]:main():lattice-best-path.cc:99) For utterance BAC009S0907W0474, best cost 60.9245 + -235.229 = -174.304 over 398 frames.
LOG (lattice-best-path[5.5]:main():lattice-best-path.cc:99) For utterance BAC009S0907W0475, best cost 58.5802 + -178.502 = -119.921 over 322 frames.
LOG (lattice-best-path[5.5]:main():lattice-best-path.cc:99) For utterance BAC009S0907W0476, best cost 174.967 + -487.086 = -312.118 over 979 frames.
LOG (lattice-best-path[5.5]:main():lattice-best-path.cc:99) For utterance BAC009S0907W0477, best cost 65.0746 + -320.599 = -255.525 over 528 frames.
LOG (lattice-best-path[5.5]:main():lattice-best-path.cc:99) For utterance BAC009S0907W0478, best cost 75.8285 + -209.399 = -133.57 over 383 frames.
LOG (lattice-best-path[5.5]:main():lattice-best-path.cc:99) For utterance BAC009S0907W0479, best cost 106.455 + -332.489 = -226.033 over 584 frames.
LOG (lattice-best-path[5.5]:main():lattice-best-path.cc:99) For utterance BAC009S0907W0480, best cost 191.309 + -542.983 = -351.674 over 964 frames.
LOG (lattice-best-path[5.5]:main():lattice-best-path.cc:99) For utterance BAC009S0907W0481, best cost 132.831 + -364.558 = -231.727 over 618 frames.
LOG (lattice-best-path[5.5]:main():lattice-best-path.cc:99) For utterance BAC009S0907W0482, best cost 144.705 + -381.374 = -236.669 over 666 frames.
LOG (lattice-best-path[5.5]:main():lattice-best-path.cc:99) For utterance BAC009S0907W0483, best cost 49.2796 + -239.961 = -190.681 over 426 frames.
LOG (lattice-best-path[5.5]:main():lattice-best-path.cc:99) For utterance BAC009S0907W0484, best cost 150.244 + -342.835 = -192.591 over 608 frames.
LOG (lattice-best-path[5.5]:main():lattice-best-path.cc:99) For utterance BAC009S0907W0485, best cost 115.149 + -251.984 = -136.836 over 466 frames.
LOG (lattice-best-path[5.5]:main():lattice-best-path.cc:99) For utterance BAC009S0907W0486, best cost 102.301 + -239.291 = -136.99 over 407 frames.
LOG (lattice-best-path[5.5]:main():lattice-best-path.cc:99) For utterance BAC009S0907W0487, best cost 190.73 + -515.071 = -324.341 over 964 frames.
LOG (lattice-best-path[5.5]:main():lattice-best-path.cc:99) For utterance BAC009S0907W0488, best cost 98.8454 + -288.39 = -189.544 over 472 frames.
LOG (lattice-best-path[5.5]:main():lattice-best-path.cc:99) For utterance BAC009S0907W0489, best cost 120.05 + -301.772 = -181.722 over 505 frames.
LOG (lattice-best-path[5.5]:main():lattice-best-path.cc:99) For utterance BAC009S0907W0490, best cost 118.498 + -339.9 = -221.402 over 544 frames.
LOG (lattice-best-path[5.5]:main():lattice-best-path.cc:99) For utterance BAC009S0907W0491, best cost 58.8004 + -201.578 = -142.778 over 348 frames.
LOG (lattice-best-path[5.5]:main():lattice-best-path.cc:99) For utterance BAC009S0907W0492, best cost 169.896 + -411.675 = -241.779 over 687 frames.
LOG (lattice-best-path[5.5]:main():lattice-best-path.cc:99) For utterance BAC009S0907W0493, best cost 70.2755 + -375.23 = -304.954 over 685 frames.
LOG (lattice-best-path[5.5]:main():lattice-best-path.cc:99) For utterance BAC009S0907W0494, best cost 105.897 + -370.566 = -264.669 over 656 frames.
LOG (lattice-depth-per-frame[5.5]:main():lattice-depth-per-frame.cc:82) Done 350 lattices.
LOG (lattice-best-path[5.5]:main():lattice-best-path.cc:99) For utterance BAC009S0907W0495, best cost 166.188 + -458.803 = -292.616 over 859 frames.
LOG (lattice-best-path[5.5]:main():lattice-best-path.cc:124) Overall cost per frame is -0.388499 = 0.185255 [graph] + -0.573754 [acoustic] over 182121 frames.
LOG (lattice-best-path[5.5]:main():lattice-best-path.cc:128) Done 350 lattices, failed for 0
# Accounting: time=3 threads=1
# Ended (code 0) at Sat Jun 18 23:01:55 CST 2022, elapsed time 3 seconds
