# lattice-depth-per-frame "ark:gunzip -c exp/nnet3/new_dnn_sp/decode_test/lat.9.gz|" "ark,t:|gzip -c > exp/nnet3/new_dnn_sp/decode_test/depth_tmp.9.gz" ark:- | lattice-best-path --acoustic-scale=0.1 ark:- ark:/dev/null "ark,t:|gzip -c >exp/nnet3/new_dnn_sp/decode_test/ali_tmp.9.gz" 
# Started at Sat Jun 18 23:01:52 CST 2022
#
lattice-depth-per-frame 'ark:gunzip -c exp/nnet3/new_dnn_sp/decode_test/lat.9.gz|' 'ark,t:|gzip -c > exp/nnet3/new_dnn_sp/decode_test/depth_tmp.9.gz' ark:- 
lattice-best-path --acoustic-scale=0.1 ark:- ark:/dev/null 'ark,t:|gzip -c >exp/nnet3/new_dnn_sp/decode_test/ali_tmp.9.gz' 
LOG (lattice-best-path[5.5]:main():lattice-best-path.cc:99) For utterance BAC009S0902W0121, best cost 147.723 + -387.217 = -239.494 over 628 frames.
LOG (lattice-best-path[5.5]:main():lattice-best-path.cc:99) For utterance BAC009S0902W0122, best cost 106.488 + -278.587 = -172.099 over 463 frames.
LOG (lattice-best-path[5.5]:main():lattice-best-path.cc:99) For utterance BAC009S0902W0123, best cost 135.485 + -343.547 = -208.062 over 591 frames.
LOG (lattice-best-path[5.5]:main():lattice-best-path.cc:99) For utterance BAC009S0902W0124, best cost 108.997 + -298.393 = -189.396 over 500 frames.
LOG (lattice-best-path[5.5]:main():lattice-best-path.cc:99) For utterance BAC009S0902W0125, best cost 83.5713 + -252.13 = -168.559 over 408 frames.
LOG (lattice-best-path[5.5]:main():lattice-best-path.cc:99) For utterance BAC009S0902W0126, best cost 65.4036 + -228.059 = -162.655 over 365 frames.
LOG (lattice-best-path[5.5]:main():lattice-best-path.cc:99) For utterance BAC009S0902W0127, best cost 68.4242 + -174.64 = -106.215 over 311 frames.
LOG (lattice-best-path[5.5]:main():lattice-best-path.cc:99) For utterance BAC009S0902W0128, best cost 82.4806 + -249.244 = -166.764 over 413 frames.
LOG (lattice-best-path[5.5]:main():lattice-best-path.cc:99) For utterance BAC009S0902W0129, best cost 81.0332 + -246.198 = -165.164 over 423 frames.
LOG (lattice-best-path[5.5]:main():lattice-best-path.cc:99) For utterance BAC009S0902W0130, best cost 58.683 + -224.791 = -166.108 over 368 frames.
LOG (lattice-best-path[5.5]:main():lattice-best-path.cc:99) For utterance BAC009S0902W0131, best cost 74.1364 + -241.45 = -167.314 over 397 frames.
LOG (lattice-best-path[5.5]:main():lattice-best-path.cc:99) For utterance BAC009S0902W0132, best cost 83.4969 + -243.143 = -159.647 over 392 frames.
LOG (lattice-best-path[5.5]:main():lattice-best-path.cc:99) For utterance BAC009S0902W0133, best cost 98.1986 + -247.521 = -149.322 over 415 frames.
LOG (lattice-best-path[5.5]:main():lattice-best-path.cc:99) For utterance BAC009S0902W0134, best cost 80.763 + -300.95 = -220.187 over 498 frames.
LOG (lattice-best-path[5.5]:main():lattice-best-path.cc:99) For utterance BAC009S0902W0135, best cost 68.8569 + -193.024 = -124.167 over 337 frames.
LOG (lattice-best-path[5.5]:main():lattice-best-path.cc:99) For utterance BAC009S0902W0136, best cost 80.3209 + -303.353 = -223.032 over 470 frames.
LOG (lattice-best-path[5.5]:main():lattice-best-path.cc:99) For utterance BAC009S0902W0137, best cost 94.0374 + -311.643 = -217.605 over 564 frames.
LOG (lattice-best-path[5.5]:main():lattice-best-path.cc:99) For utterance BAC009S0902W0138, best cost 89.4448 + -257.984 = -168.54 over 434 frames.
LOG (lattice-best-path[5.5]:main():lattice-best-path.cc:99) For utterance BAC009S0902W0139, best cost 62.6413 + -196.33 = -133.688 over 320 frames.
LOG (lattice-best-path[5.5]:main():lattice-best-path.cc:99) For utterance BAC009S0902W0140, best cost 79.0031 + -281.03 = -202.027 over 514 frames.
LOG (lattice-best-path[5.5]:main():lattice-best-path.cc:99) For utterance BAC009S0902W0141, best cost 64.3414 + -236.261 = -171.919 over 397 frames.
LOG (lattice-best-path[5.5]:main():lattice-best-path.cc:99) For utterance BAC009S0902W0142, best cost 57.697 + -287.231 = -229.534 over 497 frames.
LOG (lattice-best-path[5.5]:main():lattice-best-path.cc:99) For utterance BAC009S0902W0143, best cost 118.193 + -393.999 = -275.805 over 662 frames.
LOG (lattice-best-path[5.5]:main():lattice-best-path.cc:99) For utterance BAC009S0902W0144, best cost 60.2607 + -164.014 = -103.753 over 295 frames.
LOG (lattice-best-path[5.5]:main():lattice-best-path.cc:99) For utterance BAC009S0902W0145, best cost 114.045 + -394 = -279.955 over 640 frames.
LOG (lattice-best-path[5.5]:main():lattice-best-path.cc:99) For utterance BAC009S0902W0146, best cost 97.6505 + -368.16 = -270.509 over 738 frames.
LOG (lattice-best-path[5.5]:main():lattice-best-path.cc:99) For utterance BAC009S0902W0147, best cost 59.477 + -217.394 = -157.917 over 361 frames.
LOG (lattice-best-path[5.5]:main():lattice-best-path.cc:99) For utterance BAC009S0902W0148, best cost 85.8608 + -291.066 = -205.206 over 596 frames.
LOG (lattice-best-path[5.5]:main():lattice-best-path.cc:99) For utterance BAC009S0902W0149, best cost 95.4563 + -306.68 = -211.224 over 527 frames.
LOG (lattice-best-path[5.5]:main():lattice-best-path.cc:99) For utterance BAC009S0902W0150, best cost 148.328 + -429.347 = -281.019 over 719 frames.
LOG (lattice-best-path[5.5]:main():lattice-best-path.cc:99) For utterance BAC009S0902W0151, best cost 96.8702 + -369.155 = -272.285 over 636 frames.
LOG (lattice-best-path[5.5]:main():lattice-best-path.cc:99) For utterance BAC009S0902W0152, best cost 71.1823 + -252.106 = -180.924 over 524 frames.
LOG (lattice-best-path[5.5]:main():lattice-best-path.cc:99) For utterance BAC009S0902W0153, best cost 136.161 + -406.358 = -270.197 over 688 frames.
LOG (lattice-best-path[5.5]:main():lattice-best-path.cc:99) For utterance BAC009S0902W0154, best cost 65.2331 + -247.279 = -182.046 over 414 frames.
LOG (lattice-best-path[5.5]:main():lattice-best-path.cc:99) For utterance BAC009S0902W0155, best cost 57.6043 + -235.269 = -177.665 over 477 frames.
LOG (lattice-best-path[5.5]:main():lattice-best-path.cc:99) For utterance BAC009S0902W0156, best cost 49.3326 + -264.944 = -215.612 over 441 frames.
LOG (lattice-best-path[5.5]:main():lattice-best-path.cc:99) For utterance BAC009S0902W0157, best cost 56.8488 + -263.125 = -206.276 over 444 frames.
LOG (lattice-best-path[5.5]:main():lattice-best-path.cc:99) For utterance BAC009S0902W0158, best cost 64.2528 + -177.319 = -113.066 over 301 frames.
LOG (lattice-best-path[5.5]:main():lattice-best-path.cc:99) For utterance BAC009S0902W0159, best cost 67.6993 + -258.822 = -191.122 over 407 frames.
LOG (lattice-best-path[5.5]:main():lattice-best-path.cc:99) For utterance BAC009S0902W0160, best cost 105.709 + -302.425 = -196.716 over 537 frames.
LOG (lattice-best-path[5.5]:main():lattice-best-path.cc:99) For utterance BAC009S0902W0161, best cost 81.1482 + -226.685 = -145.537 over 385 frames.
LOG (lattice-best-path[5.5]:main():lattice-best-path.cc:99) For utterance BAC009S0902W0162, best cost 48.5675 + -192.115 = -143.547 over 318 frames.
LOG (lattice-best-path[5.5]:main():lattice-best-path.cc:99) For utterance BAC009S0902W0163, best cost 83.0956 + -288.245 = -205.149 over 498 frames.
LOG (lattice-best-path[5.5]:main():lattice-best-path.cc:99) For utterance BAC009S0902W0164, best cost 63.5155 + -213.654 = -150.138 over 362 frames.
LOG (lattice-best-path[5.5]:main():lattice-best-path.cc:99) For utterance BAC009S0902W0165, best cost 81.7789 + -249.981 = -168.202 over 456 frames.
LOG (lattice-best-path[5.5]:main():lattice-best-path.cc:99) For utterance BAC009S0902W0166, best cost 104.153 + -274.18 = -170.027 over 482 frames.
LOG (lattice-best-path[5.5]:main():lattice-best-path.cc:99) For utterance BAC009S0902W0167, best cost 89.6464 + -260.208 = -170.562 over 439 frames.
LOG (lattice-best-path[5.5]:main():lattice-best-path.cc:99) For utterance BAC009S0902W0168, best cost 82.0441 + -261.201 = -179.157 over 411 frames.
LOG (lattice-best-path[5.5]:main():lattice-best-path.cc:99) For utterance BAC009S0902W0169, best cost 58.6609 + -191.656 = -132.995 over 324 frames.
LOG (lattice-best-path[5.5]:main():lattice-best-path.cc:99) For utterance BAC009S0902W0170, best cost 92.9489 + -247.188 = -154.239 over 425 frames.
LOG (lattice-best-path[5.5]:main():lattice-best-path.cc:99) For utterance BAC009S0902W0171, best cost 111.595 + -330.613 = -219.018 over 534 frames.
LOG (lattice-best-path[5.5]:main():lattice-best-path.cc:99) For utterance BAC009S0902W0172, best cost 99.6577 + -287.036 = -187.378 over 478 frames.
LOG (lattice-best-path[5.5]:main():lattice-best-path.cc:99) For utterance BAC009S0902W0173, best cost 66.9112 + -213.144 = -146.233 over 386 frames.
LOG (lattice-best-path[5.5]:main():lattice-best-path.cc:99) For utterance BAC009S0902W0174, best cost 49.8668 + -191.896 = -142.03 over 346 frames.
LOG (lattice-best-path[5.5]:main():lattice-best-path.cc:99) For utterance BAC009S0902W0175, best cost 56.5613 + -161.81 = -105.248 over 286 frames.
LOG (lattice-best-path[5.5]:main():lattice-best-path.cc:99) For utterance BAC009S0902W0176, best cost 71.5502 + -181.796 = -110.246 over 326 frames.
LOG (lattice-best-path[5.5]:main():lattice-best-path.cc:99) For utterance BAC009S0902W0177, best cost 121.362 + -374.688 = -253.326 over 602 frames.
LOG (lattice-best-path[5.5]:main():lattice-best-path.cc:99) For utterance BAC009S0902W0178, best cost 66.0278 + -261.63 = -195.602 over 476 frames.
LOG (lattice-best-path[5.5]:main():lattice-best-path.cc:99) For utterance BAC009S0902W0179, best cost 84.5651 + -276.771 = -192.206 over 443 frames.
LOG (lattice-best-path[5.5]:main():lattice-best-path.cc:99) For utterance BAC009S0902W0180, best cost 108.603 + -290.331 = -181.729 over 480 frames.
LOG (lattice-best-path[5.5]:main():lattice-best-path.cc:99) For utterance BAC009S0902W0181, best cost 138.745 + -324.55 = -185.805 over 547 frames.
LOG (lattice-best-path[5.5]:main():lattice-best-path.cc:99) For utterance BAC009S0902W0182, best cost 90.5531 + -231.007 = -140.454 over 398 frames.
LOG (lattice-best-path[5.5]:main():lattice-best-path.cc:99) For utterance BAC009S0902W0183, best cost 135.159 + -293.751 = -158.592 over 552 frames.
LOG (lattice-best-path[5.5]:main():lattice-best-path.cc:99) For utterance BAC009S0902W0184, best cost 104.863 + -261.663 = -156.8 over 438 frames.
LOG (lattice-best-path[5.5]:main():lattice-best-path.cc:99) For utterance BAC009S0902W0185, best cost 86.3391 + -249.375 = -163.036 over 429 frames.
LOG (lattice-best-path[5.5]:main():lattice-best-path.cc:99) For utterance BAC009S0902W0186, best cost 65.1735 + -212.71 = -147.536 over 369 frames.
LOG (lattice-best-path[5.5]:main():lattice-best-path.cc:99) For utterance BAC009S0902W0187, best cost 68.6224 + -187.503 = -118.88 over 354 frames.
LOG (lattice-best-path[5.5]:main():lattice-best-path.cc:99) For utterance BAC009S0902W0188, best cost 57.0273 + -178.493 = -121.465 over 312 frames.
LOG (lattice-best-path[5.5]:main():lattice-best-path.cc:99) For utterance BAC009S0902W0189, best cost 73.2385 + -251.248 = -178.009 over 482 frames.
LOG (lattice-best-path[5.5]:main():lattice-best-path.cc:99) For utterance BAC009S0902W0190, best cost 104.629 + -339.553 = -234.925 over 586 frames.
LOG (lattice-best-path[5.5]:main():lattice-best-path.cc:99) For utterance BAC009S0902W0191, best cost 53.5037 + -199.273 = -145.77 over 345 frames.
LOG (lattice-best-path[5.5]:main():lattice-best-path.cc:99) For utterance BAC009S0902W0192, best cost 118.71 + -313.015 = -194.306 over 553 frames.
LOG (lattice-best-path[5.5]:main():lattice-best-path.cc:99) For utterance BAC009S0902W0193, best cost 72.6888 + -207.511 = -134.822 over 369 frames.
LOG (lattice-best-path[5.5]:main():lattice-best-path.cc:99) For utterance BAC009S0902W0194, best cost 70.5211 + -177.011 = -106.49 over 348 frames.
LOG (lattice-best-path[5.5]:main():lattice-best-path.cc:99) For utterance BAC009S0902W0195, best cost 126.929 + -299.135 = -172.207 over 523 frames.
LOG (lattice-best-path[5.5]:main():lattice-best-path.cc:99) For utterance BAC009S0902W0196, best cost 61.0845 + -162.478 = -101.394 over 292 frames.
LOG (lattice-best-path[5.5]:main():lattice-best-path.cc:99) For utterance BAC009S0902W0197, best cost 61.7211 + -153.799 = -92.0775 over 297 frames.
LOG (lattice-best-path[5.5]:main():lattice-best-path.cc:99) For utterance BAC009S0902W0198, best cost 122.869 + -307.937 = -185.068 over 550 frames.
LOG (lattice-best-path[5.5]:main():lattice-best-path.cc:99) For utterance BAC009S0902W0199, best cost 127.272 + -367.792 = -240.521 over 654 frames.
LOG (lattice-best-path[5.5]:main():lattice-best-path.cc:99) For utterance BAC009S0902W0200, best cost 101.147 + -283.19 = -182.044 over 500 frames.
LOG (lattice-best-path[5.5]:main():lattice-best-path.cc:99) For utterance BAC009S0902W0201, best cost 126.305 + -326.904 = -200.6 over 597 frames.
LOG (lattice-best-path[5.5]:main():lattice-best-path.cc:99) For utterance BAC009S0902W0202, best cost 87.0822 + -259.614 = -172.532 over 486 frames.
LOG (lattice-best-path[5.5]:main():lattice-best-path.cc:99) For utterance BAC009S0902W0203, best cost 137.24 + -373.413 = -236.173 over 736 frames.
LOG (lattice-best-path[5.5]:main():lattice-best-path.cc:99) For utterance BAC009S0902W0204, best cost 83.3896 + -186.089 = -102.699 over 355 frames.
LOG (lattice-best-path[5.5]:main():lattice-best-path.cc:99) For utterance BAC009S0902W0205, best cost 64.18 + -259.651 = -195.471 over 473 frames.
LOG (lattice-best-path[5.5]:main():lattice-best-path.cc:99) For utterance BAC009S0902W0206, best cost 102.831 + -280.855 = -178.024 over 505 frames.
LOG (lattice-best-path[5.5]:main():lattice-best-path.cc:99) For utterance BAC009S0902W0207, best cost 60.5663 + -273.868 = -213.301 over 446 frames.
LOG (lattice-best-path[5.5]:main():lattice-best-path.cc:99) For utterance BAC009S0902W0208, best cost 81.336 + -232.965 = -151.629 over 437 frames.
LOG (lattice-best-path[5.5]:main():lattice-best-path.cc:99) For utterance BAC009S0902W0209, best cost 103.714 + -325.044 = -221.33 over 592 frames.
LOG (lattice-best-path[5.5]:main():lattice-best-path.cc:99) For utterance BAC009S0902W0210, best cost 32.7025 + -118.674 = -85.9713 over 228 frames.
LOG (lattice-best-path[5.5]:main():lattice-best-path.cc:99) For utterance BAC009S0902W0211, best cost 83.7999 + -242.971 = -159.171 over 413 frames.
LOG (lattice-best-path[5.5]:main():lattice-best-path.cc:99) For utterance BAC009S0902W0212, best cost 77.857 + -238.512 = -160.655 over 411 frames.
LOG (lattice-best-path[5.5]:main():lattice-best-path.cc:99) For utterance BAC009S0902W0213, best cost 58.98 + -133.4 = -74.4202 over 273 frames.
LOG (lattice-best-path[5.5]:main():lattice-best-path.cc:99) For utterance BAC009S0902W0214, best cost 125.009 + -317.664 = -192.655 over 611 frames.
LOG (lattice-best-path[5.5]:main():lattice-best-path.cc:99) For utterance BAC009S0902W0215, best cost 84.5316 + -240.683 = -156.151 over 460 frames.
LOG (lattice-best-path[5.5]:main():lattice-best-path.cc:99) For utterance BAC009S0902W0216, best cost 122.392 + -349.82 = -227.428 over 624 frames.
LOG (lattice-best-path[5.5]:main():lattice-best-path.cc:99) For utterance BAC009S0902W0217, best cost 55.5003 + -222.196 = -166.695 over 396 frames.
LOG (lattice-best-path[5.5]:main():lattice-best-path.cc:99) For utterance BAC009S0902W0218, best cost 95.4969 + -248.76 = -153.263 over 485 frames.
LOG (lattice-best-path[5.5]:main():lattice-best-path.cc:99) For utterance BAC009S0902W0219, best cost 114.494 + -301.206 = -186.712 over 502 frames.
LOG (lattice-best-path[5.5]:main():lattice-best-path.cc:99) For utterance BAC009S0902W0220, best cost 89.4003 + -243.657 = -154.257 over 461 frames.
LOG (lattice-best-path[5.5]:main():lattice-best-path.cc:99) For utterance BAC009S0902W0221, best cost 104.479 + -277.004 = -172.524 over 513 frames.
LOG (lattice-best-path[5.5]:main():lattice-best-path.cc:99) For utterance BAC009S0902W0222, best cost 154.923 + -434.761 = -279.838 over 854 frames.
LOG (lattice-best-path[5.5]:main():lattice-best-path.cc:99) For utterance BAC009S0902W0223, best cost 75.6349 + -183.872 = -108.237 over 331 frames.
LOG (lattice-best-path[5.5]:main():lattice-best-path.cc:99) For utterance BAC009S0902W0224, best cost 84.8387 + -224.703 = -139.865 over 378 frames.
LOG (lattice-best-path[5.5]:main():lattice-best-path.cc:99) For utterance BAC009S0902W0225, best cost 126.497 + -324.113 = -197.615 over 544 frames.
LOG (lattice-best-path[5.5]:main():lattice-best-path.cc:99) For utterance BAC009S0902W0226, best cost 79.0544 + -197.65 = -118.596 over 350 frames.
LOG (lattice-best-path[5.5]:main():lattice-best-path.cc:99) For utterance BAC009S0902W0227, best cost 80.4741 + -228.355 = -147.881 over 381 frames.
LOG (lattice-best-path[5.5]:main():lattice-best-path.cc:99) For utterance BAC009S0902W0228, best cost 120.888 + -266.369 = -145.481 over 452 frames.
LOG (lattice-best-path[5.5]:main():lattice-best-path.cc:99) For utterance BAC009S0902W0229, best cost 73.244 + -202.881 = -129.637 over 349 frames.
LOG (lattice-best-path[5.5]:main():lattice-best-path.cc:99) For utterance BAC009S0902W0230, best cost 68.5171 + -217.347 = -148.83 over 368 frames.
LOG (lattice-best-path[5.5]:main():lattice-best-path.cc:99) For utterance BAC009S0902W0231, best cost 165.45 + -425.803 = -260.353 over 798 frames.
LOG (lattice-best-path[5.5]:main():lattice-best-path.cc:99) For utterance BAC009S0902W0232, best cost 120.933 + -366.425 = -245.492 over 650 frames.
LOG (lattice-best-path[5.5]:main():lattice-best-path.cc:99) For utterance BAC009S0902W0233, best cost 103.896 + -274.78 = -170.884 over 452 frames.
LOG (lattice-best-path[5.5]:main():lattice-best-path.cc:99) For utterance BAC009S0902W0234, best cost 67.7551 + -202.038 = -134.283 over 379 frames.
LOG (lattice-best-path[5.5]:main():lattice-best-path.cc:99) For utterance BAC009S0902W0235, best cost 89.012 + -253.044 = -164.032 over 437 frames.
LOG (lattice-best-path[5.5]:main():lattice-best-path.cc:99) For utterance BAC009S0902W0236, best cost 108.682 + -275.301 = -166.618 over 459 frames.
LOG (lattice-best-path[5.5]:main():lattice-best-path.cc:99) For utterance BAC009S0902W0237, best cost 191.322 + -473.117 = -281.795 over 855 frames.
LOG (lattice-best-path[5.5]:main():lattice-best-path.cc:99) For utterance BAC009S0902W0238, best cost 81.8686 + -216.88 = -135.011 over 382 frames.
LOG (lattice-best-path[5.5]:main():lattice-best-path.cc:99) For utterance BAC009S0902W0239, best cost 63.175 + -196.509 = -133.334 over 338 frames.
LOG (lattice-best-path[5.5]:main():lattice-best-path.cc:99) For utterance BAC009S0902W0240, best cost 135.347 + -383.722 = -248.375 over 651 frames.
LOG (lattice-best-path[5.5]:main():lattice-best-path.cc:99) For utterance BAC009S0902W0241, best cost 106.913 + -331.892 = -224.979 over 558 frames.
LOG (lattice-best-path[5.5]:main():lattice-best-path.cc:99) For utterance BAC009S0902W0242, best cost 61.4154 + -224.131 = -162.715 over 382 frames.
LOG (lattice-best-path[5.5]:main():lattice-best-path.cc:99) For utterance BAC009S0902W0243, best cost 124.012 + -346.447 = -222.435 over 559 frames.
LOG (lattice-best-path[5.5]:main():lattice-best-path.cc:99) For utterance BAC009S0902W0244, best cost 120.665 + -319.365 = -198.7 over 545 frames.
LOG (lattice-best-path[5.5]:main():lattice-best-path.cc:99) For utterance BAC009S0902W0245, best cost 91.4541 + -207.262 = -115.808 over 361 frames.
LOG (lattice-best-path[5.5]:main():lattice-best-path.cc:99) For utterance BAC009S0902W0246, best cost 123.774 + -285.004 = -161.23 over 480 frames.
LOG (lattice-best-path[5.5]:main():lattice-best-path.cc:99) For utterance BAC009S0902W0247, best cost 52.1405 + -160.401 = -108.26 over 278 frames.
LOG (lattice-best-path[5.5]:main():lattice-best-path.cc:99) For utterance BAC009S0902W0248, best cost 68.7768 + -209.034 = -140.257 over 357 frames.
LOG (lattice-best-path[5.5]:main():lattice-best-path.cc:99) For utterance BAC009S0902W0249, best cost 69.2919 + -201.495 = -132.203 over 363 frames.
LOG (lattice-best-path[5.5]:main():lattice-best-path.cc:99) For utterance BAC009S0902W0250, best cost 84.7727 + -244.933 = -160.16 over 439 frames.
LOG (lattice-best-path[5.5]:main():lattice-best-path.cc:99) For utterance BAC009S0902W0251, best cost 103.87 + -311.124 = -207.254 over 583 frames.
LOG (lattice-best-path[5.5]:main():lattice-best-path.cc:99) For utterance BAC009S0902W0252, best cost 137.465 + -363.538 = -226.073 over 664 frames.
LOG (lattice-best-path[5.5]:main():lattice-best-path.cc:99) For utterance BAC009S0902W0253, best cost 104.88 + -457.88 = -353 over 761 frames.
LOG (lattice-best-path[5.5]:main():lattice-best-path.cc:99) For utterance BAC009S0902W0254, best cost 57.6328 + -196.417 = -138.784 over 330 frames.
LOG (lattice-best-path[5.5]:main():lattice-best-path.cc:99) For utterance BAC009S0902W0255, best cost 93.1683 + -358.524 = -265.356 over 646 frames.
LOG (lattice-best-path[5.5]:main():lattice-best-path.cc:99) For utterance BAC009S0902W0257, best cost 74.2677 + -221.887 = -147.619 over 388 frames.
LOG (lattice-best-path[5.5]:main():lattice-best-path.cc:99) For utterance BAC009S0902W0258, best cost 99.9312 + -297.394 = -197.463 over 523 frames.
LOG (lattice-best-path[5.5]:main():lattice-best-path.cc:99) For utterance BAC009S0902W0259, best cost 51.5601 + -174.279 = -122.719 over 312 frames.
LOG (lattice-best-path[5.5]:main():lattice-best-path.cc:99) For utterance BAC009S0902W0260, best cost 77.4205 + -205.616 = -128.195 over 385 frames.
LOG (lattice-best-path[5.5]:main():lattice-best-path.cc:99) For utterance BAC009S0902W0261, best cost 86.3686 + -252.402 = -166.033 over 464 frames.
LOG (lattice-best-path[5.5]:main():lattice-best-path.cc:99) For utterance BAC009S0902W0262, best cost 50.692 + -167.698 = -117.006 over 284 frames.
LOG (lattice-best-path[5.5]:main():lattice-best-path.cc:99) For utterance BAC009S0902W0263, best cost 73.3275 + -292.228 = -218.9 over 566 frames.
LOG (lattice-best-path[5.5]:main():lattice-best-path.cc:99) For utterance BAC009S0902W0264, best cost 75.9811 + -227.852 = -151.871 over 386 frames.
LOG (lattice-best-path[5.5]:main():lattice-best-path.cc:99) For utterance BAC009S0902W0266, best cost 53.5342 + -147.095 = -93.5605 over 271 frames.
LOG (lattice-best-path[5.5]:main():lattice-best-path.cc:99) For utterance BAC009S0902W0267, best cost 88.4848 + -391.381 = -302.896 over 693 frames.
LOG (lattice-best-path[5.5]:main():lattice-best-path.cc:99) For utterance BAC009S0902W0269, best cost 51.1797 + -185.685 = -134.505 over 317 frames.
LOG (lattice-best-path[5.5]:main():lattice-best-path.cc:99) For utterance BAC009S0902W0270, best cost 99.2121 + -304 = -204.788 over 496 frames.
LOG (lattice-best-path[5.5]:main():lattice-best-path.cc:99) For utterance BAC009S0902W0271, best cost 64.1477 + -239.564 = -175.416 over 425 frames.
LOG (lattice-best-path[5.5]:main():lattice-best-path.cc:99) For utterance BAC009S0902W0272, best cost 53.6773 + -163.775 = -110.098 over 277 frames.
LOG (lattice-best-path[5.5]:main():lattice-best-path.cc:99) For utterance BAC009S0902W0274, best cost 134.442 + -454.391 = -319.95 over 778 frames.
LOG (lattice-best-path[5.5]:main():lattice-best-path.cc:99) For utterance BAC009S0902W0275, best cost 51.3524 + -193.771 = -142.418 over 356 frames.
LOG (lattice-best-path[5.5]:main():lattice-best-path.cc:99) For utterance BAC009S0902W0277, best cost 84.0162 + -278.928 = -194.912 over 489 frames.
LOG (lattice-best-path[5.5]:main():lattice-best-path.cc:99) For utterance BAC009S0902W0278, best cost 115.845 + -321.994 = -206.15 over 587 frames.
LOG (lattice-best-path[5.5]:main():lattice-best-path.cc:99) For utterance BAC009S0902W0279, best cost 57.1684 + -202.115 = -144.946 over 361 frames.
LOG (lattice-best-path[5.5]:main():lattice-best-path.cc:99) For utterance BAC009S0902W0280, best cost 94.2139 + -217.973 = -123.759 over 409 frames.
LOG (lattice-best-path[5.5]:main():lattice-best-path.cc:99) For utterance BAC009S0902W0281, best cost 101.046 + -366.212 = -265.167 over 609 frames.
LOG (lattice-best-path[5.5]:main():lattice-best-path.cc:99) For utterance BAC009S0902W0282, best cost 72.1291 + -220.038 = -147.909 over 381 frames.
LOG (lattice-best-path[5.5]:main():lattice-best-path.cc:99) For utterance BAC009S0902W0283, best cost 104.625 + -327.821 = -223.196 over 605 frames.
LOG (lattice-best-path[5.5]:main():lattice-best-path.cc:99) For utterance BAC009S0902W0285, best cost 133.342 + -455.219 = -321.877 over 737 frames.
LOG (lattice-best-path[5.5]:main():lattice-best-path.cc:99) For utterance BAC009S0902W0287, best cost 62.9596 + -209.766 = -146.806 over 354 frames.
LOG (lattice-best-path[5.5]:main():lattice-best-path.cc:99) For utterance BAC009S0902W0288, best cost 140.714 + -435.987 = -295.273 over 792 frames.
LOG (lattice-best-path[5.5]:main():lattice-best-path.cc:99) For utterance BAC009S0902W0289, best cost 47.0227 + -167.912 = -120.889 over 298 frames.
LOG (lattice-best-path[5.5]:main():lattice-best-path.cc:99) For utterance BAC009S0902W0290, best cost 101.6 + -281.248 = -179.648 over 558 frames.
LOG (lattice-best-path[5.5]:main():lattice-best-path.cc:99) For utterance BAC009S0902W0291, best cost 74.3483 + -206.207 = -131.858 over 357 frames.
LOG (lattice-best-path[5.5]:main():lattice-best-path.cc:99) For utterance BAC009S0902W0292, best cost 55.1712 + -191.623 = -136.452 over 337 frames.
LOG (lattice-best-path[5.5]:main():lattice-best-path.cc:99) For utterance BAC009S0902W0293, best cost 82.7942 + -241.679 = -158.885 over 406 frames.
LOG (lattice-best-path[5.5]:main():lattice-best-path.cc:99) For utterance BAC009S0902W0295, best cost 113.156 + -328.517 = -215.361 over 530 frames.
LOG (lattice-best-path[5.5]:main():lattice-best-path.cc:99) For utterance BAC009S0902W0296, best cost 68.0759 + -189.409 = -121.333 over 340 frames.
LOG (lattice-best-path[5.5]:main():lattice-best-path.cc:99) For utterance BAC009S0902W0297, best cost 53.2005 + -170.804 = -117.603 over 312 frames.
LOG (lattice-best-path[5.5]:main():lattice-best-path.cc:99) For utterance BAC009S0902W0298, best cost 81.4041 + -205.505 = -124.101 over 393 frames.
LOG (lattice-best-path[5.5]:main():lattice-best-path.cc:99) For utterance BAC009S0902W0299, best cost 81.9148 + -223.648 = -141.733 over 396 frames.
LOG (lattice-best-path[5.5]:main():lattice-best-path.cc:99) For utterance BAC009S0902W0302, best cost 89.9353 + -314.803 = -224.868 over 538 frames.
LOG (lattice-best-path[5.5]:main():lattice-best-path.cc:99) For utterance BAC009S0902W0303, best cost 50.7067 + -182.895 = -132.189 over 340 frames.
LOG (lattice-best-path[5.5]:main():lattice-best-path.cc:99) For utterance BAC009S0902W0305, best cost 181.333 + -432.239 = -250.906 over 737 frames.
LOG (lattice-best-path[5.5]:main():lattice-best-path.cc:99) For utterance BAC009S0902W0306, best cost 74.9232 + -201.721 = -126.798 over 399 frames.
LOG (lattice-best-path[5.5]:main():lattice-best-path.cc:99) For utterance BAC009S0902W0307, best cost 126.813 + -298.463 = -171.65 over 513 frames.
LOG (lattice-best-path[5.5]:main():lattice-best-path.cc:99) For utterance BAC009S0902W0308, best cost 139.49 + -453.37 = -313.88 over 883 frames.
LOG (lattice-best-path[5.5]:main():lattice-best-path.cc:99) For utterance BAC009S0902W0309, best cost 61.9955 + -153.65 = -91.6544 over 282 frames.
LOG (lattice-best-path[5.5]:main():lattice-best-path.cc:99) For utterance BAC009S0902W0310, best cost 94.8278 + -221.703 = -126.875 over 361 frames.
LOG (lattice-best-path[5.5]:main():lattice-best-path.cc:99) For utterance BAC009S0902W0311, best cost 147.986 + -423.649 = -275.663 over 782 frames.
LOG (lattice-best-path[5.5]:main():lattice-best-path.cc:99) For utterance BAC009S0902W0312, best cost 105.942 + -360.491 = -254.549 over 581 frames.
LOG (lattice-best-path[5.5]:main():lattice-best-path.cc:99) For utterance BAC009S0902W0313, best cost 93.9845 + -237.312 = -143.327 over 400 frames.
LOG (lattice-best-path[5.5]:main():lattice-best-path.cc:99) For utterance BAC009S0902W0314, best cost 99.9342 + -250.07 = -150.136 over 420 frames.
LOG (lattice-best-path[5.5]:main():lattice-best-path.cc:99) For utterance BAC009S0902W0315, best cost 103.78 + -294.375 = -190.595 over 496 frames.
LOG (lattice-best-path[5.5]:main():lattice-best-path.cc:99) For utterance BAC009S0902W0316, best cost 110.998 + -276.321 = -165.323 over 467 frames.
LOG (lattice-best-path[5.5]:main():lattice-best-path.cc:99) For utterance BAC009S0902W0317, best cost 111.934 + -307.967 = -196.033 over 541 frames.
LOG (lattice-best-path[5.5]:main():lattice-best-path.cc:99) For utterance BAC009S0902W0318, best cost 106.334 + -265.655 = -159.321 over 468 frames.
LOG (lattice-best-path[5.5]:main():lattice-best-path.cc:99) For utterance BAC009S0902W0319, best cost 141.779 + -398.749 = -256.969 over 703 frames.
LOG (lattice-best-path[5.5]:main():lattice-best-path.cc:99) For utterance BAC009S0902W0320, best cost 70.3282 + -190.982 = -120.654 over 343 frames.
LOG (lattice-best-path[5.5]:main():lattice-best-path.cc:99) For utterance BAC009S0902W0321, best cost 106.407 + -280.912 = -174.505 over 429 frames.
LOG (lattice-best-path[5.5]:main():lattice-best-path.cc:99) For utterance BAC009S0902W0322, best cost 140.45 + -382.092 = -241.642 over 643 frames.
LOG (lattice-best-path[5.5]:main():lattice-best-path.cc:99) For utterance BAC009S0902W0323, best cost 95.6569 + -253.62 = -157.963 over 430 frames.
LOG (lattice-best-path[5.5]:main():lattice-best-path.cc:99) For utterance BAC009S0902W0324, best cost 93.6518 + -292.884 = -199.233 over 491 frames.
LOG (lattice-best-path[5.5]:main():lattice-best-path.cc:99) For utterance BAC009S0902W0325, best cost 65.8821 + -165.171 = -99.2891 over 288 frames.
LOG (lattice-best-path[5.5]:main():lattice-best-path.cc:99) For utterance BAC009S0902W0326, best cost 62.4862 + -174.679 = -112.193 over 315 frames.
LOG (lattice-best-path[5.5]:main():lattice-best-path.cc:99) For utterance BAC009S0902W0327, best cost 72.5758 + -207.462 = -134.887 over 362 frames.
LOG (lattice-best-path[5.5]:main():lattice-best-path.cc:99) For utterance BAC009S0902W0328, best cost 68.7882 + -187.665 = -118.876 over 334 frames.
LOG (lattice-best-path[5.5]:main():lattice-best-path.cc:99) For utterance BAC009S0902W0330, best cost 66.4425 + -155.846 = -89.4035 over 289 frames.
LOG (lattice-best-path[5.5]:main():lattice-best-path.cc:99) For utterance BAC009S0902W0331, best cost 75.1982 + -164.88 = -89.6819 over 310 frames.
LOG (lattice-best-path[5.5]:main():lattice-best-path.cc:99) For utterance BAC009S0902W0332, best cost 94.027 + -264.774 = -170.747 over 445 frames.
LOG (lattice-best-path[5.5]:main():lattice-best-path.cc:99) For utterance BAC009S0902W0333, best cost 117.531 + -316.913 = -199.382 over 524 frames.
LOG (lattice-best-path[5.5]:main():lattice-best-path.cc:99) For utterance BAC009S0902W0334, best cost 67.055 + -218.607 = -151.552 over 388 frames.
LOG (lattice-best-path[5.5]:main():lattice-best-path.cc:99) For utterance BAC009S0902W0335, best cost 128.867 + -357.5 = -228.634 over 621 frames.
LOG (lattice-best-path[5.5]:main():lattice-best-path.cc:99) For utterance BAC009S0902W0336, best cost 89.5432 + -288.927 = -199.384 over 489 frames.
LOG (lattice-best-path[5.5]:main():lattice-best-path.cc:99) For utterance BAC009S0902W0337, best cost 56.2885 + -173.516 = -117.228 over 302 frames.
LOG (lattice-best-path[5.5]:main():lattice-best-path.cc:99) For utterance BAC009S0902W0338, best cost 113.098 + -311.255 = -198.156 over 513 frames.
LOG (lattice-best-path[5.5]:main():lattice-best-path.cc:99) For utterance BAC009S0902W0339, best cost 76.2659 + -198.306 = -122.04 over 331 frames.
LOG (lattice-best-path[5.5]:main():lattice-best-path.cc:99) For utterance BAC009S0902W0340, best cost 100.008 + -282.31 = -182.303 over 509 frames.
LOG (lattice-best-path[5.5]:main():lattice-best-path.cc:99) For utterance BAC009S0902W0341, best cost 58.9245 + -220.024 = -161.1 over 375 frames.
LOG (lattice-best-path[5.5]:main():lattice-best-path.cc:99) For utterance BAC009S0902W0342, best cost 115.503 + -271.623 = -156.12 over 462 frames.
LOG (lattice-best-path[5.5]:main():lattice-best-path.cc:99) For utterance BAC009S0902W0343, best cost 145.8 + -453.759 = -307.959 over 855 frames.
LOG (lattice-best-path[5.5]:main():lattice-best-path.cc:99) For utterance BAC009S0902W0344, best cost 108.881 + -411.473 = -302.592 over 664 frames.
LOG (lattice-best-path[5.5]:main():lattice-best-path.cc:99) For utterance BAC009S0902W0345, best cost 52.7722 + -183.683 = -130.911 over 312 frames.
LOG (lattice-best-path[5.5]:main():lattice-best-path.cc:99) For utterance BAC009S0902W0346, best cost 64.3818 + -211.836 = -147.454 over 395 frames.
LOG (lattice-best-path[5.5]:main():lattice-best-path.cc:99) For utterance BAC009S0902W0347, best cost 110.26 + -355.115 = -244.856 over 608 frames.
LOG (lattice-best-path[5.5]:main():lattice-best-path.cc:99) For utterance BAC009S0902W0348, best cost 73.2505 + -207.812 = -134.561 over 355 frames.
LOG (lattice-best-path[5.5]:main():lattice-best-path.cc:99) For utterance BAC009S0902W0349, best cost 108.803 + -276.963 = -168.16 over 509 frames.
LOG (lattice-best-path[5.5]:main():lattice-best-path.cc:99) For utterance BAC009S0902W0350, best cost 77.4986 + -185.829 = -108.33 over 310 frames.
LOG (lattice-best-path[5.5]:main():lattice-best-path.cc:99) For utterance BAC009S0902W0351, best cost 93.792 + -272.041 = -178.249 over 431 frames.
LOG (lattice-best-path[5.5]:main():lattice-best-path.cc:99) For utterance BAC009S0902W0352, best cost 79.236 + -221.241 = -142.005 over 362 frames.
LOG (lattice-best-path[5.5]:main():lattice-best-path.cc:99) For utterance BAC009S0902W0353, best cost 108.479 + -265.511 = -157.032 over 459 frames.
LOG (lattice-best-path[5.5]:main():lattice-best-path.cc:99) For utterance BAC009S0902W0354, best cost 50.8258 + -159.939 = -109.113 over 297 frames.
LOG (lattice-best-path[5.5]:main():lattice-best-path.cc:99) For utterance BAC009S0902W0355, best cost 79.9699 + -213.744 = -133.774 over 389 frames.
LOG (lattice-best-path[5.5]:main():lattice-best-path.cc:99) For utterance BAC009S0902W0356, best cost 117.244 + -320.039 = -202.795 over 533 frames.
LOG (lattice-best-path[5.5]:main():lattice-best-path.cc:99) For utterance BAC009S0902W0357, best cost 110.147 + -246.673 = -136.526 over 448 frames.
LOG (lattice-best-path[5.5]:main():lattice-best-path.cc:99) For utterance BAC009S0902W0358, best cost 58.6331 + -167.491 = -108.858 over 303 frames.
LOG (lattice-best-path[5.5]:main():lattice-best-path.cc:99) For utterance BAC009S0902W0359, best cost 120.177 + -322.902 = -202.725 over 549 frames.
LOG (lattice-best-path[5.5]:main():lattice-best-path.cc:99) For utterance BAC009S0902W0360, best cost 121.217 + -313.964 = -192.747 over 581 frames.
LOG (lattice-best-path[5.5]:main():lattice-best-path.cc:99) For utterance BAC009S0902W0361, best cost 134.045 + -327.795 = -193.751 over 575 frames.
LOG (lattice-best-path[5.5]:main():lattice-best-path.cc:99) For utterance BAC009S0902W0362, best cost 97.5938 + -227.633 = -130.04 over 410 frames.
LOG (lattice-best-path[5.5]:main():lattice-best-path.cc:99) For utterance BAC009S0902W0363, best cost 76.5172 + -186.944 = -110.427 over 314 frames.
LOG (lattice-best-path[5.5]:main():lattice-best-path.cc:99) For utterance BAC009S0902W0364, best cost 76.7865 + -223.048 = -146.262 over 379 frames.
LOG (lattice-best-path[5.5]:main():lattice-best-path.cc:99) For utterance BAC009S0902W0365, best cost 83.4202 + -222.423 = -139.003 over 425 frames.
LOG (lattice-best-path[5.5]:main():lattice-best-path.cc:99) For utterance BAC009S0902W0366, best cost 85.163 + -231.864 = -146.701 over 425 frames.
LOG (lattice-best-path[5.5]:main():lattice-best-path.cc:99) For utterance BAC009S0902W0367, best cost 71.878 + -177.095 = -105.217 over 320 frames.
LOG (lattice-best-path[5.5]:main():lattice-best-path.cc:99) For utterance BAC009S0902W0368, best cost 124.978 + -267.94 = -142.962 over 488 frames.
LOG (lattice-best-path[5.5]:main():lattice-best-path.cc:99) For utterance BAC009S0902W0369, best cost 118.408 + -281.367 = -162.959 over 504 frames.
LOG (lattice-best-path[5.5]:main():lattice-best-path.cc:99) For utterance BAC009S0902W0370, best cost 181.195 + -392.485 = -211.29 over 695 frames.
LOG (lattice-best-path[5.5]:main():lattice-best-path.cc:99) For utterance BAC009S0902W0371, best cost 200.522 + -498.212 = -297.69 over 883 frames.
LOG (lattice-best-path[5.5]:main():lattice-best-path.cc:99) For utterance BAC009S0902W0372, best cost 114.36 + -265.058 = -150.698 over 439 frames.
LOG (lattice-best-path[5.5]:main():lattice-best-path.cc:99) For utterance BAC009S0902W0373, best cost 90.3219 + -195.428 = -105.106 over 355 frames.
LOG (lattice-best-path[5.5]:main():lattice-best-path.cc:99) For utterance BAC009S0902W0374, best cost 83.7644 + -210.182 = -126.418 over 375 frames.
LOG (lattice-best-path[5.5]:main():lattice-best-path.cc:99) For utterance BAC009S0902W0375, best cost 142.767 + -343.387 = -200.62 over 609 frames.
LOG (lattice-best-path[5.5]:main():lattice-best-path.cc:99) For utterance BAC009S0902W0376, best cost 99.278 + -227.482 = -128.204 over 402 frames.
LOG (lattice-best-path[5.5]:main():lattice-best-path.cc:99) For utterance BAC009S0902W0377, best cost 90.3335 + -248.259 = -157.926 over 452 frames.
LOG (lattice-best-path[5.5]:main():lattice-best-path.cc:99) For utterance BAC009S0902W0378, best cost 84.8353 + -249.129 = -164.294 over 517 frames.
LOG (lattice-best-path[5.5]:main():lattice-best-path.cc:99) For utterance BAC009S0902W0379, best cost 77.964 + -170.538 = -92.5739 over 317 frames.
LOG (lattice-best-path[5.5]:main():lattice-best-path.cc:99) For utterance BAC009S0902W0380, best cost 132.041 + -264.903 = -132.862 over 465 frames.
LOG (lattice-best-path[5.5]:main():lattice-best-path.cc:99) For utterance BAC009S0902W0381, best cost 127.661 + -301.169 = -173.508 over 510 frames.
LOG (lattice-best-path[5.5]:main():lattice-best-path.cc:99) For utterance BAC009S0902W0382, best cost 63.839 + -160.767 = -96.9275 over 296 frames.
LOG (lattice-best-path[5.5]:main():lattice-best-path.cc:99) For utterance BAC009S0902W0383, best cost 85.1525 + -250.461 = -165.309 over 446 frames.
LOG (lattice-best-path[5.5]:main():lattice-best-path.cc:99) For utterance BAC009S0902W0384, best cost 132.272 + -343.37 = -211.098 over 587 frames.
LOG (lattice-best-path[5.5]:main():lattice-best-path.cc:99) For utterance BAC009S0902W0385, best cost 49.5503 + -142.908 = -93.3576 over 262 frames.
LOG (lattice-best-path[5.5]:main():lattice-best-path.cc:99) For utterance BAC009S0902W0386, best cost 76.8603 + -246.003 = -169.143 over 418 frames.
LOG (lattice-best-path[5.5]:main():lattice-best-path.cc:99) For utterance BAC009S0902W0387, best cost 110.156 + -334.193 = -224.037 over 603 frames.
LOG (lattice-best-path[5.5]:main():lattice-best-path.cc:99) For utterance BAC009S0902W0388, best cost 152.769 + -441.902 = -289.133 over 754 frames.
LOG (lattice-best-path[5.5]:main():lattice-best-path.cc:99) For utterance BAC009S0902W0389, best cost 80.2234 + -278.431 = -198.207 over 472 frames.
LOG (lattice-best-path[5.5]:main():lattice-best-path.cc:99) For utterance BAC009S0902W0390, best cost 81.486 + -275.88 = -194.395 over 487 frames.
LOG (lattice-best-path[5.5]:main():lattice-best-path.cc:99) For utterance BAC009S0902W0391, best cost 96.1198 + -353.141 = -257.021 over 582 frames.
LOG (lattice-best-path[5.5]:main():lattice-best-path.cc:99) For utterance BAC009S0902W0392, best cost 46.512 + -176.085 = -129.573 over 357 frames.
LOG (lattice-best-path[5.5]:main():lattice-best-path.cc:99) For utterance BAC009S0902W0393, best cost 106.879 + -301.567 = -194.688 over 524 frames.
LOG (lattice-best-path[5.5]:main():lattice-best-path.cc:99) For utterance BAC009S0902W0394, best cost 97.3471 + -265.305 = -167.957 over 545 frames.
LOG (lattice-best-path[5.5]:main():lattice-best-path.cc:99) For utterance BAC009S0902W0395, best cost 128.308 + -370.963 = -242.654 over 620 frames.
LOG (lattice-best-path[5.5]:main():lattice-best-path.cc:99) For utterance BAC009S0902W0396, best cost 74.7419 + -267.055 = -192.314 over 449 frames.
LOG (lattice-best-path[5.5]:main():lattice-best-path.cc:99) For utterance BAC009S0902W0397, best cost 82.0709 + -218.337 = -136.266 over 393 frames.
LOG (lattice-best-path[5.5]:main():lattice-best-path.cc:99) For utterance BAC009S0902W0398, best cost 70.9501 + -233.015 = -162.065 over 417 frames.
LOG (lattice-best-path[5.5]:main():lattice-best-path.cc:99) For utterance BAC009S0902W0399, best cost 72.7755 + -249.561 = -176.786 over 400 frames.
LOG (lattice-best-path[5.5]:main():lattice-best-path.cc:99) For utterance BAC009S0902W0400, best cost 70.4815 + -181.84 = -111.358 over 341 frames.
LOG (lattice-best-path[5.5]:main():lattice-best-path.cc:99) For utterance BAC009S0902W0401, best cost 52.5898 + -161.782 = -109.192 over 278 frames.
LOG (lattice-best-path[5.5]:main():lattice-best-path.cc:99) For utterance BAC009S0902W0402, best cost 106.349 + -288.862 = -182.514 over 559 frames.
LOG (lattice-best-path[5.5]:main():lattice-best-path.cc:99) For utterance BAC009S0902W0403, best cost 65.7711 + -165.21 = -99.4387 over 317 frames.
LOG (lattice-best-path[5.5]:main():lattice-best-path.cc:99) For utterance BAC009S0902W0404, best cost 81.7881 + -217.167 = -135.379 over 386 frames.
LOG (lattice-best-path[5.5]:main():lattice-best-path.cc:99) For utterance BAC009S0902W0405, best cost 57.3909 + -165.451 = -108.06 over 330 frames.
LOG (lattice-best-path[5.5]:main():lattice-best-path.cc:99) For utterance BAC009S0902W0406, best cost 81.3353 + -227.946 = -146.61 over 399 frames.
LOG (lattice-best-path[5.5]:main():lattice-best-path.cc:99) For utterance BAC009S0902W0407, best cost 150.291 + -363.578 = -213.287 over 675 frames.
LOG (lattice-best-path[5.5]:main():lattice-best-path.cc:99) For utterance BAC009S0902W0408, best cost 109.489 + -293.493 = -184.004 over 552 frames.
LOG (lattice-best-path[5.5]:main():lattice-best-path.cc:99) For utterance BAC009S0902W0409, best cost 37.9353 + -228.402 = -190.466 over 400 frames.
LOG (lattice-best-path[5.5]:main():lattice-best-path.cc:99) For utterance BAC009S0902W0410, best cost 151.251 + -416.925 = -265.673 over 733 frames.
LOG (lattice-best-path[5.5]:main():lattice-best-path.cc:99) For utterance BAC009S0902W0411, best cost 111.593 + -309.738 = -198.145 over 591 frames.
LOG (lattice-best-path[5.5]:main():lattice-best-path.cc:99) For utterance BAC009S0902W0412, best cost 148.712 + -337.136 = -188.424 over 596 frames.
LOG (lattice-best-path[5.5]:main():lattice-best-path.cc:99) For utterance BAC009S0902W0413, best cost 92.5429 + -217.497 = -124.954 over 390 frames.
LOG (lattice-best-path[5.5]:main():lattice-best-path.cc:99) For utterance BAC009S0902W0414, best cost 33.3856 + -161.274 = -127.888 over 280 frames.
LOG (lattice-best-path[5.5]:main():lattice-best-path.cc:99) For utterance BAC009S0902W0415, best cost 104.624 + -282.857 = -178.233 over 453 frames.
LOG (lattice-best-path[5.5]:main():lattice-best-path.cc:99) For utterance BAC009S0902W0416, best cost 76.4845 + -190.911 = -114.427 over 333 frames.
LOG (lattice-best-path[5.5]:main():lattice-best-path.cc:99) For utterance BAC009S0902W0417, best cost 83.2823 + -168.658 = -85.3762 over 305 frames.
LOG (lattice-best-path[5.5]:main():lattice-best-path.cc:99) For utterance BAC009S0902W0418, best cost 82.7513 + -184.045 = -101.294 over 316 frames.
LOG (lattice-best-path[5.5]:main():lattice-best-path.cc:99) For utterance BAC009S0902W0419, best cost 42.5279 + -111.217 = -68.6894 over 227 frames.
LOG (lattice-best-path[5.5]:main():lattice-best-path.cc:99) For utterance BAC009S0902W0420, best cost 50.1428 + -128.478 = -78.3357 over 242 frames.
LOG (lattice-best-path[5.5]:main():lattice-best-path.cc:99) For utterance BAC009S0902W0421, best cost 114.677 + -255.629 = -140.952 over 435 frames.
LOG (lattice-best-path[5.5]:main():lattice-best-path.cc:99) For utterance BAC009S0902W0422, best cost 44.5006 + -118.178 = -73.6778 over 237 frames.
LOG (lattice-best-path[5.5]:main():lattice-best-path.cc:99) For utterance BAC009S0902W0423, best cost 91.6925 + -255.04 = -163.347 over 425 frames.
LOG (lattice-best-path[5.5]:main():lattice-best-path.cc:99) For utterance BAC009S0902W0424, best cost 37.1544 + -206.994 = -169.839 over 353 frames.
LOG (lattice-best-path[5.5]:main():lattice-best-path.cc:99) For utterance BAC009S0902W0425, best cost 94.14 + -204.338 = -110.198 over 359 frames.
LOG (lattice-best-path[5.5]:main():lattice-best-path.cc:99) For utterance BAC009S0902W0426, best cost 67.2504 + -191.682 = -124.431 over 352 frames.
LOG (lattice-best-path[5.5]:main():lattice-best-path.cc:99) For utterance BAC009S0902W0427, best cost 41.3468 + -131.809 = -90.4619 over 241 frames.
LOG (lattice-best-path[5.5]:main():lattice-best-path.cc:99) For utterance BAC009S0902W0428, best cost 59.6695 + -156.289 = -96.6192 over 288 frames.
LOG (lattice-best-path[5.5]:main():lattice-best-path.cc:99) For utterance BAC009S0902W0429, best cost 146.746 + -385.051 = -238.305 over 636 frames.
LOG (lattice-best-path[5.5]:main():lattice-best-path.cc:99) For utterance BAC009S0902W0430, best cost 52.7593 + -286.154 = -233.395 over 460 frames.
LOG (lattice-best-path[5.5]:main():lattice-best-path.cc:99) For utterance BAC009S0902W0431, best cost 175.421 + -466.988 = -291.567 over 898 frames.
LOG (lattice-best-path[5.5]:main():lattice-best-path.cc:99) For utterance BAC009S0902W0432, best cost 145.95 + -382.441 = -236.491 over 673 frames.
LOG (lattice-best-path[5.5]:main():lattice-best-path.cc:99) For utterance BAC009S0902W0433, best cost 62.3685 + -190.417 = -128.049 over 390 frames.
LOG (lattice-best-path[5.5]:main():lattice-best-path.cc:99) For utterance BAC009S0902W0434, best cost 132.093 + -356.346 = -224.253 over 641 frames.
LOG (lattice-best-path[5.5]:main():lattice-best-path.cc:99) For utterance BAC009S0902W0435, best cost 112.184 + -314.008 = -201.824 over 533 frames.
LOG (lattice-best-path[5.5]:main():lattice-best-path.cc:99) For utterance BAC009S0902W0436, best cost 164.35 + -393.158 = -228.808 over 660 frames.
LOG (lattice-best-path[5.5]:main():lattice-best-path.cc:99) For utterance BAC009S0902W0437, best cost 119.797 + -286.159 = -166.362 over 541 frames.
LOG (lattice-best-path[5.5]:main():lattice-best-path.cc:99) For utterance BAC009S0902W0438, best cost 185.298 + -429.046 = -243.748 over 711 frames.
LOG (lattice-best-path[5.5]:main():lattice-best-path.cc:99) For utterance BAC009S0902W0439, best cost 122.71 + -411.731 = -289.021 over 719 frames.
LOG (lattice-best-path[5.5]:main():lattice-best-path.cc:99) For utterance BAC009S0902W0440, best cost 79.8645 + -199.858 = -119.994 over 347 frames.
LOG (lattice-best-path[5.5]:main():lattice-best-path.cc:99) For utterance BAC009S0902W0441, best cost 62.6908 + -167.02 = -104.329 over 294 frames.
LOG (lattice-best-path[5.5]:main():lattice-best-path.cc:99) For utterance BAC009S0902W0442, best cost 153.263 + -394.803 = -241.54 over 695 frames.
LOG (lattice-best-path[5.5]:main():lattice-best-path.cc:99) For utterance BAC009S0902W0443, best cost 61.7831 + -207.993 = -146.209 over 361 frames.
LOG (lattice-best-path[5.5]:main():lattice-best-path.cc:99) For utterance BAC009S0902W0444, best cost 97.1809 + -243.765 = -146.584 over 439 frames.
LOG (lattice-best-path[5.5]:main():lattice-best-path.cc:99) For utterance BAC009S0902W0445, best cost 73.3785 + -190.662 = -117.284 over 325 frames.
LOG (lattice-best-path[5.5]:main():lattice-best-path.cc:99) For utterance BAC009S0902W0446, best cost 101.383 + -303.348 = -201.964 over 535 frames.
LOG (lattice-best-path[5.5]:main():lattice-best-path.cc:99) For utterance BAC009S0902W0447, best cost 68.9408 + -193.051 = -124.111 over 319 frames.
LOG (lattice-best-path[5.5]:main():lattice-best-path.cc:99) For utterance BAC009S0902W0448, best cost 88.5267 + -227.713 = -139.186 over 408 frames.
LOG (lattice-best-path[5.5]:main():lattice-best-path.cc:99) For utterance BAC009S0902W0449, best cost 162.007 + -392.345 = -230.337 over 690 frames.
LOG (lattice-best-path[5.5]:main():lattice-best-path.cc:99) For utterance BAC009S0902W0450, best cost 147.901 + -294.147 = -146.246 over 510 frames.
LOG (lattice-best-path[5.5]:main():lattice-best-path.cc:99) For utterance BAC009S0902W0451, best cost 132.713 + -297.616 = -164.903 over 595 frames.
LOG (lattice-best-path[5.5]:main():lattice-best-path.cc:99) For utterance BAC009S0902W0452, best cost 124.686 + -365.354 = -240.667 over 752 frames.
LOG (lattice-best-path[5.5]:main():lattice-best-path.cc:99) For utterance BAC009S0902W0453, best cost 118.968 + -294.243 = -175.275 over 501 frames.
LOG (lattice-best-path[5.5]:main():lattice-best-path.cc:99) For utterance BAC009S0902W0454, best cost 114.108 + -353.32 = -239.211 over 637 frames.
LOG (lattice-best-path[5.5]:main():lattice-best-path.cc:99) For utterance BAC009S0902W0455, best cost 60.3775 + -174.46 = -114.082 over 315 frames.
LOG (lattice-best-path[5.5]:main():lattice-best-path.cc:99) For utterance BAC009S0902W0456, best cost 103.667 + -284.532 = -180.866 over 479 frames.
LOG (lattice-best-path[5.5]:main():lattice-best-path.cc:99) For utterance BAC009S0902W0457, best cost 99.4917 + -253.471 = -153.979 over 502 frames.
LOG (lattice-best-path[5.5]:main():lattice-best-path.cc:99) For utterance BAC009S0902W0458, best cost 53.7673 + -174.178 = -120.41 over 303 frames.
LOG (lattice-best-path[5.5]:main():lattice-best-path.cc:99) For utterance BAC009S0902W0459, best cost 116.474 + -311.436 = -194.962 over 590 frames.
LOG (lattice-best-path[5.5]:main():lattice-best-path.cc:99) For utterance BAC009S0902W0460, best cost 85.4663 + -233.3 = -147.834 over 386 frames.
LOG (lattice-best-path[5.5]:main():lattice-best-path.cc:99) For utterance BAC009S0902W0461, best cost 128.894 + -337.963 = -209.069 over 569 frames.
LOG (lattice-best-path[5.5]:main():lattice-best-path.cc:99) For utterance BAC009S0902W0462, best cost 116.384 + -249.939 = -133.555 over 451 frames.
LOG (lattice-best-path[5.5]:main():lattice-best-path.cc:99) For utterance BAC009S0902W0463, best cost 114.604 + -251.041 = -136.437 over 434 frames.
LOG (lattice-best-path[5.5]:main():lattice-best-path.cc:99) For utterance BAC009S0902W0464, best cost 123.002 + -430.759 = -307.757 over 806 frames.
LOG (lattice-best-path[5.5]:main():lattice-best-path.cc:99) For utterance BAC009S0902W0465, best cost 89.1196 + -229.655 = -140.535 over 441 frames.
LOG (lattice-best-path[5.5]:main():lattice-best-path.cc:99) For utterance BAC009S0902W0466, best cost 109.11 + -305.908 = -196.799 over 522 frames.
LOG (lattice-best-path[5.5]:main():lattice-best-path.cc:99) For utterance BAC009S0902W0467, best cost 115.047 + -232.476 = -117.428 over 381 frames.
LOG (lattice-best-path[5.5]:main():lattice-best-path.cc:99) For utterance BAC009S0902W0468, best cost 94.5706 + -262.88 = -168.31 over 454 frames.
LOG (lattice-best-path[5.5]:main():lattice-best-path.cc:99) For utterance BAC009S0902W0469, best cost 115.574 + -313.206 = -197.632 over 616 frames.
LOG (lattice-best-path[5.5]:main():lattice-best-path.cc:99) For utterance BAC009S0902W0470, best cost 95.0823 + -219.516 = -124.433 over 407 frames.
LOG (lattice-best-path[5.5]:main():lattice-best-path.cc:99) For utterance BAC009S0902W0471, best cost 108.637 + -254.052 = -145.415 over 438 frames.
LOG (lattice-best-path[5.5]:main():lattice-best-path.cc:99) For utterance BAC009S0902W0472, best cost 108.251 + -268.659 = -160.408 over 485 frames.
LOG (lattice-best-path[5.5]:main():lattice-best-path.cc:99) For utterance BAC009S0902W0473, best cost 153.306 + -384.681 = -231.376 over 716 frames.
LOG (lattice-best-path[5.5]:main():lattice-best-path.cc:99) For utterance BAC009S0902W0474, best cost 151.099 + -347.276 = -196.177 over 622 frames.
LOG (lattice-best-path[5.5]:main():lattice-best-path.cc:99) For utterance BAC009S0902W0475, best cost 72.1791 + -180.093 = -107.914 over 325 frames.
LOG (lattice-best-path[5.5]:main():lattice-best-path.cc:99) For utterance BAC009S0902W0476, best cost 95.7284 + -228.251 = -132.523 over 401 frames.
LOG (lattice-best-path[5.5]:main():lattice-best-path.cc:99) For utterance BAC009S0902W0477, best cost 71.3161 + -184.709 = -113.393 over 311 frames.
LOG (lattice-best-path[5.5]:main():lattice-best-path.cc:99) For utterance BAC009S0902W0478, best cost 92.4796 + -180.045 = -87.5658 over 321 frames.
LOG (lattice-best-path[5.5]:main():lattice-best-path.cc:99) For utterance BAC009S0902W0479, best cost 131.819 + -325.105 = -193.286 over 518 frames.
LOG (lattice-best-path[5.5]:main():lattice-best-path.cc:99) For utterance BAC009S0902W0480, best cost 139.768 + -378.905 = -239.136 over 603 frames.
LOG (lattice-best-path[5.5]:main():lattice-best-path.cc:99) For utterance BAC009S0902W0481, best cost 149.187 + -393.396 = -244.209 over 699 frames.
LOG (lattice-best-path[5.5]:main():lattice-best-path.cc:99) For utterance BAC009S0902W0482, best cost 98.0644 + -228.446 = -130.382 over 382 frames.
LOG (lattice-best-path[5.5]:main():lattice-best-path.cc:99) For utterance BAC009S0902W0483, best cost 73.3082 + -215.384 = -142.076 over 381 frames.
LOG (lattice-best-path[5.5]:main():lattice-best-path.cc:99) For utterance BAC009S0902W0484, best cost 182.248 + -497.174 = -314.925 over 877 frames.
LOG (lattice-best-path[5.5]:main():lattice-best-path.cc:99) For utterance BAC009S0902W0485, best cost 133.574 + -327.481 = -193.906 over 559 frames.
LOG (lattice-best-path[5.5]:main():lattice-best-path.cc:99) For utterance BAC009S0902W0486, best cost 85.9619 + -297.591 = -211.63 over 498 frames.
LOG (lattice-best-path[5.5]:main():lattice-best-path.cc:99) For utterance BAC009S0902W0487, best cost 124.823 + -280.384 = -155.561 over 519 frames.
LOG (lattice-best-path[5.5]:main():lattice-best-path.cc:99) For utterance BAC009S0902W0488, best cost 66.9055 + -294.916 = -228.01 over 545 frames.
LOG (lattice-best-path[5.5]:main():lattice-best-path.cc:99) For utterance BAC009S0902W0489, best cost 75.2071 + -162.476 = -87.2686 over 307 frames.
LOG (lattice-best-path[5.5]:main():lattice-best-path.cc:99) For utterance BAC009S0902W0490, best cost 64.1917 + -191.659 = -127.468 over 340 frames.
LOG (lattice-best-path[5.5]:main():lattice-best-path.cc:99) For utterance BAC009S0902W0491, best cost 73.9777 + -219.264 = -145.287 over 378 frames.
LOG (lattice-best-path[5.5]:main():lattice-best-path.cc:99) For utterance BAC009S0902W0492, best cost 149.818 + -347.667 = -197.848 over 575 frames.
LOG (lattice-best-path[5.5]:main():lattice-best-path.cc:99) For utterance BAC009S0902W0493, best cost 118.538 + -298.511 = -179.973 over 501 frames.
LOG (lattice-best-path[5.5]:main():lattice-best-path.cc:99) For utterance BAC009S0902W0494, best cost 132.025 + -334.116 = -202.091 over 615 frames.
LOG (lattice-depth-per-frame[5.5]:main():lattice-depth-per-frame.cc:82) Done 363 lattices.
LOG (lattice-best-path[5.5]:main():lattice-best-path.cc:99) For utterance BAC009S0902W0495, best cost 109.741 + -344.06 = -234.319 over 695 frames.
LOG (lattice-best-path[5.5]:main():lattice-best-path.cc:124) Overall cost per frame is -0.36736 = 0.200736 [graph] + -0.568097 [acoustic] over 170222 frames.
LOG (lattice-best-path[5.5]:main():lattice-best-path.cc:128) Done 363 lattices, failed for 0
# Accounting: time=3 threads=1
# Ended (code 0) at Sat Jun 18 23:01:55 CST 2022, elapsed time 3 seconds
